****                   ADMIXTURE Version 1.3.0                  ****
****                    Copyright 2008-2015                     ****
****           David Alexander, Suyash Shringarpure,            ****
****                John  Novembre, Ken Lange                   ****
****                                                            ****
****                 Please cite our paper!                     ****
****   Information at www.genetics.ucla.edu/software/admixture  ****

Cross-validation will be performed.  Folds=5.
Random seed: 25332
Point estimation method: Block relaxation algorithm
Convergence acceleration algorithm: QuasiNewton, 3 secant conditions
Point estimation will terminate when objective function delta < 0.0001
Estimation of standard errors disabled; will compute point estimates only.
Size of G: 260x6978
Performing five EM steps to prime main algorithm
1 (EM) 	Elapsed: 0.053	Loglikelihood: -1.82433e+06	(delta): 916267
2 (EM) 	Elapsed: 0.053	Loglikelihood: -1.76905e+06	(delta): 55277.8
3 (EM) 	Elapsed: 0.053	Loglikelihood: -1.75183e+06	(delta): 17225.8
4 (EM) 	Elapsed: 0.053	Loglikelihood: -1.73979e+06	(delta): 12041.4
5 (EM) 	Elapsed: 0.053	Loglikelihood: -1.72867e+06	(delta): 11112.6
Initial loglikelihood: -1.72867e+06
Starting main algorithm
1 (QN/Block) 	Elapsed: 0.104	Loglikelihood: -1.34207e+06	(delta): 386605
2 (QN/Block) 	Elapsed: 0.106	Loglikelihood: -1.22157e+06	(delta): 120503
3 (QN/Block) 	Elapsed: 0.122	Loglikelihood: -1.16344e+06	(delta): 58129.1
4 (QN/Block) 	Elapsed: 0.121	Loglikelihood: -1.14118e+06	(delta): 22259.3
5 (QN/Block) 	Elapsed: 0.144	Loglikelihood: -1.13582e+06	(delta): 5354.75
6 (QN/Block) 	Elapsed: 0.121	Loglikelihood: -1.13402e+06	(delta): 1798.71
7 (QN/Block) 	Elapsed: 0.121	Loglikelihood: -1.13337e+06	(delta): 649.449
8 (QN/Block) 	Elapsed: 0.144	Loglikelihood: -1.13307e+06	(delta): 299.563
9 (QN/Block) 	Elapsed: 0.128	Loglikelihood: -1.13301e+06	(delta): 65.7443
10 (QN/Block) 	Elapsed: 0.143	Loglikelihood: -1.13301e+06	(delta): 1.42503
11 (QN/Block) 	Elapsed: 0.12	Loglikelihood: -1.13301e+06	(delta): 0.104645
12 (QN/Block) 	Elapsed: 0.128	Loglikelihood: -1.13301e+06	(delta): 0.000573739
13 (QN/Block) 	Elapsed: 0.12	Loglikelihood: -1.13301e+06	(delta): 0.000132744
14 (QN/Block) 	Elapsed: 0.121	Loglikelihood: -1.13301e+06	(delta): 1.67312e-06
Summary: 
Converged in 14 iterations (2.19 sec)
Loglikelihood: -1133007.193910
Fst divergences between estimated populations: 
	Pop0	Pop1	Pop2	
Pop0	
Pop1	0.383	
Pop2	0.440	0.348	
Pop3	0.371	0.401	0.450	
CV error (K=4): 0.41152
Writing output files.
