****                   ADMIXTURE Version 1.3.0                  ****
****                    Copyright 2008-2015                     ****
****           David Alexander, Suyash Shringarpure,            ****
****                John  Novembre, Ken Lange                   ****
****                                                            ****
****                 Please cite our paper!                     ****
****   Information at www.genetics.ucla.edu/software/admixture  ****

Cross-validation will be performed.  Folds=5.
Random seed: 25332
Point estimation method: Block relaxation algorithm
Convergence acceleration algorithm: QuasiNewton, 3 secant conditions
Point estimation will terminate when objective function delta < 0.0001
Estimation of standard errors disabled; will compute point estimates only.
Size of G: 260x6978
Performing five EM steps to prime main algorithm
1 (EM) 	Elapsed: 0.093	Loglikelihood: -1.81662e+06	(delta): 806213
2 (EM) 	Elapsed: 0.091	Loglikelihood: -1.7635e+06	(delta): 53111.9
3 (EM) 	Elapsed: 0.091	Loglikelihood: -1.74824e+06	(delta): 15267
4 (EM) 	Elapsed: 0.091	Loglikelihood: -1.73604e+06	(delta): 12194.8
5 (EM) 	Elapsed: 0.091	Loglikelihood: -1.72301e+06	(delta): 13034.1
Initial loglikelihood: -1.72301e+06
Starting main algorithm
1 (QN/Block) 	Elapsed: 0.212	Loglikelihood: -1.1896e+06	(delta): 533412
2 (QN/Block) 	Elapsed: 0.213	Loglikelihood: -1.11234e+06	(delta): 77258
3 (QN/Block) 	Elapsed: 0.232	Loglikelihood: -1.08705e+06	(delta): 25289.3
4 (QN/Block) 	Elapsed: 0.232	Loglikelihood: -1.06845e+06	(delta): 18601.2
5 (QN/Block) 	Elapsed: 0.232	Loglikelihood: -1.06225e+06	(delta): 6197.11
6 (QN/Block) 	Elapsed: 0.231	Loglikelihood: -1.06025e+06	(delta): 1995.74
7 (QN/Block) 	Elapsed: 0.231	Loglikelihood: -1.05872e+06	(delta): 1529.46
8 (QN/Block) 	Elapsed: 0.232	Loglikelihood: -1.05202e+06	(delta): 6709.66
9 (QN/Block) 	Elapsed: 0.241	Loglikelihood: -1.04865e+06	(delta): 3369.95
10 (QN/Block) 	Elapsed: 0.231	Loglikelihood: -1.04739e+06	(delta): 1256.58
11 (QN/Block) 	Elapsed: 0.231	Loglikelihood: -1.0469e+06	(delta): 485.341
12 (QN/Block) 	Elapsed: 0.24	Loglikelihood: -1.04662e+06	(delta): 281.302
13 (QN/Block) 	Elapsed: 0.228	Loglikelihood: -1.0465e+06	(delta): 122.318
14 (QN/Block) 	Elapsed: 0.228	Loglikelihood: -1.04642e+06	(delta): 84.0953
15 (QN/Block) 	Elapsed: 0.228	Loglikelihood: -1.04638e+06	(delta): 30.7601
16 (QN/Block) 	Elapsed: 0.237	Loglikelihood: -1.04637e+06	(delta): 10.5979
17 (QN/Block) 	Elapsed: 0.228	Loglikelihood: -1.04637e+06	(delta): 1.62387
18 (QN/Block) 	Elapsed: 0.228	Loglikelihood: -1.04637e+06	(delta): 0.205405
19 (QN/Block) 	Elapsed: 0.228	Loglikelihood: -1.04637e+06	(delta): 0.0288719
20 (QN/Block) 	Elapsed: 0.228	Loglikelihood: -1.04637e+06	(delta): 0.030071
21 (QN/Block) 	Elapsed: 0.228	Loglikelihood: -1.04637e+06	(delta): 0.00427432
22 (QN/Block) 	Elapsed: 0.228	Loglikelihood: -1.04637e+06	(delta): 0.000140532
23 (QN/Block) 	Elapsed: 0.228	Loglikelihood: -1.04637e+06	(delta): 2.04064e-06
Summary: 
Converged in 23 iterations (6.044 sec)
Loglikelihood: -1046372.479553
Fst divergences between estimated populations: 
	Pop0	Pop1	Pop2	Pop3	Pop4	Pop5	
Pop0	
Pop1	0.365	
Pop2	0.260	0.236	
Pop3	0.380	0.495	0.397	
Pop4	0.368	0.479	0.380	0.371	
Pop5	0.183	0.511	0.415	0.518	0.510	
Pop6	0.101	0.446	0.348	0.454	0.444	0.141	
CV error (K=7): 0.37773
Writing output files.
