****                   ADMIXTURE Version 1.3.0                  ****
****                    Copyright 2008-2015                     ****
****           David Alexander, Suyash Shringarpure,            ****
****                John  Novembre, Ken Lange                   ****
****                                                            ****
****                 Please cite our paper!                     ****
****   Information at www.genetics.ucla.edu/software/admixture  ****

Cross-validation will be performed.  Folds=5.
Random seed: 25332
Point estimation method: Block relaxation algorithm
Convergence acceleration algorithm: QuasiNewton, 3 secant conditions
Point estimation will terminate when objective function delta < 0.0001
Estimation of standard errors disabled; will compute point estimates only.
Size of G: 260x6978
Performing five EM steps to prime main algorithm
1 (EM) 	Elapsed: 0.029	Loglikelihood: -1.80882e+06	(delta): 1.20854e+06
2 (EM) 	Elapsed: 0.028	Loglikelihood: -1.75773e+06	(delta): 51084.7
3 (EM) 	Elapsed: 0.028	Loglikelihood: -1.74334e+06	(delta): 14391.6
4 (EM) 	Elapsed: 0.028	Loglikelihood: -1.73594e+06	(delta): 7402.91
5 (EM) 	Elapsed: 0.028	Loglikelihood: -1.73157e+06	(delta): 4366.42
Initial loglikelihood: -1.73157e+06
Starting main algorithm
1 (QN/Block) 	Elapsed: 0.048	Loglikelihood: -1.61439e+06	(delta): 117184
2 (QN/Block) 	Elapsed: 0.048	Loglikelihood: -1.57829e+06	(delta): 36101.8
3 (QN/Block) 	Elapsed: 0.062	Loglikelihood: -1.54941e+06	(delta): 28872
4 (QN/Block) 	Elapsed: 0.083	Loglikelihood: -1.53506e+06	(delta): 14350.3
5 (QN/Block) 	Elapsed: 0.083	Loglikelihood: -1.51562e+06	(delta): 19438.9
6 (QN/Block) 	Elapsed: 0.083	Loglikelihood: -1.48838e+06	(delta): 27244.9
7 (QN/Block) 	Elapsed: 0.083	Loglikelihood: -1.47863e+06	(delta): 9747.93
8 (QN/Block) 	Elapsed: 0.062	Loglikelihood: -1.47689e+06	(delta): 1737.74
9 (QN/Block) 	Elapsed: 0.076	Loglikelihood: -1.47625e+06	(delta): 645.582
10 (QN/Block) 	Elapsed: 0.069	Loglikelihood: -1.47616e+06	(delta): 92.4569
11 (QN/Block) 	Elapsed: 0.062	Loglikelihood: -1.47614e+06	(delta): 16.2364
12 (QN/Block) 	Elapsed: 0.069	Loglikelihood: -1.47614e+06	(delta): 2.17037
13 (QN/Block) 	Elapsed: 0.062	Loglikelihood: -1.47614e+06	(delta): 0.643359
14 (QN/Block) 	Elapsed: 0.061	Loglikelihood: -1.47614e+06	(delta): 0.0798596
15 (QN/Block) 	Elapsed: 0.061	Loglikelihood: -1.47614e+06	(delta): 0.00223954
16 (QN/Block) 	Elapsed: 0.061	Loglikelihood: -1.47614e+06	(delta): 3.84615e-05
Summary: 
Converged in 16 iterations (1.391 sec)
Loglikelihood: -1476136.898781
Fst divergences between estimated populations: 
	Pop0	
Pop0	
Pop1	0.306	
CV error (K=2): 0.59880
Writing output files.
