****                   ADMIXTURE Version 1.3.0                  ****
****                    Copyright 2008-2015                     ****
****           David Alexander, Suyash Shringarpure,            ****
****                John  Novembre, Ken Lange                   ****
****                                                            ****
****                 Please cite our paper!                     ****
****   Information at www.genetics.ucla.edu/software/admixture  ****

Cross-validation will be performed.  Folds=5.
Random seed: 25332
Point estimation method: Block relaxation algorithm
Convergence acceleration algorithm: QuasiNewton, 3 secant conditions
Point estimation will terminate when objective function delta < 0.0001
Estimation of standard errors disabled; will compute point estimates only.
Size of G: 260x6978
Performing five EM steps to prime main algorithm
1 (EM) 	Elapsed: 0.119	Loglikelihood: -1.81239e+06	(delta): 777253
2 (EM) 	Elapsed: 0.118	Loglikelihood: -1.75717e+06	(delta): 55215.3
3 (EM) 	Elapsed: 0.118	Loglikelihood: -1.74012e+06	(delta): 17055.3
4 (EM) 	Elapsed: 0.118	Loglikelihood: -1.72422e+06	(delta): 15891.2
5 (EM) 	Elapsed: 0.118	Loglikelihood: -1.70471e+06	(delta): 19517.7
Initial loglikelihood: -1.70471e+06
Starting main algorithm
1 (QN/Block) 	Elapsed: 0.311	Loglikelihood: -1.17467e+06	(delta): 530034
2 (QN/Block) 	Elapsed: 0.31	Loglikelihood: -1.08496e+06	(delta): 89716.6
3 (QN/Block) 	Elapsed: 0.334	Loglikelihood: -1.05767e+06	(delta): 27285.3
4 (QN/Block) 	Elapsed: 0.345	Loglikelihood: -1.03978e+06	(delta): 17894.9
5 (QN/Block) 	Elapsed: 0.331	Loglikelihood: -1.03233e+06	(delta): 7450.58
6 (QN/Block) 	Elapsed: 0.33	Loglikelihood: -1.0281e+06	(delta): 4221.94
7 (QN/Block) 	Elapsed: 0.331	Loglikelihood: -1.0263e+06	(delta): 1808.22
8 (QN/Block) 	Elapsed: 0.329	Loglikelihood: -1.02534e+06	(delta): 957.689
9 (QN/Block) 	Elapsed: 0.331	Loglikelihood: -1.02496e+06	(delta): 377.906
10 (QN/Block) 	Elapsed: 0.329	Loglikelihood: -1.02475e+06	(delta): 205.823
11 (QN/Block) 	Elapsed: 0.329	Loglikelihood: -1.02462e+06	(delta): 133.867
12 (QN/Block) 	Elapsed: 0.33	Loglikelihood: -1.02446e+06	(delta): 164.649
13 (QN/Block) 	Elapsed: 0.33	Loglikelihood: -1.02435e+06	(delta): 110.124
14 (QN/Block) 	Elapsed: 0.34	Loglikelihood: -1.02428e+06	(delta): 64.0451
15 (QN/Block) 	Elapsed: 0.331	Loglikelihood: -1.02425e+06	(delta): 33.2674
16 (QN/Block) 	Elapsed: 0.34	Loglikelihood: -1.02421e+06	(delta): 38.9999
17 (QN/Block) 	Elapsed: 0.341	Loglikelihood: -1.02417e+06	(delta): 36.39
18 (QN/Block) 	Elapsed: 0.364	Loglikelihood: -1.02416e+06	(delta): 15.8612
19 (QN/Block) 	Elapsed: 0.362	Loglikelihood: -1.02415e+06	(delta): 8.75883
20 (QN/Block) 	Elapsed: 0.363	Loglikelihood: -1.02414e+06	(delta): 4.95552
21 (QN/Block) 	Elapsed: 0.364	Loglikelihood: -1.02414e+06	(delta): 2.2803
22 (QN/Block) 	Elapsed: 0.33	Loglikelihood: -1.02414e+06	(delta): 0.890962
23 (QN/Block) 	Elapsed: 0.361	Loglikelihood: -1.02414e+06	(delta): 0.290507
24 (QN/Block) 	Elapsed: 0.364	Loglikelihood: -1.02414e+06	(delta): 0.0789972
25 (QN/Block) 	Elapsed: 0.33	Loglikelihood: -1.02414e+06	(delta): 0.00613941
26 (QN/Block) 	Elapsed: 0.329	Loglikelihood: -1.02414e+06	(delta): 0.00230093
27 (QN/Block) 	Elapsed: 0.331	Loglikelihood: -1.02414e+06	(delta): 0.000123129
28 (QN/Block) 	Elapsed: 0.329	Loglikelihood: -1.02414e+06	(delta): 3.093e-05
Summary: 
Converged in 28 iterations (10.456 sec)
Loglikelihood: -1024139.379644
Fst divergences between estimated populations: 
	Pop0	Pop1	Pop2	Pop3	Pop4	Pop5	Pop6	Pop7	
Pop0	
Pop1	0.380	
Pop2	0.408	0.412	
Pop3	0.101	0.454	0.483	
Pop4	0.183	0.518	0.548	0.141	
Pop5	0.367	0.373	0.109	0.444	0.511	
Pop6	0.297	0.432	0.452	0.383	0.450	0.418	
Pop7	0.365	0.496	0.517	0.446	0.512	0.480	0.276	
Pop8	0.259	0.398	0.417	0.348	0.414	0.381	0.135	0.236	
CV error (K=9): 0.37566
Writing output files.
