****                   ADMIXTURE Version 1.3.0                  ****
****                    Copyright 2008-2015                     ****
****           David Alexander, Suyash Shringarpure,            ****
****                John  Novembre, Ken Lange                   ****
****                                                            ****
****                 Please cite our paper!                     ****
****   Information at www.genetics.ucla.edu/software/admixture  ****

Cross-validation will be performed.  Folds=5.
Random seed: 25332
Point estimation method: Block relaxation algorithm
Convergence acceleration algorithm: QuasiNewton, 3 secant conditions
Point estimation will terminate when objective function delta < 0.0001
Estimation of standard errors disabled; will compute point estimates only.
Size of G: 260x6978
Performing five EM steps to prime main algorithm
1 (EM) 	Elapsed: 0.041	Loglikelihood: -1.82222e+06	(delta): 1.00478e+06
2 (EM) 	Elapsed: 0.041	Loglikelihood: -1.76681e+06	(delta): 55405.5
3 (EM) 	Elapsed: 0.041	Loglikelihood: -1.74893e+06	(delta): 17879.6
4 (EM) 	Elapsed: 0.041	Loglikelihood: -1.73713e+06	(delta): 11796.7
5 (EM) 	Elapsed: 0.041	Loglikelihood: -1.72676e+06	(delta): 10375.8
Initial loglikelihood: -1.72676e+06
Starting main algorithm
1 (QN/Block) 	Elapsed: 0.073	Loglikelihood: -1.35648e+06	(delta): 370280
2 (QN/Block) 	Elapsed: 0.073	Loglikelihood: -1.29852e+06	(delta): 57959.2
3 (QN/Block) 	Elapsed: 0.088	Loglikelihood: -1.26752e+06	(delta): 31000.3
4 (QN/Block) 	Elapsed: 0.103	Loglikelihood: -1.24945e+06	(delta): 18069.3
5 (QN/Block) 	Elapsed: 0.11	Loglikelihood: -1.24625e+06	(delta): 3194.52
6 (QN/Block) 	Elapsed: 0.088	Loglikelihood: -1.24573e+06	(delta): 524.565
7 (QN/Block) 	Elapsed: 0.11	Loglikelihood: -1.24566e+06	(delta): 65.4433
8 (QN/Block) 	Elapsed: 0.088	Loglikelihood: -1.24566e+06	(delta): 5.41697
9 (QN/Block) 	Elapsed: 0.103	Loglikelihood: -1.24566e+06	(delta): 0.109769
10 (QN/Block) 	Elapsed: 0.095	Loglikelihood: -1.24566e+06	(delta): 0.00285328
11 (QN/Block) 	Elapsed: 0.088	Loglikelihood: -1.24566e+06	(delta): 0.000725819
12 (QN/Block) 	Elapsed: 0.087	Loglikelihood: -1.24566e+06	(delta): 3.59288e-05
Summary: 
Converged in 12 iterations (1.468 sec)
Loglikelihood: -1245658.864902
Fst divergences between estimated populations: 
	Pop0	Pop1	
Pop0	
Pop1	0.319	
Pop2	0.348	0.369	
CV error (K=3): 0.47170
Writing output files.
