****                   ADMIXTURE Version 1.3.0                  ****
****                    Copyright 2008-2015                     ****
****           David Alexander, Suyash Shringarpure,            ****
****                John  Novembre, Ken Lange                   ****
****                                                            ****
****                 Please cite our paper!                     ****
****   Information at www.genetics.ucla.edu/software/admixture  ****

Cross-validation will be performed.  Folds=5.
Random seed: 25332
Point estimation method: Block relaxation algorithm
Convergence acceleration algorithm: QuasiNewton, 3 secant conditions
Point estimation will terminate when objective function delta < 0.0001
Estimation of standard errors disabled; will compute point estimates only.
Size of G: 260x6978
Performing five EM steps to prime main algorithm
1 (EM) 	Elapsed: 0.067	Loglikelihood: -1.82437e+06	(delta): 868288
2 (EM) 	Elapsed: 0.066	Loglikelihood: -1.76897e+06	(delta): 55405.1
3 (EM) 	Elapsed: 0.066	Loglikelihood: -1.75215e+06	(delta): 16816
4 (EM) 	Elapsed: 0.066	Loglikelihood: -1.74015e+06	(delta): 11999.9
5 (EM) 	Elapsed: 0.066	Loglikelihood: -1.72875e+06	(delta): 11398.6
Initial loglikelihood: -1.72875e+06
Starting main algorithm
1 (QN/Block) 	Elapsed: 0.133	Loglikelihood: -1.25202e+06	(delta): 476733
2 (QN/Block) 	Elapsed: 0.131	Loglikelihood: -1.16742e+06	(delta): 84594.4
3 (QN/Block) 	Elapsed: 0.148	Loglikelihood: -1.12345e+06	(delta): 43977.2
4 (QN/Block) 	Elapsed: 0.148	Loglikelihood: -1.09237e+06	(delta): 31072.8
5 (QN/Block) 	Elapsed: 0.148	Loglikelihood: -1.08329e+06	(delta): 9083.5
6 (QN/Block) 	Elapsed: 0.157	Loglikelihood: -1.07995e+06	(delta): 3344.25
7 (QN/Block) 	Elapsed: 0.157	Loglikelihood: -1.07932e+06	(delta): 629.019
8 (QN/Block) 	Elapsed: 0.156	Loglikelihood: -1.0792e+06	(delta): 114.744
9 (QN/Block) 	Elapsed: 0.148	Loglikelihood: -1.07919e+06	(delta): 16.5775
10 (QN/Block) 	Elapsed: 0.172	Loglikelihood: -1.07918e+06	(delta): 2.16054
11 (QN/Block) 	Elapsed: 0.148	Loglikelihood: -1.07918e+06	(delta): 0.23183
12 (QN/Block) 	Elapsed: 0.148	Loglikelihood: -1.07918e+06	(delta): 0.0058507
13 (QN/Block) 	Elapsed: 0.148	Loglikelihood: -1.07918e+06	(delta): 0.000762466
14 (QN/Block) 	Elapsed: 0.148	Loglikelihood: -1.07918e+06	(delta): 0.00010694
15 (QN/Block) 	Elapsed: 0.148	Loglikelihood: -1.07918e+06	(delta): 5.7579e-06
Summary: 
Converged in 15 iterations (2.768 sec)
Loglikelihood: -1079184.231794
Fst divergences between estimated populations: 
	Pop0	Pop1	Pop2	Pop3	
Pop0	
Pop1	0.440	
Pop2	0.371	0.450	
Pop3	0.479	0.442	0.495	
Pop4	0.377	0.342	0.394	0.233	
CV error (K=5): 0.38592
Writing output files.
