****                   ADMIXTURE Version 1.3.0                  ****
****                    Copyright 2008-2015                     ****
****           David Alexander, Suyash Shringarpure,            ****
****                John  Novembre, Ken Lange                   ****
****                                                            ****
****                 Please cite our paper!                     ****
****   Information at www.genetics.ucla.edu/software/admixture  ****

Cross-validation will be performed.  Folds=5.
Random seed: 6792
Point estimation method: Block relaxation algorithm
Convergence acceleration algorithm: QuasiNewton, 3 secant conditions
Point estimation will terminate when objective function delta < 0.0001
Estimation of standard errors disabled; will compute point estimates only.
Size of G: 260x6978
Performing five EM steps to prime main algorithm
1 (EM) 	Elapsed: 0.029	Loglikelihood: -1.80842e+06	(delta): 1.20076e+06
2 (EM) 	Elapsed: 0.028	Loglikelihood: -1.75756e+06	(delta): 50859.1
3 (EM) 	Elapsed: 0.028	Loglikelihood: -1.74343e+06	(delta): 14124.7
4 (EM) 	Elapsed: 0.028	Loglikelihood: -1.73498e+06	(delta): 8456.57
5 (EM) 	Elapsed: 0.028	Loglikelihood: -1.72846e+06	(delta): 6510.94
Initial loglikelihood: -1.72846e+06
Starting main algorithm
1 (QN/Block) 	Elapsed: 0.048	Loglikelihood: -1.54525e+06	(delta): 183213
2 (QN/Block) 	Elapsed: 0.048	Loglikelihood: -1.5117e+06	(delta): 33555.2
3 (QN/Block) 	Elapsed: 0.083	Loglikelihood: -1.49182e+06	(delta): 19872.8
4 (QN/Block) 	Elapsed: 0.061	Loglikelihood: -1.47176e+06	(delta): 20064.3
5 (QN/Block) 	Elapsed: 0.082	Loglikelihood: -1.46259e+06	(delta): 9166.66
6 (QN/Block) 	Elapsed: 0.068	Loglikelihood: -1.46062e+06	(delta): 1969.09
7 (QN/Block) 	Elapsed: 0.068	Loglikelihood: -1.46031e+06	(delta): 311.418
8 (QN/Block) 	Elapsed: 0.061	Loglikelihood: -1.4602e+06	(delta): 114.474
9 (QN/Block) 	Elapsed: 0.061	Loglikelihood: -1.46018e+06	(delta): 20.1075
10 (QN/Block) 	Elapsed: 0.068	Loglikelihood: -1.46018e+06	(delta): 1.33646
11 (QN/Block) 	Elapsed: 0.068	Loglikelihood: -1.46018e+06	(delta): 0.00602951
12 (QN/Block) 	Elapsed: 0.068	Loglikelihood: -1.46018e+06	(delta): 0.000520394
13 (QN/Block) 	Elapsed: 0.081	Loglikelihood: -1.46018e+06	(delta): 5.38193e-05
Summary: 
Converged in 13 iterations (1.157 sec)
Loglikelihood: -1460175.396080
Fst divergences between estimated populations: 
	Pop0	
Pop0	
Pop1	0.271	
CV error (K=2): 0.59002
Writing output files.
