****                   ADMIXTURE Version 1.3.0                  ****
****                    Copyright 2008-2015                     ****
****           David Alexander, Suyash Shringarpure,            ****
****                John  Novembre, Ken Lange                   ****
****                                                            ****
****                 Please cite our paper!                     ****
****   Information at www.genetics.ucla.edu/software/admixture  ****

Cross-validation will be performed.  Folds=5.
Random seed: 6792
Point estimation method: Block relaxation algorithm
Convergence acceleration algorithm: QuasiNewton, 3 secant conditions
Point estimation will terminate when objective function delta < 0.0001
Estimation of standard errors disabled; will compute point estimates only.
Size of G: 260x6978
Performing five EM steps to prime main algorithm
1 (EM) 	Elapsed: 0.054	Loglikelihood: -1.82376e+06	(delta): 916580
2 (EM) 	Elapsed: 0.053	Loglikelihood: -1.76959e+06	(delta): 54171.2
3 (EM) 	Elapsed: 0.053	Loglikelihood: -1.75442e+06	(delta): 15167.1
4 (EM) 	Elapsed: 0.053	Loglikelihood: -1.74507e+06	(delta): 9355.95
5 (EM) 	Elapsed: 0.053	Loglikelihood: -1.73759e+06	(delta): 7474.29
Initial loglikelihood: -1.73759e+06
Starting main algorithm
1 (QN/Block) 	Elapsed: 0.104	Loglikelihood: -1.27612e+06	(delta): 461477
2 (QN/Block) 	Elapsed: 0.106	Loglikelihood: -1.19719e+06	(delta): 78928.1
3 (QN/Block) 	Elapsed: 0.122	Loglikelihood: -1.16201e+06	(delta): 35174.1
4 (QN/Block) 	Elapsed: 0.119	Loglikelihood: -1.1405e+06	(delta): 21513.1
5 (QN/Block) 	Elapsed: 0.141	Loglikelihood: -1.13446e+06	(delta): 6044.65
6 (QN/Block) 	Elapsed: 0.118	Loglikelihood: -1.13335e+06	(delta): 1104.38
7 (QN/Block) 	Elapsed: 0.118	Loglikelihood: -1.13306e+06	(delta): 293.411
8 (QN/Block) 	Elapsed: 0.141	Loglikelihood: -1.13301e+06	(delta): 46.0193
9 (QN/Block) 	Elapsed: 0.118	Loglikelihood: -1.13301e+06	(delta): 4.01916
10 (QN/Block) 	Elapsed: 0.118	Loglikelihood: -1.13301e+06	(delta): 0.097631
11 (QN/Block) 	Elapsed: 0.117	Loglikelihood: -1.13301e+06	(delta): 0.0195386
12 (QN/Block) 	Elapsed: 0.117	Loglikelihood: -1.13301e+06	(delta): 0.00576162
13 (QN/Block) 	Elapsed: 0.118	Loglikelihood: -1.13301e+06	(delta): 0.00377127
14 (QN/Block) 	Elapsed: 0.118	Loglikelihood: -1.13301e+06	(delta): 1.38499e-05
Summary: 
Converged in 14 iterations (2.121 sec)
Loglikelihood: -1133007.135955
Fst divergences between estimated populations: 
	Pop0	Pop1	Pop2	
Pop0	
Pop1	0.371	
Pop2	0.401	0.383	
Pop3	0.450	0.440	0.348	
CV error (K=4): 0.41134
Writing output files.
