****                   ADMIXTURE Version 1.3.0                  ****
****                    Copyright 2008-2015                     ****
****           David Alexander, Suyash Shringarpure,            ****
****                John  Novembre, Ken Lange                   ****
****                                                            ****
****                 Please cite our paper!                     ****
****   Information at www.genetics.ucla.edu/software/admixture  ****

Cross-validation will be performed.  Folds=5.
Random seed: 6792
Point estimation method: Block relaxation algorithm
Convergence acceleration algorithm: QuasiNewton, 3 secant conditions
Point estimation will terminate when objective function delta < 0.0001
Estimation of standard errors disabled; will compute point estimates only.
Size of G: 260x6978
Performing five EM steps to prime main algorithm
1 (EM) 	Elapsed: 0.079	Loglikelihood: -1.81972e+06	(delta): 831510
2 (EM) 	Elapsed: 0.077	Loglikelihood: -1.765e+06	(delta): 54723.6
3 (EM) 	Elapsed: 0.078	Loglikelihood: -1.74848e+06	(delta): 16515.9
4 (EM) 	Elapsed: 0.077	Loglikelihood: -1.73527e+06	(delta): 13206.5
5 (EM) 	Elapsed: 0.077	Loglikelihood: -1.72118e+06	(delta): 14094.4
Initial loglikelihood: -1.72118e+06
Starting main algorithm
1 (QN/Block) 	Elapsed: 0.168	Loglikelihood: -1.26738e+06	(delta): 453801
2 (QN/Block) 	Elapsed: 0.17	Loglikelihood: -1.15486e+06	(delta): 112513
3 (QN/Block) 	Elapsed: 0.188	Loglikelihood: -1.10092e+06	(delta): 53946.2
4 (QN/Block) 	Elapsed: 0.188	Loglikelihood: -1.07082e+06	(delta): 30103.5
5 (QN/Block) 	Elapsed: 0.196	Loglikelihood: -1.06294e+06	(delta): 7871.99
6 (QN/Block) 	Elapsed: 0.187	Loglikelihood: -1.06118e+06	(delta): 1764.64
7 (QN/Block) 	Elapsed: 0.186	Loglikelihood: -1.06098e+06	(delta): 196.031
8 (QN/Block) 	Elapsed: 0.186	Loglikelihood: -1.06091e+06	(delta): 76.1182
9 (QN/Block) 	Elapsed: 0.194	Loglikelihood: -1.06087e+06	(delta): 31.7271
10 (QN/Block) 	Elapsed: 0.204	Loglikelihood: -1.06087e+06	(delta): 1.78336
11 (QN/Block) 	Elapsed: 0.186	Loglikelihood: -1.06087e+06	(delta): 0.220492
12 (QN/Block) 	Elapsed: 0.186	Loglikelihood: -1.06087e+06	(delta): 0.0299153
13 (QN/Block) 	Elapsed: 0.186	Loglikelihood: -1.06087e+06	(delta): 0.00371018
14 (QN/Block) 	Elapsed: 0.186	Loglikelihood: -1.06087e+06	(delta): 0.000680864
15 (QN/Block) 	Elapsed: 0.187	Loglikelihood: -1.06087e+06	(delta): 7.32401e-05
Summary: 
Converged in 15 iterations (3.399 sec)
Loglikelihood: -1060872.484465
Fst divergences between estimated populations: 
	Pop0	Pop1	Pop2	Pop3	Pop4	
Pop0	
Pop1	0.451	
Pop2	0.443	0.496	
Pop3	0.441	0.371	0.479	
Pop4	0.381	0.432	0.276	0.417	
Pop5	0.344	0.395	0.235	0.376	0.136	
CV error (K=6): 0.38139
Writing output files.
