****                   ADMIXTURE Version 1.3.0                  ****
****                    Copyright 2008-2015                     ****
****           David Alexander, Suyash Shringarpure,            ****
****                John  Novembre, Ken Lange                   ****
****                                                            ****
****                 Please cite our paper!                     ****
****   Information at www.genetics.ucla.edu/software/admixture  ****

Cross-validation will be performed.  Folds=5.
Random seed: 6792
Point estimation method: Block relaxation algorithm
Convergence acceleration algorithm: QuasiNewton, 3 secant conditions
Point estimation will terminate when objective function delta < 0.0001
Estimation of standard errors disabled; will compute point estimates only.
Size of G: 260x6978
Performing five EM steps to prime main algorithm
1 (EM) 	Elapsed: 0.095	Loglikelihood: -1.81662e+06	(delta): 807707
2 (EM) 	Elapsed: 0.091	Loglikelihood: -1.7608e+06	(delta): 55819.7
3 (EM) 	Elapsed: 0.091	Loglikelihood: -1.74274e+06	(delta): 18055.3
4 (EM) 	Elapsed: 0.091	Loglikelihood: -1.72661e+06	(delta): 16135.2
5 (EM) 	Elapsed: 0.091	Loglikelihood: -1.70762e+06	(delta): 18983.9
Initial loglikelihood: -1.70762e+06
Starting main algorithm
1 (QN/Block) 	Elapsed: 0.211	Loglikelihood: -1.20312e+06	(delta): 504500
2 (QN/Block) 	Elapsed: 0.213	Loglikelihood: -1.12947e+06	(delta): 73657
3 (QN/Block) 	Elapsed: 0.233	Loglikelihood: -1.10092e+06	(delta): 28544.5
4 (QN/Block) 	Elapsed: 0.232	Loglikelihood: -1.07772e+06	(delta): 23203.3
5 (QN/Block) 	Elapsed: 0.231	Loglikelihood: -1.06463e+06	(delta): 13088.5
6 (QN/Block) 	Elapsed: 0.239	Loglikelihood: -1.06108e+06	(delta): 3549.26
7 (QN/Block) 	Elapsed: 0.238	Loglikelihood: -1.05933e+06	(delta): 1754.06
8 (QN/Block) 	Elapsed: 0.238	Loglikelihood: -1.05783e+06	(delta): 1493.76
9 (QN/Block) 	Elapsed: 0.258	Loglikelihood: -1.0567e+06	(delta): 1138.15
10 (QN/Block) 	Elapsed: 0.257	Loglikelihood: -1.05416e+06	(delta): 2536.78
11 (QN/Block) 	Elapsed: 0.257	Loglikelihood: -1.04734e+06	(delta): 6816.87
12 (QN/Block) 	Elapsed: 0.257	Loglikelihood: -1.04454e+06	(delta): 2804.64
13 (QN/Block) 	Elapsed: 0.228	Loglikelihood: -1.04321e+06	(delta): 1331.35
14 (QN/Block) 	Elapsed: 0.238	Loglikelihood: -1.04264e+06	(delta): 562.734
15 (QN/Block) 	Elapsed: 0.237	Loglikelihood: -1.04246e+06	(delta): 186.67
16 (QN/Block) 	Elapsed: 0.237	Loglikelihood: -1.04238e+06	(delta): 75.3076
17 (QN/Block) 	Elapsed: 0.227	Loglikelihood: -1.04237e+06	(delta): 13.2824
18 (QN/Block) 	Elapsed: 0.228	Loglikelihood: -1.04237e+06	(delta): 0.855583
19 (QN/Block) 	Elapsed: 0.228	Loglikelihood: -1.04237e+06	(delta): 0.0876514
20 (QN/Block) 	Elapsed: 0.227	Loglikelihood: -1.04237e+06	(delta): 0.00832892
21 (QN/Block) 	Elapsed: 0.228	Loglikelihood: -1.04237e+06	(delta): 0.000525339
22 (QN/Block) 	Elapsed: 0.227	Loglikelihood: -1.04237e+06	(delta): 2.81783e-05
Summary: 
Converged in 22 iterations (5.93 sec)
Loglikelihood: -1042367.137967
Fst divergences between estimated populations: 
	Pop0	Pop1	Pop2	Pop3	Pop4	Pop5	
Pop0	
Pop1	0.259	
Pop2	0.100	0.351	
Pop3	0.380	0.398	0.457	
Pop4	0.365	0.236	0.449	0.496	
Pop5	0.298	0.135	0.386	0.432	0.276	
Pop6	0.368	0.380	0.447	0.371	0.479	0.417	
CV error (K=7): 0.37748
Writing output files.
