****                   ADMIXTURE Version 1.3.0                  ****
****                    Copyright 2008-2015                     ****
****           David Alexander, Suyash Shringarpure,            ****
****                John  Novembre, Ken Lange                   ****
****                                                            ****
****                 Please cite our paper!                     ****
****   Information at www.genetics.ucla.edu/software/admixture  ****

Cross-validation will be performed.  Folds=5.
Random seed: 6792
Point estimation method: Block relaxation algorithm
Convergence acceleration algorithm: QuasiNewton, 3 secant conditions
Point estimation will terminate when objective function delta < 0.0001
Estimation of standard errors disabled; will compute point estimates only.
Size of G: 260x6978
Performing five EM steps to prime main algorithm
1 (EM) 	Elapsed: 0.067	Loglikelihood: -1.82417e+06	(delta): 864750
2 (EM) 	Elapsed: 0.066	Loglikelihood: -1.76963e+06	(delta): 54535.5
3 (EM) 	Elapsed: 0.066	Loglikelihood: -1.75424e+06	(delta): 15389.5
4 (EM) 	Elapsed: 0.066	Loglikelihood: -1.74374e+06	(delta): 10500.6
5 (EM) 	Elapsed: 0.065	Loglikelihood: -1.73431e+06	(delta): 9434.48
Initial loglikelihood: -1.73431e+06
Starting main algorithm
1 (QN/Block) 	Elapsed: 0.13	Loglikelihood: -1.274e+06	(delta): 460313
2 (QN/Block) 	Elapsed: 0.131	Loglikelihood: -1.19876e+06	(delta): 75235.6
3 (QN/Block) 	Elapsed: 0.173	Loglikelihood: -1.13079e+06	(delta): 67966.1
4 (QN/Block) 	Elapsed: 0.156	Loglikelihood: -1.09052e+06	(delta): 40275.7
5 (QN/Block) 	Elapsed: 0.148	Loglikelihood: -1.08121e+06	(delta): 9310.99
6 (QN/Block) 	Elapsed: 0.165	Loglikelihood: -1.07975e+06	(delta): 1457.89
7 (QN/Block) 	Elapsed: 0.148	Loglikelihood: -1.07935e+06	(delta): 403.468
8 (QN/Block) 	Elapsed: 0.148	Loglikelihood: -1.07923e+06	(delta): 111.065
9 (QN/Block) 	Elapsed: 0.148	Loglikelihood: -1.07919e+06	(delta): 46.0458
10 (QN/Block) 	Elapsed: 0.156	Loglikelihood: -1.07918e+06	(delta): 4.09163
11 (QN/Block) 	Elapsed: 0.148	Loglikelihood: -1.07918e+06	(delta): 0.177919
12 (QN/Block) 	Elapsed: 0.148	Loglikelihood: -1.07918e+06	(delta): 0.0588185
13 (QN/Block) 	Elapsed: 0.148	Loglikelihood: -1.07918e+06	(delta): 0.012746
14 (QN/Block) 	Elapsed: 0.148	Loglikelihood: -1.07918e+06	(delta): 0.00720405
15 (QN/Block) 	Elapsed: 0.148	Loglikelihood: -1.07918e+06	(delta): 0.000108916
16 (QN/Block) 	Elapsed: 0.148	Loglikelihood: -1.07918e+06	(delta): 2.55741e-06
Summary: 
Converged in 16 iterations (2.93 sec)
Loglikelihood: -1079184.223332
Fst divergences between estimated populations: 
	Pop0	Pop1	Pop2	Pop3	
Pop0	
Pop1	0.342	
Pop2	0.233	0.442	
Pop3	0.377	0.440	0.479	
Pop4	0.394	0.450	0.495	0.371	
CV error (K=5): 0.38598
Writing output files.
