****                   ADMIXTURE Version 1.3.0                  ****
****                    Copyright 2008-2015                     ****
****           David Alexander, Suyash Shringarpure,            ****
****                John  Novembre, Ken Lange                   ****
****                                                            ****
****                 Please cite our paper!                     ****
****   Information at www.genetics.ucla.edu/software/admixture  ****

Cross-validation will be performed.  Folds=5.
Random seed: 6792
Point estimation method: Block relaxation algorithm
Convergence acceleration algorithm: QuasiNewton, 3 secant conditions
Point estimation will terminate when objective function delta < 0.0001
Estimation of standard errors disabled; will compute point estimates only.
Size of G: 260x6978
Performing five EM steps to prime main algorithm
1 (EM) 	Elapsed: 0.137	Loglikelihood: -1.81064e+06	(delta): 768507
2 (EM) 	Elapsed: 0.135	Loglikelihood: -1.75577e+06	(delta): 54871.9
3 (EM) 	Elapsed: 0.135	Loglikelihood: -1.74105e+06	(delta): 14723.5
4 (EM) 	Elapsed: 0.134	Loglikelihood: -1.72864e+06	(delta): 12404.7
5 (EM) 	Elapsed: 0.134	Loglikelihood: -1.71437e+06	(delta): 14269.6
Initial loglikelihood: -1.71437e+06
Starting main algorithm
1 (QN/Block) 	Elapsed: 0.368	Loglikelihood: -1.14741e+06	(delta): 566961
2 (QN/Block) 	Elapsed: 0.37	Loglikelihood: -1.07165e+06	(delta): 75768
3 (QN/Block) 	Elapsed: 0.394	Loglikelihood: -1.04715e+06	(delta): 24493.9
4 (QN/Block) 	Elapsed: 0.391	Loglikelihood: -1.03336e+06	(delta): 13794.4
5 (QN/Block) 	Elapsed: 0.402	Loglikelihood: -1.026e+06	(delta): 7355.6
6 (QN/Block) 	Elapsed: 0.389	Loglikelihood: -1.02219e+06	(delta): 3810.02
7 (QN/Block) 	Elapsed: 0.4	Loglikelihood: -1.0206e+06	(delta): 1596.31
8 (QN/Block) 	Elapsed: 0.399	Loglikelihood: -1.02004e+06	(delta): 556.066
9 (QN/Block) 	Elapsed: 0.387	Loglikelihood: -1.0198e+06	(delta): 237.731
10 (QN/Block) 	Elapsed: 0.388	Loglikelihood: -1.01963e+06	(delta): 173.126
11 (QN/Block) 	Elapsed: 0.388	Loglikelihood: -1.01947e+06	(delta): 159.037
12 (QN/Block) 	Elapsed: 0.409	Loglikelihood: -1.01936e+06	(delta): 105.748
13 (QN/Block) 	Elapsed: 0.387	Loglikelihood: -1.01931e+06	(delta): 54.9932
14 (QN/Block) 	Elapsed: 0.387	Loglikelihood: -1.01928e+06	(delta): 27.1839
15 (QN/Block) 	Elapsed: 0.388	Loglikelihood: -1.01926e+06	(delta): 19.3735
16 (QN/Block) 	Elapsed: 0.388	Loglikelihood: -1.01925e+06	(delta): 12.8207
17 (QN/Block) 	Elapsed: 0.421	Loglikelihood: -1.01925e+06	(delta): 4.17507
18 (QN/Block) 	Elapsed: 0.388	Loglikelihood: -1.01924e+06	(delta): 5.6558
19 (QN/Block) 	Elapsed: 0.387	Loglikelihood: -1.01924e+06	(delta): 2.35626
20 (QN/Block) 	Elapsed: 0.398	Loglikelihood: -1.01923e+06	(delta): 3.52807
21 (QN/Block) 	Elapsed: 0.421	Loglikelihood: -1.01923e+06	(delta): -0.995371
22 (QN/Block) 	Elapsed: 0.389	Loglikelihood: -1.01922e+06	(delta): 15.0644
23 (QN/Block) 	Elapsed: 0.386	Loglikelihood: -1.01921e+06	(delta): 5.46347
24 (QN/Block) 	Elapsed: 0.41	Loglikelihood: -1.01921e+06	(delta): 2.74534
25 (QN/Block) 	Elapsed: 0.421	Loglikelihood: -1.01921e+06	(delta): 2.44719
26 (QN/Block) 	Elapsed: 0.411	Loglikelihood: -1.01921e+06	(delta): 1.42664
27 (QN/Block) 	Elapsed: 0.421	Loglikelihood: -1.01921e+06	(delta): 2.12673
28 (QN/Block) 	Elapsed: 0.421	Loglikelihood: -1.0192e+06	(delta): 3.01993
29 (QN/Block) 	Elapsed: 0.398	Loglikelihood: -1.0192e+06	(delta): 1.50266
30 (QN/Block) 	Elapsed: 0.387	Loglikelihood: -1.0192e+06	(delta): 1.57043
31 (QN/Block) 	Elapsed: 0.387	Loglikelihood: -1.0192e+06	(delta): 2.68813
32 (QN/Block) 	Elapsed: 0.397	Loglikelihood: -1.0192e+06	(delta): -0.0851538
33 (QN/Block) 	Elapsed: 0.387	Loglikelihood: -1.01919e+06	(delta): 3.66771
34 (QN/Block) 	Elapsed: 0.387	Loglikelihood: -1.01919e+06	(delta): 6.12041
35 (QN/Block) 	Elapsed: 0.399	Loglikelihood: -1.01918e+06	(delta): 2.74753
36 (QN/Block) 	Elapsed: 0.398	Loglikelihood: -1.01918e+06	(delta): 2.13882
37 (QN/Block) 	Elapsed: 0.387	Loglikelihood: -1.01918e+06	(delta): 5.30954
38 (QN/Block) 	Elapsed: 0.389	Loglikelihood: -1.01917e+06	(delta): 6.96714
39 (QN/Block) 	Elapsed: 0.398	Loglikelihood: -1.01916e+06	(delta): 7.51143
40 (QN/Block) 	Elapsed: 0.387	Loglikelihood: -1.01916e+06	(delta): 3.04872
41 (QN/Block) 	Elapsed: 0.388	Loglikelihood: -1.01916e+06	(delta): 2.78777
42 (QN/Block) 	Elapsed: 0.422	Loglikelihood: -1.01915e+06	(delta): 2.67279
43 (QN/Block) 	Elapsed: 0.423	Loglikelihood: -1.01915e+06	(delta): 0.487018
44 (QN/Block) 	Elapsed: 0.422	Loglikelihood: -1.01915e+06	(delta): 0.577382
45 (QN/Block) 	Elapsed: 0.422	Loglikelihood: -1.01915e+06	(delta): 0.271616
46 (QN/Block) 	Elapsed: 0.4	Loglikelihood: -1.01915e+06	(delta): 0.674563
47 (QN/Block) 	Elapsed: 0.398	Loglikelihood: -1.01915e+06	(delta): 0.538508
48 (QN/Block) 	Elapsed: 0.4	Loglikelihood: -1.01915e+06	(delta): 0.616206
49 (QN/Block) 	Elapsed: 0.388	Loglikelihood: -1.01915e+06	(delta): 0.851677
50 (QN/Block) 	Elapsed: 0.422	Loglikelihood: -1.01915e+06	(delta): 0.554756
51 (QN/Block) 	Elapsed: 0.422	Loglikelihood: -1.01915e+06	(delta): 0.733038
52 (QN/Block) 	Elapsed: 0.421	Loglikelihood: -1.01915e+06	(delta): 0.717409
53 (QN/Block) 	Elapsed: 0.423	Loglikelihood: -1.01915e+06	(delta): 0.581241
54 (QN/Block) 	Elapsed: 0.42	Loglikelihood: -1.01915e+06	(delta): 0.537049
55 (QN/Block) 	Elapsed: 0.421	Loglikelihood: -1.01915e+06	(delta): 0.364192
56 (QN/Block) 	Elapsed: 0.423	Loglikelihood: -1.01915e+06	(delta): 0.213291
57 (QN/Block) 	Elapsed: 0.388	Loglikelihood: -1.01915e+06	(delta): 0.119184
58 (QN/Block) 	Elapsed: 0.387	Loglikelihood: -1.01915e+06	(delta): 0.0137235
59 (QN/Block) 	Elapsed: 0.387	Loglikelihood: -1.01915e+06	(delta): 0.00211875
60 (QN/Block) 	Elapsed: 0.387	Loglikelihood: -1.01915e+06	(delta): 0.000529072
61 (QN/Block) 	Elapsed: 0.386	Loglikelihood: -1.01915e+06	(delta): 0.000192107
62 (QN/Block) 	Elapsed: 0.387	Loglikelihood: -1.01915e+06	(delta): 0.000182444
63 (QN/Block) 	Elapsed: 0.388	Loglikelihood: -1.01915e+06	(delta): 0.000266567
64 (QN/Block) 	Elapsed: 0.388	Loglikelihood: -1.01915e+06	(delta): 0.000270186
65 (QN/Block) 	Elapsed: 0.421	Loglikelihood: -1.01915e+06	(delta): 0.000165904
66 (QN/Block) 	Elapsed: 0.421	Loglikelihood: -1.01915e+06	(delta): 0.00252626
67 (QN/Block) 	Elapsed: 0.423	Loglikelihood: -1.01915e+06	(delta): 0.112646
68 (QN/Block) 	Elapsed: 0.423	Loglikelihood: -1.01915e+06	(delta): 0.146358
69 (QN/Block) 	Elapsed: 0.387	Loglikelihood: -1.01915e+06	(delta): 0.0311822
70 (QN/Block) 	Elapsed: 0.387	Loglikelihood: -1.01915e+06	(delta): 0.0523923
71 (QN/Block) 	Elapsed: 0.388	Loglikelihood: -1.01915e+06	(delta): 0.0707252
72 (QN/Block) 	Elapsed: 0.41	Loglikelihood: -1.01915e+06	(delta): 0.0630453
73 (QN/Block) 	Elapsed: 0.386	Loglikelihood: -1.01915e+06	(delta): 0.040932
74 (QN/Block) 	Elapsed: 0.422	Loglikelihood: -1.01915e+06	(delta): 0.0131682
75 (QN/Block) 	Elapsed: 0.386	Loglikelihood: -1.01915e+06	(delta): 0.000956785
76 (QN/Block) 	Elapsed: 0.388	Loglikelihood: -1.01915e+06	(delta): 0.000243899
77 (QN/Block) 	Elapsed: 0.386	Loglikelihood: -1.01915e+06	(delta): 0.000230121
78 (QN/Block) 	Elapsed: 0.388	Loglikelihood: -1.01915e+06	(delta): 2.36757e-05
Summary: 
Converged in 78 iterations (32.848 sec)
Loglikelihood: -1019145.215982
Fst divergences between estimated populations: 
	Pop0	Pop1	Pop2	Pop3	Pop4	Pop5	Pop6	Pop7	Pop8	
Pop0	
Pop1	0.524	
Pop2	0.379	0.510	
Pop3	0.453	0.463	0.428	
Pop4	0.388	0.183	0.368	0.311	
Pop5	0.461	0.141	0.444	0.397	0.101	
Pop6	0.440	0.451	0.417	0.195	0.298	0.383	
Pop7	0.503	0.512	0.480	0.293	0.365	0.446	0.277	
Pop8	0.408	0.418	0.383	0.136	0.261	0.350	0.136	0.241	
Pop9	0.053	0.524	0.377	0.449	0.384	0.460	0.437	0.500	0.405	
CV error (K=10): 0.38302
Writing output files.
