****                   ADMIXTURE Version 1.3.0                  ****
****                    Copyright 2008-2015                     ****
****           David Alexander, Suyash Shringarpure,            ****
****                John  Novembre, Ken Lange                   ****
****                                                            ****
****                 Please cite our paper!                     ****
****   Information at www.genetics.ucla.edu/software/admixture  ****

Cross-validation will be performed.  Folds=5.
Random seed: 6792
Point estimation method: Block relaxation algorithm
Convergence acceleration algorithm: QuasiNewton, 3 secant conditions
Point estimation will terminate when objective function delta < 0.0001
Estimation of standard errors disabled; will compute point estimates only.
Size of G: 260x6978
Performing five EM steps to prime main algorithm
1 (EM) 	Elapsed: 0.119	Loglikelihood: -1.81418e+06	(delta): 779361
2 (EM) 	Elapsed: 0.118	Loglikelihood: -1.75968e+06	(delta): 54500.1
3 (EM) 	Elapsed: 0.118	Loglikelihood: -1.74571e+06	(delta): 13963.1
4 (EM) 	Elapsed: 0.118	Loglikelihood: -1.73472e+06	(delta): 10994.2
5 (EM) 	Elapsed: 0.119	Loglikelihood: -1.72256e+06	(delta): 12156.3
Initial loglikelihood: -1.72256e+06
Starting main algorithm
1 (QN/Block) 	Elapsed: 0.312	Loglikelihood: -1.15041e+06	(delta): 572154
2 (QN/Block) 	Elapsed: 0.313	Loglikelihood: -1.08241e+06	(delta): 67996
3 (QN/Block) 	Elapsed: 0.335	Loglikelihood: -1.05614e+06	(delta): 26271.4
4 (QN/Block) 	Elapsed: 0.333	Loglikelihood: -1.03599e+06	(delta): 20148.3
5 (QN/Block) 	Elapsed: 0.343	Loglikelihood: -1.02946e+06	(delta): 6536.14
6 (QN/Block) 	Elapsed: 0.341	Loglikelihood: -1.02692e+06	(delta): 2540.29
7 (QN/Block) 	Elapsed: 0.341	Loglikelihood: -1.02625e+06	(delta): 667.886
8 (QN/Block) 	Elapsed: 0.329	Loglikelihood: -1.026e+06	(delta): 251.973
9 (QN/Block) 	Elapsed: 0.34	Loglikelihood: -1.02586e+06	(delta): 136.349
10 (QN/Block) 	Elapsed: 0.341	Loglikelihood: -1.02574e+06	(delta): 117.788
11 (QN/Block) 	Elapsed: 0.341	Loglikelihood: -1.02568e+06	(delta): 61.7817
12 (QN/Block) 	Elapsed: 0.328	Loglikelihood: -1.02563e+06	(delta): 56.6849
13 (QN/Block) 	Elapsed: 0.34	Loglikelihood: -1.02559e+06	(delta): 40.1457
14 (QN/Block) 	Elapsed: 0.341	Loglikelihood: -1.02555e+06	(delta): 39.5033
15 (QN/Block) 	Elapsed: 0.364	Loglikelihood: -1.02553e+06	(delta): 20.4694
16 (QN/Block) 	Elapsed: 0.342	Loglikelihood: -1.02551e+06	(delta): 10.7177
17 (QN/Block) 	Elapsed: 0.362	Loglikelihood: -1.02551e+06	(delta): 6.63941
18 (QN/Block) 	Elapsed: 0.362	Loglikelihood: -1.02551e+06	(delta): 1.6944
19 (QN/Block) 	Elapsed: 0.364	Loglikelihood: -1.02551e+06	(delta): 1.57956
20 (QN/Block) 	Elapsed: 0.363	Loglikelihood: -1.0255e+06	(delta): 1.65546
21 (QN/Block) 	Elapsed: 0.363	Loglikelihood: -1.0255e+06	(delta): 1.74369
22 (QN/Block) 	Elapsed: 0.363	Loglikelihood: -1.0255e+06	(delta): 0.656332
23 (QN/Block) 	Elapsed: 0.363	Loglikelihood: -1.0255e+06	(delta): 0.653293
24 (QN/Block) 	Elapsed: 0.363	Loglikelihood: -1.0255e+06	(delta): 0.251486
25 (QN/Block) 	Elapsed: 0.342	Loglikelihood: -1.0255e+06	(delta): 0.676358
26 (QN/Block) 	Elapsed: 0.354	Loglikelihood: -1.0255e+06	(delta): 0.591091
27 (QN/Block) 	Elapsed: 0.35	Loglikelihood: -1.0255e+06	(delta): 0.472174
28 (QN/Block) 	Elapsed: 0.329	Loglikelihood: -1.0255e+06	(delta): 0.734421
29 (QN/Block) 	Elapsed: 0.363	Loglikelihood: -1.0255e+06	(delta): 0.507493
30 (QN/Block) 	Elapsed: 0.364	Loglikelihood: -1.0255e+06	(delta): 0.676256
31 (QN/Block) 	Elapsed: 0.362	Loglikelihood: -1.0255e+06	(delta): 0.756703
32 (QN/Block) 	Elapsed: 0.364	Loglikelihood: -1.0255e+06	(delta): 0.552891
33 (QN/Block) 	Elapsed: 0.364	Loglikelihood: -1.02549e+06	(delta): 0.619932
34 (QN/Block) 	Elapsed: 0.362	Loglikelihood: -1.02549e+06	(delta): 0.439476
35 (QN/Block) 	Elapsed: 0.351	Loglikelihood: -1.02549e+06	(delta): 0.230239
36 (QN/Block) 	Elapsed: 0.341	Loglikelihood: -1.02549e+06	(delta): 0.0631837
37 (QN/Block) 	Elapsed: 0.33	Loglikelihood: -1.02549e+06	(delta): 0.0592332
38 (QN/Block) 	Elapsed: 0.33	Loglikelihood: -1.02549e+06	(delta): 0.0160177
39 (QN/Block) 	Elapsed: 0.33	Loglikelihood: -1.02549e+06	(delta): 0.00295835
40 (QN/Block) 	Elapsed: 0.33	Loglikelihood: -1.02549e+06	(delta): 0.000528239
41 (QN/Block) 	Elapsed: 0.329	Loglikelihood: -1.02549e+06	(delta): 0.000313245
42 (QN/Block) 	Elapsed: 0.33	Loglikelihood: -1.02549e+06	(delta): 0.000196976
43 (QN/Block) 	Elapsed: 0.33	Loglikelihood: -1.02549e+06	(delta): 0.000435695
44 (QN/Block) 	Elapsed: 0.363	Loglikelihood: -1.02549e+06	(delta): 0.000568697
45 (QN/Block) 	Elapsed: 0.362	Loglikelihood: -1.02549e+06	(delta): 0.011964
46 (QN/Block) 	Elapsed: 0.363	Loglikelihood: -1.02549e+06	(delta): 0.199511
47 (QN/Block) 	Elapsed: 0.33	Loglikelihood: -1.02549e+06	(delta): 0.0651034
48 (QN/Block) 	Elapsed: 0.34	Loglikelihood: -1.02549e+06	(delta): 0.0202522
49 (QN/Block) 	Elapsed: 0.33	Loglikelihood: -1.02549e+06	(delta): 0.029173
50 (QN/Block) 	Elapsed: 0.329	Loglikelihood: -1.02549e+06	(delta): 0.0423504
51 (QN/Block) 	Elapsed: 0.33	Loglikelihood: -1.02549e+06	(delta): 0.0617185
52 (QN/Block) 	Elapsed: 0.329	Loglikelihood: -1.02549e+06	(delta): 0.0762809
53 (QN/Block) 	Elapsed: 0.362	Loglikelihood: -1.02549e+06	(delta): 0.0238599
54 (QN/Block) 	Elapsed: 0.34	Loglikelihood: -1.02549e+06	(delta): 0.00129593
55 (QN/Block) 	Elapsed: 0.329	Loglikelihood: -1.02549e+06	(delta): 0.000829195
56 (QN/Block) 	Elapsed: 0.329	Loglikelihood: -1.02549e+06	(delta): 0.000754136
57 (QN/Block) 	Elapsed: 0.329	Loglikelihood: -1.02549e+06	(delta): 0.000620504
58 (QN/Block) 	Elapsed: 0.33	Loglikelihood: -1.02549e+06	(delta): 0.000193929
59 (QN/Block) 	Elapsed: 0.329	Loglikelihood: -1.02549e+06	(delta): 2.35185e-05
Summary: 
Converged in 59 iterations (21.624 sec)
Loglikelihood: -1025493.162202
Fst divergences between estimated populations: 
	Pop0	Pop1	Pop2	Pop3	Pop4	Pop5	Pop6	Pop7	
Pop0	
Pop1	0.379	
Pop2	0.524	0.510	
Pop3	0.503	0.480	0.512	
Pop4	0.461	0.444	0.141	0.446	
Pop5	0.388	0.368	0.183	0.365	0.101	
Pop6	0.440	0.417	0.450	0.276	0.383	0.297	
Pop7	0.406	0.380	0.414	0.236	0.348	0.259	0.135	
Pop8	0.053	0.377	0.524	0.500	0.460	0.384	0.436	0.402	
CV error (K=9): 0.37659
Writing output files.
