****                   ADMIXTURE Version 1.3.0                  ****
****                    Copyright 2008-2015                     ****
****           David Alexander, Suyash Shringarpure,            ****
****                John  Novembre, Ken Lange                   ****
****                                                            ****
****                 Please cite our paper!                     ****
****   Information at www.genetics.ucla.edu/software/admixture  ****

Cross-validation will be performed.  Folds=5.
Random seed: 6792
Point estimation method: Block relaxation algorithm
Convergence acceleration algorithm: QuasiNewton, 3 secant conditions
Point estimation will terminate when objective function delta < 0.0001
Estimation of standard errors disabled; will compute point estimates only.
Size of G: 260x6978
Performing five EM steps to prime main algorithm
1 (EM) 	Elapsed: 0.042	Loglikelihood: -1.8189e+06	(delta): 1.0225e+06
2 (EM) 	Elapsed: 0.041	Loglikelihood: -1.76416e+06	(delta): 54747.5
3 (EM) 	Elapsed: 0.041	Loglikelihood: -1.74564e+06	(delta): 18513.4
4 (EM) 	Elapsed: 0.041	Loglikelihood: -1.73172e+06	(delta): 13926.1
5 (EM) 	Elapsed: 0.041	Loglikelihood: -1.71806e+06	(delta): 13654.4
Initial loglikelihood: -1.71806e+06
Starting main algorithm
1 (QN/Block) 	Elapsed: 0.073	Loglikelihood: -1.42581e+06	(delta): 292249
2 (QN/Block) 	Elapsed: 0.073	Loglikelihood: -1.35449e+06	(delta): 71326.2
3 (QN/Block) 	Elapsed: 0.088	Loglikelihood: -1.3143e+06	(delta): 40188.4
4 (QN/Block) 	Elapsed: 0.089	Loglikelihood: -1.27568e+06	(delta): 38619.6
5 (QN/Block) 	Elapsed: 0.111	Loglikelihood: -1.24853e+06	(delta): 27150.5
6 (QN/Block) 	Elapsed: 0.111	Loglikelihood: -1.24614e+06	(delta): 2391.3
7 (QN/Block) 	Elapsed: 0.09	Loglikelihood: -1.24582e+06	(delta): 312.894
8 (QN/Block) 	Elapsed: 0.09	Loglikelihood: -1.24568e+06	(delta): 147.573
9 (QN/Block) 	Elapsed: 0.111	Loglikelihood: -1.24566e+06	(delta): 16.8323
10 (QN/Block) 	Elapsed: 0.104	Loglikelihood: -1.24566e+06	(delta): 0.75199
11 (QN/Block) 	Elapsed: 0.089	Loglikelihood: -1.24566e+06	(delta): 0.000519026
12 (QN/Block) 	Elapsed: 0.088	Loglikelihood: -1.24566e+06	(delta): 4.69668e-05
Summary: 
Converged in 12 iterations (1.478 sec)
Loglikelihood: -1245658.858029
Fst divergences between estimated populations: 
	Pop0	Pop1	
Pop0	
Pop1	0.348	
Pop2	0.319	0.369	
CV error (K=3): 0.47178
Writing output files.
