****                   ADMIXTURE Version 1.3.0                  ****
****                    Copyright 2008-2015                     ****
****           David Alexander, Suyash Shringarpure,            ****
****                John  Novembre, Ken Lange                   ****
****                                                            ****
****                 Please cite our paper!                     ****
****   Information at www.genetics.ucla.edu/software/admixture  ****

Cross-validation will be performed.  Folds=5.
Random seed: 6166
Point estimation method: Block relaxation algorithm
Convergence acceleration algorithm: QuasiNewton, 3 secant conditions
Point estimation will terminate when objective function delta < 0.0001
Estimation of standard errors disabled; will compute point estimates only.
Size of G: 260x13929
Performing five EM steps to prime main algorithm
1 (EM) 	Elapsed: 0.099	Loglikelihood: -1.07832e+06	(delta): 3.86458e+06
2 (EM) 	Elapsed: 0.099	Loglikelihood: -1.00417e+06	(delta): 74148.6
3 (EM) 	Elapsed: 0.099	Loglikelihood: -991309	(delta): 12863
4 (EM) 	Elapsed: 0.099	Loglikelihood: -983763	(delta): 7545.37
5 (EM) 	Elapsed: 0.099	Loglikelihood: -978319	(delta): 5444.85
Initial loglikelihood: -978319
Starting main algorithm
1 (QN/Block) 	Elapsed: 0.2	Loglikelihood: -829867	(delta): 148451
2 (QN/Block) 	Elapsed: 0.198	Loglikelihood: -741418	(delta): 88449.3
3 (QN/Block) 	Elapsed: 0.217	Loglikelihood: -696974	(delta): 44444.1
4 (QN/Block) 	Elapsed: 0.217	Loglikelihood: -667464	(delta): 29510.3
5 (QN/Block) 	Elapsed: 0.217	Loglikelihood: -656769	(delta): 10694.8
6 (QN/Block) 	Elapsed: 0.217	Loglikelihood: -654480	(delta): 2288.86
7 (QN/Block) 	Elapsed: 0.217	Loglikelihood: -654098	(delta): 381.592
8 (QN/Block) 	Elapsed: 0.216	Loglikelihood: -653999	(delta): 99.1589
9 (QN/Block) 	Elapsed: 0.217	Loglikelihood: -653965	(delta): 34.6248
10 (QN/Block) 	Elapsed: 0.252	Loglikelihood: -653957	(delta): 7.4819
11 (QN/Block) 	Elapsed: 0.217	Loglikelihood: -653955	(delta): 1.87671
12 (QN/Block) 	Elapsed: 0.217	Loglikelihood: -653954	(delta): 1.04764
13 (QN/Block) 	Elapsed: 0.217	Loglikelihood: -653954	(delta): 0.0282169
14 (QN/Block) 	Elapsed: 0.217	Loglikelihood: -653954	(delta): 0.013919
15 (QN/Block) 	Elapsed: 0.217	Loglikelihood: -653954	(delta): 0.00399097
16 (QN/Block) 	Elapsed: 0.217	Loglikelihood: -653954	(delta): 0.00164162
17 (QN/Block) 	Elapsed: 0.217	Loglikelihood: -653954	(delta): 0.000532157
18 (QN/Block) 	Elapsed: 0.252	Loglikelihood: -653954	(delta): 0.000162819
19 (QN/Block) 	Elapsed: 0.252	Loglikelihood: -653954	(delta): 0.000164463
20 (QN/Block) 	Elapsed: 0.252	Loglikelihood: -653954	(delta): 0.000188489
21 (QN/Block) 	Elapsed: 0.252	Loglikelihood: -653954	(delta): 0.000212587
22 (QN/Block) 	Elapsed: 0.252	Loglikelihood: -653954	(delta): 0.000233228
23 (QN/Block) 	Elapsed: 0.253	Loglikelihood: -653954	(delta): 0.000247962
24 (QN/Block) 	Elapsed: 0.253	Loglikelihood: -653954	(delta): 0.000255185
25 (QN/Block) 	Elapsed: 0.252	Loglikelihood: -653954	(delta): 0.000254211
26 (QN/Block) 	Elapsed: 0.252	Loglikelihood: -653954	(delta): 0.00024492
27 (QN/Block) 	Elapsed: 0.252	Loglikelihood: -653954	(delta): 0.000228577
28 (QN/Block) 	Elapsed: 0.217	Loglikelihood: -653954	(delta): 0.000558334
29 (QN/Block) 	Elapsed: 0.241	Loglikelihood: -653954	(delta): 0.000439135
30 (QN/Block) 	Elapsed: 0.24	Loglikelihood: -653954	(delta): 0.000190675
31 (QN/Block) 	Elapsed: 0.228	Loglikelihood: -653954	(delta): 1.91934e-06
Summary: 
Converged in 31 iterations (8.105 sec)
Loglikelihood: -653954.107476
Fst divergences between estimated populations: 
	Pop0	Pop1	Pop2	
Pop0	
Pop1	0.365	
Pop2	0.406	0.416	
Pop3	0.361	0.368	0.290	
CV error (K=4): 0.15147
Writing output files.
