****                   ADMIXTURE Version 1.3.0                  ****
****                    Copyright 2008-2015                     ****
****           David Alexander, Suyash Shringarpure,            ****
****                John  Novembre, Ken Lange                   ****
****                                                            ****
****                 Please cite our paper!                     ****
****   Information at www.genetics.ucla.edu/software/admixture  ****

Cross-validation will be performed.  Folds=5.
Random seed: 6166
Point estimation method: Block relaxation algorithm
Convergence acceleration algorithm: QuasiNewton, 3 secant conditions
Point estimation will terminate when objective function delta < 0.0001
Estimation of standard errors disabled; will compute point estimates only.
Size of G: 260x13929
Performing five EM steps to prime main algorithm
1 (EM) 	Elapsed: 0.17	Loglikelihood: -1.08775e+06	(delta): 3.60417e+06
2 (EM) 	Elapsed: 0.169	Loglikelihood: -1.00183e+06	(delta): 85921.7
3 (EM) 	Elapsed: 0.169	Loglikelihood: -988068	(delta): 13760.5
4 (EM) 	Elapsed: 0.169	Loglikelihood: -979583	(delta): 8485.4
5 (EM) 	Elapsed: 0.166	Loglikelihood: -972429	(delta): 7153.29
Initial loglikelihood: -972429
Starting main algorithm
1 (QN/Block) 	Elapsed: 0.392	Loglikelihood: -720312	(delta): 252117
2 (QN/Block) 	Elapsed: 0.39	Loglikelihood: -660969	(delta): 59343.3
3 (QN/Block) 	Elapsed: 0.436	Loglikelihood: -633223	(delta): 27746.2
4 (QN/Block) 	Elapsed: 0.451	Loglikelihood: -613781	(delta): 19441.7
5 (QN/Block) 	Elapsed: 0.419	Loglikelihood: -605322	(delta): 8459.55
6 (QN/Block) 	Elapsed: 0.463	Loglikelihood: -601774	(delta): 3547.45
7 (QN/Block) 	Elapsed: 0.418	Loglikelihood: -600676	(delta): 1097.89
8 (QN/Block) 	Elapsed: 0.418	Loglikelihood: -600340	(delta): 336.592
9 (QN/Block) 	Elapsed: 0.418	Loglikelihood: -600236	(delta): 103.736
10 (QN/Block) 	Elapsed: 0.417	Loglikelihood: -600197	(delta): 38.7066
11 (QN/Block) 	Elapsed: 0.418	Loglikelihood: -600182	(delta): 15.4972
12 (QN/Block) 	Elapsed: 0.418	Loglikelihood: -600172	(delta): 9.60619
13 (QN/Block) 	Elapsed: 0.418	Loglikelihood: -600158	(delta): 14.299
14 (QN/Block) 	Elapsed: 0.463	Loglikelihood: -600142	(delta): 16.0966
15 (QN/Block) 	Elapsed: 0.418	Loglikelihood: -600137	(delta): 4.92944
16 (QN/Block) 	Elapsed: 0.462	Loglikelihood: -600134	(delta): 2.46086
17 (QN/Block) 	Elapsed: 0.462	Loglikelihood: -600132	(delta): 2.29152
18 (QN/Block) 	Elapsed: 0.463	Loglikelihood: -600130	(delta): 1.85781
19 (QN/Block) 	Elapsed: 0.462	Loglikelihood: -600129	(delta): 1.57786
20 (QN/Block) 	Elapsed: 0.418	Loglikelihood: -600127	(delta): 1.4203
21 (QN/Block) 	Elapsed: 0.433	Loglikelihood: -600127	(delta): 0.324339
22 (QN/Block) 	Elapsed: 0.448	Loglikelihood: -600126	(delta): 0.4145
23 (QN/Block) 	Elapsed: 0.462	Loglikelihood: -600125	(delta): 1.04135
24 (QN/Block) 	Elapsed: 0.419	Loglikelihood: -600124	(delta): 1.17236
25 (QN/Block) 	Elapsed: 0.448	Loglikelihood: -600123	(delta): 1.14765
26 (QN/Block) 	Elapsed: 0.417	Loglikelihood: -600123	(delta): 0.22563
27 (QN/Block) 	Elapsed: 0.462	Loglikelihood: -600123	(delta): 0.0268867
28 (QN/Block) 	Elapsed: 0.462	Loglikelihood: -600123	(delta): 0.229679
29 (QN/Block) 	Elapsed: 0.462	Loglikelihood: -600122	(delta): 0.41747
30 (QN/Block) 	Elapsed: 0.463	Loglikelihood: -600122	(delta): 0.197527
31 (QN/Block) 	Elapsed: 0.463	Loglikelihood: -600122	(delta): 0.0509856
32 (QN/Block) 	Elapsed: 0.462	Loglikelihood: -600122	(delta): 0.00227073
33 (QN/Block) 	Elapsed: 0.418	Loglikelihood: -600122	(delta): 0.000368892
34 (QN/Block) 	Elapsed: 0.462	Loglikelihood: -600122	(delta): 0.000577094
35 (QN/Block) 	Elapsed: 0.463	Loglikelihood: -600122	(delta): 0.0384529
36 (QN/Block) 	Elapsed: 0.462	Loglikelihood: -600122	(delta): 0.016531
37 (QN/Block) 	Elapsed: 0.418	Loglikelihood: -600122	(delta): 0.0027848
38 (QN/Block) 	Elapsed: 0.418	Loglikelihood: -600122	(delta): 5.63746e-05
Summary: 
Converged in 38 iterations (18.21 sec)
Loglikelihood: -600121.788241
Fst divergences between estimated populations: 
	Pop0	Pop1	Pop2	Pop3	Pop4	Pop5	
Pop0	
Pop1	0.354	
Pop2	0.445	0.465	
Pop3	0.392	0.409	0.325	
Pop4	0.404	0.428	0.410	0.370	
Pop5	0.411	0.429	0.420	0.379	0.108	
Pop6	0.425	0.442	0.357	0.313	0.397	0.407	
CV error (K=7): 0.14674
Writing output files.
