****                   ADMIXTURE Version 1.3.0                  ****
****                    Copyright 2008-2015                     ****
****           David Alexander, Suyash Shringarpure,            ****
****                John  Novembre, Ken Lange                   ****
****                                                            ****
****                 Please cite our paper!                     ****
****   Information at www.genetics.ucla.edu/software/admixture  ****

Cross-validation will be performed.  Folds=5.
Random seed: 6166
Point estimation method: Block relaxation algorithm
Convergence acceleration algorithm: QuasiNewton, 3 secant conditions
Point estimation will terminate when objective function delta < 0.0001
Estimation of standard errors disabled; will compute point estimates only.
Size of G: 260x13929
Performing five EM steps to prime main algorithm
1 (EM) 	Elapsed: 0.22	Loglikelihood: -1.0892e+06	(delta): 3.54606e+06
2 (EM) 	Elapsed: 0.219	Loglikelihood: -1.00277e+06	(delta): 86428.4
3 (EM) 	Elapsed: 0.219	Loglikelihood: -990305	(delta): 12467.3
4 (EM) 	Elapsed: 0.219	Loglikelihood: -983358	(delta): 6946.64
5 (EM) 	Elapsed: 0.22	Loglikelihood: -977915	(delta): 5443.24
Initial loglikelihood: -977915
Starting main algorithm
1 (QN/Block) 	Elapsed: 0.587	Loglikelihood: -728376	(delta): 249539
2 (QN/Block) 	Elapsed: 0.585	Loglikelihood: -655917	(delta): 72458.5
3 (QN/Block) 	Elapsed: 0.629	Loglikelihood: -625493	(delta): 30424.1
4 (QN/Block) 	Elapsed: 0.611	Loglikelihood: -607444	(delta): 18048.7
5 (QN/Block) 	Elapsed: 0.609	Loglikelihood: -597670	(delta): 9774.47
6 (QN/Block) 	Elapsed: 0.656	Loglikelihood: -592190	(delta): 5480.06
7 (QN/Block) 	Elapsed: 0.605	Loglikelihood: -589984	(delta): 2205.52
8 (QN/Block) 	Elapsed: 0.605	Loglikelihood: -588863	(delta): 1121
9 (QN/Block) 	Elapsed: 0.606	Loglikelihood: -587892	(delta): 971.015
10 (QN/Block) 	Elapsed: 0.623	Loglikelihood: -586788	(delta): 1104.76
11 (QN/Block) 	Elapsed: 0.658	Loglikelihood: -586324	(delta): 463.926
12 (QN/Block) 	Elapsed: 0.661	Loglikelihood: -586184	(delta): 139.479
13 (QN/Block) 	Elapsed: 0.658	Loglikelihood: -586129	(delta): 54.6223
14 (QN/Block) 	Elapsed: 0.658	Loglikelihood: -586099	(delta): 30.2313
15 (QN/Block) 	Elapsed: 0.608	Loglikelihood: -586079	(delta): 19.7971
16 (QN/Block) 	Elapsed: 0.606	Loglikelihood: -586062	(delta): 17.4588
17 (QN/Block) 	Elapsed: 0.607	Loglikelihood: -586045	(delta): 17.1085
18 (QN/Block) 	Elapsed: 0.607	Loglikelihood: -586033	(delta): 11.427
19 (QN/Block) 	Elapsed: 0.606	Loglikelihood: -586025	(delta): 8.7107
20 (QN/Block) 	Elapsed: 0.614	Loglikelihood: -586019	(delta): 5.59113
21 (QN/Block) 	Elapsed: 0.607	Loglikelihood: -586013	(delta): 5.73397
22 (QN/Block) 	Elapsed: 0.608	Loglikelihood: -586011	(delta): 2.17045
23 (QN/Block) 	Elapsed: 0.607	Loglikelihood: -586011	(delta): 0.189449
24 (QN/Block) 	Elapsed: 0.647	Loglikelihood: -586011	(delta): 0.0781563
25 (QN/Block) 	Elapsed: 0.658	Loglikelihood: -586009	(delta): 2.48537
26 (QN/Block) 	Elapsed: 0.642	Loglikelihood: -586007	(delta): 1.61189
27 (QN/Block) 	Elapsed: 0.607	Loglikelihood: -586007	(delta): 0.265939
28 (QN/Block) 	Elapsed: 0.607	Loglikelihood: -586007	(delta): 0.0567794
29 (QN/Block) 	Elapsed: 0.608	Loglikelihood: -586007	(delta): 0.00692944
30 (QN/Block) 	Elapsed: 0.61	Loglikelihood: -586007	(delta): 0.00234177
31 (QN/Block) 	Elapsed: 0.608	Loglikelihood: -586007	(delta): 0.00144559
32 (QN/Block) 	Elapsed: 0.607	Loglikelihood: -586007	(delta): 0.000679048
33 (QN/Block) 	Elapsed: 0.607	Loglikelihood: -586007	(delta): 0.000977512
34 (QN/Block) 	Elapsed: 0.607	Loglikelihood: -586007	(delta): 0.00122163
35 (QN/Block) 	Elapsed: 0.66	Loglikelihood: -586007	(delta): 0.00406899
36 (QN/Block) 	Elapsed: 0.606	Loglikelihood: -586007	(delta): 0.00135306
37 (QN/Block) 	Elapsed: 0.639	Loglikelihood: -586007	(delta): 0.000408631
38 (QN/Block) 	Elapsed: 0.605	Loglikelihood: -586007	(delta): 0.000150781
39 (QN/Block) 	Elapsed: 0.605	Loglikelihood: -586007	(delta): 3.33139e-05
Summary: 
Converged in 39 iterations (26.082 sec)
Loglikelihood: -586006.546555
Fst divergences between estimated populations: 
	Pop0	Pop1	Pop2	Pop3	Pop4	Pop5	Pop6	Pop7	
Pop0	
Pop1	0.454	
Pop2	0.455	0.439	
Pop3	0.358	0.470	0.462	
Pop4	0.466	0.457	0.346	0.479	
Pop5	0.431	0.342	0.409	0.437	0.426	
Pop6	0.466	0.374	0.445	0.478	0.461	0.339	
Pop7	0.481	0.461	0.120	0.491	0.378	0.433	0.471	
Pop8	0.288	0.411	0.401	0.173	0.424	0.379	0.412	0.432	
CV error (K=9): 0.14780
Writing output files.
