****                   ADMIXTURE Version 1.3.0                  ****
****                    Copyright 2008-2015                     ****
****           David Alexander, Suyash Shringarpure,            ****
****                John  Novembre, Ken Lange                   ****
****                                                            ****
****                 Please cite our paper!                     ****
****   Information at www.genetics.ucla.edu/software/admixture  ****

Cross-validation will be performed.  Folds=5.
Random seed: 6166
Point estimation method: Block relaxation algorithm
Convergence acceleration algorithm: QuasiNewton, 3 secant conditions
Point estimation will terminate when objective function delta < 0.0001
Estimation of standard errors disabled; will compute point estimates only.
Size of G: 260x13929
Performing five EM steps to prime main algorithm
1 (EM) 	Elapsed: 0.057	Loglikelihood: -1.04206e+06	(delta): 4.41519e+06
2 (EM) 	Elapsed: 0.054	Loglikelihood: -1.00112e+06	(delta): 40944.1
3 (EM) 	Elapsed: 0.054	Loglikelihood: -993688	(delta): 7427.44
4 (EM) 	Elapsed: 0.054	Loglikelihood: -990040	(delta): 3648.72
5 (EM) 	Elapsed: 0.054	Loglikelihood: -988164	(delta): 1875.69
Initial loglikelihood: -988164
Starting main algorithm
1 (QN/Block) 	Elapsed: 0.098	Loglikelihood: -923574	(delta): 64589.8
2 (QN/Block) 	Elapsed: 0.098	Loglikelihood: -898813	(delta): 24761.1
3 (QN/Block) 	Elapsed: 0.118	Loglikelihood: -884959	(delta): 13853.7
4 (QN/Block) 	Elapsed: 0.147	Loglikelihood: -877273	(delta): 7686.42
5 (QN/Block) 	Elapsed: 0.147	Loglikelihood: -871774	(delta): 5498.5
6 (QN/Block) 	Elapsed: 0.133	Loglikelihood: -866372	(delta): 5402.47
7 (QN/Block) 	Elapsed: 0.143	Loglikelihood: -851608	(delta): 14763.7
8 (QN/Block) 	Elapsed: 0.124	Loglikelihood: -849749	(delta): 1859.27
9 (QN/Block) 	Elapsed: 0.124	Loglikelihood: -847829	(delta): 1919.66
10 (QN/Block) 	Elapsed: 0.123	Loglikelihood: -846843	(delta): 986.234
11 (QN/Block) 	Elapsed: 0.123	Loglikelihood: -846683	(delta): 160.452
12 (QN/Block) 	Elapsed: 0.114	Loglikelihood: -846643	(delta): 39.8154
13 (QN/Block) 	Elapsed: 0.114	Loglikelihood: -846622	(delta): 20.836
14 (QN/Block) 	Elapsed: 0.114	Loglikelihood: -846614	(delta): 7.71744
15 (QN/Block) 	Elapsed: 0.114	Loglikelihood: -846609	(delta): 4.90215
16 (QN/Block) 	Elapsed: 0.114	Loglikelihood: -846605	(delta): 4.25865
17 (QN/Block) 	Elapsed: 0.124	Loglikelihood: -846604	(delta): 1.02227
18 (QN/Block) 	Elapsed: 0.143	Loglikelihood: -846602	(delta): 1.64975
19 (QN/Block) 	Elapsed: 0.143	Loglikelihood: -846601	(delta): 1.75653
20 (QN/Block) 	Elapsed: 0.143	Loglikelihood: -846599	(delta): 1.62291
21 (QN/Block) 	Elapsed: 0.143	Loglikelihood: -846597	(delta): 2.3089
22 (QN/Block) 	Elapsed: 0.143	Loglikelihood: -846593	(delta): 3.31802
23 (QN/Block) 	Elapsed: 0.143	Loglikelihood: -846589	(delta): 4.90195
24 (QN/Block) 	Elapsed: 0.143	Loglikelihood: -846581	(delta): 7.60468
25 (QN/Block) 	Elapsed: 0.143	Loglikelihood: -846568	(delta): 13.3313
26 (QN/Block) 	Elapsed: 0.143	Loglikelihood: -846542	(delta): 25.6873
27 (QN/Block) 	Elapsed: 0.143	Loglikelihood: -846484	(delta): 57.8601
28 (QN/Block) 	Elapsed: 0.143	Loglikelihood: -846279	(delta): 204.782
29 (QN/Block) 	Elapsed: 0.143	Loglikelihood: -843200	(delta): 3079.32
30 (QN/Block) 	Elapsed: 0.133	Loglikelihood: -833711	(delta): 9488.93
31 (QN/Block) 	Elapsed: 0.133	Loglikelihood: -830357	(delta): 3354.44
32 (QN/Block) 	Elapsed: 0.144	Loglikelihood: -829201	(delta): 1155.82
33 (QN/Block) 	Elapsed: 0.114	Loglikelihood: -828743	(delta): 457.771
34 (QN/Block) 	Elapsed: 0.114	Loglikelihood: -828493	(delta): 249.905
35 (QN/Block) 	Elapsed: 0.114	Loglikelihood: -828320	(delta): 172.964
36 (QN/Block) 	Elapsed: 0.143	Loglikelihood: -828317	(delta): 3.12331
37 (QN/Block) 	Elapsed: 0.143	Loglikelihood: -828317	(delta): 0.00192864
38 (QN/Block) 	Elapsed: 0.114	Loglikelihood: -828317	(delta): 0.000155257
39 (QN/Block) 	Elapsed: 0.114	Loglikelihood: -828317	(delta): 2.90107e-07
Summary: 
Converged in 39 iterations (5.799 sec)
Loglikelihood: -828317.044449
Fst divergences between estimated populations: 
	Pop0	
Pop0	
Pop1	0.247	
CV error (K=2): 0.19791
Writing output files.
