****                   ADMIXTURE Version 1.3.0                  ****
****                    Copyright 2008-2015                     ****
****           David Alexander, Suyash Shringarpure,            ****
****                John  Novembre, Ken Lange                   ****
****                                                            ****
****                 Please cite our paper!                     ****
****   Information at www.genetics.ucla.edu/software/admixture  ****

Cross-validation will be performed.  Folds=5.
Random seed: 6166
Point estimation method: Block relaxation algorithm
Convergence acceleration algorithm: QuasiNewton, 3 secant conditions
Point estimation will terminate when objective function delta < 0.0001
Estimation of standard errors disabled; will compute point estimates only.
Size of G: 260x13929
Performing five EM steps to prime main algorithm
1 (EM) 	Elapsed: 0.078	Loglikelihood: -1.06485e+06	(delta): 4.0613e+06
2 (EM) 	Elapsed: 0.075	Loglikelihood: -1.00505e+06	(delta): 59796.7
3 (EM) 	Elapsed: 0.075	Loglikelihood: -994922	(delta): 10132.2
4 (EM) 	Elapsed: 0.075	Loglikelihood: -989419	(delta): 5503.31
5 (EM) 	Elapsed: 0.075	Loglikelihood: -985999	(delta): 3420.16
Initial loglikelihood: -985999
Starting main algorithm
1 (QN/Block) 	Elapsed: 0.14	Loglikelihood: -844794	(delta): 141204
2 (QN/Block) 	Elapsed: 0.14	Loglikelihood: -785633	(delta): 59161.8
3 (QN/Block) 	Elapsed: 0.162	Loglikelihood: -758178	(delta): 27454.1
4 (QN/Block) 	Elapsed: 0.174	Loglikelihood: -733106	(delta): 25072.2
5 (QN/Block) 	Elapsed: 0.184	Loglikelihood: -724127	(delta): 8979.43
6 (QN/Block) 	Elapsed: 0.196	Loglikelihood: -722874	(delta): 1252.76
7 (QN/Block) 	Elapsed: 0.166	Loglikelihood: -722774	(delta): 99.8832
8 (QN/Block) 	Elapsed: 0.196	Loglikelihood: -722749	(delta): 24.6398
9 (QN/Block) 	Elapsed: 0.195	Loglikelihood: -722742	(delta): 7.88673
10 (QN/Block) 	Elapsed: 0.195	Loglikelihood: -722740	(delta): 1.34363
11 (QN/Block) 	Elapsed: 0.195	Loglikelihood: -722740	(delta): 0.0168104
12 (QN/Block) 	Elapsed: 0.164	Loglikelihood: -722740	(delta): 3.42692e-06
Summary: 
Converged in 12 iterations (2.705 sec)
Loglikelihood: -722740.250637
Fst divergences between estimated populations: 
	Pop0	Pop1	
Pop0	
Pop1	0.290	
Pop2	0.332	0.284	
CV error (K=3): 0.17002
Writing output files.
