****                   ADMIXTURE Version 1.3.0                  ****
****                    Copyright 2008-2015                     ****
****           David Alexander, Suyash Shringarpure,            ****
****                John  Novembre, Ken Lange                   ****
****                                                            ****
****                 Please cite our paper!                     ****
****   Information at www.genetics.ucla.edu/software/admixture  ****

Cross-validation will be performed.  Folds=5.
Random seed: 6166
Point estimation method: Block relaxation algorithm
Convergence acceleration algorithm: QuasiNewton, 3 secant conditions
Point estimation will terminate when objective function delta < 0.0001
Estimation of standard errors disabled; will compute point estimates only.
Size of G: 260x13929
Performing five EM steps to prime main algorithm
1 (EM) 	Elapsed: 0.146	Loglikelihood: -1.08736e+06	(delta): 3.67071e+06
2 (EM) 	Elapsed: 0.147	Loglikelihood: -1.00551e+06	(delta): 81848.7
3 (EM) 	Elapsed: 0.146	Loglikelihood: -993338	(delta): 12173.3
4 (EM) 	Elapsed: 0.146	Loglikelihood: -986389	(delta): 6948.76
5 (EM) 	Elapsed: 0.146	Loglikelihood: -981155	(delta): 5234.63
Initial loglikelihood: -981155
Starting main algorithm
1 (QN/Block) 	Elapsed: 0.324	Loglikelihood: -769776	(delta): 211379
2 (QN/Block) 	Elapsed: 0.319	Loglikelihood: -685576	(delta): 84199.8
3 (QN/Block) 	Elapsed: 0.344	Loglikelihood: -652602	(delta): 32974.4
4 (QN/Block) 	Elapsed: 0.344	Loglikelihood: -629261	(delta): 23340.8
5 (QN/Block) 	Elapsed: 0.359	Loglikelihood: -617866	(delta): 11395
6 (QN/Block) 	Elapsed: 0.356	Loglikelihood: -613294	(delta): 4572.42
7 (QN/Block) 	Elapsed: 0.341	Loglikelihood: -611937	(delta): 1356.46
8 (QN/Block) 	Elapsed: 0.342	Loglikelihood: -611711	(delta): 226.296
9 (QN/Block) 	Elapsed: 0.341	Loglikelihood: -611654	(delta): 56.7397
10 (QN/Block) 	Elapsed: 0.369	Loglikelihood: -611630	(delta): 23.7488
11 (QN/Block) 	Elapsed: 0.382	Loglikelihood: -611624	(delta): 6.58531
12 (QN/Block) 	Elapsed: 0.341	Loglikelihood: -611622	(delta): 1.94058
13 (QN/Block) 	Elapsed: 0.341	Loglikelihood: -611621	(delta): 0.638527
14 (QN/Block) 	Elapsed: 0.382	Loglikelihood: -611620	(delta): 0.79034
15 (QN/Block) 	Elapsed: 0.355	Loglikelihood: -611619	(delta): 1.73691
16 (QN/Block) 	Elapsed: 0.341	Loglikelihood: -611619	(delta): 0.0926669
17 (QN/Block) 	Elapsed: 0.341	Loglikelihood: -611619	(delta): 0.0114207
18 (QN/Block) 	Elapsed: 0.382	Loglikelihood: -611619	(delta): 0.00647634
19 (QN/Block) 	Elapsed: 0.385	Loglikelihood: -611619	(delta): 0.00301762
20 (QN/Block) 	Elapsed: 0.383	Loglikelihood: -611619	(delta): 0.000178713
21 (QN/Block) 	Elapsed: 0.341	Loglikelihood: -611619	(delta): 6.99728e-05
Summary: 
Converged in 21 iterations (8.554 sec)
Loglikelihood: -611618.624810
Fst divergences between estimated populations: 
	Pop0	Pop1	Pop2	Pop3	Pop4	
Pop0	
Pop1	0.343	
Pop2	0.277	0.400	
Pop3	0.354	0.364	0.418	
Pop4	0.233	0.453	0.395	0.466	
Pop5	0.360	0.481	0.172	0.493	0.482	
CV error (K=6): 0.14489
Writing output files.
