****                   ADMIXTURE Version 1.3.0                  ****
****                    Copyright 2008-2015                     ****
****           David Alexander, Suyash Shringarpure,            ****
****                John  Novembre, Ken Lange                   ****
****                                                            ****
****                 Please cite our paper!                     ****
****   Information at www.genetics.ucla.edu/software/admixture  ****

Cross-validation will be performed.  Folds=5.
Random seed: 6166
Point estimation method: Block relaxation algorithm
Convergence acceleration algorithm: QuasiNewton, 3 secant conditions
Point estimation will terminate when objective function delta < 0.0001
Estimation of standard errors disabled; will compute point estimates only.
Size of G: 260x13929
Performing five EM steps to prime main algorithm
1 (EM) 	Elapsed: 0.192	Loglikelihood: -1.08835e+06	(delta): 3.56591e+06
2 (EM) 	Elapsed: 0.191	Loglikelihood: -1.00249e+06	(delta): 85861.6
3 (EM) 	Elapsed: 0.189	Loglikelihood: -989477	(delta): 13012.5
4 (EM) 	Elapsed: 0.189	Loglikelihood: -982011	(delta): 7465.76
5 (EM) 	Elapsed: 0.189	Loglikelihood: -976092	(delta): 5918.67
Initial loglikelihood: -976092
Starting main algorithm
1 (QN/Block) 	Elapsed: 0.484	Loglikelihood: -733439	(delta): 242653
2 (QN/Block) 	Elapsed: 0.48	Loglikelihood: -659665	(delta): 73774
3 (QN/Block) 	Elapsed: 0.527	Loglikelihood: -632514	(delta): 27151.8
4 (QN/Block) 	Elapsed: 0.527	Loglikelihood: -614255	(delta): 18258.7
5 (QN/Block) 	Elapsed: 0.525	Loglikelihood: -605756	(delta): 8498.84
6 (QN/Block) 	Elapsed: 0.557	Loglikelihood: -600619	(delta): 5136.6
7 (QN/Block) 	Elapsed: 0.507	Loglikelihood: -598084	(delta): 2535.6
8 (QN/Block) 	Elapsed: 0.508	Loglikelihood: -596735	(delta): 1349.03
9 (QN/Block) 	Elapsed: 0.507	Loglikelihood: -595967	(delta): 767.922
10 (QN/Block) 	Elapsed: 0.524	Loglikelihood: -595730	(delta): 236.774
11 (QN/Block) 	Elapsed: 0.556	Loglikelihood: -595652	(delta): 77.6861
12 (QN/Block) 	Elapsed: 0.555	Loglikelihood: -595611	(delta): 41.5935
13 (QN/Block) 	Elapsed: 0.507	Loglikelihood: -595580	(delta): 30.923
14 (QN/Block) 	Elapsed: 0.556	Loglikelihood: -595561	(delta): 18.5999
15 (QN/Block) 	Elapsed: 0.507	Loglikelihood: -595549	(delta): 12.5031
16 (QN/Block) 	Elapsed: 0.507	Loglikelihood: -595533	(delta): 15.3773
17 (QN/Block) 	Elapsed: 0.507	Loglikelihood: -595513	(delta): 20.561
18 (QN/Block) 	Elapsed: 0.507	Loglikelihood: -595503	(delta): 9.64544
19 (QN/Block) 	Elapsed: 0.507	Loglikelihood: -595498	(delta): 5.68981
20 (QN/Block) 	Elapsed: 0.507	Loglikelihood: -595493	(delta): 4.80097
21 (QN/Block) 	Elapsed: 0.507	Loglikelihood: -595491	(delta): 1.46228
22 (QN/Block) 	Elapsed: 0.555	Loglikelihood: -595489	(delta): 2.11277
23 (QN/Block) 	Elapsed: 0.557	Loglikelihood: -595487	(delta): 1.69693
24 (QN/Block) 	Elapsed: 0.507	Loglikelihood: -595487	(delta): 0.102183
25 (QN/Block) 	Elapsed: 0.555	Loglikelihood: -595487	(delta): 0.0457974
26 (QN/Block) 	Elapsed: 0.555	Loglikelihood: -595487	(delta): 0.000347013
27 (QN/Block) 	Elapsed: 0.507	Loglikelihood: -595487	(delta): 6.99641e-05
Summary: 
Converged in 27 iterations (15.637 sec)
Loglikelihood: -595487.306470
Fst divergences between estimated populations: 
	Pop0	Pop1	Pop2	Pop3	Pop4	Pop5	Pop6	
Pop0	
Pop1	0.410	
Pop2	0.412	0.280	
Pop3	0.477	0.350	0.174	
Pop4	0.244	0.328	0.312	0.374	
Pop5	0.451	0.419	0.415	0.476	0.355	
Pop6	0.446	0.409	0.403	0.464	0.351	0.090	
Pop7	0.462	0.427	0.426	0.482	0.367	0.359	0.351	
CV error (K=8): 0.14880
Writing output files.
