****                   ADMIXTURE Version 1.3.0                  ****
****                    Copyright 2008-2015                     ****
****           David Alexander, Suyash Shringarpure,            ****
****                John  Novembre, Ken Lange                   ****
****                                                            ****
****                 Please cite our paper!                     ****
****   Information at www.genetics.ucla.edu/software/admixture  ****

Cross-validation will be performed.  Folds=5.
Random seed: 32488
Point estimation method: Block relaxation algorithm
Convergence acceleration algorithm: QuasiNewton, 3 secant conditions
Point estimation will terminate when objective function delta < 0.0001
Estimation of standard errors disabled; will compute point estimates only.
Size of G: 260x13929
Performing five EM steps to prime main algorithm
1 (EM) 	Elapsed: 0.1	Loglikelihood: -1.08015e+06	(delta): 3.82949e+06
2 (EM) 	Elapsed: 0.1	Loglikelihood: -1.00544e+06	(delta): 74703.9
3 (EM) 	Elapsed: 0.099	Loglikelihood: -992984	(delta): 12459.7
4 (EM) 	Elapsed: 0.1	Loglikelihood: -985259	(delta): 7725.46
5 (EM) 	Elapsed: 0.1	Loglikelihood: -979245	(delta): 6013.91
Initial loglikelihood: -979245
Starting main algorithm
1 (QN/Block) 	Elapsed: 0.193	Loglikelihood: -766943	(delta): 212302
2 (QN/Block) 	Elapsed: 0.192	Loglikelihood: -706276	(delta): 60667
3 (QN/Block) 	Elapsed: 0.217	Loglikelihood: -681490	(delta): 24785.6
4 (QN/Block) 	Elapsed: 0.217	Loglikelihood: -665084	(delta): 16406.5
5 (QN/Block) 	Elapsed: 0.218	Loglikelihood: -657353	(delta): 7730.4
6 (QN/Block) 	Elapsed: 0.216	Loglikelihood: -654455	(delta): 2897.83
7 (QN/Block) 	Elapsed: 0.217	Loglikelihood: -653981	(delta): 474.726
8 (QN/Block) 	Elapsed: 0.229	Loglikelihood: -653956	(delta): 24.4848
9 (QN/Block) 	Elapsed: 0.252	Loglikelihood: -653955	(delta): 0.703071
10 (QN/Block) 	Elapsed: 0.252	Loglikelihood: -653955	(delta): 0.564488
11 (QN/Block) 	Elapsed: 0.216	Loglikelihood: -653955	(delta): 0.160234
12 (QN/Block) 	Elapsed: 0.251	Loglikelihood: -653955	(delta): 0.0402303
13 (QN/Block) 	Elapsed: 0.228	Loglikelihood: -653955	(delta): 0.014306
14 (QN/Block) 	Elapsed: 0.216	Loglikelihood: -653955	(delta): 0.000948803
15 (QN/Block) 	Elapsed: 0.216	Loglikelihood: -653955	(delta): 1.93364e-05
Summary: 
Converged in 15 iterations (4.111 sec)
Loglikelihood: -653954.646189
Fst divergences between estimated populations: 
	Pop0	Pop1	Pop2	
Pop0	
Pop1	0.368	
Pop2	0.360	0.365	
Pop3	0.290	0.416	0.405	
CV error (K=4): 0.15097
Writing output files.
