****                   ADMIXTURE Version 1.3.0                  ****
****                    Copyright 2008-2015                     ****
****           David Alexander, Suyash Shringarpure,            ****
****                John  Novembre, Ken Lange                   ****
****                                                            ****
****                 Please cite our paper!                     ****
****   Information at www.genetics.ucla.edu/software/admixture  ****

Cross-validation will be performed.  Folds=5.
Random seed: 32488
Point estimation method: Block relaxation algorithm
Convergence acceleration algorithm: QuasiNewton, 3 secant conditions
Point estimation will terminate when objective function delta < 0.0001
Estimation of standard errors disabled; will compute point estimates only.
Size of G: 260x13929
Performing five EM steps to prime main algorithm
1 (EM) 	Elapsed: 0.192	Loglikelihood: -1.08727e+06	(delta): 3.57073e+06
2 (EM) 	Elapsed: 0.192	Loglikelihood: -1.00201e+06	(delta): 85265.9
3 (EM) 	Elapsed: 0.192	Loglikelihood: -988456	(delta): 13552.5
4 (EM) 	Elapsed: 0.192	Loglikelihood: -980328	(delta): 8127.76
5 (EM) 	Elapsed: 0.192	Loglikelihood: -973692	(delta): 6636.96
Initial loglikelihood: -973692
Starting main algorithm
1 (QN/Block) 	Elapsed: 0.481	Loglikelihood: -727089	(delta): 246602
2 (QN/Block) 	Elapsed: 0.478	Loglikelihood: -668162	(delta): 58927.5
3 (QN/Block) 	Elapsed: 0.526	Loglikelihood: -644709	(delta): 23453.1
4 (QN/Block) 	Elapsed: 0.526	Loglikelihood: -628334	(delta): 16375
5 (QN/Block) 	Elapsed: 0.558	Loglikelihood: -620573	(delta): 7760.43
6 (QN/Block) 	Elapsed: 0.507	Loglikelihood: -615253	(delta): 5320.78
7 (QN/Block) 	Elapsed: 0.508	Loglikelihood: -609793	(delta): 5459.7
8 (QN/Block) 	Elapsed: 0.508	Loglikelihood: -606660	(delta): 3132.56
9 (QN/Block) 	Elapsed: 0.508	Loglikelihood: -605383	(delta): 1277.28
10 (QN/Block) 	Elapsed: 0.507	Loglikelihood: -605010	(delta): 372.638
11 (QN/Block) 	Elapsed: 0.507	Loglikelihood: -604916	(delta): 94.2922
12 (QN/Block) 	Elapsed: 0.507	Loglikelihood: -604871	(delta): 45.4706
13 (QN/Block) 	Elapsed: 0.508	Loglikelihood: -604850	(delta): 20.9099
14 (QN/Block) 	Elapsed: 0.507	Loglikelihood: -604836	(delta): 14.2006
15 (QN/Block) 	Elapsed: 0.506	Loglikelihood: -604830	(delta): 5.21899
16 (QN/Block) 	Elapsed: 0.538	Loglikelihood: -604828	(delta): 2.22037
17 (QN/Block) 	Elapsed: 0.506	Loglikelihood: -604827	(delta): 1.61514
18 (QN/Block) 	Elapsed: 0.555	Loglikelihood: -604825	(delta): 1.59334
19 (QN/Block) 	Elapsed: 0.556	Loglikelihood: -604822	(delta): 2.85263
20 (QN/Block) 	Elapsed: 0.555	Loglikelihood: -604821	(delta): 0.71448
21 (QN/Block) 	Elapsed: 0.507	Loglikelihood: -604820	(delta): 0.99386
22 (QN/Block) 	Elapsed: 0.506	Loglikelihood: -604820	(delta): 0.680035
23 (QN/Block) 	Elapsed: 0.508	Loglikelihood: -604819	(delta): 0.824218
24 (QN/Block) 	Elapsed: 0.54	Loglikelihood: -604814	(delta): 5.08466
25 (QN/Block) 	Elapsed: 0.555	Loglikelihood: -604808	(delta): 5.65086
26 (QN/Block) 	Elapsed: 0.523	Loglikelihood: -604806	(delta): 2.55626
27 (QN/Block) 	Elapsed: 0.553	Loglikelihood: -604805	(delta): 0.875781
28 (QN/Block) 	Elapsed: 0.555	Loglikelihood: -604805	(delta): 0.0251606
29 (QN/Block) 	Elapsed: 0.506	Loglikelihood: -604805	(delta): 0.00640854
30 (QN/Block) 	Elapsed: 0.508	Loglikelihood: -604805	(delta): 0.000494405
31 (QN/Block) 	Elapsed: 0.505	Loglikelihood: -604805	(delta): 4.06823e-05
Summary: 
Converged in 31 iterations (17.725 sec)
Loglikelihood: -604804.693820
Fst divergences between estimated populations: 
	Pop0	Pop1	Pop2	Pop3	Pop4	Pop5	Pop6	
Pop0	
Pop1	0.360	
Pop2	0.359	0.497	
Pop3	0.358	0.500	0.388	
Pop4	0.355	0.494	0.070	0.386	
Pop5	0.343	0.481	0.371	0.121	0.371	
Pop6	0.277	0.169	0.422	0.420	0.419	0.402	
Pop7	0.233	0.482	0.470	0.472	0.468	0.454	0.395	
CV error (K=8): 0.15032
Writing output files.
