****                   ADMIXTURE Version 1.3.0                  ****
****                    Copyright 2008-2015                     ****
****           David Alexander, Suyash Shringarpure,            ****
****                John  Novembre, Ken Lange                   ****
****                                                            ****
****                 Please cite our paper!                     ****
****   Information at www.genetics.ucla.edu/software/admixture  ****

Cross-validation will be performed.  Folds=5.
Random seed: 32488
Point estimation method: Block relaxation algorithm
Convergence acceleration algorithm: QuasiNewton, 3 secant conditions
Point estimation will terminate when objective function delta < 0.0001
Estimation of standard errors disabled; will compute point estimates only.
Size of G: 260x13929
Performing five EM steps to prime main algorithm
1 (EM) 	Elapsed: 0.054	Loglikelihood: -1.04628e+06	(delta): 4.31701e+06
2 (EM) 	Elapsed: 0.053	Loglikelihood: -1.00138e+06	(delta): 44895.3
3 (EM) 	Elapsed: 0.053	Loglikelihood: -993915	(delta): 7465.78
4 (EM) 	Elapsed: 0.053	Loglikelihood: -989638	(delta): 4277.16
5 (EM) 	Elapsed: 0.053	Loglikelihood: -986871	(delta): 2766.58
Initial loglikelihood: -986871
Starting main algorithm
1 (QN/Block) 	Elapsed: 0.095	Loglikelihood: -890111	(delta): 96760.2
2 (QN/Block) 	Elapsed: 0.095	Loglikelihood: -858507	(delta): 31603.8
3 (QN/Block) 	Elapsed: 0.115	Loglikelihood: -842128	(delta): 16379.5
4 (QN/Block) 	Elapsed: 0.114	Loglikelihood: -831963	(delta): 10165.1
5 (QN/Block) 	Elapsed: 0.114	Loglikelihood: -828860	(delta): 3102.27
6 (QN/Block) 	Elapsed: 0.114	Loglikelihood: -828417	(delta): 443.306
7 (QN/Block) 	Elapsed: 0.143	Loglikelihood: -828338	(delta): 79.5948
8 (QN/Block) 	Elapsed: 0.124	Loglikelihood: -828320	(delta): 17.8814
9 (QN/Block) 	Elapsed: 0.123	Loglikelihood: -828318	(delta): 1.62803
10 (QN/Block) 	Elapsed: 0.114	Loglikelihood: -828317	(delta): 0.863356
11 (QN/Block) 	Elapsed: 0.123	Loglikelihood: -828317	(delta): 0.169123
12 (QN/Block) 	Elapsed: 0.143	Loglikelihood: -828317	(delta): 0.000408852
13 (QN/Block) 	Elapsed: 0.114	Loglikelihood: -828317	(delta): 7.53091e-07
Summary: 
Converged in 13 iterations (2.007 sec)
Loglikelihood: -828317.044449
Fst divergences between estimated populations: 
	Pop0	
Pop0	
Pop1	0.247	
CV error (K=2): 0.19796
Writing output files.
