****                   ADMIXTURE Version 1.3.0                  ****
****                    Copyright 2008-2015                     ****
****           David Alexander, Suyash Shringarpure,            ****
****                John  Novembre, Ken Lange                   ****
****                                                            ****
****                 Please cite our paper!                     ****
****   Information at www.genetics.ucla.edu/software/admixture  ****

Cross-validation will be performed.  Folds=5.
Random seed: 32488
Point estimation method: Block relaxation algorithm
Convergence acceleration algorithm: QuasiNewton, 3 secant conditions
Point estimation will terminate when objective function delta < 0.0001
Estimation of standard errors disabled; will compute point estimates only.
Size of G: 260x13929
Performing five EM steps to prime main algorithm
1 (EM) 	Elapsed: 0.258	Loglikelihood: -1.08706e+06	(delta): 3.51271e+06
2 (EM) 	Elapsed: 0.255	Loglikelihood: -999298	(delta): 87757.7
3 (EM) 	Elapsed: 0.252	Loglikelihood: -985544	(delta): 13753.4
4 (EM) 	Elapsed: 0.25	Loglikelihood: -976992	(delta): 8551.87
5 (EM) 	Elapsed: 0.251	Loglikelihood: -969689	(delta): 7303.81
Initial loglikelihood: -969689
Starting main algorithm
1 (QN/Block) 	Elapsed: 0.683	Loglikelihood: -705275	(delta): 264414
2 (QN/Block) 	Elapsed: 0.678	Loglikelihood: -640741	(delta): 64533.7
3 (QN/Block) 	Elapsed: 0.716	Loglikelihood: -616587	(delta): 24154
4 (QN/Block) 	Elapsed: 0.716	Loglikelihood: -600908	(delta): 15679.1
5 (QN/Block) 	Elapsed: 0.716	Loglikelihood: -591280	(delta): 9627.78
6 (QN/Block) 	Elapsed: 0.713	Loglikelihood: -586798	(delta): 4482.36
7 (QN/Block) 	Elapsed: 0.734	Loglikelihood: -584499	(delta): 2298.8
8 (QN/Block) 	Elapsed: 0.711	Loglikelihood: -583282	(delta): 1216.59
9 (QN/Block) 	Elapsed: 0.712	Loglikelihood: -582874	(delta): 408.185
10 (QN/Block) 	Elapsed: 0.77	Loglikelihood: -582738	(delta): 136.456
11 (QN/Block) 	Elapsed: 0.708	Loglikelihood: -582657	(delta): 80.7766
12 (QN/Block) 	Elapsed: 0.711	Loglikelihood: -582617	(delta): 40.0804
13 (QN/Block) 	Elapsed: 0.714	Loglikelihood: -582583	(delta): 34.2964
14 (QN/Block) 	Elapsed: 0.71	Loglikelihood: -582533	(delta): 49.6641
15 (QN/Block) 	Elapsed: 0.71	Loglikelihood: -582488	(delta): 44.6141
16 (QN/Block) 	Elapsed: 0.73	Loglikelihood: -582448	(delta): 39.9754
17 (QN/Block) 	Elapsed: 0.73	Loglikelihood: -582416	(delta): 31.9825
18 (QN/Block) 	Elapsed: 0.71	Loglikelihood: -582332	(delta): 84.0069
19 (QN/Block) 	Elapsed: 0.73	Loglikelihood: -582270	(delta): 62.6086
20 (QN/Block) 	Elapsed: 0.713	Loglikelihood: -582221	(delta): 48.8548
21 (QN/Block) 	Elapsed: 0.714	Loglikelihood: -582207	(delta): 14.1265
22 (QN/Block) 	Elapsed: 0.714	Loglikelihood: -582203	(delta): 4.09975
23 (QN/Block) 	Elapsed: 0.768	Loglikelihood: -582198	(delta): 4.49781
24 (QN/Block) 	Elapsed: 0.715	Loglikelihood: -582198	(delta): 0.319682
25 (QN/Block) 	Elapsed: 0.713	Loglikelihood: -582198	(delta): 0.00576269
26 (QN/Block) 	Elapsed: 0.712	Loglikelihood: -582198	(delta): 0.000462471
27 (QN/Block) 	Elapsed: 0.713	Loglikelihood: -582198	(delta): 6.25007e-05
Summary: 
Converged in 27 iterations (21.309 sec)
Loglikelihood: -582197.823617
Fst divergences between estimated populations: 
	Pop0	Pop1	Pop2	Pop3	Pop4	Pop5	Pop6	Pop7	Pop8	
Pop0	
Pop1	0.354	
Pop2	0.416	0.402	
Pop3	0.330	0.335	0.388	
Pop4	0.447	0.425	0.308	0.419	
Pop5	0.440	0.422	0.394	0.415	0.438	
Pop6	0.469	0.451	0.429	0.450	0.462	0.343	
Pop7	0.405	0.381	0.424	0.338	0.446	0.431	0.465	
Pop8	0.482	0.461	0.173	0.454	0.372	0.456	0.484	0.483	
Pop9	0.468	0.451	0.427	0.449	0.463	0.343	0.051	0.465	0.484	
CV error (K=10): 0.15150
Writing output files.
