****                   ADMIXTURE Version 1.3.0                  ****
****                    Copyright 2008-2015                     ****
****           David Alexander, Suyash Shringarpure,            ****
****                John  Novembre, Ken Lange                   ****
****                                                            ****
****                 Please cite our paper!                     ****
****   Information at www.genetics.ucla.edu/software/admixture  ****

Cross-validation will be performed.  Folds=5.
Random seed: 32488
Point estimation method: Block relaxation algorithm
Convergence acceleration algorithm: QuasiNewton, 3 secant conditions
Point estimation will terminate when objective function delta < 0.0001
Estimation of standard errors disabled; will compute point estimates only.
Size of G: 260x13929
Performing five EM steps to prime main algorithm
1 (EM) 	Elapsed: 0.146	Loglikelihood: -1.0862e+06	(delta): 3.66512e+06
2 (EM) 	Elapsed: 0.146	Loglikelihood: -1.0051e+06	(delta): 81100.4
3 (EM) 	Elapsed: 0.146	Loglikelihood: -992773	(delta): 12328.6
4 (EM) 	Elapsed: 0.146	Loglikelihood: -985567	(delta): 7206.13
5 (EM) 	Elapsed: 0.143	Loglikelihood: -980061	(delta): 5505.84
Initial loglikelihood: -980061
Starting main algorithm
1 (QN/Block) 	Elapsed: 0.316	Loglikelihood: -776486	(delta): 203575
2 (QN/Block) 	Elapsed: 0.316	Loglikelihood: -691520	(delta): 84965.8
3 (QN/Block) 	Elapsed: 0.343	Loglikelihood: -655577	(delta): 35943.2
4 (QN/Block) 	Elapsed: 0.357	Loglikelihood: -633525	(delta): 22052.5
5 (QN/Block) 	Elapsed: 0.341	Loglikelihood: -625521	(delta): 8003.63
6 (QN/Block) 	Elapsed: 0.382	Loglikelihood: -622745	(delta): 2775.95
7 (QN/Block) 	Elapsed: 0.341	Loglikelihood: -622045	(delta): 700.146
8 (QN/Block) 	Elapsed: 0.341	Loglikelihood: -621860	(delta): 184.591
9 (QN/Block) 	Elapsed: 0.355	Loglikelihood: -621750	(delta): 110.605
10 (QN/Block) 	Elapsed: 0.341	Loglikelihood: -621687	(delta): 62.8254
11 (QN/Block) 	Elapsed: 0.383	Loglikelihood: -621638	(delta): 48.9303
12 (QN/Block) 	Elapsed: 0.354	Loglikelihood: -621616	(delta): 22.1733
13 (QN/Block) 	Elapsed: 0.382	Loglikelihood: -621598	(delta): 17.7292
14 (QN/Block) 	Elapsed: 0.341	Loglikelihood: -621559	(delta): 38.4895
15 (QN/Block) 	Elapsed: 0.341	Loglikelihood: -621529	(delta): 30.818
16 (QN/Block) 	Elapsed: 0.341	Loglikelihood: -621499	(delta): 29.6332
17 (QN/Block) 	Elapsed: 0.342	Loglikelihood: -621488	(delta): 10.6129
18 (QN/Block) 	Elapsed: 0.354	Loglikelihood: -621481	(delta): 7.11605
19 (QN/Block) 	Elapsed: 0.368	Loglikelihood: -621476	(delta): 5.74649
20 (QN/Block) 	Elapsed: 0.381	Loglikelihood: -621471	(delta): 5.00824
21 (QN/Block) 	Elapsed: 0.382	Loglikelihood: -621465	(delta): 5.82632
22 (QN/Block) 	Elapsed: 0.382	Loglikelihood: -621448	(delta): 16.7408
23 (QN/Block) 	Elapsed: 0.382	Loglikelihood: -621432	(delta): 16.2137
24 (QN/Block) 	Elapsed: 0.382	Loglikelihood: -621417	(delta): 14.8679
25 (QN/Block) 	Elapsed: 0.354	Loglikelihood: -621399	(delta): 17.472
26 (QN/Block) 	Elapsed: 0.382	Loglikelihood: -621377	(delta): 22.2318
27 (QN/Block) 	Elapsed: 0.34	Loglikelihood: -621371	(delta): 5.73642
28 (QN/Block) 	Elapsed: 0.382	Loglikelihood: -621369	(delta): 2.6012
29 (QN/Block) 	Elapsed: 0.341	Loglikelihood: -621368	(delta): 0.943982
30 (QN/Block) 	Elapsed: 0.382	Loglikelihood: -621366	(delta): 2.05648
31 (QN/Block) 	Elapsed: 0.383	Loglikelihood: -621362	(delta): 4.12143
32 (QN/Block) 	Elapsed: 0.382	Loglikelihood: -621360	(delta): 1.47168
33 (QN/Block) 	Elapsed: 0.381	Loglikelihood: -621359	(delta): 1.32439
34 (QN/Block) 	Elapsed: 0.341	Loglikelihood: -621359	(delta): 0.321673
35 (QN/Block) 	Elapsed: 0.355	Loglikelihood: -621359	(delta): 0.0321334
36 (QN/Block) 	Elapsed: 0.34	Loglikelihood: -621359	(delta): 0.00270375
37 (QN/Block) 	Elapsed: 0.341	Loglikelihood: -621359	(delta): 0.000105013
38 (QN/Block) 	Elapsed: 0.341	Loglikelihood: -621359	(delta): 2.82738e-06
Summary: 
Converged in 38 iterations (14.964 sec)
Loglikelihood: -621358.559465
Fst divergences between estimated populations: 
	Pop0	Pop1	Pop2	Pop3	Pop4	
Pop0	
Pop1	0.456	
Pop2	0.455	0.091	
Pop3	0.400	0.409	0.407	
Pop4	0.230	0.344	0.342	0.278	
Pop5	0.465	0.369	0.366	0.420	0.352	
CV error (K=6): 0.15005
Writing output files.
