****                   ADMIXTURE Version 1.3.0                  ****
****                    Copyright 2008-2015                     ****
****           David Alexander, Suyash Shringarpure,            ****
****                John  Novembre, Ken Lange                   ****
****                                                            ****
****                 Please cite our paper!                     ****
****   Information at www.genetics.ucla.edu/software/admixture  ****

Cross-validation will be performed.  Folds=5.
Random seed: 32488
Point estimation method: Block relaxation algorithm
Convergence acceleration algorithm: QuasiNewton, 3 secant conditions
Point estimation will terminate when objective function delta < 0.0001
Estimation of standard errors disabled; will compute point estimates only.
Size of G: 260x13929
Performing five EM steps to prime main algorithm
1 (EM) 	Elapsed: 0.17	Loglikelihood: -1.08656e+06	(delta): 3.61881e+06
2 (EM) 	Elapsed: 0.169	Loglikelihood: -1.00293e+06	(delta): 83627.9
3 (EM) 	Elapsed: 0.169	Loglikelihood: -990598	(delta): 12335
4 (EM) 	Elapsed: 0.17	Loglikelihood: -983328	(delta): 7270.84
5 (EM) 	Elapsed: 0.17	Loglikelihood: -977562	(delta): 5765.81
Initial loglikelihood: -977562
Starting main algorithm
1 (QN/Block) 	Elapsed: 0.4	Loglikelihood: -730255	(delta): 247306
2 (QN/Block) 	Elapsed: 0.398	Loglikelihood: -672035	(delta): 58220.1
3 (QN/Block) 	Elapsed: 0.425	Loglikelihood: -645110	(delta): 26925.4
4 (QN/Block) 	Elapsed: 0.436	Loglikelihood: -620911	(delta): 24199.1
5 (QN/Block) 	Elapsed: 0.464	Loglikelihood: -612391	(delta): 8520.12
6 (QN/Block) 	Elapsed: 0.463	Loglikelihood: -609379	(delta): 3011.69
7 (QN/Block) 	Elapsed: 0.418	Loglikelihood: -608376	(delta): 1002.8
8 (QN/Block) 	Elapsed: 0.418	Loglikelihood: -607861	(delta): 515.496
9 (QN/Block) 	Elapsed: 0.433	Loglikelihood: -605011	(delta): 2849.25
10 (QN/Block) 	Elapsed: 0.418	Loglikelihood: -602526	(delta): 2485.23
11 (QN/Block) 	Elapsed: 0.463	Loglikelihood: -601250	(delta): 1276.03
12 (QN/Block) 	Elapsed: 0.463	Loglikelihood: -600231	(delta): 1018.68
13 (QN/Block) 	Elapsed: 0.418	Loglikelihood: -599434	(delta): 797.918
14 (QN/Block) 	Elapsed: 0.418	Loglikelihood: -599038	(delta): 395.697
15 (QN/Block) 	Elapsed: 0.418	Loglikelihood: -598935	(delta): 102.434
16 (QN/Block) 	Elapsed: 0.462	Loglikelihood: -598906	(delta): 29.6388
17 (QN/Block) 	Elapsed: 0.462	Loglikelihood: -598891	(delta): 14.4786
18 (QN/Block) 	Elapsed: 0.418	Loglikelihood: -598888	(delta): 2.87949
19 (QN/Block) 	Elapsed: 0.417	Loglikelihood: -598888	(delta): 0.158928
20 (QN/Block) 	Elapsed: 0.418	Loglikelihood: -598888	(delta): 0.00834295
21 (QN/Block) 	Elapsed: 0.462	Loglikelihood: -598888	(delta): 0.000557434
22 (QN/Block) 	Elapsed: 0.462	Loglikelihood: -598888	(delta): 0.000300997
23 (QN/Block) 	Elapsed: 0.462	Loglikelihood: -598888	(delta): 0.000543822
24 (QN/Block) 	Elapsed: 0.418	Loglikelihood: -598888	(delta): 0.000540745
25 (QN/Block) 	Elapsed: 0.463	Loglikelihood: -598888	(delta): 0.000311373
26 (QN/Block) 	Elapsed: 0.418	Loglikelihood: -598888	(delta): 0.000120663
27 (QN/Block) 	Elapsed: 0.418	Loglikelihood: -598888	(delta): 8.31636e-06
Summary: 
Converged in 27 iterations (13.115 sec)
Loglikelihood: -598888.246937
Fst divergences between estimated populations: 
	Pop0	Pop1	Pop2	Pop3	Pop4	Pop5	
Pop0	
Pop1	0.414	
Pop2	0.365	0.482	
Pop3	0.397	0.341	0.462	
Pop4	0.417	0.460	0.481	0.436	
Pop5	0.325	0.365	0.374	0.337	0.251	
Pop6	0.292	0.423	0.179	0.396	0.409	0.305	
CV error (K=7): 0.14542
Writing output files.
