****                   ADMIXTURE Version 1.3.0                  ****
****                    Copyright 2008-2015                     ****
****           David Alexander, Suyash Shringarpure,            ****
****                John  Novembre, Ken Lange                   ****
****                                                            ****
****                 Please cite our paper!                     ****
****   Information at www.genetics.ucla.edu/software/admixture  ****

Cross-validation will be performed.  Folds=5.
Random seed: 32488
Point estimation method: Block relaxation algorithm
Convergence acceleration algorithm: QuasiNewton, 3 secant conditions
Point estimation will terminate when objective function delta < 0.0001
Estimation of standard errors disabled; will compute point estimates only.
Size of G: 260x13929
Performing five EM steps to prime main algorithm
1 (EM) 	Elapsed: 0.12	Loglikelihood: -1.08531e+06	(delta): 3.72716e+06
2 (EM) 	Elapsed: 0.12	Loglikelihood: -1.00541e+06	(delta): 79893.7
3 (EM) 	Elapsed: 0.12	Loglikelihood: -992522	(delta): 12889.1
4 (EM) 	Elapsed: 0.12	Loglikelihood: -984690	(delta): 7832.65
5 (EM) 	Elapsed: 0.12	Loglikelihood: -978447	(delta): 6242.32
Initial loglikelihood: -978447
Starting main algorithm
1 (QN/Block) 	Elapsed: 0.247	Loglikelihood: -774848	(delta): 203599
2 (QN/Block) 	Elapsed: 0.248	Loglikelihood: -717914	(delta): 56934
3 (QN/Block) 	Elapsed: 0.273	Loglikelihood: -680278	(delta): 37636.5
4 (QN/Block) 	Elapsed: 0.274	Loglikelihood: -645309	(delta): 34969.2
5 (QN/Block) 	Elapsed: 0.285	Loglikelihood: -629081	(delta): 16228
6 (QN/Block) 	Elapsed: 0.311	Loglikelihood: -626238	(delta): 2842.74
7 (QN/Block) 	Elapsed: 0.31	Loglikelihood: -625322	(delta): 915.487
8 (QN/Block) 	Elapsed: 0.31	Loglikelihood: -625027	(delta): 295.675
9 (QN/Block) 	Elapsed: 0.272	Loglikelihood: -624958	(delta): 68.9746
10 (QN/Block) 	Elapsed: 0.273	Loglikelihood: -624952	(delta): 5.67226
11 (QN/Block) 	Elapsed: 0.284	Loglikelihood: -624952	(delta): 0.607938
12 (QN/Block) 	Elapsed: 0.273	Loglikelihood: -624951	(delta): 0.0694176
13 (QN/Block) 	Elapsed: 0.31	Loglikelihood: -624951	(delta): 0.00811717
14 (QN/Block) 	Elapsed: 0.31	Loglikelihood: -624951	(delta): 0.00694389
15 (QN/Block) 	Elapsed: 0.31	Loglikelihood: -624951	(delta): 0.00640048
16 (QN/Block) 	Elapsed: 0.31	Loglikelihood: -624951	(delta): 0.00191307
17 (QN/Block) 	Elapsed: 0.31	Loglikelihood: -624951	(delta): 0.000504203
18 (QN/Block) 	Elapsed: 0.271	Loglikelihood: -624951	(delta): 0.000712174
19 (QN/Block) 	Elapsed: 0.272	Loglikelihood: -624951	(delta): 5.01185e-05
Summary: 
Converged in 19 iterations (6.403 sec)
Loglikelihood: -624951.414626
Fst divergences between estimated populations: 
	Pop0	Pop1	Pop2	Pop3	
Pop0	
Pop1	0.364	
Pop2	0.453	0.465	
Pop3	0.405	0.420	0.400	
Pop4	0.341	0.352	0.231	0.278	
CV error (K=5): 0.14684
Writing output files.
