****                   ADMIXTURE Version 1.3.0                  ****
****                    Copyright 2008-2015                     ****
****           David Alexander, Suyash Shringarpure,            ****
****                John  Novembre, Ken Lange                   ****
****                                                            ****
****                 Please cite our paper!                     ****
****   Information at www.genetics.ucla.edu/software/admixture  ****

Cross-validation will be performed.  Folds=5.
Random seed: 32488
Point estimation method: Block relaxation algorithm
Convergence acceleration algorithm: QuasiNewton, 3 secant conditions
Point estimation will terminate when objective function delta < 0.0001
Estimation of standard errors disabled; will compute point estimates only.
Size of G: 260x13929
Performing five EM steps to prime main algorithm
1 (EM) 	Elapsed: 0.216	Loglikelihood: -1.08667e+06	(delta): 3.54497e+06
2 (EM) 	Elapsed: 0.215	Loglikelihood: -1.00101e+06	(delta): 85660.2
3 (EM) 	Elapsed: 0.215	Loglikelihood: -987825	(delta): 13187.9
4 (EM) 	Elapsed: 0.215	Loglikelihood: -980128	(delta): 7697.74
5 (EM) 	Elapsed: 0.215	Loglikelihood: -973889	(delta): 6238.18
Initial loglikelihood: -973889
Starting main algorithm
1 (QN/Block) 	Elapsed: 0.577	Loglikelihood: -719104	(delta): 254785
2 (QN/Block) 	Elapsed: 0.574	Loglikelihood: -648729	(delta): 70374.8
3 (QN/Block) 	Elapsed: 0.611	Loglikelihood: -624024	(delta): 24705.8
4 (QN/Block) 	Elapsed: 0.661	Loglikelihood: -608820	(delta): 15203.3
5 (QN/Block) 	Elapsed: 0.605	Loglikelihood: -601308	(delta): 7511.99
6 (QN/Block) 	Elapsed: 0.61	Loglikelihood: -597433	(delta): 3875.84
7 (QN/Block) 	Elapsed: 0.622	Loglikelihood: -593000	(delta): 4432.84
8 (QN/Block) 	Elapsed: 0.642	Loglikelihood: -589622	(delta): 3378.11
9 (QN/Block) 	Elapsed: 0.656	Loglikelihood: -588292	(delta): 1330.09
10 (QN/Block) 	Elapsed: 0.658	Loglikelihood: -587362	(delta): 929.559
11 (QN/Block) 	Elapsed: 0.605	Loglikelihood: -586785	(delta): 576.636
12 (QN/Block) 	Elapsed: 0.606	Loglikelihood: -586643	(delta): 141.949
13 (QN/Block) 	Elapsed: 0.664	Loglikelihood: -586592	(delta): 50.9099
14 (QN/Block) 	Elapsed: 0.656	Loglikelihood: -586580	(delta): 12.2126
15 (QN/Block) 	Elapsed: 0.607	Loglikelihood: -586580	(delta): 0.756095
16 (QN/Block) 	Elapsed: 0.657	Loglikelihood: -586579	(delta): 0.151141
17 (QN/Block) 	Elapsed: 0.656	Loglikelihood: -586579	(delta): 0.512947
18 (QN/Block) 	Elapsed: 0.657	Loglikelihood: -586577	(delta): 1.75199
19 (QN/Block) 	Elapsed: 0.604	Loglikelihood: -586577	(delta): 0.339956
20 (QN/Block) 	Elapsed: 0.659	Loglikelihood: -586576	(delta): 0.402626
21 (QN/Block) 	Elapsed: 0.656	Loglikelihood: -586576	(delta): 0.00271245
22 (QN/Block) 	Elapsed: 0.659	Loglikelihood: -586576	(delta): 0.000259257
23 (QN/Block) 	Elapsed: 0.604	Loglikelihood: -586576	(delta): 4.85722e-05
Summary: 
Converged in 23 iterations (16.133 sec)
Loglikelihood: -586576.341634
Fst divergences between estimated populations: 
	Pop0	Pop1	Pop2	Pop3	Pop4	Pop5	Pop6	Pop7	
Pop0	
Pop1	0.400	
Pop2	0.427	0.485	
Pop3	0.476	0.499	0.477	
Pop4	0.440	0.462	0.446	0.383	
Pop5	0.420	0.460	0.339	0.449	0.420	
Pop6	0.424	0.442	0.430	0.353	0.332	0.402	
Pop7	0.471	0.490	0.473	0.161	0.377	0.452	0.352	
Pop8	0.325	0.182	0.425	0.429	0.401	0.394	0.378	0.419	
CV error (K=9): 0.14775
Writing output files.
