****                   ADMIXTURE Version 1.3.0                  ****
****                    Copyright 2008-2015                     ****
****           David Alexander, Suyash Shringarpure,            ****
****                John  Novembre, Ken Lange                   ****
****                                                            ****
****                 Please cite our paper!                     ****
****   Information at www.genetics.ucla.edu/software/admixture  ****

Cross-validation will be performed.  Folds=5.
Random seed: 19683
Point estimation method: Block relaxation algorithm
Convergence acceleration algorithm: QuasiNewton, 3 secant conditions
Point estimation will terminate when objective function delta < 0.0001
Estimation of standard errors disabled; will compute point estimates only.
Size of G: 260x13929
Performing five EM steps to prime main algorithm
1 (EM) 	Elapsed: 0.079	Loglikelihood: -1.0675e+06	(delta): 4.03657e+06
2 (EM) 	Elapsed: 0.078	Loglikelihood: -1.00574e+06	(delta): 61767.9
3 (EM) 	Elapsed: 0.078	Loglikelihood: -995657	(delta): 10078.8
4 (EM) 	Elapsed: 0.078	Loglikelihood: -990079	(delta): 5577.87
5 (EM) 	Elapsed: 0.078	Loglikelihood: -986481	(delta): 3597.69
Initial loglikelihood: -986481
Starting main algorithm
1 (QN/Block) 	Elapsed: 0.144	Loglikelihood: -868400	(delta): 118081
2 (QN/Block) 	Elapsed: 0.144	Loglikelihood: -816803	(delta): 51597.3
3 (QN/Block) 	Elapsed: 0.166	Loglikelihood: -796652	(delta): 20150.9
4 (QN/Block) 	Elapsed: 0.177	Loglikelihood: -775491	(delta): 21161
5 (QN/Block) 	Elapsed: 0.177	Loglikelihood: -734298	(delta): 41193.2
6 (QN/Block) 	Elapsed: 0.187	Loglikelihood: -726127	(delta): 8170.98
7 (QN/Block) 	Elapsed: 0.167	Loglikelihood: -724697	(delta): 1429.24
8 (QN/Block) 	Elapsed: 0.167	Loglikelihood: -723362	(delta): 1335.17
9 (QN/Block) 	Elapsed: 0.178	Loglikelihood: -722763	(delta): 599.195
10 (QN/Block) 	Elapsed: 0.199	Loglikelihood: -722741	(delta): 22.1382
11 (QN/Block) 	Elapsed: 0.177	Loglikelihood: -722740	(delta): 0.610565
12 (QN/Block) 	Elapsed: 0.199	Loglikelihood: -722740	(delta): 0.00166289
13 (QN/Block) 	Elapsed: 0.177	Loglikelihood: -722740	(delta): 4.21528e-06
Summary: 
Converged in 13 iterations (2.878 sec)
Loglikelihood: -722740.253169
Fst divergences between estimated populations: 
	Pop0	Pop1	
Pop0	
Pop1	0.290	
Pop2	0.332	0.284	
CV error (K=3): 0.17023
Writing output files.
