****                   ADMIXTURE Version 1.3.0                  ****
****                    Copyright 2008-2015                     ****
****           David Alexander, Suyash Shringarpure,            ****
****                John  Novembre, Ken Lange                   ****
****                                                            ****
****                 Please cite our paper!                     ****
****   Information at www.genetics.ucla.edu/software/admixture  ****

Cross-validation will be performed.  Folds=5.
Random seed: 19683
Point estimation method: Block relaxation algorithm
Convergence acceleration algorithm: QuasiNewton, 3 secant conditions
Point estimation will terminate when objective function delta < 0.0001
Estimation of standard errors disabled; will compute point estimates only.
Size of G: 260x13929
Performing five EM steps to prime main algorithm
1 (EM) 	Elapsed: 0.216	Loglikelihood: -1.08794e+06	(delta): 3.52752e+06
2 (EM) 	Elapsed: 0.216	Loglikelihood: -1.0005e+06	(delta): 87438.8
3 (EM) 	Elapsed: 0.215	Loglikelihood: -987129	(delta): 13370.4
4 (EM) 	Elapsed: 0.216	Loglikelihood: -979081	(delta): 8047.64
5 (EM) 	Elapsed: 0.215	Loglikelihood: -972313	(delta): 6768.99
Initial loglikelihood: -972313
Starting main algorithm
1 (QN/Block) 	Elapsed: 0.583	Loglikelihood: -712415	(delta): 259898
2 (QN/Block) 	Elapsed: 0.58	Loglikelihood: -657697	(delta): 54717.4
3 (QN/Block) 	Elapsed: 0.629	Loglikelihood: -629461	(delta): 28236.1
4 (QN/Block) 	Elapsed: 0.644	Loglikelihood: -607759	(delta): 21702.7
5 (QN/Block) 	Elapsed: 0.658	Loglikelihood: -594803	(delta): 12955.5
6 (QN/Block) 	Elapsed: 0.604	Loglikelihood: -589084	(delta): 5719.51
7 (QN/Block) 	Elapsed: 0.606	Loglikelihood: -587155	(delta): 1929.06
8 (QN/Block) 	Elapsed: 0.605	Loglikelihood: -586627	(delta): 527.477
9 (QN/Block) 	Elapsed: 0.604	Loglikelihood: -586467	(delta): 159.958
10 (QN/Block) 	Elapsed: 0.608	Loglikelihood: -586408	(delta): 59.1206
11 (QN/Block) 	Elapsed: 0.607	Loglikelihood: -586381	(delta): 27.1061
12 (QN/Block) 	Elapsed: 0.604	Loglikelihood: -586370	(delta): 11.2302
13 (QN/Block) 	Elapsed: 0.622	Loglikelihood: -586357	(delta): 13.0509
14 (QN/Block) 	Elapsed: 0.658	Loglikelihood: -586339	(delta): 17.4056
15 (QN/Block) 	Elapsed: 0.606	Loglikelihood: -586332	(delta): 6.89494
16 (QN/Block) 	Elapsed: 0.644	Loglikelihood: -586321	(delta): 11.3435
17 (QN/Block) 	Elapsed: 0.622	Loglikelihood: -586306	(delta): 15.3591
18 (QN/Block) 	Elapsed: 0.64	Loglikelihood: -586270	(delta): 36.0887
19 (QN/Block) 	Elapsed: 0.623	Loglikelihood: -586242	(delta): 27.3711
20 (QN/Block) 	Elapsed: 0.641	Loglikelihood: -586219	(delta): 22.8942
21 (QN/Block) 	Elapsed: 0.639	Loglikelihood: -586206	(delta): 12.9708
22 (QN/Block) 	Elapsed: 0.657	Loglikelihood: -586179	(delta): 27.4104
23 (QN/Block) 	Elapsed: 0.656	Loglikelihood: -586160	(delta): 18.5336
24 (QN/Block) 	Elapsed: 0.603	Loglikelihood: -586141	(delta): 19.7853
25 (QN/Block) 	Elapsed: 0.606	Loglikelihood: -586096	(delta): 44.8781
26 (QN/Block) 	Elapsed: 0.626	Loglikelihood: -586055	(delta): 40.8142
27 (QN/Block) 	Elapsed: 0.608	Loglikelihood: -586030	(delta): 25.3081
28 (QN/Block) 	Elapsed: 0.643	Loglikelihood: -586018	(delta): 11.5275
29 (QN/Block) 	Elapsed: 0.624	Loglikelihood: -586009	(delta): 8.97863
30 (QN/Block) 	Elapsed: 0.657	Loglikelihood: -586007	(delta): 2.50562
31 (QN/Block) 	Elapsed: 0.659	Loglikelihood: -586005	(delta): 1.91407
32 (QN/Block) 	Elapsed: 0.66	Loglikelihood: -586000	(delta): 4.57088
33 (QN/Block) 	Elapsed: 0.66	Loglikelihood: -585998	(delta): 1.89199
34 (QN/Block) 	Elapsed: 0.606	Loglikelihood: -585998	(delta): 0.14057
35 (QN/Block) 	Elapsed: 0.605	Loglikelihood: -585998	(delta): 0.0222857
36 (QN/Block) 	Elapsed: 0.606	Loglikelihood: -585998	(delta): 0.00112786
37 (QN/Block) 	Elapsed: 0.604	Loglikelihood: -585998	(delta): 0.000137979
38 (QN/Block) 	Elapsed: 0.605	Loglikelihood: -585998	(delta): 1.23046e-05
Summary: 
Converged in 38 iterations (25.611 sec)
Loglikelihood: -585998.003831
Fst divergences between estimated populations: 
	Pop0	Pop1	Pop2	Pop3	Pop4	Pop5	Pop6	Pop7	
Pop0	
Pop1	0.445	
Pop2	0.461	0.348	
Pop3	0.481	0.466	0.482	
Pop4	0.340	0.407	0.429	0.443	
Pop5	0.410	0.401	0.424	0.176	0.380	
Pop6	0.445	0.066	0.346	0.467	0.409	0.401	
Pop7	0.458	0.447	0.461	0.390	0.421	0.318	0.447	
Pop8	0.333	0.417	0.435	0.451	0.318	0.388	0.419	0.430	
CV error (K=9): 0.14869
Writing output files.
