****                   ADMIXTURE Version 1.3.0                  ****
****                    Copyright 2008-2015                     ****
****           David Alexander, Suyash Shringarpure,            ****
****                John  Novembre, Ken Lange                   ****
****                                                            ****
****                 Please cite our paper!                     ****
****   Information at www.genetics.ucla.edu/software/admixture  ****

Cross-validation will be performed.  Folds=5.
Random seed: 19683
Point estimation method: Block relaxation algorithm
Convergence acceleration algorithm: QuasiNewton, 3 secant conditions
Point estimation will terminate when objective function delta < 0.0001
Estimation of standard errors disabled; will compute point estimates only.
Size of G: 260x13929
Performing five EM steps to prime main algorithm
1 (EM) 	Elapsed: 0.171	Loglikelihood: -1.08626e+06	(delta): 3.58989e+06
2 (EM) 	Elapsed: 0.17	Loglikelihood: -1.00261e+06	(delta): 83647.6
3 (EM) 	Elapsed: 0.17	Loglikelihood: -989925	(delta): 12684.7
4 (EM) 	Elapsed: 0.17	Loglikelihood: -982478	(delta): 7447.38
5 (EM) 	Elapsed: 0.169	Loglikelihood: -976468	(delta): 6009.6
Initial loglikelihood: -976468
Starting main algorithm
1 (QN/Block) 	Elapsed: 0.397	Loglikelihood: -755801	(delta): 220667
2 (QN/Block) 	Elapsed: 0.392	Loglikelihood: -669697	(delta): 86103.9
3 (QN/Block) 	Elapsed: 0.438	Loglikelihood: -636650	(delta): 33046.4
4 (QN/Block) 	Elapsed: 0.436	Loglikelihood: -616607	(delta): 20043.2
5 (QN/Block) 	Elapsed: 0.466	Loglikelihood: -606987	(delta): 9620.61
6 (QN/Block) 	Elapsed: 0.42	Loglikelihood: -603029	(delta): 3957.84
7 (QN/Block) 	Elapsed: 0.419	Loglikelihood: -601345	(delta): 1684.09
8 (QN/Block) 	Elapsed: 0.419	Loglikelihood: -600135	(delta): 1209.66
9 (QN/Block) 	Elapsed: 0.419	Loglikelihood: -599250	(delta): 885.421
10 (QN/Block) 	Elapsed: 0.419	Loglikelihood: -598962	(delta): 287.755
11 (QN/Block) 	Elapsed: 0.419	Loglikelihood: -598908	(delta): 53.7987
12 (QN/Block) 	Elapsed: 0.463	Loglikelihood: -598891	(delta): 17.3856
13 (QN/Block) 	Elapsed: 0.419	Loglikelihood: -598886	(delta): 4.34218
14 (QN/Block) 	Elapsed: 0.463	Loglikelihood: -598884	(delta): 2.20914
15 (QN/Block) 	Elapsed: 0.464	Loglikelihood: -598883	(delta): 1.06362
16 (QN/Block) 	Elapsed: 0.463	Loglikelihood: -598883	(delta): 0.082861
17 (QN/Block) 	Elapsed: 0.419	Loglikelihood: -598883	(delta): 0.0152103
18 (QN/Block) 	Elapsed: 0.418	Loglikelihood: -598883	(delta): 0.000451262
19 (QN/Block) 	Elapsed: 0.418	Loglikelihood: -598883	(delta): 6.5265e-05
Summary: 
Converged in 19 iterations (9.436 sec)
Loglikelihood: -598882.990236
Fst divergences between estimated populations: 
	Pop0	Pop1	Pop2	Pop3	Pop4	Pop5	
Pop0	
Pop1	0.363	
Pop2	0.304	0.425	
Pop3	0.248	0.461	0.411	
Pop4	0.340	0.434	0.305	0.430	
Pop5	0.371	0.481	0.177	0.479	0.372	
Pop6	0.336	0.341	0.396	0.438	0.407	0.459	
CV error (K=7): 0.14564
Writing output files.
