****                   ADMIXTURE Version 1.3.0                  ****
****                    Copyright 2008-2015                     ****
****           David Alexander, Suyash Shringarpure,            ****
****                John  Novembre, Ken Lange                   ****
****                                                            ****
****                 Please cite our paper!                     ****
****   Information at www.genetics.ucla.edu/software/admixture  ****

Cross-validation will be performed.  Folds=5.
Random seed: 19683
Point estimation method: Block relaxation algorithm
Convergence acceleration algorithm: QuasiNewton, 3 secant conditions
Point estimation will terminate when objective function delta < 0.0001
Estimation of standard errors disabled; will compute point estimates only.
Size of G: 260x13929
Performing five EM steps to prime main algorithm
1 (EM) 	Elapsed: 0.098	Loglikelihood: -1.07879e+06	(delta): 3.82952e+06
2 (EM) 	Elapsed: 0.097	Loglikelihood: -1.00615e+06	(delta): 72640.2
3 (EM) 	Elapsed: 0.097	Loglikelihood: -994920	(delta): 11225
4 (EM) 	Elapsed: 0.097	Loglikelihood: -988481	(delta): 6439.53
5 (EM) 	Elapsed: 0.097	Loglikelihood: -983758	(delta): 4722.48
Initial loglikelihood: -983758
Starting main algorithm
1 (QN/Block) 	Elapsed: 0.193	Loglikelihood: -803554	(delta): 180204
2 (QN/Block) 	Elapsed: 0.193	Loglikelihood: -743590	(delta): 59964
3 (QN/Block) 	Elapsed: 0.218	Loglikelihood: -717890	(delta): 25700.7
4 (QN/Block) 	Elapsed: 0.217	Loglikelihood: -702595	(delta): 15294.4
5 (QN/Block) 	Elapsed: 0.217	Loglikelihood: -696053	(delta): 6541.7
6 (QN/Block) 	Elapsed: 0.217	Loglikelihood: -694071	(delta): 1982.29
7 (QN/Block) 	Elapsed: 0.252	Loglikelihood: -693740	(delta): 330.834
8 (QN/Block) 	Elapsed: 0.217	Loglikelihood: -693681	(delta): 59.3906
9 (QN/Block) 	Elapsed: 0.216	Loglikelihood: -693675	(delta): 6.07512
10 (QN/Block) 	Elapsed: 0.217	Loglikelihood: -693674	(delta): 0.795699
11 (QN/Block) 	Elapsed: 0.218	Loglikelihood: -693674	(delta): 0.0571377
12 (QN/Block) 	Elapsed: 0.253	Loglikelihood: -693674	(delta): 0.0168465
13 (QN/Block) 	Elapsed: 0.218	Loglikelihood: -693674	(delta): 0.00170233
14 (QN/Block) 	Elapsed: 0.216	Loglikelihood: -693674	(delta): 0.000557272
15 (QN/Block) 	Elapsed: 0.216	Loglikelihood: -693674	(delta): 0.00039729
16 (QN/Block) 	Elapsed: 0.216	Loglikelihood: -693674	(delta): 3.89921e-06
Summary: 
Converged in 16 iterations (4.277 sec)
Loglikelihood: -693673.942217
Fst divergences between estimated populations: 
	Pop0	Pop1	Pop2	
Pop0	
Pop1	0.278	
Pop2	0.230	0.400	
Pop3	0.268	0.334	0.381	
CV error (K=4): 0.16532
Writing output files.
