****                   ADMIXTURE Version 1.3.0                  ****
****                    Copyright 2008-2015                     ****
****           David Alexander, Suyash Shringarpure,            ****
****                John  Novembre, Ken Lange                   ****
****                                                            ****
****                 Please cite our paper!                     ****
****   Information at www.genetics.ucla.edu/software/admixture  ****

Cross-validation will be performed.  Folds=5.
Random seed: 19683
Point estimation method: Block relaxation algorithm
Convergence acceleration algorithm: QuasiNewton, 3 secant conditions
Point estimation will terminate when objective function delta < 0.0001
Estimation of standard errors disabled; will compute point estimates only.
Size of G: 260x13929
Performing five EM steps to prime main algorithm
1 (EM) 	Elapsed: 0.12	Loglikelihood: -1.08477e+06	(delta): 3.71261e+06
2 (EM) 	Elapsed: 0.12	Loglikelihood: -1.00669e+06	(delta): 78083.1
3 (EM) 	Elapsed: 0.12	Loglikelihood: -995249	(delta): 11437
4 (EM) 	Elapsed: 0.12	Loglikelihood: -988847	(delta): 6401.87
5 (EM) 	Elapsed: 0.12	Loglikelihood: -984093	(delta): 4753.47
Initial loglikelihood: -984093
Starting main algorithm
1 (QN/Block) 	Elapsed: 0.247	Loglikelihood: -782017	(delta): 202076
2 (QN/Block) 	Elapsed: 0.247	Loglikelihood: -705557	(delta): 76460.5
3 (QN/Block) 	Elapsed: 0.274	Loglikelihood: -667384	(delta): 38173
4 (QN/Block) 	Elapsed: 0.276	Loglikelihood: -642670	(delta): 24714.1
5 (QN/Block) 	Elapsed: 0.311	Loglikelihood: -631257	(delta): 11412.5
6 (QN/Block) 	Elapsed: 0.273	Loglikelihood: -626118	(delta): 5139.29
7 (QN/Block) 	Elapsed: 0.272	Loglikelihood: -625297	(delta): 820.86
8 (QN/Block) 	Elapsed: 0.272	Loglikelihood: -625063	(delta): 234.12
9 (QN/Block) 	Elapsed: 0.272	Loglikelihood: -624994	(delta): 68.6666
10 (QN/Block) 	Elapsed: 0.272	Loglikelihood: -624960	(delta): 34.4526
11 (QN/Block) 	Elapsed: 0.273	Loglikelihood: -624955	(delta): 5.31848
12 (QN/Block) 	Elapsed: 0.273	Loglikelihood: -624953	(delta): 1.49808
13 (QN/Block) 	Elapsed: 0.311	Loglikelihood: -624953	(delta): 0.369579
14 (QN/Block) 	Elapsed: 0.312	Loglikelihood: -624953	(delta): 0.0186706
15 (QN/Block) 	Elapsed: 0.311	Loglikelihood: -624953	(delta): 0.00466228
16 (QN/Block) 	Elapsed: 0.311	Loglikelihood: -624953	(delta): 0.00490783
17 (QN/Block) 	Elapsed: 0.311	Loglikelihood: -624953	(delta): 0.00187674
18 (QN/Block) 	Elapsed: 0.311	Loglikelihood: -624953	(delta): 1.07225e-05
Summary: 
Converged in 18 iterations (6.067 sec)
Loglikelihood: -624952.788069
Fst divergences between estimated populations: 
	Pop0	Pop1	Pop2	Pop3	
Pop0	
Pop1	0.400	
Pop2	0.278	0.231	
Pop3	0.405	0.453	0.341	
Pop4	0.420	0.465	0.352	0.364	
CV error (K=5): 0.14721
Writing output files.
