****                   ADMIXTURE Version 1.3.0                  ****
****                    Copyright 2008-2015                     ****
****           David Alexander, Suyash Shringarpure,            ****
****                John  Novembre, Ken Lange                   ****
****                                                            ****
****                 Please cite our paper!                     ****
****   Information at www.genetics.ucla.edu/software/admixture  ****

Cross-validation will be performed.  Folds=5.
Random seed: 19683
Point estimation method: Block relaxation algorithm
Convergence acceleration algorithm: QuasiNewton, 3 secant conditions
Point estimation will terminate when objective function delta < 0.0001
Estimation of standard errors disabled; will compute point estimates only.
Size of G: 260x13929
Performing five EM steps to prime main algorithm
1 (EM) 	Elapsed: 0.19	Loglikelihood: -1.08691e+06	(delta): 3.55259e+06
2 (EM) 	Elapsed: 0.189	Loglikelihood: -1.00088e+06	(delta): 86027.8
3 (EM) 	Elapsed: 0.189	Loglikelihood: -987483	(delta): 13395.8
4 (EM) 	Elapsed: 0.189	Loglikelihood: -979113	(delta): 8370.79
5 (EM) 	Elapsed: 0.189	Loglikelihood: -971952	(delta): 7160.67
Initial loglikelihood: -971952
Starting main algorithm
1 (QN/Block) 	Elapsed: 0.482	Loglikelihood: -727164	(delta): 244788
2 (QN/Block) 	Elapsed: 0.479	Loglikelihood: -656474	(delta): 70689.4
3 (QN/Block) 	Elapsed: 0.512	Loglikelihood: -631206	(delta): 25268.3
4 (QN/Block) 	Elapsed: 0.544	Loglikelihood: -613629	(delta): 17576.9
5 (QN/Block) 	Elapsed: 0.509	Loglikelihood: -606017	(delta): 7611.84
6 (QN/Block) 	Elapsed: 0.558	Loglikelihood: -602164	(delta): 3853.19
7 (QN/Block) 	Elapsed: 0.509	Loglikelihood: -600187	(delta): 1977.71
8 (QN/Block) 	Elapsed: 0.525	Loglikelihood: -598811	(delta): 1376
9 (QN/Block) 	Elapsed: 0.516	Loglikelihood: -598193	(delta): 617.66
10 (QN/Block) 	Elapsed: 0.515	Loglikelihood: -598003	(delta): 190.23
11 (QN/Block) 	Elapsed: 0.548	Loglikelihood: -597912	(delta): 90.1893
12 (QN/Block) 	Elapsed: 0.556	Loglikelihood: -597867	(delta): 45.0173
13 (QN/Block) 	Elapsed: 0.508	Loglikelihood: -597844	(delta): 23.3673
14 (QN/Block) 	Elapsed: 0.507	Loglikelihood: -597818	(delta): 26.4141
15 (QN/Block) 	Elapsed: 0.507	Loglikelihood: -597793	(delta): 24.4578
16 (QN/Block) 	Elapsed: 0.539	Loglikelihood: -597779	(delta): 14.3805
17 (QN/Block) 	Elapsed: 0.555	Loglikelihood: -597776	(delta): 3.03788
18 (QN/Block) 	Elapsed: 0.555	Loglikelihood: -597774	(delta): 1.63576
19 (QN/Block) 	Elapsed: 0.539	Loglikelihood: -597773	(delta): 1.61197
20 (QN/Block) 	Elapsed: 0.507	Loglikelihood: -597760	(delta): 12.248
21 (QN/Block) 	Elapsed: 0.555	Loglikelihood: -597754	(delta): 6.03521
22 (QN/Block) 	Elapsed: 0.507	Loglikelihood: -597749	(delta): 5.66173
23 (QN/Block) 	Elapsed: 0.555	Loglikelihood: -597743	(delta): 5.1075
24 (QN/Block) 	Elapsed: 0.555	Loglikelihood: -597739	(delta): 4.48459
25 (QN/Block) 	Elapsed: 0.542	Loglikelihood: -597739	(delta): 0.270667
26 (QN/Block) 	Elapsed: 0.557	Loglikelihood: -597739	(delta): 0.076703
27 (QN/Block) 	Elapsed: 0.508	Loglikelihood: -597739	(delta): 0.0797916
28 (QN/Block) 	Elapsed: 0.523	Loglikelihood: -597738	(delta): 0.445575
29 (QN/Block) 	Elapsed: 0.558	Loglikelihood: -597738	(delta): 0.17811
30 (QN/Block) 	Elapsed: 0.509	Loglikelihood: -597738	(delta): 0.000625176
31 (QN/Block) 	Elapsed: 0.559	Loglikelihood: -597738	(delta): 1.19898e-05
Summary: 
Converged in 31 iterations (17.992 sec)
Loglikelihood: -597737.922998
Fst divergences between estimated populations: 
	Pop0	Pop1	Pop2	Pop3	Pop4	Pop5	Pop6	
Pop0	
Pop1	0.390	
Pop2	0.400	0.341	
Pop3	0.428	0.299	0.381	
Pop4	0.453	0.307	0.398	0.352	
Pop5	0.477	0.419	0.164	0.455	0.483	
Pop6	0.369	0.409	0.424	0.444	0.473	0.496	
Pop7	0.363	0.405	0.419	0.443	0.469	0.493	0.070	
CV error (K=8): 0.14805
Writing output files.
