****                   ADMIXTURE Version 1.3.0                  ****
****                    Copyright 2008-2015                     ****
****           David Alexander, Suyash Shringarpure,            ****
****                John  Novembre, Ken Lange                   ****
****                                                            ****
****                 Please cite our paper!                     ****
****   Information at www.genetics.ucla.edu/software/admixture  ****

Cross-validation will be performed.  Folds=5.
Random seed: 19683
Point estimation method: Block relaxation algorithm
Convergence acceleration algorithm: QuasiNewton, 3 secant conditions
Point estimation will terminate when objective function delta < 0.0001
Estimation of standard errors disabled; will compute point estimates only.
Size of G: 260x13929
Performing five EM steps to prime main algorithm
1 (EM) 	Elapsed: 0.143	Loglikelihood: -1.0855e+06	(delta): 3.6473e+06
2 (EM) 	Elapsed: 0.142	Loglikelihood: -1.00308e+06	(delta): 82419.5
3 (EM) 	Elapsed: 0.142	Loglikelihood: -990375	(delta): 12706.7
4 (EM) 	Elapsed: 0.142	Loglikelihood: -982714	(delta): 7660.97
5 (EM) 	Elapsed: 0.142	Loglikelihood: -976669	(delta): 6045.35
Initial loglikelihood: -976669
Starting main algorithm
1 (QN/Block) 	Elapsed: 0.317	Loglikelihood: -755870	(delta): 220799
2 (QN/Block) 	Elapsed: 0.316	Loglikelihood: -693266	(delta): 62603.5
3 (QN/Block) 	Elapsed: 0.345	Loglikelihood: -665895	(delta): 27371.7
4 (QN/Block) 	Elapsed: 0.358	Loglikelihood: -643468	(delta): 22426.3
5 (QN/Block) 	Elapsed: 0.383	Loglikelihood: -631849	(delta): 11619.1
6 (QN/Block) 	Elapsed: 0.356	Loglikelihood: -625862	(delta): 5986.74
7 (QN/Block) 	Elapsed: 0.383	Loglikelihood: -622406	(delta): 3456.66
8 (QN/Block) 	Elapsed: 0.355	Loglikelihood: -618118	(delta): 4287.43
9 (QN/Block) 	Elapsed: 0.383	Loglikelihood: -614412	(delta): 3705.95
10 (QN/Block) 	Elapsed: 0.382	Loglikelihood: -612929	(delta): 1483.5
11 (QN/Block) 	Elapsed: 0.383	Loglikelihood: -611898	(delta): 1030.88
12 (QN/Block) 	Elapsed: 0.381	Loglikelihood: -611467	(delta): 431.179
13 (QN/Block) 	Elapsed: 0.382	Loglikelihood: -611378	(delta): 88.9194
14 (QN/Block) 	Elapsed: 0.342	Loglikelihood: -611335	(delta): 42.9583
15 (QN/Block) 	Elapsed: 0.382	Loglikelihood: -611272	(delta): 62.5704
16 (QN/Block) 	Elapsed: 0.354	Loglikelihood: -611216	(delta): 56.1556
17 (QN/Block) 	Elapsed: 0.341	Loglikelihood: -611176	(delta): 40.3302
18 (QN/Block) 	Elapsed: 0.341	Loglikelihood: -611141	(delta): 34.3112
19 (QN/Block) 	Elapsed: 0.341	Loglikelihood: -611113	(delta): 28.6733
20 (QN/Block) 	Elapsed: 0.382	Loglikelihood: -611101	(delta): 12.0687
21 (QN/Block) 	Elapsed: 0.354	Loglikelihood: -611093	(delta): 7.41286
22 (QN/Block) 	Elapsed: 0.341	Loglikelihood: -611090	(delta): 3.64577
23 (QN/Block) 	Elapsed: 0.342	Loglikelihood: -611089	(delta): 0.974761
24 (QN/Block) 	Elapsed: 0.342	Loglikelihood: -611087	(delta): 1.35366
25 (QN/Block) 	Elapsed: 0.368	Loglikelihood: -611085	(delta): 2.04228
26 (QN/Block) 	Elapsed: 0.368	Loglikelihood: -611084	(delta): 1.2828
27 (QN/Block) 	Elapsed: 0.383	Loglikelihood: -611084	(delta): 0.138071
28 (QN/Block) 	Elapsed: 0.341	Loglikelihood: -611084	(delta): 0.0255161
29 (QN/Block) 	Elapsed: 0.383	Loglikelihood: -611084	(delta): 0.000299118
30 (QN/Block) 	Elapsed: 0.342	Loglikelihood: -611084	(delta): 7.09434e-05
Summary: 
Converged in 30 iterations (12.02 sec)
Loglikelihood: -611083.831967
Fst divergences between estimated populations: 
	Pop0	Pop1	Pop2	Pop3	Pop4	
Pop0	
Pop1	0.441	
Pop2	0.460	0.345	
Pop3	0.252	0.343	0.364	
Pop4	0.403	0.401	0.421	0.313	
Pop5	0.408	0.398	0.419	0.303	0.266	
CV error (K=6): 0.14759
Writing output files.
