****                   ADMIXTURE Version 1.3.0                  ****
****                    Copyright 2008-2015                     ****
****           David Alexander, Suyash Shringarpure,            ****
****                John  Novembre, Ken Lange                   ****
****                                                            ****
****                 Please cite our paper!                     ****
****   Information at www.genetics.ucla.edu/software/admixture  ****

Cross-validation will be performed.  Folds=5.
Random seed: 19683
Point estimation method: Block relaxation algorithm
Convergence acceleration algorithm: QuasiNewton, 3 secant conditions
Point estimation will terminate when objective function delta < 0.0001
Estimation of standard errors disabled; will compute point estimates only.
Size of G: 260x13929
Performing five EM steps to prime main algorithm
1 (EM) 	Elapsed: 0.252	Loglikelihood: -1.08836e+06	(delta): 3.50802e+06
2 (EM) 	Elapsed: 0.25	Loglikelihood: -999399	(delta): 88961.9
3 (EM) 	Elapsed: 0.25	Loglikelihood: -986370	(delta): 13029.1
4 (EM) 	Elapsed: 0.251	Loglikelihood: -978569	(delta): 7801.81
5 (EM) 	Elapsed: 0.25	Loglikelihood: -971984	(delta): 6584.3
Initial loglikelihood: -971984
Starting main algorithm
1 (QN/Block) 	Elapsed: 0.693	Loglikelihood: -706808	(delta): 265176
2 (QN/Block) 	Elapsed: 0.683	Loglikelihood: -648213	(delta): 58595.6
3 (QN/Block) 	Elapsed: 0.732	Loglikelihood: -618366	(delta): 29846.6
4 (QN/Block) 	Elapsed: 0.717	Loglikelihood: -599210	(delta): 19156.4
5 (QN/Block) 	Elapsed: 0.771	Loglikelihood: -589911	(delta): 9298.52
6 (QN/Block) 	Elapsed: 0.711	Loglikelihood: -585557	(delta): 4353.96
7 (QN/Block) 	Elapsed: 0.767	Loglikelihood: -584046	(delta): 1511.25
8 (QN/Block) 	Elapsed: 0.709	Loglikelihood: -583554	(delta): 491.866
9 (QN/Block) 	Elapsed: 0.709	Loglikelihood: -583334	(delta): 219.661
10 (QN/Block) 	Elapsed: 0.709	Loglikelihood: -583170	(delta): 164.379
11 (QN/Block) 	Elapsed: 0.708	Loglikelihood: -583047	(delta): 122.937
12 (QN/Block) 	Elapsed: 0.77	Loglikelihood: -582973	(delta): 74.2191
13 (QN/Block) 	Elapsed: 0.729	Loglikelihood: -582931	(delta): 41.7256
14 (QN/Block) 	Elapsed: 0.77	Loglikelihood: -582886	(delta): 44.7125
15 (QN/Block) 	Elapsed: 0.711	Loglikelihood: -582864	(delta): 21.8487
16 (QN/Block) 	Elapsed: 0.732	Loglikelihood: -582853	(delta): 11.4696
17 (QN/Block) 	Elapsed: 0.749	Loglikelihood: -582842	(delta): 10.8009
18 (QN/Block) 	Elapsed: 0.768	Loglikelihood: -582836	(delta): 6.4721
19 (QN/Block) 	Elapsed: 0.71	Loglikelihood: -582835	(delta): 0.690128
20 (QN/Block) 	Elapsed: 0.71	Loglikelihood: -582835	(delta): 0.265461
21 (QN/Block) 	Elapsed: 0.711	Loglikelihood: -582835	(delta): 0.145168
22 (QN/Block) 	Elapsed: 0.709	Loglikelihood: -582835	(delta): 0.0175542
23 (QN/Block) 	Elapsed: 0.712	Loglikelihood: -582835	(delta): 0.0104582
24 (QN/Block) 	Elapsed: 0.711	Loglikelihood: -582835	(delta): 0.0151188
25 (QN/Block) 	Elapsed: 0.709	Loglikelihood: -582835	(delta): 0.0103583
26 (QN/Block) 	Elapsed: 0.71	Loglikelihood: -582835	(delta): 0.0215409
27 (QN/Block) 	Elapsed: 0.71	Loglikelihood: -582835	(delta): 0.030401
28 (QN/Block) 	Elapsed: 0.712	Loglikelihood: -582834	(delta): 0.0134484
29 (QN/Block) 	Elapsed: 0.712	Loglikelihood: -582834	(delta): 0.00277566
30 (QN/Block) 	Elapsed: 0.712	Loglikelihood: -582834	(delta): 0.000656385
31 (QN/Block) 	Elapsed: 0.712	Loglikelihood: -582834	(delta): 6.45505e-05
Summary: 
Converged in 31 iterations (24.397 sec)
Loglikelihood: -582834.488719
Fst divergences between estimated populations: 
	Pop0	Pop1	Pop2	Pop3	Pop4	Pop5	Pop6	Pop7	Pop8	
Pop0	
Pop1	0.481	
Pop2	0.165	0.428	
Pop3	0.476	0.466	0.410	
Pop4	0.479	0.047	0.425	0.463	
Pop5	0.453	0.445	0.397	0.348	0.443	
Pop6	0.463	0.355	0.404	0.447	0.353	0.423	
Pop7	0.467	0.358	0.408	0.450	0.355	0.428	0.089	
Pop8	0.330	0.455	0.259	0.448	0.453	0.424	0.438	0.440	
Pop9	0.456	0.449	0.400	0.358	0.446	0.347	0.430	0.434	0.430	
CV error (K=10): 0.15137
Writing output files.
