****                   ADMIXTURE Version 1.3.0                  ****
****                    Copyright 2008-2015                     ****
****           David Alexander, Suyash Shringarpure,            ****
****                John  Novembre, Ken Lange                   ****
****                                                            ****
****                 Please cite our paper!                     ****
****   Information at www.genetics.ucla.edu/software/admixture  ****

Cross-validation will be performed.  Folds=5.
Random seed: 30995
Point estimation method: Block relaxation algorithm
Convergence acceleration algorithm: QuasiNewton, 3 secant conditions
Point estimation will terminate when objective function delta < 0.0001
Estimation of standard errors disabled; will compute point estimates only.
Size of G: 260x13929
Performing five EM steps to prime main algorithm
1 (EM) 	Elapsed: 0.076	Loglikelihood: -1.07021e+06	(delta): 4.00265e+06
2 (EM) 	Elapsed: 0.075	Loglikelihood: -1.00561e+06	(delta): 64593.5
3 (EM) 	Elapsed: 0.075	Loglikelihood: -995013	(delta): 10600.8
4 (EM) 	Elapsed: 0.075	Loglikelihood: -988841	(delta): 6171.66
5 (EM) 	Elapsed: 0.075	Loglikelihood: -984521	(delta): 4320.28
Initial loglikelihood: -984521
Starting main algorithm
1 (QN/Block) 	Elapsed: 0.14	Loglikelihood: -820748	(delta): 163773
2 (QN/Block) 	Elapsed: 0.141	Loglikelihood: -775336	(delta): 45411.7
3 (QN/Block) 	Elapsed: 0.162	Loglikelihood: -747880	(delta): 27456.1
4 (QN/Block) 	Elapsed: 0.163	Loglikelihood: -731777	(delta): 16103.3
5 (QN/Block) 	Elapsed: 0.163	Loglikelihood: -724670	(delta): 7107.32
6 (QN/Block) 	Elapsed: 0.164	Loglikelihood: -722955	(delta): 1714.87
7 (QN/Block) 	Elapsed: 0.186	Loglikelihood: -722781	(delta): 173.504
8 (QN/Block) 	Elapsed: 0.186	Loglikelihood: -722743	(delta): 38.5332
9 (QN/Block) 	Elapsed: 0.196	Loglikelihood: -722741	(delta): 1.76588
10 (QN/Block) 	Elapsed: 0.195	Loglikelihood: -722740	(delta): 0.622152
11 (QN/Block) 	Elapsed: 0.195	Loglikelihood: -722740	(delta): 0.0810302
12 (QN/Block) 	Elapsed: 0.195	Loglikelihood: -722740	(delta): 1.41663e-05
Summary: 
Converged in 12 iterations (2.681 sec)
Loglikelihood: -722740.159206
Fst divergences between estimated populations: 
	Pop0	Pop1	
Pop0	
Pop1	0.290	
Pop2	0.332	0.284	
CV error (K=3): 0.17049
Writing output files.
