****                   ADMIXTURE Version 1.3.0                  ****
****                    Copyright 2008-2015                     ****
****           David Alexander, Suyash Shringarpure,            ****
****                John  Novembre, Ken Lange                   ****
****                                                            ****
****                 Please cite our paper!                     ****
****   Information at www.genetics.ucla.edu/software/admixture  ****

Cross-validation will be performed.  Folds=5.
Random seed: 30995
Point estimation method: Block relaxation algorithm
Convergence acceleration algorithm: QuasiNewton, 3 secant conditions
Point estimation will terminate when objective function delta < 0.0001
Estimation of standard errors disabled; will compute point estimates only.
Size of G: 260x13929
Performing five EM steps to prime main algorithm
1 (EM) 	Elapsed: 0.147	Loglikelihood: -1.08631e+06	(delta): 3.64117e+06
2 (EM) 	Elapsed: 0.146	Loglikelihood: -1.00443e+06	(delta): 81877.6
3 (EM) 	Elapsed: 0.146	Loglikelihood: -992055	(delta): 12378.6
4 (EM) 	Elapsed: 0.146	Loglikelihood: -984948	(delta): 7106.97
5 (EM) 	Elapsed: 0.146	Loglikelihood: -979253	(delta): 5695
Initial loglikelihood: -979253
Starting main algorithm
1 (QN/Block) 	Elapsed: 0.324	Loglikelihood: -749679	(delta): 229574
2 (QN/Block) 	Elapsed: 0.324	Loglikelihood: -684258	(delta): 65421.7
3 (QN/Block) 	Elapsed: 0.352	Loglikelihood: -655211	(delta): 29046.7
4 (QN/Block) 	Elapsed: 0.352	Loglikelihood: -630821	(delta): 24390.4
5 (QN/Block) 	Elapsed: 0.378	Loglikelihood: -620915	(delta): 9905.89
6 (QN/Block) 	Elapsed: 0.35	Loglikelihood: -616182	(delta): 4732.97
7 (QN/Block) 	Elapsed: 0.355	Loglikelihood: -612938	(delta): 3243.98
8 (QN/Block) 	Elapsed: 0.355	Loglikelihood: -611703	(delta): 1235.08
9 (QN/Block) 	Elapsed: 0.343	Loglikelihood: -611420	(delta): 282.267
10 (QN/Block) 	Elapsed: 0.383	Loglikelihood: -611347	(delta): 73.4067
11 (QN/Block) 	Elapsed: 0.383	Loglikelihood: -611324	(delta): 22.6878
12 (QN/Block) 	Elapsed: 0.342	Loglikelihood: -611296	(delta): 28.7369
13 (QN/Block) 	Elapsed: 0.342	Loglikelihood: -611281	(delta): 14.7536
14 (QN/Block) 	Elapsed: 0.383	Loglikelihood: -611277	(delta): 4.34067
15 (QN/Block) 	Elapsed: 0.355	Loglikelihood: -611275	(delta): 1.11768
16 (QN/Block) 	Elapsed: 0.355	Loglikelihood: -611274	(delta): 1.1648
17 (QN/Block) 	Elapsed: 0.342	Loglikelihood: -611274	(delta): 0.0653751
18 (QN/Block) 	Elapsed: 0.341	Loglikelihood: -611274	(delta): 0.0178812
19 (QN/Block) 	Elapsed: 0.342	Loglikelihood: -611274	(delta): 0.00160664
20 (QN/Block) 	Elapsed: 0.342	Loglikelihood: -611274	(delta): 0.000261442
21 (QN/Block) 	Elapsed: 0.341	Loglikelihood: -611274	(delta): 9.11762e-05
Summary: 
Converged in 21 iterations (8.521 sec)
Loglikelihood: -611274.184757
Fst divergences between estimated populations: 
	Pop0	Pop1	Pop2	Pop3	Pop4	
Pop0	
Pop1	0.297	
Pop2	0.407	0.248	
Pop3	0.332	0.358	0.460	
Pop4	0.399	0.338	0.439	0.458	
Pop5	0.418	0.360	0.459	0.471	0.345	
CV error (K=6): 0.14789
Writing output files.
