****                   ADMIXTURE Version 1.3.0                  ****
****                    Copyright 2008-2015                     ****
****           David Alexander, Suyash Shringarpure,            ****
****                John  Novembre, Ken Lange                   ****
****                                                            ****
****                 Please cite our paper!                     ****
****   Information at www.genetics.ucla.edu/software/admixture  ****

Cross-validation will be performed.  Folds=5.
Random seed: 30995
Point estimation method: Block relaxation algorithm
Convergence acceleration algorithm: QuasiNewton, 3 secant conditions
Point estimation will terminate when objective function delta < 0.0001
Estimation of standard errors disabled; will compute point estimates only.
Size of G: 260x13929
Performing five EM steps to prime main algorithm
1 (EM) 	Elapsed: 0.256	Loglikelihood: -1.08611e+06	(delta): 3.51545e+06
2 (EM) 	Elapsed: 0.256	Loglikelihood: -999365	(delta): 86743.7
3 (EM) 	Elapsed: 0.253	Loglikelihood: -986255	(delta): 13109.3
4 (EM) 	Elapsed: 0.256	Loglikelihood: -978319	(delta): 7936.65
5 (EM) 	Elapsed: 0.256	Loglikelihood: -971715	(delta): 6604.01
Initial loglikelihood: -971715
Starting main algorithm
1 (QN/Block) 	Elapsed: 0.69	Loglikelihood: -709137	(delta): 262578
2 (QN/Block) 	Elapsed: 0.686	Loglikelihood: -644789	(delta): 64347.5
3 (QN/Block) 	Elapsed: 0.723	Loglikelihood: -621215	(delta): 23574
4 (QN/Block) 	Elapsed: 0.737	Loglikelihood: -605848	(delta): 15367.8
5 (QN/Block) 	Elapsed: 0.713	Loglikelihood: -595648	(delta): 10199.8
6 (QN/Block) 	Elapsed: 0.73	Loglikelihood: -588951	(delta): 6697.07
7 (QN/Block) 	Elapsed: 0.711	Loglikelihood: -585338	(delta): 3612.63
8 (QN/Block) 	Elapsed: 0.766	Loglikelihood: -584059	(delta): 1279.16
9 (QN/Block) 	Elapsed: 0.712	Loglikelihood: -583575	(delta): 483.783
10 (QN/Block) 	Elapsed: 0.769	Loglikelihood: -583390	(delta): 185.111
11 (QN/Block) 	Elapsed: 0.71	Loglikelihood: -583300	(delta): 89.7003
12 (QN/Block) 	Elapsed: 0.71	Loglikelihood: -583219	(delta): 80.9042
13 (QN/Block) 	Elapsed: 0.714	Loglikelihood: -583190	(delta): 29.5622
14 (QN/Block) 	Elapsed: 0.729	Loglikelihood: -583163	(delta): 26.7334
15 (QN/Block) 	Elapsed: 0.75	Loglikelihood: -583149	(delta): 13.9881
16 (QN/Block) 	Elapsed: 0.752	Loglikelihood: -583136	(delta): 12.7236
17 (QN/Block) 	Elapsed: 0.709	Loglikelihood: -583122	(delta): 14.0021
18 (QN/Block) 	Elapsed: 0.767	Loglikelihood: -583104	(delta): 18.3533
19 (QN/Block) 	Elapsed: 0.764	Loglikelihood: -583078	(delta): 25.9681
20 (QN/Block) 	Elapsed: 0.766	Loglikelihood: -583039	(delta): 39.3137
21 (QN/Block) 	Elapsed: 0.769	Loglikelihood: -583009	(delta): 29.4667
22 (QN/Block) 	Elapsed: 0.747	Loglikelihood: -582991	(delta): 17.8294
23 (QN/Block) 	Elapsed: 0.765	Loglikelihood: -582973	(delta): 18.1129
24 (QN/Block) 	Elapsed: 0.766	Loglikelihood: -582964	(delta): 9.80765
25 (QN/Block) 	Elapsed: 0.73	Loglikelihood: -582959	(delta): 4.6991
26 (QN/Block) 	Elapsed: 0.75	Loglikelihood: -582956	(delta): 2.70739
27 (QN/Block) 	Elapsed: 0.707	Loglikelihood: -582956	(delta): 0.107472
28 (QN/Block) 	Elapsed: 0.711	Loglikelihood: -582956	(delta): 0.000751327
29 (QN/Block) 	Elapsed: 0.71	Loglikelihood: -582956	(delta): 0.000527406
30 (QN/Block) 	Elapsed: 0.711	Loglikelihood: -582956	(delta): 5.4997e-05
Summary: 
Converged in 30 iterations (23.998 sec)
Loglikelihood: -582956.001171
Fst divergences between estimated populations: 
	Pop0	Pop1	Pop2	Pop3	Pop4	Pop5	Pop6	Pop7	Pop8	
Pop0	
Pop1	0.476	
Pop2	0.212	0.397	
Pop3	0.510	0.420	0.443	
Pop4	0.537	0.177	0.462	0.483	
Pop5	0.433	0.428	0.347	0.469	0.486	
Pop6	0.516	0.413	0.443	0.374	0.483	0.468	
Pop7	0.485	0.393	0.417	0.368	0.452	0.440	0.353	
Pop8	0.490	0.226	0.416	0.431	0.305	0.440	0.436	0.411	
Pop9	0.432	0.425	0.346	0.467	0.484	0.049	0.467	0.439	0.438	
CV error (K=10): 0.15005
Writing output files.
