****                   ADMIXTURE Version 1.3.0                  ****
****                    Copyright 2008-2015                     ****
****           David Alexander, Suyash Shringarpure,            ****
****                John  Novembre, Ken Lange                   ****
****                                                            ****
****                 Please cite our paper!                     ****
****   Information at www.genetics.ucla.edu/software/admixture  ****

Cross-validation will be performed.  Folds=5.
Random seed: 30995
Point estimation method: Block relaxation algorithm
Convergence acceleration algorithm: QuasiNewton, 3 secant conditions
Point estimation will terminate when objective function delta < 0.0001
Estimation of standard errors disabled; will compute point estimates only.
Size of G: 260x13929
Performing five EM steps to prime main algorithm
1 (EM) 	Elapsed: 0.167	Loglikelihood: -1.08555e+06	(delta): 3.59381e+06
2 (EM) 	Elapsed: 0.166	Loglikelihood: -1.00394e+06	(delta): 81607.6
3 (EM) 	Elapsed: 0.166	Loglikelihood: -992098	(delta): 11841.5
4 (EM) 	Elapsed: 0.166	Loglikelihood: -985436	(delta): 6662.37
5 (EM) 	Elapsed: 0.166	Loglikelihood: -980193	(delta): 5243.02
Initial loglikelihood: -980193
Starting main algorithm
1 (QN/Block) 	Elapsed: 0.394	Loglikelihood: -741459	(delta): 238734
2 (QN/Block) 	Elapsed: 0.391	Loglikelihood: -684264	(delta): 57194.7
3 (QN/Block) 	Elapsed: 0.422	Loglikelihood: -655010	(delta): 29254.2
4 (QN/Block) 	Elapsed: 0.452	Loglikelihood: -630220	(delta): 24790.6
5 (QN/Block) 	Elapsed: 0.421	Loglikelihood: -616845	(delta): 13374.5
6 (QN/Block) 	Elapsed: 0.464	Loglikelihood: -611789	(delta): 5055.79
7 (QN/Block) 	Elapsed: 0.42	Loglikelihood: -609940	(delta): 1849.2
8 (QN/Block) 	Elapsed: 0.42	Loglikelihood: -609064	(delta): 875.775
9 (QN/Block) 	Elapsed: 0.419	Loglikelihood: -608628	(delta): 436.135
10 (QN/Block) 	Elapsed: 0.419	Loglikelihood: -608483	(delta): 144.741
11 (QN/Block) 	Elapsed: 0.464	Loglikelihood: -608413	(delta): 70.2468
12 (QN/Block) 	Elapsed: 0.466	Loglikelihood: -608373	(delta): 40.5527
13 (QN/Block) 	Elapsed: 0.418	Loglikelihood: -608352	(delta): 20.9199
14 (QN/Block) 	Elapsed: 0.463	Loglikelihood: -608329	(delta): 22.9415
15 (QN/Block) 	Elapsed: 0.463	Loglikelihood: -608295	(delta): 34.0364
16 (QN/Block) 	Elapsed: 0.433	Loglikelihood: -608267	(delta): 27.7508
17 (QN/Block) 	Elapsed: 0.428	Loglikelihood: -608249	(delta): 18.0502
18 (QN/Block) 	Elapsed: 0.42	Loglikelihood: -608219	(delta): 29.616
19 (QN/Block) 	Elapsed: 0.433	Loglikelihood: -608202	(delta): 17.3142
20 (QN/Block) 	Elapsed: 0.462	Loglikelihood: -608197	(delta): 5.04386
21 (QN/Block) 	Elapsed: 0.433	Loglikelihood: -608196	(delta): 0.68052
22 (QN/Block) 	Elapsed: 0.448	Loglikelihood: -608196	(delta): 0.0380301
23 (QN/Block) 	Elapsed: 0.462	Loglikelihood: -608196	(delta): 0.0135193
24 (QN/Block) 	Elapsed: 0.462	Loglikelihood: -608196	(delta): 0.00740955
25 (QN/Block) 	Elapsed: 0.464	Loglikelihood: -608196	(delta): 0.00120418
26 (QN/Block) 	Elapsed: 0.419	Loglikelihood: -608196	(delta): 6.99505e-06
Summary: 
Converged in 26 iterations (12.714 sec)
Loglikelihood: -608196.202668
Fst divergences between estimated populations: 
	Pop0	Pop1	Pop2	Pop3	Pop4	Pop5	
Pop0	
Pop1	0.277	
Pop2	0.232	0.395	
Pop3	0.359	0.167	0.481	
Pop4	0.344	0.402	0.455	0.481	
Pop5	0.359	0.422	0.472	0.498	0.372	
Pop6	0.357	0.420	0.470	0.496	0.368	0.072	
CV error (K=7): 0.14799
Writing output files.
