****                   ADMIXTURE Version 1.3.0                  ****
****                    Copyright 2008-2015                     ****
****           David Alexander, Suyash Shringarpure,            ****
****                John  Novembre, Ken Lange                   ****
****                                                            ****
****                 Please cite our paper!                     ****
****   Information at www.genetics.ucla.edu/software/admixture  ****

Cross-validation will be performed.  Folds=5.
Random seed: 30995
Point estimation method: Block relaxation algorithm
Convergence acceleration algorithm: QuasiNewton, 3 secant conditions
Point estimation will terminate when objective function delta < 0.0001
Estimation of standard errors disabled; will compute point estimates only.
Size of G: 260x13929
Performing five EM steps to prime main algorithm
1 (EM) 	Elapsed: 0.102	Loglikelihood: -1.07679e+06	(delta): 3.85114e+06
2 (EM) 	Elapsed: 0.099	Loglikelihood: -1.00421e+06	(delta): 72582.2
3 (EM) 	Elapsed: 0.099	Loglikelihood: -991680	(delta): 12531.9
4 (EM) 	Elapsed: 0.099	Loglikelihood: -984206	(delta): 7473.66
5 (EM) 	Elapsed: 0.099	Loglikelihood: -978491	(delta): 5715.91
Initial loglikelihood: -978491
Starting main algorithm
1 (QN/Block) 	Elapsed: 0.201	Loglikelihood: -782422	(delta): 196068
2 (QN/Block) 	Elapsed: 0.201	Loglikelihood: -705973	(delta): 76449
3 (QN/Block) 	Elapsed: 0.226	Loglikelihood: -676921	(delta): 29052
4 (QN/Block) 	Elapsed: 0.225	Loglikelihood: -662056	(delta): 14865.1
5 (QN/Block) 	Elapsed: 0.236	Loglikelihood: -656323	(delta): 5733.56
6 (QN/Block) 	Elapsed: 0.216	Loglikelihood: -654409	(delta): 1914.08
7 (QN/Block) 	Elapsed: 0.216	Loglikelihood: -654084	(delta): 324.852
8 (QN/Block) 	Elapsed: 0.217	Loglikelihood: -654003	(delta): 80.6321
9 (QN/Block) 	Elapsed: 0.216	Loglikelihood: -653968	(delta): 35.0466
10 (QN/Block) 	Elapsed: 0.216	Loglikelihood: -653956	(delta): 12.085
11 (QN/Block) 	Elapsed: 0.228	Loglikelihood: -653955	(delta): 0.443115
12 (QN/Block) 	Elapsed: 0.252	Loglikelihood: -653955	(delta): 0.394237
13 (QN/Block) 	Elapsed: 0.252	Loglikelihood: -653955	(delta): 0.0752181
14 (QN/Block) 	Elapsed: 0.251	Loglikelihood: -653955	(delta): 0.000565704
15 (QN/Block) 	Elapsed: 0.216	Loglikelihood: -653955	(delta): 0.000217677
16 (QN/Block) 	Elapsed: 0.216	Loglikelihood: -653955	(delta): 1.40246e-06
Summary: 
Converged in 16 iterations (4.378 sec)
Loglikelihood: -653954.996493
Fst divergences between estimated populations: 
	Pop0	Pop1	Pop2	
Pop0	
Pop1	0.359	
Pop2	0.364	0.368	
Pop3	0.404	0.290	0.416	
CV error (K=4): 0.15183
Writing output files.
