****                   ADMIXTURE Version 1.3.0                  ****
****                    Copyright 2008-2015                     ****
****           David Alexander, Suyash Shringarpure,            ****
****                John  Novembre, Ken Lange                   ****
****                                                            ****
****                 Please cite our paper!                     ****
****   Information at www.genetics.ucla.edu/software/admixture  ****

Cross-validation will be performed.  Folds=5.
Random seed: 30995
Point estimation method: Block relaxation algorithm
Convergence acceleration algorithm: QuasiNewton, 3 secant conditions
Point estimation will terminate when objective function delta < 0.0001
Estimation of standard errors disabled; will compute point estimates only.
Size of G: 260x13929
Performing five EM steps to prime main algorithm
1 (EM) 	Elapsed: 0.12	Loglikelihood: -1.08288e+06	(delta): 3.71728e+06
2 (EM) 	Elapsed: 0.12	Loglikelihood: -1.00561e+06	(delta): 77271.2
3 (EM) 	Elapsed: 0.12	Loglikelihood: -993660	(delta): 11953.2
4 (EM) 	Elapsed: 0.12	Loglikelihood: -986716	(delta): 6943.65
5 (EM) 	Elapsed: 0.12	Loglikelihood: -981340	(delta): 5375.81
Initial loglikelihood: -981340
Starting main algorithm
1 (QN/Block) 	Elapsed: 0.247	Loglikelihood: -775872	(delta): 205468
2 (QN/Block) 	Elapsed: 0.247	Loglikelihood: -696059	(delta): 79813.3
3 (QN/Block) 	Elapsed: 0.273	Loglikelihood: -665763	(delta): 30296.1
4 (QN/Block) 	Elapsed: 0.273	Loglikelihood: -648184	(delta): 17578.7
5 (QN/Block) 	Elapsed: 0.31	Loglikelihood: -641701	(delta): 6482.42
6 (QN/Block) 	Elapsed: 0.272	Loglikelihood: -639137	(delta): 2564.47
7 (QN/Block) 	Elapsed: 0.272	Loglikelihood: -638555	(delta): 581.575
8 (QN/Block) 	Elapsed: 0.272	Loglikelihood: -638460	(delta): 95.5592
9 (QN/Block) 	Elapsed: 0.272	Loglikelihood: -638447	(delta): 13.0207
10 (QN/Block) 	Elapsed: 0.272	Loglikelihood: -638440	(delta): 6.54117
11 (QN/Block) 	Elapsed: 0.31	Loglikelihood: -638437	(delta): 3.40188
12 (QN/Block) 	Elapsed: 0.272	Loglikelihood: -638435	(delta): 2.17911
13 (QN/Block) 	Elapsed: 0.272	Loglikelihood: -638433	(delta): 1.17999
14 (QN/Block) 	Elapsed: 0.313	Loglikelihood: -638433	(delta): 0.153224
15 (QN/Block) 	Elapsed: 0.272	Loglikelihood: -638433	(delta): 0.0173649
16 (QN/Block) 	Elapsed: 0.272	Loglikelihood: -638433	(delta): 0.00569077
17 (QN/Block) 	Elapsed: 0.273	Loglikelihood: -638433	(delta): 0.0017926
18 (QN/Block) 	Elapsed: 0.272	Loglikelihood: -638433	(delta): 0.000340641
19 (QN/Block) 	Elapsed: 0.272	Loglikelihood: -638433	(delta): 2.63799e-05
Summary: 
Converged in 19 iterations (6.188 sec)
Loglikelihood: -638433.314010
Fst divergences between estimated populations: 
	Pop0	Pop1	Pop2	Pop3	
Pop0	
Pop1	0.417	
Pop2	0.117	0.404	
Pop3	0.432	0.367	0.415	
Pop4	0.308	0.360	0.294	0.370	
CV error (K=5): 0.15131
Writing output files.
