****                   ADMIXTURE Version 1.3.0                  ****
****                    Copyright 2008-2015                     ****
****           David Alexander, Suyash Shringarpure,            ****
****                John  Novembre, Ken Lange                   ****
****                                                            ****
****                 Please cite our paper!                     ****
****   Information at www.genetics.ucla.edu/software/admixture  ****

Cross-validation will be performed.  Folds=5.
Random seed: 30425
Point estimation method: Block relaxation algorithm
Convergence acceleration algorithm: QuasiNewton, 3 secant conditions
Point estimation will terminate when objective function delta < 0.0001
Estimation of standard errors disabled; will compute point estimates only.
Size of G: 260x13929
Performing five EM steps to prime main algorithm
1 (EM) 	Elapsed: 0.22	Loglikelihood: -1.08618e+06	(delta): 3.51816e+06
2 (EM) 	Elapsed: 0.217	Loglikelihood: -1.00159e+06	(delta): 84591.1
3 (EM) 	Elapsed: 0.215	Loglikelihood: -989152	(delta): 12434.9
4 (EM) 	Elapsed: 0.215	Loglikelihood: -981934	(delta): 7218.63
5 (EM) 	Elapsed: 0.215	Loglikelihood: -976139	(delta): 5795.05
Initial loglikelihood: -976139
Starting main algorithm
1 (QN/Block) 	Elapsed: 0.577	Loglikelihood: -731886	(delta): 244252
2 (QN/Block) 	Elapsed: 0.575	Loglikelihood: -651066	(delta): 80820.1
3 (QN/Block) 	Elapsed: 0.609	Loglikelihood: -621172	(delta): 29894.1
4 (QN/Block) 	Elapsed: 0.646	Loglikelihood: -602834	(delta): 18338.3
5 (QN/Block) 	Elapsed: 0.607	Loglikelihood: -594550	(delta): 8283.51
6 (QN/Block) 	Elapsed: 0.607	Loglikelihood: -590463	(delta): 4087.36
7 (QN/Block) 	Elapsed: 0.607	Loglikelihood: -588410	(delta): 2052.79
8 (QN/Block) 	Elapsed: 0.659	Loglikelihood: -587622	(delta): 788.77
9 (QN/Block) 	Elapsed: 0.605	Loglikelihood: -587297	(delta): 324.631
10 (QN/Block) 	Elapsed: 0.607	Loglikelihood: -587086	(delta): 210.656
11 (QN/Block) 	Elapsed: 0.606	Loglikelihood: -586913	(delta): 172.796
12 (QN/Block) 	Elapsed: 0.639	Loglikelihood: -586773	(delta): 140.954
13 (QN/Block) 	Elapsed: 0.622	Loglikelihood: -586666	(delta): 106.218
14 (QN/Block) 	Elapsed: 0.606	Loglikelihood: -586577	(delta): 89.3692
15 (QN/Block) 	Elapsed: 0.622	Loglikelihood: -586504	(delta): 73.0315
16 (QN/Block) 	Elapsed: 0.604	Loglikelihood: -586455	(delta): 48.6558
17 (QN/Block) 	Elapsed: 0.604	Loglikelihood: -586429	(delta): 26.029
18 (QN/Block) 	Elapsed: 0.659	Loglikelihood: -586421	(delta): 8.23778
19 (QN/Block) 	Elapsed: 0.657	Loglikelihood: -586414	(delta): 7.29697
20 (QN/Block) 	Elapsed: 0.604	Loglikelihood: -586405	(delta): 9.01622
21 (QN/Block) 	Elapsed: 0.605	Loglikelihood: -586400	(delta): 4.21576
22 (QN/Block) 	Elapsed: 0.661	Loglikelihood: -586400	(delta): 0.457686
23 (QN/Block) 	Elapsed: 0.657	Loglikelihood: -586400	(delta): 0.00215147
24 (QN/Block) 	Elapsed: 0.604	Loglikelihood: -586400	(delta): 0.000186665
25 (QN/Block) 	Elapsed: 0.605	Loglikelihood: -586400	(delta): 4.49456e-06
Summary: 
Converged in 25 iterations (17.122 sec)
Loglikelihood: -586399.984287
Fst divergences between estimated populations: 
	Pop0	Pop1	Pop2	Pop3	Pop4	Pop5	Pop6	Pop7	
Pop0	
Pop1	0.275	
Pop2	0.443	0.396	
Pop3	0.463	0.424	0.346	
Pop4	0.459	0.410	0.438	0.463	
Pop5	0.441	0.403	0.426	0.454	0.368	
Pop6	0.423	0.383	0.405	0.431	0.339	0.331	
Pop7	0.464	0.428	0.347	0.048	0.466	0.457	0.434	
Pop8	0.347	0.168	0.459	0.482	0.478	0.462	0.443	0.485	
CV error (K=9): 0.14941
Writing output files.
