****                   ADMIXTURE Version 1.3.0                  ****
****                    Copyright 2008-2015                     ****
****           David Alexander, Suyash Shringarpure,            ****
****                John  Novembre, Ken Lange                   ****
****                                                            ****
****                 Please cite our paper!                     ****
****   Information at www.genetics.ucla.edu/software/admixture  ****

Cross-validation will be performed.  Folds=5.
Random seed: 30425
Point estimation method: Block relaxation algorithm
Convergence acceleration algorithm: QuasiNewton, 3 secant conditions
Point estimation will terminate when objective function delta < 0.0001
Estimation of standard errors disabled; will compute point estimates only.
Size of G: 260x13929
Performing five EM steps to prime main algorithm
1 (EM) 	Elapsed: 0.054	Loglikelihood: -1.04859e+06	(delta): 4.36189e+06
2 (EM) 	Elapsed: 0.053	Loglikelihood: -1.00305e+06	(delta): 45538.9
3 (EM) 	Elapsed: 0.053	Loglikelihood: -995567	(delta): 7486.75
4 (EM) 	Elapsed: 0.053	Loglikelihood: -991548	(delta): 4018.91
5 (EM) 	Elapsed: 0.053	Loglikelihood: -989270	(delta): 2277.68
Initial loglikelihood: -989270
Starting main algorithm
1 (QN/Block) 	Elapsed: 0.094	Loglikelihood: -908792	(delta): 80478
2 (QN/Block) 	Elapsed: 0.094	Loglikelihood: -879680	(delta): 29111.8
3 (QN/Block) 	Elapsed: 0.114	Loglikelihood: -863419	(delta): 16261.4
4 (QN/Block) 	Elapsed: 0.143	Loglikelihood: -850963	(delta): 12456.4
5 (QN/Block) 	Elapsed: 0.143	Loglikelihood: -840636	(delta): 10326.1
6 (QN/Block) 	Elapsed: 0.143	Loglikelihood: -831276	(delta): 9360.06
7 (QN/Block) 	Elapsed: 0.143	Loglikelihood: -828941	(delta): 2335.72
8 (QN/Block) 	Elapsed: 0.133	Loglikelihood: -828460	(delta): 480.229
9 (QN/Block) 	Elapsed: 0.143	Loglikelihood: -828331	(delta): 129.74
10 (QN/Block) 	Elapsed: 0.133	Loglikelihood: -828318	(delta): 12.9617
11 (QN/Block) 	Elapsed: 0.114	Loglikelihood: -828317	(delta): 0.680548
12 (QN/Block) 	Elapsed: 0.133	Loglikelihood: -828317	(delta): 0.0233038
13 (QN/Block) 	Elapsed: 0.114	Loglikelihood: -828317	(delta): 0.000563691
14 (QN/Block) 	Elapsed: 0.114	Loglikelihood: -828317	(delta): 2.01804e-05
Summary: 
Converged in 14 iterations (2.246 sec)
Loglikelihood: -828317.044451
Fst divergences between estimated populations: 
	Pop0	
Pop0	
Pop1	0.247	
CV error (K=2): 0.19777
Writing output files.
