****                   ADMIXTURE Version 1.3.0                  ****
****                    Copyright 2008-2015                     ****
****           David Alexander, Suyash Shringarpure,            ****
****                John  Novembre, Ken Lange                   ****
****                                                            ****
****                 Please cite our paper!                     ****
****   Information at www.genetics.ucla.edu/software/admixture  ****

Cross-validation will be performed.  Folds=5.
Random seed: 30425
Point estimation method: Block relaxation algorithm
Convergence acceleration algorithm: QuasiNewton, 3 secant conditions
Point estimation will terminate when objective function delta < 0.0001
Estimation of standard errors disabled; will compute point estimates only.
Size of G: 260x13929
Performing five EM steps to prime main algorithm
1 (EM) 	Elapsed: 0.101	Loglikelihood: -1.07795e+06	(delta): 3.81799e+06
2 (EM) 	Elapsed: 0.097	Loglikelihood: -1.0059e+06	(delta): 72049.6
3 (EM) 	Elapsed: 0.097	Loglikelihood: -994705	(delta): 11197.9
4 (EM) 	Elapsed: 0.097	Loglikelihood: -988286	(delta): 6419.38
5 (EM) 	Elapsed: 0.097	Loglikelihood: -983540	(delta): 4745.89
Initial loglikelihood: -983540
Starting main algorithm
1 (QN/Block) 	Elapsed: 0.192	Loglikelihood: -816005	(delta): 167535
2 (QN/Block) 	Elapsed: 0.192	Loglikelihood: -760050	(delta): 55954.8
3 (QN/Block) 	Elapsed: 0.229	Loglikelihood: -719677	(delta): 40373
4 (QN/Block) 	Elapsed: 0.216	Loglikelihood: -686945	(delta): 32732.5
5 (QN/Block) 	Elapsed: 0.216	Loglikelihood: -663697	(delta): 23247.7
6 (QN/Block) 	Elapsed: 0.216	Loglikelihood: -655788	(delta): 7908.82
7 (QN/Block) 	Elapsed: 0.228	Loglikelihood: -654674	(delta): 1114.61
8 (QN/Block) 	Elapsed: 0.217	Loglikelihood: -654156	(delta): 517.444
9 (QN/Block) 	Elapsed: 0.216	Loglikelihood: -654010	(delta): 145.994
10 (QN/Block) 	Elapsed: 0.239	Loglikelihood: -653962	(delta): 47.9134
11 (QN/Block) 	Elapsed: 0.252	Loglikelihood: -653954	(delta): 7.88132
12 (QN/Block) 	Elapsed: 0.252	Loglikelihood: -653954	(delta): 0.0456855
13 (QN/Block) 	Elapsed: 0.252	Loglikelihood: -653954	(delta): 0.0036166
14 (QN/Block) 	Elapsed: 0.251	Loglikelihood: -653954	(delta): 0.00315259
15 (QN/Block) 	Elapsed: 0.251	Loglikelihood: -653954	(delta): 0.00865742
16 (QN/Block) 	Elapsed: 0.252	Loglikelihood: -653954	(delta): 0.00407793
17 (QN/Block) 	Elapsed: 0.216	Loglikelihood: -653954	(delta): 0.001078
18 (QN/Block) 	Elapsed: 0.216	Loglikelihood: -653954	(delta): 6.58056e-05
Summary: 
Converged in 18 iterations (4.912 sec)
Loglikelihood: -653954.403412
Fst divergences between estimated populations: 
	Pop0	Pop1	Pop2	
Pop0	
Pop1	0.364	
Pop2	0.416	0.405	
Pop3	0.368	0.360	0.290	
CV error (K=4): 0.15127
Writing output files.
