****                   ADMIXTURE Version 1.3.0                  ****
****                    Copyright 2008-2015                     ****
****           David Alexander, Suyash Shringarpure,            ****
****                John  Novembre, Ken Lange                   ****
****                                                            ****
****                 Please cite our paper!                     ****
****   Information at www.genetics.ucla.edu/software/admixture  ****

Cross-validation will be performed.  Folds=5.
Random seed: 30425
Point estimation method: Block relaxation algorithm
Convergence acceleration algorithm: QuasiNewton, 3 secant conditions
Point estimation will terminate when objective function delta < 0.0001
Estimation of standard errors disabled; will compute point estimates only.
Size of G: 260x13929
Performing five EM steps to prime main algorithm
1 (EM) 	Elapsed: 0.194	Loglikelihood: -1.08555e+06	(delta): 3.55012e+06
2 (EM) 	Elapsed: 0.192	Loglikelihood: -1.0013e+06	(delta): 84241.9
3 (EM) 	Elapsed: 0.192	Loglikelihood: -988360	(delta): 12943.6
4 (EM) 	Elapsed: 0.192	Loglikelihood: -980497	(delta): 7862.41
5 (EM) 	Elapsed: 0.189	Loglikelihood: -974019	(delta): 6478.36
Initial loglikelihood: -974019
Starting main algorithm
1 (QN/Block) 	Elapsed: 0.485	Loglikelihood: -724699	(delta): 249320
2 (QN/Block) 	Elapsed: 0.479	Loglikelihood: -672379	(delta): 52319.8
3 (QN/Block) 	Elapsed: 0.511	Loglikelihood: -646684	(delta): 25695.5
4 (QN/Block) 	Elapsed: 0.56	Loglikelihood: -629007	(delta): 17676.5
5 (QN/Block) 	Elapsed: 0.509	Loglikelihood: -618766	(delta): 10241.3
6 (QN/Block) 	Elapsed: 0.509	Loglikelihood: -611611	(delta): 7154.94
7 (QN/Block) 	Elapsed: 0.524	Loglikelihood: -607985	(delta): 3625.68
8 (QN/Block) 	Elapsed: 0.508	Loglikelihood: -606403	(delta): 1582.75
9 (QN/Block) 	Elapsed: 0.506	Loglikelihood: -605925	(delta): 477.313
10 (QN/Block) 	Elapsed: 0.507	Loglikelihood: -605596	(delta): 329.023
11 (QN/Block) 	Elapsed: 0.507	Loglikelihood: -605424	(delta): 172.546
12 (QN/Block) 	Elapsed: 0.507	Loglikelihood: -605296	(delta): 127.27
13 (QN/Block) 	Elapsed: 0.523	Loglikelihood: -605226	(delta): 70.3813
14 (QN/Block) 	Elapsed: 0.556	Loglikelihood: -605203	(delta): 23.3479
15 (QN/Block) 	Elapsed: 0.555	Loglikelihood: -605185	(delta): 17.6231
16 (QN/Block) 	Elapsed: 0.553	Loglikelihood: -605175	(delta): 10.3562
17 (QN/Block) 	Elapsed: 0.521	Loglikelihood: -605166	(delta): 8.4819
18 (QN/Block) 	Elapsed: 0.538	Loglikelihood: -605155	(delta): 10.8489
19 (QN/Block) 	Elapsed: 0.555	Loglikelihood: -605147	(delta): 8.02854
20 (QN/Block) 	Elapsed: 0.538	Loglikelihood: -605143	(delta): 4.71948
21 (QN/Block) 	Elapsed: 0.556	Loglikelihood: -605139	(delta): 3.92328
22 (QN/Block) 	Elapsed: 0.553	Loglikelihood: -605137	(delta): 1.33953
23 (QN/Block) 	Elapsed: 0.554	Loglikelihood: -605135	(delta): 2.62113
24 (QN/Block) 	Elapsed: 0.555	Loglikelihood: -605134	(delta): 0.888441
25 (QN/Block) 	Elapsed: 0.506	Loglikelihood: -605134	(delta): 0.173474
26 (QN/Block) 	Elapsed: 0.555	Loglikelihood: -605134	(delta): 0.0674514
27 (QN/Block) 	Elapsed: 0.506	Loglikelihood: -605133	(delta): 0.163562
28 (QN/Block) 	Elapsed: 0.556	Loglikelihood: -605131	(delta): 2.0024
29 (QN/Block) 	Elapsed: 0.506	Loglikelihood: -605131	(delta): 0.640022
30 (QN/Block) 	Elapsed: 0.506	Loglikelihood: -605131	(delta): 0.177142
31 (QN/Block) 	Elapsed: 0.555	Loglikelihood: -605131	(delta): 0.0851096
32 (QN/Block) 	Elapsed: 0.554	Loglikelihood: -605130	(delta): 0.117656
33 (QN/Block) 	Elapsed: 0.554	Loglikelihood: -605130	(delta): 0.163452
34 (QN/Block) 	Elapsed: 0.554	Loglikelihood: -605130	(delta): 0.223269
35 (QN/Block) 	Elapsed: 0.555	Loglikelihood: -605130	(delta): 0.295471
36 (QN/Block) 	Elapsed: 0.554	Loglikelihood: -605130	(delta): 0.0889219
37 (QN/Block) 	Elapsed: 0.506	Loglikelihood: -605130	(delta): 0.0963615
38 (QN/Block) 	Elapsed: 0.506	Loglikelihood: -605129	(delta): 0.059849
39 (QN/Block) 	Elapsed: 0.522	Loglikelihood: -605129	(delta): 0.0516472
40 (QN/Block) 	Elapsed: 0.506	Loglikelihood: -605129	(delta): 0.148076
41 (QN/Block) 	Elapsed: 0.553	Loglikelihood: -605129	(delta): 0.0973252
42 (QN/Block) 	Elapsed: 0.555	Loglikelihood: -605129	(delta): 0.127854
43 (QN/Block) 	Elapsed: 0.555	Loglikelihood: -605129	(delta): 0.159265
44 (QN/Block) 	Elapsed: 0.555	Loglikelihood: -605129	(delta): 0.188076
45 (QN/Block) 	Elapsed: 0.554	Loglikelihood: -605128	(delta): 0.226514
46 (QN/Block) 	Elapsed: 0.554	Loglikelihood: -605128	(delta): 0.163078
47 (QN/Block) 	Elapsed: 0.554	Loglikelihood: -605128	(delta): 0.0309041
48 (QN/Block) 	Elapsed: 0.555	Loglikelihood: -605128	(delta): 0.0341982
49 (QN/Block) 	Elapsed: 0.554	Loglikelihood: -605128	(delta): 0.0378219
50 (QN/Block) 	Elapsed: 0.554	Loglikelihood: -605128	(delta): 0.0418817
51 (QN/Block) 	Elapsed: 0.555	Loglikelihood: -605128	(delta): 0.0470416
52 (QN/Block) 	Elapsed: 0.554	Loglikelihood: -605128	(delta): 0.0238338
53 (QN/Block) 	Elapsed: 0.555	Loglikelihood: -605128	(delta): 0.00653826
54 (QN/Block) 	Elapsed: 0.505	Loglikelihood: -605128	(delta): 0.00724974
55 (QN/Block) 	Elapsed: 0.506	Loglikelihood: -605128	(delta): 0.00317897
56 (QN/Block) 	Elapsed: 0.506	Loglikelihood: -605128	(delta): 0.000188802
57 (QN/Block) 	Elapsed: 0.507	Loglikelihood: -605128	(delta): 2.3486e-05
Summary: 
Converged in 57 iterations (32.435 sec)
Loglikelihood: -605128.085914
Fst divergences between estimated populations: 
	Pop0	Pop1	Pop2	Pop3	Pop4	Pop5	Pop6	
Pop0	
Pop1	0.374	
Pop2	0.125	0.391	
Pop3	0.343	0.361	0.361	
Pop4	0.401	0.423	0.421	0.277	
Pop5	0.367	0.073	0.385	0.354	0.417	
Pop6	0.454	0.471	0.473	0.233	0.395	0.469	
Pop7	0.482	0.499	0.502	0.361	0.171	0.494	0.483	
CV error (K=8): 0.15031
Writing output files.
