****                   ADMIXTURE Version 1.3.0                  ****
****                    Copyright 2008-2015                     ****
****           David Alexander, Suyash Shringarpure,            ****
****                John  Novembre, Ken Lange                   ****
****                                                            ****
****                 Please cite our paper!                     ****
****   Information at www.genetics.ucla.edu/software/admixture  ****

Cross-validation will be performed.  Folds=5.
Random seed: 30425
Point estimation method: Block relaxation algorithm
Convergence acceleration algorithm: QuasiNewton, 3 secant conditions
Point estimation will terminate when objective function delta < 0.0001
Estimation of standard errors disabled; will compute point estimates only.
Size of G: 260x13929
Performing five EM steps to prime main algorithm
1 (EM) 	Elapsed: 0.079	Loglikelihood: -1.06895e+06	(delta): 4.00511e+06
2 (EM) 	Elapsed: 0.078	Loglikelihood: -1.00688e+06	(delta): 62067.3
3 (EM) 	Elapsed: 0.078	Loglikelihood: -996651	(delta): 10233.4
4 (EM) 	Elapsed: 0.078	Loglikelihood: -990962	(delta): 5688.74
5 (EM) 	Elapsed: 0.078	Loglikelihood: -987092	(delta): 3870.11
Initial loglikelihood: -987092
Starting main algorithm
1 (QN/Block) 	Elapsed: 0.143	Loglikelihood: -847409	(delta): 139683
2 (QN/Block) 	Elapsed: 0.143	Loglikelihood: -796923	(delta): 50486.7
3 (QN/Block) 	Elapsed: 0.164	Loglikelihood: -777622	(delta): 19300.3
4 (QN/Block) 	Elapsed: 0.162	Loglikelihood: -766045	(delta): 11577
5 (QN/Block) 	Elapsed: 0.162	Loglikelihood: -761096	(delta): 4949.68
6 (QN/Block) 	Elapsed: 0.195	Loglikelihood: -759588	(delta): 1508.04
7 (QN/Block) 	Elapsed: 0.163	Loglikelihood: -759213	(delta): 374.799
8 (QN/Block) 	Elapsed: 0.163	Loglikelihood: -759171	(delta): 41.7291
9 (QN/Block) 	Elapsed: 0.163	Loglikelihood: -759154	(delta): 17.3212
10 (QN/Block) 	Elapsed: 0.163	Loglikelihood: -759152	(delta): 1.94541
11 (QN/Block) 	Elapsed: 0.163	Loglikelihood: -759152	(delta): 0.00601251
12 (QN/Block) 	Elapsed: 0.163	Loglikelihood: -759152	(delta): 9.02563e-05
Summary: 
Converged in 12 iterations (2.556 sec)
Loglikelihood: -759151.753398
Fst divergences between estimated populations: 
	Pop0	Pop1	
Pop0	
Pop1	0.324	
Pop2	0.340	0.373	
CV error (K=3): 0.17970
Writing output files.
