****                   ADMIXTURE Version 1.3.0                  ****
****                    Copyright 2008-2015                     ****
****           David Alexander, Suyash Shringarpure,            ****
****                John  Novembre, Ken Lange                   ****
****                                                            ****
****                 Please cite our paper!                     ****
****   Information at www.genetics.ucla.edu/software/admixture  ****

Cross-validation will be performed.  Folds=5.
Random seed: 30425
Point estimation method: Block relaxation algorithm
Convergence acceleration algorithm: QuasiNewton, 3 secant conditions
Point estimation will terminate when objective function delta < 0.0001
Estimation of standard errors disabled; will compute point estimates only.
Size of G: 260x13929
Performing five EM steps to prime main algorithm
1 (EM) 	Elapsed: 0.146	Loglikelihood: -1.08603e+06	(delta): 3.62871e+06
2 (EM) 	Elapsed: 0.146	Loglikelihood: -1.00607e+06	(delta): 79961.5
3 (EM) 	Elapsed: 0.146	Loglikelihood: -994503	(delta): 11566.8
4 (EM) 	Elapsed: 0.146	Loglikelihood: -988039	(delta): 6463.94
5 (EM) 	Elapsed: 0.146	Loglikelihood: -983156	(delta): 4882.85
Initial loglikelihood: -983156
Starting main algorithm
1 (QN/Block) 	Elapsed: 0.324	Loglikelihood: -795122	(delta): 188034
2 (QN/Block) 	Elapsed: 0.323	Loglikelihood: -685405	(delta): 109716
3 (QN/Block) 	Elapsed: 0.351	Loglikelihood: -653017	(delta): 32388.4
4 (QN/Block) 	Elapsed: 0.351	Loglikelihood: -630265	(delta): 22751.5
5 (QN/Block) 	Elapsed: 0.35	Loglikelihood: -619235	(delta): 11030.1
6 (QN/Block) 	Elapsed: 0.387	Loglikelihood: -615344	(delta): 3891.44
7 (QN/Block) 	Elapsed: 0.342	Loglikelihood: -614407	(delta): 936.317
8 (QN/Block) 	Elapsed: 0.383	Loglikelihood: -614263	(delta): 144.534
9 (QN/Block) 	Elapsed: 0.382	Loglikelihood: -614236	(delta): 26.6158
10 (QN/Block) 	Elapsed: 0.342	Loglikelihood: -614229	(delta): 7.15745
11 (QN/Block) 	Elapsed: 0.383	Loglikelihood: -614228	(delta): 0.95953
12 (QN/Block) 	Elapsed: 0.342	Loglikelihood: -614227	(delta): 0.920676
13 (QN/Block) 	Elapsed: 0.342	Loglikelihood: -614226	(delta): 0.866998
14 (QN/Block) 	Elapsed: 0.341	Loglikelihood: -614225	(delta): 1.09825
15 (QN/Block) 	Elapsed: 0.344	Loglikelihood: -614224	(delta): 0.958812
16 (QN/Block) 	Elapsed: 0.342	Loglikelihood: -614223	(delta): 1.02931
17 (QN/Block) 	Elapsed: 0.383	Loglikelihood: -614223	(delta): 0.649103
18 (QN/Block) 	Elapsed: 0.383	Loglikelihood: -614222	(delta): 0.731304
19 (QN/Block) 	Elapsed: 0.383	Loglikelihood: -614221	(delta): 0.753694
20 (QN/Block) 	Elapsed: 0.382	Loglikelihood: -614220	(delta): 0.954585
21 (QN/Block) 	Elapsed: 0.355	Loglikelihood: -614220	(delta): 0.382664
22 (QN/Block) 	Elapsed: 0.341	Loglikelihood: -614221	(delta): -0.982723
23 (QN/Block) 	Elapsed: 0.341	Loglikelihood: -614216	(delta): 5.15798
24 (QN/Block) 	Elapsed: 0.342	Loglikelihood: -614213	(delta): 2.92215
25 (QN/Block) 	Elapsed: 0.341	Loglikelihood: -614204	(delta): 8.34217
26 (QN/Block) 	Elapsed: 0.355	Loglikelihood: -614195	(delta): 8.85402
27 (QN/Block) 	Elapsed: 0.341	Loglikelihood: -614168	(delta): 27.6201
28 (QN/Block) 	Elapsed: 0.342	Loglikelihood: -614141	(delta): 26.3796
29 (QN/Block) 	Elapsed: 0.356	Loglikelihood: -614115	(delta): 26.2764
30 (QN/Block) 	Elapsed: 0.341	Loglikelihood: -613933	(delta): 181.748
31 (QN/Block) 	Elapsed: 0.355	Loglikelihood: -613179	(delta): 754.676
32 (QN/Block) 	Elapsed: 0.341	Loglikelihood: -611992	(delta): 1186.71
33 (QN/Block) 	Elapsed: 0.383	Loglikelihood: -611338	(delta): 654.412
34 (QN/Block) 	Elapsed: 0.382	Loglikelihood: -611181	(delta): 157.112
35 (QN/Block) 	Elapsed: 0.341	Loglikelihood: -611134	(delta): 46.6127
36 (QN/Block) 	Elapsed: 0.341	Loglikelihood: -611131	(delta): 2.65194
37 (QN/Block) 	Elapsed: 0.382	Loglikelihood: -611126	(delta): 5.01631
38 (QN/Block) 	Elapsed: 0.341	Loglikelihood: -611122	(delta): 4.73881
39 (QN/Block) 	Elapsed: 0.341	Loglikelihood: -611119	(delta): 2.23748
40 (QN/Block) 	Elapsed: 0.382	Loglikelihood: -611119	(delta): 0.188318
41 (QN/Block) 	Elapsed: 0.341	Loglikelihood: -611119	(delta): 0.0271736
42 (QN/Block) 	Elapsed: 0.382	Loglikelihood: -611119	(delta): 0.0420476
43 (QN/Block) 	Elapsed: 0.381	Loglikelihood: -611119	(delta): 0.034539
44 (QN/Block) 	Elapsed: 0.382	Loglikelihood: -611119	(delta): 0.0577939
45 (QN/Block) 	Elapsed: 0.382	Loglikelihood: -611119	(delta): 0.0735247
46 (QN/Block) 	Elapsed: 0.355	Loglikelihood: -611119	(delta): 0.0355609
47 (QN/Block) 	Elapsed: 0.341	Loglikelihood: -611119	(delta): 0.169335
48 (QN/Block) 	Elapsed: 0.382	Loglikelihood: -611118	(delta): 0.621363
49 (QN/Block) 	Elapsed: 0.382	Loglikelihood: -611116	(delta): 2.27901
50 (QN/Block) 	Elapsed: 0.382	Loglikelihood: -611115	(delta): 1.22452
51 (QN/Block) 	Elapsed: 0.355	Loglikelihood: -611114	(delta): 0.947371
52 (QN/Block) 	Elapsed: 0.341	Loglikelihood: -611110	(delta): 3.37914
53 (QN/Block) 	Elapsed: 0.342	Loglikelihood: -611107	(delta): 3.50011
54 (QN/Block) 	Elapsed: 0.341	Loglikelihood: -611105	(delta): 1.82375
55 (QN/Block) 	Elapsed: 0.354	Loglikelihood: -611102	(delta): 2.66214
56 (QN/Block) 	Elapsed: 0.341	Loglikelihood: -611101	(delta): 0.942019
57 (QN/Block) 	Elapsed: 0.369	Loglikelihood: -611099	(delta): 2.20759
58 (QN/Block) 	Elapsed: 0.342	Loglikelihood: -611099	(delta): 0.329173
59 (QN/Block) 	Elapsed: 0.342	Loglikelihood: -611097	(delta): 1.40837
60 (QN/Block) 	Elapsed: 0.341	Loglikelihood: -611093	(delta): 4.49576
61 (QN/Block) 	Elapsed: 0.341	Loglikelihood: -611093	(delta): 0.0123826
62 (QN/Block) 	Elapsed: 0.341	Loglikelihood: -611093	(delta): 0.000216132
63 (QN/Block) 	Elapsed: 0.341	Loglikelihood: -611093	(delta): 1.28146e-05
Summary: 
Converged in 63 iterations (24.134 sec)
Loglikelihood: -611092.840880
Fst divergences between estimated populations: 
	Pop0	Pop1	Pop2	Pop3	Pop4	
Pop0	
Pop1	0.399	
Pop2	0.409	0.441	
Pop3	0.299	0.337	0.247	
Pop4	0.282	0.417	0.419	0.326	
Pop5	0.420	0.345	0.462	0.361	0.431	
CV error (K=6): 0.14748
Writing output files.
