****                   ADMIXTURE Version 1.3.0                  ****
****                    Copyright 2008-2015                     ****
****           David Alexander, Suyash Shringarpure,            ****
****                John  Novembre, Ken Lange                   ****
****                                                            ****
****                 Please cite our paper!                     ****
****   Information at www.genetics.ucla.edu/software/admixture  ****

Cross-validation will be performed.  Folds=5.
Random seed: 30425
Point estimation method: Block relaxation algorithm
Convergence acceleration algorithm: QuasiNewton, 3 secant conditions
Point estimation will terminate when objective function delta < 0.0001
Estimation of standard errors disabled; will compute point estimates only.
Size of G: 260x13929
Performing five EM steps to prime main algorithm
1 (EM) 	Elapsed: 0.126	Loglikelihood: -1.0827e+06	(delta): 3.6962e+06
2 (EM) 	Elapsed: 0.12	Loglikelihood: -1.00323e+06	(delta): 79473.1
3 (EM) 	Elapsed: 0.12	Loglikelihood: -990490	(delta): 12740.4
4 (EM) 	Elapsed: 0.12	Loglikelihood: -982694	(delta): 7796.07
5 (EM) 	Elapsed: 0.12	Loglikelihood: -976355	(delta): 6338.75
Initial loglikelihood: -976355
Starting main algorithm
1 (QN/Block) 	Elapsed: 0.247	Loglikelihood: -798066	(delta): 178289
2 (QN/Block) 	Elapsed: 0.248	Loglikelihood: -738674	(delta): 59391.4
3 (QN/Block) 	Elapsed: 0.274	Loglikelihood: -711446	(delta): 27228.1
4 (QN/Block) 	Elapsed: 0.273	Loglikelihood: -690099	(delta): 21347.1
5 (QN/Block) 	Elapsed: 0.272	Loglikelihood: -682025	(delta): 8074.6
6 (QN/Block) 	Elapsed: 0.272	Loglikelihood: -679689	(delta): 2335.27
7 (QN/Block) 	Elapsed: 0.272	Loglikelihood: -679024	(delta): 665.253
8 (QN/Block) 	Elapsed: 0.272	Loglikelihood: -678813	(delta): 210.868
9 (QN/Block) 	Elapsed: 0.272	Loglikelihood: -678763	(delta): 49.8278
10 (QN/Block) 	Elapsed: 0.285	Loglikelihood: -678751	(delta): 12.0664
11 (QN/Block) 	Elapsed: 0.31	Loglikelihood: -678749	(delta): 2.31568
12 (QN/Block) 	Elapsed: 0.284	Loglikelihood: -678748	(delta): 1.08905
13 (QN/Block) 	Elapsed: 0.31	Loglikelihood: -678748	(delta): 0.0294558
14 (QN/Block) 	Elapsed: 0.31	Loglikelihood: -678748	(delta): 0.003657
15 (QN/Block) 	Elapsed: 0.31	Loglikelihood: -678748	(delta): 0.00275197
16 (QN/Block) 	Elapsed: 0.31	Loglikelihood: -678748	(delta): 0.00220134
17 (QN/Block) 	Elapsed: 0.31	Loglikelihood: -678748	(delta): 0.00256127
18 (QN/Block) 	Elapsed: 0.309	Loglikelihood: -678748	(delta): 0.000250416
19 (QN/Block) 	Elapsed: 0.309	Loglikelihood: -678748	(delta): 9.2315e-06
Summary: 
Converged in 19 iterations (6.408 sec)
Loglikelihood: -678747.905400
Fst divergences between estimated populations: 
	Pop0	Pop1	Pop2	Pop3	
Pop0	
Pop1	0.302	
Pop2	0.337	0.281	
Pop3	0.114	0.305	0.346	
Pop4	0.408	0.246	0.381	0.411	
CV error (K=5): 0.16565
Writing output files.
