****                   ADMIXTURE Version 1.3.0                  ****
****                    Copyright 2008-2015                     ****
****           David Alexander, Suyash Shringarpure,            ****
****                John  Novembre, Ken Lange                   ****
****                                                            ****
****                 Please cite our paper!                     ****
****   Information at www.genetics.ucla.edu/software/admixture  ****

Cross-validation will be performed.  Folds=5.
Random seed: 16215
Point estimation method: Block relaxation algorithm
Convergence acceleration algorithm: QuasiNewton, 3 secant conditions
Point estimation will terminate when objective function delta < 0.0001
Estimation of standard errors disabled; will compute point estimates only.
Size of G: 260x6978
Performing five EM steps to prime main algorithm
1 (EM) 	Elapsed: 0.079	Loglikelihood: -1.81896e+06	(delta): 833454
2 (EM) 	Elapsed: 0.078	Loglikelihood: -1.76454e+06	(delta): 54420.2
3 (EM) 	Elapsed: 0.078	Loglikelihood: -1.74752e+06	(delta): 17013.2
4 (EM) 	Elapsed: 0.078	Loglikelihood: -1.73301e+06	(delta): 14518.7
5 (EM) 	Elapsed: 0.078	Loglikelihood: -1.71627e+06	(delta): 16737
Initial loglikelihood: -1.71627e+06
Starting main algorithm
1 (QN/Block) 	Elapsed: 0.171	Loglikelihood: -1.2184e+06	(delta): 497866
2 (QN/Block) 	Elapsed: 0.172	Loglikelihood: -1.12926e+06	(delta): 89140.5
3 (QN/Block) 	Elapsed: 0.19	Loglikelihood: -1.08975e+06	(delta): 39509.5
4 (QN/Block) 	Elapsed: 0.189	Loglikelihood: -1.06803e+06	(delta): 21720.1
5 (QN/Block) 	Elapsed: 0.186	Loglikelihood: -1.06177e+06	(delta): 6263.82
6 (QN/Block) 	Elapsed: 0.186	Loglikelihood: -1.06071e+06	(delta): 1053.74
7 (QN/Block) 	Elapsed: 0.186	Loglikelihood: -1.06044e+06	(delta): 277.913
8 (QN/Block) 	Elapsed: 0.195	Loglikelihood: -1.06033e+06	(delta): 107.996
9 (QN/Block) 	Elapsed: 0.204	Loglikelihood: -1.0603e+06	(delta): 27.6321
10 (QN/Block) 	Elapsed: 0.203	Loglikelihood: -1.0603e+06	(delta): 2.46856
11 (QN/Block) 	Elapsed: 0.213	Loglikelihood: -1.0603e+06	(delta): 0.177612
12 (QN/Block) 	Elapsed: 0.186	Loglikelihood: -1.0603e+06	(delta): 0.0102932
13 (QN/Block) 	Elapsed: 0.186	Loglikelihood: -1.0603e+06	(delta): 0.000457716
14 (QN/Block) 	Elapsed: 0.186	Loglikelihood: -1.0603e+06	(delta): 3.32145e-05
Summary: 
Converged in 14 iterations (3.252 sec)
Loglikelihood: -1060298.145516
Fst divergences between estimated populations: 
	Pop0	Pop1	Pop2	Pop3	Pop4	
Pop0	
Pop1	0.479	
Pop2	0.368	0.365	
Pop3	0.447	0.448	0.100	
Pop4	0.380	0.236	0.261	0.352	
Pop5	0.371	0.495	0.380	0.457	0.397	
CV error (K=6): 0.38172
Writing output files.
