****                   ADMIXTURE Version 1.3.0                  ****
****                    Copyright 2008-2015                     ****
****           David Alexander, Suyash Shringarpure,            ****
****                John  Novembre, Ken Lange                   ****
****                                                            ****
****                 Please cite our paper!                     ****
****   Information at www.genetics.ucla.edu/software/admixture  ****

Cross-validation will be performed.  Folds=5.
Random seed: 16215
Point estimation method: Block relaxation algorithm
Convergence acceleration algorithm: QuasiNewton, 3 secant conditions
Point estimation will terminate when objective function delta < 0.0001
Estimation of standard errors disabled; will compute point estimates only.
Size of G: 260x6978
Performing five EM steps to prime main algorithm
1 (EM) 	Elapsed: 0.053	Loglikelihood: -1.82434e+06	(delta): 922456
2 (EM) 	Elapsed: 0.053	Loglikelihood: -1.76977e+06	(delta): 54568
3 (EM) 	Elapsed: 0.053	Loglikelihood: -1.75364e+06	(delta): 16138.1
4 (EM) 	Elapsed: 0.053	Loglikelihood: -1.7431e+06	(delta): 10536.3
5 (EM) 	Elapsed: 0.053	Loglikelihood: -1.73425e+06	(delta): 8853.8
Initial loglikelihood: -1.73425e+06
Starting main algorithm
1 (QN/Block) 	Elapsed: 0.104	Loglikelihood: -1.30346e+06	(delta): 430781
2 (QN/Block) 	Elapsed: 0.106	Loglikelihood: -1.1998e+06	(delta): 103662
3 (QN/Block) 	Elapsed: 0.122	Loglikelihood: -1.16058e+06	(delta): 39224.9
4 (QN/Block) 	Elapsed: 0.121	Loglikelihood: -1.13878e+06	(delta): 21794.4
5 (QN/Block) 	Elapsed: 0.136	Loglikelihood: -1.13451e+06	(delta): 4269.2
6 (QN/Block) 	Elapsed: 0.121	Loglikelihood: -1.13356e+06	(delta): 958.23
7 (QN/Block) 	Elapsed: 0.12	Loglikelihood: -1.13321e+06	(delta): 345.096
8 (QN/Block) 	Elapsed: 0.144	Loglikelihood: -1.13306e+06	(delta): 146.492
9 (QN/Block) 	Elapsed: 0.134	Loglikelihood: -1.13301e+06	(delta): 53.6175
10 (QN/Block) 	Elapsed: 0.141	Loglikelihood: -1.13301e+06	(delta): 3.05911
11 (QN/Block) 	Elapsed: 0.117	Loglikelihood: -1.13301e+06	(delta): 0.142945
12 (QN/Block) 	Elapsed: 0.117	Loglikelihood: -1.13301e+06	(delta): 0.000767647
13 (QN/Block) 	Elapsed: 0.118	Loglikelihood: -1.13301e+06	(delta): 1.86313e-05
Summary: 
Converged in 13 iterations (2.041 sec)
Loglikelihood: -1133007.597274
Fst divergences between estimated populations: 
	Pop0	Pop1	Pop2	
Pop0	
Pop1	0.440	
Pop2	0.383	0.348	
Pop3	0.371	0.450	0.401	
CV error (K=4): 0.41102
Writing output files.
