****                   ADMIXTURE Version 1.3.0                  ****
****                    Copyright 2008-2015                     ****
****           David Alexander, Suyash Shringarpure,            ****
****                John  Novembre, Ken Lange                   ****
****                                                            ****
****                 Please cite our paper!                     ****
****   Information at www.genetics.ucla.edu/software/admixture  ****

Cross-validation will be performed.  Folds=5.
Random seed: 16215
Point estimation method: Block relaxation algorithm
Convergence acceleration algorithm: QuasiNewton, 3 secant conditions
Point estimation will terminate when objective function delta < 0.0001
Estimation of standard errors disabled; will compute point estimates only.
Size of G: 260x6978
Performing five EM steps to prime main algorithm
1 (EM) 	Elapsed: 0.04	Loglikelihood: -1.82392e+06	(delta): 1.01877e+06
2 (EM) 	Elapsed: 0.04	Loglikelihood: -1.76828e+06	(delta): 55644.9
3 (EM) 	Elapsed: 0.04	Loglikelihood: -1.75165e+06	(delta): 16623.2
4 (EM) 	Elapsed: 0.04	Loglikelihood: -1.74166e+06	(delta): 9990.89
5 (EM) 	Elapsed: 0.04	Loglikelihood: -1.73403e+06	(delta): 7629.04
Initial loglikelihood: -1.73403e+06
Starting main algorithm
1 (QN/Block) 	Elapsed: 0.073	Loglikelihood: -1.48439e+06	(delta): 249640
2 (QN/Block) 	Elapsed: 0.073	Loglikelihood: -1.40066e+06	(delta): 83728.2
3 (QN/Block) 	Elapsed: 0.088	Loglikelihood: -1.36312e+06	(delta): 37549
4 (QN/Block) 	Elapsed: 0.095	Loglikelihood: -1.31733e+06	(delta): 45782.6
5 (QN/Block) 	Elapsed: 0.102	Loglikelihood: -1.26742e+06	(delta): 49908.9
6 (QN/Block) 	Elapsed: 0.095	Loglikelihood: -1.25064e+06	(delta): 16780.9
7 (QN/Block) 	Elapsed: 0.088	Loglikelihood: -1.24675e+06	(delta): 3895.18
8 (QN/Block) 	Elapsed: 0.088	Loglikelihood: -1.24598e+06	(delta): 765.841
9 (QN/Block) 	Elapsed: 0.087	Loglikelihood: -1.2458e+06	(delta): 178.299
10 (QN/Block) 	Elapsed: 0.087	Loglikelihood: -1.24569e+06	(delta): 116.732
11 (QN/Block) 	Elapsed: 0.095	Loglikelihood: -1.24566e+06	(delta): 26.1148
12 (QN/Block) 	Elapsed: 0.109	Loglikelihood: -1.24566e+06	(delta): 1.98715
13 (QN/Block) 	Elapsed: 0.11	Loglikelihood: -1.24566e+06	(delta): 0.00177818
14 (QN/Block) 	Elapsed: 0.088	Loglikelihood: -1.24566e+06	(delta): 8.08388e-06
Summary: 
Converged in 14 iterations (1.647 sec)
Loglikelihood: -1245658.875978
Fst divergences between estimated populations: 
	Pop0	Pop1	
Pop0	
Pop1	0.319	
Pop2	0.348	0.369	
CV error (K=3): 0.47205
Writing output files.
