****                   ADMIXTURE Version 1.3.0                  ****
****                    Copyright 2008-2015                     ****
****           David Alexander, Suyash Shringarpure,            ****
****                John  Novembre, Ken Lange                   ****
****                                                            ****
****                 Please cite our paper!                     ****
****   Information at www.genetics.ucla.edu/software/admixture  ****

Cross-validation will be performed.  Folds=5.
Random seed: 16215
Point estimation method: Block relaxation algorithm
Convergence acceleration algorithm: QuasiNewton, 3 secant conditions
Point estimation will terminate when objective function delta < 0.0001
Estimation of standard errors disabled; will compute point estimates only.
Size of G: 260x6978
Performing five EM steps to prime main algorithm
1 (EM) 	Elapsed: 0.029	Loglikelihood: -1.80705e+06	(delta): 1.21051e+06
2 (EM) 	Elapsed: 0.027	Loglikelihood: -1.75826e+06	(delta): 48790.9
3 (EM) 	Elapsed: 0.027	Loglikelihood: -1.74442e+06	(delta): 13837.3
4 (EM) 	Elapsed: 0.027	Loglikelihood: -1.73691e+06	(delta): 7514.03
5 (EM) 	Elapsed: 0.027	Loglikelihood: -1.73197e+06	(delta): 4935.07
Initial loglikelihood: -1.73197e+06
Starting main algorithm
1 (QN/Block) 	Elapsed: 0.047	Loglikelihood: -1.57524e+06	(delta): 156727
2 (QN/Block) 	Elapsed: 0.047	Loglikelihood: -1.54307e+06	(delta): 32172.7
3 (QN/Block) 	Elapsed: 0.082	Loglikelihood: -1.50971e+06	(delta): 33358.3
4 (QN/Block) 	Elapsed: 0.075	Loglikelihood: -1.47295e+06	(delta): 36759.8
5 (QN/Block) 	Elapsed: 0.082	Loglikelihood: -1.46187e+06	(delta): 11088
6 (QN/Block) 	Elapsed: 0.068	Loglikelihood: -1.46061e+06	(delta): 1256.07
7 (QN/Block) 	Elapsed: 0.061	Loglikelihood: -1.46033e+06	(delta): 277.081
8 (QN/Block) 	Elapsed: 0.068	Loglikelihood: -1.46019e+06	(delta): 141.946
9 (QN/Block) 	Elapsed: 0.081	Loglikelihood: -1.46018e+06	(delta): 14.1096
10 (QN/Block) 	Elapsed: 0.081	Loglikelihood: -1.46018e+06	(delta): 1.31209
11 (QN/Block) 	Elapsed: 0.075	Loglikelihood: -1.46018e+06	(delta): 0.000202727
12 (QN/Block) 	Elapsed: 0.061	Loglikelihood: -1.46018e+06	(delta): 1.01598e-05
Summary: 
Converged in 12 iterations (1.111 sec)
Loglikelihood: -1460175.396075
Fst divergences between estimated populations: 
	Pop0	
Pop0	
Pop1	0.271	
CV error (K=2): 0.58962
Writing output files.
