****                   ADMIXTURE Version 1.3.0                  ****
****                    Copyright 2008-2015                     ****
****           David Alexander, Suyash Shringarpure,            ****
****                John  Novembre, Ken Lange                   ****
****                                                            ****
****                 Please cite our paper!                     ****
****   Information at www.genetics.ucla.edu/software/admixture  ****

Cross-validation will be performed.  Folds=5.
Random seed: 16215
Point estimation method: Block relaxation algorithm
Convergence acceleration algorithm: QuasiNewton, 3 secant conditions
Point estimation will terminate when objective function delta < 0.0001
Estimation of standard errors disabled; will compute point estimates only.
Size of G: 260x6978
Performing five EM steps to prime main algorithm
1 (EM) 	Elapsed: 0.071	Loglikelihood: -1.82023e+06	(delta): 866077
2 (EM) 	Elapsed: 0.067	Loglikelihood: -1.76561e+06	(delta): 54626.7
3 (EM) 	Elapsed: 0.066	Loglikelihood: -1.74791e+06	(delta): 17698
4 (EM) 	Elapsed: 0.065	Loglikelihood: -1.73326e+06	(delta): 14646.2
5 (EM) 	Elapsed: 0.065	Loglikelihood: -1.71718e+06	(delta): 16085.7
Initial loglikelihood: -1.71718e+06
Starting main algorithm
1 (QN/Block) 	Elapsed: 0.13	Loglikelihood: -1.25576e+06	(delta): 461421
2 (QN/Block) 	Elapsed: 0.131	Loglikelihood: -1.17084e+06	(delta): 84917.5
3 (QN/Block) 	Elapsed: 0.157	Loglikelihood: -1.13985e+06	(delta): 30986.2
4 (QN/Block) 	Elapsed: 0.164	Loglikelihood: -1.11435e+06	(delta): 25503.1
5 (QN/Block) 	Elapsed: 0.173	Loglikelihood: -1.09088e+06	(delta): 23465.4
6 (QN/Block) 	Elapsed: 0.148	Loglikelihood: -1.08272e+06	(delta): 8167.27
7 (QN/Block) 	Elapsed: 0.156	Loglikelihood: -1.08034e+06	(delta): 2375.11
8 (QN/Block) 	Elapsed: 0.148	Loglikelihood: -1.07944e+06	(delta): 897.314
9 (QN/Block) 	Elapsed: 0.156	Loglikelihood: -1.07927e+06	(delta): 176.841
10 (QN/Block) 	Elapsed: 0.148	Loglikelihood: -1.07921e+06	(delta): 57.0005
11 (QN/Block) 	Elapsed: 0.148	Loglikelihood: -1.07919e+06	(delta): 21.4302
12 (QN/Block) 	Elapsed: 0.172	Loglikelihood: -1.07918e+06	(delta): 4.2372
13 (QN/Block) 	Elapsed: 0.147	Loglikelihood: -1.07918e+06	(delta): 0.160488
14 (QN/Block) 	Elapsed: 0.148	Loglikelihood: -1.07918e+06	(delta): 0.0246222
15 (QN/Block) 	Elapsed: 0.148	Loglikelihood: -1.07918e+06	(delta): 0.000500195
16 (QN/Block) 	Elapsed: 0.148	Loglikelihood: -1.07918e+06	(delta): 5.65546e-05
Summary: 
Converged in 16 iterations (2.97 sec)
Loglikelihood: -1079184.206499
Fst divergences between estimated populations: 
	Pop0	Pop1	Pop2	Pop3	
Pop0	
Pop1	0.440	
Pop2	0.442	0.479	
Pop3	0.450	0.371	0.495	
Pop4	0.342	0.377	0.233	0.394	
CV error (K=5): 0.38560
Writing output files.
