****                   ADMIXTURE Version 1.3.0                  ****
****                    Copyright 2008-2015                     ****
****           David Alexander, Suyash Shringarpure,            ****
****                John  Novembre, Ken Lange                   ****
****                                                            ****
****                 Please cite our paper!                     ****
****   Information at www.genetics.ucla.edu/software/admixture  ****

Cross-validation will be performed.  Folds=5.
Random seed: 16215
Point estimation method: Block relaxation algorithm
Convergence acceleration algorithm: QuasiNewton, 3 secant conditions
Point estimation will terminate when objective function delta < 0.0001
Estimation of standard errors disabled; will compute point estimates only.
Size of G: 260x6978
Performing five EM steps to prime main algorithm
1 (EM) 	Elapsed: 0.134	Loglikelihood: -1.81144e+06	(delta): 766204
2 (EM) 	Elapsed: 0.134	Loglikelihood: -1.75867e+06	(delta): 52761.8
3 (EM) 	Elapsed: 0.133	Loglikelihood: -1.74606e+06	(delta): 12613.8
4 (EM) 	Elapsed: 0.132	Loglikelihood: -1.73627e+06	(delta): 9790.6
5 (EM) 	Elapsed: 0.132	Loglikelihood: -1.72557e+06	(delta): 10703.8
Initial loglikelihood: -1.72557e+06
Starting main algorithm
1 (QN/Block) 	Elapsed: 0.367	Loglikelihood: -1.17219e+06	(delta): 553375
2 (QN/Block) 	Elapsed: 0.37	Loglikelihood: -1.0958e+06	(delta): 76392
3 (QN/Block) 	Elapsed: 0.405	Loglikelihood: -1.068e+06	(delta): 27801.3
4 (QN/Block) 	Elapsed: 0.403	Loglikelihood: -1.05101e+06	(delta): 16990.2
5 (QN/Block) 	Elapsed: 0.403	Loglikelihood: -1.03983e+06	(delta): 11173.7
6 (QN/Block) 	Elapsed: 0.413	Loglikelihood: -1.02916e+06	(delta): 10677.9
7 (QN/Block) 	Elapsed: 0.422	Loglikelihood: -1.02589e+06	(delta): 3266.68
8 (QN/Block) 	Elapsed: 0.388	Loglikelihood: -1.02432e+06	(delta): 1568.08
9 (QN/Block) 	Elapsed: 0.399	Loglikelihood: -1.02365e+06	(delta): 674.906
10 (QN/Block) 	Elapsed: 0.398	Loglikelihood: -1.02333e+06	(delta): 313.34
11 (QN/Block) 	Elapsed: 0.387	Loglikelihood: -1.02305e+06	(delta): 284.938
12 (QN/Block) 	Elapsed: 0.399	Loglikelihood: -1.02289e+06	(delta): 153.179
13 (QN/Block) 	Elapsed: 0.387	Loglikelihood: -1.02279e+06	(delta): 103.001
14 (QN/Block) 	Elapsed: 0.386	Loglikelihood: -1.02273e+06	(delta): 64.9194
15 (QN/Block) 	Elapsed: 0.386	Loglikelihood: -1.02268e+06	(delta): 47.3881
16 (QN/Block) 	Elapsed: 0.386	Loglikelihood: -1.02266e+06	(delta): 22.5291
17 (QN/Block) 	Elapsed: 0.387	Loglikelihood: -1.02264e+06	(delta): 11.6158
18 (QN/Block) 	Elapsed: 0.386	Loglikelihood: -1.02264e+06	(delta): 5.1273
19 (QN/Block) 	Elapsed: 0.386	Loglikelihood: -1.02264e+06	(delta): 4.38829
20 (QN/Block) 	Elapsed: 0.42	Loglikelihood: -1.02263e+06	(delta): 2.21136
21 (QN/Block) 	Elapsed: 0.422	Loglikelihood: -1.02263e+06	(delta): 2.26793
22 (QN/Block) 	Elapsed: 0.386	Loglikelihood: -1.02263e+06	(delta): 0.8089
23 (QN/Block) 	Elapsed: 0.422	Loglikelihood: -1.02263e+06	(delta): 0.853849
24 (QN/Block) 	Elapsed: 0.398	Loglikelihood: -1.02263e+06	(delta): 0.274536
25 (QN/Block) 	Elapsed: 0.421	Loglikelihood: -1.02263e+06	(delta): 0.280516
26 (QN/Block) 	Elapsed: 0.386	Loglikelihood: -1.02263e+06	(delta): 0.0516774
27 (QN/Block) 	Elapsed: 0.386	Loglikelihood: -1.02263e+06	(delta): 0.010287
28 (QN/Block) 	Elapsed: 0.386	Loglikelihood: -1.02263e+06	(delta): 0.027066
29 (QN/Block) 	Elapsed: 0.387	Loglikelihood: -1.02263e+06	(delta): 0.169091
30 (QN/Block) 	Elapsed: 0.42	Loglikelihood: -1.02263e+06	(delta): 0.218212
31 (QN/Block) 	Elapsed: 0.42	Loglikelihood: -1.02263e+06	(delta): 0.320497
32 (QN/Block) 	Elapsed: 0.421	Loglikelihood: -1.02263e+06	(delta): 0.604528
33 (QN/Block) 	Elapsed: 0.421	Loglikelihood: -1.02263e+06	(delta): 0.443564
34 (QN/Block) 	Elapsed: 0.423	Loglikelihood: -1.02263e+06	(delta): 0.0185032
35 (QN/Block) 	Elapsed: 0.387	Loglikelihood: -1.02263e+06	(delta): 0.0267871
36 (QN/Block) 	Elapsed: 0.42	Loglikelihood: -1.02263e+06	(delta): 0.00132992
37 (QN/Block) 	Elapsed: 0.385	Loglikelihood: -1.02263e+06	(delta): 0.000195996
38 (QN/Block) 	Elapsed: 0.388	Loglikelihood: -1.02263e+06	(delta): 7.29901e-05
Summary: 
Converged in 38 iterations (16.373 sec)
Loglikelihood: -1022626.863570
Fst divergences between estimated populations: 
	Pop0	Pop1	Pop2	Pop3	Pop4	Pop5	Pop6	Pop7	Pop8	
Pop0	
Pop1	0.398	
Pop2	0.512	0.365	
Pop3	0.535	0.183	0.512	
Pop4	0.074	0.386	0.504	0.528	
Pop5	0.474	0.101	0.446	0.141	0.462	
Pop6	0.449	0.298	0.276	0.450	0.439	0.383	
Pop7	0.414	0.259	0.236	0.414	0.405	0.348	0.135	
Pop8	0.391	0.368	0.480	0.510	0.382	0.444	0.417	0.380	
Pop9	0.079	0.389	0.505	0.525	0.057	0.463	0.441	0.407	0.381	
CV error (K=10): 0.38067
Writing output files.
