****                   ADMIXTURE Version 1.3.0                  ****
****                    Copyright 2008-2015                     ****
****           David Alexander, Suyash Shringarpure,            ****
****                John  Novembre, Ken Lange                   ****
****                                                            ****
****                 Please cite our paper!                     ****
****   Information at www.genetics.ucla.edu/software/admixture  ****

Cross-validation will be performed.  Folds=5.
Random seed: 16215
Point estimation method: Block relaxation algorithm
Convergence acceleration algorithm: QuasiNewton, 3 secant conditions
Point estimation will terminate when objective function delta < 0.0001
Estimation of standard errors disabled; will compute point estimates only.
Size of G: 260x6978
Performing five EM steps to prime main algorithm
1 (EM) 	Elapsed: 0.119	Loglikelihood: -1.81202e+06	(delta): 773685
2 (EM) 	Elapsed: 0.118	Loglikelihood: -1.75689e+06	(delta): 55124.2
3 (EM) 	Elapsed: 0.118	Loglikelihood: -1.74033e+06	(delta): 16562.4
4 (EM) 	Elapsed: 0.118	Loglikelihood: -1.7244e+06	(delta): 15926.3
5 (EM) 	Elapsed: 0.118	Loglikelihood: -1.70397e+06	(delta): 20439
Initial loglikelihood: -1.70397e+06
Starting main algorithm
1 (QN/Block) 	Elapsed: 0.311	Loglikelihood: -1.17112e+06	(delta): 532845
2 (QN/Block) 	Elapsed: 0.313	Loglikelihood: -1.09262e+06	(delta): 78505.8
3 (QN/Block) 	Elapsed: 0.358	Loglikelihood: -1.06841e+06	(delta): 24205.3
4 (QN/Block) 	Elapsed: 0.333	Loglikelihood: -1.05248e+06	(delta): 15930.3
5 (QN/Block) 	Elapsed: 0.332	Loglikelihood: -1.04121e+06	(delta): 11266.8
6 (QN/Block) 	Elapsed: 0.332	Loglikelihood: -1.03684e+06	(delta): 4376.91
7 (QN/Block) 	Elapsed: 0.342	Loglikelihood: -1.03459e+06	(delta): 2246.08
8 (QN/Block) 	Elapsed: 0.33	Loglikelihood: -1.03346e+06	(delta): 1127.31
9 (QN/Block) 	Elapsed: 0.341	Loglikelihood: -1.03307e+06	(delta): 388.88
10 (QN/Block) 	Elapsed: 0.33	Loglikelihood: -1.03299e+06	(delta): 82.6005
11 (QN/Block) 	Elapsed: 0.329	Loglikelihood: -1.03296e+06	(delta): 26.5445
12 (QN/Block) 	Elapsed: 0.33	Loglikelihood: -1.03292e+06	(delta): 39.8297
13 (QN/Block) 	Elapsed: 0.33	Loglikelihood: -1.0329e+06	(delta): 26.6083
14 (QN/Block) 	Elapsed: 0.361	Loglikelihood: -1.03288e+06	(delta): 18.9669
15 (QN/Block) 	Elapsed: 0.363	Loglikelihood: -1.03287e+06	(delta): 7.83213
16 (QN/Block) 	Elapsed: 0.363	Loglikelihood: -1.03287e+06	(delta): 5.4936
17 (QN/Block) 	Elapsed: 0.34	Loglikelihood: -1.03286e+06	(delta): 8.33187
18 (QN/Block) 	Elapsed: 0.364	Loglikelihood: -1.03285e+06	(delta): 9.72288
19 (QN/Block) 	Elapsed: 0.33	Loglikelihood: -1.03284e+06	(delta): 3.46813
20 (QN/Block) 	Elapsed: 0.33	Loglikelihood: -1.03284e+06	(delta): 1.72662
21 (QN/Block) 	Elapsed: 0.34	Loglikelihood: -1.03284e+06	(delta): 0.776021
22 (QN/Block) 	Elapsed: 0.329	Loglikelihood: -1.03284e+06	(delta): 0.164142
23 (QN/Block) 	Elapsed: 0.33	Loglikelihood: -1.03284e+06	(delta): 0.0883538
24 (QN/Block) 	Elapsed: 0.33	Loglikelihood: -1.03284e+06	(delta): 0.0190281
25 (QN/Block) 	Elapsed: 0.329	Loglikelihood: -1.03284e+06	(delta): 0.00311899
26 (QN/Block) 	Elapsed: 0.33	Loglikelihood: -1.03284e+06	(delta): 0.00046533
27 (QN/Block) 	Elapsed: 0.329	Loglikelihood: -1.03284e+06	(delta): 0.000225499
28 (QN/Block) 	Elapsed: 0.329	Loglikelihood: -1.03284e+06	(delta): 4.63054e-06
Summary: 
Converged in 28 iterations (10.41 sec)
Loglikelihood: -1032841.401967
Fst divergences between estimated populations: 
	Pop0	Pop1	Pop2	Pop3	Pop4	Pop5	Pop6	Pop7	
Pop0	
Pop1	0.296	
Pop2	0.126	0.292	
Pop3	0.494	0.418	0.495	
Pop4	0.509	0.432	0.511	0.373	
Pop5	0.465	0.386	0.462	0.448	0.457	
Pop6	0.381	0.298	0.379	0.368	0.380	0.100	
Pop7	0.255	0.135	0.252	0.381	0.398	0.351	0.259	
Pop8	0.551	0.471	0.552	0.149	0.438	0.507	0.428	0.437	
CV error (K=9): 0.38252
Writing output files.
