****                   ADMIXTURE Version 1.3.0                  ****
****                    Copyright 2008-2015                     ****
****           David Alexander, Suyash Shringarpure,            ****
****                John  Novembre, Ken Lange                   ****
****                                                            ****
****                 Please cite our paper!                     ****
****   Information at www.genetics.ucla.edu/software/admixture  ****

Cross-validation will be performed.  Folds=5.
Random seed: 3017
Point estimation method: Block relaxation algorithm
Convergence acceleration algorithm: QuasiNewton, 3 secant conditions
Point estimation will terminate when objective function delta < 0.0001
Estimation of standard errors disabled; will compute point estimates only.
Size of G: 260x6978
Performing five EM steps to prime main algorithm
1 (EM) 	Elapsed: 0.118	Loglikelihood: -1.81217e+06	(delta): 780212
2 (EM) 	Elapsed: 0.118	Loglikelihood: -1.75721e+06	(delta): 54956.2
3 (EM) 	Elapsed: 0.117	Loglikelihood: -1.7414e+06	(delta): 15817.6
4 (EM) 	Elapsed: 0.117	Loglikelihood: -1.72751e+06	(delta): 13883.7
5 (EM) 	Elapsed: 0.117	Loglikelihood: -1.71134e+06	(delta): 16173.1
Initial loglikelihood: -1.71134e+06
Starting main algorithm
1 (QN/Block) 	Elapsed: 0.309	Loglikelihood: -1.1779e+06	(delta): 533438
2 (QN/Block) 	Elapsed: 0.313	Loglikelihood: -1.07982e+06	(delta): 98085.3
3 (QN/Block) 	Elapsed: 0.343	Loglikelihood: -1.04698e+06	(delta): 32837.3
4 (QN/Block) 	Elapsed: 0.33	Loglikelihood: -1.03102e+06	(delta): 15953.5
5 (QN/Block) 	Elapsed: 0.363	Loglikelihood: -1.02741e+06	(delta): 3615.88
6 (QN/Block) 	Elapsed: 0.342	Loglikelihood: -1.02637e+06	(delta): 1042.34
7 (QN/Block) 	Elapsed: 0.352	Loglikelihood: -1.02607e+06	(delta): 299.168
8 (QN/Block) 	Elapsed: 0.363	Loglikelihood: -1.02589e+06	(delta): 181.11
9 (QN/Block) 	Elapsed: 0.341	Loglikelihood: -1.02573e+06	(delta): 157.082
10 (QN/Block) 	Elapsed: 0.361	Loglikelihood: -1.02564e+06	(delta): 91.7994
11 (QN/Block) 	Elapsed: 0.34	Loglikelihood: -1.0256e+06	(delta): 37.5199
12 (QN/Block) 	Elapsed: 0.329	Loglikelihood: -1.02558e+06	(delta): 19.6816
13 (QN/Block) 	Elapsed: 0.33	Loglikelihood: -1.02557e+06	(delta): 7.69274
14 (QN/Block) 	Elapsed: 0.329	Loglikelihood: -1.02557e+06	(delta): 4.92338
15 (QN/Block) 	Elapsed: 0.362	Loglikelihood: -1.02556e+06	(delta): 4.26627
16 (QN/Block) 	Elapsed: 0.362	Loglikelihood: -1.02556e+06	(delta): 0.868897
17 (QN/Block) 	Elapsed: 0.362	Loglikelihood: -1.02556e+06	(delta): 0.586224
18 (QN/Block) 	Elapsed: 0.363	Loglikelihood: -1.02556e+06	(delta): 0.722943
19 (QN/Block) 	Elapsed: 0.361	Loglikelihood: -1.02556e+06	(delta): 0.927802
20 (QN/Block) 	Elapsed: 0.364	Loglikelihood: -1.02556e+06	(delta): 0.781874
21 (QN/Block) 	Elapsed: 0.339	Loglikelihood: -1.02556e+06	(delta): 2.12299
22 (QN/Block) 	Elapsed: 0.366	Loglikelihood: -1.02556e+06	(delta): 2.3893
23 (QN/Block) 	Elapsed: 0.362	Loglikelihood: -1.02555e+06	(delta): 1.25604
24 (QN/Block) 	Elapsed: 0.339	Loglikelihood: -1.02555e+06	(delta): 1.25826
25 (QN/Block) 	Elapsed: 0.361	Loglikelihood: -1.02555e+06	(delta): 2.1148
26 (QN/Block) 	Elapsed: 0.34	Loglikelihood: -1.02555e+06	(delta): 1.0043
27 (QN/Block) 	Elapsed: 0.361	Loglikelihood: -1.02555e+06	(delta): 2.79613
28 (QN/Block) 	Elapsed: 0.35	Loglikelihood: -1.02555e+06	(delta): 1.08232
29 (QN/Block) 	Elapsed: 0.328	Loglikelihood: -1.02554e+06	(delta): 2.08009
30 (QN/Block) 	Elapsed: 0.341	Loglikelihood: -1.02554e+06	(delta): 1.8369
31 (QN/Block) 	Elapsed: 0.341	Loglikelihood: -1.02554e+06	(delta): 1.58559
32 (QN/Block) 	Elapsed: 0.329	Loglikelihood: -1.02554e+06	(delta): 1.1826
33 (QN/Block) 	Elapsed: 0.362	Loglikelihood: -1.02554e+06	(delta): 1.17437
34 (QN/Block) 	Elapsed: 0.363	Loglikelihood: -1.02554e+06	(delta): 0.929493
35 (QN/Block) 	Elapsed: 0.362	Loglikelihood: -1.02554e+06	(delta): 0.979481
36 (QN/Block) 	Elapsed: 0.363	Loglikelihood: -1.02553e+06	(delta): 1.03083
37 (QN/Block) 	Elapsed: 0.34	Loglikelihood: -1.02553e+06	(delta): 1.18396
38 (QN/Block) 	Elapsed: 0.34	Loglikelihood: -1.02553e+06	(delta): 3.64006
39 (QN/Block) 	Elapsed: 0.361	Loglikelihood: -1.02553e+06	(delta): 3.74377
40 (QN/Block) 	Elapsed: 0.351	Loglikelihood: -1.02552e+06	(delta): 3.31876
41 (QN/Block) 	Elapsed: 0.339	Loglikelihood: -1.02552e+06	(delta): 2.10332
42 (QN/Block) 	Elapsed: 0.329	Loglikelihood: -1.02551e+06	(delta): 9.83142
43 (QN/Block) 	Elapsed: 0.351	Loglikelihood: -1.02551e+06	(delta): 4.02261
44 (QN/Block) 	Elapsed: 0.331	Loglikelihood: -1.0255e+06	(delta): 4.49371
45 (QN/Block) 	Elapsed: 0.363	Loglikelihood: -1.0255e+06	(delta): 1.13999
46 (QN/Block) 	Elapsed: 0.352	Loglikelihood: -1.0255e+06	(delta): 0.667495
47 (QN/Block) 	Elapsed: 0.362	Loglikelihood: -1.0255e+06	(delta): 0.330389
48 (QN/Block) 	Elapsed: 0.339	Loglikelihood: -1.0255e+06	(delta): 0.587082
49 (QN/Block) 	Elapsed: 0.34	Loglikelihood: -1.0255e+06	(delta): 0.611665
50 (QN/Block) 	Elapsed: 0.351	Loglikelihood: -1.0255e+06	(delta): 0.606548
51 (QN/Block) 	Elapsed: 0.328	Loglikelihood: -1.0255e+06	(delta): 1.10783
52 (QN/Block) 	Elapsed: 0.363	Loglikelihood: -1.0255e+06	(delta): 0.703237
53 (QN/Block) 	Elapsed: 0.362	Loglikelihood: -1.0255e+06	(delta): 0.836033
54 (QN/Block) 	Elapsed: 0.362	Loglikelihood: -1.0255e+06	(delta): 0.563756
55 (QN/Block) 	Elapsed: 0.362	Loglikelihood: -1.02549e+06	(delta): 0.682908
56 (QN/Block) 	Elapsed: 0.364	Loglikelihood: -1.02549e+06	(delta): 0.431594
57 (QN/Block) 	Elapsed: 0.362	Loglikelihood: -1.02549e+06	(delta): 0.243763
58 (QN/Block) 	Elapsed: 0.329	Loglikelihood: -1.02549e+06	(delta): 0.0727681
59 (QN/Block) 	Elapsed: 0.329	Loglikelihood: -1.02549e+06	(delta): 0.00809112
60 (QN/Block) 	Elapsed: 0.329	Loglikelihood: -1.02549e+06	(delta): 0.00157113
61 (QN/Block) 	Elapsed: 0.328	Loglikelihood: -1.02549e+06	(delta): 0.000146939
62 (QN/Block) 	Elapsed: 0.328	Loglikelihood: -1.02549e+06	(delta): 0.000351607
63 (QN/Block) 	Elapsed: 0.361	Loglikelihood: -1.02549e+06	(delta): 5.1386e-05
Summary: 
Converged in 63 iterations (23.289 sec)
Loglikelihood: -1025493.828534
Fst divergences between estimated populations: 
	Pop0	Pop1	Pop2	Pop3	Pop4	Pop5	Pop6	Pop7	
Pop0	
Pop1	0.503	
Pop2	0.512	0.524	
Pop3	0.480	0.379	0.510	
Pop4	0.500	0.054	0.524	0.377	
Pop5	0.236	0.406	0.414	0.380	0.403	
Pop6	0.276	0.439	0.450	0.417	0.436	0.135	
Pop7	0.446	0.461	0.141	0.444	0.460	0.348	0.383	
Pop8	0.365	0.387	0.183	0.368	0.385	0.259	0.297	0.101	
CV error (K=9): 0.37650
Writing output files.
