****                   ADMIXTURE Version 1.3.0                  ****
****                    Copyright 2008-2015                     ****
****           David Alexander, Suyash Shringarpure,            ****
****                John  Novembre, Ken Lange                   ****
****                                                            ****
****                 Please cite our paper!                     ****
****   Information at www.genetics.ucla.edu/software/admixture  ****

Cross-validation will be performed.  Folds=5.
Random seed: 3017
Point estimation method: Block relaxation algorithm
Convergence acceleration algorithm: QuasiNewton, 3 secant conditions
Point estimation will terminate when objective function delta < 0.0001
Estimation of standard errors disabled; will compute point estimates only.
Size of G: 260x6978
Performing five EM steps to prime main algorithm
1 (EM) 	Elapsed: 0.054	Loglikelihood: -1.82338e+06	(delta): 920844
2 (EM) 	Elapsed: 0.053	Loglikelihood: -1.76692e+06	(delta): 56465.7
3 (EM) 	Elapsed: 0.053	Loglikelihood: -1.74839e+06	(delta): 18522.3
4 (EM) 	Elapsed: 0.053	Loglikelihood: -1.73411e+06	(delta): 14288.8
5 (EM) 	Elapsed: 0.053	Loglikelihood: -1.71908e+06	(delta): 15030.4
Initial loglikelihood: -1.71908e+06
Starting main algorithm
1 (QN/Block) 	Elapsed: 0.104	Loglikelihood: -1.25496e+06	(delta): 464111
2 (QN/Block) 	Elapsed: 0.106	Loglikelihood: -1.18332e+06	(delta): 71643.5
3 (QN/Block) 	Elapsed: 0.122	Loglikelihood: -1.15363e+06	(delta): 29695.9
4 (QN/Block) 	Elapsed: 0.121	Loglikelihood: -1.13711e+06	(delta): 16517.6
5 (QN/Block) 	Elapsed: 0.136	Loglikelihood: -1.13361e+06	(delta): 3498.51
6 (QN/Block) 	Elapsed: 0.118	Loglikelihood: -1.13314e+06	(delta): 469.892
7 (QN/Block) 	Elapsed: 0.118	Loglikelihood: -1.13304e+06	(delta): 94.3105
8 (QN/Block) 	Elapsed: 0.117	Loglikelihood: -1.13302e+06	(delta): 23.4295
9 (QN/Block) 	Elapsed: 0.141	Loglikelihood: -1.13301e+06	(delta): 10.7063
10 (QN/Block) 	Elapsed: 0.141	Loglikelihood: -1.13301e+06	(delta): 3.42889
11 (QN/Block) 	Elapsed: 0.141	Loglikelihood: -1.13301e+06	(delta): 0.0766509
12 (QN/Block) 	Elapsed: 0.141	Loglikelihood: -1.13301e+06	(delta): 0.00125369
13 (QN/Block) 	Elapsed: 0.117	Loglikelihood: -1.13301e+06	(delta): 0.00111713
14 (QN/Block) 	Elapsed: 0.117	Loglikelihood: -1.13301e+06	(delta): 5.06174e-06
Summary: 
Converged in 14 iterations (2.188 sec)
Loglikelihood: -1133007.239453
Fst divergences between estimated populations: 
	Pop0	Pop1	Pop2	
Pop0	
Pop1	0.371	
Pop2	0.383	0.401	
Pop3	0.440	0.450	0.348	
CV error (K=4): 0.41167
Writing output files.
