****                   ADMIXTURE Version 1.3.0                  ****
****                    Copyright 2008-2015                     ****
****           David Alexander, Suyash Shringarpure,            ****
****                John  Novembre, Ken Lange                   ****
****                                                            ****
****                 Please cite our paper!                     ****
****   Information at www.genetics.ucla.edu/software/admixture  ****

Cross-validation will be performed.  Folds=5.
Random seed: 3017
Point estimation method: Block relaxation algorithm
Convergence acceleration algorithm: QuasiNewton, 3 secant conditions
Point estimation will terminate when objective function delta < 0.0001
Estimation of standard errors disabled; will compute point estimates only.
Size of G: 260x6978
Performing five EM steps to prime main algorithm
1 (EM) 	Elapsed: 0.079	Loglikelihood: -1.8198e+06	(delta): 830561
2 (EM) 	Elapsed: 0.078	Loglikelihood: -1.7667e+06	(delta): 53103.5
3 (EM) 	Elapsed: 0.078	Loglikelihood: -1.75217e+06	(delta): 14523.7
4 (EM) 	Elapsed: 0.078	Loglikelihood: -1.74164e+06	(delta): 10534
5 (EM) 	Elapsed: 0.078	Loglikelihood: -1.7313e+06	(delta): 10337.6
Initial loglikelihood: -1.7313e+06
Starting main algorithm
1 (QN/Block) 	Elapsed: 0.17	Loglikelihood: -1.20712e+06	(delta): 524185
2 (QN/Block) 	Elapsed: 0.172	Loglikelihood: -1.1277e+06	(delta): 79420.4
3 (QN/Block) 	Elapsed: 0.19	Loglikelihood: -1.09508e+06	(delta): 32619.1
4 (QN/Block) 	Elapsed: 0.188	Loglikelihood: -1.07324e+06	(delta): 21833.2
5 (QN/Block) 	Elapsed: 0.195	Loglikelihood: -1.06437e+06	(delta): 8869.72
6 (QN/Block) 	Elapsed: 0.195	Loglikelihood: -1.06105e+06	(delta): 3321.96
7 (QN/Block) 	Elapsed: 0.195	Loglikelihood: -1.06045e+06	(delta): 596.759
8 (QN/Block) 	Elapsed: 0.186	Loglikelihood: -1.06035e+06	(delta): 109.747
9 (QN/Block) 	Elapsed: 0.186	Loglikelihood: -1.06031e+06	(delta): 35.1871
10 (QN/Block) 	Elapsed: 0.186	Loglikelihood: -1.0603e+06	(delta): 11.1359
11 (QN/Block) 	Elapsed: 0.195	Loglikelihood: -1.0603e+06	(delta): 0.63934
12 (QN/Block) 	Elapsed: 0.185	Loglikelihood: -1.0603e+06	(delta): 0.0328165
13 (QN/Block) 	Elapsed: 0.187	Loglikelihood: -1.0603e+06	(delta): 0.005507
14 (QN/Block) 	Elapsed: 0.186	Loglikelihood: -1.0603e+06	(delta): 0.00175826
15 (QN/Block) 	Elapsed: 0.186	Loglikelihood: -1.0603e+06	(delta): 8.60952e-05
Summary: 
Converged in 15 iterations (3.408 sec)
Loglikelihood: -1060298.106681
Fst divergences between estimated populations: 
	Pop0	Pop1	Pop2	Pop3	Pop4	
Pop0	
Pop1	0.479	
Pop2	0.448	0.447	
Pop3	0.495	0.371	0.457	
Pop4	0.236	0.380	0.352	0.397	
Pop5	0.365	0.368	0.100	0.380	0.261	
CV error (K=6): 0.38196
Writing output files.
