****                   ADMIXTURE Version 1.3.0                  ****
****                    Copyright 2008-2015                     ****
****           David Alexander, Suyash Shringarpure,            ****
****                John  Novembre, Ken Lange                   ****
****                                                            ****
****                 Please cite our paper!                     ****
****   Information at www.genetics.ucla.edu/software/admixture  ****

Cross-validation will be performed.  Folds=5.
Random seed: 3017
Point estimation method: Block relaxation algorithm
Convergence acceleration algorithm: QuasiNewton, 3 secant conditions
Point estimation will terminate when objective function delta < 0.0001
Estimation of standard errors disabled; will compute point estimates only.
Size of G: 260x6978
Performing five EM steps to prime main algorithm
1 (EM) 	Elapsed: 0.067	Loglikelihood: -1.82053e+06	(delta): 879526
2 (EM) 	Elapsed: 0.066	Loglikelihood: -1.76387e+06	(delta): 56654
3 (EM) 	Elapsed: 0.066	Loglikelihood: -1.7443e+06	(delta): 19569.3
4 (EM) 	Elapsed: 0.066	Loglikelihood: -1.72722e+06	(delta): 17084.2
5 (EM) 	Elapsed: 0.066	Loglikelihood: -1.70766e+06	(delta): 19562.7
Initial loglikelihood: -1.70766e+06
Starting main algorithm
1 (QN/Block) 	Elapsed: 0.133	Loglikelihood: -1.24427e+06	(delta): 463390
2 (QN/Block) 	Elapsed: 0.133	Loglikelihood: -1.16026e+06	(delta): 84005.3
3 (QN/Block) 	Elapsed: 0.158	Loglikelihood: -1.12261e+06	(delta): 37651.8
4 (QN/Block) 	Elapsed: 0.173	Loglikelihood: -1.09423e+06	(delta): 28383.8
5 (QN/Block) 	Elapsed: 0.173	Loglikelihood: -1.08459e+06	(delta): 9636.15
6 (QN/Block) 	Elapsed: 0.164	Loglikelihood: -1.08069e+06	(delta): 3896.32
7 (QN/Block) 	Elapsed: 0.172	Loglikelihood: -1.0796e+06	(delta): 1095.6
8 (QN/Block) 	Elapsed: 0.156	Loglikelihood: -1.07925e+06	(delta): 346.072
9 (QN/Block) 	Elapsed: 0.172	Loglikelihood: -1.07919e+06	(delta): 61.812
10 (QN/Block) 	Elapsed: 0.147	Loglikelihood: -1.07918e+06	(delta): 5.461
11 (QN/Block) 	Elapsed: 0.148	Loglikelihood: -1.07918e+06	(delta): 0.574112
12 (QN/Block) 	Elapsed: 0.148	Loglikelihood: -1.07918e+06	(delta): 0.00869291
13 (QN/Block) 	Elapsed: 0.148	Loglikelihood: -1.07918e+06	(delta): 0.00150574
14 (QN/Block) 	Elapsed: 0.147	Loglikelihood: -1.07918e+06	(delta): 0.000403021
15 (QN/Block) 	Elapsed: 0.147	Loglikelihood: -1.07918e+06	(delta): 5.52514e-05
Summary: 
Converged in 15 iterations (2.853 sec)
Loglikelihood: -1079184.276699
Fst divergences between estimated populations: 
	Pop0	Pop1	Pop2	Pop3	
Pop0	
Pop1	0.342	
Pop2	0.440	0.377	
Pop3	0.442	0.233	0.479	
Pop4	0.450	0.394	0.371	0.495	
CV error (K=5): 0.38568
Writing output files.
