****                   ADMIXTURE Version 1.3.0                  ****
****                    Copyright 2008-2015                     ****
****           David Alexander, Suyash Shringarpure,            ****
****                John  Novembre, Ken Lange                   ****
****                                                            ****
****                 Please cite our paper!                     ****
****   Information at www.genetics.ucla.edu/software/admixture  ****

Cross-validation will be performed.  Folds=5.
Random seed: 3017
Point estimation method: Block relaxation algorithm
Convergence acceleration algorithm: QuasiNewton, 3 secant conditions
Point estimation will terminate when objective function delta < 0.0001
Estimation of standard errors disabled; will compute point estimates only.
Size of G: 260x6978
Performing five EM steps to prime main algorithm
1 (EM) 	Elapsed: 0.041	Loglikelihood: -1.82364e+06	(delta): 1.02982e+06
2 (EM) 	Elapsed: 0.04	Loglikelihood: -1.76655e+06	(delta): 57085
3 (EM) 	Elapsed: 0.04	Loglikelihood: -1.7474e+06	(delta): 19155.2
4 (EM) 	Elapsed: 0.04	Loglikelihood: -1.73413e+06	(delta): 13265.5
5 (EM) 	Elapsed: 0.04	Loglikelihood: -1.72201e+06	(delta): 12122.8
Initial loglikelihood: -1.72201e+06
Starting main algorithm
1 (QN/Block) 	Elapsed: 0.073	Loglikelihood: -1.36257e+06	(delta): 359439
2 (QN/Block) 	Elapsed: 0.073	Loglikelihood: -1.28606e+06	(delta): 76509.1
3 (QN/Block) 	Elapsed: 0.088	Loglikelihood: -1.25939e+06	(delta): 26671.5
4 (QN/Block) 	Elapsed: 0.088	Loglikelihood: -1.24891e+06	(delta): 10479.3
5 (QN/Block) 	Elapsed: 0.096	Loglikelihood: -1.24611e+06	(delta): 2802.77
6 (QN/Block) 	Elapsed: 0.09	Loglikelihood: -1.24571e+06	(delta): 395.036
7 (QN/Block) 	Elapsed: 0.104	Loglikelihood: -1.24567e+06	(delta): 48.7695
8 (QN/Block) 	Elapsed: 0.105	Loglikelihood: -1.24566e+06	(delta): 6.98546
9 (QN/Block) 	Elapsed: 0.111	Loglikelihood: -1.24566e+06	(delta): 0.142989
10 (QN/Block) 	Elapsed: 0.104	Loglikelihood: -1.24566e+06	(delta): 0.0140581
11 (QN/Block) 	Elapsed: 0.089	Loglikelihood: -1.24566e+06	(delta): 0.00236042
12 (QN/Block) 	Elapsed: 0.089	Loglikelihood: -1.24566e+06	(delta): 0.000162376
13 (QN/Block) 	Elapsed: 0.089	Loglikelihood: -1.24566e+06	(delta): 1.70828e-06
Summary: 
Converged in 13 iterations (1.561 sec)
Loglikelihood: -1245658.838877
Fst divergences between estimated populations: 
	Pop0	Pop1	
Pop0	
Pop1	0.369	
Pop2	0.348	0.319	
CV error (K=3): 0.47211
Writing output files.
