****                   ADMIXTURE Version 1.3.0                  ****
****                    Copyright 2008-2015                     ****
****           David Alexander, Suyash Shringarpure,            ****
****                John  Novembre, Ken Lange                   ****
****                                                            ****
****                 Please cite our paper!                     ****
****   Information at www.genetics.ucla.edu/software/admixture  ****

Cross-validation will be performed.  Folds=5.
Random seed: 3017
Point estimation method: Block relaxation algorithm
Convergence acceleration algorithm: QuasiNewton, 3 secant conditions
Point estimation will terminate when objective function delta < 0.0001
Estimation of standard errors disabled; will compute point estimates only.
Size of G: 260x6978
Performing five EM steps to prime main algorithm
1 (EM) 	Elapsed: 0.135	Loglikelihood: -1.81109e+06	(delta): 769609
2 (EM) 	Elapsed: 0.134	Loglikelihood: -1.75696e+06	(delta): 54131.6
3 (EM) 	Elapsed: 0.135	Loglikelihood: -1.74317e+06	(delta): 13790
4 (EM) 	Elapsed: 0.135	Loglikelihood: -1.73193e+06	(delta): 11236.8
5 (EM) 	Elapsed: 0.134	Loglikelihood: -1.71925e+06	(delta): 12684
Initial loglikelihood: -1.71925e+06
Starting main algorithm
1 (QN/Block) 	Elapsed: 0.369	Loglikelihood: -1.18351e+06	(delta): 535738
2 (QN/Block) 	Elapsed: 0.374	Loglikelihood: -1.09099e+06	(delta): 92524.8
3 (QN/Block) 	Elapsed: 0.422	Loglikelihood: -1.05336e+06	(delta): 37625.8
4 (QN/Block) 	Elapsed: 0.393	Loglikelihood: -1.03277e+06	(delta): 20590.8
5 (QN/Block) 	Elapsed: 0.391	Loglikelihood: -1.0242e+06	(delta): 8564.91
6 (QN/Block) 	Elapsed: 0.389	Loglikelihood: -1.02199e+06	(delta): 2216.81
7 (QN/Block) 	Elapsed: 0.389	Loglikelihood: -1.02124e+06	(delta): 744.198
8 (QN/Block) 	Elapsed: 0.412	Loglikelihood: -1.02082e+06	(delta): 422.777
9 (QN/Block) 	Elapsed: 0.391	Loglikelihood: -1.02058e+06	(delta): 242.833
10 (QN/Block) 	Elapsed: 0.399	Loglikelihood: -1.02039e+06	(delta): 182.388
11 (QN/Block) 	Elapsed: 0.388	Loglikelihood: -1.02025e+06	(delta): 144.169
12 (QN/Block) 	Elapsed: 0.388	Loglikelihood: -1.02018e+06	(delta): 66.425
13 (QN/Block) 	Elapsed: 0.411	Loglikelihood: -1.02014e+06	(delta): 47.5618
14 (QN/Block) 	Elapsed: 0.388	Loglikelihood: -1.0201e+06	(delta): 32.2165
15 (QN/Block) 	Elapsed: 0.388	Loglikelihood: -1.02008e+06	(delta): 29.0638
16 (QN/Block) 	Elapsed: 0.399	Loglikelihood: -1.02002e+06	(delta): 50.6362
17 (QN/Block) 	Elapsed: 0.399	Loglikelihood: -1.01999e+06	(delta): 30.4929
18 (QN/Block) 	Elapsed: 0.388	Loglikelihood: -1.01997e+06	(delta): 28.9179
19 (QN/Block) 	Elapsed: 0.388	Loglikelihood: -1.01993e+06	(delta): 33.4945
20 (QN/Block) 	Elapsed: 0.387	Loglikelihood: -1.0199e+06	(delta): 27.197
21 (QN/Block) 	Elapsed: 0.389	Loglikelihood: -1.01989e+06	(delta): 17.9019
22 (QN/Block) 	Elapsed: 0.387	Loglikelihood: -1.01988e+06	(delta): 9.5686
23 (QN/Block) 	Elapsed: 0.387	Loglikelihood: -1.01986e+06	(delta): 15.8738
24 (QN/Block) 	Elapsed: 0.422	Loglikelihood: -1.01984e+06	(delta): 20.851
25 (QN/Block) 	Elapsed: 0.424	Loglikelihood: -1.01983e+06	(delta): 6.87876
26 (QN/Block) 	Elapsed: 0.387	Loglikelihood: -1.01983e+06	(delta): 8.11864
27 (QN/Block) 	Elapsed: 0.411	Loglikelihood: -1.01982e+06	(delta): 9.30184
28 (QN/Block) 	Elapsed: 0.422	Loglikelihood: -1.01981e+06	(delta): 3.73794
29 (QN/Block) 	Elapsed: 0.388	Loglikelihood: -1.01981e+06	(delta): 4.20079
30 (QN/Block) 	Elapsed: 0.389	Loglikelihood: -1.0198e+06	(delta): 4.08766
31 (QN/Block) 	Elapsed: 0.401	Loglikelihood: -1.0198e+06	(delta): 5.32988
32 (QN/Block) 	Elapsed: 0.413	Loglikelihood: -1.0198e+06	(delta): 2.49452
33 (QN/Block) 	Elapsed: 0.39	Loglikelihood: -1.0198e+06	(delta): 0.554824
34 (QN/Block) 	Elapsed: 0.389	Loglikelihood: -1.0198e+06	(delta): 0.185885
35 (QN/Block) 	Elapsed: 0.389	Loglikelihood: -1.0198e+06	(delta): 0.081723
36 (QN/Block) 	Elapsed: 0.389	Loglikelihood: -1.0198e+06	(delta): 0.0379306
37 (QN/Block) 	Elapsed: 0.388	Loglikelihood: -1.0198e+06	(delta): 0.0203159
38 (QN/Block) 	Elapsed: 0.388	Loglikelihood: -1.0198e+06	(delta): 0.0232453
39 (QN/Block) 	Elapsed: 0.388	Loglikelihood: -1.0198e+06	(delta): 0.00948477
40 (QN/Block) 	Elapsed: 0.39	Loglikelihood: -1.0198e+06	(delta): 0.00315407
41 (QN/Block) 	Elapsed: 0.39	Loglikelihood: -1.0198e+06	(delta): 0.00256497
42 (QN/Block) 	Elapsed: 0.387	Loglikelihood: -1.0198e+06	(delta): 0.00122871
43 (QN/Block) 	Elapsed: 0.389	Loglikelihood: -1.0198e+06	(delta): 0.0047969
44 (QN/Block) 	Elapsed: 0.39	Loglikelihood: -1.0198e+06	(delta): 0.0129532
45 (QN/Block) 	Elapsed: 0.386	Loglikelihood: -1.0198e+06	(delta): 0.00319915
46 (QN/Block) 	Elapsed: 0.387	Loglikelihood: -1.0198e+06	(delta): 0.000447826
47 (QN/Block) 	Elapsed: 0.401	Loglikelihood: -1.0198e+06	(delta): 0.000445455
48 (QN/Block) 	Elapsed: 0.426	Loglikelihood: -1.0198e+06	(delta): 0.00316148
49 (QN/Block) 	Elapsed: 0.423	Loglikelihood: -1.0198e+06	(delta): 0.0010921
50 (QN/Block) 	Elapsed: 0.39	Loglikelihood: -1.0198e+06	(delta): 0.00194118
51 (QN/Block) 	Elapsed: 0.411	Loglikelihood: -1.0198e+06	(delta): 0.00826968
52 (QN/Block) 	Elapsed: 0.411	Loglikelihood: -1.0198e+06	(delta): 0.00609484
53 (QN/Block) 	Elapsed: 0.388	Loglikelihood: -1.0198e+06	(delta): 0.0106297
54 (QN/Block) 	Elapsed: 0.426	Loglikelihood: -1.0198e+06	(delta): 0.00427972
55 (QN/Block) 	Elapsed: 0.424	Loglikelihood: -1.0198e+06	(delta): 0.00433427
56 (QN/Block) 	Elapsed: 0.424	Loglikelihood: -1.0198e+06	(delta): 0.00472695
57 (QN/Block) 	Elapsed: 0.425	Loglikelihood: -1.0198e+06	(delta): 0.00529559
58 (QN/Block) 	Elapsed: 0.422	Loglikelihood: -1.0198e+06	(delta): 0.00605182
59 (QN/Block) 	Elapsed: 0.422	Loglikelihood: -1.0198e+06	(delta): 0.00686085
60 (QN/Block) 	Elapsed: 0.424	Loglikelihood: -1.0198e+06	(delta): 0.0078167
61 (QN/Block) 	Elapsed: 0.424	Loglikelihood: -1.0198e+06	(delta): 0.00918051
62 (QN/Block) 	Elapsed: 0.421	Loglikelihood: -1.0198e+06	(delta): 0.0109141
63 (QN/Block) 	Elapsed: 0.422	Loglikelihood: -1.01979e+06	(delta): 0.0127686
64 (QN/Block) 	Elapsed: 0.422	Loglikelihood: -1.01979e+06	(delta): 0.0147393
65 (QN/Block) 	Elapsed: 0.421	Loglikelihood: -1.01979e+06	(delta): 0.0167024
66 (QN/Block) 	Elapsed: 0.422	Loglikelihood: -1.01979e+06	(delta): 0.0185987
67 (QN/Block) 	Elapsed: 0.422	Loglikelihood: -1.01979e+06	(delta): 0.0208423
68 (QN/Block) 	Elapsed: 0.422	Loglikelihood: -1.01979e+06	(delta): 0.0232661
69 (QN/Block) 	Elapsed: 0.423	Loglikelihood: -1.01979e+06	(delta): 0.0276845
70 (QN/Block) 	Elapsed: 0.422	Loglikelihood: -1.01979e+06	(delta): 0.0358734
71 (QN/Block) 	Elapsed: 0.423	Loglikelihood: -1.01979e+06	(delta): 0.0462241
72 (QN/Block) 	Elapsed: 0.421	Loglikelihood: -1.01979e+06	(delta): 0.0576965
73 (QN/Block) 	Elapsed: 0.421	Loglikelihood: -1.01979e+06	(delta): 0.0770537
74 (QN/Block) 	Elapsed: 0.424	Loglikelihood: -1.01979e+06	(delta): 0.107779
75 (QN/Block) 	Elapsed: 0.423	Loglikelihood: -1.01979e+06	(delta): 0.15035
76 (QN/Block) 	Elapsed: 0.422	Loglikelihood: -1.01979e+06	(delta): 0.22633
77 (QN/Block) 	Elapsed: 0.423	Loglikelihood: -1.01979e+06	(delta): 0.348296
78 (QN/Block) 	Elapsed: 0.422	Loglikelihood: -1.01979e+06	(delta): 0.573646
79 (QN/Block) 	Elapsed: 0.425	Loglikelihood: -1.01979e+06	(delta): 0.981658
80 (QN/Block) 	Elapsed: 0.422	Loglikelihood: -1.01979e+06	(delta): 1.92968
81 (QN/Block) 	Elapsed: 0.424	Loglikelihood: -1.01979e+06	(delta): 4.13862
82 (QN/Block) 	Elapsed: 0.423	Loglikelihood: -1.01977e+06	(delta): 12.3822
83 (QN/Block) 	Elapsed: 0.421	Loglikelihood: -1.01972e+06	(delta): 49.408
84 (QN/Block) 	Elapsed: 0.423	Loglikelihood: -1.01961e+06	(delta): 117.366
85 (QN/Block) 	Elapsed: 0.422	Loglikelihood: -1.0196e+06	(delta): 6.34207
86 (QN/Block) 	Elapsed: 0.421	Loglikelihood: -1.0196e+06	(delta): 0.446763
87 (QN/Block) 	Elapsed: 0.39	Loglikelihood: -1.0196e+06	(delta): 0.319209
88 (QN/Block) 	Elapsed: 0.387	Loglikelihood: -1.0196e+06	(delta): 0.022963
89 (QN/Block) 	Elapsed: 0.388	Loglikelihood: -1.0196e+06	(delta): 0.00682704
90 (QN/Block) 	Elapsed: 0.387	Loglikelihood: -1.0196e+06	(delta): 0.000297488
91 (QN/Block) 	Elapsed: 0.387	Loglikelihood: -1.0196e+06	(delta): 1.51541e-05
Summary: 
Converged in 91 iterations (38.708 sec)
Loglikelihood: -1019599.902618
Fst divergences between estimated populations: 
	Pop0	Pop1	Pop2	Pop3	Pop4	Pop5	Pop6	Pop7	Pop8	
Pop0	
Pop1	0.512	
Pop2	0.238	0.506	
Pop3	0.143	0.447	0.150	
Pop4	0.185	0.365	0.189	0.104	
Pop5	0.518	0.496	0.514	0.455	0.380	
Pop6	0.511	0.480	0.504	0.445	0.367	0.373	
Pop7	0.414	0.236	0.409	0.349	0.258	0.398	0.381	
Pop8	0.548	0.517	0.542	0.484	0.408	0.412	0.109	0.417	
Pop9	0.450	0.276	0.443	0.384	0.297	0.432	0.418	0.135	0.452	
CV error (K=10): 0.37940
Writing output files.
