****                   ADMIXTURE Version 1.3.0                  ****
****                    Copyright 2008-2015                     ****
****           David Alexander, Suyash Shringarpure,            ****
****                John  Novembre, Ken Lange                   ****
****                                                            ****
****                 Please cite our paper!                     ****
****   Information at www.genetics.ucla.edu/software/admixture  ****

Cross-validation will be performed.  Folds=5.
Random seed: 24430
Point estimation method: Block relaxation algorithm
Convergence acceleration algorithm: QuasiNewton, 3 secant conditions
Point estimation will terminate when objective function delta < 0.0001
Estimation of standard errors disabled; will compute point estimates only.
Size of G: 260x6978
Performing five EM steps to prime main algorithm
1 (EM) 	Elapsed: 0.044	Loglikelihood: -1.82655e+06	(delta): 1.01789e+06
2 (EM) 	Elapsed: 0.041	Loglikelihood: -1.7683e+06	(delta): 58246.8
3 (EM) 	Elapsed: 0.041	Loglikelihood: -1.75002e+06	(delta): 18280.8
4 (EM) 	Elapsed: 0.041	Loglikelihood: -1.73766e+06	(delta): 12356.2
5 (EM) 	Elapsed: 0.041	Loglikelihood: -1.72651e+06	(delta): 11152.1
Initial loglikelihood: -1.72651e+06
Starting main algorithm
1 (QN/Block) 	Elapsed: 0.073	Loglikelihood: -1.37506e+06	(delta): 351448
2 (QN/Block) 	Elapsed: 0.073	Loglikelihood: -1.30087e+06	(delta): 74188.5
3 (QN/Block) 	Elapsed: 0.088	Loglikelihood: -1.26616e+06	(delta): 34717.4
4 (QN/Block) 	Elapsed: 0.096	Loglikelihood: -1.2482e+06	(delta): 17959.1
5 (QN/Block) 	Elapsed: 0.11	Loglikelihood: -1.24612e+06	(delta): 2079.89
6 (QN/Block) 	Elapsed: 0.091	Loglikelihood: -1.24576e+06	(delta): 358.548
7 (QN/Block) 	Elapsed: 0.09	Loglikelihood: -1.24567e+06	(delta): 89.0928
8 (QN/Block) 	Elapsed: 0.097	Loglikelihood: -1.24566e+06	(delta): 11.4671
9 (QN/Block) 	Elapsed: 0.104	Loglikelihood: -1.24566e+06	(delta): 0.080762
10 (QN/Block) 	Elapsed: 0.089	Loglikelihood: -1.24566e+06	(delta): 0.00357869
11 (QN/Block) 	Elapsed: 0.089	Loglikelihood: -1.24566e+06	(delta): 8.42016e-05
Summary: 
Converged in 11 iterations (1.356 sec)
Loglikelihood: -1245658.809791
Fst divergences between estimated populations: 
	Pop0	Pop1	
Pop0	
Pop1	0.369	
Pop2	0.319	0.348	
CV error (K=3): 0.47232
Writing output files.
