****                   ADMIXTURE Version 1.3.0                  ****
****                    Copyright 2008-2015                     ****
****           David Alexander, Suyash Shringarpure,            ****
****                John  Novembre, Ken Lange                   ****
****                                                            ****
****                 Please cite our paper!                     ****
****   Information at www.genetics.ucla.edu/software/admixture  ****

Cross-validation will be performed.  Folds=5.
Random seed: 24430
Point estimation method: Block relaxation algorithm
Convergence acceleration algorithm: QuasiNewton, 3 secant conditions
Point estimation will terminate when objective function delta < 0.0001
Estimation of standard errors disabled; will compute point estimates only.
Size of G: 260x6978
Performing five EM steps to prime main algorithm
1 (EM) 	Elapsed: 0.08	Loglikelihood: -1.82106e+06	(delta): 832086
2 (EM) 	Elapsed: 0.079	Loglikelihood: -1.76647e+06	(delta): 54593.7
3 (EM) 	Elapsed: 0.079	Loglikelihood: -1.75017e+06	(delta): 16300.5
4 (EM) 	Elapsed: 0.079	Loglikelihood: -1.73736e+06	(delta): 12805.8
5 (EM) 	Elapsed: 0.078	Loglikelihood: -1.72375e+06	(delta): 13618.6
Initial loglikelihood: -1.72375e+06
Starting main algorithm
1 (QN/Block) 	Elapsed: 0.171	Loglikelihood: -1.18587e+06	(delta): 537877
2 (QN/Block) 	Elapsed: 0.169	Loglikelihood: -1.11977e+06	(delta): 66103
3 (QN/Block) 	Elapsed: 0.187	Loglikelihood: -1.08987e+06	(delta): 29899.2
4 (QN/Block) 	Elapsed: 0.187	Loglikelihood: -1.06741e+06	(delta): 22452.5
5 (QN/Block) 	Elapsed: 0.186	Loglikelihood: -1.06196e+06	(delta): 5458.73
6 (QN/Block) 	Elapsed: 0.186	Loglikelihood: -1.06087e+06	(delta): 1089.88
7 (QN/Block) 	Elapsed: 0.186	Loglikelihood: -1.06056e+06	(delta): 302.347
8 (QN/Block) 	Elapsed: 0.187	Loglikelihood: -1.06042e+06	(delta): 140.524
9 (QN/Block) 	Elapsed: 0.213	Loglikelihood: -1.06037e+06	(delta): 51.2726
10 (QN/Block) 	Elapsed: 0.204	Loglikelihood: -1.06033e+06	(delta): 38.762
11 (QN/Block) 	Elapsed: 0.213	Loglikelihood: -1.0603e+06	(delta): 28.8882
12 (QN/Block) 	Elapsed: 0.212	Loglikelihood: -1.0603e+06	(delta): 5.14057
13 (QN/Block) 	Elapsed: 0.213	Loglikelihood: -1.0603e+06	(delta): 0.585243
14 (QN/Block) 	Elapsed: 0.186	Loglikelihood: -1.0603e+06	(delta): 0.0544025
15 (QN/Block) 	Elapsed: 0.186	Loglikelihood: -1.0603e+06	(delta): 0.000768951
16 (QN/Block) 	Elapsed: 0.186	Loglikelihood: -1.0603e+06	(delta): 5.63706e-06
Summary: 
Converged in 16 iterations (3.693 sec)
Loglikelihood: -1060298.086317
Fst divergences between estimated populations: 
	Pop0	Pop1	Pop2	Pop3	Pop4	
Pop0	
Pop1	0.371	
Pop2	0.495	0.479	
Pop3	0.397	0.380	0.236	
Pop4	0.380	0.368	0.365	0.261	
Pop5	0.457	0.447	0.448	0.352	0.100	
CV error (K=6): 0.38162
Writing output files.
