****                   ADMIXTURE Version 1.3.0                  ****
****                    Copyright 2008-2015                     ****
****           David Alexander, Suyash Shringarpure,            ****
****                John  Novembre, Ken Lange                   ****
****                                                            ****
****                 Please cite our paper!                     ****
****   Information at www.genetics.ucla.edu/software/admixture  ****

Cross-validation will be performed.  Folds=5.
Random seed: 24430
Point estimation method: Block relaxation algorithm
Convergence acceleration algorithm: QuasiNewton, 3 secant conditions
Point estimation will terminate when objective function delta < 0.0001
Estimation of standard errors disabled; will compute point estimates only.
Size of G: 260x6978
Performing five EM steps to prime main algorithm
1 (EM) 	Elapsed: 0.055	Loglikelihood: -1.82576e+06	(delta): 921149
2 (EM) 	Elapsed: 0.053	Loglikelihood: -1.77052e+06	(delta): 55242.1
3 (EM) 	Elapsed: 0.053	Loglikelihood: -1.754e+06	(delta): 16516.7
4 (EM) 	Elapsed: 0.053	Loglikelihood: -1.74276e+06	(delta): 11243.9
5 (EM) 	Elapsed: 0.053	Loglikelihood: -1.73259e+06	(delta): 10172.2
Initial loglikelihood: -1.73259e+06
Starting main algorithm
1 (QN/Block) 	Elapsed: 0.104	Loglikelihood: -1.30106e+06	(delta): 431528
2 (QN/Block) 	Elapsed: 0.104	Loglikelihood: -1.19429e+06	(delta): 106771
3 (QN/Block) 	Elapsed: 0.119	Loglikelihood: -1.15522e+06	(delta): 39066
4 (QN/Block) 	Elapsed: 0.118	Loglikelihood: -1.13801e+06	(delta): 17215.3
5 (QN/Block) 	Elapsed: 0.125	Loglikelihood: -1.1338e+06	(delta): 4209.15
6 (QN/Block) 	Elapsed: 0.117	Loglikelihood: -1.13307e+06	(delta): 728.884
7 (QN/Block) 	Elapsed: 0.117	Loglikelihood: -1.13301e+06	(delta): 54.4185
8 (QN/Block) 	Elapsed: 0.117	Loglikelihood: -1.13301e+06	(delta): 6.37687
9 (QN/Block) 	Elapsed: 0.125	Loglikelihood: -1.13301e+06	(delta): 0.536312
10 (QN/Block) 	Elapsed: 0.117	Loglikelihood: -1.13301e+06	(delta): 0.0295647
11 (QN/Block) 	Elapsed: 0.125	Loglikelihood: -1.13301e+06	(delta): 0.0109278
12 (QN/Block) 	Elapsed: 0.117	Loglikelihood: -1.13301e+06	(delta): 0.00680323
13 (QN/Block) 	Elapsed: 0.117	Loglikelihood: -1.13301e+06	(delta): 0.000368446
14 (QN/Block) 	Elapsed: 0.117	Loglikelihood: -1.13301e+06	(delta): 1.68334e-05
Summary: 
Converged in 14 iterations (2.09 sec)
Loglikelihood: -1133007.766061
Fst divergences between estimated populations: 
	Pop0	Pop1	Pop2	
Pop0	
Pop1	0.401	
Pop2	0.383	0.371	
Pop3	0.348	0.450	0.440	
CV error (K=4): 0.41180
Writing output files.
