****                   ADMIXTURE Version 1.3.0                  ****
****                    Copyright 2008-2015                     ****
****           David Alexander, Suyash Shringarpure,            ****
****                John  Novembre, Ken Lange                   ****
****                                                            ****
****                 Please cite our paper!                     ****
****   Information at www.genetics.ucla.edu/software/admixture  ****

Cross-validation will be performed.  Folds=5.
Random seed: 24430
Point estimation method: Block relaxation algorithm
Convergence acceleration algorithm: QuasiNewton, 3 secant conditions
Point estimation will terminate when objective function delta < 0.0001
Estimation of standard errors disabled; will compute point estimates only.
Size of G: 260x6978
Performing five EM steps to prime main algorithm
1 (EM) 	Elapsed: 0.093	Loglikelihood: -1.81881e+06	(delta): 811025
2 (EM) 	Elapsed: 0.092	Loglikelihood: -1.76393e+06	(delta): 54871.4
3 (EM) 	Elapsed: 0.091	Loglikelihood: -1.74846e+06	(delta): 15479.2
4 (EM) 	Elapsed: 0.091	Loglikelihood: -1.73641e+06	(delta): 12041.2
5 (EM) 	Elapsed: 0.091	Loglikelihood: -1.72374e+06	(delta): 12678.3
Initial loglikelihood: -1.72374e+06
Starting main algorithm
1 (QN/Block) 	Elapsed: 0.212	Loglikelihood: -1.20704e+06	(delta): 516697
2 (QN/Block) 	Elapsed: 0.213	Loglikelihood: -1.11409e+06	(delta): 92950.3
3 (QN/Block) 	Elapsed: 0.232	Loglikelihood: -1.07497e+06	(delta): 39114.2
4 (QN/Block) 	Elapsed: 0.229	Loglikelihood: -1.05157e+06	(delta): 23406.6
5 (QN/Block) 	Elapsed: 0.228	Loglikelihood: -1.04678e+06	(delta): 4782.71
6 (QN/Block) 	Elapsed: 0.238	Loglikelihood: -1.0461e+06	(delta): 685.984
7 (QN/Block) 	Elapsed: 0.227	Loglikelihood: -1.04593e+06	(delta): 167.453
8 (QN/Block) 	Elapsed: 0.228	Loglikelihood: -1.0459e+06	(delta): 28.9665
9 (QN/Block) 	Elapsed: 0.228	Loglikelihood: -1.04589e+06	(delta): 12.1883
10 (QN/Block) 	Elapsed: 0.256	Loglikelihood: -1.04589e+06	(delta): 4.92301
11 (QN/Block) 	Elapsed: 0.228	Loglikelihood: -1.04588e+06	(delta): 0.555644
12 (QN/Block) 	Elapsed: 0.228	Loglikelihood: -1.04588e+06	(delta): 0.059524
13 (QN/Block) 	Elapsed: 0.246	Loglikelihood: -1.04588e+06	(delta): 0.014541
14 (QN/Block) 	Elapsed: 0.228	Loglikelihood: -1.04588e+06	(delta): 0.00180956
15 (QN/Block) 	Elapsed: 0.227	Loglikelihood: -1.04588e+06	(delta): 0.000158718
16 (QN/Block) 	Elapsed: 0.227	Loglikelihood: -1.04588e+06	(delta): 1.98376e-05
Summary: 
Converged in 16 iterations (4.374 sec)
Loglikelihood: -1045884.645964
Fst divergences between estimated populations: 
	Pop0	Pop1	Pop2	Pop3	Pop4	Pop5	
Pop0	
Pop1	0.511	
Pop2	0.518	0.496	
Pop3	0.450	0.276	0.432	
Pop4	0.160	0.434	0.442	0.370	
Pop5	0.510	0.479	0.371	0.417	0.430	
Pop6	0.412	0.235	0.396	0.136	0.335	0.377	
CV error (K=7): 0.37698
Writing output files.
