****                   ADMIXTURE Version 1.3.0                  ****
****                    Copyright 2008-2015                     ****
****           David Alexander, Suyash Shringarpure,            ****
****                John  Novembre, Ken Lange                   ****
****                                                            ****
****                 Please cite our paper!                     ****
****   Information at www.genetics.ucla.edu/software/admixture  ****

Cross-validation will be performed.  Folds=5.
Random seed: 24430
Point estimation method: Block relaxation algorithm
Convergence acceleration algorithm: QuasiNewton, 3 secant conditions
Point estimation will terminate when objective function delta < 0.0001
Estimation of standard errors disabled; will compute point estimates only.
Size of G: 260x6978
Performing five EM steps to prime main algorithm
1 (EM) 	Elapsed: 0.124	Loglikelihood: -1.814e+06	(delta): 772094
2 (EM) 	Elapsed: 0.121	Loglikelihood: -1.76045e+06	(delta): 53547.3
3 (EM) 	Elapsed: 0.118	Loglikelihood: -1.74663e+06	(delta): 13817.1
4 (EM) 	Elapsed: 0.118	Loglikelihood: -1.73566e+06	(delta): 10977.9
5 (EM) 	Elapsed: 0.118	Loglikelihood: -1.72349e+06	(delta): 12169.8
Initial loglikelihood: -1.72349e+06
Starting main algorithm
1 (QN/Block) 	Elapsed: 0.309	Loglikelihood: -1.17706e+06	(delta): 546424
2 (QN/Block) 	Elapsed: 0.313	Loglikelihood: -1.09568e+06	(delta): 81383.7
3 (QN/Block) 	Elapsed: 0.346	Loglikelihood: -1.06626e+06	(delta): 29418.6
4 (QN/Block) 	Elapsed: 0.345	Loglikelihood: -1.0461e+06	(delta): 20158.4
5 (QN/Block) 	Elapsed: 0.333	Loglikelihood: -1.03642e+06	(delta): 9684.41
6 (QN/Block) 	Elapsed: 0.332	Loglikelihood: -1.03047e+06	(delta): 5946.26
7 (QN/Block) 	Elapsed: 0.33	Loglikelihood: -1.02757e+06	(delta): 2902.94
8 (QN/Block) 	Elapsed: 0.33	Loglikelihood: -1.02637e+06	(delta): 1201.18
9 (QN/Block) 	Elapsed: 0.33	Loglikelihood: -1.02595e+06	(delta): 419.479
10 (QN/Block) 	Elapsed: 0.341	Loglikelihood: -1.02578e+06	(delta): 165.688
11 (QN/Block) 	Elapsed: 0.329	Loglikelihood: -1.02567e+06	(delta): 114.146
12 (QN/Block) 	Elapsed: 0.33	Loglikelihood: -1.02561e+06	(delta): 54.2296
13 (QN/Block) 	Elapsed: 0.329	Loglikelihood: -1.02555e+06	(delta): 67.8059
14 (QN/Block) 	Elapsed: 0.34	Loglikelihood: -1.02552e+06	(delta): 27.492
15 (QN/Block) 	Elapsed: 0.33	Loglikelihood: -1.02551e+06	(delta): 11.057
16 (QN/Block) 	Elapsed: 0.352	Loglikelihood: -1.0255e+06	(delta): 5.7275
17 (QN/Block) 	Elapsed: 0.352	Loglikelihood: -1.0255e+06	(delta): 2.17909
18 (QN/Block) 	Elapsed: 0.362	Loglikelihood: -1.0255e+06	(delta): 0.873242
19 (QN/Block) 	Elapsed: 0.34	Loglikelihood: -1.0255e+06	(delta): 1.20212
20 (QN/Block) 	Elapsed: 0.363	Loglikelihood: -1.0255e+06	(delta): 1.49585
21 (QN/Block) 	Elapsed: 0.362	Loglikelihood: -1.02549e+06	(delta): 0.680347
22 (QN/Block) 	Elapsed: 0.352	Loglikelihood: -1.02549e+06	(delta): 0.672669
23 (QN/Block) 	Elapsed: 0.362	Loglikelihood: -1.02549e+06	(delta): 0.377045
24 (QN/Block) 	Elapsed: 0.362	Loglikelihood: -1.02549e+06	(delta): 0.0502518
25 (QN/Block) 	Elapsed: 0.329	Loglikelihood: -1.02549e+06	(delta): 0.0708969
26 (QN/Block) 	Elapsed: 0.329	Loglikelihood: -1.02549e+06	(delta): 0.00805972
27 (QN/Block) 	Elapsed: 0.329	Loglikelihood: -1.02549e+06	(delta): 0.00202804
28 (QN/Block) 	Elapsed: 0.329	Loglikelihood: -1.02549e+06	(delta): 0.000257342
29 (QN/Block) 	Elapsed: 0.33	Loglikelihood: -1.02549e+06	(delta): 0.000206787
30 (QN/Block) 	Elapsed: 0.329	Loglikelihood: -1.02549e+06	(delta): 0.000934058
31 (QN/Block) 	Elapsed: 0.362	Loglikelihood: -1.02549e+06	(delta): 0.000881131
32 (QN/Block) 	Elapsed: 0.364	Loglikelihood: -1.02549e+06	(delta): 0.0342597
33 (QN/Block) 	Elapsed: 0.362	Loglikelihood: -1.02549e+06	(delta): 0.207758
34 (QN/Block) 	Elapsed: 0.33	Loglikelihood: -1.02549e+06	(delta): 0.0454806
35 (QN/Block) 	Elapsed: 0.33	Loglikelihood: -1.02549e+06	(delta): 0.0509678
36 (QN/Block) 	Elapsed: 0.34	Loglikelihood: -1.02549e+06	(delta): 0.0637633
37 (QN/Block) 	Elapsed: 0.329	Loglikelihood: -1.02549e+06	(delta): 0.0726421
38 (QN/Block) 	Elapsed: 0.329	Loglikelihood: -1.02549e+06	(delta): 0.051993
39 (QN/Block) 	Elapsed: 0.351	Loglikelihood: -1.02549e+06	(delta): 0.00415786
40 (QN/Block) 	Elapsed: 0.329	Loglikelihood: -1.02549e+06	(delta): 0.00603744
41 (QN/Block) 	Elapsed: 0.329	Loglikelihood: -1.02549e+06	(delta): 0.00025854
42 (QN/Block) 	Elapsed: 0.329	Loglikelihood: -1.02549e+06	(delta): 6.16307e-05
Summary: 
Converged in 42 iterations (15.413 sec)
Loglikelihood: -1025493.145331
Fst divergences between estimated populations: 
	Pop0	Pop1	Pop2	Pop3	Pop4	Pop5	Pop6	Pop7	
Pop0	
Pop1	0.141	
Pop2	0.446	0.512	
Pop3	0.383	0.450	0.276	
Pop4	0.461	0.524	0.503	0.440	
Pop5	0.444	0.510	0.480	0.417	0.379	
Pop6	0.348	0.414	0.236	0.135	0.406	0.380	
Pop7	0.101	0.183	0.365	0.297	0.388	0.368	0.259	
Pop8	0.460	0.524	0.500	0.436	0.053	0.377	0.402	0.384	
CV error (K=9): 0.37578
Writing output files.
