****                   ADMIXTURE Version 1.3.0                  ****
****                    Copyright 2008-2015                     ****
****           David Alexander, Suyash Shringarpure,            ****
****                John  Novembre, Ken Lange                   ****
****                                                            ****
****                 Please cite our paper!                     ****
****   Information at www.genetics.ucla.edu/software/admixture  ****

Cross-validation will be performed.  Folds=5.
Random seed: 24430
Point estimation method: Block relaxation algorithm
Convergence acceleration algorithm: QuasiNewton, 3 secant conditions
Point estimation will terminate when objective function delta < 0.0001
Estimation of standard errors disabled; will compute point estimates only.
Size of G: 260x6978
Performing five EM steps to prime main algorithm
1 (EM) 	Elapsed: 0.029	Loglikelihood: -1.81044e+06	(delta): 1.22101e+06
2 (EM) 	Elapsed: 0.028	Loglikelihood: -1.75872e+06	(delta): 51714.6
3 (EM) 	Elapsed: 0.028	Loglikelihood: -1.74417e+06	(delta): 14554.3
4 (EM) 	Elapsed: 0.028	Loglikelihood: -1.73618e+06	(delta): 7988.38
5 (EM) 	Elapsed: 0.028	Loglikelihood: -1.73085e+06	(delta): 5328.95
Initial loglikelihood: -1.73085e+06
Starting main algorithm
1 (QN/Block) 	Elapsed: 0.048	Loglikelihood: -1.58221e+06	(delta): 148643
2 (QN/Block) 	Elapsed: 0.048	Loglikelihood: -1.54177e+06	(delta): 40440.2
3 (QN/Block) 	Elapsed: 0.062	Loglikelihood: -1.50387e+06	(delta): 37902.9
4 (QN/Block) 	Elapsed: 0.062	Loglikelihood: -1.46968e+06	(delta): 34188.9
5 (QN/Block) 	Elapsed: 0.069	Loglikelihood: -1.46143e+06	(delta): 8243.82
6 (QN/Block) 	Elapsed: 0.076	Loglikelihood: -1.46031e+06	(delta): 1119.31
7 (QN/Block) 	Elapsed: 0.062	Loglikelihood: -1.46019e+06	(delta): 118.779
8 (QN/Block) 	Elapsed: 0.062	Loglikelihood: -1.46018e+06	(delta): 18.714
9 (QN/Block) 	Elapsed: 0.082	Loglikelihood: -1.46018e+06	(delta): 0.756482
10 (QN/Block) 	Elapsed: 0.062	Loglikelihood: -1.46018e+06	(delta): 0.000728572
11 (QN/Block) 	Elapsed: 0.062	Loglikelihood: -1.46018e+06	(delta): 2.22726e-06
Summary: 
Converged in 11 iterations (0.975 sec)
Loglikelihood: -1460175.396074
Fst divergences between estimated populations: 
	Pop0	
Pop0	
Pop1	0.271	
CV error (K=2): 0.58918
Writing output files.
