****                   ADMIXTURE Version 1.3.0                  ****
****                    Copyright 2008-2015                     ****
****           David Alexander, Suyash Shringarpure,            ****
****                John  Novembre, Ken Lange                   ****
****                                                            ****
****                 Please cite our paper!                     ****
****   Information at www.genetics.ucla.edu/software/admixture  ****

Cross-validation will be performed.  Folds=5.
Random seed: 24430
Point estimation method: Block relaxation algorithm
Convergence acceleration algorithm: QuasiNewton, 3 secant conditions
Point estimation will terminate when objective function delta < 0.0001
Estimation of standard errors disabled; will compute point estimates only.
Size of G: 260x6978
Performing five EM steps to prime main algorithm
1 (EM) 	Elapsed: 0.066	Loglikelihood: -1.82228e+06	(delta): 867060
2 (EM) 	Elapsed: 0.066	Loglikelihood: -1.76528e+06	(delta): 56996.8
3 (EM) 	Elapsed: 0.066	Loglikelihood: -1.74583e+06	(delta): 19452.7
4 (EM) 	Elapsed: 0.065	Loglikelihood: -1.72932e+06	(delta): 16509.5
5 (EM) 	Elapsed: 0.065	Loglikelihood: -1.7106e+06	(delta): 18716.3
Initial loglikelihood: -1.7106e+06
Starting main algorithm
1 (QN/Block) 	Elapsed: 0.131	Loglikelihood: -1.23868e+06	(delta): 471919
2 (QN/Block) 	Elapsed: 0.132	Loglikelihood: -1.14419e+06	(delta): 94492.3
3 (QN/Block) 	Elapsed: 0.149	Loglikelihood: -1.10503e+06	(delta): 39159.9
4 (QN/Block) 	Elapsed: 0.148	Loglikelihood: -1.08774e+06	(delta): 17293.4
5 (QN/Block) 	Elapsed: 0.165	Loglikelihood: -1.08044e+06	(delta): 7294.76
6 (QN/Block) 	Elapsed: 0.148	Loglikelihood: -1.07932e+06	(delta): 1118.76
7 (QN/Block) 	Elapsed: 0.173	Loglikelihood: -1.07921e+06	(delta): 113.983
8 (QN/Block) 	Elapsed: 0.156	Loglikelihood: -1.07919e+06	(delta): 21.8756
9 (QN/Block) 	Elapsed: 0.165	Loglikelihood: -1.07918e+06	(delta): 1.69273
10 (QN/Block) 	Elapsed: 0.164	Loglikelihood: -1.07918e+06	(delta): 0.115095
11 (QN/Block) 	Elapsed: 0.148	Loglikelihood: -1.07918e+06	(delta): 0.0170037
12 (QN/Block) 	Elapsed: 0.165	Loglikelihood: -1.07918e+06	(delta): 0.00594217
13 (QN/Block) 	Elapsed: 0.148	Loglikelihood: -1.07918e+06	(delta): 0.00297922
14 (QN/Block) 	Elapsed: 0.148	Loglikelihood: -1.07918e+06	(delta): 4.05347e-05
Summary: 
Converged in 14 iterations (2.66 sec)
Loglikelihood: -1079184.551364
Fst divergences between estimated populations: 
	Pop0	Pop1	Pop2	Pop3	
Pop0	
Pop1	0.440	
Pop2	0.442	0.479	
Pop3	0.342	0.377	0.233	
Pop4	0.450	0.371	0.495	0.394	
CV error (K=5): 0.38560
Writing output files.
