****                   ADMIXTURE Version 1.3.0                  ****
****                    Copyright 2008-2015                     ****
****           David Alexander, Suyash Shringarpure,            ****
****                John  Novembre, Ken Lange                   ****
****                                                            ****
****                 Please cite our paper!                     ****
****   Information at www.genetics.ucla.edu/software/admixture  ****

Cross-validation will be performed.  Folds=5.
Random seed: 11363
Point estimation method: Block relaxation algorithm
Convergence acceleration algorithm: QuasiNewton, 3 secant conditions
Point estimation will terminate when objective function delta < 0.0001
Estimation of standard errors disabled; will compute point estimates only.
Size of G: 260x13929
Performing five EM steps to prime main algorithm
1 (EM) 	Elapsed: 0.216	Loglikelihood: -1.08685e+06	(delta): 3.52684e+06
2 (EM) 	Elapsed: 0.216	Loglikelihood: -1.00052e+06	(delta): 86332.1
3 (EM) 	Elapsed: 0.215	Loglikelihood: -986977	(delta): 13540
4 (EM) 	Elapsed: 0.215	Loglikelihood: -978667	(delta): 8310.21
5 (EM) 	Elapsed: 0.215	Loglikelihood: -971722	(delta): 6944.37
Initial loglikelihood: -971722
Starting main algorithm
1 (QN/Block) 	Elapsed: 0.582	Loglikelihood: -705052	(delta): 266671
2 (QN/Block) 	Elapsed: 0.576	Loglikelihood: -644070	(delta): 60981.6
3 (QN/Block) 	Elapsed: 0.646	Loglikelihood: -620052	(delta): 24017.9
4 (QN/Block) 	Elapsed: 0.611	Loglikelihood: -604320	(delta): 15731.7
5 (QN/Block) 	Elapsed: 0.624	Loglikelihood: -594601	(delta): 9719.85
6 (QN/Block) 	Elapsed: 0.604	Loglikelihood: -590219	(delta): 4381.89
7 (QN/Block) 	Elapsed: 0.604	Loglikelihood: -588227	(delta): 1992.1
8 (QN/Block) 	Elapsed: 0.658	Loglikelihood: -587107	(delta): 1119.95
9 (QN/Block) 	Elapsed: 0.622	Loglikelihood: -586508	(delta): 599.021
10 (QN/Block) 	Elapsed: 0.658	Loglikelihood: -586343	(delta): 164.271
11 (QN/Block) 	Elapsed: 0.658	Loglikelihood: -586298	(delta): 45.5917
12 (QN/Block) 	Elapsed: 0.656	Loglikelihood: -586278	(delta): 20.2867
13 (QN/Block) 	Elapsed: 0.605	Loglikelihood: -586259	(delta): 18.0551
14 (QN/Block) 	Elapsed: 0.659	Loglikelihood: -586255	(delta): 4.0649
15 (QN/Block) 	Elapsed: 0.656	Loglikelihood: -586253	(delta): 2.7096
16 (QN/Block) 	Elapsed: 0.656	Loglikelihood: -586251	(delta): 1.80948
17 (QN/Block) 	Elapsed: 0.655	Loglikelihood: -586245	(delta): 6.07447
18 (QN/Block) 	Elapsed: 0.658	Loglikelihood: -586227	(delta): 18.2589
19 (QN/Block) 	Elapsed: 0.656	Loglikelihood: -586220	(delta): 6.25237
20 (QN/Block) 	Elapsed: 0.655	Loglikelihood: -586214	(delta): 6.58343
21 (QN/Block) 	Elapsed: 0.655	Loglikelihood: -586210	(delta): 4.04467
22 (QN/Block) 	Elapsed: 0.657	Loglikelihood: -586209	(delta): 0.951446
23 (QN/Block) 	Elapsed: 0.655	Loglikelihood: -586205	(delta): 3.21439
24 (QN/Block) 	Elapsed: 0.655	Loglikelihood: -586205	(delta): 0.160859
25 (QN/Block) 	Elapsed: 0.656	Loglikelihood: -586205	(delta): 0.00601925
26 (QN/Block) 	Elapsed: 0.606	Loglikelihood: -586205	(delta): 0.0113639
27 (QN/Block) 	Elapsed: 0.659	Loglikelihood: -586205	(delta): 0.0242405
28 (QN/Block) 	Elapsed: 0.659	Loglikelihood: -586205	(delta): 0.0113579
29 (QN/Block) 	Elapsed: 0.655	Loglikelihood: -586205	(delta): 0.0980159
30 (QN/Block) 	Elapsed: 0.659	Loglikelihood: -586204	(delta): 1.0573
31 (QN/Block) 	Elapsed: 0.657	Loglikelihood: -586203	(delta): 0.720377
32 (QN/Block) 	Elapsed: 0.657	Loglikelihood: -586203	(delta): 0.109799
33 (QN/Block) 	Elapsed: 0.654	Loglikelihood: -586203	(delta): 0.0420904
34 (QN/Block) 	Elapsed: 0.657	Loglikelihood: -586203	(delta): 0.0422217
35 (QN/Block) 	Elapsed: 0.657	Loglikelihood: -586203	(delta): 0.0303937
36 (QN/Block) 	Elapsed: 0.657	Loglikelihood: -586203	(delta): 0.0264166
37 (QN/Block) 	Elapsed: 0.655	Loglikelihood: -586203	(delta): 0.0351025
38 (QN/Block) 	Elapsed: 0.639	Loglikelihood: -586203	(delta): 0.0733583
39 (QN/Block) 	Elapsed: 0.657	Loglikelihood: -586203	(delta): 0.0790981
40 (QN/Block) 	Elapsed: 0.606	Loglikelihood: -586203	(delta): 0.0168173
41 (QN/Block) 	Elapsed: 0.604	Loglikelihood: -586203	(delta): 0.000376749
42 (QN/Block) 	Elapsed: 0.605	Loglikelihood: -586203	(delta): 2.05584e-05
Summary: 
Converged in 42 iterations (28.893 sec)
Loglikelihood: -586202.937952
Fst divergences between estimated populations: 
	Pop0	Pop1	Pop2	Pop3	Pop4	Pop5	Pop6	Pop7	
Pop0	
Pop1	0.461	
Pop2	0.441	0.478	
Pop3	0.415	0.448	0.340	
Pop4	0.415	0.311	0.433	0.404	
Pop5	0.346	0.483	0.462	0.437	0.436	
Pop6	0.349	0.487	0.466	0.440	0.439	0.047	
Pop7	0.399	0.174	0.412	0.390	0.229	0.427	0.430	
Pop8	0.411	0.441	0.341	0.323	0.400	0.433	0.437	0.383	
CV error (K=9): 0.14852
Writing output files.
