****                   ADMIXTURE Version 1.3.0                  ****
****                    Copyright 2008-2015                     ****
****           David Alexander, Suyash Shringarpure,            ****
****                John  Novembre, Ken Lange                   ****
****                                                            ****
****                 Please cite our paper!                     ****
****   Information at www.genetics.ucla.edu/software/admixture  ****

Cross-validation will be performed.  Folds=5.
Random seed: 11363
Point estimation method: Block relaxation algorithm
Convergence acceleration algorithm: QuasiNewton, 3 secant conditions
Point estimation will terminate when objective function delta < 0.0001
Estimation of standard errors disabled; will compute point estimates only.
Size of G: 260x13929
Performing five EM steps to prime main algorithm
1 (EM) 	Elapsed: 0.097	Loglikelihood: -1.07744e+06	(delta): 3.8141e+06
2 (EM) 	Elapsed: 0.097	Loglikelihood: -1.00426e+06	(delta): 73182.6
3 (EM) 	Elapsed: 0.097	Loglikelihood: -991249	(delta): 13013.2
4 (EM) 	Elapsed: 0.097	Loglikelihood: -983739	(delta): 7510.02
5 (EM) 	Elapsed: 0.097	Loglikelihood: -978202	(delta): 5536.83
Initial loglikelihood: -978202
Starting main algorithm
1 (QN/Block) 	Elapsed: 0.192	Loglikelihood: -790403	(delta): 187799
2 (QN/Block) 	Elapsed: 0.192	Loglikelihood: -724616	(delta): 65786.2
3 (QN/Block) 	Elapsed: 0.217	Loglikelihood: -691481	(delta): 33135.1
4 (QN/Block) 	Elapsed: 0.234	Loglikelihood: -669133	(delta): 22348
5 (QN/Block) 	Elapsed: 0.221	Loglikelihood: -658287	(delta): 10846.7
6 (QN/Block) 	Elapsed: 0.252	Loglikelihood: -654563	(delta): 3723.45
7 (QN/Block) 	Elapsed: 0.217	Loglikelihood: -654003	(delta): 559.78
8 (QN/Block) 	Elapsed: 0.216	Loglikelihood: -653961	(delta): 42.1034
9 (QN/Block) 	Elapsed: 0.258	Loglikelihood: -653956	(delta): 5.20215
10 (QN/Block) 	Elapsed: 0.217	Loglikelihood: -653954	(delta): 1.92675
11 (QN/Block) 	Elapsed: 0.253	Loglikelihood: -653954	(delta): 0.0962965
12 (QN/Block) 	Elapsed: 0.217	Loglikelihood: -653954	(delta): 0.0345236
13 (QN/Block) 	Elapsed: 0.256	Loglikelihood: -653954	(delta): 0.142314
14 (QN/Block) 	Elapsed: 0.23	Loglikelihood: -653954	(delta): 0.119687
15 (QN/Block) 	Elapsed: 0.253	Loglikelihood: -653954	(delta): 0.0269627
16 (QN/Block) 	Elapsed: 0.216	Loglikelihood: -653954	(delta): 0.00269168
17 (QN/Block) 	Elapsed: 0.217	Loglikelihood: -653954	(delta): 0.000472123
18 (QN/Block) 	Elapsed: 0.252	Loglikelihood: -653954	(delta): 3.08634e-05
Summary: 
Converged in 18 iterations (4.921 sec)
Loglikelihood: -653953.635348
Fst divergences between estimated populations: 
	Pop0	Pop1	Pop2	
Pop0	
Pop1	0.416	
Pop2	0.405	0.364	
Pop3	0.290	0.368	0.360	
CV error (K=4): 0.15082
Writing output files.
