****                   ADMIXTURE Version 1.3.0                  ****
****                    Copyright 2008-2015                     ****
****           David Alexander, Suyash Shringarpure,            ****
****                John  Novembre, Ken Lange                   ****
****                                                            ****
****                 Please cite our paper!                     ****
****   Information at www.genetics.ucla.edu/software/admixture  ****

Cross-validation will be performed.  Folds=5.
Random seed: 11363
Point estimation method: Block relaxation algorithm
Convergence acceleration algorithm: QuasiNewton, 3 secant conditions
Point estimation will terminate when objective function delta < 0.0001
Estimation of standard errors disabled; will compute point estimates only.
Size of G: 260x13929
Performing five EM steps to prime main algorithm
1 (EM) 	Elapsed: 0.143	Loglikelihood: -1.08419e+06	(delta): 3.65588e+06
2 (EM) 	Elapsed: 0.142	Loglikelihood: -1.00409e+06	(delta): 80106
3 (EM) 	Elapsed: 0.142	Loglikelihood: -991618	(delta): 12470.1
4 (EM) 	Elapsed: 0.142	Loglikelihood: -984437	(delta): 7181.24
5 (EM) 	Elapsed: 0.142	Loglikelihood: -978991	(delta): 5445.7
Initial loglikelihood: -978991
Starting main algorithm
1 (QN/Block) 	Elapsed: 0.317	Loglikelihood: -776291	(delta): 202700
2 (QN/Block) 	Elapsed: 0.315	Loglikelihood: -721430	(delta): 54861.6
3 (QN/Block) 	Elapsed: 0.358	Loglikelihood: -675381	(delta): 46048.4
4 (QN/Block) 	Elapsed: 0.343	Loglikelihood: -637005	(delta): 38375.6
5 (QN/Block) 	Elapsed: 0.356	Loglikelihood: -617583	(delta): 19422.7
6 (QN/Block) 	Elapsed: 0.356	Loglikelihood: -613498	(delta): 4085
7 (QN/Block) 	Elapsed: 0.383	Loglikelihood: -612119	(delta): 1378.48
8 (QN/Block) 	Elapsed: 0.341	Loglikelihood: -611620	(delta): 498.993
9 (QN/Block) 	Elapsed: 0.341	Loglikelihood: -611448	(delta): 172.253
10 (QN/Block) 	Elapsed: 0.342	Loglikelihood: -611367	(delta): 81.1538
11 (QN/Block) 	Elapsed: 0.341	Loglikelihood: -611318	(delta): 48.5236
12 (QN/Block) 	Elapsed: 0.341	Loglikelihood: -611281	(delta): 37.4413
13 (QN/Block) 	Elapsed: 0.341	Loglikelihood: -611253	(delta): 27.6547
14 (QN/Block) 	Elapsed: 0.341	Loglikelihood: -611237	(delta): 16.1792
15 (QN/Block) 	Elapsed: 0.341	Loglikelihood: -611218	(delta): 18.7102
16 (QN/Block) 	Elapsed: 0.341	Loglikelihood: -611199	(delta): 19.3893
17 (QN/Block) 	Elapsed: 0.354	Loglikelihood: -611181	(delta): 17.8609
18 (QN/Block) 	Elapsed: 0.343	Loglikelihood: -611175	(delta): 6.33982
19 (QN/Block) 	Elapsed: 0.341	Loglikelihood: -611173	(delta): 1.4863
20 (QN/Block) 	Elapsed: 0.368	Loglikelihood: -611170	(delta): 3.62422
21 (QN/Block) 	Elapsed: 0.382	Loglikelihood: -611166	(delta): 3.20389
22 (QN/Block) 	Elapsed: 0.382	Loglikelihood: -611156	(delta): 10.1301
23 (QN/Block) 	Elapsed: 0.341	Loglikelihood: -611153	(delta): 3.22965
24 (QN/Block) 	Elapsed: 0.342	Loglikelihood: -611152	(delta): 0.618687
25 (QN/Block) 	Elapsed: 0.355	Loglikelihood: -611150	(delta): 2.40853
26 (QN/Block) 	Elapsed: 0.382	Loglikelihood: -611148	(delta): 2.11654
27 (QN/Block) 	Elapsed: 0.382	Loglikelihood: -611148	(delta): 0.0371974
28 (QN/Block) 	Elapsed: 0.341	Loglikelihood: -611148	(delta): 0.00508474
29 (QN/Block) 	Elapsed: 0.341	Loglikelihood: -611148	(delta): 0.000266197
30 (QN/Block) 	Elapsed: 0.341	Loglikelihood: -611148	(delta): 4.62623e-06
Summary: 
Converged in 30 iterations (11.74 sec)
Loglikelihood: -611147.926623
Fst divergences between estimated populations: 
	Pop0	Pop1	Pop2	Pop3	Pop4	
Pop0	
Pop1	0.363	
Pop2	0.459	0.254	
Pop3	0.425	0.308	0.413	
Pop4	0.442	0.346	0.441	0.290	
Pop5	0.348	0.343	0.442	0.406	0.431	
CV error (K=6): 0.14742
Writing output files.
