****                   ADMIXTURE Version 1.3.0                  ****
****                    Copyright 2008-2015                     ****
****           David Alexander, Suyash Shringarpure,            ****
****                John  Novembre, Ken Lange                   ****
****                                                            ****
****                 Please cite our paper!                     ****
****   Information at www.genetics.ucla.edu/software/admixture  ****

Cross-validation will be performed.  Folds=5.
Random seed: 11363
Point estimation method: Block relaxation algorithm
Convergence acceleration algorithm: QuasiNewton, 3 secant conditions
Point estimation will terminate when objective function delta < 0.0001
Estimation of standard errors disabled; will compute point estimates only.
Size of G: 260x13929
Performing five EM steps to prime main algorithm
1 (EM) 	Elapsed: 0.075	Loglikelihood: -1.06846e+06	(delta): 4.0021e+06
2 (EM) 	Elapsed: 0.075	Loglikelihood: -1.00469e+06	(delta): 63773.6
3 (EM) 	Elapsed: 0.075	Loglikelihood: -992939	(delta): 11749.8
4 (EM) 	Elapsed: 0.075	Loglikelihood: -986296	(delta): 6642.92
5 (EM) 	Elapsed: 0.075	Loglikelihood: -981851	(delta): 4444.46
Initial loglikelihood: -981851
Starting main algorithm
1 (QN/Block) 	Elapsed: 0.14	Loglikelihood: -862589	(delta): 119262
2 (QN/Block) 	Elapsed: 0.14	Loglikelihood: -803800	(delta): 58789.4
3 (QN/Block) 	Elapsed: 0.163	Loglikelihood: -764339	(delta): 39461.2
4 (QN/Block) 	Elapsed: 0.163	Loglikelihood: -735152	(delta): 29186.6
5 (QN/Block) 	Elapsed: 0.162	Loglikelihood: -725828	(delta): 9323.99
6 (QN/Block) 	Elapsed: 0.173	Loglikelihood: -723189	(delta): 2639.1
7 (QN/Block) 	Elapsed: 0.184	Loglikelihood: -722824	(delta): 364.999
8 (QN/Block) 	Elapsed: 0.163	Loglikelihood: -722750	(delta): 73.879
9 (QN/Block) 	Elapsed: 0.194	Loglikelihood: -722740	(delta): 10.0001
10 (QN/Block) 	Elapsed: 0.194	Loglikelihood: -722740	(delta): 0.0204077
11 (QN/Block) 	Elapsed: 0.162	Loglikelihood: -722740	(delta): 0.000562809
12 (QN/Block) 	Elapsed: 0.162	Loglikelihood: -722740	(delta): 3.08355e-05
Summary: 
Converged in 12 iterations (2.594 sec)
Loglikelihood: -722740.096293
Fst divergences between estimated populations: 
	Pop0	Pop1	
Pop0	
Pop1	0.332	
Pop2	0.284	0.290	
CV error (K=3): 0.17012
Writing output files.
