****                   ADMIXTURE Version 1.3.0                  ****
****                    Copyright 2008-2015                     ****
****           David Alexander, Suyash Shringarpure,            ****
****                John  Novembre, Ken Lange                   ****
****                                                            ****
****                 Please cite our paper!                     ****
****   Information at www.genetics.ucla.edu/software/admixture  ****

Cross-validation will be performed.  Folds=5.
Random seed: 11363
Point estimation method: Block relaxation algorithm
Convergence acceleration algorithm: QuasiNewton, 3 secant conditions
Point estimation will terminate when objective function delta < 0.0001
Estimation of standard errors disabled; will compute point estimates only.
Size of G: 260x13929
Performing five EM steps to prime main algorithm
1 (EM) 	Elapsed: 0.054	Loglikelihood: -1.04572e+06	(delta): 4.32813e+06
2 (EM) 	Elapsed: 0.053	Loglikelihood: -1.0014e+06	(delta): 44320.9
3 (EM) 	Elapsed: 0.055	Loglikelihood: -992877	(delta): 8524.28
4 (EM) 	Elapsed: 0.053	Loglikelihood: -988591	(delta): 4286.77
5 (EM) 	Elapsed: 0.053	Loglikelihood: -986172	(delta): 2418.52
Initial loglikelihood: -986172
Starting main algorithm
1 (QN/Block) 	Elapsed: 0.094	Loglikelihood: -909966	(delta): 76206.2
2 (QN/Block) 	Elapsed: 0.094	Loglikelihood: -882230	(delta): 27735.9
3 (QN/Block) 	Elapsed: 0.115	Loglikelihood: -866395	(delta): 15834.6
4 (QN/Block) 	Elapsed: 0.143	Loglikelihood: -852981	(delta): 13414.2
5 (QN/Block) 	Elapsed: 0.143	Loglikelihood: -839603	(delta): 13377.8
6 (QN/Block) 	Elapsed: 0.143	Loglikelihood: -830410	(delta): 9193.14
7 (QN/Block) 	Elapsed: 0.131	Loglikelihood: -828785	(delta): 1625.64
8 (QN/Block) 	Elapsed: 0.133	Loglikelihood: -828523	(delta): 261.994
9 (QN/Block) 	Elapsed: 0.114	Loglikelihood: -828409	(delta): 113.87
10 (QN/Block) 	Elapsed: 0.114	Loglikelihood: -828336	(delta): 73.2043
11 (QN/Block) 	Elapsed: 0.114	Loglikelihood: -828318	(delta): 17.3169
12 (QN/Block) 	Elapsed: 0.133	Loglikelihood: -828317	(delta): 1.19103
13 (QN/Block) 	Elapsed: 0.143	Loglikelihood: -828317	(delta): 0.00350116
14 (QN/Block) 	Elapsed: 0.114	Loglikelihood: -828317	(delta): 0.000250928
15 (QN/Block) 	Elapsed: 0.143	Loglikelihood: -828317	(delta): 2.66652e-05
Summary: 
Converged in 15 iterations (2.373 sec)
Loglikelihood: -828317.044449
Fst divergences between estimated populations: 
	Pop0	
Pop0	
Pop1	0.247	
CV error (K=2): 0.19818
Writing output files.
