****                   ADMIXTURE Version 1.3.0                  ****
****                    Copyright 2008-2015                     ****
****           David Alexander, Suyash Shringarpure,            ****
****                John  Novembre, Ken Lange                   ****
****                                                            ****
****                 Please cite our paper!                     ****
****   Information at www.genetics.ucla.edu/software/admixture  ****

Cross-validation will be performed.  Folds=5.
Random seed: 11363
Point estimation method: Block relaxation algorithm
Convergence acceleration algorithm: QuasiNewton, 3 secant conditions
Point estimation will terminate when objective function delta < 0.0001
Estimation of standard errors disabled; will compute point estimates only.
Size of G: 260x13929
Performing five EM steps to prime main algorithm
1 (EM) 	Elapsed: 0.171	Loglikelihood: -1.08626e+06	(delta): 3.60915e+06
2 (EM) 	Elapsed: 0.169	Loglikelihood: -1.00343e+06	(delta): 82831.1
3 (EM) 	Elapsed: 0.17	Loglikelihood: -990347	(delta): 13086.6
4 (EM) 	Elapsed: 0.17	Loglikelihood: -982678	(delta): 7669.08
5 (EM) 	Elapsed: 0.17	Loglikelihood: -976623	(delta): 6054.49
Initial loglikelihood: -976623
Starting main algorithm
1 (QN/Block) 	Elapsed: 0.398	Loglikelihood: -730066	(delta): 246557
2 (QN/Block) 	Elapsed: 0.391	Loglikelihood: -661825	(delta): 68241.4
3 (QN/Block) 	Elapsed: 0.422	Loglikelihood: -637029	(delta): 24796.2
4 (QN/Block) 	Elapsed: 0.436	Loglikelihood: -622668	(delta): 14361
5 (QN/Block) 	Elapsed: 0.419	Loglikelihood: -616296	(delta): 6371.21
6 (QN/Block) 	Elapsed: 0.463	Loglikelihood: -613492	(delta): 2804.01
7 (QN/Block) 	Elapsed: 0.418	Loglikelihood: -612583	(delta): 909.006
8 (QN/Block) 	Elapsed: 0.463	Loglikelihood: -612175	(delta): 408.431
9 (QN/Block) 	Elapsed: 0.418	Loglikelihood: -611897	(delta): 278.016
10 (QN/Block) 	Elapsed: 0.419	Loglikelihood: -611627	(delta): 270.41
11 (QN/Block) 	Elapsed: 0.463	Loglikelihood: -611384	(delta): 242.357
12 (QN/Block) 	Elapsed: 0.418	Loglikelihood: -611210	(delta): 174.088
13 (QN/Block) 	Elapsed: 0.417	Loglikelihood: -611112	(delta): 98.34
14 (QN/Block) 	Elapsed: 0.418	Loglikelihood: -611024	(delta): 87.9111
15 (QN/Block) 	Elapsed: 0.418	Loglikelihood: -610977	(delta): 46.9736
16 (QN/Block) 	Elapsed: 0.418	Loglikelihood: -610960	(delta): 16.6126
17 (QN/Block) 	Elapsed: 0.418	Loglikelihood: -610947	(delta): 12.7695
18 (QN/Block) 	Elapsed: 0.462	Loglikelihood: -610937	(delta): 10.5694
19 (QN/Block) 	Elapsed: 0.418	Loglikelihood: -610917	(delta): 19.64
20 (QN/Block) 	Elapsed: 0.433	Loglikelihood: -610905	(delta): 12.2953
21 (QN/Block) 	Elapsed: 0.463	Loglikelihood: -610897	(delta): 8.10655
22 (QN/Block) 	Elapsed: 0.462	Loglikelihood: -610896	(delta): 1.03461
23 (QN/Block) 	Elapsed: 0.463	Loglikelihood: -610894	(delta): 1.95329
24 (QN/Block) 	Elapsed: 0.463	Loglikelihood: -610894	(delta): 0.0176971
25 (QN/Block) 	Elapsed: 0.462	Loglikelihood: -610894	(delta): 0.00630127
26 (QN/Block) 	Elapsed: 0.462	Loglikelihood: -610894	(delta): 0.00462936
27 (QN/Block) 	Elapsed: 0.463	Loglikelihood: -610894	(delta): 0.0229017
28 (QN/Block) 	Elapsed: 0.419	Loglikelihood: -610894	(delta): 0.00276557
29 (QN/Block) 	Elapsed: 0.419	Loglikelihood: -610894	(delta): 0.000712837
30 (QN/Block) 	Elapsed: 0.419	Loglikelihood: -610894	(delta): 0.000546653
31 (QN/Block) 	Elapsed: 0.418	Loglikelihood: -610894	(delta): 8.0585e-06
Summary: 
Converged in 31 iterations (14.885 sec)
Loglikelihood: -610893.831173
Fst divergences between estimated populations: 
	Pop0	Pop1	Pop2	Pop3	Pop4	Pop5	
Pop0	
Pop1	0.403	
Pop2	0.301	0.474	
Pop3	0.334	0.428	0.402	
Pop4	0.383	0.370	0.452	0.405	
Pop5	0.394	0.075	0.466	0.421	0.362	
Pop6	0.290	0.449	0.355	0.387	0.431	0.441	
CV error (K=7): 0.14964
Writing output files.
