****                   ADMIXTURE Version 1.3.0                  ****
****                    Copyright 2008-2015                     ****
****           David Alexander, Suyash Shringarpure,            ****
****                John  Novembre, Ken Lange                   ****
****                                                            ****
****                 Please cite our paper!                     ****
****   Information at www.genetics.ucla.edu/software/admixture  ****

Cross-validation will be performed.  Folds=5.
Random seed: 11363
Point estimation method: Block relaxation algorithm
Convergence acceleration algorithm: QuasiNewton, 3 secant conditions
Point estimation will terminate when objective function delta < 0.0001
Estimation of standard errors disabled; will compute point estimates only.
Size of G: 260x13929
Performing five EM steps to prime main algorithm
1 (EM) 	Elapsed: 0.123	Loglikelihood: -1.08374e+06	(delta): 3.71994e+06
2 (EM) 	Elapsed: 0.12	Loglikelihood: -1.00596e+06	(delta): 77777.8
3 (EM) 	Elapsed: 0.12	Loglikelihood: -993817	(delta): 12143.6
4 (EM) 	Elapsed: 0.12	Loglikelihood: -986867	(delta): 6950.51
5 (EM) 	Elapsed: 0.12	Loglikelihood: -981725	(delta): 5142.17
Initial loglikelihood: -981725
Starting main algorithm
1 (QN/Block) 	Elapsed: 0.248	Loglikelihood: -769583	(delta): 212141
2 (QN/Block) 	Elapsed: 0.247	Loglikelihood: -701569	(delta): 68014.3
3 (QN/Block) 	Elapsed: 0.274	Loglikelihood: -670068	(delta): 31500.9
4 (QN/Block) 	Elapsed: 0.274	Loglikelihood: -645688	(delta): 24380.2
5 (QN/Block) 	Elapsed: 0.285	Loglikelihood: -632694	(delta): 12993.7
6 (QN/Block) 	Elapsed: 0.272	Loglikelihood: -626823	(delta): 5871.37
7 (QN/Block) 	Elapsed: 0.272	Loglikelihood: -625337	(delta): 1485.53
8 (QN/Block) 	Elapsed: 0.313	Loglikelihood: -625044	(delta): 293.455
9 (QN/Block) 	Elapsed: 0.273	Loglikelihood: -624974	(delta): 69.2105
10 (QN/Block) 	Elapsed: 0.272	Loglikelihood: -624958	(delta): 16.8356
11 (QN/Block) 	Elapsed: 0.304	Loglikelihood: -624954	(delta): 3.8643
12 (QN/Block) 	Elapsed: 0.274	Loglikelihood: -624952	(delta): 1.91513
13 (QN/Block) 	Elapsed: 0.31	Loglikelihood: -624952	(delta): 0.0533493
14 (QN/Block) 	Elapsed: 0.31	Loglikelihood: -624952	(delta): 0.027225
15 (QN/Block) 	Elapsed: 0.31	Loglikelihood: -624952	(delta): 0.0130262
16 (QN/Block) 	Elapsed: 0.297	Loglikelihood: -624952	(delta): 0.00376524
17 (QN/Block) 	Elapsed: 0.272	Loglikelihood: -624952	(delta): 0.00295661
18 (QN/Block) 	Elapsed: 0.272	Loglikelihood: -624952	(delta): 0.00184132
19 (QN/Block) 	Elapsed: 0.37	Loglikelihood: -624952	(delta): 0.00067972
20 (QN/Block) 	Elapsed: 0.286	Loglikelihood: -624952	(delta): 0.000559347
21 (QN/Block) 	Elapsed: 0.275	Loglikelihood: -624952	(delta): 0.00036646
22 (QN/Block) 	Elapsed: 0.272	Loglikelihood: -624952	(delta): 4.29958e-05
Summary: 
Converged in 22 iterations (7.282 sec)
Loglikelihood: -624951.716242
Fst divergences between estimated populations: 
	Pop0	Pop1	Pop2	Pop3	
Pop0	
Pop1	0.230	
Pop2	0.352	0.465	
Pop3	0.341	0.453	0.364	
Pop4	0.278	0.399	0.420	0.405	
CV error (K=5): 0.14742
Writing output files.
