****                   ADMIXTURE Version 1.3.0                  ****
****                    Copyright 2008-2015                     ****
****           David Alexander, Suyash Shringarpure,            ****
****                John  Novembre, Ken Lange                   ****
****                                                            ****
****                 Please cite our paper!                     ****
****   Information at www.genetics.ucla.edu/software/admixture  ****

Cross-validation will be performed.  Folds=5.
Random seed: 24132
Point estimation method: Block relaxation algorithm
Convergence acceleration algorithm: QuasiNewton, 3 secant conditions
Point estimation will terminate when objective function delta < 0.0001
Estimation of standard errors disabled; will compute point estimates only.
Size of G: 260x13929
Performing five EM steps to prime main algorithm
1 (EM) 	Elapsed: 0.121	Loglikelihood: -1.08311e+06	(delta): 3.71119e+06
2 (EM) 	Elapsed: 0.12	Loglikelihood: -1.00481e+06	(delta): 78304.5
3 (EM) 	Elapsed: 0.12	Loglikelihood: -992328	(delta): 12480.4
4 (EM) 	Elapsed: 0.12	Loglikelihood: -984776	(delta): 7551.82
5 (EM) 	Elapsed: 0.12	Loglikelihood: -978932	(delta): 5844.14
Initial loglikelihood: -978932
Starting main algorithm
1 (QN/Block) 	Elapsed: 0.25	Loglikelihood: -757198	(delta): 221734
2 (QN/Block) 	Elapsed: 0.247	Loglikelihood: -696047	(delta): 61151.4
3 (QN/Block) 	Elapsed: 0.294	Loglikelihood: -658254	(delta): 37793.1
4 (QN/Block) 	Elapsed: 0.272	Loglikelihood: -637224	(delta): 21029.5
5 (QN/Block) 	Elapsed: 0.272	Loglikelihood: -628661	(delta): 8562.93
6 (QN/Block) 	Elapsed: 0.309	Loglikelihood: -625757	(delta): 2903.83
7 (QN/Block) 	Elapsed: 0.273	Loglikelihood: -625067	(delta): 689.903
8 (QN/Block) 	Elapsed: 0.31	Loglikelihood: -624980	(delta): 86.9825
9 (QN/Block) 	Elapsed: 0.272	Loglikelihood: -624954	(delta): 26.6338
10 (QN/Block) 	Elapsed: 0.312	Loglikelihood: -624951	(delta): 2.84051
11 (QN/Block) 	Elapsed: 0.278	Loglikelihood: -624951	(delta): 0.117913
12 (QN/Block) 	Elapsed: 0.278	Loglikelihood: -624951	(delta): 0.0294582
13 (QN/Block) 	Elapsed: 0.278	Loglikelihood: -624951	(delta): 0.00976233
14 (QN/Block) 	Elapsed: 0.278	Loglikelihood: -624951	(delta): 0.00445314
15 (QN/Block) 	Elapsed: 0.272	Loglikelihood: -624951	(delta): 0.000338143
16 (QN/Block) 	Elapsed: 0.272	Loglikelihood: -624951	(delta): 2.57445e-05
Summary: 
Converged in 16 iterations (5.379 sec)
Loglikelihood: -624950.827410
Fst divergences between estimated populations: 
	Pop0	Pop1	Pop2	Pop3	
Pop0	
Pop1	0.352	
Pop2	0.420	0.278	
Pop3	0.364	0.341	0.405	
Pop4	0.465	0.230	0.400	0.453	
CV error (K=5): 0.14668
Writing output files.
