****                   ADMIXTURE Version 1.3.0                  ****
****                    Copyright 2008-2015                     ****
****           David Alexander, Suyash Shringarpure,            ****
****                John  Novembre, Ken Lange                   ****
****                                                            ****
****                 Please cite our paper!                     ****
****   Information at www.genetics.ucla.edu/software/admixture  ****

Cross-validation will be performed.  Folds=5.
Random seed: 24132
Point estimation method: Block relaxation algorithm
Convergence acceleration algorithm: QuasiNewton, 3 secant conditions
Point estimation will terminate when objective function delta < 0.0001
Estimation of standard errors disabled; will compute point estimates only.
Size of G: 260x13929
Performing five EM steps to prime main algorithm
1 (EM) 	Elapsed: 0.146	Loglikelihood: -1.08798e+06	(delta): 3.6544e+06
2 (EM) 	Elapsed: 0.142	Loglikelihood: -1.00558e+06	(delta): 82404.9
3 (EM) 	Elapsed: 0.142	Loglikelihood: -993147	(delta): 12428
4 (EM) 	Elapsed: 0.142	Loglikelihood: -986040	(delta): 7107.78
5 (EM) 	Elapsed: 0.143	Loglikelihood: -980556	(delta): 5483.93
Initial loglikelihood: -980556
Starting main algorithm
1 (QN/Block) 	Elapsed: 0.316	Loglikelihood: -738219	(delta): 242336
2 (QN/Block) 	Elapsed: 0.315	Loglikelihood: -673783	(delta): 64436.5
3 (QN/Block) 	Elapsed: 0.344	Loglikelihood: -645561	(delta): 28221.6
4 (QN/Block) 	Elapsed: 0.344	Loglikelihood: -627080	(delta): 18480.9
5 (QN/Block) 	Elapsed: 0.37	Loglikelihood: -619264	(delta): 7816.08
6 (QN/Block) 	Elapsed: 0.342	Loglikelihood: -616338	(delta): 2926.43
7 (QN/Block) 	Elapsed: 0.343	Loglikelihood: -615658	(delta): 679.513
8 (QN/Block) 	Elapsed: 0.342	Loglikelihood: -615475	(delta): 183.546
9 (QN/Block) 	Elapsed: 0.342	Loglikelihood: -615343	(delta): 132.237
10 (QN/Block) 	Elapsed: 0.384	Loglikelihood: -615302	(delta): 40.2857
11 (QN/Block) 	Elapsed: 0.342	Loglikelihood: -615289	(delta): 13.3085
12 (QN/Block) 	Elapsed: 0.343	Loglikelihood: -615283	(delta): 6.49988
13 (QN/Block) 	Elapsed: 0.383	Loglikelihood: -615272	(delta): 10.017
14 (QN/Block) 	Elapsed: 0.343	Loglikelihood: -615267	(delta): 5.43955
15 (QN/Block) 	Elapsed: 0.342	Loglikelihood: -615263	(delta): 3.70478
16 (QN/Block) 	Elapsed: 0.355	Loglikelihood: -615263	(delta): 0.535005
17 (QN/Block) 	Elapsed: 0.341	Loglikelihood: -615263	(delta): 0.0850776
18 (QN/Block) 	Elapsed: 0.382	Loglikelihood: -615263	(delta): 0.0620083
19 (QN/Block) 	Elapsed: 0.382	Loglikelihood: -615263	(delta): 0.0693631
20 (QN/Block) 	Elapsed: 0.382	Loglikelihood: -615262	(delta): 0.136275
21 (QN/Block) 	Elapsed: 0.369	Loglikelihood: -615262	(delta): 0.486314
22 (QN/Block) 	Elapsed: 0.341	Loglikelihood: -615262	(delta): 0.00980506
23 (QN/Block) 	Elapsed: 0.341	Loglikelihood: -615262	(delta): 0.00560173
24 (QN/Block) 	Elapsed: 0.382	Loglikelihood: -615262	(delta): 0.00157244
25 (QN/Block) 	Elapsed: 0.383	Loglikelihood: -615262	(delta): 8.17566e-05
Summary: 
Converged in 25 iterations (10.036 sec)
Loglikelihood: -615261.951855
Fst divergences between estimated populations: 
	Pop0	Pop1	Pop2	Pop3	Pop4	
Pop0	
Pop1	0.378	
Pop2	0.212	0.412	
Pop3	0.279	0.467	0.301	
Pop4	0.314	0.427	0.349	0.407	
Pop5	0.370	0.363	0.398	0.453	0.412	
CV error (K=6): 0.14733
Writing output files.
