****                   ADMIXTURE Version 1.3.0                  ****
****                    Copyright 2008-2015                     ****
****           David Alexander, Suyash Shringarpure,            ****
****                John  Novembre, Ken Lange                   ****
****                                                            ****
****                 Please cite our paper!                     ****
****   Information at www.genetics.ucla.edu/software/admixture  ****

Cross-validation will be performed.  Folds=5.
Random seed: 24132
Point estimation method: Block relaxation algorithm
Convergence acceleration algorithm: QuasiNewton, 3 secant conditions
Point estimation will terminate when objective function delta < 0.0001
Estimation of standard errors disabled; will compute point estimates only.
Size of G: 260x13929
Performing five EM steps to prime main algorithm
1 (EM) 	Elapsed: 0.216	Loglikelihood: -1.08764e+06	(delta): 3.54268e+06
2 (EM) 	Elapsed: 0.216	Loglikelihood: -1.00067e+06	(delta): 86966.2
3 (EM) 	Elapsed: 0.215	Loglikelihood: -986929	(delta): 13741.6
4 (EM) 	Elapsed: 0.216	Loglikelihood: -978448	(delta): 8480.95
5 (EM) 	Elapsed: 0.216	Loglikelihood: -971175	(delta): 7273.19
Initial loglikelihood: -971175
Starting main algorithm
1 (QN/Block) 	Elapsed: 0.578	Loglikelihood: -703345	(delta): 267830
2 (QN/Block) 	Elapsed: 0.575	Loglikelihood: -640410	(delta): 62935.7
3 (QN/Block) 	Elapsed: 0.61	Loglikelihood: -614409	(delta): 26001
4 (QN/Block) 	Elapsed: 0.63	Loglikelihood: -598149	(delta): 16259.5
5 (QN/Block) 	Elapsed: 0.657	Loglikelihood: -591182	(delta): 6966.74
6 (QN/Block) 	Elapsed: 0.66	Loglikelihood: -588043	(delta): 3138.99
7 (QN/Block) 	Elapsed: 0.605	Loglikelihood: -586903	(delta): 1140.57
8 (QN/Block) 	Elapsed: 0.606	Loglikelihood: -586586	(delta): 316.459
9 (QN/Block) 	Elapsed: 0.603	Loglikelihood: -586460	(delta): 125.968
10 (QN/Block) 	Elapsed: 0.604	Loglikelihood: -586417	(delta): 43.0011
11 (QN/Block) 	Elapsed: 0.623	Loglikelihood: -586396	(delta): 20.963
12 (QN/Block) 	Elapsed: 0.604	Loglikelihood: -586380	(delta): 16.5389
13 (QN/Block) 	Elapsed: 0.623	Loglikelihood: -586370	(delta): 9.51154
14 (QN/Block) 	Elapsed: 0.656	Loglikelihood: -586367	(delta): 3.56867
15 (QN/Block) 	Elapsed: 0.657	Loglikelihood: -586365	(delta): 2.18348
16 (QN/Block) 	Elapsed: 0.659	Loglikelihood: -586360	(delta): 4.24539
17 (QN/Block) 	Elapsed: 0.666	Loglikelihood: -586348	(delta): 12.9339
18 (QN/Block) 	Elapsed: 0.664	Loglikelihood: -586327	(delta): 20.1068
19 (QN/Block) 	Elapsed: 0.638	Loglikelihood: -586316	(delta): 11.0075
20 (QN/Block) 	Elapsed: 0.656	Loglikelihood: -586304	(delta): 12.6592
21 (QN/Block) 	Elapsed: 0.657	Loglikelihood: -586293	(delta): 10.5936
22 (QN/Block) 	Elapsed: 0.626	Loglikelihood: -586289	(delta): 4.40287
23 (QN/Block) 	Elapsed: 0.641	Loglikelihood: -586284	(delta): 4.53163
24 (QN/Block) 	Elapsed: 0.656	Loglikelihood: -586283	(delta): 0.942531
25 (QN/Block) 	Elapsed: 0.604	Loglikelihood: -586283	(delta): 0.0449546
26 (QN/Block) 	Elapsed: 0.623	Loglikelihood: -586283	(delta): 0.00941957
27 (QN/Block) 	Elapsed: 0.605	Loglikelihood: -586283	(delta): 0.0220432
28 (QN/Block) 	Elapsed: 0.607	Loglikelihood: -586283	(delta): 0.0673766
29 (QN/Block) 	Elapsed: 0.606	Loglikelihood: -586283	(delta): 0.603239
30 (QN/Block) 	Elapsed: 0.643	Loglikelihood: -586282	(delta): 0.885866
31 (QN/Block) 	Elapsed: 0.606	Loglikelihood: -586282	(delta): 0.00904766
32 (QN/Block) 	Elapsed: 0.66	Loglikelihood: -586282	(delta): 0.000650097
33 (QN/Block) 	Elapsed: 0.606	Loglikelihood: -586282	(delta): 3.2949e-06
Summary: 
Converged in 33 iterations (22.517 sec)
Loglikelihood: -586281.629677
Fst divergences between estimated populations: 
	Pop0	Pop1	Pop2	Pop3	Pop4	Pop5	Pop6	Pop7	
Pop0	
Pop1	0.402	
Pop2	0.340	0.437	
Pop3	0.344	0.427	0.371	
Pop4	0.431	0.437	0.463	0.460	
Pop5	0.441	0.306	0.479	0.474	0.482	
Pop6	0.382	0.232	0.412	0.416	0.425	0.174	
Pop7	0.409	0.421	0.443	0.437	0.347	0.462	0.400	
Pop8	0.437	0.442	0.469	0.466	0.052	0.488	0.431	0.353	
CV error (K=9): 0.14901
Writing output files.
