****                   ADMIXTURE Version 1.3.0                  ****
****                    Copyright 2008-2015                     ****
****           David Alexander, Suyash Shringarpure,            ****
****                John  Novembre, Ken Lange                   ****
****                                                            ****
****                 Please cite our paper!                     ****
****   Information at www.genetics.ucla.edu/software/admixture  ****

Cross-validation will be performed.  Folds=5.
Random seed: 24132
Point estimation method: Block relaxation algorithm
Convergence acceleration algorithm: QuasiNewton, 3 secant conditions
Point estimation will terminate when objective function delta < 0.0001
Estimation of standard errors disabled; will compute point estimates only.
Size of G: 260x13929
Performing five EM steps to prime main algorithm
1 (EM) 	Elapsed: 0.252	Loglikelihood: -1.08693e+06	(delta): 3.5102e+06
2 (EM) 	Elapsed: 0.252	Loglikelihood: -999847	(delta): 87087.8
3 (EM) 	Elapsed: 0.249	Loglikelihood: -986883	(delta): 12963.3
4 (EM) 	Elapsed: 0.25	Loglikelihood: -979209	(delta): 7674.67
5 (EM) 	Elapsed: 0.249	Loglikelihood: -972841	(delta): 6367.67
Initial loglikelihood: -972841
Starting main algorithm
1 (QN/Block) 	Elapsed: 0.683	Loglikelihood: -714897	(delta): 257944
2 (QN/Block) 	Elapsed: 0.677	Loglikelihood: -652581	(delta): 62315.7
3 (QN/Block) 	Elapsed: 0.754	Loglikelihood: -620502	(delta): 32078.9
4 (QN/Block) 	Elapsed: 0.772	Loglikelihood: -601590	(delta): 18912.1
5 (QN/Block) 	Elapsed: 0.71	Loglikelihood: -591290	(delta): 10300
6 (QN/Block) 	Elapsed: 0.769	Loglikelihood: -586080	(delta): 5210.69
7 (QN/Block) 	Elapsed: 0.713	Loglikelihood: -584103	(delta): 1976.7
8 (QN/Block) 	Elapsed: 0.712	Loglikelihood: -583492	(delta): 611.152
9 (QN/Block) 	Elapsed: 0.773	Loglikelihood: -583297	(delta): 194.549
10 (QN/Block) 	Elapsed: 0.717	Loglikelihood: -583196	(delta): 101.077
11 (QN/Block) 	Elapsed: 0.718	Loglikelihood: -583148	(delta): 48.1621
12 (QN/Block) 	Elapsed: 0.712	Loglikelihood: -583124	(delta): 23.7205
13 (QN/Block) 	Elapsed: 0.767	Loglikelihood: -583107	(delta): 17.4785
14 (QN/Block) 	Elapsed: 0.769	Loglikelihood: -583093	(delta): 13.5098
15 (QN/Block) 	Elapsed: 0.747	Loglikelihood: -583083	(delta): 10.6372
16 (QN/Block) 	Elapsed: 0.712	Loglikelihood: -583076	(delta): 6.94787
17 (QN/Block) 	Elapsed: 0.766	Loglikelihood: -583073	(delta): 2.89504
18 (QN/Block) 	Elapsed: 0.766	Loglikelihood: -583070	(delta): 2.86301
19 (QN/Block) 	Elapsed: 0.746	Loglikelihood: -583068	(delta): 2.04467
20 (QN/Block) 	Elapsed: 0.767	Loglikelihood: -583067	(delta): 0.884113
21 (QN/Block) 	Elapsed: 0.746	Loglikelihood: -583067	(delta): 0.416753
22 (QN/Block) 	Elapsed: 0.73	Loglikelihood: -583066	(delta): 0.807968
23 (QN/Block) 	Elapsed: 0.764	Loglikelihood: -583065	(delta): 0.400823
24 (QN/Block) 	Elapsed: 0.767	Loglikelihood: -583065	(delta): 0.251175
25 (QN/Block) 	Elapsed: 0.769	Loglikelihood: -583065	(delta): 0.0747038
26 (QN/Block) 	Elapsed: 0.708	Loglikelihood: -583065	(delta): 0.104902
27 (QN/Block) 	Elapsed: 0.708	Loglikelihood: -583065	(delta): 0.0575429
28 (QN/Block) 	Elapsed: 0.712	Loglikelihood: -583065	(delta): 0.0149458
29 (QN/Block) 	Elapsed: 0.708	Loglikelihood: -583065	(delta): 0.00480175
30 (QN/Block) 	Elapsed: 0.71	Loglikelihood: -583065	(delta): 0.000504261
31 (QN/Block) 	Elapsed: 0.711	Loglikelihood: -583065	(delta): 3.47164e-05
Summary: 
Converged in 31 iterations (24.798 sec)
Loglikelihood: -583064.944804
Fst divergences between estimated populations: 
	Pop0	Pop1	Pop2	Pop3	Pop4	Pop5	Pop6	Pop7	Pop8	
Pop0	
Pop1	0.170	
Pop2	0.238	0.317	
Pop3	0.409	0.476	0.438	
Pop4	0.426	0.483	0.443	0.464	
Pop5	0.446	0.507	0.465	0.484	0.394	
Pop6	0.381	0.439	0.405	0.331	0.432	0.449	
Pop7	0.405	0.465	0.425	0.364	0.452	0.469	0.339	
Pop8	0.401	0.462	0.425	0.444	0.353	0.147	0.415	0.433	
Pop9	0.429	0.486	0.445	0.466	0.052	0.396	0.435	0.455	0.355	
CV error (K=10): 0.15025
Writing output files.
