****                   ADMIXTURE Version 1.3.0                  ****
****                    Copyright 2008-2015                     ****
****           David Alexander, Suyash Shringarpure,            ****
****                John  Novembre, Ken Lange                   ****
****                                                            ****
****                 Please cite our paper!                     ****
****   Information at www.genetics.ucla.edu/software/admixture  ****

Cross-validation will be performed.  Folds=5.
Random seed: 24132
Point estimation method: Block relaxation algorithm
Convergence acceleration algorithm: QuasiNewton, 3 secant conditions
Point estimation will terminate when objective function delta < 0.0001
Estimation of standard errors disabled; will compute point estimates only.
Size of G: 260x13929
Performing five EM steps to prime main algorithm
1 (EM) 	Elapsed: 0.056	Loglikelihood: -1.04837e+06	(delta): 4.31119e+06
2 (EM) 	Elapsed: 0.054	Loglikelihood: -1.00217e+06	(delta): 46198.1
3 (EM) 	Elapsed: 0.054	Loglikelihood: -994351	(delta): 7816.2
4 (EM) 	Elapsed: 0.054	Loglikelihood: -990259	(delta): 4091.43
5 (EM) 	Elapsed: 0.053	Loglikelihood: -987875	(delta): 2384.24
Initial loglikelihood: -987875
Starting main algorithm
1 (QN/Block) 	Elapsed: 0.095	Loglikelihood: -911735	(delta): 76139.7
2 (QN/Block) 	Elapsed: 0.095	Loglikelihood: -885142	(delta): 26593
3 (QN/Block) 	Elapsed: 0.115	Loglikelihood: -863767	(delta): 21375.2
4 (QN/Block) 	Elapsed: 0.115	Loglikelihood: -851792	(delta): 11975.6
5 (QN/Block) 	Elapsed: 0.124	Loglikelihood: -847213	(delta): 4578.16
6 (QN/Block) 	Elapsed: 0.133	Loglikelihood: -846777	(delta): 436.421
7 (QN/Block) 	Elapsed: 0.124	Loglikelihood: -846692	(delta): 85.2792
8 (QN/Block) 	Elapsed: 0.114	Loglikelihood: -846645	(delta): 46.365
9 (QN/Block) 	Elapsed: 0.114	Loglikelihood: -846625	(delta): 20.8659
10 (QN/Block) 	Elapsed: 0.114	Loglikelihood: -846613	(delta): 11.1723
11 (QN/Block) 	Elapsed: 0.114	Loglikelihood: -846609	(delta): 4.62217
12 (QN/Block) 	Elapsed: 0.123	Loglikelihood: -846607	(delta): 2.00093
13 (QN/Block) 	Elapsed: 0.133	Loglikelihood: -846604	(delta): 2.40975
14 (QN/Block) 	Elapsed: 0.124	Loglikelihood: -846603	(delta): 1.40782
15 (QN/Block) 	Elapsed: 0.143	Loglikelihood: -846601	(delta): 1.45668
16 (QN/Block) 	Elapsed: 0.143	Loglikelihood: -846599	(delta): 2.0978
17 (QN/Block) 	Elapsed: 0.143	Loglikelihood: -846597	(delta): 2.21508
18 (QN/Block) 	Elapsed: 0.143	Loglikelihood: -846594	(delta): 3.16
19 (QN/Block) 	Elapsed: 0.143	Loglikelihood: -846589	(delta): 4.67403
20 (QN/Block) 	Elapsed: 0.143	Loglikelihood: -846582	(delta): 7.14091
21 (QN/Block) 	Elapsed: 0.143	Loglikelihood: -846570	(delta): 12.3887
22 (QN/Block) 	Elapsed: 0.143	Loglikelihood: -846546	(delta): 23.4845
23 (QN/Block) 	Elapsed: 0.143	Loglikelihood: -846494	(delta): 51.7877
24 (QN/Block) 	Elapsed: 0.143	Loglikelihood: -846333	(delta): 161.325
25 (QN/Block) 	Elapsed: 0.143	Loglikelihood: -843836	(delta): 2497.34
26 (QN/Block) 	Elapsed: 0.144	Loglikelihood: -835351	(delta): 8485.22
27 (QN/Block) 	Elapsed: 0.124	Loglikelihood: -829867	(delta): 5483.54
28 (QN/Block) 	Elapsed: 0.124	Loglikelihood: -828591	(delta): 1276.11
29 (QN/Block) 	Elapsed: 0.114	Loglikelihood: -828372	(delta): 219.104
30 (QN/Block) 	Elapsed: 0.143	Loglikelihood: -828327	(delta): 45.1975
31 (QN/Block) 	Elapsed: 0.133	Loglikelihood: -828317	(delta): 9.19257
32 (QN/Block) 	Elapsed: 0.143	Loglikelihood: -828317	(delta): 0.41217
33 (QN/Block) 	Elapsed: 0.143	Loglikelihood: -828317	(delta): 0.00175294
34 (QN/Block) 	Elapsed: 0.114	Loglikelihood: -828317	(delta): 0.000487932
35 (QN/Block) 	Elapsed: 0.114	Loglikelihood: -828317	(delta): 1.36381e-06
Summary: 
Converged in 35 iterations (5.216 sec)
Loglikelihood: -828317.044449
Fst divergences between estimated populations: 
	Pop0	
Pop0	
Pop1	0.247	
CV error (K=2): 0.19772
Writing output files.
