****                   ADMIXTURE Version 1.3.0                  ****
****                    Copyright 2008-2015                     ****
****           David Alexander, Suyash Shringarpure,            ****
****                John  Novembre, Ken Lange                   ****
****                                                            ****
****                 Please cite our paper!                     ****
****   Information at www.genetics.ucla.edu/software/admixture  ****

Cross-validation will be performed.  Folds=5.
Random seed: 24132
Point estimation method: Block relaxation algorithm
Convergence acceleration algorithm: QuasiNewton, 3 secant conditions
Point estimation will terminate when objective function delta < 0.0001
Estimation of standard errors disabled; will compute point estimates only.
Size of G: 260x13929
Performing five EM steps to prime main algorithm
1 (EM) 	Elapsed: 0.079	Loglikelihood: -1.07109e+06	(delta): 3.99575e+06
2 (EM) 	Elapsed: 0.078	Loglikelihood: -1.00556e+06	(delta): 65531.3
3 (EM) 	Elapsed: 0.078	Loglikelihood: -994805	(delta): 10753.3
4 (EM) 	Elapsed: 0.078	Loglikelihood: -988917	(delta): 5888.06
5 (EM) 	Elapsed: 0.078	Loglikelihood: -985159	(delta): 3758.55
Initial loglikelihood: -985159
Starting main algorithm
1 (QN/Block) 	Elapsed: 0.144	Loglikelihood: -892146	(delta): 93012.5
2 (QN/Block) 	Elapsed: 0.144	Loglikelihood: -852733	(delta): 39413.4
3 (QN/Block) 	Elapsed: 0.176	Loglikelihood: -822056	(delta): 30676.7
4 (QN/Block) 	Elapsed: 0.175	Loglikelihood: -771108	(delta): 50948.1
5 (QN/Block) 	Elapsed: 0.198	Loglikelihood: -733533	(delta): 37574.5
6 (QN/Block) 	Elapsed: 0.187	Loglikelihood: -725204	(delta): 8329.45
7 (QN/Block) 	Elapsed: 0.166	Loglikelihood: -723144	(delta): 2059.64
8 (QN/Block) 	Elapsed: 0.166	Loglikelihood: -722783	(delta): 361.187
9 (QN/Block) 	Elapsed: 0.166	Loglikelihood: -722747	(delta): 36.0099
10 (QN/Block) 	Elapsed: 0.166	Loglikelihood: -722741	(delta): 6.23822
11 (QN/Block) 	Elapsed: 0.187	Loglikelihood: -722740	(delta): 0.808606
12 (QN/Block) 	Elapsed: 0.197	Loglikelihood: -722740	(delta): 0.000740932
13 (QN/Block) 	Elapsed: 0.165	Loglikelihood: -722740	(delta): 6.08037e-07
Summary: 
Converged in 13 iterations (2.856 sec)
Loglikelihood: -722740.116670
Fst divergences between estimated populations: 
	Pop0	Pop1	
Pop0	
Pop1	0.332	
Pop2	0.290	0.284	
CV error (K=3): 0.16980
Writing output files.
