****                   ADMIXTURE Version 1.3.0                  ****
****                    Copyright 2008-2015                     ****
****           David Alexander, Suyash Shringarpure,            ****
****                John  Novembre, Ken Lange                   ****
****                                                            ****
****                 Please cite our paper!                     ****
****   Information at www.genetics.ucla.edu/software/admixture  ****

Cross-validation will be performed.  Folds=5.
Random seed: 15429
Point estimation method: Block relaxation algorithm
Convergence acceleration algorithm: QuasiNewton, 3 secant conditions
Point estimation will terminate when objective function delta < 0.0001
Estimation of standard errors disabled; will compute point estimates only.
Size of G: 260x13929
Performing five EM steps to prime main algorithm
1 (EM) 	Elapsed: 0.053	Loglikelihood: -1.04256e+06	(delta): 4.38606e+06
2 (EM) 	Elapsed: 0.053	Loglikelihood: -1.00184e+06	(delta): 40721.5
3 (EM) 	Elapsed: 0.053	Loglikelihood: -994611	(delta): 7227.48
4 (EM) 	Elapsed: 0.053	Loglikelihood: -990914	(delta): 3696.44
5 (EM) 	Elapsed: 0.052	Loglikelihood: -988863	(delta): 2051.3
Initial loglikelihood: -988863
Starting main algorithm
1 (QN/Block) 	Elapsed: 0.094	Loglikelihood: -947937	(delta): 40926.5
2 (QN/Block) 	Elapsed: 0.094	Loglikelihood: -922675	(delta): 25262.1
3 (QN/Block) 	Elapsed: 0.115	Loglikelihood: -909481	(delta): 13193.3
4 (QN/Block) 	Elapsed: 0.143	Loglikelihood: -894080	(delta): 15401.5
5 (QN/Block) 	Elapsed: 0.143	Loglikelihood: -870914	(delta): 23165.5
6 (QN/Block) 	Elapsed: 0.143	Loglikelihood: -839146	(delta): 31768.7
7 (QN/Block) 	Elapsed: 0.143	Loglikelihood: -830996	(delta): 8149.92
8 (QN/Block) 	Elapsed: 0.114	Loglikelihood: -828863	(delta): 2132.89
9 (QN/Block) 	Elapsed: 0.133	Loglikelihood: -828358	(delta): 504.66
10 (QN/Block) 	Elapsed: 0.115	Loglikelihood: -828321	(delta): 36.772
11 (QN/Block) 	Elapsed: 0.115	Loglikelihood: -828317	(delta): 3.91073
12 (QN/Block) 	Elapsed: 0.114	Loglikelihood: -828317	(delta): 0.416473
13 (QN/Block) 	Elapsed: 0.114	Loglikelihood: -828317	(delta): 0.036595
14 (QN/Block) 	Elapsed: 0.114	Loglikelihood: -828317	(delta): 0.000645118
15 (QN/Block) 	Elapsed: 0.114	Loglikelihood: -828317	(delta): 1.29979e-05
Summary: 
Converged in 15 iterations (2.304 sec)
Loglikelihood: -828317.044450
Fst divergences between estimated populations: 
	Pop0	
Pop0	
Pop1	0.247	
CV error (K=2): 0.19763
Writing output files.
