****                   ADMIXTURE Version 1.3.0                  ****
****                    Copyright 2008-2015                     ****
****           David Alexander, Suyash Shringarpure,            ****
****                John  Novembre, Ken Lange                   ****
****                                                            ****
****                 Please cite our paper!                     ****
****   Information at www.genetics.ucla.edu/software/admixture  ****

Cross-validation will be performed.  Folds=5.
Random seed: 15429
Point estimation method: Block relaxation algorithm
Convergence acceleration algorithm: QuasiNewton, 3 secant conditions
Point estimation will terminate when objective function delta < 0.0001
Estimation of standard errors disabled; will compute point estimates only.
Size of G: 260x13929
Performing five EM steps to prime main algorithm
1 (EM) 	Elapsed: 0.219	Loglikelihood: -1.08569e+06	(delta): 3.52771e+06
2 (EM) 	Elapsed: 0.215	Loglikelihood: -1.00024e+06	(delta): 85448.8
3 (EM) 	Elapsed: 0.215	Loglikelihood: -987310	(delta): 12931.5
4 (EM) 	Elapsed: 0.216	Loglikelihood: -979527	(delta): 7782.81
5 (EM) 	Elapsed: 0.216	Loglikelihood: -973195	(delta): 6332.41
Initial loglikelihood: -973195
Starting main algorithm
1 (QN/Block) 	Elapsed: 0.576	Loglikelihood: -716309	(delta): 256886
2 (QN/Block) 	Elapsed: 0.575	Loglikelihood: -647752	(delta): 68556.6
3 (QN/Block) 	Elapsed: 0.626	Loglikelihood: -618122	(delta): 29629.6
4 (QN/Block) 	Elapsed: 0.661	Loglikelihood: -602099	(delta): 16023.6
5 (QN/Block) 	Elapsed: 0.605	Loglikelihood: -594522	(delta): 7576.69
6 (QN/Block) 	Elapsed: 0.657	Loglikelihood: -589963	(delta): 4559.48
7 (QN/Block) 	Elapsed: 0.604	Loglikelihood: -588151	(delta): 1811.97
8 (QN/Block) 	Elapsed: 0.656	Loglikelihood: -587484	(delta): 666.664
9 (QN/Block) 	Elapsed: 0.605	Loglikelihood: -587193	(delta): 291.424
10 (QN/Block) 	Elapsed: 0.604	Loglikelihood: -587054	(delta): 138.834
11 (QN/Block) 	Elapsed: 0.605	Loglikelihood: -586867	(delta): 187.26
12 (QN/Block) 	Elapsed: 0.607	Loglikelihood: -586727	(delta): 139.325
13 (QN/Block) 	Elapsed: 0.621	Loglikelihood: -586601	(delta): 126.02
14 (QN/Block) 	Elapsed: 0.622	Loglikelihood: -586482	(delta): 119.62
15 (QN/Block) 	Elapsed: 0.605	Loglikelihood: -586420	(delta): 61.6003
16 (QN/Block) 	Elapsed: 0.656	Loglikelihood: -586361	(delta): 59.307
17 (QN/Block) 	Elapsed: 0.656	Loglikelihood: -586346	(delta): 14.4512
18 (QN/Block) 	Elapsed: 0.659	Loglikelihood: -586326	(delta): 20.144
19 (QN/Block) 	Elapsed: 0.621	Loglikelihood: -586314	(delta): 11.9639
20 (QN/Block) 	Elapsed: 0.656	Loglikelihood: -586308	(delta): 6.11634
21 (QN/Block) 	Elapsed: 0.655	Loglikelihood: -586302	(delta): 5.53873
22 (QN/Block) 	Elapsed: 0.656	Loglikelihood: -586302	(delta): 0.138626
23 (QN/Block) 	Elapsed: 0.654	Loglikelihood: -586302	(delta): 0.0446139
24 (QN/Block) 	Elapsed: 0.658	Loglikelihood: -586302	(delta): 0.0529678
25 (QN/Block) 	Elapsed: 0.661	Loglikelihood: -586302	(delta): 0.0745729
26 (QN/Block) 	Elapsed: 0.659	Loglikelihood: -586302	(delta): 0.615136
27 (QN/Block) 	Elapsed: 0.656	Loglikelihood: -586295	(delta): 6.68054
28 (QN/Block) 	Elapsed: 0.621	Loglikelihood: -586290	(delta): 4.48948
29 (QN/Block) 	Elapsed: 0.655	Loglikelihood: -586289	(delta): 1.00402
30 (QN/Block) 	Elapsed: 0.657	Loglikelihood: -586289	(delta): 0.236771
31 (QN/Block) 	Elapsed: 0.657	Loglikelihood: -586280	(delta): 8.89783
32 (QN/Block) 	Elapsed: 0.622	Loglikelihood: -586276	(delta): 4.199
33 (QN/Block) 	Elapsed: 0.623	Loglikelihood: -586273	(delta): 2.8002
34 (QN/Block) 	Elapsed: 0.624	Loglikelihood: -586268	(delta): 4.97229
35 (QN/Block) 	Elapsed: 0.656	Loglikelihood: -586268	(delta): 0.500638
36 (QN/Block) 	Elapsed: 0.659	Loglikelihood: -586268	(delta): 0.0224761
37 (QN/Block) 	Elapsed: 0.663	Loglikelihood: -586268	(delta): 0.0358439
38 (QN/Block) 	Elapsed: 0.658	Loglikelihood: -586268	(delta): 0.0577553
39 (QN/Block) 	Elapsed: 0.641	Loglikelihood: -586268	(delta): 0.123445
40 (QN/Block) 	Elapsed: 0.659	Loglikelihood: -586267	(delta): 0.297572
41 (QN/Block) 	Elapsed: 0.658	Loglikelihood: -586266	(delta): 0.813718
42 (QN/Block) 	Elapsed: 0.657	Loglikelihood: -586264	(delta): 1.94138
43 (QN/Block) 	Elapsed: 0.657	Loglikelihood: -586264	(delta): 0.278227
44 (QN/Block) 	Elapsed: 0.658	Loglikelihood: -586264	(delta): 0.00960192
45 (QN/Block) 	Elapsed: 0.638	Loglikelihood: -586264	(delta): 0.00467376
46 (QN/Block) 	Elapsed: 0.655	Loglikelihood: -586264	(delta): 0.00150553
47 (QN/Block) 	Elapsed: 0.657	Loglikelihood: -586264	(delta): 0.000545835
48 (QN/Block) 	Elapsed: 0.661	Loglikelihood: -586264	(delta): 0.00047473
49 (QN/Block) 	Elapsed: 0.658	Loglikelihood: -586264	(delta): 0.000502552
50 (QN/Block) 	Elapsed: 0.66	Loglikelihood: -586264	(delta): 0.000564663
51 (QN/Block) 	Elapsed: 0.659	Loglikelihood: -586264	(delta): 0.000634163
52 (QN/Block) 	Elapsed: 0.658	Loglikelihood: -586264	(delta): 0.000905549
53 (QN/Block) 	Elapsed: 0.658	Loglikelihood: -586264	(delta): 0.00143439
54 (QN/Block) 	Elapsed: 0.657	Loglikelihood: -586264	(delta): 0.00261619
55 (QN/Block) 	Elapsed: 0.659	Loglikelihood: -586264	(delta): 0.0054873
56 (QN/Block) 	Elapsed: 0.605	Loglikelihood: -586264	(delta): 0.029978
57 (QN/Block) 	Elapsed: 0.605	Loglikelihood: -586264	(delta): 0.162272
58 (QN/Block) 	Elapsed: 0.603	Loglikelihood: -586263	(delta): 0.799121
59 (QN/Block) 	Elapsed: 0.622	Loglikelihood: -586263	(delta): 0.323376
60 (QN/Block) 	Elapsed: 0.604	Loglikelihood: -586263	(delta): 0.0172612
61 (QN/Block) 	Elapsed: 0.604	Loglikelihood: -586263	(delta): 0.00134914
62 (QN/Block) 	Elapsed: 0.601	Loglikelihood: -586263	(delta): 5.0885e-05
Summary: 
Converged in 62 iterations (41.887 sec)
Loglikelihood: -586262.831968
Fst divergences between estimated populations: 
	Pop0	Pop1	Pop2	Pop3	Pop4	Pop5	Pop6	Pop7	
Pop0	
Pop1	0.468	
Pop2	0.351	0.431	
Pop3	0.466	0.046	0.428	
Pop4	0.441	0.456	0.409	0.452	
Pop5	0.481	0.486	0.437	0.483	0.339	
Pop6	0.421	0.430	0.378	0.427	0.264	0.175	
Pop7	0.444	0.350	0.406	0.349	0.435	0.463	0.401	
Pop8	0.374	0.467	0.339	0.465	0.447	0.481	0.414	0.444	
CV error (K=9): 0.14872
Writing output files.
