****                   ADMIXTURE Version 1.3.0                  ****
****                    Copyright 2008-2015                     ****
****           David Alexander, Suyash Shringarpure,            ****
****                John  Novembre, Ken Lange                   ****
****                                                            ****
****                 Please cite our paper!                     ****
****   Information at www.genetics.ucla.edu/software/admixture  ****

Cross-validation will be performed.  Folds=5.
Random seed: 15429
Point estimation method: Block relaxation algorithm
Convergence acceleration algorithm: QuasiNewton, 3 secant conditions
Point estimation will terminate when objective function delta < 0.0001
Estimation of standard errors disabled; will compute point estimates only.
Size of G: 260x13929
Performing five EM steps to prime main algorithm
1 (EM) 	Elapsed: 0.082	Loglikelihood: -1.0673e+06	(delta): 4.0219e+06
2 (EM) 	Elapsed: 0.08	Loglikelihood: -1.00644e+06	(delta): 60851.3
3 (EM) 	Elapsed: 0.078	Loglikelihood: -996970	(delta): 9473.7
4 (EM) 	Elapsed: 0.078	Loglikelihood: -991742	(delta): 5228.2
5 (EM) 	Elapsed: 0.078	Loglikelihood: -988384	(delta): 3357.89
Initial loglikelihood: -988384
Starting main algorithm
1 (QN/Block) 	Elapsed: 0.143	Loglikelihood: -878173	(delta): 110211
2 (QN/Block) 	Elapsed: 0.14	Loglikelihood: -827243	(delta): 50929.8
3 (QN/Block) 	Elapsed: 0.162	Loglikelihood: -806988	(delta): 20255.4
4 (QN/Block) 	Elapsed: 0.173	Loglikelihood: -781806	(delta): 25181.8
5 (QN/Block) 	Elapsed: 0.194	Loglikelihood: -767586	(delta): 14220.2
6 (QN/Block) 	Elapsed: 0.193	Loglikelihood: -765026	(delta): 2560.35
7 (QN/Block) 	Elapsed: 0.162	Loglikelihood: -763988	(delta): 1037.45
8 (QN/Block) 	Elapsed: 0.193	Loglikelihood: -763322	(delta): 666.442
9 (QN/Block) 	Elapsed: 0.162	Loglikelihood: -762408	(delta): 914.166
10 (QN/Block) 	Elapsed: 0.162	Loglikelihood: -760612	(delta): 1795.27
11 (QN/Block) 	Elapsed: 0.183	Loglikelihood: -752033	(delta): 8579.37
12 (QN/Block) 	Elapsed: 0.162	Loglikelihood: -733788	(delta): 18244.4
13 (QN/Block) 	Elapsed: 0.172	Loglikelihood: -727024	(delta): 6764.09
14 (QN/Block) 	Elapsed: 0.162	Loglikelihood: -724525	(delta): 2499.56
15 (QN/Block) 	Elapsed: 0.193	Loglikelihood: -723494	(delta): 1031.32
16 (QN/Block) 	Elapsed: 0.163	Loglikelihood: -722943	(delta): 550.077
17 (QN/Block) 	Elapsed: 0.184	Loglikelihood: -722756	(delta): 187.236
18 (QN/Block) 	Elapsed: 0.174	Loglikelihood: -722741	(delta): 15.3602
19 (QN/Block) 	Elapsed: 0.195	Loglikelihood: -722741	(delta): 0.267097
20 (QN/Block) 	Elapsed: 0.163	Loglikelihood: -722741	(delta): 0.024816
21 (QN/Block) 	Elapsed: 0.194	Loglikelihood: -722741	(delta): 0.00693542
22 (QN/Block) 	Elapsed: 0.194	Loglikelihood: -722741	(delta): 6.2661e-05
Summary: 
Converged in 22 iterations (4.544 sec)
Loglikelihood: -722740.538621
Fst divergences between estimated populations: 
	Pop0	Pop1	
Pop0	
Pop1	0.332	
Pop2	0.290	0.284	
CV error (K=3): 0.17046
Writing output files.
