****                   ADMIXTURE Version 1.3.0                  ****
****                    Copyright 2008-2015                     ****
****           David Alexander, Suyash Shringarpure,            ****
****                John  Novembre, Ken Lange                   ****
****                                                            ****
****                 Please cite our paper!                     ****
****   Information at www.genetics.ucla.edu/software/admixture  ****

Cross-validation will be performed.  Folds=5.
Random seed: 15429
Point estimation method: Block relaxation algorithm
Convergence acceleration algorithm: QuasiNewton, 3 secant conditions
Point estimation will terminate when objective function delta < 0.0001
Estimation of standard errors disabled; will compute point estimates only.
Size of G: 260x13929
Performing five EM steps to prime main algorithm
1 (EM) 	Elapsed: 0.146	Loglikelihood: -1.0837e+06	(delta): 3.64562e+06
2 (EM) 	Elapsed: 0.146	Loglikelihood: -1.00448e+06	(delta): 79222.3
3 (EM) 	Elapsed: 0.146	Loglikelihood: -992652	(delta): 11823.7
4 (EM) 	Elapsed: 0.146	Loglikelihood: -985920	(delta): 6732.78
5 (EM) 	Elapsed: 0.146	Loglikelihood: -980826	(delta): 5093.62
Initial loglikelihood: -980826
Starting main algorithm
1 (QN/Block) 	Elapsed: 0.325	Loglikelihood: -779658	(delta): 201168
2 (QN/Block) 	Elapsed: 0.323	Loglikelihood: -692857	(delta): 86801.7
3 (QN/Block) 	Elapsed: 0.352	Loglikelihood: -661880	(delta): 30976.1
4 (QN/Block) 	Elapsed: 0.351	Loglikelihood: -638564	(delta): 23316.6
5 (QN/Block) 	Elapsed: 0.351	Loglikelihood: -625408	(delta): 13156
6 (QN/Block) 	Elapsed: 0.364	Loglikelihood: -617057	(delta): 8350.89
7 (QN/Block) 	Elapsed: 0.382	Loglikelihood: -613558	(delta): 3498.82
8 (QN/Block) 	Elapsed: 0.355	Loglikelihood: -612040	(delta): 1518.38
9 (QN/Block) 	Elapsed: 0.341	Loglikelihood: -611331	(delta): 708.722
10 (QN/Block) 	Elapsed: 0.382	Loglikelihood: -611163	(delta): 168.007
11 (QN/Block) 	Elapsed: 0.382	Loglikelihood: -611125	(delta): 38.3732
12 (QN/Block) 	Elapsed: 0.343	Loglikelihood: -611116	(delta): 8.80288
13 (QN/Block) 	Elapsed: 0.341	Loglikelihood: -611113	(delta): 3.13567
14 (QN/Block) 	Elapsed: 0.341	Loglikelihood: -611108	(delta): 4.62537
15 (QN/Block) 	Elapsed: 0.342	Loglikelihood: -611108	(delta): 0.348595
16 (QN/Block) 	Elapsed: 0.341	Loglikelihood: -611108	(delta): 0.0634936
17 (QN/Block) 	Elapsed: 0.341	Loglikelihood: -611108	(delta): 0.0111183
18 (QN/Block) 	Elapsed: 0.382	Loglikelihood: -611107	(delta): 0.823775
19 (QN/Block) 	Elapsed: 0.341	Loglikelihood: -611107	(delta): 0.0339107
20 (QN/Block) 	Elapsed: 0.383	Loglikelihood: -611107	(delta): 0.0116281
21 (QN/Block) 	Elapsed: 0.383	Loglikelihood: -611107	(delta): 0.0185563
22 (QN/Block) 	Elapsed: 0.382	Loglikelihood: -611107	(delta): 0.030867
23 (QN/Block) 	Elapsed: 0.382	Loglikelihood: -611107	(delta): 0.0441442
24 (QN/Block) 	Elapsed: 0.382	Loglikelihood: -611107	(delta): 7.34768e-05
Summary: 
Converged in 24 iterations (9.771 sec)
Loglikelihood: -611106.657888
Fst divergences between estimated populations: 
	Pop0	Pop1	Pop2	Pop3	Pop4	
Pop0	
Pop1	0.408	
Pop2	0.398	0.443	
Pop3	0.302	0.250	0.344	
Pop4	0.419	0.460	0.347	0.363	
Pop5	0.283	0.414	0.400	0.322	0.414	
CV error (K=6): 0.14758
Writing output files.
