****                   ADMIXTURE Version 1.3.0                  ****
****                    Copyright 2008-2015                     ****
****           David Alexander, Suyash Shringarpure,            ****
****                John  Novembre, Ken Lange                   ****
****                                                            ****
****                 Please cite our paper!                     ****
****   Information at www.genetics.ucla.edu/software/admixture  ****

Cross-validation will be performed.  Folds=5.
Random seed: 15429
Point estimation method: Block relaxation algorithm
Convergence acceleration algorithm: QuasiNewton, 3 secant conditions
Point estimation will terminate when objective function delta < 0.0001
Estimation of standard errors disabled; will compute point estimates only.
Size of G: 260x13929
Performing five EM steps to prime main algorithm
1 (EM) 	Elapsed: 0.1	Loglikelihood: -1.07745e+06	(delta): 3.84768e+06
2 (EM) 	Elapsed: 0.099	Loglikelihood: -1.00584e+06	(delta): 71611.3
3 (EM) 	Elapsed: 0.099	Loglikelihood: -993913	(delta): 11925.2
4 (EM) 	Elapsed: 0.099	Loglikelihood: -987053	(delta): 6859.73
5 (EM) 	Elapsed: 0.099	Loglikelihood: -982109	(delta): 4943.58
Initial loglikelihood: -982109
Starting main algorithm
1 (QN/Block) 	Elapsed: 0.2	Loglikelihood: -815033	(delta): 167076
2 (QN/Block) 	Elapsed: 0.199	Loglikelihood: -728181	(delta): 86852.4
3 (QN/Block) 	Elapsed: 0.217	Loglikelihood: -693859	(delta): 34321.2
4 (QN/Block) 	Elapsed: 0.217	Loglikelihood: -670781	(delta): 23078.6
5 (QN/Block) 	Elapsed: 0.217	Loglikelihood: -658504	(delta): 12276.5
6 (QN/Block) 	Elapsed: 0.228	Loglikelihood: -654547	(delta): 3956.8
7 (QN/Block) 	Elapsed: 0.217	Loglikelihood: -654050	(delta): 497.315
8 (QN/Block) 	Elapsed: 0.252	Loglikelihood: -653987	(delta): 62.7571
9 (QN/Block) 	Elapsed: 0.252	Loglikelihood: -653964	(delta): 23.0031
10 (QN/Block) 	Elapsed: 0.252	Loglikelihood: -653955	(delta): 9.1316
11 (QN/Block) 	Elapsed: 0.216	Loglikelihood: -653954	(delta): 1.11122
12 (QN/Block) 	Elapsed: 0.252	Loglikelihood: -653954	(delta): 0.017185
13 (QN/Block) 	Elapsed: 0.216	Loglikelihood: -653954	(delta): 0.00621509
14 (QN/Block) 	Elapsed: 0.216	Loglikelihood: -653954	(delta): 0.00678172
15 (QN/Block) 	Elapsed: 0.252	Loglikelihood: -653954	(delta): 0.00186631
16 (QN/Block) 	Elapsed: 0.217	Loglikelihood: -653954	(delta): 0.0014604
17 (QN/Block) 	Elapsed: 0.216	Loglikelihood: -653954	(delta): 0.000230868
18 (QN/Block) 	Elapsed: 0.216	Loglikelihood: -653954	(delta): 0.000685035
19 (QN/Block) 	Elapsed: 0.217	Loglikelihood: -653954	(delta): 0.000656752
20 (QN/Block) 	Elapsed: 0.216	Loglikelihood: -653954	(delta): 0.000760136
21 (QN/Block) 	Elapsed: 0.216	Loglikelihood: -653954	(delta): 0.000974999
22 (QN/Block) 	Elapsed: 0.216	Loglikelihood: -653954	(delta): 0.000328148
23 (QN/Block) 	Elapsed: 0.216	Loglikelihood: -653954	(delta): 3.20484e-05
Summary: 
Converged in 23 iterations (6.009 sec)
Loglikelihood: -653954.120569
Fst divergences between estimated populations: 
	Pop0	Pop1	Pop2	
Pop0	
Pop1	0.290	
Pop2	0.361	0.406	
Pop3	0.368	0.416	0.365	
CV error (K=4): 0.15164
Writing output files.
