****                   ADMIXTURE Version 1.3.0                  ****
****                    Copyright 2008-2015                     ****
****           David Alexander, Suyash Shringarpure,            ****
****                John  Novembre, Ken Lange                   ****
****                                                            ****
****                 Please cite our paper!                     ****
****   Information at www.genetics.ucla.edu/software/admixture  ****

Cross-validation will be performed.  Folds=5.
Random seed: 15429
Point estimation method: Block relaxation algorithm
Convergence acceleration algorithm: QuasiNewton, 3 secant conditions
Point estimation will terminate when objective function delta < 0.0001
Estimation of standard errors disabled; will compute point estimates only.
Size of G: 260x13929
Performing five EM steps to prime main algorithm
1 (EM) 	Elapsed: 0.251	Loglikelihood: -1.0868e+06	(delta): 3.49632e+06
2 (EM) 	Elapsed: 0.251	Loglikelihood: -1.00011e+06	(delta): 86688.9
3 (EM) 	Elapsed: 0.25	Loglikelihood: -987061	(delta): 13051.3
4 (EM) 	Elapsed: 0.252	Loglikelihood: -979413	(delta): 7648.44
5 (EM) 	Elapsed: 0.252	Loglikelihood: -973039	(delta): 6373.82
Initial loglikelihood: -973039
Starting main algorithm
1 (QN/Block) 	Elapsed: 0.683	Loglikelihood: -707235	(delta): 265804
2 (QN/Block) 	Elapsed: 0.676	Loglikelihood: -645068	(delta): 62166.8
3 (QN/Block) 	Elapsed: 0.712	Loglikelihood: -618704	(delta): 26364.1
4 (QN/Block) 	Elapsed: 0.717	Loglikelihood: -601671	(delta): 17033
5 (QN/Block) 	Elapsed: 0.75	Loglikelihood: -591536	(delta): 10135.1
6 (QN/Block) 	Elapsed: 0.768	Loglikelihood: -586755	(delta): 4781.09
7 (QN/Block) 	Elapsed: 0.712	Loglikelihood: -584717	(delta): 2038.27
8 (QN/Block) 	Elapsed: 0.765	Loglikelihood: -583823	(delta): 893.977
9 (QN/Block) 	Elapsed: 0.765	Loglikelihood: -583479	(delta): 343.729
10 (QN/Block) 	Elapsed: 0.708	Loglikelihood: -583323	(delta): 155.604
11 (QN/Block) 	Elapsed: 0.716	Loglikelihood: -583216	(delta): 107.522
12 (QN/Block) 	Elapsed: 0.727	Loglikelihood: -583131	(delta): 84.8666
13 (QN/Block) 	Elapsed: 0.71	Loglikelihood: -583068	(delta): 63.315
14 (QN/Block) 	Elapsed: 0.708	Loglikelihood: -583026	(delta): 41.3177
15 (QN/Block) 	Elapsed: 0.712	Loglikelihood: -582970	(delta): 56.1556
16 (QN/Block) 	Elapsed: 0.709	Loglikelihood: -582926	(delta): 44.3602
17 (QN/Block) 	Elapsed: 0.708	Loglikelihood: -582896	(delta): 30.0783
18 (QN/Block) 	Elapsed: 0.729	Loglikelihood: -582853	(delta): 42.6682
19 (QN/Block) 	Elapsed: 0.769	Loglikelihood: -582833	(delta): 19.8217
20 (QN/Block) 	Elapsed: 0.75	Loglikelihood: -582821	(delta): 12.0055
21 (QN/Block) 	Elapsed: 0.766	Loglikelihood: -582808	(delta): 13.0451
22 (QN/Block) 	Elapsed: 0.746	Loglikelihood: -582798	(delta): 9.82102
23 (QN/Block) 	Elapsed: 0.712	Loglikelihood: -582794	(delta): 4.77392
24 (QN/Block) 	Elapsed: 0.766	Loglikelihood: -582789	(delta): 4.32948
25 (QN/Block) 	Elapsed: 0.769	Loglikelihood: -582782	(delta): 7.28194
26 (QN/Block) 	Elapsed: 0.77	Loglikelihood: -582772	(delta): 9.97159
27 (QN/Block) 	Elapsed: 0.77	Loglikelihood: -582751	(delta): 20.9786
28 (QN/Block) 	Elapsed: 0.767	Loglikelihood: -582735	(delta): 16.5171
29 (QN/Block) 	Elapsed: 0.729	Loglikelihood: -582722	(delta): 12.7238
30 (QN/Block) 	Elapsed: 0.73	Loglikelihood: -582717	(delta): 4.56349
31 (QN/Block) 	Elapsed: 0.746	Loglikelihood: -582716	(delta): 1.50916
32 (QN/Block) 	Elapsed: 0.765	Loglikelihood: -582716	(delta): 0.288983
33 (QN/Block) 	Elapsed: 0.764	Loglikelihood: -582714	(delta): 1.54392
34 (QN/Block) 	Elapsed: 0.769	Loglikelihood: -582710	(delta): 3.47872
35 (QN/Block) 	Elapsed: 0.767	Loglikelihood: -582709	(delta): 1.25726
36 (QN/Block) 	Elapsed: 0.708	Loglikelihood: -582709	(delta): 0.349915
37 (QN/Block) 	Elapsed: 0.766	Loglikelihood: -582709	(delta): 0.0514342
38 (QN/Block) 	Elapsed: 0.71	Loglikelihood: -582709	(delta): 0.232023
39 (QN/Block) 	Elapsed: 0.711	Loglikelihood: -582708	(delta): 0.359398
40 (QN/Block) 	Elapsed: 0.708	Loglikelihood: -582708	(delta): 0.104239
41 (QN/Block) 	Elapsed: 0.71	Loglikelihood: -582708	(delta): 0.0538255
42 (QN/Block) 	Elapsed: 0.71	Loglikelihood: -582708	(delta): 0.0036646
43 (QN/Block) 	Elapsed: 0.711	Loglikelihood: -582708	(delta): 0.00458901
44 (QN/Block) 	Elapsed: 0.713	Loglikelihood: -582708	(delta): 0.00086546
45 (QN/Block) 	Elapsed: 0.709	Loglikelihood: -582708	(delta): 7.08846e-05
Summary: 
Converged in 45 iterations (35.261 sec)
Loglikelihood: -582708.074354
Fst divergences between estimated populations: 
	Pop0	Pop1	Pop2	Pop3	Pop4	Pop5	Pop6	Pop7	Pop8	
Pop0	
Pop1	0.416	
Pop2	0.332	0.427	
Pop3	0.434	0.094	0.444	
Pop4	0.441	0.350	0.449	0.370	
Pop5	0.438	0.347	0.447	0.368	0.044	
Pop6	0.447	0.463	0.460	0.482	0.487	0.483	
Pop7	0.346	0.442	0.355	0.461	0.466	0.463	0.480	
Pop8	0.387	0.399	0.400	0.421	0.428	0.425	0.177	0.410	
Pop9	0.431	0.448	0.442	0.466	0.467	0.463	0.355	0.462	0.279	
CV error (K=10): 0.15154
Writing output files.
