****                   ADMIXTURE Version 1.3.0                  ****
****                    Copyright 2008-2015                     ****
****           David Alexander, Suyash Shringarpure,            ****
****                John  Novembre, Ken Lange                   ****
****                                                            ****
****                 Please cite our paper!                     ****
****   Information at www.genetics.ucla.edu/software/admixture  ****

Cross-validation will be performed.  Folds=5.
Random seed: 12894
Point estimation method: Block relaxation algorithm
Convergence acceleration algorithm: QuasiNewton, 3 secant conditions
Point estimation will terminate when objective function delta < 0.0001
Estimation of standard errors disabled; will compute point estimates only.
Size of G: 260x6978
Performing five EM steps to prime main algorithm
1 (EM) 	Elapsed: 0.042	Loglikelihood: -1.82328e+06	(delta): 1.01849e+06
2 (EM) 	Elapsed: 0.043	Loglikelihood: -1.76759e+06	(delta): 55693.2
3 (EM) 	Elapsed: 0.041	Loglikelihood: -1.74946e+06	(delta): 18131.4
4 (EM) 	Elapsed: 0.041	Loglikelihood: -1.73726e+06	(delta): 12200.4
5 (EM) 	Elapsed: 0.041	Loglikelihood: -1.72633e+06	(delta): 10930
Initial loglikelihood: -1.72633e+06
Starting main algorithm
1 (QN/Block) 	Elapsed: 0.073	Loglikelihood: -1.34706e+06	(delta): 379266
2 (QN/Block) 	Elapsed: 0.073	Loglikelihood: -1.28793e+06	(delta): 59136.7
3 (QN/Block) 	Elapsed: 0.088	Loglikelihood: -1.2626e+06	(delta): 25324
4 (QN/Block) 	Elapsed: 0.089	Loglikelihood: -1.2503e+06	(delta): 12303.8
5 (QN/Block) 	Elapsed: 0.089	Loglikelihood: -1.24636e+06	(delta): 3937.89
6 (QN/Block) 	Elapsed: 0.09	Loglikelihood: -1.2458e+06	(delta): 558.288
7 (QN/Block) 	Elapsed: 0.091	Loglikelihood: -1.24569e+06	(delta): 114.563
8 (QN/Block) 	Elapsed: 0.09	Loglikelihood: -1.24566e+06	(delta): 23.6857
9 (QN/Block) 	Elapsed: 0.105	Loglikelihood: -1.24566e+06	(delta): 4.99655
10 (QN/Block) 	Elapsed: 0.112	Loglikelihood: -1.24566e+06	(delta): 0.101852
11 (QN/Block) 	Elapsed: 0.089	Loglikelihood: -1.24566e+06	(delta): 0.000228781
12 (QN/Block) 	Elapsed: 0.089	Loglikelihood: -1.24566e+06	(delta): 2.67685e-06
Summary: 
Converged in 12 iterations (1.442 sec)
Loglikelihood: -1245658.906149
Fst divergences between estimated populations: 
	Pop0	Pop1	
Pop0	
Pop1	0.369	
Pop2	0.348	0.319	
CV error (K=3): 0.47192
Writing output files.
