****                   ADMIXTURE Version 1.3.0                  ****
****                    Copyright 2008-2015                     ****
****           David Alexander, Suyash Shringarpure,            ****
****                John  Novembre, Ken Lange                   ****
****                                                            ****
****                 Please cite our paper!                     ****
****   Information at www.genetics.ucla.edu/software/admixture  ****

Cross-validation will be performed.  Folds=5.
Random seed: 12894
Point estimation method: Block relaxation algorithm
Convergence acceleration algorithm: QuasiNewton, 3 secant conditions
Point estimation will terminate when objective function delta < 0.0001
Estimation of standard errors disabled; will compute point estimates only.
Size of G: 260x6978
Performing five EM steps to prime main algorithm
1 (EM) 	Elapsed: 0.071	Loglikelihood: -1.81832e+06	(delta): 859403
2 (EM) 	Elapsed: 0.07	Loglikelihood: -1.76426e+06	(delta): 54055.2
3 (EM) 	Elapsed: 0.067	Loglikelihood: -1.7464e+06	(delta): 17866.8
4 (EM) 	Elapsed: 0.066	Loglikelihood: -1.73147e+06	(delta): 14928.7
5 (EM) 	Elapsed: 0.066	Loglikelihood: -1.71468e+06	(delta): 16789.7
Initial loglikelihood: -1.71468e+06
Starting main algorithm
1 (QN/Block) 	Elapsed: 0.133	Loglikelihood: -1.26692e+06	(delta): 447754
2 (QN/Block) 	Elapsed: 0.133	Loglikelihood: -1.14936e+06	(delta): 117567
3 (QN/Block) 	Elapsed: 0.15	Loglikelihood: -1.11076e+06	(delta): 38597.6
4 (QN/Block) 	Elapsed: 0.156	Loglikelihood: -1.08944e+06	(delta): 21323.3
5 (QN/Block) 	Elapsed: 0.148	Loglikelihood: -1.08031e+06	(delta): 9123.07
6 (QN/Block) 	Elapsed: 0.156	Loglikelihood: -1.07931e+06	(delta): 1000.38
7 (QN/Block) 	Elapsed: 0.148	Loglikelihood: -1.07921e+06	(delta): 99.6036
8 (QN/Block) 	Elapsed: 0.156	Loglikelihood: -1.07919e+06	(delta): 26.7919
9 (QN/Block) 	Elapsed: 0.172	Loglikelihood: -1.07918e+06	(delta): 1.24519
10 (QN/Block) 	Elapsed: 0.148	Loglikelihood: -1.07918e+06	(delta): 0.18857
11 (QN/Block) 	Elapsed: 0.172	Loglikelihood: -1.07918e+06	(delta): 0.00309159
12 (QN/Block) 	Elapsed: 0.148	Loglikelihood: -1.07918e+06	(delta): 0.000147498
13 (QN/Block) 	Elapsed: 0.148	Loglikelihood: -1.07918e+06	(delta): 1.01584e-06
Summary: 
Converged in 13 iterations (2.493 sec)
Loglikelihood: -1079184.538832
Fst divergences between estimated populations: 
	Pop0	Pop1	Pop2	Pop3	
Pop0	
Pop1	0.440	
Pop2	0.479	0.442	
Pop3	0.371	0.450	0.495	
Pop4	0.377	0.342	0.233	0.394	
CV error (K=5): 0.38586
Writing output files.
