****                   ADMIXTURE Version 1.3.0                  ****
****                    Copyright 2008-2015                     ****
****           David Alexander, Suyash Shringarpure,            ****
****                John  Novembre, Ken Lange                   ****
****                                                            ****
****                 Please cite our paper!                     ****
****   Information at www.genetics.ucla.edu/software/admixture  ****

Cross-validation will be performed.  Folds=5.
Random seed: 12894
Point estimation method: Block relaxation algorithm
Convergence acceleration algorithm: QuasiNewton, 3 secant conditions
Point estimation will terminate when objective function delta < 0.0001
Estimation of standard errors disabled; will compute point estimates only.
Size of G: 260x6978
Performing five EM steps to prime main algorithm
1 (EM) 	Elapsed: 0.079	Loglikelihood: -1.81968e+06	(delta): 827626
2 (EM) 	Elapsed: 0.078	Loglikelihood: -1.76562e+06	(delta): 54064.5
3 (EM) 	Elapsed: 0.078	Loglikelihood: -1.74964e+06	(delta): 15971.8
4 (EM) 	Elapsed: 0.078	Loglikelihood: -1.73733e+06	(delta): 12316.5
5 (EM) 	Elapsed: 0.078	Loglikelihood: -1.72447e+06	(delta): 12855.7
Initial loglikelihood: -1.72447e+06
Starting main algorithm
1 (QN/Block) 	Elapsed: 0.169	Loglikelihood: -1.27623e+06	(delta): 448241
2 (QN/Block) 	Elapsed: 0.169	Loglikelihood: -1.13803e+06	(delta): 138200
3 (QN/Block) 	Elapsed: 0.187	Loglikelihood: -1.09253e+06	(delta): 45501.4
4 (QN/Block) 	Elapsed: 0.187	Loglikelihood: -1.06979e+06	(delta): 22736.4
5 (QN/Block) 	Elapsed: 0.187	Loglikelihood: -1.06502e+06	(delta): 4773.37
6 (QN/Block) 	Elapsed: 0.196	Loglikelihood: -1.06312e+06	(delta): 1896.48
7 (QN/Block) 	Elapsed: 0.204	Loglikelihood: -1.06135e+06	(delta): 1775.7
8 (QN/Block) 	Elapsed: 0.213	Loglikelihood: -1.06045e+06	(delta): 893.007
9 (QN/Block) 	Elapsed: 0.186	Loglikelihood: -1.06031e+06	(delta): 142.059
10 (QN/Block) 	Elapsed: 0.212	Loglikelihood: -1.0603e+06	(delta): 11.6224
11 (QN/Block) 	Elapsed: 0.186	Loglikelihood: -1.0603e+06	(delta): 2.72111
12 (QN/Block) 	Elapsed: 0.213	Loglikelihood: -1.0603e+06	(delta): 0.130056
13 (QN/Block) 	Elapsed: 0.187	Loglikelihood: -1.0603e+06	(delta): 0.000872175
14 (QN/Block) 	Elapsed: 0.187	Loglikelihood: -1.0603e+06	(delta): 0.000103813
15 (QN/Block) 	Elapsed: 0.187	Loglikelihood: -1.0603e+06	(delta): 1.19924e-05
Summary: 
Converged in 15 iterations (3.478 sec)
Loglikelihood: -1060298.121602
Fst divergences between estimated populations: 
	Pop0	Pop1	Pop2	Pop3	Pop4	
Pop0	
Pop1	0.380	
Pop2	0.447	0.352	
Pop3	0.479	0.236	0.448	
Pop4	0.371	0.397	0.457	0.495	
Pop5	0.368	0.261	0.100	0.365	0.380	
CV error (K=6): 0.38180
Writing output files.
