****                   ADMIXTURE Version 1.3.0                  ****
****                    Copyright 2008-2015                     ****
****           David Alexander, Suyash Shringarpure,            ****
****                John  Novembre, Ken Lange                   ****
****                                                            ****
****                 Please cite our paper!                     ****
****   Information at www.genetics.ucla.edu/software/admixture  ****

Cross-validation will be performed.  Folds=5.
Random seed: 12894
Point estimation method: Block relaxation algorithm
Convergence acceleration algorithm: QuasiNewton, 3 secant conditions
Point estimation will terminate when objective function delta < 0.0001
Estimation of standard errors disabled; will compute point estimates only.
Size of G: 260x6978
Performing five EM steps to prime main algorithm
1 (EM) 	Elapsed: 0.104	Loglikelihood: -1.81391e+06	(delta): 783265
2 (EM) 	Elapsed: 0.103	Loglikelihood: -1.75958e+06	(delta): 54327.7
3 (EM) 	Elapsed: 0.103	Loglikelihood: -1.74343e+06	(delta): 16157.5
4 (EM) 	Elapsed: 0.103	Loglikelihood: -1.72939e+06	(delta): 14037.1
5 (EM) 	Elapsed: 0.103	Loglikelihood: -1.713e+06	(delta): 16387.4
Initial loglikelihood: -1.713e+06
Starting main algorithm
1 (QN/Block) 	Elapsed: 0.257	Loglikelihood: -1.19056e+06	(delta): 522446
2 (QN/Block) 	Elapsed: 0.259	Loglikelihood: -1.10478e+06	(delta): 85776.4
3 (QN/Block) 	Elapsed: 0.28	Loglikelihood: -1.08074e+06	(delta): 24044.7
4 (QN/Block) 	Elapsed: 0.289	Loglikelihood: -1.06544e+06	(delta): 15296.7
5 (QN/Block) 	Elapsed: 0.278	Loglikelihood: -1.05886e+06	(delta): 6574.61
6 (QN/Block) 	Elapsed: 0.277	Loglikelihood: -1.05632e+06	(delta): 2545.82
7 (QN/Block) 	Elapsed: 0.287	Loglikelihood: -1.0538e+06	(delta): 2516.74
8 (QN/Block) 	Elapsed: 0.276	Loglikelihood: -1.05309e+06	(delta): 712.108
9 (QN/Block) 	Elapsed: 0.276	Loglikelihood: -1.05276e+06	(delta): 327.004
10 (QN/Block) 	Elapsed: 0.276	Loglikelihood: -1.05253e+06	(delta): 233.86
11 (QN/Block) 	Elapsed: 0.277	Loglikelihood: -1.05241e+06	(delta): 122.09
12 (QN/Block) 	Elapsed: 0.277	Loglikelihood: -1.05232e+06	(delta): 84.378
13 (QN/Block) 	Elapsed: 0.276	Loglikelihood: -1.05224e+06	(delta): 82.7448
14 (QN/Block) 	Elapsed: 0.275	Loglikelihood: -1.05218e+06	(delta): 55.1467
15 (QN/Block) 	Elapsed: 0.277	Loglikelihood: -1.05214e+06	(delta): 43.3032
16 (QN/Block) 	Elapsed: 0.276	Loglikelihood: -1.05211e+06	(delta): 29.4588
17 (QN/Block) 	Elapsed: 0.297	Loglikelihood: -1.05208e+06	(delta): 31.5387
18 (QN/Block) 	Elapsed: 0.296	Loglikelihood: -1.05204e+06	(delta): 41.869
19 (QN/Block) 	Elapsed: 0.307	Loglikelihood: -1.05202e+06	(delta): 18.8374
20 (QN/Block) 	Elapsed: 0.297	Loglikelihood: -1.05201e+06	(delta): 13.7195
21 (QN/Block) 	Elapsed: 0.306	Loglikelihood: -1.052e+06	(delta): 7.24331
22 (QN/Block) 	Elapsed: 0.306	Loglikelihood: -1.05199e+06	(delta): 3.86234
23 (QN/Block) 	Elapsed: 0.307	Loglikelihood: -1.05199e+06	(delta): 2.86844
24 (QN/Block) 	Elapsed: 0.297	Loglikelihood: -1.05199e+06	(delta): 2.41344
25 (QN/Block) 	Elapsed: 0.306	Loglikelihood: -1.05199e+06	(delta): 1.86009
26 (QN/Block) 	Elapsed: 0.276	Loglikelihood: -1.05199e+06	(delta): 2.42339
27 (QN/Block) 	Elapsed: 0.277	Loglikelihood: -1.05199e+06	(delta): 0.0195523
28 (QN/Block) 	Elapsed: 0.307	Loglikelihood: -1.05198e+06	(delta): 2.12721
29 (QN/Block) 	Elapsed: 0.307	Loglikelihood: -1.05198e+06	(delta): 0.813593
30 (QN/Block) 	Elapsed: 0.276	Loglikelihood: -1.05198e+06	(delta): 0.224048
31 (QN/Block) 	Elapsed: 0.277	Loglikelihood: -1.05198e+06	(delta): 0.0587446
32 (QN/Block) 	Elapsed: 0.277	Loglikelihood: -1.05198e+06	(delta): 0.0134093
33 (QN/Block) 	Elapsed: 0.276	Loglikelihood: -1.05198e+06	(delta): 0.00130618
34 (QN/Block) 	Elapsed: 0.276	Loglikelihood: -1.05198e+06	(delta): 6.95717e-05
Summary: 
Converged in 34 iterations (10.647 sec)
Loglikelihood: -1051981.983894
Fst divergences between estimated populations: 
	Pop0	Pop1	Pop2	Pop3	Pop4	Pop5	Pop6	
Pop0	
Pop1	0.424	
Pop2	0.485	0.330	
Pop3	0.100	0.501	0.565	
Pop4	0.365	0.535	0.591	0.448	
Pop5	0.261	0.433	0.490	0.352	0.236	
Pop6	0.380	0.430	0.509	0.457	0.495	0.397	
Pop7	0.368	0.141	0.266	0.448	0.480	0.382	0.374	
CV error (K=8): 0.38832
Writing output files.
