****                   ADMIXTURE Version 1.3.0                  ****
****                    Copyright 2008-2015                     ****
****           David Alexander, Suyash Shringarpure,            ****
****                John  Novembre, Ken Lange                   ****
****                                                            ****
****                 Please cite our paper!                     ****
****   Information at www.genetics.ucla.edu/software/admixture  ****

Cross-validation will be performed.  Folds=5.
Random seed: 12894
Point estimation method: Block relaxation algorithm
Convergence acceleration algorithm: QuasiNewton, 3 secant conditions
Point estimation will terminate when objective function delta < 0.0001
Estimation of standard errors disabled; will compute point estimates only.
Size of G: 260x6978
Performing five EM steps to prime main algorithm
1 (EM) 	Elapsed: 0.137	Loglikelihood: -1.81162e+06	(delta): 756650
2 (EM) 	Elapsed: 0.137	Loglikelihood: -1.75787e+06	(delta): 53750
3 (EM) 	Elapsed: 0.136	Loglikelihood: -1.74426e+06	(delta): 13605.8
4 (EM) 	Elapsed: 0.136	Loglikelihood: -1.73344e+06	(delta): 10819.6
5 (EM) 	Elapsed: 0.135	Loglikelihood: -1.72146e+06	(delta): 11983.3
Initial loglikelihood: -1.72146e+06
Starting main algorithm
1 (QN/Block) 	Elapsed: 0.371	Loglikelihood: -1.16605e+06	(delta): 555407
2 (QN/Block) 	Elapsed: 0.37	Loglikelihood: -1.08921e+06	(delta): 76836.2
3 (QN/Block) 	Elapsed: 0.393	Loglikelihood: -1.06132e+06	(delta): 27897.9
4 (QN/Block) 	Elapsed: 0.392	Loglikelihood: -1.03839e+06	(delta): 22924.2
5 (QN/Block) 	Elapsed: 0.425	Loglikelihood: -1.02968e+06	(delta): 8707.53
6 (QN/Block) 	Elapsed: 0.391	Loglikelihood: -1.0267e+06	(delta): 2983.76
7 (QN/Block) 	Elapsed: 0.389	Loglikelihood: -1.02471e+06	(delta): 1990.22
8 (QN/Block) 	Elapsed: 0.389	Loglikelihood: -1.02356e+06	(delta): 1148.27
9 (QN/Block) 	Elapsed: 0.401	Loglikelihood: -1.02248e+06	(delta): 1083.86
10 (QN/Block) 	Elapsed: 0.388	Loglikelihood: -1.02151e+06	(delta): 966.882
11 (QN/Block) 	Elapsed: 0.388	Loglikelihood: -1.02096e+06	(delta): 551.547
12 (QN/Block) 	Elapsed: 0.387	Loglikelihood: -1.0206e+06	(delta): 362.04
13 (QN/Block) 	Elapsed: 0.389	Loglikelihood: -1.02026e+06	(delta): 336.92
14 (QN/Block) 	Elapsed: 0.387	Loglikelihood: -1.0201e+06	(delta): 161.921
15 (QN/Block) 	Elapsed: 0.389	Loglikelihood: -1.01998e+06	(delta): 115.141
16 (QN/Block) 	Elapsed: 0.388	Loglikelihood: -1.01988e+06	(delta): 101.213
17 (QN/Block) 	Elapsed: 0.389	Loglikelihood: -1.01977e+06	(delta): 116.104
18 (QN/Block) 	Elapsed: 0.388	Loglikelihood: -1.0197e+06	(delta): 66.7491
19 (QN/Block) 	Elapsed: 0.387	Loglikelihood: -1.01965e+06	(delta): 46.3786
20 (QN/Block) 	Elapsed: 0.388	Loglikelihood: -1.01963e+06	(delta): 19.425
21 (QN/Block) 	Elapsed: 0.388	Loglikelihood: -1.01963e+06	(delta): 6.79674
22 (QN/Block) 	Elapsed: 0.387	Loglikelihood: -1.01962e+06	(delta): 8.27246
23 (QN/Block) 	Elapsed: 0.398	Loglikelihood: -1.01961e+06	(delta): 5.23791
24 (QN/Block) 	Elapsed: 0.387	Loglikelihood: -1.01961e+06	(delta): 1.82981
25 (QN/Block) 	Elapsed: 0.387	Loglikelihood: -1.01961e+06	(delta): 1.17269
26 (QN/Block) 	Elapsed: 0.388	Loglikelihood: -1.01961e+06	(delta): 0.73851
27 (QN/Block) 	Elapsed: 0.387	Loglikelihood: -1.01961e+06	(delta): 0.64018
28 (QN/Block) 	Elapsed: 0.388	Loglikelihood: -1.01961e+06	(delta): 0.225213
29 (QN/Block) 	Elapsed: 0.397	Loglikelihood: -1.01961e+06	(delta): 0.124418
30 (QN/Block) 	Elapsed: 0.398	Loglikelihood: -1.01961e+06	(delta): 0.0174248
31 (QN/Block) 	Elapsed: 0.387	Loglikelihood: -1.01961e+06	(delta): 0.00613818
32 (QN/Block) 	Elapsed: 0.387	Loglikelihood: -1.01961e+06	(delta): 0.00193532
33 (QN/Block) 	Elapsed: 0.387	Loglikelihood: -1.01961e+06	(delta): 0.000807666
34 (QN/Block) 	Elapsed: 0.389	Loglikelihood: -1.01961e+06	(delta): 0.000291529
35 (QN/Block) 	Elapsed: 0.387	Loglikelihood: -1.01961e+06	(delta): 3.68754e-05
Summary: 
Converged in 35 iterations (14.827 sec)
Loglikelihood: -1019609.481492
Fst divergences between estimated populations: 
	Pop0	Pop1	Pop2	Pop3	Pop4	Pop5	Pop6	Pop7	Pop8	
Pop0	
Pop1	0.418	
Pop2	0.432	0.373	
Pop3	0.452	0.109	0.412	
Pop4	0.297	0.367	0.380	0.408	
Pop5	0.276	0.480	0.496	0.517	0.365	
Pop6	0.385	0.446	0.457	0.485	0.105	0.448	
Pop7	0.436	0.494	0.506	0.534	0.184	0.499	0.144	
Pop8	0.135	0.381	0.398	0.417	0.259	0.236	0.350	0.400	
Pop9	0.450	0.511	0.518	0.548	0.185	0.512	0.144	0.231	0.414	
CV error (K=10): 0.37939
Writing output files.
