****                   ADMIXTURE Version 1.3.0                  ****
****                    Copyright 2008-2015                     ****
****           David Alexander, Suyash Shringarpure,            ****
****                John  Novembre, Ken Lange                   ****
****                                                            ****
****                 Please cite our paper!                     ****
****   Information at www.genetics.ucla.edu/software/admixture  ****

Cross-validation will be performed.  Folds=5.
Random seed: 12894
Point estimation method: Block relaxation algorithm
Convergence acceleration algorithm: QuasiNewton, 3 secant conditions
Point estimation will terminate when objective function delta < 0.0001
Estimation of standard errors disabled; will compute point estimates only.
Size of G: 260x6978
Performing five EM steps to prime main algorithm
1 (EM) 	Elapsed: 0.055	Loglikelihood: -1.8236e+06	(delta): 924027
2 (EM) 	Elapsed: 0.053	Loglikelihood: -1.76843e+06	(delta): 55165.8
3 (EM) 	Elapsed: 0.053	Loglikelihood: -1.7501e+06	(delta): 18333.9
4 (EM) 	Elapsed: 0.053	Loglikelihood: -1.73649e+06	(delta): 13608.2
5 (EM) 	Elapsed: 0.053	Loglikelihood: -1.72325e+06	(delta): 13245.6
Initial loglikelihood: -1.72325e+06
Starting main algorithm
1 (QN/Block) 	Elapsed: 0.104	Loglikelihood: -1.29408e+06	(delta): 429162
2 (QN/Block) 	Elapsed: 0.106	Loglikelihood: -1.19285e+06	(delta): 101231
3 (QN/Block) 	Elapsed: 0.122	Loglikelihood: -1.15754e+06	(delta): 35310.8
4 (QN/Block) 	Elapsed: 0.121	Loglikelihood: -1.13897e+06	(delta): 18567.5
5 (QN/Block) 	Elapsed: 0.136	Loglikelihood: -1.13364e+06	(delta): 5338.19
6 (QN/Block) 	Elapsed: 0.118	Loglikelihood: -1.13308e+06	(delta): 553.258
7 (QN/Block) 	Elapsed: 0.117	Loglikelihood: -1.13302e+06	(delta): 65.3387
8 (QN/Block) 	Elapsed: 0.118	Loglikelihood: -1.13301e+06	(delta): 9.28041
9 (QN/Block) 	Elapsed: 0.117	Loglikelihood: -1.13301e+06	(delta): 1.01304
10 (QN/Block) 	Elapsed: 0.133	Loglikelihood: -1.13301e+06	(delta): 0.0385165
11 (QN/Block) 	Elapsed: 0.125	Loglikelihood: -1.13301e+06	(delta): 0.0109928
12 (QN/Block) 	Elapsed: 0.117	Loglikelihood: -1.13301e+06	(delta): 0.00732602
13 (QN/Block) 	Elapsed: 0.117	Loglikelihood: -1.13301e+06	(delta): 0.000867061
14 (QN/Block) 	Elapsed: 0.117	Loglikelihood: -1.13301e+06	(delta): 2.22039e-05
Summary: 
Converged in 14 iterations (2.118 sec)
Loglikelihood: -1133007.202194
Fst divergences between estimated populations: 
	Pop0	Pop1	Pop2	
Pop0	
Pop1	0.371	
Pop2	0.383	0.401	
Pop3	0.440	0.450	0.348	
CV error (K=4): 0.41144
Writing output files.
