****                   ADMIXTURE Version 1.3.0                  ****
****                    Copyright 2008-2015                     ****
****           David Alexander, Suyash Shringarpure,            ****
****                John  Novembre, Ken Lange                   ****
****                                                            ****
****                 Please cite our paper!                     ****
****   Information at www.genetics.ucla.edu/software/admixture  ****

Cross-validation will be performed.  Folds=5.
Random seed: 12894
Point estimation method: Block relaxation algorithm
Convergence acceleration algorithm: QuasiNewton, 3 secant conditions
Point estimation will terminate when objective function delta < 0.0001
Estimation of standard errors disabled; will compute point estimates only.
Size of G: 260x6978
Performing five EM steps to prime main algorithm
1 (EM) 	Elapsed: 0.092	Loglikelihood: -1.81691e+06	(delta): 793753
2 (EM) 	Elapsed: 0.091	Loglikelihood: -1.76445e+06	(delta): 52459.9
3 (EM) 	Elapsed: 0.091	Loglikelihood: -1.75068e+06	(delta): 13776.4
4 (EM) 	Elapsed: 0.091	Loglikelihood: -1.74089e+06	(delta): 9785.38
5 (EM) 	Elapsed: 0.091	Loglikelihood: -1.73159e+06	(delta): 9297.47
Initial loglikelihood: -1.73159e+06
Starting main algorithm
1 (QN/Block) 	Elapsed: 0.211	Loglikelihood: -1.18341e+06	(delta): 548181
2 (QN/Block) 	Elapsed: 0.213	Loglikelihood: -1.11161e+06	(delta): 71798.6
3 (QN/Block) 	Elapsed: 0.233	Loglikelihood: -1.08624e+06	(delta): 25375.6
4 (QN/Block) 	Elapsed: 0.233	Loglikelihood: -1.06799e+06	(delta): 18253
5 (QN/Block) 	Elapsed: 0.23	Loglikelihood: -1.06198e+06	(delta): 6006.2
6 (QN/Block) 	Elapsed: 0.229	Loglikelihood: -1.05856e+06	(delta): 3418.51
7 (QN/Block) 	Elapsed: 0.229	Loglikelihood: -1.05743e+06	(delta): 1128.67
8 (QN/Block) 	Elapsed: 0.229	Loglikelihood: -1.05683e+06	(delta): 602.819
9 (QN/Block) 	Elapsed: 0.229	Loglikelihood: -1.05654e+06	(delta): 289.304
10 (QN/Block) 	Elapsed: 0.238	Loglikelihood: -1.05638e+06	(delta): 164.359
11 (QN/Block) 	Elapsed: 0.229	Loglikelihood: -1.05626e+06	(delta): 116
12 (QN/Block) 	Elapsed: 0.238	Loglikelihood: -1.05621e+06	(delta): 53.6802
13 (QN/Block) 	Elapsed: 0.247	Loglikelihood: -1.05612e+06	(delta): 87.5401
14 (QN/Block) 	Elapsed: 0.257	Loglikelihood: -1.05609e+06	(delta): 26.5553
15 (QN/Block) 	Elapsed: 0.228	Loglikelihood: -1.05607e+06	(delta): 26.2052
16 (QN/Block) 	Elapsed: 0.228	Loglikelihood: -1.05604e+06	(delta): 22.0791
17 (QN/Block) 	Elapsed: 0.238	Loglikelihood: -1.05601e+06	(delta): 30.5242
18 (QN/Block) 	Elapsed: 0.247	Loglikelihood: -1.056e+06	(delta): 13.1832
19 (QN/Block) 	Elapsed: 0.238	Loglikelihood: -1.056e+06	(delta): 4.41318
20 (QN/Block) 	Elapsed: 0.257	Loglikelihood: -1.05599e+06	(delta): 2.12424
21 (QN/Block) 	Elapsed: 0.247	Loglikelihood: -1.05599e+06	(delta): 0.435757
22 (QN/Block) 	Elapsed: 0.256	Loglikelihood: -1.05599e+06	(delta): 0.453386
23 (QN/Block) 	Elapsed: 0.257	Loglikelihood: -1.05599e+06	(delta): 0.0630654
24 (QN/Block) 	Elapsed: 0.228	Loglikelihood: -1.05599e+06	(delta): 0.0182375
25 (QN/Block) 	Elapsed: 0.229	Loglikelihood: -1.05599e+06	(delta): 0.00536565
26 (QN/Block) 	Elapsed: 0.228	Loglikelihood: -1.05599e+06	(delta): 0.00150289
27 (QN/Block) 	Elapsed: 0.228	Loglikelihood: -1.05599e+06	(delta): 0.000117827
28 (QN/Block) 	Elapsed: 0.228	Loglikelihood: -1.05599e+06	(delta): 1.20446e-05
Summary: 
Converged in 28 iterations (7.4 sec)
Loglikelihood: -1055992.576583
Fst divergences between estimated populations: 
	Pop0	Pop1	Pop2	Pop3	Pop4	Pop5	
Pop0	
Pop1	0.408	
Pop2	0.100	0.486	
Pop3	0.380	0.412	0.457	
Pop4	0.261	0.416	0.352	0.397	
Pop5	0.365	0.517	0.448	0.495	0.236	
Pop6	0.367	0.109	0.447	0.373	0.381	0.480	
CV error (K=7): 0.38415
Writing output files.
