****                   ADMIXTURE Version 1.3.0                  ****
****                    Copyright 2008-2015                     ****
****           David Alexander, Suyash Shringarpure,            ****
****                John  Novembre, Ken Lange                   ****
****                                                            ****
****                 Please cite our paper!                     ****
****   Information at www.genetics.ucla.edu/software/admixture  ****

Cross-validation will be performed.  Folds=5.
Random seed: 12894
Point estimation method: Block relaxation algorithm
Convergence acceleration algorithm: QuasiNewton, 3 secant conditions
Point estimation will terminate when objective function delta < 0.0001
Estimation of standard errors disabled; will compute point estimates only.
Size of G: 260x6978
Performing five EM steps to prime main algorithm
1 (EM) 	Elapsed: 0.029	Loglikelihood: -1.80819e+06	(delta): 1.20737e+06
2 (EM) 	Elapsed: 0.027	Loglikelihood: -1.75827e+06	(delta): 49920.1
3 (EM) 	Elapsed: 0.028	Loglikelihood: -1.74425e+06	(delta): 14013.6
4 (EM) 	Elapsed: 0.027	Loglikelihood: -1.73729e+06	(delta): 6966.04
5 (EM) 	Elapsed: 0.027	Loglikelihood: -1.73338e+06	(delta): 3906.36
Initial loglikelihood: -1.73338e+06
Starting main algorithm
1 (QN/Block) 	Elapsed: 0.047	Loglikelihood: -1.62685e+06	(delta): 106526
2 (QN/Block) 	Elapsed: 0.047	Loglikelihood: -1.58625e+06	(delta): 40601.6
3 (QN/Block) 	Elapsed: 0.061	Loglikelihood: -1.54957e+06	(delta): 36682.8
4 (QN/Block) 	Elapsed: 0.082	Loglikelihood: -1.53341e+06	(delta): 16159.1
5 (QN/Block) 	Elapsed: 0.082	Loglikelihood: -1.51235e+06	(delta): 21063.8
6 (QN/Block) 	Elapsed: 0.082	Loglikelihood: -1.48593e+06	(delta): 26416.7
7 (QN/Block) 	Elapsed: 0.082	Loglikelihood: -1.47795e+06	(delta): 7981.8
8 (QN/Block) 	Elapsed: 0.068	Loglikelihood: -1.47652e+06	(delta): 1428.26
9 (QN/Block) 	Elapsed: 0.074	Loglikelihood: -1.47622e+06	(delta): 295.964
10 (QN/Block) 	Elapsed: 0.081	Loglikelihood: -1.47616e+06	(delta): 64.9878
11 (QN/Block) 	Elapsed: 0.061	Loglikelihood: -1.47614e+06	(delta): 18.1204
12 (QN/Block) 	Elapsed: 0.061	Loglikelihood: -1.47614e+06	(delta): 3.63229
13 (QN/Block) 	Elapsed: 0.061	Loglikelihood: -1.47614e+06	(delta): 0.465475
14 (QN/Block) 	Elapsed: 0.061	Loglikelihood: -1.47614e+06	(delta): 0.0184266
15 (QN/Block) 	Elapsed: 0.061	Loglikelihood: -1.47614e+06	(delta): 0.00264927
16 (QN/Block) 	Elapsed: 0.061	Loglikelihood: -1.47614e+06	(delta): 3.77649e-05
Summary: 
Converged in 16 iterations (1.385 sec)
Loglikelihood: -1476136.898781
Fst divergences between estimated populations: 
	Pop0	
Pop0	
Pop1	0.306	
CV error (K=2): 0.59882
Writing output files.
