****                   ADMIXTURE Version 1.3.0                  ****
****                    Copyright 2008-2015                     ****
****           David Alexander, Suyash Shringarpure,            ****
****                John  Novembre, Ken Lange                   ****
****                                                            ****
****                 Please cite our paper!                     ****
****   Information at www.genetics.ucla.edu/software/admixture  ****

Cross-validation will be performed.  Folds=5.
Random seed: 27977
Point estimation method: Block relaxation algorithm
Convergence acceleration algorithm: QuasiNewton, 3 secant conditions
Point estimation will terminate when objective function delta < 0.0001
Estimation of standard errors disabled; will compute point estimates only.
Size of G: 260x6978
Performing five EM steps to prime main algorithm
1 (EM) 	Elapsed: 0.092	Loglikelihood: -1.8178e+06	(delta): 810899
2 (EM) 	Elapsed: 0.091	Loglikelihood: -1.7645e+06	(delta): 53308.7
3 (EM) 	Elapsed: 0.091	Loglikelihood: -1.74926e+06	(delta): 15234.4
4 (EM) 	Elapsed: 0.091	Loglikelihood: -1.73715e+06	(delta): 12109.5
5 (EM) 	Elapsed: 0.091	Loglikelihood: -1.72402e+06	(delta): 13127.6
Initial loglikelihood: -1.72402e+06
Starting main algorithm
1 (QN/Block) 	Elapsed: 0.211	Loglikelihood: -1.20914e+06	(delta): 514886
2 (QN/Block) 	Elapsed: 0.212	Loglikelihood: -1.12595e+06	(delta): 83189.7
3 (QN/Block) 	Elapsed: 0.232	Loglikelihood: -1.08586e+06	(delta): 40087.2
4 (QN/Block) 	Elapsed: 0.232	Loglikelihood: -1.05622e+06	(delta): 29644.8
5 (QN/Block) 	Elapsed: 0.24	Loglikelihood: -1.04621e+06	(delta): 10005.9
6 (QN/Block) 	Elapsed: 0.238	Loglikelihood: -1.04304e+06	(delta): 3171.32
7 (QN/Block) 	Elapsed: 0.237	Loglikelihood: -1.04248e+06	(delta): 556.577
8 (QN/Block) 	Elapsed: 0.237	Loglikelihood: -1.04238e+06	(delta): 105.377
9 (QN/Block) 	Elapsed: 0.228	Loglikelihood: -1.04237e+06	(delta): 9.12484
10 (QN/Block) 	Elapsed: 0.257	Loglikelihood: -1.04237e+06	(delta): 0.910976
11 (QN/Block) 	Elapsed: 0.228	Loglikelihood: -1.04237e+06	(delta): 0.0391562
12 (QN/Block) 	Elapsed: 0.228	Loglikelihood: -1.04237e+06	(delta): 0.00877697
13 (QN/Block) 	Elapsed: 0.227	Loglikelihood: -1.04237e+06	(delta): 0.00117748
14 (QN/Block) 	Elapsed: 0.228	Loglikelihood: -1.04237e+06	(delta): 8.86504e-05
Summary: 
Converged in 14 iterations (3.912 sec)
Loglikelihood: -1042367.147813
Fst divergences between estimated populations: 
	Pop0	Pop1	Pop2	Pop3	Pop4	Pop5	
Pop0	
Pop1	0.371	
Pop2	0.447	0.457	
Pop3	0.479	0.496	0.449	
Pop4	0.417	0.432	0.386	0.276	
Pop5	0.368	0.380	0.100	0.365	0.298	
Pop6	0.380	0.398	0.351	0.236	0.135	0.259	
CV error (K=7): 0.37811
Writing output files.
