****                   ADMIXTURE Version 1.3.0                  ****
****                    Copyright 2008-2015                     ****
****           David Alexander, Suyash Shringarpure,            ****
****                John  Novembre, Ken Lange                   ****
****                                                            ****
****                 Please cite our paper!                     ****
****   Information at www.genetics.ucla.edu/software/admixture  ****

Cross-validation will be performed.  Folds=5.
Random seed: 27977
Point estimation method: Block relaxation algorithm
Convergence acceleration algorithm: QuasiNewton, 3 secant conditions
Point estimation will terminate when objective function delta < 0.0001
Estimation of standard errors disabled; will compute point estimates only.
Size of G: 260x6978
Performing five EM steps to prime main algorithm
1 (EM) 	Elapsed: 0.068	Loglikelihood: -1.82169e+06	(delta): 875088
2 (EM) 	Elapsed: 0.066	Loglikelihood: -1.76689e+06	(delta): 54795.9
3 (EM) 	Elapsed: 0.066	Loglikelihood: -1.74944e+06	(delta): 17445.4
4 (EM) 	Elapsed: 0.066	Loglikelihood: -1.73574e+06	(delta): 13705.2
5 (EM) 	Elapsed: 0.066	Loglikelihood: -1.72143e+06	(delta): 14305.4
Initial loglikelihood: -1.72143e+06
Starting main algorithm
1 (QN/Block) 	Elapsed: 0.132	Loglikelihood: -1.23135e+06	(delta): 490085
2 (QN/Block) 	Elapsed: 0.133	Loglikelihood: -1.14327e+06	(delta): 88079
3 (QN/Block) 	Elapsed: 0.148	Loglikelihood: -1.10496e+06	(delta): 38309.5
4 (QN/Block) 	Elapsed: 0.148	Loglikelihood: -1.08515e+06	(delta): 19807.9
5 (QN/Block) 	Elapsed: 0.173	Loglikelihood: -1.08033e+06	(delta): 4820.51
6 (QN/Block) 	Elapsed: 0.148	Loglikelihood: -1.07952e+06	(delta): 813.248
7 (QN/Block) 	Elapsed: 0.148	Loglikelihood: -1.07925e+06	(delta): 264.647
8 (QN/Block) 	Elapsed: 0.164	Loglikelihood: -1.0792e+06	(delta): 57.1161
9 (QN/Block) 	Elapsed: 0.156	Loglikelihood: -1.07919e+06	(delta): 11.7872
10 (QN/Block) 	Elapsed: 0.164	Loglikelihood: -1.07918e+06	(delta): 0.874601
11 (QN/Block) 	Elapsed: 0.147	Loglikelihood: -1.07918e+06	(delta): 0.0602703
12 (QN/Block) 	Elapsed: 0.172	Loglikelihood: -1.07918e+06	(delta): 0.00201075
13 (QN/Block) 	Elapsed: 0.148	Loglikelihood: -1.07918e+06	(delta): 0.000512212
14 (QN/Block) 	Elapsed: 0.148	Loglikelihood: -1.07918e+06	(delta): 6.28922e-06
Summary: 
Converged in 14 iterations (2.654 sec)
Loglikelihood: -1079184.151189
Fst divergences between estimated populations: 
	Pop0	Pop1	Pop2	Pop3	
Pop0	
Pop1	0.442	
Pop2	0.233	0.342	
Pop3	0.479	0.440	0.377	
Pop4	0.495	0.450	0.394	0.371	
CV error (K=5): 0.38531
Writing output files.
