****                   ADMIXTURE Version 1.3.0                  ****
****                    Copyright 2008-2015                     ****
****           David Alexander, Suyash Shringarpure,            ****
****                John  Novembre, Ken Lange                   ****
****                                                            ****
****                 Please cite our paper!                     ****
****   Information at www.genetics.ucla.edu/software/admixture  ****

Cross-validation will be performed.  Folds=5.
Random seed: 27977
Point estimation method: Block relaxation algorithm
Convergence acceleration algorithm: QuasiNewton, 3 secant conditions
Point estimation will terminate when objective function delta < 0.0001
Estimation of standard errors disabled; will compute point estimates only.
Size of G: 260x6978
Performing five EM steps to prime main algorithm
1 (EM) 	Elapsed: 0.053	Loglikelihood: -1.82154e+06	(delta): 928725
2 (EM) 	Elapsed: 0.053	Loglikelihood: -1.76703e+06	(delta): 54504.8
3 (EM) 	Elapsed: 0.053	Loglikelihood: -1.7498e+06	(delta): 17230.9
4 (EM) 	Elapsed: 0.053	Loglikelihood: -1.73789e+06	(delta): 11913.1
5 (EM) 	Elapsed: 0.053	Loglikelihood: -1.72768e+06	(delta): 10210.3
Initial loglikelihood: -1.72768e+06
Starting main algorithm
1 (QN/Block) 	Elapsed: 0.104	Loglikelihood: -1.38821e+06	(delta): 339473
2 (QN/Block) 	Elapsed: 0.106	Loglikelihood: -1.30297e+06	(delta): 85237.8
3 (QN/Block) 	Elapsed: 0.122	Loglikelihood: -1.26333e+06	(delta): 39640.7
4 (QN/Block) 	Elapsed: 0.129	Loglikelihood: -1.19394e+06	(delta): 69387.1
5 (QN/Block) 	Elapsed: 0.118	Loglikelihood: -1.15042e+06	(delta): 43516.6
6 (QN/Block) 	Elapsed: 0.117	Loglikelihood: -1.13907e+06	(delta): 11355.7
7 (QN/Block) 	Elapsed: 0.117	Loglikelihood: -1.1345e+06	(delta): 4569.84
8 (QN/Block) 	Elapsed: 0.125	Loglikelihood: -1.13348e+06	(delta): 1021.56
9 (QN/Block) 	Elapsed: 0.117	Loglikelihood: -1.13324e+06	(delta): 238.647
10 (QN/Block) 	Elapsed: 0.117	Loglikelihood: -1.13308e+06	(delta): 158.089
11 (QN/Block) 	Elapsed: 0.117	Loglikelihood: -1.13302e+06	(delta): 58.4125
12 (QN/Block) 	Elapsed: 0.133	Loglikelihood: -1.13301e+06	(delta): 15.336
13 (QN/Block) 	Elapsed: 0.141	Loglikelihood: -1.13301e+06	(delta): 0.0983583
14 (QN/Block) 	Elapsed: 0.117	Loglikelihood: -1.13301e+06	(delta): 0.000965467
15 (QN/Block) 	Elapsed: 0.117	Loglikelihood: -1.13301e+06	(delta): 5.55913e-05
Summary: 
Converged in 15 iterations (2.255 sec)
Loglikelihood: -1133007.218135
Fst divergences between estimated populations: 
	Pop0	Pop1	Pop2	
Pop0	
Pop1	0.383	
Pop2	0.440	0.348	
Pop3	0.371	0.401	0.450	
CV error (K=4): 0.41131
Writing output files.
