****                   ADMIXTURE Version 1.3.0                  ****
****                    Copyright 2008-2015                     ****
****           David Alexander, Suyash Shringarpure,            ****
****                John  Novembre, Ken Lange                   ****
****                                                            ****
****                 Please cite our paper!                     ****
****   Information at www.genetics.ucla.edu/software/admixture  ****

Cross-validation will be performed.  Folds=5.
Random seed: 27977
Point estimation method: Block relaxation algorithm
Convergence acceleration algorithm: QuasiNewton, 3 secant conditions
Point estimation will terminate when objective function delta < 0.0001
Estimation of standard errors disabled; will compute point estimates only.
Size of G: 260x6978
Performing five EM steps to prime main algorithm
1 (EM) 	Elapsed: 0.044	Loglikelihood: -1.81996e+06	(delta): 1.02045e+06
2 (EM) 	Elapsed: 0.044	Loglikelihood: -1.76478e+06	(delta): 55179.8
3 (EM) 	Elapsed: 0.042	Loglikelihood: -1.74575e+06	(delta): 19036.8
4 (EM) 	Elapsed: 0.042	Loglikelihood: -1.73281e+06	(delta): 12935.1
5 (EM) 	Elapsed: 0.042	Loglikelihood: -1.72156e+06	(delta): 11249.3
Initial loglikelihood: -1.72156e+06
Starting main algorithm
1 (QN/Block) 	Elapsed: 0.073	Loglikelihood: -1.37577e+06	(delta): 345794
2 (QN/Block) 	Elapsed: 0.073	Loglikelihood: -1.29732e+06	(delta): 78451.3
3 (QN/Block) 	Elapsed: 0.089	Loglikelihood: -1.26741e+06	(delta): 29909.7
4 (QN/Block) 	Elapsed: 0.089	Loglikelihood: -1.24981e+06	(delta): 17591.9
5 (QN/Block) 	Elapsed: 0.103	Loglikelihood: -1.24644e+06	(delta): 3378.12
6 (QN/Block) 	Elapsed: 0.09	Loglikelihood: -1.24588e+06	(delta): 560.204
7 (QN/Block) 	Elapsed: 0.091	Loglikelihood: -1.2457e+06	(delta): 173.443
8 (QN/Block) 	Elapsed: 0.09	Loglikelihood: -1.24568e+06	(delta): 26.3626
9 (QN/Block) 	Elapsed: 0.112	Loglikelihood: -1.24566e+06	(delta): 14.2601
10 (QN/Block) 	Elapsed: 0.105	Loglikelihood: -1.24566e+06	(delta): 2.94329
11 (QN/Block) 	Elapsed: 0.09	Loglikelihood: -1.24566e+06	(delta): 0.00253748
12 (QN/Block) 	Elapsed: 0.104	Loglikelihood: -1.24566e+06	(delta): 0.00040618
13 (QN/Block) 	Elapsed: 0.089	Loglikelihood: -1.24566e+06	(delta): 4.76395e-06
Summary: 
Converged in 13 iterations (1.576 sec)
Loglikelihood: -1245658.913667
Fst divergences between estimated populations: 
	Pop0	Pop1	
Pop0	
Pop1	0.369	
Pop2	0.348	0.319	
CV error (K=3): 0.47184
Writing output files.
