****                   ADMIXTURE Version 1.3.0                  ****
****                    Copyright 2008-2015                     ****
****           David Alexander, Suyash Shringarpure,            ****
****                John  Novembre, Ken Lange                   ****
****                                                            ****
****                 Please cite our paper!                     ****
****   Information at www.genetics.ucla.edu/software/admixture  ****

Cross-validation will be performed.  Folds=5.
Random seed: 27977
Point estimation method: Block relaxation algorithm
Convergence acceleration algorithm: QuasiNewton, 3 secant conditions
Point estimation will terminate when objective function delta < 0.0001
Estimation of standard errors disabled; will compute point estimates only.
Size of G: 260x6978
Performing five EM steps to prime main algorithm
1 (EM) 	Elapsed: 0.135	Loglikelihood: -1.80973e+06	(delta): 766966
2 (EM) 	Elapsed: 0.136	Loglikelihood: -1.75498e+06	(delta): 54748.4
3 (EM) 	Elapsed: 0.134	Loglikelihood: -1.73884e+06	(delta): 16138.4
4 (EM) 	Elapsed: 0.134	Loglikelihood: -1.72326e+06	(delta): 15578.9
5 (EM) 	Elapsed: 0.133	Loglikelihood: -1.70312e+06	(delta): 20139.3
Initial loglikelihood: -1.70312e+06
Starting main algorithm
1 (QN/Block) 	Elapsed: 0.367	Loglikelihood: -1.14983e+06	(delta): 553293
2 (QN/Block) 	Elapsed: 0.37	Loglikelihood: -1.07918e+06	(delta): 70653.2
3 (QN/Block) 	Elapsed: 0.406	Loglikelihood: -1.04637e+06	(delta): 32805.5
4 (QN/Block) 	Elapsed: 0.391	Loglikelihood: -1.03174e+06	(delta): 14631
5 (QN/Block) 	Elapsed: 0.413	Loglikelihood: -1.02616e+06	(delta): 5585.01
6 (QN/Block) 	Elapsed: 0.4	Loglikelihood: -1.02426e+06	(delta): 1895.16
7 (QN/Block) 	Elapsed: 0.388	Loglikelihood: -1.02313e+06	(delta): 1135.37
8 (QN/Block) 	Elapsed: 0.387	Loglikelihood: -1.02271e+06	(delta): 420.5
9 (QN/Block) 	Elapsed: 0.388	Loglikelihood: -1.02225e+06	(delta): 455.303
10 (QN/Block) 	Elapsed: 0.387	Loglikelihood: -1.02206e+06	(delta): 194.583
11 (QN/Block) 	Elapsed: 0.388	Loglikelihood: -1.02189e+06	(delta): 165.378
12 (QN/Block) 	Elapsed: 0.388	Loglikelihood: -1.02175e+06	(delta): 141.135
13 (QN/Block) 	Elapsed: 0.387	Loglikelihood: -1.02163e+06	(delta): 118.071
14 (QN/Block) 	Elapsed: 0.387	Loglikelihood: -1.02149e+06	(delta): 142.139
15 (QN/Block) 	Elapsed: 0.411	Loglikelihood: -1.02138e+06	(delta): 105.326
16 (QN/Block) 	Elapsed: 0.387	Loglikelihood: -1.02132e+06	(delta): 58.7798
17 (QN/Block) 	Elapsed: 0.387	Loglikelihood: -1.02129e+06	(delta): 31.5433
18 (QN/Block) 	Elapsed: 0.388	Loglikelihood: -1.02124e+06	(delta): 50.4216
19 (QN/Block) 	Elapsed: 0.399	Loglikelihood: -1.02122e+06	(delta): 23.5058
20 (QN/Block) 	Elapsed: 0.387	Loglikelihood: -1.02121e+06	(delta): 12.3351
21 (QN/Block) 	Elapsed: 0.387	Loglikelihood: -1.0212e+06	(delta): 8.86262
22 (QN/Block) 	Elapsed: 0.387	Loglikelihood: -1.02119e+06	(delta): 4.78384
23 (QN/Block) 	Elapsed: 0.399	Loglikelihood: -1.02119e+06	(delta): 1.32389
24 (QN/Block) 	Elapsed: 0.422	Loglikelihood: -1.02119e+06	(delta): 0.434296
25 (QN/Block) 	Elapsed: 0.42	Loglikelihood: -1.02119e+06	(delta): 0.166399
26 (QN/Block) 	Elapsed: 0.386	Loglikelihood: -1.02119e+06	(delta): 0.130388
27 (QN/Block) 	Elapsed: 0.387	Loglikelihood: -1.02119e+06	(delta): 0.0392181
28 (QN/Block) 	Elapsed: 0.388	Loglikelihood: -1.02119e+06	(delta): 0.0216669
29 (QN/Block) 	Elapsed: 0.399	Loglikelihood: -1.02119e+06	(delta): 0.00473578
30 (QN/Block) 	Elapsed: 0.399	Loglikelihood: -1.02119e+06	(delta): 0.00165271
31 (QN/Block) 	Elapsed: 0.387	Loglikelihood: -1.02119e+06	(delta): 0.00376581
32 (QN/Block) 	Elapsed: 0.388	Loglikelihood: -1.02119e+06	(delta): 0.00885096
33 (QN/Block) 	Elapsed: 0.387	Loglikelihood: -1.02119e+06	(delta): 0.0229393
34 (QN/Block) 	Elapsed: 0.421	Loglikelihood: -1.02119e+06	(delta): 0.0116764
35 (QN/Block) 	Elapsed: 0.422	Loglikelihood: -1.02119e+06	(delta): 0.00875199
36 (QN/Block) 	Elapsed: 0.423	Loglikelihood: -1.02119e+06	(delta): 0.0104365
37 (QN/Block) 	Elapsed: 0.422	Loglikelihood: -1.02119e+06	(delta): 0.0127987
38 (QN/Block) 	Elapsed: 0.422	Loglikelihood: -1.02119e+06	(delta): 0.0157435
39 (QN/Block) 	Elapsed: 0.422	Loglikelihood: -1.02119e+06	(delta): 0.0193245
40 (QN/Block) 	Elapsed: 0.421	Loglikelihood: -1.02119e+06	(delta): 0.0236096
41 (QN/Block) 	Elapsed: 0.422	Loglikelihood: -1.02119e+06	(delta): 0.0286833
42 (QN/Block) 	Elapsed: 0.421	Loglikelihood: -1.02119e+06	(delta): 0.0346433
43 (QN/Block) 	Elapsed: 0.424	Loglikelihood: -1.02119e+06	(delta): 0.0416002
44 (QN/Block) 	Elapsed: 0.421	Loglikelihood: -1.02119e+06	(delta): 0.0496841
45 (QN/Block) 	Elapsed: 0.423	Loglikelihood: -1.02119e+06	(delta): 0.0590566
46 (QN/Block) 	Elapsed: 0.422	Loglikelihood: -1.02119e+06	(delta): 0.0690235
47 (QN/Block) 	Elapsed: 0.422	Loglikelihood: -1.02119e+06	(delta): 0.0168836
48 (QN/Block) 	Elapsed: 0.388	Loglikelihood: -1.02119e+06	(delta): 0.00533696
49 (QN/Block) 	Elapsed: 0.388	Loglikelihood: -1.02119e+06	(delta): 0.000692943
50 (QN/Block) 	Elapsed: 0.387	Loglikelihood: -1.02119e+06	(delta): 0.000140133
51 (QN/Block) 	Elapsed: 0.388	Loglikelihood: -1.02119e+06	(delta): 7.02876e-05
Summary: 
Converged in 51 iterations (21.78 sec)
Loglikelihood: -1021190.814800
Fst divergences between estimated populations: 
	Pop0	Pop1	Pop2	Pop3	Pop4	Pop5	Pop6	Pop7	Pop8	
Pop0	
Pop1	0.436	
Pop2	0.385	0.298	
Pop3	0.402	0.135	0.259	
Pop4	0.051	0.439	0.387	0.405	
Pop5	0.524	0.450	0.183	0.414	0.523	
Pop6	0.379	0.418	0.367	0.381	0.381	0.511	
Pop7	0.460	0.383	0.101	0.348	0.461	0.141	0.444	
Pop8	0.419	0.452	0.408	0.417	0.418	0.548	0.109	0.483	
Pop9	0.501	0.276	0.365	0.236	0.503	0.512	0.480	0.446	0.517	
CV error (K=10): 0.37859
Writing output files.
