****                   ADMIXTURE Version 1.3.0                  ****
****                    Copyright 2008-2015                     ****
****           David Alexander, Suyash Shringarpure,            ****
****                John  Novembre, Ken Lange                   ****
****                                                            ****
****                 Please cite our paper!                     ****
****   Information at www.genetics.ucla.edu/software/admixture  ****

Cross-validation will be performed.  Folds=5.
Random seed: 27977
Point estimation method: Block relaxation algorithm
Convergence acceleration algorithm: QuasiNewton, 3 secant conditions
Point estimation will terminate when objective function delta < 0.0001
Estimation of standard errors disabled; will compute point estimates only.
Size of G: 260x6978
Performing five EM steps to prime main algorithm
1 (EM) 	Elapsed: 0.08	Loglikelihood: -1.81878e+06	(delta): 830916
2 (EM) 	Elapsed: 0.078	Loglikelihood: -1.76326e+06	(delta): 55524.7
3 (EM) 	Elapsed: 0.079	Loglikelihood: -1.745e+06	(delta): 18254
4 (EM) 	Elapsed: 0.078	Loglikelihood: -1.72916e+06	(delta): 15846.4
5 (EM) 	Elapsed: 0.078	Loglikelihood: -1.71117e+06	(delta): 17987.3
Initial loglikelihood: -1.71117e+06
Starting main algorithm
1 (QN/Block) 	Elapsed: 0.17	Loglikelihood: -1.22328e+06	(delta): 487890
2 (QN/Block) 	Elapsed: 0.172	Loglikelihood: -1.12733e+06	(delta): 95950.2
3 (QN/Block) 	Elapsed: 0.19	Loglikelihood: -1.09067e+06	(delta): 36662.6
4 (QN/Block) 	Elapsed: 0.19	Loglikelihood: -1.069e+06	(delta): 21664.2
5 (QN/Block) 	Elapsed: 0.187	Loglikelihood: -1.06315e+06	(delta): 5847.91
6 (QN/Block) 	Elapsed: 0.196	Loglikelihood: -1.06152e+06	(delta): 1630.33
7 (QN/Block) 	Elapsed: 0.186	Loglikelihood: -1.06106e+06	(delta): 463.222
8 (QN/Block) 	Elapsed: 0.186	Loglikelihood: -1.06093e+06	(delta): 135.987
9 (QN/Block) 	Elapsed: 0.195	Loglikelihood: -1.06088e+06	(delta): 40.8275
10 (QN/Block) 	Elapsed: 0.213	Loglikelihood: -1.06088e+06	(delta): 8.26564
11 (QN/Block) 	Elapsed: 0.212	Loglikelihood: -1.06087e+06	(delta): 2.74009
12 (QN/Block) 	Elapsed: 0.195	Loglikelihood: -1.06087e+06	(delta): 0.963765
13 (QN/Block) 	Elapsed: 0.213	Loglikelihood: -1.06087e+06	(delta): 0.0341652
14 (QN/Block) 	Elapsed: 0.187	Loglikelihood: -1.06087e+06	(delta): 0.00119634
15 (QN/Block) 	Elapsed: 0.186	Loglikelihood: -1.06087e+06	(delta): 7.69151e-05
Summary: 
Converged in 15 iterations (3.487 sec)
Loglikelihood: -1060872.504813
Fst divergences between estimated populations: 
	Pop0	Pop1	Pop2	Pop3	Pop4	
Pop0	
Pop1	0.276	
Pop2	0.443	0.381	
Pop3	0.479	0.417	0.441	
Pop4	0.235	0.136	0.344	0.376	
Pop5	0.496	0.432	0.451	0.371	0.395	
CV error (K=6): 0.38092
Writing output files.
