****                   ADMIXTURE Version 1.3.0                  ****
****                    Copyright 2008-2015                     ****
****           David Alexander, Suyash Shringarpure,            ****
****                John  Novembre, Ken Lange                   ****
****                                                            ****
****                 Please cite our paper!                     ****
****   Information at www.genetics.ucla.edu/software/admixture  ****

Cross-validation will be performed.  Folds=5.
Random seed: 27977
Point estimation method: Block relaxation algorithm
Convergence acceleration algorithm: QuasiNewton, 3 secant conditions
Point estimation will terminate when objective function delta < 0.0001
Estimation of standard errors disabled; will compute point estimates only.
Size of G: 260x6978
Performing five EM steps to prime main algorithm
1 (EM) 	Elapsed: 0.104	Loglikelihood: -1.81463e+06	(delta): 792089
2 (EM) 	Elapsed: 0.103	Loglikelihood: -1.76189e+06	(delta): 52748.3
3 (EM) 	Elapsed: 0.103	Loglikelihood: -1.74794e+06	(delta): 13947.8
4 (EM) 	Elapsed: 0.103	Loglikelihood: -1.73699e+06	(delta): 10950.9
5 (EM) 	Elapsed: 0.103	Loglikelihood: -1.72528e+06	(delta): 11703.2
Initial loglikelihood: -1.72528e+06
Starting main algorithm
1 (QN/Block) 	Elapsed: 0.262	Loglikelihood: -1.1779e+06	(delta): 547386
2 (QN/Block) 	Elapsed: 0.264	Loglikelihood: -1.09747e+06	(delta): 80423.9
3 (QN/Block) 	Elapsed: 0.285	Loglikelihood: -1.07e+06	(delta): 27471.9
4 (QN/Block) 	Elapsed: 0.284	Loglikelihood: -1.05041e+06	(delta): 19596.1
5 (QN/Block) 	Elapsed: 0.293	Loglikelihood: -1.04344e+06	(delta): 6967.02
6 (QN/Block) 	Elapsed: 0.292	Loglikelihood: -1.0346e+06	(delta): 8835.96
7 (QN/Block) 	Elapsed: 0.301	Loglikelihood: -1.03086e+06	(delta): 3747.23
8 (QN/Block) 	Elapsed: 0.291	Loglikelihood: -1.02939e+06	(delta): 1467.94
9 (QN/Block) 	Elapsed: 0.3	Loglikelihood: -1.02895e+06	(delta): 441.605
10 (QN/Block) 	Elapsed: 0.297	Loglikelihood: -1.02875e+06	(delta): 201.233
11 (QN/Block) 	Elapsed: 0.276	Loglikelihood: -1.02862e+06	(delta): 125.247
12 (QN/Block) 	Elapsed: 0.276	Loglikelihood: -1.02851e+06	(delta): 106.209
13 (QN/Block) 	Elapsed: 0.297	Loglikelihood: -1.02846e+06	(delta): 49.5438
14 (QN/Block) 	Elapsed: 0.286	Loglikelihood: -1.02845e+06	(delta): 16.3378
15 (QN/Block) 	Elapsed: 0.276	Loglikelihood: -1.02844e+06	(delta): 3.8455
16 (QN/Block) 	Elapsed: 0.306	Loglikelihood: -1.02844e+06	(delta): 0.396336
17 (QN/Block) 	Elapsed: 0.276	Loglikelihood: -1.02844e+06	(delta): 0.0452463
18 (QN/Block) 	Elapsed: 0.276	Loglikelihood: -1.02844e+06	(delta): 0.010366
19 (QN/Block) 	Elapsed: 0.276	Loglikelihood: -1.02844e+06	(delta): 0.00426371
20 (QN/Block) 	Elapsed: 0.276	Loglikelihood: -1.02844e+06	(delta): 0.000985677
21 (QN/Block) 	Elapsed: 0.276	Loglikelihood: -1.02844e+06	(delta): 1.85147e-06
Summary: 
Converged in 21 iterations (6.792 sec)
Loglikelihood: -1028443.540271
Fst divergences between estimated populations: 
	Pop0	Pop1	Pop2	Pop3	Pop4	Pop5	Pop6	
Pop0	
Pop1	0.446	
Pop2	0.276	0.383	
Pop3	0.480	0.444	0.417	
Pop4	0.236	0.348	0.135	0.380	
Pop5	0.496	0.454	0.432	0.371	0.398	
Pop6	0.365	0.101	0.297	0.368	0.259	0.380	
Pop7	0.512	0.141	0.450	0.510	0.414	0.518	0.183	
CV error (K=8): 0.37386
Writing output files.
