****                   ADMIXTURE Version 1.3.0                  ****
****                    Copyright 2008-2015                     ****
****           David Alexander, Suyash Shringarpure,            ****
****                John  Novembre, Ken Lange                   ****
****                                                            ****
****                 Please cite our paper!                     ****
****   Information at www.genetics.ucla.edu/software/admixture  ****

Cross-validation will be performed.  Folds=5.
Random seed: 27977
Point estimation method: Block relaxation algorithm
Convergence acceleration algorithm: QuasiNewton, 3 secant conditions
Point estimation will terminate when objective function delta < 0.0001
Estimation of standard errors disabled; will compute point estimates only.
Size of G: 260x6978
Performing five EM steps to prime main algorithm
1 (EM) 	Elapsed: 0.029	Loglikelihood: -1.8051e+06	(delta): 1.21108e+06
2 (EM) 	Elapsed: 0.028	Loglikelihood: -1.75555e+06	(delta): 49550.4
3 (EM) 	Elapsed: 0.028	Loglikelihood: -1.74105e+06	(delta): 14498.4
4 (EM) 	Elapsed: 0.028	Loglikelihood: -1.73238e+06	(delta): 8672.8
5 (EM) 	Elapsed: 0.028	Loglikelihood: -1.72564e+06	(delta): 6736.71
Initial loglikelihood: -1.72564e+06
Starting main algorithm
1 (QN/Block) 	Elapsed: 0.048	Loglikelihood: -1.52884e+06	(delta): 196801
2 (QN/Block) 	Elapsed: 0.048	Loglikelihood: -1.49244e+06	(delta): 36399.2
3 (QN/Block) 	Elapsed: 0.062	Loglikelihood: -1.47057e+06	(delta): 21871.4
4 (QN/Block) 	Elapsed: 0.062	Loglikelihood: -1.46157e+06	(delta): 9001.09
5 (QN/Block) 	Elapsed: 0.069	Loglikelihood: -1.46032e+06	(delta): 1244.04
6 (QN/Block) 	Elapsed: 0.062	Loglikelihood: -1.46019e+06	(delta): 130.42
7 (QN/Block) 	Elapsed: 0.062	Loglikelihood: -1.46018e+06	(delta): 13.847
8 (QN/Block) 	Elapsed: 0.069	Loglikelihood: -1.46018e+06	(delta): 2.49527
9 (QN/Block) 	Elapsed: 0.083	Loglikelihood: -1.46018e+06	(delta): 0.0324377
10 (QN/Block) 	Elapsed: 0.062	Loglikelihood: -1.46018e+06	(delta): 0.00045357
11 (QN/Block) 	Elapsed: 0.062	Loglikelihood: -1.46018e+06	(delta): 2.2375e-07
Summary: 
Converged in 11 iterations (0.968 sec)
Loglikelihood: -1460175.396074
Fst divergences between estimated populations: 
	Pop0	
Pop0	
Pop1	0.271	
CV error (K=2): 0.58964
Writing output files.
