****                   ADMIXTURE Version 1.3.0                  ****
****                    Copyright 2008-2015                     ****
****           David Alexander, Suyash Shringarpure,            ****
****                John  Novembre, Ken Lange                   ****
****                                                            ****
****                 Please cite our paper!                     ****
****   Information at www.genetics.ucla.edu/software/admixture  ****

Cross-validation will be performed.  Folds=5.
Random seed: 9643
Point estimation method: Block relaxation algorithm
Convergence acceleration algorithm: QuasiNewton, 3 secant conditions
Point estimation will terminate when objective function delta < 0.0001
Estimation of standard errors disabled; will compute point estimates only.
Size of G: 260x6978
Performing five EM steps to prime main algorithm
1 (EM) 	Elapsed: 0.041	Loglikelihood: -1.82283e+06	(delta): 1.00423e+06
2 (EM) 	Elapsed: 0.041	Loglikelihood: -1.76615e+06	(delta): 56681.2
3 (EM) 	Elapsed: 0.041	Loglikelihood: -1.74805e+06	(delta): 18095.9
4 (EM) 	Elapsed: 0.041	Loglikelihood: -1.73642e+06	(delta): 11628.1
5 (EM) 	Elapsed: 0.041	Loglikelihood: -1.72668e+06	(delta): 9741.43
Initial loglikelihood: -1.72668e+06
Starting main algorithm
1 (QN/Block) 	Elapsed: 0.073	Loglikelihood: -1.36157e+06	(delta): 365112
2 (QN/Block) 	Elapsed: 0.073	Loglikelihood: -1.30289e+06	(delta): 58679.2
3 (QN/Block) 	Elapsed: 0.088	Loglikelihood: -1.26716e+06	(delta): 35724.5
4 (QN/Block) 	Elapsed: 0.088	Loglikelihood: -1.25052e+06	(delta): 16642.8
5 (QN/Block) 	Elapsed: 0.11	Loglikelihood: -1.24671e+06	(delta): 3809.51
6 (QN/Block) 	Elapsed: 0.096	Loglikelihood: -1.24579e+06	(delta): 919.16
7 (QN/Block) 	Elapsed: 0.111	Loglikelihood: -1.24566e+06	(delta): 130.868
8 (QN/Block) 	Elapsed: 0.097	Loglikelihood: -1.24566e+06	(delta): 3.03579
9 (QN/Block) 	Elapsed: 0.096	Loglikelihood: -1.24566e+06	(delta): 0.027053
10 (QN/Block) 	Elapsed: 0.096	Loglikelihood: -1.24566e+06	(delta): 0.00330897
11 (QN/Block) 	Elapsed: 0.089	Loglikelihood: -1.24566e+06	(delta): 0.000497973
12 (QN/Block) 	Elapsed: 0.089	Loglikelihood: -1.24566e+06	(delta): 5.25441e-05
Summary: 
Converged in 12 iterations (1.468 sec)
Loglikelihood: -1245658.824334
Fst divergences between estimated populations: 
	Pop0	Pop1	
Pop0	
Pop1	0.348	
Pop2	0.369	0.319	
CV error (K=3): 0.47192
Writing output files.
