****                   ADMIXTURE Version 1.3.0                  ****
****                    Copyright 2008-2015                     ****
****           David Alexander, Suyash Shringarpure,            ****
****                John  Novembre, Ken Lange                   ****
****                                                            ****
****                 Please cite our paper!                     ****
****   Information at www.genetics.ucla.edu/software/admixture  ****

Cross-validation will be performed.  Folds=5.
Random seed: 9643
Point estimation method: Block relaxation algorithm
Convergence acceleration algorithm: QuasiNewton, 3 secant conditions
Point estimation will terminate when objective function delta < 0.0001
Estimation of standard errors disabled; will compute point estimates only.
Size of G: 260x6978
Performing five EM steps to prime main algorithm
1 (EM) 	Elapsed: 0.079	Loglikelihood: -1.81831e+06	(delta): 826158
2 (EM) 	Elapsed: 0.078	Loglikelihood: -1.76346e+06	(delta): 54845.5
3 (EM) 	Elapsed: 0.078	Loglikelihood: -1.74655e+06	(delta): 16916.1
4 (EM) 	Elapsed: 0.079	Loglikelihood: -1.73281e+06	(delta): 13738.8
5 (EM) 	Elapsed: 0.078	Loglikelihood: -1.71776e+06	(delta): 15051.2
Initial loglikelihood: -1.71776e+06
Starting main algorithm
1 (QN/Block) 	Elapsed: 0.171	Loglikelihood: -1.26748e+06	(delta): 450277
2 (QN/Block) 	Elapsed: 0.172	Loglikelihood: -1.13516e+06	(delta): 132323
3 (QN/Block) 	Elapsed: 0.187	Loglikelihood: -1.09486e+06	(delta): 40292.3
4 (QN/Block) 	Elapsed: 0.188	Loglikelihood: -1.07209e+06	(delta): 22774.3
5 (QN/Block) 	Elapsed: 0.187	Loglikelihood: -1.06592e+06	(delta): 6169.47
6 (QN/Block) 	Elapsed: 0.213	Loglikelihood: -1.06472e+06	(delta): 1195.59
7 (QN/Block) 	Elapsed: 0.186	Loglikelihood: -1.06426e+06	(delta): 468.513
8 (QN/Block) 	Elapsed: 0.196	Loglikelihood: -1.06412e+06	(delta): 138.716
9 (QN/Block) 	Elapsed: 0.213	Loglikelihood: -1.06407e+06	(delta): 44.8253
10 (QN/Block) 	Elapsed: 0.186	Loglikelihood: -1.06407e+06	(delta): 4.69908
11 (QN/Block) 	Elapsed: 0.196	Loglikelihood: -1.06407e+06	(delta): 0.397564
12 (QN/Block) 	Elapsed: 0.205	Loglikelihood: -1.06407e+06	(delta): 0.278636
13 (QN/Block) 	Elapsed: 0.187	Loglikelihood: -1.06407e+06	(delta): 0.29768
14 (QN/Block) 	Elapsed: 0.187	Loglikelihood: -1.06407e+06	(delta): 0.0482803
15 (QN/Block) 	Elapsed: 0.187	Loglikelihood: -1.06407e+06	(delta): 0.0161228
16 (QN/Block) 	Elapsed: 0.196	Loglikelihood: -1.06407e+06	(delta): 0.00219989
17 (QN/Block) 	Elapsed: 0.196	Loglikelihood: -1.06407e+06	(delta): 0.000300707
18 (QN/Block) 	Elapsed: 0.187	Loglikelihood: -1.06407e+06	(delta): 6.70624e-05
Summary: 
Converged in 18 iterations (4.073 sec)
Loglikelihood: -1064066.884330
Fst divergences between estimated populations: 
	Pop0	Pop1	Pop2	Pop3	Pop4	
Pop0	
Pop1	0.495	
Pop2	0.479	0.371	
Pop3	0.511	0.517	0.510	
Pop4	0.234	0.395	0.377	0.412	
Pop5	0.431	0.440	0.429	0.162	0.331	
CV error (K=6): 0.38110
Writing output files.
