****                   ADMIXTURE Version 1.3.0                  ****
****                    Copyright 2008-2015                     ****
****           David Alexander, Suyash Shringarpure,            ****
****                John  Novembre, Ken Lange                   ****
****                                                            ****
****                 Please cite our paper!                     ****
****   Information at www.genetics.ucla.edu/software/admixture  ****

Cross-validation will be performed.  Folds=5.
Random seed: 9643
Point estimation method: Block relaxation algorithm
Convergence acceleration algorithm: QuasiNewton, 3 secant conditions
Point estimation will terminate when objective function delta < 0.0001
Estimation of standard errors disabled; will compute point estimates only.
Size of G: 260x6978
Performing five EM steps to prime main algorithm
1 (EM) 	Elapsed: 0.067	Loglikelihood: -1.82157e+06	(delta): 866272
2 (EM) 	Elapsed: 0.066	Loglikelihood: -1.76579e+06	(delta): 55786.1
3 (EM) 	Elapsed: 0.066	Loglikelihood: -1.74699e+06	(delta): 18800.2
4 (EM) 	Elapsed: 0.066	Loglikelihood: -1.73188e+06	(delta): 15108.8
5 (EM) 	Elapsed: 0.066	Loglikelihood: -1.71607e+06	(delta): 15802.6
Initial loglikelihood: -1.71607e+06
Starting main algorithm
1 (QN/Block) 	Elapsed: 0.133	Loglikelihood: -1.2728e+06	(delta): 443271
2 (QN/Block) 	Elapsed: 0.133	Loglikelihood: -1.14941e+06	(delta): 123398
3 (QN/Block) 	Elapsed: 0.15	Loglikelihood: -1.10548e+06	(delta): 43920.9
4 (QN/Block) 	Elapsed: 0.158	Loglikelihood: -1.08402e+06	(delta): 21462.4
5 (QN/Block) 	Elapsed: 0.158	Loglikelihood: -1.08019e+06	(delta): 3827.03
6 (QN/Block) 	Elapsed: 0.15	Loglikelihood: -1.07941e+06	(delta): 787.5
7 (QN/Block) 	Elapsed: 0.15	Loglikelihood: -1.07923e+06	(delta): 174.181
8 (QN/Block) 	Elapsed: 0.149	Loglikelihood: -1.07919e+06	(delta): 43.9012
9 (QN/Block) 	Elapsed: 0.15	Loglikelihood: -1.07919e+06	(delta): 4.33656
10 (QN/Block) 	Elapsed: 0.175	Loglikelihood: -1.07918e+06	(delta): 0.452649
11 (QN/Block) 	Elapsed: 0.147	Loglikelihood: -1.07918e+06	(delta): 0.0120451
12 (QN/Block) 	Elapsed: 0.156	Loglikelihood: -1.07918e+06	(delta): 0.00224283
13 (QN/Block) 	Elapsed: 0.147	Loglikelihood: -1.07918e+06	(delta): 0.00153173
14 (QN/Block) 	Elapsed: 0.147	Loglikelihood: -1.07918e+06	(delta): 0.000129501
15 (QN/Block) 	Elapsed: 0.147	Loglikelihood: -1.07918e+06	(delta): 3.65453e-05
Summary: 
Converged in 15 iterations (2.783 sec)
Loglikelihood: -1079184.600557
Fst divergences between estimated populations: 
	Pop0	Pop1	Pop2	Pop3	
Pop0	
Pop1	0.495	
Pop2	0.442	0.450	
Pop3	0.479	0.371	0.440	
Pop4	0.233	0.394	0.342	0.377	
CV error (K=5): 0.38573
Writing output files.
