****                   ADMIXTURE Version 1.3.0                  ****
****                    Copyright 2008-2015                     ****
****           David Alexander, Suyash Shringarpure,            ****
****                John  Novembre, Ken Lange                   ****
****                                                            ****
****                 Please cite our paper!                     ****
****   Information at www.genetics.ucla.edu/software/admixture  ****

Cross-validation will be performed.  Folds=5.
Random seed: 9643
Point estimation method: Block relaxation algorithm
Convergence acceleration algorithm: QuasiNewton, 3 secant conditions
Point estimation will terminate when objective function delta < 0.0001
Estimation of standard errors disabled; will compute point estimates only.
Size of G: 260x6978
Performing five EM steps to prime main algorithm
1 (EM) 	Elapsed: 0.028	Loglikelihood: -1.81073e+06	(delta): 1.1923e+06
2 (EM) 	Elapsed: 0.028	Loglikelihood: -1.75986e+06	(delta): 50870.5
3 (EM) 	Elapsed: 0.028	Loglikelihood: -1.74636e+06	(delta): 13499.8
4 (EM) 	Elapsed: 0.028	Loglikelihood: -1.73956e+06	(delta): 6801.82
5 (EM) 	Elapsed: 0.028	Loglikelihood: -1.73566e+06	(delta): 3892.08
Initial loglikelihood: -1.73566e+06
Starting main algorithm
1 (QN/Block) 	Elapsed: 0.048	Loglikelihood: -1.61172e+06	(delta): 123943
2 (QN/Block) 	Elapsed: 0.048	Loglikelihood: -1.57589e+06	(delta): 35834.2
3 (QN/Block) 	Elapsed: 0.062	Loglikelihood: -1.54912e+06	(delta): 26762.4
4 (QN/Block) 	Elapsed: 0.082	Loglikelihood: -1.53514e+06	(delta): 13983.6
5 (QN/Block) 	Elapsed: 0.076	Loglikelihood: -1.51355e+06	(delta): 21593.8
6 (QN/Block) 	Elapsed: 0.082	Loglikelihood: -1.48486e+06	(delta): 28686.4
7 (QN/Block) 	Elapsed: 0.075	Loglikelihood: -1.47845e+06	(delta): 6410.61
8 (QN/Block) 	Elapsed: 0.075	Loglikelihood: -1.47684e+06	(delta): 1611.81
9 (QN/Block) 	Elapsed: 0.068	Loglikelihood: -1.47623e+06	(delta): 604.023
10 (QN/Block) 	Elapsed: 0.075	Loglikelihood: -1.47615e+06	(delta): 83.0236
11 (QN/Block) 	Elapsed: 0.068	Loglikelihood: -1.47614e+06	(delta): 9.94939
12 (QN/Block) 	Elapsed: 0.061	Loglikelihood: -1.47614e+06	(delta): 2.87171
13 (QN/Block) 	Elapsed: 0.061	Loglikelihood: -1.47614e+06	(delta): 0.783432
14 (QN/Block) 	Elapsed: 0.061	Loglikelihood: -1.47614e+06	(delta): 0.00754953
15 (QN/Block) 	Elapsed: 0.061	Loglikelihood: -1.47614e+06	(delta): 6.28482e-05
Summary: 
Converged in 15 iterations (1.31 sec)
Loglikelihood: -1476136.898781
Fst divergences between estimated populations: 
	Pop0	
Pop0	
Pop1	0.306	
CV error (K=2): 0.59781
Writing output files.
