****                   ADMIXTURE Version 1.3.0                  ****
****                    Copyright 2008-2015                     ****
****           David Alexander, Suyash Shringarpure,            ****
****                John  Novembre, Ken Lange                   ****
****                                                            ****
****                 Please cite our paper!                     ****
****   Information at www.genetics.ucla.edu/software/admixture  ****

Cross-validation will be performed.  Folds=5.
Random seed: 9643
Point estimation method: Block relaxation algorithm
Convergence acceleration algorithm: QuasiNewton, 3 secant conditions
Point estimation will terminate when objective function delta < 0.0001
Estimation of standard errors disabled; will compute point estimates only.
Size of G: 260x6978
Performing five EM steps to prime main algorithm
1 (EM) 	Elapsed: 0.118	Loglikelihood: -1.81374e+06	(delta): 782718
2 (EM) 	Elapsed: 0.118	Loglikelihood: -1.75996e+06	(delta): 53780.6
3 (EM) 	Elapsed: 0.118	Loglikelihood: -1.74595e+06	(delta): 14011.2
4 (EM) 	Elapsed: 0.117	Loglikelihood: -1.73467e+06	(delta): 11278.8
5 (EM) 	Elapsed: 0.117	Loglikelihood: -1.72197e+06	(delta): 12695.6
Initial loglikelihood: -1.72197e+06
Starting main algorithm
1 (QN/Block) 	Elapsed: 0.311	Loglikelihood: -1.16135e+06	(delta): 560617
2 (QN/Block) 	Elapsed: 0.312	Loglikelihood: -1.08725e+06	(delta): 74105
3 (QN/Block) 	Elapsed: 0.35	Loglikelihood: -1.05976e+06	(delta): 27494.5
4 (QN/Block) 	Elapsed: 0.338	Loglikelihood: -1.04365e+06	(delta): 16105.5
5 (QN/Block) 	Elapsed: 0.348	Loglikelihood: -1.03287e+06	(delta): 10784.3
6 (QN/Block) 	Elapsed: 0.335	Loglikelihood: -1.02831e+06	(delta): 4556.61
7 (QN/Block) 	Elapsed: 0.334	Loglikelihood: -1.02702e+06	(delta): 1286.47
8 (QN/Block) 	Elapsed: 0.345	Loglikelihood: -1.0263e+06	(delta): 725.638
9 (QN/Block) 	Elapsed: 0.335	Loglikelihood: -1.02595e+06	(delta): 346.019
10 (QN/Block) 	Elapsed: 0.345	Loglikelihood: -1.02579e+06	(delta): 161.361
11 (QN/Block) 	Elapsed: 0.334	Loglikelihood: -1.02569e+06	(delta): 100.005
12 (QN/Block) 	Elapsed: 0.334	Loglikelihood: -1.02558e+06	(delta): 109.334
13 (QN/Block) 	Elapsed: 0.344	Loglikelihood: -1.02554e+06	(delta): 42.6384
14 (QN/Block) 	Elapsed: 0.334	Loglikelihood: -1.02552e+06	(delta): 20.1642
15 (QN/Block) 	Elapsed: 0.334	Loglikelihood: -1.02551e+06	(delta): 7.95592
16 (QN/Block) 	Elapsed: 0.333	Loglikelihood: -1.02551e+06	(delta): 4.19131
17 (QN/Block) 	Elapsed: 0.333	Loglikelihood: -1.0255e+06	(delta): 2.09858
18 (QN/Block) 	Elapsed: 0.344	Loglikelihood: -1.0255e+06	(delta): 1.53112
19 (QN/Block) 	Elapsed: 0.355	Loglikelihood: -1.0255e+06	(delta): 1.20041
20 (QN/Block) 	Elapsed: 0.367	Loglikelihood: -1.0255e+06	(delta): 0.468332
21 (QN/Block) 	Elapsed: 0.333	Loglikelihood: -1.0255e+06	(delta): 0.15644
22 (QN/Block) 	Elapsed: 0.333	Loglikelihood: -1.0255e+06	(delta): 0.120422
23 (QN/Block) 	Elapsed: 0.344	Loglikelihood: -1.0255e+06	(delta): 0.0613411
24 (QN/Block) 	Elapsed: 0.333	Loglikelihood: -1.0255e+06	(delta): 0.0663504
25 (QN/Block) 	Elapsed: 0.366	Loglikelihood: -1.0255e+06	(delta): 0.0359881
26 (QN/Block) 	Elapsed: 0.366	Loglikelihood: -1.0255e+06	(delta): 0.0364704
27 (QN/Block) 	Elapsed: 0.368	Loglikelihood: -1.0255e+06	(delta): 0.000307906
28 (QN/Block) 	Elapsed: 0.333	Loglikelihood: -1.0255e+06	(delta): 8.60475e-05
Summary: 
Converged in 28 iterations (10.543 sec)
Loglikelihood: -1025499.268121
Fst divergences between estimated populations: 
	Pop0	Pop1	Pop2	Pop3	Pop4	Pop5	Pop6	Pop7	
Pop0	
Pop1	0.383	
Pop2	0.437	0.460	
Pop3	0.417	0.444	0.379	
Pop4	0.276	0.446	0.502	0.480	
Pop5	0.436	0.459	0.042	0.376	0.500	
Pop6	0.297	0.101	0.385	0.368	0.365	0.385	
Pop7	0.135	0.348	0.404	0.380	0.236	0.402	0.259	
Pop8	0.450	0.141	0.526	0.510	0.512	0.520	0.183	0.414	
CV error (K=9): 0.37588
Writing output files.
