****                   ADMIXTURE Version 1.3.0                  ****
****                    Copyright 2008-2015                     ****
****           David Alexander, Suyash Shringarpure,            ****
****                John  Novembre, Ken Lange                   ****
****                                                            ****
****                 Please cite our paper!                     ****
****   Information at www.genetics.ucla.edu/software/admixture  ****

Cross-validation will be performed.  Folds=5.
Random seed: 15846
Point estimation method: Block relaxation algorithm
Convergence acceleration algorithm: QuasiNewton, 3 secant conditions
Point estimation will terminate when objective function delta < 0.0001
Estimation of standard errors disabled; will compute point estimates only.
Size of G: 260x13929
Performing five EM steps to prime main algorithm
1 (EM) 	Elapsed: 0.078	Loglikelihood: -1.0708e+06	(delta): 4.01783e+06
2 (EM) 	Elapsed: 0.078	Loglikelihood: -1.00675e+06	(delta): 64044.1
3 (EM) 	Elapsed: 0.078	Loglikelihood: -996228	(delta): 10524
4 (EM) 	Elapsed: 0.078	Loglikelihood: -990423	(delta): 5805.27
5 (EM) 	Elapsed: 0.078	Loglikelihood: -986735	(delta): 3687.86
Initial loglikelihood: -986735
Starting main algorithm
1 (QN/Block) 	Elapsed: 0.143	Loglikelihood: -889575	(delta): 97160.6
2 (QN/Block) 	Elapsed: 0.144	Loglikelihood: -817194	(delta): 72380.7
3 (QN/Block) 	Elapsed: 0.166	Loglikelihood: -775817	(delta): 41377.1
4 (QN/Block) 	Elapsed: 0.166	Loglikelihood: -742742	(delta): 33074.8
5 (QN/Block) 	Elapsed: 0.187	Loglikelihood: -726145	(delta): 16597.5
6 (QN/Block) 	Elapsed: 0.198	Loglikelihood: -723859	(delta): 2285.17
7 (QN/Block) 	Elapsed: 0.168	Loglikelihood: -723158	(delta): 701.824
8 (QN/Block) 	Elapsed: 0.168	Loglikelihood: -722827	(delta): 331.053
9 (QN/Block) 	Elapsed: 0.168	Loglikelihood: -722746	(delta): 80.5642
10 (QN/Block) 	Elapsed: 0.199	Loglikelihood: -722740	(delta): 5.67492
11 (QN/Block) 	Elapsed: 0.178	Loglikelihood: -722740	(delta): 0.0348028
12 (QN/Block) 	Elapsed: 0.175	Loglikelihood: -722740	(delta): 0.000567047
13 (QN/Block) 	Elapsed: 0.164	Loglikelihood: -722740	(delta): 2.47818e-05
Summary: 
Converged in 13 iterations (2.842 sec)
Loglikelihood: -722740.280640
Fst divergences between estimated populations: 
	Pop0	Pop1	
Pop0	
Pop1	0.290	
Pop2	0.332	0.284	
CV error (K=3): 0.17080
Writing output files.
