****                   ADMIXTURE Version 1.3.0                  ****
****                    Copyright 2008-2015                     ****
****           David Alexander, Suyash Shringarpure,            ****
****                John  Novembre, Ken Lange                   ****
****                                                            ****
****                 Please cite our paper!                     ****
****   Information at www.genetics.ucla.edu/software/admixture  ****

Cross-validation will be performed.  Folds=5.
Random seed: 15846
Point estimation method: Block relaxation algorithm
Convergence acceleration algorithm: QuasiNewton, 3 secant conditions
Point estimation will terminate when objective function delta < 0.0001
Estimation of standard errors disabled; will compute point estimates only.
Size of G: 260x13929
Performing five EM steps to prime main algorithm
1 (EM) 	Elapsed: 0.144	Loglikelihood: -1.08561e+06	(delta): 3.67684e+06
2 (EM) 	Elapsed: 0.142	Loglikelihood: -1.00358e+06	(delta): 82025.1
3 (EM) 	Elapsed: 0.142	Loglikelihood: -990385	(delta): 13197.2
4 (EM) 	Elapsed: 0.142	Loglikelihood: -982343	(delta): 8042.01
5 (EM) 	Elapsed: 0.142	Loglikelihood: -975987	(delta): 6356.17
Initial loglikelihood: -975987
Starting main algorithm
1 (QN/Block) 	Elapsed: 0.317	Loglikelihood: -738600	(delta): 237387
2 (QN/Block) 	Elapsed: 0.315	Loglikelihood: -686412	(delta): 52187.6
3 (QN/Block) 	Elapsed: 0.343	Loglikelihood: -663396	(delta): 23016.5
4 (QN/Block) 	Elapsed: 0.357	Loglikelihood: -645721	(delta): 17675
5 (QN/Block) 	Elapsed: 0.356	Loglikelihood: -629989	(delta): 15731.9
6 (QN/Block) 	Elapsed: 0.383	Loglikelihood: -620002	(delta): 9986.64
7 (QN/Block) 	Elapsed: 0.342	Loglikelihood: -615524	(delta): 4477.99
8 (QN/Block) 	Elapsed: 0.342	Loglikelihood: -612978	(delta): 2546.65
9 (QN/Block) 	Elapsed: 0.342	Loglikelihood: -611889	(delta): 1088.74
10 (QN/Block) 	Elapsed: 0.383	Loglikelihood: -611529	(delta): 359.764
11 (QN/Block) 	Elapsed: 0.341	Loglikelihood: -611394	(delta): 135.422
12 (QN/Block) 	Elapsed: 0.341	Loglikelihood: -611309	(delta): 84.6988
13 (QN/Block) 	Elapsed: 0.341	Loglikelihood: -611259	(delta): 49.4883
14 (QN/Block) 	Elapsed: 0.342	Loglikelihood: -611226	(delta): 33.2453
15 (QN/Block) 	Elapsed: 0.342	Loglikelihood: -611205	(delta): 20.9784
16 (QN/Block) 	Elapsed: 0.342	Loglikelihood: -611189	(delta): 16.3166
17 (QN/Block) 	Elapsed: 0.341	Loglikelihood: -611177	(delta): 11.9025
18 (QN/Block) 	Elapsed: 0.342	Loglikelihood: -611170	(delta): 6.64061
19 (QN/Block) 	Elapsed: 0.341	Loglikelihood: -611169	(delta): 1.6958
20 (QN/Block) 	Elapsed: 0.342	Loglikelihood: -611164	(delta): 4.85472
21 (QN/Block) 	Elapsed: 0.342	Loglikelihood: -611161	(delta): 2.9379
22 (QN/Block) 	Elapsed: 0.369	Loglikelihood: -611157	(delta): 3.62956
23 (QN/Block) 	Elapsed: 0.382	Loglikelihood: -611150	(delta): 7.69857
24 (QN/Block) 	Elapsed: 0.382	Loglikelihood: -611142	(delta): 7.51804
25 (QN/Block) 	Elapsed: 0.369	Loglikelihood: -611141	(delta): 1.10341
26 (QN/Block) 	Elapsed: 0.383	Loglikelihood: -611141	(delta): 0.00792434
27 (QN/Block) 	Elapsed: 0.342	Loglikelihood: -611141	(delta): 0.00219911
28 (QN/Block) 	Elapsed: 0.342	Loglikelihood: -611141	(delta): 0.000495658
29 (QN/Block) 	Elapsed: 0.382	Loglikelihood: -611141	(delta): 9.46074e-05
Summary: 
Converged in 29 iterations (11.424 sec)
Loglikelihood: -611140.878002
Fst divergences between estimated populations: 
	Pop0	Pop1	Pop2	Pop3	Pop4	
Pop0	
Pop1	0.345	
Pop2	0.443	0.254	
Pop3	0.348	0.364	0.460	
Pop4	0.407	0.308	0.413	0.424	
Pop5	0.433	0.347	0.441	0.442	0.291	
CV error (K=6): 0.14745
Writing output files.
