****                   ADMIXTURE Version 1.3.0                  ****
****                    Copyright 2008-2015                     ****
****           David Alexander, Suyash Shringarpure,            ****
****                John  Novembre, Ken Lange                   ****
****                                                            ****
****                 Please cite our paper!                     ****
****   Information at www.genetics.ucla.edu/software/admixture  ****

Cross-validation will be performed.  Folds=5.
Random seed: 15846
Point estimation method: Block relaxation algorithm
Convergence acceleration algorithm: QuasiNewton, 3 secant conditions
Point estimation will terminate when objective function delta < 0.0001
Estimation of standard errors disabled; will compute point estimates only.
Size of G: 260x13929
Performing five EM steps to prime main algorithm
1 (EM) 	Elapsed: 0.056	Loglikelihood: -1.04003e+06	(delta): 4.42157e+06
2 (EM) 	Elapsed: 0.054	Loglikelihood: -999070	(delta): 40956.9
3 (EM) 	Elapsed: 0.054	Loglikelihood: -991260	(delta): 7810.74
4 (EM) 	Elapsed: 0.054	Loglikelihood: -987248	(delta): 4012.07
5 (EM) 	Elapsed: 0.054	Loglikelihood: -984986	(delta): 2261.27
Initial loglikelihood: -984986
Starting main algorithm
1 (QN/Block) 	Elapsed: 0.098	Loglikelihood: -900388	(delta): 84598.3
2 (QN/Block) 	Elapsed: 0.098	Loglikelihood: -877692	(delta): 22696.3
3 (QN/Block) 	Elapsed: 0.118	Loglikelihood: -861291	(delta): 16401.1
4 (QN/Block) 	Elapsed: 0.147	Loglikelihood: -852276	(delta): 9014.68
5 (QN/Block) 	Elapsed: 0.147	Loglikelihood: -848207	(delta): 4069.04
6 (QN/Block) 	Elapsed: 0.127	Loglikelihood: -847069	(delta): 1138.08
7 (QN/Block) 	Elapsed: 0.137	Loglikelihood: -846830	(delta): 238.503
8 (QN/Block) 	Elapsed: 0.127	Loglikelihood: -846726	(delta): 104.388
9 (QN/Block) 	Elapsed: 0.117	Loglikelihood: -846652	(delta): 73.8841
10 (QN/Block) 	Elapsed: 0.117	Loglikelihood: -846626	(delta): 26.1817
11 (QN/Block) 	Elapsed: 0.117	Loglikelihood: -846616	(delta): 9.56991
12 (QN/Block) 	Elapsed: 0.127	Loglikelihood: -846614	(delta): 2.23075
13 (QN/Block) 	Elapsed: 0.117	Loglikelihood: -846616	(delta): -1.542
14 (QN/Block) 	Elapsed: 0.117	Loglikelihood: -846604	(delta): 11.7251
15 (QN/Block) 	Elapsed: 0.117	Loglikelihood: -846604	(delta): -0.270903
16 (QN/Block) 	Elapsed: 0.146	Loglikelihood: -846582	(delta): 21.7623
17 (QN/Block) 	Elapsed: 0.146	Loglikelihood: -846548	(delta): 34.5181
18 (QN/Block) 	Elapsed: 0.146	Loglikelihood: -846478	(delta): 70.0129
19 (QN/Block) 	Elapsed: 0.143	Loglikelihood: -846213	(delta): 264.861
20 (QN/Block) 	Elapsed: 0.143	Loglikelihood: -842594	(delta): 3619.03
21 (QN/Block) 	Elapsed: 0.133	Loglikelihood: -833414	(delta): 9179.96
22 (QN/Block) 	Elapsed: 0.143	Loglikelihood: -829458	(delta): 3956.31
23 (QN/Block) 	Elapsed: 0.114	Loglikelihood: -828477	(delta): 980.781
24 (QN/Block) 	Elapsed: 0.114	Loglikelihood: -828336	(delta): 140.922
25 (QN/Block) 	Elapsed: 0.143	Loglikelihood: -828317	(delta): 18.5057
26 (QN/Block) 	Elapsed: 0.143	Loglikelihood: -828317	(delta): 0.405373
27 (QN/Block) 	Elapsed: 0.114	Loglikelihood: -828317	(delta): 0.00812717
28 (QN/Block) 	Elapsed: 0.123	Loglikelihood: -828317	(delta): 0.000496376
29 (QN/Block) 	Elapsed: 0.114	Loglikelihood: -828317	(delta): 4.53484e-06
Summary: 
Converged in 29 iterations (4.341 sec)
Loglikelihood: -828317.044449
Fst divergences between estimated populations: 
	Pop0	
Pop0	
Pop1	0.247	
CV error (K=2): 0.19762
Writing output files.
