****                   ADMIXTURE Version 1.3.0                  ****
****                    Copyright 2008-2015                     ****
****           David Alexander, Suyash Shringarpure,            ****
****                John  Novembre, Ken Lange                   ****
****                                                            ****
****                 Please cite our paper!                     ****
****   Information at www.genetics.ucla.edu/software/admixture  ****

Cross-validation will be performed.  Folds=5.
Random seed: 15846
Point estimation method: Block relaxation algorithm
Convergence acceleration algorithm: QuasiNewton, 3 secant conditions
Point estimation will terminate when objective function delta < 0.0001
Estimation of standard errors disabled; will compute point estimates only.
Size of G: 260x13929
Performing five EM steps to prime main algorithm
1 (EM) 	Elapsed: 0.221	Loglikelihood: -1.08799e+06	(delta): 3.54907e+06
2 (EM) 	Elapsed: 0.216	Loglikelihood: -1.00123e+06	(delta): 86755.6
3 (EM) 	Elapsed: 0.215	Loglikelihood: -988359	(delta): 12872.4
4 (EM) 	Elapsed: 0.215	Loglikelihood: -980737	(delta): 7621.37
5 (EM) 	Elapsed: 0.215	Loglikelihood: -974440	(delta): 6297.94
Initial loglikelihood: -974440
Starting main algorithm
1 (QN/Block) 	Elapsed: 0.578	Loglikelihood: -713929	(delta): 260510
2 (QN/Block) 	Elapsed: 0.578	Loglikelihood: -650899	(delta): 63029.6
3 (QN/Block) 	Elapsed: 0.627	Loglikelihood: -623944	(delta): 26955.5
4 (QN/Block) 	Elapsed: 0.609	Loglikelihood: -607475	(delta): 16469
5 (QN/Block) 	Elapsed: 0.629	Loglikelihood: -599446	(delta): 8029.13
6 (QN/Block) 	Elapsed: 0.657	Loglikelihood: -595518	(delta): 3927.5
7 (QN/Block) 	Elapsed: 0.605	Loglikelihood: -592491	(delta): 3027.22
8 (QN/Block) 	Elapsed: 0.607	Loglikelihood: -589642	(delta): 2849.18
9 (QN/Block) 	Elapsed: 0.606	Loglikelihood: -588176	(delta): 1466.1
10 (QN/Block) 	Elapsed: 0.656	Loglikelihood: -587248	(delta): 927.746
11 (QN/Block) 	Elapsed: 0.606	Loglikelihood: -586891	(delta): 356.826
12 (QN/Block) 	Elapsed: 0.605	Loglikelihood: -586736	(delta): 155.148
13 (QN/Block) 	Elapsed: 0.605	Loglikelihood: -586654	(delta): 82.5413
14 (QN/Block) 	Elapsed: 0.621	Loglikelihood: -586615	(delta): 38.1802
15 (QN/Block) 	Elapsed: 0.605	Loglikelihood: -586570	(delta): 45.1045
16 (QN/Block) 	Elapsed: 0.605	Loglikelihood: -586516	(delta): 54.7033
17 (QN/Block) 	Elapsed: 0.606	Loglikelihood: -586462	(delta): 54.0214
18 (QN/Block) 	Elapsed: 0.612	Loglikelihood: -586428	(delta): 33.1746
19 (QN/Block) 	Elapsed: 0.605	Loglikelihood: -586406	(delta): 22.3341
20 (QN/Block) 	Elapsed: 0.603	Loglikelihood: -586381	(delta): 24.7122
21 (QN/Block) 	Elapsed: 0.605	Loglikelihood: -586375	(delta): 6.18759
22 (QN/Block) 	Elapsed: 0.603	Loglikelihood: -586372	(delta): 3.33275
23 (QN/Block) 	Elapsed: 0.656	Loglikelihood: -586367	(delta): 4.4069
24 (QN/Block) 	Elapsed: 0.656	Loglikelihood: -586364	(delta): 3.06392
25 (QN/Block) 	Elapsed: 0.661	Loglikelihood: -586364	(delta): 0.675421
26 (QN/Block) 	Elapsed: 0.662	Loglikelihood: -586364	(delta): 0.0511901
27 (QN/Block) 	Elapsed: 0.655	Loglikelihood: -586363	(delta): 0.0927235
28 (QN/Block) 	Elapsed: 0.659	Loglikelihood: -586363	(delta): 0.197755
29 (QN/Block) 	Elapsed: 0.656	Loglikelihood: -586363	(delta): 0.459205
30 (QN/Block) 	Elapsed: 0.612	Loglikelihood: -586361	(delta): 1.80443
31 (QN/Block) 	Elapsed: 0.605	Loglikelihood: -586357	(delta): 4.03645
32 (QN/Block) 	Elapsed: 0.621	Loglikelihood: -586357	(delta): 0.0720415
33 (QN/Block) 	Elapsed: 0.605	Loglikelihood: -586357	(delta): 0.000103275
34 (QN/Block) 	Elapsed: 0.612	Loglikelihood: -586357	(delta): 6.04836e-06
Summary: 
Converged in 34 iterations (22.924 sec)
Loglikelihood: -586356.924700
Fst divergences between estimated populations: 
	Pop0	Pop1	Pop2	Pop3	Pop4	Pop5	Pop6	Pop7	
Pop0	
Pop1	0.479	
Pop2	0.326	0.440	
Pop3	0.463	0.482	0.429	
Pop4	0.466	0.485	0.432	0.047	
Pop5	0.370	0.464	0.330	0.458	0.460	
Pop6	0.437	0.456	0.404	0.340	0.344	0.425	
Pop7	0.408	0.173	0.377	0.423	0.426	0.404	0.391	
Pop8	0.439	0.373	0.408	0.451	0.455	0.432	0.427	0.299	
CV error (K=9): 0.14886
Writing output files.
