****                   ADMIXTURE Version 1.3.0                  ****
****                    Copyright 2008-2015                     ****
****           David Alexander, Suyash Shringarpure,            ****
****                John  Novembre, Ken Lange                   ****
****                                                            ****
****                 Please cite our paper!                     ****
****   Information at www.genetics.ucla.edu/software/admixture  ****

Cross-validation will be performed.  Folds=5.
Random seed: 15846
Point estimation method: Block relaxation algorithm
Convergence acceleration algorithm: QuasiNewton, 3 secant conditions
Point estimation will terminate when objective function delta < 0.0001
Estimation of standard errors disabled; will compute point estimates only.
Size of G: 260x13929
Performing five EM steps to prime main algorithm
1 (EM) 	Elapsed: 0.193	Loglikelihood: -1.08736e+06	(delta): 3.58009e+06
2 (EM) 	Elapsed: 0.193	Loglikelihood: -1.00084e+06	(delta): 86517.1
3 (EM) 	Elapsed: 0.19	Loglikelihood: -986798	(delta): 14040.9
4 (EM) 	Elapsed: 0.19	Loglikelihood: -977936	(delta): 8861.58
5 (EM) 	Elapsed: 0.19	Loglikelihood: -970507	(delta): 7429.38
Initial loglikelihood: -970507
Starting main algorithm
1 (QN/Block) 	Elapsed: 0.482	Loglikelihood: -718188	(delta): 252319
2 (QN/Block) 	Elapsed: 0.478	Loglikelihood: -653617	(delta): 64570.9
3 (QN/Block) 	Elapsed: 0.527	Loglikelihood: -627552	(delta): 26065.1
4 (QN/Block) 	Elapsed: 0.558	Loglikelihood: -610312	(delta): 17239.6
5 (QN/Block) 	Elapsed: 0.542	Loglikelihood: -602455	(delta): 7857.46
6 (QN/Block) 	Elapsed: 0.556	Loglikelihood: -598852	(delta): 3603.2
7 (QN/Block) 	Elapsed: 0.507	Loglikelihood: -597118	(delta): 1733.59
8 (QN/Block) 	Elapsed: 0.507	Loglikelihood: -596446	(delta): 672.58
9 (QN/Block) 	Elapsed: 0.508	Loglikelihood: -596281	(delta): 164.546
10 (QN/Block) 	Elapsed: 0.506	Loglikelihood: -596196	(delta): 84.9612
11 (QN/Block) 	Elapsed: 0.556	Loglikelihood: -596157	(delta): 39.2226
12 (QN/Block) 	Elapsed: 0.508	Loglikelihood: -596143	(delta): 14.1228
13 (QN/Block) 	Elapsed: 0.506	Loglikelihood: -596134	(delta): 9.00173
14 (QN/Block) 	Elapsed: 0.554	Loglikelihood: -596124	(delta): 9.9237
15 (QN/Block) 	Elapsed: 0.506	Loglikelihood: -596121	(delta): 3.31137
16 (QN/Block) 	Elapsed: 0.508	Loglikelihood: -596120	(delta): 0.354263
17 (QN/Block) 	Elapsed: 0.507	Loglikelihood: -596120	(delta): 0.137702
18 (QN/Block) 	Elapsed: 0.556	Loglikelihood: -596117	(delta): 3.33027
19 (QN/Block) 	Elapsed: 0.555	Loglikelihood: -596107	(delta): 9.22993
20 (QN/Block) 	Elapsed: 0.522	Loglikelihood: -596104	(delta): 3.48025
21 (QN/Block) 	Elapsed: 0.555	Loglikelihood: -596098	(delta): 5.51387
22 (QN/Block) 	Elapsed: 0.555	Loglikelihood: -596093	(delta): 5.09728
23 (QN/Block) 	Elapsed: 0.556	Loglikelihood: -596093	(delta): 0.104506
24 (QN/Block) 	Elapsed: 0.507	Loglikelihood: -596093	(delta): 0.0117306
25 (QN/Block) 	Elapsed: 0.507	Loglikelihood: -596093	(delta): 0.00122024
26 (QN/Block) 	Elapsed: 0.506	Loglikelihood: -596093	(delta): 5.0344e-05
Summary: 
Converged in 26 iterations (15.152 sec)
Loglikelihood: -596093.268872
Fst divergences between estimated populations: 
	Pop0	Pop1	Pop2	Pop3	Pop4	Pop5	Pop6	
Pop0	
Pop1	0.411	
Pop2	0.432	0.468	
Pop3	0.177	0.481	0.490	
Pop4	0.304	0.250	0.371	0.372	
Pop5	0.398	0.441	0.351	0.462	0.341	
Pop6	0.287	0.420	0.436	0.360	0.329	0.409	
Pop7	0.425	0.462	0.053	0.483	0.363	0.345	0.429	
CV error (K=8): 0.14849
Writing output files.
