****                   ADMIXTURE Version 1.3.0                  ****
****                    Copyright 2008-2015                     ****
****           David Alexander, Suyash Shringarpure,            ****
****                John  Novembre, Ken Lange                   ****
****                                                            ****
****                 Please cite our paper!                     ****
****   Information at www.genetics.ucla.edu/software/admixture  ****

Cross-validation will be performed.  Folds=5.
Random seed: 15846
Point estimation method: Block relaxation algorithm
Convergence acceleration algorithm: QuasiNewton, 3 secant conditions
Point estimation will terminate when objective function delta < 0.0001
Estimation of standard errors disabled; will compute point estimates only.
Size of G: 260x13929
Performing five EM steps to prime main algorithm
1 (EM) 	Elapsed: 0.099	Loglikelihood: -1.08016e+06	(delta): 3.84631e+06
2 (EM) 	Elapsed: 0.097	Loglikelihood: -1.00749e+06	(delta): 72673.5
3 (EM) 	Elapsed: 0.097	Loglikelihood: -995909	(delta): 11582.6
4 (EM) 	Elapsed: 0.097	Loglikelihood: -989334	(delta): 6574.79
5 (EM) 	Elapsed: 0.097	Loglikelihood: -984748	(delta): 4585.48
Initial loglikelihood: -984748
Starting main algorithm
1 (QN/Block) 	Elapsed: 0.192	Loglikelihood: -850164	(delta): 134584
2 (QN/Block) 	Elapsed: 0.192	Loglikelihood: -765966	(delta): 84197.7
3 (QN/Block) 	Elapsed: 0.217	Loglikelihood: -719502	(delta): 46464.3
4 (QN/Block) 	Elapsed: 0.217	Loglikelihood: -683589	(delta): 35913.4
5 (QN/Block) 	Elapsed: 0.229	Loglikelihood: -659472	(delta): 24116.2
6 (QN/Block) 	Elapsed: 0.24	Loglikelihood: -655026	(delta): 4446.09
7 (QN/Block) 	Elapsed: 0.216	Loglikelihood: -654214	(delta): 812.479
8 (QN/Block) 	Elapsed: 0.216	Loglikelihood: -653999	(delta): 214.33
9 (QN/Block) 	Elapsed: 0.216	Loglikelihood: -653966	(delta): 33.8342
10 (QN/Block) 	Elapsed: 0.216	Loglikelihood: -653957	(delta): 8.81527
11 (QN/Block) 	Elapsed: 0.252	Loglikelihood: -653954	(delta): 2.54315
12 (QN/Block) 	Elapsed: 0.216	Loglikelihood: -653954	(delta): 0.09785
13 (QN/Block) 	Elapsed: 0.251	Loglikelihood: -653954	(delta): 0.00645931
14 (QN/Block) 	Elapsed: 0.216	Loglikelihood: -653954	(delta): 0.011068
15 (QN/Block) 	Elapsed: 0.216	Loglikelihood: -653954	(delta): 0.00207324
16 (QN/Block) 	Elapsed: 0.216	Loglikelihood: -653954	(delta): 0.000397765
17 (QN/Block) 	Elapsed: 0.216	Loglikelihood: -653954	(delta): 0.000523864
18 (QN/Block) 	Elapsed: 0.217	Loglikelihood: -653954	(delta): 0.000754641
19 (QN/Block) 	Elapsed: 0.216	Loglikelihood: -653954	(delta): 0.00144296
20 (QN/Block) 	Elapsed: 0.252	Loglikelihood: -653954	(delta): 0.00020918
21 (QN/Block) 	Elapsed: 0.216	Loglikelihood: -653954	(delta): 0.000863956
22 (QN/Block) 	Elapsed: 0.252	Loglikelihood: -653954	(delta): 1.39532e-05
Summary: 
Converged in 22 iterations (5.743 sec)
Loglikelihood: -653954.157331
Fst divergences between estimated populations: 
	Pop0	Pop1	Pop2	
Pop0	
Pop1	0.406	
Pop2	0.290	0.361	
Pop3	0.416	0.366	0.369	
CV error (K=4): 0.15110
Writing output files.
