****                   ADMIXTURE Version 1.3.0                  ****
****                    Copyright 2008-2015                     ****
****           David Alexander, Suyash Shringarpure,            ****
****                John  Novembre, Ken Lange                   ****
****                                                            ****
****                 Please cite our paper!                     ****
****   Information at www.genetics.ucla.edu/software/admixture  ****

Cross-validation will be performed.  Folds=5.
Random seed: 15846
Point estimation method: Block relaxation algorithm
Convergence acceleration algorithm: QuasiNewton, 3 secant conditions
Point estimation will terminate when objective function delta < 0.0001
Estimation of standard errors disabled; will compute point estimates only.
Size of G: 260x13929
Performing five EM steps to prime main algorithm
1 (EM) 	Elapsed: 0.255	Loglikelihood: -1.08795e+06	(delta): 3.5267e+06
2 (EM) 	Elapsed: 0.255	Loglikelihood: -1.00001e+06	(delta): 87943.8
3 (EM) 	Elapsed: 0.258	Loglikelihood: -986909	(delta): 13099.6
4 (EM) 	Elapsed: 0.255	Loglikelihood: -979176	(delta): 7733.22
5 (EM) 	Elapsed: 0.256	Loglikelihood: -972772	(delta): 6404.63
Initial loglikelihood: -972772
Starting main algorithm
1 (QN/Block) 	Elapsed: 0.691	Loglikelihood: -718015	(delta): 254757
2 (QN/Block) 	Elapsed: 0.678	Loglikelihood: -647124	(delta): 70890.7
3 (QN/Block) 	Elapsed: 0.715	Loglikelihood: -619410	(delta): 27714
4 (QN/Block) 	Elapsed: 0.734	Loglikelihood: -600358	(delta): 19051.9
5 (QN/Block) 	Elapsed: 0.747	Loglikelihood: -590307	(delta): 10051.4
6 (QN/Block) 	Elapsed: 0.765	Loglikelihood: -586007	(delta): 4300.12
7 (QN/Block) 	Elapsed: 0.709	Loglikelihood: -584341	(delta): 1665.51
8 (QN/Block) 	Elapsed: 0.764	Loglikelihood: -583749	(delta): 592.395
9 (QN/Block) 	Elapsed: 0.71	Loglikelihood: -583485	(delta): 263.535
10 (QN/Block) 	Elapsed: 0.77	Loglikelihood: -583368	(delta): 116.678
11 (QN/Block) 	Elapsed: 0.709	Loglikelihood: -583273	(delta): 95.9147
12 (QN/Block) 	Elapsed: 0.71	Loglikelihood: -583172	(delta): 100.107
13 (QN/Block) 	Elapsed: 0.71	Loglikelihood: -583107	(delta): 65.7289
14 (QN/Block) 	Elapsed: 0.725	Loglikelihood: -583069	(delta): 38.0814
15 (QN/Block) 	Elapsed: 0.711	Loglikelihood: -583042	(delta): 26.2399
16 (QN/Block) 	Elapsed: 0.711	Loglikelihood: -583024	(delta): 18.1538
17 (QN/Block) 	Elapsed: 0.747	Loglikelihood: -583009	(delta): 15.3591
18 (QN/Block) 	Elapsed: 0.729	Loglikelihood: -582994	(delta): 15.1223
19 (QN/Block) 	Elapsed: 0.727	Loglikelihood: -582986	(delta): 7.32918
20 (QN/Block) 	Elapsed: 0.71	Loglikelihood: -582982	(delta): 4.80299
21 (QN/Block) 	Elapsed: 0.711	Loglikelihood: -582980	(delta): 1.42534
22 (QN/Block) 	Elapsed: 0.753	Loglikelihood: -582978	(delta): 1.70338
23 (QN/Block) 	Elapsed: 0.747	Loglikelihood: -582978	(delta): 0.0767819
24 (QN/Block) 	Elapsed: 0.712	Loglikelihood: -582978	(delta): 0.337908
25 (QN/Block) 	Elapsed: 0.71	Loglikelihood: -582977	(delta): 0.584506
26 (QN/Block) 	Elapsed: 0.766	Loglikelihood: -582977	(delta): 0.591519
27 (QN/Block) 	Elapsed: 0.709	Loglikelihood: -582977	(delta): 0.126755
28 (QN/Block) 	Elapsed: 0.726	Loglikelihood: -582977	(delta): 0.215899
29 (QN/Block) 	Elapsed: 0.765	Loglikelihood: -582975	(delta): 1.25873
30 (QN/Block) 	Elapsed: 0.766	Loglikelihood: -582974	(delta): 0.852183
31 (QN/Block) 	Elapsed: 0.768	Loglikelihood: -582974	(delta): 0.012714
32 (QN/Block) 	Elapsed: 0.709	Loglikelihood: -582974	(delta): 0.00821449
33 (QN/Block) 	Elapsed: 0.709	Loglikelihood: -582974	(delta): 0.000317362
34 (QN/Block) 	Elapsed: 0.709	Loglikelihood: -582974	(delta): 3.38079e-05
Summary: 
Converged in 34 iterations (26.824 sec)
Loglikelihood: -582974.420557
Fst divergences between estimated populations: 
	Pop0	Pop1	Pop2	Pop3	Pop4	Pop5	Pop6	Pop7	Pop8	
Pop0	
Pop1	0.485	
Pop2	0.428	0.433	
Pop3	0.467	0.479	0.336	
Pop4	0.453	0.459	0.327	0.336	
Pop5	0.047	0.482	0.426	0.465	0.451	
Pop6	0.350	0.461	0.404	0.444	0.427	0.349	
Pop7	0.429	0.174	0.375	0.413	0.396	0.426	0.399	
Pop8	0.446	0.322	0.399	0.442	0.417	0.444	0.424	0.241	
Pop9	0.378	0.492	0.428	0.469	0.452	0.378	0.118	0.431	0.451	
CV error (K=10): 0.15039
Writing output files.
