****                   ADMIXTURE Version 1.3.0                  ****
****                    Copyright 2008-2015                     ****
****           David Alexander, Suyash Shringarpure,            ****
****                John  Novembre, Ken Lange                   ****
****                                                            ****
****                 Please cite our paper!                     ****
****   Information at www.genetics.ucla.edu/software/admixture  ****

Cross-validation will be performed.  Folds=5.
Random seed: 12485
Point estimation method: Block relaxation algorithm
Convergence acceleration algorithm: QuasiNewton, 3 secant conditions
Point estimation will terminate when objective function delta < 0.0001
Estimation of standard errors disabled; will compute point estimates only.
Size of G: 260x6978
Performing five EM steps to prime main algorithm
1 (EM) 	Elapsed: 0.119	Loglikelihood: -1.81504e+06	(delta): 764743
2 (EM) 	Elapsed: 0.119	Loglikelihood: -1.76185e+06	(delta): 53198.1
3 (EM) 	Elapsed: 0.118	Loglikelihood: -1.74865e+06	(delta): 13193
4 (EM) 	Elapsed: 0.118	Loglikelihood: -1.73875e+06	(delta): 9900.97
5 (EM) 	Elapsed: 0.118	Loglikelihood: -1.72822e+06	(delta): 10531.2
Initial loglikelihood: -1.72822e+06
Starting main algorithm
1 (QN/Block) 	Elapsed: 0.309	Loglikelihood: -1.18323e+06	(delta): 544988
2 (QN/Block) 	Elapsed: 0.314	Loglikelihood: -1.08818e+06	(delta): 95049.8
3 (QN/Block) 	Elapsed: 0.345	Loglikelihood: -1.05218e+06	(delta): 36007.7
4 (QN/Block) 	Elapsed: 0.331	Loglikelihood: -1.0346e+06	(delta): 17580.8
5 (QN/Block) 	Elapsed: 0.342	Loglikelihood: -1.02869e+06	(delta): 5902.7
6 (QN/Block) 	Elapsed: 0.33	Loglikelihood: -1.02691e+06	(delta): 1781.54
7 (QN/Block) 	Elapsed: 0.33	Loglikelihood: -1.0264e+06	(delta): 512.152
8 (QN/Block) 	Elapsed: 0.331	Loglikelihood: -1.02613e+06	(delta): 270.255
9 (QN/Block) 	Elapsed: 0.329	Loglikelihood: -1.02594e+06	(delta): 184.172
10 (QN/Block) 	Elapsed: 0.33	Loglikelihood: -1.0258e+06	(delta): 144.364
11 (QN/Block) 	Elapsed: 0.329	Loglikelihood: -1.02573e+06	(delta): 69.6059
12 (QN/Block) 	Elapsed: 0.329	Loglikelihood: -1.02567e+06	(delta): 58.7579
13 (QN/Block) 	Elapsed: 0.329	Loglikelihood: -1.02563e+06	(delta): 38.289
14 (QN/Block) 	Elapsed: 0.352	Loglikelihood: -1.0256e+06	(delta): 29.8368
15 (QN/Block) 	Elapsed: 0.352	Loglikelihood: -1.02559e+06	(delta): 13.8114
16 (QN/Block) 	Elapsed: 0.362	Loglikelihood: -1.02558e+06	(delta): 12.3795
17 (QN/Block) 	Elapsed: 0.362	Loglikelihood: -1.02557e+06	(delta): 3.08057
18 (QN/Block) 	Elapsed: 0.362	Loglikelihood: -1.02557e+06	(delta): 1.7577
19 (QN/Block) 	Elapsed: 0.339	Loglikelihood: -1.02557e+06	(delta): 1.21857
20 (QN/Block) 	Elapsed: 0.329	Loglikelihood: -1.02557e+06	(delta): 0.904243
21 (QN/Block) 	Elapsed: 0.33	Loglikelihood: -1.02557e+06	(delta): 1.27273
22 (QN/Block) 	Elapsed: 0.329	Loglikelihood: -1.02557e+06	(delta): 3.10405
23 (QN/Block) 	Elapsed: 0.329	Loglikelihood: -1.02556e+06	(delta): 2.11359
24 (QN/Block) 	Elapsed: 0.341	Loglikelihood: -1.02556e+06	(delta): 1.83556
25 (QN/Block) 	Elapsed: 0.351	Loglikelihood: -1.02556e+06	(delta): 1.74367
26 (QN/Block) 	Elapsed: 0.34	Loglikelihood: -1.02556e+06	(delta): 1.37813
27 (QN/Block) 	Elapsed: 0.329	Loglikelihood: -1.02556e+06	(delta): 2.35752
28 (QN/Block) 	Elapsed: 0.329	Loglikelihood: -1.02555e+06	(delta): 1.80115
29 (QN/Block) 	Elapsed: 0.328	Loglikelihood: -1.02555e+06	(delta): 3.23348
30 (QN/Block) 	Elapsed: 0.34	Loglikelihood: -1.02555e+06	(delta): 6.08813
31 (QN/Block) 	Elapsed: 0.352	Loglikelihood: -1.02554e+06	(delta): 4.00996
32 (QN/Block) 	Elapsed: 0.329	Loglikelihood: -1.02554e+06	(delta): 1.69956
33 (QN/Block) 	Elapsed: 0.361	Loglikelihood: -1.02554e+06	(delta): 1.06859
34 (QN/Block) 	Elapsed: 0.362	Loglikelihood: -1.02554e+06	(delta): 1.30697
35 (QN/Block) 	Elapsed: 0.362	Loglikelihood: -1.02554e+06	(delta): 1.71551
36 (QN/Block) 	Elapsed: 0.363	Loglikelihood: -1.02553e+06	(delta): 2.41056
37 (QN/Block) 	Elapsed: 0.361	Loglikelihood: -1.02553e+06	(delta): 4.16553
38 (QN/Block) 	Elapsed: 0.361	Loglikelihood: -1.02553e+06	(delta): 2.80101
39 (QN/Block) 	Elapsed: 0.361	Loglikelihood: -1.02552e+06	(delta): 2.00357
40 (QN/Block) 	Elapsed: 0.361	Loglikelihood: -1.02552e+06	(delta): 3.92558
41 (QN/Block) 	Elapsed: 0.361	Loglikelihood: -1.02552e+06	(delta): 3.83264
42 (QN/Block) 	Elapsed: 0.329	Loglikelihood: -1.02551e+06	(delta): 6.3462
43 (QN/Block) 	Elapsed: 0.329	Loglikelihood: -1.02551e+06	(delta): 1.83329
44 (QN/Block) 	Elapsed: 0.329	Loglikelihood: -1.02551e+06	(delta): 1.48371
45 (QN/Block) 	Elapsed: 0.361	Loglikelihood: -1.02551e+06	(delta): 1.89993
46 (QN/Block) 	Elapsed: 0.363	Loglikelihood: -1.0255e+06	(delta): 2.04635
47 (QN/Block) 	Elapsed: 0.362	Loglikelihood: -1.0255e+06	(delta): 1.68273
48 (QN/Block) 	Elapsed: 0.351	Loglikelihood: -1.0255e+06	(delta): 0.672571
49 (QN/Block) 	Elapsed: 0.362	Loglikelihood: -1.0255e+06	(delta): 0.185921
50 (QN/Block) 	Elapsed: 0.362	Loglikelihood: -1.0255e+06	(delta): 0.218027
51 (QN/Block) 	Elapsed: 0.361	Loglikelihood: -1.0255e+06	(delta): 0.351871
52 (QN/Block) 	Elapsed: 0.351	Loglikelihood: -1.0255e+06	(delta): 0.269053
53 (QN/Block) 	Elapsed: 0.351	Loglikelihood: -1.0255e+06	(delta): 0.262751
54 (QN/Block) 	Elapsed: 0.339	Loglikelihood: -1.0255e+06	(delta): 0.0257266
55 (QN/Block) 	Elapsed: 0.33	Loglikelihood: -1.0255e+06	(delta): 0.00172312
56 (QN/Block) 	Elapsed: 0.351	Loglikelihood: -1.0255e+06	(delta): 0.000818889
57 (QN/Block) 	Elapsed: 0.329	Loglikelihood: -1.0255e+06	(delta): 0.000709894
58 (QN/Block) 	Elapsed: 0.362	Loglikelihood: -1.0255e+06	(delta): 1.94575e-05
Summary: 
Converged in 58 iterations (21.287 sec)
Loglikelihood: -1025499.283931
Fst divergences between estimated populations: 
	Pop0	Pop1	Pop2	Pop3	Pop4	Pop5	Pop6	Pop7	
Pop0	
Pop1	0.380	
Pop2	0.510	0.414	
Pop3	0.368	0.259	0.183	
Pop4	0.379	0.404	0.526	0.385	
Pop5	0.480	0.236	0.512	0.365	0.502	
Pop6	0.444	0.348	0.141	0.101	0.460	0.446	
Pop7	0.417	0.135	0.450	0.297	0.437	0.276	0.383	
Pop8	0.376	0.402	0.520	0.385	0.042	0.500	0.459	0.436	
CV error (K=9): 0.37623
Writing output files.
