****                   ADMIXTURE Version 1.3.0                  ****
****                    Copyright 2008-2015                     ****
****           David Alexander, Suyash Shringarpure,            ****
****                John  Novembre, Ken Lange                   ****
****                                                            ****
****                 Please cite our paper!                     ****
****   Information at www.genetics.ucla.edu/software/admixture  ****

Cross-validation will be performed.  Folds=5.
Random seed: 12485
Point estimation method: Block relaxation algorithm
Convergence acceleration algorithm: QuasiNewton, 3 secant conditions
Point estimation will terminate when objective function delta < 0.0001
Estimation of standard errors disabled; will compute point estimates only.
Size of G: 260x6978
Performing five EM steps to prime main algorithm
1 (EM) 	Elapsed: 0.042	Loglikelihood: -1.82297e+06	(delta): 1.01574e+06
2 (EM) 	Elapsed: 0.041	Loglikelihood: -1.76871e+06	(delta): 54262.8
3 (EM) 	Elapsed: 0.041	Loglikelihood: -1.75147e+06	(delta): 17240.6
4 (EM) 	Elapsed: 0.041	Loglikelihood: -1.74129e+06	(delta): 10181.1
5 (EM) 	Elapsed: 0.041	Loglikelihood: -1.73404e+06	(delta): 7240.84
Initial loglikelihood: -1.73404e+06
Starting main algorithm
1 (QN/Block) 	Elapsed: 0.073	Loglikelihood: -1.43636e+06	(delta): 297688
2 (QN/Block) 	Elapsed: 0.073	Loglikelihood: -1.37511e+06	(delta): 61250.1
3 (QN/Block) 	Elapsed: 0.088	Loglikelihood: -1.33874e+06	(delta): 36367.6
4 (QN/Block) 	Elapsed: 0.11	Loglikelihood: -1.28567e+06	(delta): 53072.1
5 (QN/Block) 	Elapsed: 0.111	Loglikelihood: -1.24959e+06	(delta): 36072.2
6 (QN/Block) 	Elapsed: 0.103	Loglikelihood: -1.2468e+06	(delta): 2792.73
7 (QN/Block) 	Elapsed: 0.089	Loglikelihood: -1.24586e+06	(delta): 938.275
8 (QN/Block) 	Elapsed: 0.11	Loglikelihood: -1.2457e+06	(delta): 166.737
9 (QN/Block) 	Elapsed: 0.11	Loglikelihood: -1.24566e+06	(delta): 34.0515
10 (QN/Block) 	Elapsed: 0.11	Loglikelihood: -1.24566e+06	(delta): 2.95265
11 (QN/Block) 	Elapsed: 0.11	Loglikelihood: -1.24566e+06	(delta): 1.2376
12 (QN/Block) 	Elapsed: 0.11	Loglikelihood: -1.24566e+06	(delta): 0.152659
13 (QN/Block) 	Elapsed: 0.11	Loglikelihood: -1.24566e+06	(delta): 0.000388442
14 (QN/Block) 	Elapsed: 0.11	Loglikelihood: -1.24566e+06	(delta): 6.72871e-05
Summary: 
Converged in 14 iterations (1.794 sec)
Loglikelihood: -1245658.808617
Fst divergences between estimated populations: 
	Pop0	Pop1	
Pop0	
Pop1	0.319	
Pop2	0.369	0.348	
CV error (K=3): 0.47231
Writing output files.
