****                   ADMIXTURE Version 1.3.0                  ****
****                    Copyright 2008-2015                     ****
****           David Alexander, Suyash Shringarpure,            ****
****                John  Novembre, Ken Lange                   ****
****                                                            ****
****                 Please cite our paper!                     ****
****   Information at www.genetics.ucla.edu/software/admixture  ****

Cross-validation will be performed.  Folds=5.
Random seed: 12485
Point estimation method: Block relaxation algorithm
Convergence acceleration algorithm: QuasiNewton, 3 secant conditions
Point estimation will terminate when objective function delta < 0.0001
Estimation of standard errors disabled; will compute point estimates only.
Size of G: 260x6978
Performing five EM steps to prime main algorithm
1 (EM) 	Elapsed: 0.03	Loglikelihood: -1.80464e+06	(delta): 1.23232e+06
2 (EM) 	Elapsed: 0.028	Loglikelihood: -1.75602e+06	(delta): 48627.7
3 (EM) 	Elapsed: 0.028	Loglikelihood: -1.74156e+06	(delta): 14457.5
4 (EM) 	Elapsed: 0.028	Loglikelihood: -1.73356e+06	(delta): 7998.34
5 (EM) 	Elapsed: 0.028	Loglikelihood: -1.72806e+06	(delta): 5496.45
Initial loglikelihood: -1.72806e+06
Starting main algorithm
1 (QN/Block) 	Elapsed: 0.048	Loglikelihood: -1.57805e+06	(delta): 150017
2 (QN/Block) 	Elapsed: 0.048	Loglikelihood: -1.53337e+06	(delta): 44673.9
3 (QN/Block) 	Elapsed: 0.062	Loglikelihood: -1.5e+06	(delta): 33376.9
4 (QN/Block) 	Elapsed: 0.083	Loglikelihood: -1.48161e+06	(delta): 18386.2
5 (QN/Block) 	Elapsed: 0.069	Loglikelihood: -1.47672e+06	(delta): 4892.67
6 (QN/Block) 	Elapsed: 0.082	Loglikelihood: -1.4763e+06	(delta): 414.838
7 (QN/Block) 	Elapsed: 0.062	Loglikelihood: -1.47617e+06	(delta): 133.191
8 (QN/Block) 	Elapsed: 0.069	Loglikelihood: -1.47614e+06	(delta): 30.1861
9 (QN/Block) 	Elapsed: 0.062	Loglikelihood: -1.47614e+06	(delta): 1.78106
10 (QN/Block) 	Elapsed: 0.062	Loglikelihood: -1.47614e+06	(delta): 0.136741
11 (QN/Block) 	Elapsed: 0.061	Loglikelihood: -1.47614e+06	(delta): 0.00294837
12 (QN/Block) 	Elapsed: 0.061	Loglikelihood: -1.47614e+06	(delta): 0.000195512
13 (QN/Block) 	Elapsed: 0.061	Loglikelihood: -1.47614e+06	(delta): 1.09663e-06
Summary: 
Converged in 13 iterations (1.125 sec)
Loglikelihood: -1476136.898780
Fst divergences between estimated populations: 
	Pop0	
Pop0	
Pop1	0.306	
CV error (K=2): 0.59855
Writing output files.
