****                   ADMIXTURE Version 1.3.0                  ****
****                    Copyright 2008-2015                     ****
****           David Alexander, Suyash Shringarpure,            ****
****                John  Novembre, Ken Lange                   ****
****                                                            ****
****                 Please cite our paper!                     ****
****   Information at www.genetics.ucla.edu/software/admixture  ****

Cross-validation will be performed.  Folds=5.
Random seed: 12485
Point estimation method: Block relaxation algorithm
Convergence acceleration algorithm: QuasiNewton, 3 secant conditions
Point estimation will terminate when objective function delta < 0.0001
Estimation of standard errors disabled; will compute point estimates only.
Size of G: 260x6978
Performing five EM steps to prime main algorithm
1 (EM) 	Elapsed: 0.105	Loglikelihood: -1.81586e+06	(delta): 785254
2 (EM) 	Elapsed: 0.104	Loglikelihood: -1.76173e+06	(delta): 54131.8
3 (EM) 	Elapsed: 0.103	Loglikelihood: -1.7465e+06	(delta): 15232.4
4 (EM) 	Elapsed: 0.103	Loglikelihood: -1.73372e+06	(delta): 12772.6
5 (EM) 	Elapsed: 0.103	Loglikelihood: -1.71897e+06	(delta): 14750.8
Initial loglikelihood: -1.71897e+06
Starting main algorithm
1 (QN/Block) 	Elapsed: 0.261	Loglikelihood: -1.17681e+06	(delta): 542168
2 (QN/Block) 	Elapsed: 0.262	Loglikelihood: -1.10424e+06	(delta): 72567.1
3 (QN/Block) 	Elapsed: 0.28	Loglikelihood: -1.07131e+06	(delta): 32924.5
4 (QN/Block) 	Elapsed: 0.279	Loglikelihood: -1.05118e+06	(delta): 20132.8
5 (QN/Block) 	Elapsed: 0.278	Loglikelihood: -1.04543e+06	(delta): 5746.58
6 (QN/Block) 	Elapsed: 0.277	Loglikelihood: -1.04386e+06	(delta): 1571.49
7 (QN/Block) 	Elapsed: 0.277	Loglikelihood: -1.04344e+06	(delta): 427.965
8 (QN/Block) 	Elapsed: 0.277	Loglikelihood: -1.04328e+06	(delta): 153.859
9 (QN/Block) 	Elapsed: 0.277	Loglikelihood: -1.04317e+06	(delta): 115.51
10 (QN/Block) 	Elapsed: 0.277	Loglikelihood: -1.04309e+06	(delta): 76.4385
11 (QN/Block) 	Elapsed: 0.277	Loglikelihood: -1.04301e+06	(delta): 83.2969
12 (QN/Block) 	Elapsed: 0.276	Loglikelihood: -1.04298e+06	(delta): 23.8041
13 (QN/Block) 	Elapsed: 0.277	Loglikelihood: -1.04297e+06	(delta): 11.4648
14 (QN/Block) 	Elapsed: 0.307	Loglikelihood: -1.04296e+06	(delta): 7.05171
15 (QN/Block) 	Elapsed: 0.307	Loglikelihood: -1.04296e+06	(delta): 8.05393
16 (QN/Block) 	Elapsed: 0.307	Loglikelihood: -1.04295e+06	(delta): 8.47775
17 (QN/Block) 	Elapsed: 0.306	Loglikelihood: -1.04294e+06	(delta): 6.53399
18 (QN/Block) 	Elapsed: 0.306	Loglikelihood: -1.04294e+06	(delta): 3.27289
19 (QN/Block) 	Elapsed: 0.306	Loglikelihood: -1.04293e+06	(delta): 3.16587
20 (QN/Block) 	Elapsed: 0.306	Loglikelihood: -1.04293e+06	(delta): 2.11077
21 (QN/Block) 	Elapsed: 0.276	Loglikelihood: -1.04293e+06	(delta): 1.85851
22 (QN/Block) 	Elapsed: 0.285	Loglikelihood: -1.04293e+06	(delta): 1.26668
23 (QN/Block) 	Elapsed: 0.286	Loglikelihood: -1.04293e+06	(delta): 1.24104
24 (QN/Block) 	Elapsed: 0.306	Loglikelihood: -1.04293e+06	(delta): 0.846281
25 (QN/Block) 	Elapsed: 0.306	Loglikelihood: -1.04293e+06	(delta): 0.252219
26 (QN/Block) 	Elapsed: 0.306	Loglikelihood: -1.04293e+06	(delta): 0.329601
27 (QN/Block) 	Elapsed: 0.306	Loglikelihood: -1.04293e+06	(delta): 0.441199
28 (QN/Block) 	Elapsed: 0.306	Loglikelihood: -1.04293e+06	(delta): 0.074956
29 (QN/Block) 	Elapsed: 0.287	Loglikelihood: -1.04293e+06	(delta): 0.156148
30 (QN/Block) 	Elapsed: 0.307	Loglikelihood: -1.04293e+06	(delta): 0.00636642
31 (QN/Block) 	Elapsed: 0.276	Loglikelihood: -1.04293e+06	(delta): 0.000347724
32 (QN/Block) 	Elapsed: 0.276	Loglikelihood: -1.04293e+06	(delta): 0.000109826
33 (QN/Block) 	Elapsed: 0.276	Loglikelihood: -1.04293e+06	(delta): 2.74077e-06
Summary: 
Converged in 33 iterations (10.473 sec)
Loglikelihood: -1042925.791365
Fst divergences between estimated populations: 
	Pop0	Pop1	Pop2	Pop3	Pop4	Pop5	Pop6	
Pop0	
Pop1	0.401	
Pop2	0.377	0.379	
Pop3	0.400	0.042	0.375	
Pop4	0.412	0.526	0.510	0.520	
Pop5	0.235	0.502	0.479	0.500	0.512	
Pop6	0.136	0.437	0.417	0.437	0.450	0.276	
Pop7	0.335	0.447	0.430	0.447	0.160	0.434	0.370	
CV error (K=8): 0.37973
Writing output files.
