****                   ADMIXTURE Version 1.3.0                  ****
****                    Copyright 2008-2015                     ****
****           David Alexander, Suyash Shringarpure,            ****
****                John  Novembre, Ken Lange                   ****
****                                                            ****
****                 Please cite our paper!                     ****
****   Information at www.genetics.ucla.edu/software/admixture  ****

Cross-validation will be performed.  Folds=5.
Random seed: 12485
Point estimation method: Block relaxation algorithm
Convergence acceleration algorithm: QuasiNewton, 3 secant conditions
Point estimation will terminate when objective function delta < 0.0001
Estimation of standard errors disabled; will compute point estimates only.
Size of G: 260x6978
Performing five EM steps to prime main algorithm
1 (EM) 	Elapsed: 0.054	Loglikelihood: -1.8232e+06	(delta): 915066
2 (EM) 	Elapsed: 0.053	Loglikelihood: -1.76699e+06	(delta): 56204.1
3 (EM) 	Elapsed: 0.053	Loglikelihood: -1.74828e+06	(delta): 18715.9
4 (EM) 	Elapsed: 0.053	Loglikelihood: -1.73485e+06	(delta): 13428
5 (EM) 	Elapsed: 0.053	Loglikelihood: -1.72242e+06	(delta): 12427.2
Initial loglikelihood: -1.72242e+06
Starting main algorithm
1 (QN/Block) 	Elapsed: 0.105	Loglikelihood: -1.30198e+06	(delta): 420437
2 (QN/Block) 	Elapsed: 0.106	Loglikelihood: -1.19728e+06	(delta): 104706
3 (QN/Block) 	Elapsed: 0.122	Loglikelihood: -1.15771e+06	(delta): 39567.6
4 (QN/Block) 	Elapsed: 0.121	Loglikelihood: -1.13739e+06	(delta): 20323.1
5 (QN/Block) 	Elapsed: 0.121	Loglikelihood: -1.13376e+06	(delta): 3631.8
6 (QN/Block) 	Elapsed: 0.119	Loglikelihood: -1.13317e+06	(delta): 587.421
7 (QN/Block) 	Elapsed: 0.117	Loglikelihood: -1.13303e+06	(delta): 141.875
8 (QN/Block) 	Elapsed: 0.141	Loglikelihood: -1.13301e+06	(delta): 17.8733
9 (QN/Block) 	Elapsed: 0.133	Loglikelihood: -1.13301e+06	(delta): 0.715942
10 (QN/Block) 	Elapsed: 0.141	Loglikelihood: -1.13301e+06	(delta): 0.0181811
11 (QN/Block) 	Elapsed: 0.117	Loglikelihood: -1.13301e+06	(delta): 0.00564249
12 (QN/Block) 	Elapsed: 0.117	Loglikelihood: -1.13301e+06	(delta): 0.000764402
13 (QN/Block) 	Elapsed: 0.117	Loglikelihood: -1.13301e+06	(delta): 6.91926e-06
Summary: 
Converged in 13 iterations (2.016 sec)
Loglikelihood: -1133007.341814
Fst divergences between estimated populations: 
	Pop0	Pop1	Pop2	
Pop0	
Pop1	0.440	
Pop2	0.383	0.348	
Pop3	0.371	0.450	0.401	
CV error (K=4): 0.41137
Writing output files.
