****                   ADMIXTURE Version 1.3.0                  ****
****                    Copyright 2008-2015                     ****
****           David Alexander, Suyash Shringarpure,            ****
****                John  Novembre, Ken Lange                   ****
****                                                            ****
****                 Please cite our paper!                     ****
****   Information at www.genetics.ucla.edu/software/admixture  ****

Cross-validation will be performed.  Folds=5.
Random seed: 12485
Point estimation method: Block relaxation algorithm
Convergence acceleration algorithm: QuasiNewton, 3 secant conditions
Point estimation will terminate when objective function delta < 0.0001
Estimation of standard errors disabled; will compute point estimates only.
Size of G: 260x6978
Performing five EM steps to prime main algorithm
1 (EM) 	Elapsed: 0.067	Loglikelihood: -1.82411e+06	(delta): 857628
2 (EM) 	Elapsed: 0.065	Loglikelihood: -1.76952e+06	(delta): 54594.4
3 (EM) 	Elapsed: 0.065	Loglikelihood: -1.7538e+06	(delta): 15717.9
4 (EM) 	Elapsed: 0.065	Loglikelihood: -1.74302e+06	(delta): 10778.5
5 (EM) 	Elapsed: 0.065	Loglikelihood: -1.73326e+06	(delta): 9768.05
Initial loglikelihood: -1.73326e+06
Starting main algorithm
1 (QN/Block) 	Elapsed: 0.13	Loglikelihood: -1.24414e+06	(delta): 489116
2 (QN/Block) 	Elapsed: 0.131	Loglikelihood: -1.14379e+06	(delta): 100349
3 (QN/Block) 	Elapsed: 0.148	Loglikelihood: -1.1046e+06	(delta): 39186.8
4 (QN/Block) 	Elapsed: 0.148	Loglikelihood: -1.08413e+06	(delta): 20475.1
5 (QN/Block) 	Elapsed: 0.173	Loglikelihood: -1.08035e+06	(delta): 3775.52
6 (QN/Block) 	Elapsed: 0.148	Loglikelihood: -1.07965e+06	(delta): 699.884
7 (QN/Block) 	Elapsed: 0.148	Loglikelihood: -1.07935e+06	(delta): 300.604
8 (QN/Block) 	Elapsed: 0.173	Loglikelihood: -1.07922e+06	(delta): 135.604
9 (QN/Block) 	Elapsed: 0.157	Loglikelihood: -1.07919e+06	(delta): 32.2955
10 (QN/Block) 	Elapsed: 0.148	Loglikelihood: -1.07918e+06	(delta): 0.707306
11 (QN/Block) 	Elapsed: 0.156	Loglikelihood: -1.07918e+06	(delta): 0.146888
12 (QN/Block) 	Elapsed: 0.148	Loglikelihood: -1.07918e+06	(delta): 0.0197691
13 (QN/Block) 	Elapsed: 0.148	Loglikelihood: -1.07918e+06	(delta): 0.0045539
14 (QN/Block) 	Elapsed: 0.148	Loglikelihood: -1.07918e+06	(delta): 0.000156978
15 (QN/Block) 	Elapsed: 0.148	Loglikelihood: -1.07918e+06	(delta): 6.34068e-06
Summary: 
Converged in 15 iterations (2.78 sec)
Loglikelihood: -1079184.225869
Fst divergences between estimated populations: 
	Pop0	Pop1	Pop2	Pop3	
Pop0	
Pop1	0.394	
Pop2	0.450	0.342	
Pop3	0.371	0.377	0.440	
Pop4	0.495	0.233	0.442	0.479	
CV error (K=5): 0.38589
Writing output files.
