****                   ADMIXTURE Version 1.3.0                  ****
****                    Copyright 2008-2015                     ****
****           David Alexander, Suyash Shringarpure,            ****
****                John  Novembre, Ken Lange                   ****
****                                                            ****
****                 Please cite our paper!                     ****
****   Information at www.genetics.ucla.edu/software/admixture  ****

Cross-validation will be performed.  Folds=5.
Random seed: 12485
Point estimation method: Block relaxation algorithm
Convergence acceleration algorithm: QuasiNewton, 3 secant conditions
Point estimation will terminate when objective function delta < 0.0001
Estimation of standard errors disabled; will compute point estimates only.
Size of G: 260x6978
Performing five EM steps to prime main algorithm
1 (EM) 	Elapsed: 0.135	Loglikelihood: -1.81131e+06	(delta): 757407
2 (EM) 	Elapsed: 0.135	Loglikelihood: -1.75787e+06	(delta): 53438.3
3 (EM) 	Elapsed: 0.133	Loglikelihood: -1.74428e+06	(delta): 13593.1
4 (EM) 	Elapsed: 0.133	Loglikelihood: -1.733e+06	(delta): 11279.9
5 (EM) 	Elapsed: 0.133	Loglikelihood: -1.71995e+06	(delta): 13046.9
Initial loglikelihood: -1.71995e+06
Starting main algorithm
1 (QN/Block) 	Elapsed: 0.365	Loglikelihood: -1.16026e+06	(delta): 559694
2 (QN/Block) 	Elapsed: 0.37	Loglikelihood: -1.07485e+06	(delta): 85407.3
3 (QN/Block) 	Elapsed: 0.393	Loglikelihood: -1.0462e+06	(delta): 28657.7
4 (QN/Block) 	Elapsed: 0.39	Loglikelihood: -1.02995e+06	(delta): 16248.7
5 (QN/Block) 	Elapsed: 0.39	Loglikelihood: -1.02502e+06	(delta): 4927.47
6 (QN/Block) 	Elapsed: 0.389	Loglikelihood: -1.02323e+06	(delta): 1792.22
7 (QN/Block) 	Elapsed: 0.388	Loglikelihood: -1.02248e+06	(delta): 751.38
8 (QN/Block) 	Elapsed: 0.388	Loglikelihood: -1.02216e+06	(delta): 315.191
9 (QN/Block) 	Elapsed: 0.388	Loglikelihood: -1.02192e+06	(delta): 244.5
10 (QN/Block) 	Elapsed: 0.387	Loglikelihood: -1.0218e+06	(delta): 113.381
11 (QN/Block) 	Elapsed: 0.388	Loglikelihood: -1.0217e+06	(delta): 98.7273
12 (QN/Block) 	Elapsed: 0.388	Loglikelihood: -1.02162e+06	(delta): 87.3641
13 (QN/Block) 	Elapsed: 0.387	Loglikelihood: -1.02152e+06	(delta): 99.7138
14 (QN/Block) 	Elapsed: 0.388	Loglikelihood: -1.02144e+06	(delta): 74.5709
15 (QN/Block) 	Elapsed: 0.389	Loglikelihood: -1.02137e+06	(delta): 67.7157
16 (QN/Block) 	Elapsed: 0.399	Loglikelihood: -1.02134e+06	(delta): 33.209
17 (QN/Block) 	Elapsed: 0.411	Loglikelihood: -1.02131e+06	(delta): 26.6295
18 (QN/Block) 	Elapsed: 0.422	Loglikelihood: -1.0213e+06	(delta): 16.4444
19 (QN/Block) 	Elapsed: 0.389	Loglikelihood: -1.02128e+06	(delta): 17.0089
20 (QN/Block) 	Elapsed: 0.41	Loglikelihood: -1.02127e+06	(delta): 8.68836
21 (QN/Block) 	Elapsed: 0.422	Loglikelihood: -1.02127e+06	(delta): 3.37156
22 (QN/Block) 	Elapsed: 0.422	Loglikelihood: -1.02127e+06	(delta): 1.24878
23 (QN/Block) 	Elapsed: 0.424	Loglikelihood: -1.02127e+06	(delta): 1.49519
24 (QN/Block) 	Elapsed: 0.422	Loglikelihood: -1.02126e+06	(delta): 1.98997
25 (QN/Block) 	Elapsed: 0.421	Loglikelihood: -1.02126e+06	(delta): 2.68262
26 (QN/Block) 	Elapsed: 0.399	Loglikelihood: -1.02126e+06	(delta): 2.04216
27 (QN/Block) 	Elapsed: 0.426	Loglikelihood: -1.02125e+06	(delta): 6.12026
28 (QN/Block) 	Elapsed: 0.402	Loglikelihood: -1.02125e+06	(delta): 2.42001
29 (QN/Block) 	Elapsed: 0.425	Loglikelihood: -1.02125e+06	(delta): 3.76137
30 (QN/Block) 	Elapsed: 0.422	Loglikelihood: -1.02124e+06	(delta): 2.83253
31 (QN/Block) 	Elapsed: 0.422	Loglikelihood: -1.02124e+06	(delta): 3.97554
32 (QN/Block) 	Elapsed: 0.422	Loglikelihood: -1.02124e+06	(delta): 4.00849
33 (QN/Block) 	Elapsed: 0.423	Loglikelihood: -1.02124e+06	(delta): 1.39988
34 (QN/Block) 	Elapsed: 0.398	Loglikelihood: -1.02123e+06	(delta): 1.70452
35 (QN/Block) 	Elapsed: 0.421	Loglikelihood: -1.02123e+06	(delta): 1.75452
36 (QN/Block) 	Elapsed: 0.422	Loglikelihood: -1.02123e+06	(delta): 1.40295
37 (QN/Block) 	Elapsed: 0.387	Loglikelihood: -1.02123e+06	(delta): 3.01841
38 (QN/Block) 	Elapsed: 0.399	Loglikelihood: -1.02123e+06	(delta): 1.25544
39 (QN/Block) 	Elapsed: 0.387	Loglikelihood: -1.02123e+06	(delta): 0.237522
40 (QN/Block) 	Elapsed: 0.388	Loglikelihood: -1.02123e+06	(delta): 0.145617
41 (QN/Block) 	Elapsed: 0.41	Loglikelihood: -1.02123e+06	(delta): 0.165406
42 (QN/Block) 	Elapsed: 0.41	Loglikelihood: -1.02122e+06	(delta): 0.403258
43 (QN/Block) 	Elapsed: 0.41	Loglikelihood: -1.02122e+06	(delta): 0.0665711
44 (QN/Block) 	Elapsed: 0.423	Loglikelihood: -1.02122e+06	(delta): 0.0133839
45 (QN/Block) 	Elapsed: 0.388	Loglikelihood: -1.02122e+06	(delta): 0.00041296
46 (QN/Block) 	Elapsed: 0.387	Loglikelihood: -1.02122e+06	(delta): 2.18836e-05
Summary: 
Converged in 46 iterations (19.819 sec)
Loglikelihood: -1021224.892188
Fst divergences between estimated populations: 
	Pop0	Pop1	Pop2	Pop3	Pop4	Pop5	Pop6	Pop7	Pop8	
Pop0	
Pop1	0.236	
Pop2	0.500	0.402	
Pop3	0.480	0.381	0.377	
Pop4	0.365	0.259	0.385	0.367	
Pop5	0.502	0.404	0.042	0.380	0.385	
Pop6	0.276	0.135	0.436	0.418	0.298	0.437	
Pop7	0.446	0.348	0.459	0.444	0.101	0.460	0.383	
Pop8	0.537	0.437	0.440	0.149	0.428	0.448	0.471	0.504	
Pop9	0.512	0.414	0.520	0.511	0.183	0.526	0.450	0.141	0.569	
CV error (K=10): 0.38115
Writing output files.
