****                   ADMIXTURE Version 1.3.0                  ****
****                    Copyright 2008-2015                     ****
****           David Alexander, Suyash Shringarpure,            ****
****                John  Novembre, Ken Lange                   ****
****                                                            ****
****                 Please cite our paper!                     ****
****   Information at www.genetics.ucla.edu/software/admixture  ****

Cross-validation will be performed.  Folds=5.
Random seed: 31649
Point estimation method: Block relaxation algorithm
Convergence acceleration algorithm: QuasiNewton, 3 secant conditions
Point estimation will terminate when objective function delta < 0.0001
Estimation of standard errors disabled; will compute point estimates only.
Size of G: 260x13929
Performing five EM steps to prime main algorithm
1 (EM) 	Elapsed: 0.123	Loglikelihood: -1.08339e+06	(delta): 3.70966e+06
2 (EM) 	Elapsed: 0.123	Loglikelihood: -1.00655e+06	(delta): 76838.1
3 (EM) 	Elapsed: 0.122	Loglikelihood: -995039	(delta): 11509
4 (EM) 	Elapsed: 0.122	Loglikelihood: -988520	(delta): 6519.38
5 (EM) 	Elapsed: 0.122	Loglikelihood: -983672	(delta): 4847.9
Initial loglikelihood: -983672
Starting main algorithm
1 (QN/Block) 	Elapsed: 0.254	Loglikelihood: -773047	(delta): 210625
2 (QN/Block) 	Elapsed: 0.253	Loglikelihood: -702867	(delta): 70179.6
3 (QN/Block) 	Elapsed: 0.279	Loglikelihood: -671953	(delta): 30914.4
4 (QN/Block) 	Elapsed: 0.28	Loglikelihood: -643929	(delta): 28023.5
5 (QN/Block) 	Elapsed: 0.317	Loglikelihood: -630926	(delta): 13003.8
6 (QN/Block) 	Elapsed: 0.278	Loglikelihood: -626599	(delta): 4326.49
7 (QN/Block) 	Elapsed: 0.278	Loglikelihood: -625303	(delta): 1295.73
8 (QN/Block) 	Elapsed: 0.279	Loglikelihood: -625090	(delta): 213.27
9 (QN/Block) 	Elapsed: 0.278	Loglikelihood: -625007	(delta): 83.284
10 (QN/Block) 	Elapsed: 0.298	Loglikelihood: -624965	(delta): 41.2697
11 (QN/Block) 	Elapsed: 0.272	Loglikelihood: -624957	(delta): 8.92643
12 (QN/Block) 	Elapsed: 0.31	Loglikelihood: -624953	(delta): 3.28761
13 (QN/Block) 	Elapsed: 0.311	Loglikelihood: -624952	(delta): 1.66102
14 (QN/Block) 	Elapsed: 0.31	Loglikelihood: -624952	(delta): 0.0578514
15 (QN/Block) 	Elapsed: 0.31	Loglikelihood: -624952	(delta): 0.0354523
16 (QN/Block) 	Elapsed: 0.272	Loglikelihood: -624951	(delta): 0.00811365
17 (QN/Block) 	Elapsed: 0.285	Loglikelihood: -624951	(delta): 0.0044263
18 (QN/Block) 	Elapsed: 0.309	Loglikelihood: -624951	(delta): 0.017936
19 (QN/Block) 	Elapsed: 0.309	Loglikelihood: -624951	(delta): 0.00027437
20 (QN/Block) 	Elapsed: 0.271	Loglikelihood: -624951	(delta): 2.01538e-06
Summary: 
Converged in 20 iterations (6.732 sec)
Loglikelihood: -624951.470380
Fst divergences between estimated populations: 
	Pop0	Pop1	Pop2	Pop3	
Pop0	
Pop1	0.465	
Pop2	0.400	0.420	
Pop3	0.453	0.364	0.405	
Pop4	0.231	0.352	0.278	0.341	
CV error (K=5): 0.14717
Writing output files.
