****                   ADMIXTURE Version 1.3.0                  ****
****                    Copyright 2008-2015                     ****
****           David Alexander, Suyash Shringarpure,            ****
****                John  Novembre, Ken Lange                   ****
****                                                            ****
****                 Please cite our paper!                     ****
****   Information at www.genetics.ucla.edu/software/admixture  ****

Cross-validation will be performed.  Folds=5.
Random seed: 31649
Point estimation method: Block relaxation algorithm
Convergence acceleration algorithm: QuasiNewton, 3 secant conditions
Point estimation will terminate when objective function delta < 0.0001
Estimation of standard errors disabled; will compute point estimates only.
Size of G: 260x13929
Performing five EM steps to prime main algorithm
1 (EM) 	Elapsed: 0.22	Loglikelihood: -1.08664e+06	(delta): 3.52595e+06
2 (EM) 	Elapsed: 0.219	Loglikelihood: -1.00074e+06	(delta): 85901.8
3 (EM) 	Elapsed: 0.219	Loglikelihood: -987617	(delta): 13123
4 (EM) 	Elapsed: 0.221	Loglikelihood: -979764	(delta): 7853.09
5 (EM) 	Elapsed: 0.215	Loglikelihood: -973268	(delta): 6495.66
Initial loglikelihood: -973268
Starting main algorithm
1 (QN/Block) 	Elapsed: 0.578	Loglikelihood: -719852	(delta): 253416
2 (QN/Block) 	Elapsed: 0.575	Loglikelihood: -649525	(delta): 70327.4
3 (QN/Block) 	Elapsed: 0.608	Loglikelihood: -620198	(delta): 29326.8
4 (QN/Block) 	Elapsed: 0.645	Loglikelihood: -601362	(delta): 18835.7
5 (QN/Block) 	Elapsed: 0.658	Loglikelihood: -592610	(delta): 8751.98
6 (QN/Block) 	Elapsed: 0.605	Loglikelihood: -588720	(delta): 3890.59
7 (QN/Block) 	Elapsed: 0.656	Loglikelihood: -587357	(delta): 1362.44
8 (QN/Block) 	Elapsed: 0.607	Loglikelihood: -586934	(delta): 423.029
9 (QN/Block) 	Elapsed: 0.658	Loglikelihood: -586764	(delta): 170.702
10 (QN/Block) 	Elapsed: 0.604	Loglikelihood: -586665	(delta): 98.8616
11 (QN/Block) 	Elapsed: 0.605	Loglikelihood: -586580	(delta): 84.5942
12 (QN/Block) 	Elapsed: 0.604	Loglikelihood: -586506	(delta): 73.9996
13 (QN/Block) 	Elapsed: 0.604	Loglikelihood: -586453	(delta): 52.5962
14 (QN/Block) 	Elapsed: 0.624	Loglikelihood: -586411	(delta): 41.9614
15 (QN/Block) 	Elapsed: 0.605	Loglikelihood: -586401	(delta): 10.874
16 (QN/Block) 	Elapsed: 0.62	Loglikelihood: -586390	(delta): 10.1288
17 (QN/Block) 	Elapsed: 0.604	Loglikelihood: -586378	(delta): 12.3902
18 (QN/Block) 	Elapsed: 0.657	Loglikelihood: -586371	(delta): 7.31047
19 (QN/Block) 	Elapsed: 0.604	Loglikelihood: -586369	(delta): 2.18104
20 (QN/Block) 	Elapsed: 0.604	Loglikelihood: -586367	(delta): 1.55953
21 (QN/Block) 	Elapsed: 0.62	Loglikelihood: -586365	(delta): 2.28399
22 (QN/Block) 	Elapsed: 0.656	Loglikelihood: -586363	(delta): 1.61322
23 (QN/Block) 	Elapsed: 0.655	Loglikelihood: -586363	(delta): 0.191882
24 (QN/Block) 	Elapsed: 0.603	Loglikelihood: -586363	(delta): 0.0397939
25 (QN/Block) 	Elapsed: 0.654	Loglikelihood: -586363	(delta): 0.0160961
26 (QN/Block) 	Elapsed: 0.604	Loglikelihood: -586363	(delta): 0.00869963
27 (QN/Block) 	Elapsed: 0.621	Loglikelihood: -586363	(delta): 0.000292104
28 (QN/Block) 	Elapsed: 0.604	Loglikelihood: -586363	(delta): 0.000108159
29 (QN/Block) 	Elapsed: 0.602	Loglikelihood: -586363	(delta): 2.56766e-06
Summary: 
Converged in 29 iterations (19.7 sec)
Loglikelihood: -586362.894261
Fst divergences between estimated populations: 
	Pop0	Pop1	Pop2	Pop3	Pop4	Pop5	Pop6	Pop7	
Pop0	
Pop1	0.464	
Pop2	0.481	0.479	
Pop3	0.452	0.356	0.464	
Pop4	0.426	0.412	0.172	0.405	
Pop5	0.050	0.469	0.487	0.458	0.431	
Pop6	0.440	0.440	0.322	0.421	0.242	0.445	
Pop7	0.421	0.335	0.431	0.331	0.371	0.426	0.395	
Pop8	0.340	0.438	0.456	0.423	0.395	0.345	0.416	0.394	
CV error (K=9): 0.14850
Writing output files.
