****                   ADMIXTURE Version 1.3.0                  ****
****                    Copyright 2008-2015                     ****
****           David Alexander, Suyash Shringarpure,            ****
****                John  Novembre, Ken Lange                   ****
****                                                            ****
****                 Please cite our paper!                     ****
****   Information at www.genetics.ucla.edu/software/admixture  ****

Cross-validation will be performed.  Folds=5.
Random seed: 31649
Point estimation method: Block relaxation algorithm
Convergence acceleration algorithm: QuasiNewton, 3 secant conditions
Point estimation will terminate when objective function delta < 0.0001
Estimation of standard errors disabled; will compute point estimates only.
Size of G: 260x13929
Performing five EM steps to prime main algorithm
1 (EM) 	Elapsed: 0.055	Loglikelihood: -1.04309e+06	(delta): 4.37193e+06
2 (EM) 	Elapsed: 0.053	Loglikelihood: -1.00118e+06	(delta): 41918.5
3 (EM) 	Elapsed: 0.053	Loglikelihood: -992984	(delta): 8191.69
4 (EM) 	Elapsed: 0.053	Loglikelihood: -988549	(delta): 4434.81
5 (EM) 	Elapsed: 0.053	Loglikelihood: -985903	(delta): 2646.17
Initial loglikelihood: -985903
Starting main algorithm
1 (QN/Block) 	Elapsed: 0.094	Loglikelihood: -887330	(delta): 98573.2
2 (QN/Block) 	Elapsed: 0.094	Loglikelihood: -858652	(delta): 28678
3 (QN/Block) 	Elapsed: 0.115	Loglikelihood: -842687	(delta): 15965.1
4 (QN/Block) 	Elapsed: 0.143	Loglikelihood: -833854	(delta): 8832.98
5 (QN/Block) 	Elapsed: 0.133	Loglikelihood: -829343	(delta): 4511.4
6 (QN/Block) 	Elapsed: 0.143	Loglikelihood: -828411	(delta): 931.886
7 (QN/Block) 	Elapsed: 0.124	Loglikelihood: -828324	(delta): 87.1037
8 (QN/Block) 	Elapsed: 0.133	Loglikelihood: -828318	(delta): 5.62756
9 (QN/Block) 	Elapsed: 0.133	Loglikelihood: -828317	(delta): 0.859534
10 (QN/Block) 	Elapsed: 0.143	Loglikelihood: -828317	(delta): 0.0479318
11 (QN/Block) 	Elapsed: 0.124	Loglikelihood: -828317	(delta): 0.000917374
12 (QN/Block) 	Elapsed: 0.114	Loglikelihood: -828317	(delta): 0.000217013
13 (QN/Block) 	Elapsed: 0.114	Loglikelihood: -828317	(delta): 1.23761e-06
Summary: 
Converged in 13 iterations (2.084 sec)
Loglikelihood: -828317.044449
Fst divergences between estimated populations: 
	Pop0	
Pop0	
Pop1	0.247	
CV error (K=2): 0.19780
Writing output files.
