****                   ADMIXTURE Version 1.3.0                  ****
****                    Copyright 2008-2015                     ****
****           David Alexander, Suyash Shringarpure,            ****
****                John  Novembre, Ken Lange                   ****
****                                                            ****
****                 Please cite our paper!                     ****
****   Information at www.genetics.ucla.edu/software/admixture  ****

Cross-validation will be performed.  Folds=5.
Random seed: 31649
Point estimation method: Block relaxation algorithm
Convergence acceleration algorithm: QuasiNewton, 3 secant conditions
Point estimation will terminate when objective function delta < 0.0001
Estimation of standard errors disabled; will compute point estimates only.
Size of G: 260x13929
Performing five EM steps to prime main algorithm
1 (EM) 	Elapsed: 0.256	Loglikelihood: -1.08564e+06	(delta): 3.50647e+06
2 (EM) 	Elapsed: 0.252	Loglikelihood: -999923	(delta): 85715.8
3 (EM) 	Elapsed: 0.254	Loglikelihood: -987486	(delta): 12437.6
4 (EM) 	Elapsed: 0.248	Loglikelihood: -979906	(delta): 7580
5 (EM) 	Elapsed: 0.251	Loglikelihood: -973604	(delta): 6301.32
Initial loglikelihood: -973604
Starting main algorithm
1 (QN/Block) 	Elapsed: 0.681	Loglikelihood: -707584	(delta): 266021
2 (QN/Block) 	Elapsed: 0.677	Loglikelihood: -644145	(delta): 63438.7
3 (QN/Block) 	Elapsed: 0.716	Loglikelihood: -614957	(delta): 29187.6
4 (QN/Block) 	Elapsed: 0.752	Loglikelihood: -596467	(delta): 18490.6
5 (QN/Block) 	Elapsed: 0.711	Loglikelihood: -588271	(delta): 8195.59
6 (QN/Block) 	Elapsed: 0.714	Loglikelihood: -584864	(delta): 3407.13
7 (QN/Block) 	Elapsed: 0.71	Loglikelihood: -583750	(delta): 1114.6
8 (QN/Block) 	Elapsed: 0.71	Loglikelihood: -583412	(delta): 337.866
9 (QN/Block) 	Elapsed: 0.713	Loglikelihood: -583308	(delta): 103.251
10 (QN/Block) 	Elapsed: 0.712	Loglikelihood: -583214	(delta): 94.7999
11 (QN/Block) 	Elapsed: 0.71	Loglikelihood: -583112	(delta): 101.352
12 (QN/Block) 	Elapsed: 0.709	Loglikelihood: -583031	(delta): 81.6413
13 (QN/Block) 	Elapsed: 0.713	Loglikelihood: -582970	(delta): 61.0272
14 (QN/Block) 	Elapsed: 0.709	Loglikelihood: -582909	(delta): 60.846
15 (QN/Block) 	Elapsed: 0.731	Loglikelihood: -582865	(delta): 43.5829
16 (QN/Block) 	Elapsed: 0.729	Loglikelihood: -582840	(delta): 25.5638
17 (QN/Block) 	Elapsed: 0.733	Loglikelihood: -582828	(delta): 11.2009
18 (QN/Block) 	Elapsed: 0.731	Loglikelihood: -582823	(delta): 5.49588
19 (QN/Block) 	Elapsed: 0.73	Loglikelihood: -582823	(delta): 0.168447
20 (QN/Block) 	Elapsed: 0.707	Loglikelihood: -582823	(delta): 0.0192956
21 (QN/Block) 	Elapsed: 0.709	Loglikelihood: -582823	(delta): 0.00270602
22 (QN/Block) 	Elapsed: 0.714	Loglikelihood: -582823	(delta): 0.000178341
23 (QN/Block) 	Elapsed: 0.71	Loglikelihood: -582823	(delta): 1.00669e-05
Summary: 
Converged in 23 iterations (18.3 sec)
Loglikelihood: -582822.758882
Fst divergences between estimated populations: 
	Pop0	Pop1	Pop2	Pop3	Pop4	Pop5	Pop6	Pop7	Pop8	
Pop0	
Pop1	0.398	
Pop2	0.385	0.228	
Pop3	0.318	0.400	0.383	
Pop4	0.344	0.432	0.410	0.341	
Pop5	0.441	0.302	0.170	0.442	0.475	
Pop6	0.439	0.439	0.430	0.437	0.466	0.484	
Pop7	0.417	0.424	0.408	0.417	0.448	0.467	0.358	
Pop8	0.415	0.422	0.404	0.415	0.446	0.464	0.359	0.087	
Pop9	0.436	0.436	0.427	0.434	0.464	0.482	0.052	0.355	0.356	
CV error (K=10): 0.15141
Writing output files.
