****                   ADMIXTURE Version 1.3.0                  ****
****                    Copyright 2008-2015                     ****
****           David Alexander, Suyash Shringarpure,            ****
****                John  Novembre, Ken Lange                   ****
****                                                            ****
****                 Please cite our paper!                     ****
****   Information at www.genetics.ucla.edu/software/admixture  ****

Cross-validation will be performed.  Folds=5.
Random seed: 31649
Point estimation method: Block relaxation algorithm
Convergence acceleration algorithm: QuasiNewton, 3 secant conditions
Point estimation will terminate when objective function delta < 0.0001
Estimation of standard errors disabled; will compute point estimates only.
Size of G: 260x13929
Performing five EM steps to prime main algorithm
1 (EM) 	Elapsed: 0.1	Loglikelihood: -1.07761e+06	(delta): 3.82652e+06
2 (EM) 	Elapsed: 0.099	Loglikelihood: -1.00673e+06	(delta): 70882.6
3 (EM) 	Elapsed: 0.1	Loglikelihood: -996000	(delta): 10728.8
4 (EM) 	Elapsed: 0.099	Loglikelihood: -989843	(delta): 6157.44
5 (EM) 	Elapsed: 0.099	Loglikelihood: -985492	(delta): 4351.04
Initial loglikelihood: -985492
Starting main algorithm
1 (QN/Block) 	Elapsed: 0.201	Loglikelihood: -788247	(delta): 197244
2 (QN/Block) 	Elapsed: 0.201	Loglikelihood: -719298	(delta): 68949.2
3 (QN/Block) 	Elapsed: 0.225	Loglikelihood: -687039	(delta): 32259.3
4 (QN/Block) 	Elapsed: 0.225	Loglikelihood: -668591	(delta): 18447.6
5 (QN/Block) 	Elapsed: 0.225	Loglikelihood: -658342	(delta): 10249.5
6 (QN/Block) 	Elapsed: 0.216	Loglikelihood: -654529	(delta): 3812.15
7 (QN/Block) 	Elapsed: 0.217	Loglikelihood: -653996	(delta): 533.138
8 (QN/Block) 	Elapsed: 0.252	Loglikelihood: -653967	(delta): 29.1654
9 (QN/Block) 	Elapsed: 0.253	Loglikelihood: -653961	(delta): 5.90356
10 (QN/Block) 	Elapsed: 0.217	Loglikelihood: -653958	(delta): 3.46296
11 (QN/Block) 	Elapsed: 0.252	Loglikelihood: -653957	(delta): 0.862953
12 (QN/Block) 	Elapsed: 0.252	Loglikelihood: -653956	(delta): 0.408861
13 (QN/Block) 	Elapsed: 0.252	Loglikelihood: -653956	(delta): 0.107226
14 (QN/Block) 	Elapsed: 0.252	Loglikelihood: -653956	(delta): 0.0035406
15 (QN/Block) 	Elapsed: 0.216	Loglikelihood: -653956	(delta): 0.00258795
16 (QN/Block) 	Elapsed: 0.252	Loglikelihood: -653956	(delta): 0.00225385
17 (QN/Block) 	Elapsed: 0.252	Loglikelihood: -653956	(delta): 0.00771423
18 (QN/Block) 	Elapsed: 0.24	Loglikelihood: -653956	(delta): 0.00496365
19 (QN/Block) 	Elapsed: 0.216	Loglikelihood: -653956	(delta): 0.00163229
20 (QN/Block) 	Elapsed: 0.252	Loglikelihood: -653956	(delta): 0.000235216
21 (QN/Block) 	Elapsed: 0.252	Loglikelihood: -653956	(delta): 8.36208e-05
Summary: 
Converged in 21 iterations (5.773 sec)
Loglikelihood: -653956.347657
Fst divergences between estimated populations: 
	Pop0	Pop1	Pop2	
Pop0	
Pop1	0.405	
Pop2	0.290	0.360	
Pop3	0.416	0.365	0.369	
CV error (K=4): 0.15147
Writing output files.
