****                   ADMIXTURE Version 1.3.0                  ****
****                    Copyright 2008-2015                     ****
****           David Alexander, Suyash Shringarpure,            ****
****                John  Novembre, Ken Lange                   ****
****                                                            ****
****                 Please cite our paper!                     ****
****   Information at www.genetics.ucla.edu/software/admixture  ****

Cross-validation will be performed.  Folds=5.
Random seed: 31649
Point estimation method: Block relaxation algorithm
Convergence acceleration algorithm: QuasiNewton, 3 secant conditions
Point estimation will terminate when objective function delta < 0.0001
Estimation of standard errors disabled; will compute point estimates only.
Size of G: 260x13929
Performing five EM steps to prime main algorithm
1 (EM) 	Elapsed: 0.146	Loglikelihood: -1.08447e+06	(delta): 3.63874e+06
2 (EM) 	Elapsed: 0.146	Loglikelihood: -1.00414e+06	(delta): 80326.8
3 (EM) 	Elapsed: 0.146	Loglikelihood: -992169	(delta): 11975.3
4 (EM) 	Elapsed: 0.146	Loglikelihood: -985107	(delta): 7062.44
5 (EM) 	Elapsed: 0.142	Loglikelihood: -979622	(delta): 5484.63
Initial loglikelihood: -979622
Starting main algorithm
1 (QN/Block) 	Elapsed: 0.317	Loglikelihood: -773029	(delta): 206594
2 (QN/Block) 	Elapsed: 0.316	Loglikelihood: -694843	(delta): 78185.4
3 (QN/Block) 	Elapsed: 0.344	Loglikelihood: -667305	(delta): 27538.8
4 (QN/Block) 	Elapsed: 0.343	Loglikelihood: -646777	(delta): 20527.3
5 (QN/Block) 	Elapsed: 0.383	Loglikelihood: -638166	(delta): 8611.39
6 (QN/Block) 	Elapsed: 0.383	Loglikelihood: -634825	(delta): 3341.25
7 (QN/Block) 	Elapsed: 0.382	Loglikelihood: -633670	(delta): 1154.42
8 (QN/Block) 	Elapsed: 0.341	Loglikelihood: -633357	(delta): 312.875
9 (QN/Block) 	Elapsed: 0.341	Loglikelihood: -633212	(delta): 144.96
10 (QN/Block) 	Elapsed: 0.341	Loglikelihood: -633102	(delta): 110.662
11 (QN/Block) 	Elapsed: 0.342	Loglikelihood: -633042	(delta): 59.535
12 (QN/Block) 	Elapsed: 0.34	Loglikelihood: -633013	(delta): 29.5986
13 (QN/Block) 	Elapsed: 0.34	Loglikelihood: -632990	(delta): 22.242
14 (QN/Block) 	Elapsed: 0.368	Loglikelihood: -632961	(delta): 29.3719
15 (QN/Block) 	Elapsed: 0.354	Loglikelihood: -632937	(delta): 24.0514
16 (QN/Block) 	Elapsed: 0.355	Loglikelihood: -632888	(delta): 49.0961
17 (QN/Block) 	Elapsed: 0.341	Loglikelihood: -632878	(delta): 9.6941
18 (QN/Block) 	Elapsed: 0.382	Loglikelihood: -632853	(delta): 25.0038
19 (QN/Block) 	Elapsed: 0.382	Loglikelihood: -632835	(delta): 17.7691
20 (QN/Block) 	Elapsed: 0.382	Loglikelihood: -632819	(delta): 15.8198
21 (QN/Block) 	Elapsed: 0.381	Loglikelihood: -632807	(delta): 12.1647
22 (QN/Block) 	Elapsed: 0.382	Loglikelihood: -632800	(delta): 7.43588
23 (QN/Block) 	Elapsed: 0.382	Loglikelihood: -632794	(delta): 5.91117
24 (QN/Block) 	Elapsed: 0.368	Loglikelihood: -632788	(delta): 6.11226
25 (QN/Block) 	Elapsed: 0.355	Loglikelihood: -632779	(delta): 8.66541
26 (QN/Block) 	Elapsed: 0.368	Loglikelihood: -632773	(delta): 6.01273
27 (QN/Block) 	Elapsed: 0.355	Loglikelihood: -632769	(delta): 3.93304
28 (QN/Block) 	Elapsed: 0.368	Loglikelihood: -632766	(delta): 3.05653
29 (QN/Block) 	Elapsed: 0.355	Loglikelihood: -632766	(delta): 0.644529
30 (QN/Block) 	Elapsed: 0.382	Loglikelihood: -632765	(delta): 1.02446
31 (QN/Block) 	Elapsed: 0.382	Loglikelihood: -632764	(delta): 0.558138
32 (QN/Block) 	Elapsed: 0.34	Loglikelihood: -632764	(delta): 0.0415795
33 (QN/Block) 	Elapsed: 0.355	Loglikelihood: -632764	(delta): 0.00165538
34 (QN/Block) 	Elapsed: 0.342	Loglikelihood: -632764	(delta): 0.000254061
35 (QN/Block) 	Elapsed: 0.341	Loglikelihood: -632764	(delta): 0.000276995
36 (QN/Block) 	Elapsed: 0.341	Loglikelihood: -632764	(delta): 0.0020863
37 (QN/Block) 	Elapsed: 0.382	Loglikelihood: -632764	(delta): 0.00122619
38 (QN/Block) 	Elapsed: 0.382	Loglikelihood: -632764	(delta): 0.000418657
39 (QN/Block) 	Elapsed: 0.342	Loglikelihood: -632764	(delta): 0.00014206
40 (QN/Block) 	Elapsed: 0.342	Loglikelihood: -632764	(delta): 3.04857e-06
Summary: 
Converged in 40 iterations (15.722 sec)
Loglikelihood: -632763.924575
Fst divergences between estimated populations: 
	Pop0	Pop1	Pop2	Pop3	Pop4	
Pop0	
Pop1	0.419	
Pop2	0.205	0.355	
Pop3	0.435	0.385	0.374	
Pop4	0.352	0.404	0.304	0.418	
Pop5	0.410	0.357	0.352	0.124	0.395	
CV error (K=6): 0.15390
Writing output files.
