****                   ADMIXTURE Version 1.3.0                  ****
****                    Copyright 2008-2015                     ****
****           David Alexander, Suyash Shringarpure,            ****
****                John  Novembre, Ken Lange                   ****
****                                                            ****
****                 Please cite our paper!                     ****
****   Information at www.genetics.ucla.edu/software/admixture  ****

Cross-validation will be performed.  Folds=5.
Random seed: 31649
Point estimation method: Block relaxation algorithm
Convergence acceleration algorithm: QuasiNewton, 3 secant conditions
Point estimation will terminate when objective function delta < 0.0001
Estimation of standard errors disabled; will compute point estimates only.
Size of G: 260x13929
Performing five EM steps to prime main algorithm
1 (EM) 	Elapsed: 0.076	Loglikelihood: -1.06509e+06	(delta): 4.0262e+06
2 (EM) 	Elapsed: 0.075	Loglikelihood: -1.00609e+06	(delta): 59006.7
3 (EM) 	Elapsed: 0.075	Loglikelihood: -995554	(delta): 10533.2
4 (EM) 	Elapsed: 0.075	Loglikelihood: -989894	(delta): 5659.27
5 (EM) 	Elapsed: 0.075	Loglikelihood: -986363	(delta): 3531.47
Initial loglikelihood: -986363
Starting main algorithm
1 (QN/Block) 	Elapsed: 0.14	Loglikelihood: -866248	(delta): 120115
2 (QN/Block) 	Elapsed: 0.14	Loglikelihood: -801927	(delta): 64320.8
3 (QN/Block) 	Elapsed: 0.162	Loglikelihood: -771268	(delta): 30659
4 (QN/Block) 	Elapsed: 0.163	Loglikelihood: -739888	(delta): 31380.8
5 (QN/Block) 	Elapsed: 0.173	Loglikelihood: -728658	(delta): 11229
6 (QN/Block) 	Elapsed: 0.162	Loglikelihood: -725090	(delta): 3568.16
7 (QN/Block) 	Elapsed: 0.163	Loglikelihood: -723560	(delta): 1530.34
8 (QN/Block) 	Elapsed: 0.173	Loglikelihood: -722829	(delta): 731.041
9 (QN/Block) 	Elapsed: 0.184	Loglikelihood: -722744	(delta): 84.9817
10 (QN/Block) 	Elapsed: 0.184	Loglikelihood: -722740	(delta): 3.67389
11 (QN/Block) 	Elapsed: 0.195	Loglikelihood: -722740	(delta): 0.062116
12 (QN/Block) 	Elapsed: 0.163	Loglikelihood: -722740	(delta): 0.00194032
13 (QN/Block) 	Elapsed: 0.162	Loglikelihood: -722740	(delta): 3.66457e-05
Summary: 
Converged in 13 iterations (2.77 sec)
Loglikelihood: -722740.228115
Fst divergences between estimated populations: 
	Pop0	Pop1	
Pop0	
Pop1	0.332	
Pop2	0.284	0.290	
CV error (K=3): 0.17047
Writing output files.
