# Stacks v2.64;  Phylip sequential; May 16, 2024
# Seq Pos	Locus ID	Column	Population
0	5	155	Bishop:K,Red_Knolls:K,
1	83	42	Bishop:R,Red_Knolls:R,
2	134	6	Bishop:W,Red_Knolls:W,
3	140	230	Bishop:W,Red_Knolls:W,
4	172	523	Bishop:K,Red_Knolls:G,
5	182	155	Bishop:W,Red_Knolls:W,
6	217	61	Bishop:M,Red_Knolls:M,
7	246	58	Bishop:W,Red_Knolls:W,
8	265	115	Bishop:S,Red_Knolls:S,
9	289	21	Bishop:S,Red_Knolls:S,
10	297	342	Bishop:W,Red_Knolls:W,
11	328	300	Bishop:Y,Red_Knolls:Y,
12	373	100	Bishop:Y,Red_Knolls:Y,
13	389	128	Bishop:R,Red_Knolls:A,
14	399	49	Bishop:K,Red_Knolls:K,
15	421	110	Bishop:Y,Red_Knolls:Y,
16	435	8	Bishop:R,Red_Knolls:R,
17	451	137	Bishop:K,Red_Knolls:K,
18	472	280	Bishop:K,Red_Knolls:K,
19	486	57	Bishop:M,Red_Knolls:M,
20	508	63	Bishop:G,Red_Knolls:R,
21	512	44	Bishop:W,Red_Knolls:W,
22	539	106	Bishop:Y,Red_Knolls:Y,
23	551	135	Bishop:M,Red_Knolls:A,
24	556	104	Bishop:W,Red_Knolls:W,
25	569	56	Bishop:W,Red_Knolls:W,
26	578	155	Bishop:Y,Red_Knolls:Y,
27	586	509	Bishop:G,Red_Knolls:S,
28	597	81	Bishop:K,Red_Knolls:K,
29	603	117	Bishop:R,Red_Knolls:R,
30	620	76	Bishop:M,Red_Knolls:M,
31	649	114	Bishop:Y,Red_Knolls:Y,
32	675	19	Bishop:R,Red_Knolls:R,
33	681	132	Bishop:C,Red_Knolls:M,
34	689	13	Bishop:R,Red_Knolls:R,
35	697	46	Bishop:W,Red_Knolls:W,
36	711	358	Bishop:K,Red_Knolls:G,
37	714	77	Bishop:K,Red_Knolls:K,
38	717	62	Bishop:K,Red_Knolls:K,
39	729	6	Bishop:W,Red_Knolls:W,
40	774	41	Bishop:Y,Red_Knolls:Y,
41	778	44	Bishop:K,Red_Knolls:G,
42	813	66	Bishop:S,Red_Knolls:S,
43	865	89	Bishop:S,Red_Knolls:S,
44	869	96	Bishop:Y,Red_Knolls:Y,
45	889	111	Bishop:K,Red_Knolls:K,
46	895	151	Bishop:W,Red_Knolls:W,
47	902	102	Bishop:G,Red_Knolls:K,
48	904	24	Bishop:W,Red_Knolls:A,
49	922	75	Bishop:W,Red_Knolls:W,
50	958	155	Bishop:W,Red_Knolls:W,
51	964	41	Bishop:Y,Red_Knolls:Y,
52	981	66	Bishop:R,Red_Knolls:R,
53	996	121	Bishop:G,Red_Knolls:K,
54	1001	14	Bishop:R,Red_Knolls:R,
55	1007	58	Bishop:Y,Red_Knolls:Y,
56	1068	142	Bishop:Y,Red_Knolls:Y,
57	1084	322	Bishop:Y,Red_Knolls:Y,
58	1085	150	Bishop:M,Red_Knolls:M,
59	1089	30	Bishop:R,Red_Knolls:R,
60	1101	38	Bishop:G,Red_Knolls:R,
61	1104	125	Bishop:R,Red_Knolls:G,
62	1130	156	Bishop:R,Red_Knolls:R,
63	1133	116	Bishop:W,Red_Knolls:W,
64	1134	57	Bishop:W,Red_Knolls:W,
65	1135	156	Bishop:Y,Red_Knolls:Y,
66	1143	60	Bishop:Y,Red_Knolls:Y,
67	1148	144	Bishop:Y,Red_Knolls:Y,
68	1175	120	Bishop:W,Red_Knolls:W,
69	1186	22	Bishop:S,Red_Knolls:G,
70	1202	13	Bishop:R,Red_Knolls:R,
71	1260	122	Bishop:K,Red_Knolls:K,
72	1273	402	Bishop:G,Red_Knolls:K,
73	1327	41	Bishop:M,Red_Knolls:M,
74	1329	31	Bishop:S,Red_Knolls:S,
75	1348	135	Bishop:R,Red_Knolls:R,
76	1355	498	Bishop:K,Red_Knolls:K,
77	1375	154	Bishop:S,Red_Knolls:S,
78	1385	23	Bishop:Y,Red_Knolls:Y,
79	1409	114	Bishop:M,Red_Knolls:M,
80	1419	84	Bishop:S,Red_Knolls:S,
81	1420	140	Bishop:K,Red_Knolls:K,
82	1437	128	Bishop:C,Red_Knolls:M,
83	1466	12	Bishop:M,Red_Knolls:M,
84	1481	139	Bishop:Y,Red_Knolls:Y,
85	1491	24	Bishop:Y,Red_Knolls:Y,
86	1506	27	Bishop:Y,Red_Knolls:Y,
87	1519	14	Bishop:Y,Red_Knolls:T,
88	1532	66	Bishop:R,Red_Knolls:R,
89	1540	51	Bishop:R,Red_Knolls:R,
90	1558	79	Bishop:R,Red_Knolls:R,
91	1562	138	Bishop:K,Red_Knolls:K,
92	1605	89	Bishop:K,Red_Knolls:K,
93	1608	18	Bishop:R,Red_Knolls:R,
94	1653	52	Bishop:G,Red_Knolls:K,
95	1665	41	Bishop:Y,Red_Knolls:T,
96	1670	418	Bishop:K,Red_Knolls:K,
97	1675	124	Bishop:Y,Red_Knolls:Y,
98	1700	196	Bishop:K,Red_Knolls:K,
99	1723	11	Bishop:R,Red_Knolls:R,
100	1728	33	Bishop:R,Red_Knolls:R,
101	1752	70	Bishop:M,Red_Knolls:M,
102	1756	39	Bishop:W,Red_Knolls:W,
103	1762	31	Bishop:Y,Red_Knolls:Y,
104	1769	14	Bishop:R,Red_Knolls:R,
105	1779	57	Bishop:Y,Red_Knolls:Y,
106	1791	82	Bishop:M,Red_Knolls:M,
107	1793	108	Bishop:C,Red_Knolls:M,
108	1840	73	Bishop:K,Red_Knolls:K,
109	1857	148	Bishop:K,Red_Knolls:K,
110	1870	178	Bishop:K,Red_Knolls:K,
111	1871	6	Bishop:R,Red_Knolls:R,
112	1872	45	Bishop:K,Red_Knolls:K,
113	1882	10	Bishop:M,Red_Knolls:C,
114	1888	157	Bishop:M,Red_Knolls:M,
115	1901	13	Bishop:S,Red_Knolls:S,
116	1928	148	Bishop:M,Red_Knolls:M,
117	1936	124	Bishop:K,Red_Knolls:K,
118	1950	71	Bishop:R,Red_Knolls:G,
119	1959	370	Bishop:W,Red_Knolls:W,
120	1962	20	Bishop:G,Red_Knolls:R,
121	1978	127	Bishop:A,Red_Knolls:W,
122	1980	146	Bishop:R,Red_Knolls:R,
123	2018	102	Bishop:K,Red_Knolls:K,
124	2047	67	Bishop:G,Red_Knolls:S,
125	2049	53	Bishop:W,Red_Knolls:W,
126	2073	73	Bishop:K,Red_Knolls:K,
127	2080	491	Bishop:K,Red_Knolls:G,
128	2088	35	Bishop:Y,Red_Knolls:Y,
129	2094	106	Bishop:C,Red_Knolls:M,
130	2099	151	Bishop:M,Red_Knolls:M,
131	2113	40	Bishop:M,Red_Knolls:M,
132	2127	135	Bishop:W,Red_Knolls:T,
133	2170	135	Bishop:R,Red_Knolls:R,
134	2180	453	Bishop:K,Red_Knolls:K,
135	2196	51	Bishop:S,Red_Knolls:S,
136	2200	29	Bishop:S,Red_Knolls:S,
137	2219	435	Bishop:K,Red_Knolls:K,
138	2220	79	Bishop:K,Red_Knolls:K,
139	2229	23	Bishop:M,Red_Knolls:M,
140	2232	28	Bishop:R,Red_Knolls:R,
141	2243	65	Bishop:R,Red_Knolls:R,
142	2255	53	Bishop:S,Red_Knolls:S,
143	2258	444	Bishop:M,Red_Knolls:A,
144	2261	72	Bishop:Y,Red_Knolls:Y,
145	2264	137	Bishop:S,Red_Knolls:S,
146	2304	139	Bishop:S,Red_Knolls:S,
147	2306	62	Bishop:C,Red_Knolls:Y,
148	2361	12	Bishop:Y,Red_Knolls:C,
149	2381	14	Bishop:R,Red_Knolls:R,
150	2384	85	Bishop:R,Red_Knolls:R,
151	2385	66	Bishop:R,Red_Knolls:R,
152	2414	36	Bishop:C,Red_Knolls:M,
153	2417	13	Bishop:K,Red_Knolls:K,
154	2430	245	Bishop:K,Red_Knolls:K,
155	2440	48	Bishop:W,Red_Knolls:W,
156	2446	53	Bishop:W,Red_Knolls:T,
157	2450	95	Bishop:Y,Red_Knolls:Y,
158	2451	21	Bishop:Y,Red_Knolls:Y,
159	2473	92	Bishop:K,Red_Knolls:G,
160	2492	137	Bishop:S,Red_Knolls:S,
161	2494	87	Bishop:M,Red_Knolls:M,
162	2520	104	Bishop:R,Red_Knolls:R,
163	2546	370	Bishop:W,Red_Knolls:W,
164	2559	74	Bishop:S,Red_Knolls:S,
165	2562	20	Bishop:Y,Red_Knolls:Y,
166	2599	305	Bishop:K,Red_Knolls:K,
167	2606	28	Bishop:S,Red_Knolls:S,
168	2609	24	Bishop:M,Red_Knolls:M,
169	2614	54	Bishop:M,Red_Knolls:M,
170	2630	65	Bishop:Y,Red_Knolls:Y,
171	2665	110	Bishop:M,Red_Knolls:C,
172	2668	79	Bishop:K,Red_Knolls:G,
173	2672	31	Bishop:Y,Red_Knolls:C,
174	2759	126	Bishop:R,Red_Knolls:G,
175	2761	47	Bishop:Y,Red_Knolls:Y,
176	2779	154	Bishop:Y,Red_Knolls:Y,
177	2790	14	Bishop:K,Red_Knolls:K,
178	2803	38	Bishop:S,Red_Knolls:S,
179	2816	47	Bishop:C,Red_Knolls:Y,
180	2819	15	Bishop:W,Red_Knolls:W,
181	2831	108	Bishop:Y,Red_Knolls:Y,
182	2843	136	Bishop:M,Red_Knolls:M,
183	2917	177	Bishop:C,Red_Knolls:M,
184	2923	142	Bishop:C,Red_Knolls:Y,
185	2925	102	Bishop:K,Red_Knolls:K,
186	2945	398	Bishop:M,Red_Knolls:C,
187	2954	299	Bishop:T,Red_Knolls:Y,
188	2968	95	Bishop:K,Red_Knolls:K,
189	2973	145	Bishop:Y,Red_Knolls:Y,
190	2975	108	Bishop:R,Red_Knolls:R,
191	3009	204	Bishop:T,Red_Knolls:K,
192	3056	79	Bishop:C,Red_Knolls:M,
193	3065	151	Bishop:W,Red_Knolls:W,
194	3106	123	Bishop:R,Red_Knolls:A,
195	3124	100	Bishop:Y,Red_Knolls:Y,
196	3129	120	Bishop:C,Red_Knolls:Y,
197	3132	106	Bishop:W,Red_Knolls:W,
198	3137	353	Bishop:K,Red_Knolls:K,
199	3139	13	Bishop:R,Red_Knolls:R,
200	3157	79	Bishop:K,Red_Knolls:K,
201	3165	71	Bishop:W,Red_Knolls:W,
202	3171	12	Bishop:W,Red_Knolls:W,
203	3182	50	Bishop:Y,Red_Knolls:Y,
204	3202	141	Bishop:M,Red_Knolls:M,
205	3205	52	Bishop:Y,Red_Knolls:Y,
206	3212	59	Bishop:R,Red_Knolls:G,
207	3239	393	Bishop:K,Red_Knolls:K,
208	3246	15	Bishop:G,Red_Knolls:S,
209	3249	65	Bishop:W,Red_Knolls:W,
210	3254	105	Bishop:Y,Red_Knolls:Y,
211	3285	503	Bishop:K,Red_Knolls:G,
212	3290	88	Bishop:Y,Red_Knolls:Y,
213	3320	59	Bishop:W,Red_Knolls:W,
214	3322	30	Bishop:K,Red_Knolls:K,
215	3368	141	Bishop:C,Red_Knolls:Y,
216	3370	23	Bishop:W,Red_Knolls:W,
217	3371	148	Bishop:W,Red_Knolls:W,
218	3386	84	Bishop:W,Red_Knolls:W,
219	3401	147	Bishop:Y,Red_Knolls:Y,
220	3403	62	Bishop:K,Red_Knolls:K,
221	3405	78	Bishop:Y,Red_Knolls:Y,
222	3407	101	Bishop:R,Red_Knolls:G,
223	3447	68	Bishop:S,Red_Knolls:S,
224	3472	73	Bishop:Y,Red_Knolls:Y,
225	3485	397	Bishop:W,Red_Knolls:W,
226	3491	145	Bishop:Y,Red_Knolls:Y,
227	3513	438	Bishop:W,Red_Knolls:W,
228	3532	126	Bishop:S,Red_Knolls:C,
229	3534	18	Bishop:R,Red_Knolls:R,
230	3540	485	Bishop:A,Red_Knolls:W,
231	3552	442	Bishop:K,Red_Knolls:K,
232	3572	119	Bishop:R,Red_Knolls:R,
233	3577	140	Bishop:W,Red_Knolls:W,
234	3582	14	Bishop:K,Red_Knolls:K,
235	3592	152	Bishop:W,Red_Knolls:W,
236	3597	60	Bishop:S,Red_Knolls:S,
237	3598	9	Bishop:K,Red_Knolls:K,
238	3614	142	Bishop:Y,Red_Knolls:Y,
239	3618	102	Bishop:Y,Red_Knolls:Y,
240	3623	65	Bishop:Y,Red_Knolls:C,
241	3634	130	Bishop:R,Red_Knolls:R,
242	3636	14	Bishop:R,Red_Knolls:R,
243	3639	102	Bishop:W,Red_Knolls:W,
244	3643	75	Bishop:M,Red_Knolls:M,
245	3660	35	Bishop:R,Red_Knolls:R,
246	3664	113	Bishop:K,Red_Knolls:K,
247	3708	82	Bishop:R,Red_Knolls:R,
248	3739	91	Bishop:R,Red_Knolls:R,
249	3740	45	Bishop:R,Red_Knolls:R,
250	3750	105	Bishop:Y,Red_Knolls:Y,
251	3786	115	Bishop:W,Red_Knolls:W,
252	3804	184	Bishop:W,Red_Knolls:W,
253	3819	156	Bishop:R,Red_Knolls:R,
254	3825	142	Bishop:Y,Red_Knolls:Y,
255	3838	283	Bishop:M,Red_Knolls:M,
256	3848	46	Bishop:A,Red_Knolls:M,
257	3850	102	Bishop:W,Red_Knolls:W,
258	3875	316	Bishop:W,Red_Knolls:W,
259	3883	98	Bishop:G,Red_Knolls:R,
260	3887	80	Bishop:M,Red_Knolls:M,
261	3893	145	Bishop:S,Red_Knolls:S,
262	3897	110	Bishop:K,Red_Knolls:G,
263	3921	508	Bishop:W,Red_Knolls:W,
264	3948	26	Bishop:R,Red_Knolls:R,
265	3962	325	Bishop:T,Red_Knolls:K,
266	3969	37	Bishop:R,Red_Knolls:R,
267	3975	24	Bishop:S,Red_Knolls:S,
268	3984	45	Bishop:M,Red_Knolls:M,
269	4015	91	Bishop:R,Red_Knolls:R,
270	4048	60	Bishop:R,Red_Knolls:A,
271	4049	22	Bishop:W,Red_Knolls:W,
272	4058	26	Bishop:M,Red_Knolls:M,
273	4062	65	Bishop:R,Red_Knolls:G,
274	4070	156	Bishop:S,Red_Knolls:S,
275	4077	552	Bishop:W,Red_Knolls:W,
276	4078	79	Bishop:Y,Red_Knolls:Y,
277	4088	137	Bishop:S,Red_Knolls:S,
278	4089	82	Bishop:S,Red_Knolls:S,
279	4098	47	Bishop:Y,Red_Knolls:Y,
280	4106	108	Bishop:R,Red_Knolls:R,
281	4116	23	Bishop:W,Red_Knolls:W,
282	4118	355	Bishop:K,Red_Knolls:K,
283	4143	46	Bishop:R,Red_Knolls:R,
284	4156	152	Bishop:S,Red_Knolls:S,
285	4185	51	Bishop:M,Red_Knolls:M,
286	4191	47	Bishop:S,Red_Knolls:S,
287	4192	31	Bishop:S,Red_Knolls:S,
288	4233	33	Bishop:Y,Red_Knolls:T,
289	4236	120	Bishop:M,Red_Knolls:M,
290	4267	130	Bishop:K,Red_Knolls:K,
291	4272	7	Bishop:M,Red_Knolls:M,
292	4306	68	Bishop:R,Red_Knolls:R,
293	4340	83	Bishop:W,Red_Knolls:W,
294	4343	112	Bishop:R,Red_Knolls:R,
295	4377	71	Bishop:R,Red_Knolls:R,
296	4382	253	Bishop:A,Red_Knolls:W,
297	4387	58	Bishop:S,Red_Knolls:S,
298	4392	116	Bishop:M,Red_Knolls:M,
299	4397	288	Bishop:G,Red_Knolls:K,
300	4401	92	Bishop:Y,Red_Knolls:Y,
301	4425	17	Bishop:Y,Red_Knolls:Y,
302	4434	122	Bishop:C,Red_Knolls:Y,
303	4438	7	Bishop:W,Red_Knolls:W,
304	4452	156	Bishop:R,Red_Knolls:R,
305	4473	28	Bishop:Y,Red_Knolls:Y,
306	4490	156	Bishop:W,Red_Knolls:W,
307	4492	20	Bishop:R,Red_Knolls:G,
308	4497	139	Bishop:W,Red_Knolls:W,
309	4501	55	Bishop:K,Red_Knolls:K,
310	4508	49	Bishop:C,Red_Knolls:S,
311	4521	36	Bishop:C,Red_Knolls:M,
312	4527	119	Bishop:K,Red_Knolls:K,
313	4529	114	Bishop:R,Red_Knolls:R,
314	4541	12	Bishop:R,Red_Knolls:R,
315	4588	156	Bishop:K,Red_Knolls:K,
316	4601	87	Bishop:M,Red_Knolls:M,
317	4615	146	Bishop:Y,Red_Knolls:Y,
318	4616	251	Bishop:W,Red_Knolls:W,
319	4642	36	Bishop:C,Red_Knolls:Y,
320	4665	99	Bishop:K,Red_Knolls:K,
321	4676	63	Bishop:A,Red_Knolls:R,
322	4693	134	Bishop:K,Red_Knolls:K,
323	4701	110	Bishop:W,Red_Knolls:W,
324	4708	12	Bishop:M,Red_Knolls:C,
325	4750	286	Bishop:M,Red_Knolls:M,
326	4758	33	Bishop:Y,Red_Knolls:Y,
327	4778	56	Bishop:S,Red_Knolls:S,
328	4806	59	Bishop:M,Red_Knolls:M,
329	4839	15	Bishop:S,Red_Knolls:S,
330	4842	157	Bishop:W,Red_Knolls:W,
331	4856	19	Bishop:W,Red_Knolls:W,
332	4869	305	Bishop:K,Red_Knolls:K,
333	4897	10	Bishop:Y,Red_Knolls:Y,
334	4908	141	Bishop:M,Red_Knolls:M,
335	4923	56	Bishop:W,Red_Knolls:W,
336	4940	35	Bishop:M,Red_Knolls:M,
337	4941	251	Bishop:W,Red_Knolls:W,
338	4950	280	Bishop:K,Red_Knolls:K,
339	4967	149	Bishop:M,Red_Knolls:M,
340	4971	32	Bishop:K,Red_Knolls:K,
341	4998	55	Bishop:M,Red_Knolls:C,
342	5003	48	Bishop:A,Red_Knolls:R,
343	5007	62	Bishop:K,Red_Knolls:K,
344	5016	65	Bishop:M,Red_Knolls:M,
345	5035	8	Bishop:G,Red_Knolls:S,
346	5049	36	Bishop:R,Red_Knolls:R,
347	5059	59	Bishop:Y,Red_Knolls:Y,
348	5065	85	Bishop:R,Red_Knolls:R,
349	5067	33	Bishop:W,Red_Knolls:W,
350	5071	66	Bishop:K,Red_Knolls:K,
351	5105	61	Bishop:R,Red_Knolls:G,
352	5121	67	Bishop:M,Red_Knolls:A,
353	5156	11	Bishop:S,Red_Knolls:S,
354	5169	157	Bishop:Y,Red_Knolls:Y,
355	5181	68	Bishop:Y,Red_Knolls:T,
356	5185	323	Bishop:W,Red_Knolls:W,
357	5190	33	Bishop:K,Red_Knolls:K,
358	5200	82	Bishop:W,Red_Knolls:W,
359	5217	124	Bishop:M,Red_Knolls:C,
360	5232	118	Bishop:R,Red_Knolls:R,
361	5271	89	Bishop:W,Red_Knolls:W,
362	5280	144	Bishop:S,Red_Knolls:S,
363	5344	112	Bishop:R,Red_Knolls:R,
364	5359	67	Bishop:K,Red_Knolls:K,
365	5368	153	Bishop:C,Red_Knolls:M,
366	5432	127	Bishop:K,Red_Knolls:K,
367	5454	64	Bishop:W,Red_Knolls:W,
368	5480	133	Bishop:R,Red_Knolls:R,
369	5487	152	Bishop:R,Red_Knolls:R,
370	5491	10	Bishop:K,Red_Knolls:K,
371	5504	203	Bishop:T,Red_Knolls:K,
372	5506	136	Bishop:T,Red_Knolls:W,
373	5507	40	Bishop:M,Red_Knolls:M,
374	5510	141	Bishop:T,Red_Knolls:Y,
375	5530	89	Bishop:M,Red_Knolls:A,
376	5550	71	Bishop:R,Red_Knolls:G,
377	5554	143	Bishop:K,Red_Knolls:T,
378	5570	90	Bishop:M,Red_Knolls:M,
379	5607	13	Bishop:A,Red_Knolls:W,
380	5608	31	Bishop:W,Red_Knolls:W,
381	5614	99	Bishop:K,Red_Knolls:K,
382	5619	152	Bishop:W,Red_Knolls:W,
383	5628	74	Bishop:R,Red_Knolls:G,
384	5643	308	Bishop:M,Red_Knolls:M,
385	5680	31	Bishop:C,Red_Knolls:Y,
386	5684	83	Bishop:A,Red_Knolls:M,
387	5688	46	Bishop:C,Red_Knolls:Y,
388	5702	38	Bishop:C,Red_Knolls:M,
389	5703	142	Bishop:W,Red_Knolls:W,
390	5707	495	Bishop:K,Red_Knolls:K,
391	5714	34	Bishop:Y,Red_Knolls:C,
392	5752	332	Bishop:K,Red_Knolls:K,
393	5760	18	Bishop:T,Red_Knolls:Y,
394	5767	68	Bishop:G,Red_Knolls:R,
395	5768	77	Bishop:W,Red_Knolls:W,
396	5771	479	Bishop:K,Red_Knolls:K,
397	5784	131	Bishop:W,Red_Knolls:W,
398	5805	97	Bishop:A,Red_Knolls:W,
399	5812	123	Bishop:K,Red_Knolls:K,
400	5822	153	Bishop:G,Red_Knolls:R,
401	5840	67	Bishop:K,Red_Knolls:K,
402	5841	13	Bishop:R,Red_Knolls:G,
403	5843	95	Bishop:Y,Red_Knolls:C,
404	5845	142	Bishop:S,Red_Knolls:C,
405	5851	23	Bishop:Y,Red_Knolls:Y,
406	5856	480	Bishop:K,Red_Knolls:K,
407	5861	59	Bishop:G,Red_Knolls:K,
408	5902	28	Bishop:C,Red_Knolls:S,
409	5928	391	Bishop:K,Red_Knolls:K,
410	5937	99	Bishop:Y,Red_Knolls:Y,
411	5940	137	Bishop:R,Red_Knolls:R,
412	5963	66	Bishop:R,Red_Knolls:R,
413	5973	41	Bishop:R,Red_Knolls:R,
414	5975	106	Bishop:Y,Red_Knolls:Y,
415	5995	59	Bishop:Y,Red_Knolls:T,
416	6020	431	Bishop:K,Red_Knolls:K,
417	6023	99	Bishop:T,Red_Knolls:K,
418	6039	444	Bishop:K,Red_Knolls:K,
419	6064	6	Bishop:R,Red_Knolls:R,
420	6065	58	Bishop:Y,Red_Knolls:C,
421	6071	88	Bishop:W,Red_Knolls:W,
422	6093	91	Bishop:K,Red_Knolls:K,
423	6141	453	Bishop:K,Red_Knolls:K,
424	6148	51	Bishop:S,Red_Knolls:S,
425	6174	453	Bishop:K,Red_Knolls:K,
426	6208	89	Bishop:Y,Red_Knolls:Y,
427	6241	44	Bishop:R,Red_Knolls:R,
428	6251	147	Bishop:K,Red_Knolls:K,
429	6275	499	Bishop:W,Red_Knolls:W,
430	6293	34	Bishop:Y,Red_Knolls:Y,
431	6294	348	Bishop:K,Red_Knolls:K,
432	6320	38	Bishop:M,Red_Knolls:M,
433	6324	68	Bishop:K,Red_Knolls:K,
434	6332	478	Bishop:K,Red_Knolls:K,
435	6340	111	Bishop:G,Red_Knolls:K,
436	6360	7	Bishop:G,Red_Knolls:K,
437	6397	44	Bishop:Y,Red_Knolls:Y,
438	6439	123	Bishop:W,Red_Knolls:W,
439	6447	303	Bishop:R,Red_Knolls:R,
440	6478	64	Bishop:M,Red_Knolls:A,
441	6488	45	Bishop:R,Red_Knolls:R,
442	6498	308	Bishop:G,Red_Knolls:S,
443	6516	27	Bishop:M,Red_Knolls:M,
444	6541	148	Bishop:R,Red_Knolls:R,
445	6555	138	Bishop:R,Red_Knolls:R,
446	6568	68	Bishop:R,Red_Knolls:R,
447	6569	35	Bishop:K,Red_Knolls:K,
448	6579	47	Bishop:M,Red_Knolls:M,
449	6584	79	Bishop:Y,Red_Knolls:Y,
450	6589	83	Bishop:R,Red_Knolls:R,
451	6591	16	Bishop:R,Red_Knolls:R,
452	6613	38	Bishop:G,Red_Knolls:R,
453	6616	102	Bishop:W,Red_Knolls:W,
454	6626	91	Bishop:S,Red_Knolls:S,
455	6645	91	Bishop:Y,Red_Knolls:Y,
456	6679	64	Bishop:W,Red_Knolls:W,
457	6681	104	Bishop:T,Red_Knolls:W,
458	6755	79	Bishop:R,Red_Knolls:R,
459	6757	9	Bishop:R,Red_Knolls:R,
460	6765	144	Bishop:K,Red_Knolls:K,
461	6767	110	Bishop:S,Red_Knolls:S,
462	6773	360	Bishop:K,Red_Knolls:K,
463	6807	55	Bishop:W,Red_Knolls:W,
464	6857	40	Bishop:C,Red_Knolls:Y,
465	6877	35	Bishop:K,Red_Knolls:K,
466	6886	72	Bishop:R,Red_Knolls:R,
467	6905	147	Bishop:K,Red_Knolls:K,
468	6922	123	Bishop:R,Red_Knolls:R,
469	6984	149	Bishop:K,Red_Knolls:G,
470	7019	81	Bishop:W,Red_Knolls:W,
471	7024	149	Bishop:G,Red_Knolls:K,
472	7075	49	Bishop:M,Red_Knolls:M,
473	7082	135	Bishop:M,Red_Knolls:M,
474	7084	73	Bishop:Y,Red_Knolls:Y,
475	7094	388	Bishop:W,Red_Knolls:T,
476	7104	284	Bishop:M,Red_Knolls:M,
477	7142	19	Bishop:R,Red_Knolls:R,
478	7156	340	Bishop:K,Red_Knolls:K,
479	7158	73	Bishop:R,Red_Knolls:R,
480	7168	124	Bishop:G,Red_Knolls:R,
481	7205	53	Bishop:R,Red_Knolls:R,
482	7214	73	Bishop:K,Red_Knolls:G,
483	7265	63	Bishop:Y,Red_Knolls:Y,
484	7266	56	Bishop:G,Red_Knolls:R,
485	7281	35	Bishop:Y,Red_Knolls:Y,
486	7305	293	Bishop:T,Red_Knolls:K,
487	7308	80	Bishop:Y,Red_Knolls:Y,
488	7309	82	Bishop:W,Red_Knolls:A,
489	7318	133	Bishop:K,Red_Knolls:G,
490	7346	44	Bishop:R,Red_Knolls:R,
491	7351	23	Bishop:R,Red_Knolls:R,
492	7354	41	Bishop:T,Red_Knolls:W,
493	7364	18	Bishop:K,Red_Knolls:T,
494	7383	133	Bishop:T,Red_Knolls:K,
495	7385	123	Bishop:Y,Red_Knolls:C,
496	7387	110	Bishop:C,Red_Knolls:Y,
497	7389	88	Bishop:M,Red_Knolls:M,
498	7407	12	Bishop:R,Red_Knolls:R,
499	7416	12	Bishop:Y,Red_Knolls:Y,
500	7437	24	Bishop:M,Red_Knolls:M,
501	7439	107	Bishop:C,Red_Knolls:Y,
502	7453	131	Bishop:M,Red_Knolls:M,
503	7459	198	Bishop:K,Red_Knolls:K,
504	7461	137	Bishop:K,Red_Knolls:K,
505	7465	14	Bishop:M,Red_Knolls:M,
506	7468	139	Bishop:M,Red_Knolls:M,
507	7473	132	Bishop:Y,Red_Knolls:Y,
508	7492	70	Bishop:Y,Red_Knolls:Y,
509	7495	94	Bishop:K,Red_Knolls:K,
510	7501	43	Bishop:G,Red_Knolls:R,
511	7503	108	Bishop:R,Red_Knolls:R,
512	7515	153	Bishop:T,Red_Knolls:W,
513	7527	24	Bishop:W,Red_Knolls:W,
514	7542	68	Bishop:S,Red_Knolls:S,
515	7547	109	Bishop:M,Red_Knolls:M,
516	7550	539	Bishop:K,Red_Knolls:K,
517	7565	84	Bishop:Y,Red_Knolls:Y,
518	7572	78	Bishop:W,Red_Knolls:W,
519	7586	112	Bishop:W,Red_Knolls:W,
520	7593	21	Bishop:K,Red_Knolls:G,
521	7598	117	Bishop:W,Red_Knolls:W,
522	7624	106	Bishop:W,Red_Knolls:W,
523	7627	65	Bishop:M,Red_Knolls:M,
524	7637	119	Bishop:R,Red_Knolls:R,
525	7639	119	Bishop:M,Red_Knolls:M,
526	7643	104	Bishop:Y,Red_Knolls:Y,
527	7649	89	Bishop:R,Red_Knolls:R,
528	7665	369	Bishop:C,Red_Knolls:M,
529	7674	60	Bishop:G,Red_Knolls:R,
530	7713	28	Bishop:M,Red_Knolls:M,
531	7719	74	Bishop:K,Red_Knolls:K,
532	7755	78	Bishop:Y,Red_Knolls:Y,
533	7761	129	Bishop:C,Red_Knolls:M,
534	7762	116	Bishop:A,Red_Knolls:W,
535	7771	98	Bishop:S,Red_Knolls:S,
536	7810	14	Bishop:Y,Red_Knolls:Y,
537	7825	94	Bishop:R,Red_Knolls:R,
538	7834	14	Bishop:G,Red_Knolls:R,
539	7835	39	Bishop:Y,Red_Knolls:Y,
540	7846	82	Bishop:M,Red_Knolls:M,
541	7864	51	Bishop:M,Red_Knolls:M,
542	7869	83	Bishop:R,Red_Knolls:R,
543	7887	70	Bishop:R,Red_Knolls:R,
544	7931	58	Bishop:W,Red_Knolls:A,
545	7934	234	Bishop:K,Red_Knolls:T,
546	7941	16	Bishop:R,Red_Knolls:R,
547	7948	41	Bishop:R,Red_Knolls:R,
548	7957	132	Bishop:R,Red_Knolls:R,
549	7973	80	Bishop:S,Red_Knolls:S,
550	7983	113	Bishop:R,Red_Knolls:R,
551	8011	124	Bishop:R,Red_Knolls:R,
552	8013	116	Bishop:C,Red_Knolls:Y,
553	8015	326	Bishop:K,Red_Knolls:K,
554	8018	7	Bishop:R,Red_Knolls:R,
555	8049	9	Bishop:K,Red_Knolls:K,
556	8055	60	Bishop:Y,Red_Knolls:Y,
557	8085	30	Bishop:R,Red_Knolls:R,
558	8095	35	Bishop:R,Red_Knolls:R,
559	8105	70	Bishop:W,Red_Knolls:A,
560	8116	65	Bishop:G,Red_Knolls:R,
561	8117	64	Bishop:Y,Red_Knolls:Y,
562	8124	97	Bishop:R,Red_Knolls:R,
563	8188	15	Bishop:R,Red_Knolls:R,
564	8194	257	Bishop:K,Red_Knolls:K,
565	8195	113	Bishop:W,Red_Knolls:W,
566	8220	259	Bishop:K,Red_Knolls:K,
567	8229	22	Bishop:Y,Red_Knolls:Y,
568	8238	157	Bishop:K,Red_Knolls:K,
569	8249	91	Bishop:K,Red_Knolls:K,
570	8265	142	Bishop:M,Red_Knolls:A,
571	8276	260	Bishop:C,Red_Knolls:Y,
572	8285	131	Bishop:Y,Red_Knolls:C,
573	8313	13	Bishop:M,Red_Knolls:M,
574	8320	55	Bishop:R,Red_Knolls:R,
575	8321	101	Bishop:R,Red_Knolls:G,
576	8329	60	Bishop:W,Red_Knolls:A,
577	8345	69	Bishop:Y,Red_Knolls:Y,
578	8347	19	Bishop:G,Red_Knolls:K,
579	8356	155	Bishop:W,Red_Knolls:W,
580	8385	130	Bishop:R,Red_Knolls:R,
581	8393	61	Bishop:W,Red_Knolls:W,
582	8405	29	Bishop:Y,Red_Knolls:Y,
583	8414	57	Bishop:M,Red_Knolls:A,
584	8425	76	Bishop:R,Red_Knolls:R,
585	8472	13	Bishop:M,Red_Knolls:M,
586	8490	31	Bishop:R,Red_Knolls:R,
587	8500	98	Bishop:M,Red_Knolls:M,
588	8508	94	Bishop:M,Red_Knolls:M,
589	8547	66	Bishop:R,Red_Knolls:R,
590	8581	87	Bishop:R,Red_Knolls:R,
591	8582	84	Bishop:S,Red_Knolls:S,
592	8594	27	Bishop:R,Red_Knolls:R,
593	8597	35	Bishop:M,Red_Knolls:M,
594	8614	86	Bishop:C,Red_Knolls:Y,
595	8634	25	Bishop:M,Red_Knolls:M,
596	8648	59	Bishop:Y,Red_Knolls:Y,
597	8660	12	Bishop:R,Red_Knolls:R,
598	8698	62	Bishop:R,Red_Knolls:R,
599	8724	90	Bishop:S,Red_Knolls:S,
600	8725	27	Bishop:K,Red_Knolls:K,
601	8776	99	Bishop:Y,Red_Knolls:Y,
602	8798	58	Bishop:M,Red_Knolls:M,
603	8828	19	Bishop:C,Red_Knolls:Y,
604	8842	34	Bishop:R,Red_Knolls:R,
605	8846	93	Bishop:M,Red_Knolls:M,
606	8851	117	Bishop:C,Red_Knolls:S,
607	8871	6	Bishop:R,Red_Knolls:A,
608	8892	46	Bishop:S,Red_Knolls:S,
609	8904	46	Bishop:K,Red_Knolls:K,
610	8925	137	Bishop:K,Red_Knolls:K,
611	8926	120	Bishop:R,Red_Knolls:R,
612	8930	32	Bishop:S,Red_Knolls:S,
613	8936	340	Bishop:A,Red_Knolls:W,
614	8956	71	Bishop:K,Red_Knolls:K,
615	8972	112	Bishop:Y,Red_Knolls:Y,
616	8977	52	Bishop:Y,Red_Knolls:Y,
617	8994	39	Bishop:M,Red_Knolls:M,
618	9008	108	Bishop:Y,Red_Knolls:Y,
619	9017	16	Bishop:S,Red_Knolls:C,
620	9018	75	Bishop:K,Red_Knolls:K,
621	9022	387	Bishop:T,Red_Knolls:K,
622	9031	85	Bishop:M,Red_Knolls:M,
623	9032	128	Bishop:W,Red_Knolls:W,
624	9050	79	Bishop:R,Red_Knolls:R,
625	9052	86	Bishop:M,Red_Knolls:M,
626	9054	75	Bishop:M,Red_Knolls:A,
627	9088	90	Bishop:W,Red_Knolls:W,
628	9094	60	Bishop:S,Red_Knolls:S,
629	9150	29	Bishop:K,Red_Knolls:K,
630	9169	112	Bishop:S,Red_Knolls:S,
631	9187	23	Bishop:K,Red_Knolls:K,
632	9215	80	Bishop:R,Red_Knolls:R,
633	9216	73	Bishop:R,Red_Knolls:R,
634	9276	61	Bishop:R,Red_Knolls:R,
635	9283	93	Bishop:K,Red_Knolls:K,
636	9294	9	Bishop:G,Red_Knolls:R,
637	9307	9	Bishop:R,Red_Knolls:R,
638	9325	54	Bishop:R,Red_Knolls:R,
639	9331	40	Bishop:M,Red_Knolls:M,
640	9362	420	Bishop:T,Red_Knolls:K,
641	9371	95	Bishop:K,Red_Knolls:G,
642	9429	89	Bishop:S,Red_Knolls:S,
643	9433	113	Bishop:W,Red_Knolls:W,
644	9440	140	Bishop:Y,Red_Knolls:Y,
645	9505	121	Bishop:K,Red_Knolls:K,
646	9532	40	Bishop:K,Red_Knolls:G,
647	9547	72	Bishop:C,Red_Knolls:S,
648	9559	145	Bishop:R,Red_Knolls:R,
649	9565	114	Bishop:Y,Red_Knolls:Y,
650	9593	74	Bishop:T,Red_Knolls:W,
651	9605	72	Bishop:R,Red_Knolls:R,
652	9610	39	Bishop:K,Red_Knolls:K,
653	9613	62	Bishop:W,Red_Knolls:W,
654	9618	462	Bishop:K,Red_Knolls:G,
655	9622	47	Bishop:W,Red_Knolls:W,
656	9655	53	Bishop:M,Red_Knolls:M,
657	9672	70	Bishop:Y,Red_Knolls:Y,
658	9693	229	Bishop:K,Red_Knolls:K,
659	9694	90	Bishop:R,Red_Knolls:R,
660	9705	83	Bishop:Y,Red_Knolls:Y,
661	9725	402	Bishop:K,Red_Knolls:K,
662	9737	39	Bishop:C,Red_Knolls:Y,
663	9809	70	Bishop:R,Red_Knolls:R,
664	9816	7	Bishop:M,Red_Knolls:M,
665	9819	123	Bishop:K,Red_Knolls:K,
666	9845	435	Bishop:W,Red_Knolls:W,
667	9850	157	Bishop:K,Red_Knolls:K,
668	9868	133	Bishop:M,Red_Knolls:M,
669	9882	19	Bishop:K,Red_Knolls:K,
670	9900	512	Bishop:K,Red_Knolls:K,
671	9909	101	Bishop:K,Red_Knolls:K,
672	9935	65	Bishop:R,Red_Knolls:R,
673	9938	44	Bishop:S,Red_Knolls:S,
674	9941	85	Bishop:S,Red_Knolls:S,
675	9948	83	Bishop:Y,Red_Knolls:Y,
676	9977	62	Bishop:W,Red_Knolls:W,
677	9990	23	Bishop:Y,Red_Knolls:Y,
678	9992	106	Bishop:C,Red_Knolls:S,
679	9997	102	Bishop:Y,Red_Knolls:Y,
680	10011	62	Bishop:K,Red_Knolls:K,
681	10030	50	Bishop:K,Red_Knolls:T,
682	10031	336	Bishop:W,Red_Knolls:W,
683	10038	21	Bishop:M,Red_Knolls:A,
684	10055	539	Bishop:K,Red_Knolls:K,
685	10063	353	Bishop:S,Red_Knolls:S,
686	10064	109	Bishop:T,Red_Knolls:W,
687	10082	80	Bishop:K,Red_Knolls:T,
688	10104	140	Bishop:S,Red_Knolls:S,
689	10111	118	Bishop:S,Red_Knolls:S,
690	10130	101	Bishop:M,Red_Knolls:C,
691	10144	567	Bishop:G,Red_Knolls:K,
692	10161	89	Bishop:R,Red_Knolls:G,
693	10183	88	Bishop:K,Red_Knolls:K,
694	10199	47	Bishop:W,Red_Knolls:W,
695	10208	97	Bishop:Y,Red_Knolls:Y,
696	10248	10	Bishop:R,Red_Knolls:R,
697	10250	54	Bishop:Y,Red_Knolls:T,
698	10267	16	Bishop:R,Red_Knolls:R,
699	10272	226	Bishop:K,Red_Knolls:T,
700	10289	41	Bishop:S,Red_Knolls:S,
701	10321	153	Bishop:R,Red_Knolls:R,
702	10327	61	Bishop:W,Red_Knolls:W,
703	10332	401	Bishop:K,Red_Knolls:K,
704	10333	157	Bishop:A,Red_Knolls:R,
705	10354	72	Bishop:Y,Red_Knolls:Y,
706	10382	52	Bishop:G,Red_Knolls:R,
707	10388	84	Bishop:Y,Red_Knolls:Y,
708	10400	64	Bishop:Y,Red_Knolls:Y,
709	10417	72	Bishop:W,Red_Knolls:W,
710	10420	351	Bishop:K,Red_Knolls:K,
711	10435	12	Bishop:M,Red_Knolls:M,
712	10445	24	Bishop:R,Red_Knolls:R,
713	10447	151	Bishop:R,Red_Knolls:R,
714	10458	12	Bishop:M,Red_Knolls:M,
715	10463	45	Bishop:S,Red_Knolls:S,
716	10464	11	Bishop:S,Red_Knolls:S,
717	10465	131	Bishop:R,Red_Knolls:R,
718	10475	68	Bishop:A,Red_Knolls:R,
719	10484	366	Bishop:W,Red_Knolls:W,
720	10487	128	Bishop:R,Red_Knolls:R,
721	10489	133	Bishop:M,Red_Knolls:M,
722	10497	453	Bishop:K,Red_Knolls:K,
723	10504	85	Bishop:K,Red_Knolls:K,
724	10515	8	Bishop:Y,Red_Knolls:Y,
725	10519	39	Bishop:R,Red_Knolls:G,
726	10533	18	Bishop:S,Red_Knolls:S,
727	10537	112	Bishop:R,Red_Knolls:A,
728	10556	83	Bishop:Y,Red_Knolls:Y,
729	10562	52	Bishop:K,Red_Knolls:K,
730	10573	155	Bishop:Y,Red_Knolls:Y,
731	10597	131	Bishop:Y,Red_Knolls:Y,
732	10631	14	Bishop:R,Red_Knolls:R,
733	10639	70	Bishop:M,Red_Knolls:M,
734	10644	102	Bishop:Y,Red_Knolls:Y,
735	10648	139	Bishop:Y,Red_Knolls:Y,
736	10679	57	Bishop:Y,Red_Knolls:Y,
737	10680	8	Bishop:R,Red_Knolls:A,
738	10686	447	Bishop:W,Red_Knolls:W,
739	10710	86	Bishop:M,Red_Knolls:M,
740	10728	46	Bishop:M,Red_Knolls:M,
741	10733	226	Bishop:K,Red_Knolls:K,
742	10740	132	Bishop:W,Red_Knolls:W,
743	10771	145	Bishop:M,Red_Knolls:M,
744	10778	379	Bishop:W,Red_Knolls:W,
745	10802	115	Bishop:G,Red_Knolls:R,
746	10804	150	Bishop:M,Red_Knolls:M,
747	10807	73	Bishop:Y,Red_Knolls:Y,
748	10823	7	Bishop:R,Red_Knolls:A,
749	10827	72	Bishop:T,Red_Knolls:Y,
750	10869	74	Bishop:R,Red_Knolls:R,
751	10871	422	Bishop:K,Red_Knolls:K,
752	10872	49	Bishop:S,Red_Knolls:S,
753	10874	434	Bishop:W,Red_Knolls:W,
754	10876	112	Bishop:S,Red_Knolls:C,
755	10913	79	Bishop:M,Red_Knolls:M,
756	10915	107	Bishop:K,Red_Knolls:K,
757	10932	37	Bishop:Y,Red_Knolls:Y,
758	10946	35	Bishop:W,Red_Knolls:W,
759	10952	19	Bishop:G,Red_Knolls:R,
760	10961	129	Bishop:M,Red_Knolls:M,
761	10969	133	Bishop:K,Red_Knolls:K,
762	10986	151	Bishop:Y,Red_Knolls:Y,
763	10993	396	Bishop:K,Red_Knolls:K,
764	10996	115	Bishop:M,Red_Knolls:M,
765	11022	13	Bishop:R,Red_Knolls:R,
766	11024	14	Bishop:R,Red_Knolls:R,
767	11029	143	Bishop:W,Red_Knolls:W,
768	11031	78	Bishop:K,Red_Knolls:K,
769	11041	151	Bishop:Y,Red_Knolls:Y,
770	11043	92	Bishop:S,Red_Knolls:S,
771	11050	62	Bishop:M,Red_Knolls:M,
772	11065	301	Bishop:M,Red_Knolls:M,
773	11084	8	Bishop:R,Red_Knolls:R,
774	11087	83	Bishop:M,Red_Knolls:M,
775	11096	57	Bishop:Y,Red_Knolls:Y,
776	11143	33	Bishop:M,Red_Knolls:M,
777	11146	55	Bishop:K,Red_Knolls:K,
778	11176	44	Bishop:M,Red_Knolls:M,
779	11188	85	Bishop:Y,Red_Knolls:Y,
780	11190	84	Bishop:R,Red_Knolls:R,
781	11193	51	Bishop:Y,Red_Knolls:Y,
782	11195	140	Bishop:M,Red_Knolls:M,
783	11206	66	Bishop:T,Red_Knolls:Y,
784	11217	45	Bishop:K,Red_Knolls:K,
785	11246	58	Bishop:C,Red_Knolls:Y,
786	11274	17	Bishop:W,Red_Knolls:W,
787	11304	152	Bishop:R,Red_Knolls:R,
788	11314	75	Bishop:S,Red_Knolls:S,
789	11317	90	Bishop:K,Red_Knolls:K,
790	11356	125	Bishop:S,Red_Knolls:S,
791	11361	104	Bishop:K,Red_Knolls:K,
792	11366	31	Bishop:M,Red_Knolls:M,
793	11391	112	Bishop:G,Red_Knolls:R,
794	11427	103	Bishop:Y,Red_Knolls:Y,
795	11488	70	Bishop:K,Red_Knolls:K,
796	11505	134	Bishop:Y,Red_Knolls:Y,
797	11507	112	Bishop:G,Red_Knolls:K,
798	11520	157	Bishop:W,Red_Knolls:W,
799	11524	138	Bishop:C,Red_Knolls:M,
800	11537	20	Bishop:R,Red_Knolls:R,
801	11551	111	Bishop:R,Red_Knolls:R,
802	11578	48	Bishop:A,Red_Knolls:R,
803	11598	88	Bishop:M,Red_Knolls:M,
804	11624	366	Bishop:W,Red_Knolls:W,
805	11645	147	Bishop:R,Red_Knolls:R,
806	11660	102	Bishop:Y,Red_Knolls:Y,
807	11675	404	Bishop:W,Red_Knolls:W,
808	11687	372	Bishop:K,Red_Knolls:K,
809	11714	67	Bishop:R,Red_Knolls:G,
810	11760	389	Bishop:Y,Red_Knolls:Y,
811	11763	26	Bishop:M,Red_Knolls:M,
812	11780	95	Bishop:G,Red_Knolls:K,
813	11786	127	Bishop:W,Red_Knolls:W,
814	11824	106	Bishop:Y,Red_Knolls:Y,
815	11828	87	Bishop:M,Red_Knolls:M,
816	11831	127	Bishop:K,Red_Knolls:K,
817	11843	124	Bishop:K,Red_Knolls:K,
818	11896	375	Bishop:M,Red_Knolls:M,
819	11904	127	Bishop:K,Red_Knolls:G,
820	11918	19	Bishop:W,Red_Knolls:T,
821	11931	102	Bishop:S,Red_Knolls:S,
822	11969	46	Bishop:K,Red_Knolls:K,
823	12007	40	Bishop:M,Red_Knolls:M,
824	12022	42	Bishop:R,Red_Knolls:R,
825	12049	11	Bishop:M,Red_Knolls:M,
826	12054	24	Bishop:W,Red_Knolls:A,
827	12065	16	Bishop:C,Red_Knolls:Y,
828	12073	31	Bishop:Y,Red_Knolls:Y,
829	12078	39	Bishop:R,Red_Knolls:A,
830	12082	527	Bishop:K,Red_Knolls:K,
831	12086	118	Bishop:Y,Red_Knolls:Y,
832	12097	84	Bishop:R,Red_Knolls:R,
833	12099	139	Bishop:R,Red_Knolls:R,
834	12107	112	Bishop:Y,Red_Knolls:Y,
835	12119	18	Bishop:R,Red_Knolls:R,
836	12143	108	Bishop:T,Red_Knolls:W,
837	12144	71	Bishop:W,Red_Knolls:W,
838	12155	146	Bishop:W,Red_Knolls:T,
839	12228	11	Bishop:S,Red_Knolls:S,
840	12235	36	Bishop:S,Red_Knolls:S,
841	12248	74	Bishop:S,Red_Knolls:S,
842	12263	69	Bishop:K,Red_Knolls:K,
843	12282	91	Bishop:W,Red_Knolls:W,
844	12298	6	Bishop:R,Red_Knolls:R,
845	12305	86	Bishop:M,Red_Knolls:C,
846	12322	10	Bishop:K,Red_Knolls:K,
847	12337	470	Bishop:K,Red_Knolls:G,
848	12363	140	Bishop:R,Red_Knolls:R,
849	12383	11	Bishop:S,Red_Knolls:S,
850	12438	41	Bishop:W,Red_Knolls:W,
851	12478	209	Bishop:K,Red_Knolls:K,
852	12482	272	Bishop:T,Red_Knolls:Y,
853	12490	133	Bishop:M,Red_Knolls:M,
854	12504	10	Bishop:M,Red_Knolls:M,
855	12509	74	Bishop:R,Red_Knolls:R,
856	12528	51	Bishop:K,Red_Knolls:K,
857	12532	57	Bishop:M,Red_Knolls:M,
858	12535	25	Bishop:A,Red_Knolls:W,
859	12550	106	Bishop:S,Red_Knolls:C,
860	12561	63	Bishop:K,Red_Knolls:K,
861	12594	99	Bishop:W,Red_Knolls:W,
862	12599	75	Bishop:W,Red_Knolls:W,
863	12613	322	Bishop:K,Red_Knolls:K,
864	12617	69	Bishop:T,Red_Knolls:Y,
865	12625	70	Bishop:T,Red_Knolls:W,
866	12626	34	Bishop:Y,Red_Knolls:Y,
867	12639	59	Bishop:R,Red_Knolls:R,
868	12646	85	Bishop:S,Red_Knolls:S,
869	12661	140	Bishop:K,Red_Knolls:G,
870	12672	147	Bishop:W,Red_Knolls:W,
871	12703	58	Bishop:Y,Red_Knolls:Y,
872	12709	138	Bishop:W,Red_Knolls:A,
873	12728	27	Bishop:S,Red_Knolls:S,
874	12729	147	Bishop:Y,Red_Knolls:Y,
875	12745	150	Bishop:Y,Red_Knolls:Y,
876	12748	83	Bishop:S,Red_Knolls:S,
877	12758	14	Bishop:Y,Red_Knolls:Y,
878	12774	24	Bishop:R,Red_Knolls:R,
879	12784	8	Bishop:W,Red_Knolls:W,
880	12794	17	Bishop:R,Red_Knolls:R,
881	12797	112	Bishop:G,Red_Knolls:R,
882	12810	87	Bishop:M,Red_Knolls:M,
883	12822	55	Bishop:R,Red_Knolls:R,
884	12836	32	Bishop:Y,Red_Knolls:Y,
885	12844	36	Bishop:M,Red_Knolls:M,
886	12872	21	Bishop:Y,Red_Knolls:Y,
887	12878	147	Bishop:Y,Red_Knolls:Y,
888	12897	83	Bishop:M,Red_Knolls:M,
889	12925	43	Bishop:R,Red_Knolls:R,
890	12927	75	Bishop:C,Red_Knolls:M,
891	12938	52	Bishop:W,Red_Knolls:W,
892	12954	17	Bishop:C,Red_Knolls:Y,
893	12983	34	Bishop:R,Red_Knolls:R,
894	12984	29	Bishop:R,Red_Knolls:R,
895	12986	103	Bishop:K,Red_Knolls:K,
896	13010	14	Bishop:S,Red_Knolls:S,
897	13029	70	Bishop:S,Red_Knolls:S,
898	13037	30	Bishop:M,Red_Knolls:M,
899	13050	15	Bishop:R,Red_Knolls:R,
900	13065	270	Bishop:K,Red_Knolls:K,
901	13081	75	Bishop:R,Red_Knolls:R,
902	13089	83	Bishop:R,Red_Knolls:R,
903	13091	85	Bishop:R,Red_Knolls:R,
904	13113	157	Bishop:C,Red_Knolls:S,
905	13130	153	Bishop:G,Red_Knolls:R,
906	13148	31	Bishop:M,Red_Knolls:M,
907	13161	102	Bishop:S,Red_Knolls:S,
908	13182	568	Bishop:K,Red_Knolls:K,
909	13183	150	Bishop:R,Red_Knolls:R,
910	13201	20	Bishop:Y,Red_Knolls:Y,
911	13243	385	Bishop:K,Red_Knolls:K,
912	13244	102	Bishop:R,Red_Knolls:R,
913	13258	117	Bishop:S,Red_Knolls:C,
914	13267	118	Bishop:Y,Red_Knolls:Y,
915	13283	41	Bishop:K,Red_Knolls:K,
916	13289	83	Bishop:A,Red_Knolls:W,
917	13302	15	Bishop:Y,Red_Knolls:Y,
918	13329	80	Bishop:W,Red_Knolls:W,
919	13348	120	Bishop:R,Red_Knolls:R,
920	13370	59	Bishop:Y,Red_Knolls:Y,
921	13405	98	Bishop:M,Red_Knolls:M,
922	13422	56	Bishop:K,Red_Knolls:G,
923	13470	13	Bishop:M,Red_Knolls:M,
924	13489	86	Bishop:M,Red_Knolls:M,
925	13491	16	Bishop:Y,Red_Knolls:Y,
926	13512	13	Bishop:S,Red_Knolls:S,
927	13522	135	Bishop:W,Red_Knolls:W,
928	13543	137	Bishop:Y,Red_Knolls:Y,
929	13568	90	Bishop:Y,Red_Knolls:C,
930	13570	77	Bishop:Y,Red_Knolls:Y,
931	13573	47	Bishop:S,Red_Knolls:S,
932	13596	157	Bishop:W,Red_Knolls:W,
933	13598	11	Bishop:K,Red_Knolls:K,
934	13672	149	Bishop:G,Red_Knolls:R,
935	13677	39	Bishop:S,Red_Knolls:S,
936	13696	45	Bishop:S,Red_Knolls:S,
937	13717	147	Bishop:M,Red_Knolls:C,
938	13733	39	Bishop:R,Red_Knolls:R,
939	13742	127	Bishop:M,Red_Knolls:M,
940	13754	54	Bishop:M,Red_Knolls:A,
941	13766	28	Bishop:S,Red_Knolls:S,
942	13802	25	Bishop:M,Red_Knolls:M,
943	13811	455	Bishop:K,Red_Knolls:K,
944	13828	31	Bishop:W,Red_Knolls:W,
945	13831	53	Bishop:Y,Red_Knolls:Y,
946	13832	41	Bishop:C,Red_Knolls:S,
947	13840	95	Bishop:W,Red_Knolls:W,
948	13848	48	Bishop:R,Red_Knolls:R,
949	13871	347	Bishop:Y,Red_Knolls:Y,
950	13911	141	Bishop:K,Red_Knolls:K,
951	13934	73	Bishop:S,Red_Knolls:S,
952	13950	220	Bishop:R,Red_Knolls:R,
953	13967	87	Bishop:R,Red_Knolls:G,
954	13976	126	Bishop:Y,Red_Knolls:Y,
955	13989	20	Bishop:W,Red_Knolls:W,
956	13998	58	Bishop:M,Red_Knolls:M,
957	14004	157	Bishop:Y,Red_Knolls:Y,
958	14013	145	Bishop:S,Red_Knolls:S,
959	14018	94	Bishop:W,Red_Knolls:W,
960	14028	56	Bishop:S,Red_Knolls:S,
961	14034	133	Bishop:M,Red_Knolls:M,
962	14046	297	Bishop:K,Red_Knolls:K,
963	14054	51	Bishop:R,Red_Knolls:R,
964	14105	152	Bishop:Y,Red_Knolls:Y,
965	14107	111	Bishop:W,Red_Knolls:T,
966	14112	71	Bishop:M,Red_Knolls:M,
967	14129	89	Bishop:K,Red_Knolls:K,
968	14158	133	Bishop:R,Red_Knolls:R,
969	14169	98	Bishop:W,Red_Knolls:W,
970	14172	45	Bishop:K,Red_Knolls:K,
971	14178	87	Bishop:M,Red_Knolls:M,
972	14185	22	Bishop:Y,Red_Knolls:Y,
973	14203	41	Bishop:R,Red_Knolls:R,
974	14207	326	Bishop:A,Red_Knolls:W,
975	14209	156	Bishop:C,Red_Knolls:Y,
976	14228	51	Bishop:R,Red_Knolls:R,
977	14235	143	Bishop:M,Red_Knolls:M,
978	14250	38	Bishop:R,Red_Knolls:R,
979	14251	156	Bishop:G,Red_Knolls:R,
980	14257	55	Bishop:R,Red_Knolls:G,
981	14278	108	Bishop:W,Red_Knolls:W,
982	14281	19	Bishop:R,Red_Knolls:R,
983	14291	143	Bishop:R,Red_Knolls:R,
984	14299	157	Bishop:M,Red_Knolls:M,
985	14322	138	Bishop:Y,Red_Knolls:Y,
986	14343	80	Bishop:K,Red_Knolls:K,
987	14355	47	Bishop:K,Red_Knolls:K,
988	14391	475	Bishop:K,Red_Knolls:K,
989	14448	58	Bishop:K,Red_Knolls:K,
990	14449	103	Bishop:G,Red_Knolls:R,
991	14458	148	Bishop:M,Red_Knolls:M,
992	14493	330	Bishop:G,Red_Knolls:K,
993	14494	8	Bishop:K,Red_Knolls:K,
994	14500	18	Bishop:R,Red_Knolls:R,
995	14510	6	Bishop:S,Red_Knolls:G,
996	14525	61	Bishop:Y,Red_Knolls:Y,
997	14532	19	Bishop:K,Red_Knolls:G,
998	14555	58	Bishop:Y,Red_Knolls:Y,
999	14567	18	Bishop:S,Red_Knolls:S,
1000	14575	34	Bishop:R,Red_Knolls:R,
1001	14614	49	Bishop:Y,Red_Knolls:Y,
1002	14624	115	Bishop:R,Red_Knolls:R,
1003	14655	52	Bishop:S,Red_Knolls:S,
1004	14668	114	Bishop:G,Red_Knolls:R,
1005	14671	61	Bishop:S,Red_Knolls:S,
1006	14680	146	Bishop:Y,Red_Knolls:Y,
1007	14687	72	Bishop:R,Red_Knolls:R,
1008	14689	73	Bishop:R,Red_Knolls:R,
1009	14694	12	Bishop:W,Red_Knolls:W,
1010	14696	56	Bishop:Y,Red_Knolls:Y,
1011	14732	116	Bishop:K,Red_Knolls:K,
1012	14752	40	Bishop:S,Red_Knolls:S,
1013	14758	145	Bishop:M,Red_Knolls:M,
1014	14786	77	Bishop:K,Red_Knolls:G,
1015	14824	10	Bishop:W,Red_Knolls:W,
1016	14831	88	Bishop:M,Red_Knolls:M,
1017	14889	24	Bishop:W,Red_Knolls:W,
1018	14900	18	Bishop:M,Red_Knolls:M,
1019	14904	103	Bishop:W,Red_Knolls:W,
1020	14907	55	Bishop:S,Red_Knolls:S,
1021	14908	524	Bishop:W,Red_Knolls:W,
1022	14910	26	Bishop:R,Red_Knolls:R,
1023	14911	54	Bishop:W,Red_Knolls:W,
1024	14939	149	Bishop:W,Red_Knolls:W,
1025	14940	42	Bishop:Y,Red_Knolls:Y,
1026	14946	114	Bishop:R,Red_Knolls:R,
1027	14952	136	Bishop:G,Red_Knolls:K,
1028	14973	25	Bishop:R,Red_Knolls:R,
1029	14979	97	Bishop:W,Red_Knolls:W,
1030	14991	275	Bishop:K,Red_Knolls:K,
1031	14999	131	Bishop:Y,Red_Knolls:Y,
1032	15007	47	Bishop:S,Red_Knolls:S,
1033	15017	144	Bishop:R,Red_Knolls:G,
1034	15034	6	Bishop:R,Red_Knolls:G,
1035	15065	68	Bishop:R,Red_Knolls:R,
1036	15086	122	Bishop:W,Red_Knolls:W,
1037	15100	87	Bishop:M,Red_Knolls:C,
1038	15102	63	Bishop:Y,Red_Knolls:Y,
1039	15110	43	Bishop:K,Red_Knolls:G,
1040	15120	95	Bishop:G,Red_Knolls:R,
1041	15141	139	Bishop:S,Red_Knolls:S,
1042	15158	145	Bishop:K,Red_Knolls:K,
1043	15161	62	Bishop:Y,Red_Knolls:T,
1044	15167	61	Bishop:W,Red_Knolls:W,
1045	15182	88	Bishop:M,Red_Knolls:M,
1046	15186	131	Bishop:M,Red_Knolls:M,
1047	15187	53	Bishop:T,Red_Knolls:K,
1048	15198	293	Bishop:S,Red_Knolls:S,
1049	15200	107	Bishop:W,Red_Knolls:W,
1050	15201	90	Bishop:R,Red_Knolls:R,
1051	15204	419	Bishop:M,Red_Knolls:M,
1052	15238	61	Bishop:T,Red_Knolls:W,
1053	15244	9	Bishop:W,Red_Knolls:W,
1054	15260	313	Bishop:W,Red_Knolls:W,
1055	15311	63	Bishop:W,Red_Knolls:W,
1056	15312	345	Bishop:K,Red_Knolls:K,
1057	15314	125	Bishop:M,Red_Knolls:M,
1058	15318	28	Bishop:A,Red_Knolls:M,
1059	15320	220	Bishop:C,Red_Knolls:S,
1060	15337	60	Bishop:M,Red_Knolls:M,
1061	15338	34	Bishop:S,Red_Knolls:S,
1062	15359	107	Bishop:R,Red_Knolls:G,
1063	15378	43	Bishop:Y,Red_Knolls:C,
1064	15380	116	Bishop:S,Red_Knolls:S,
1065	15391	67	Bishop:S,Red_Knolls:S,
1066	15394	354	Bishop:K,Red_Knolls:K,
1067	15402	35	Bishop:Y,Red_Knolls:Y,
1068	15415	75	Bishop:M,Red_Knolls:M,
1069	15418	157	Bishop:G,Red_Knolls:R,
1070	15430	239	Bishop:G,Red_Knolls:R,
1071	15431	143	Bishop:R,Red_Knolls:G,
1072	15467	51	Bishop:G,Red_Knolls:K,
1073	15490	39	Bishop:M,Red_Knolls:M,
1074	15496	60	Bishop:G,Red_Knolls:K,
1075	15527	58	Bishop:M,Red_Knolls:M,
1076	15531	14	Bishop:K,Red_Knolls:K,
1077	15537	149	Bishop:Y,Red_Knolls:Y,
1078	15554	495	Bishop:W,Red_Knolls:W,
1079	15565	81	Bishop:A,Red_Knolls:M,
1080	15575	114	Bishop:Y,Red_Knolls:C,
1081	15578	397	Bishop:K,Red_Knolls:K,
1082	15589	115	Bishop:Y,Red_Knolls:Y,
1083	15608	24	Bishop:G,Red_Knolls:K,
1084	15611	38	Bishop:Y,Red_Knolls:Y,
1085	15613	116	Bishop:C,Red_Knolls:Y,
1086	15630	86	Bishop:R,Red_Knolls:R,
1087	15653	143	Bishop:A,Red_Knolls:W,
1088	15662	22	Bishop:S,Red_Knolls:C,
1089	15676	130	Bishop:K,Red_Knolls:K,
1090	15687	118	Bishop:R,Red_Knolls:R,
1091	15699	481	Bishop:W,Red_Knolls:W,
1092	15704	101	Bishop:R,Red_Knolls:R,
1093	15717	44	Bishop:S,Red_Knolls:S,
1094	15727	101	Bishop:M,Red_Knolls:M,
1095	15730	64	Bishop:C,Red_Knolls:M,
1096	15731	16	Bishop:Y,Red_Knolls:Y,
1097	15752	71	Bishop:R,Red_Knolls:R,
1098	15804	41	Bishop:K,Red_Knolls:T,
1099	15810	15	Bishop:Y,Red_Knolls:Y,
1100	15833	34	Bishop:S,Red_Knolls:S,
1101	15837	109	Bishop:Y,Red_Knolls:Y,
1102	15845	84	Bishop:S,Red_Knolls:G,
1103	15847	54	Bishop:Y,Red_Knolls:Y,
1104	15848	49	Bishop:S,Red_Knolls:S,
1105	15851	102	Bishop:C,Red_Knolls:S,
1106	15873	39	Bishop:Y,Red_Knolls:Y,
1107	15880	134	Bishop:Y,Red_Knolls:Y,
1108	15883	114	Bishop:K,Red_Knolls:K,
1109	15896	424	Bishop:W,Red_Knolls:W,
1110	15953	105	Bishop:M,Red_Knolls:M,
1111	15954	72	Bishop:S,Red_Knolls:S,
1112	15984	102	Bishop:R,Red_Knolls:R,
1113	15989	59	Bishop:K,Red_Knolls:K,
1114	15991	93	Bishop:K,Red_Knolls:K,
1115	16002	13	Bishop:R,Red_Knolls:R,
1116	16005	300	Bishop:Y,Red_Knolls:Y,
1117	16011	55	Bishop:M,Red_Knolls:C,
1118	16024	125	Bishop:R,Red_Knolls:R,
1119	16027	144	Bishop:Y,Red_Knolls:Y,
1120	16042	19	Bishop:R,Red_Knolls:R,
1121	16049	17	Bishop:Y,Red_Knolls:Y,
1122	16087	64	Bishop:R,Red_Knolls:R,
1123	16129	111	Bishop:M,Red_Knolls:M,
1124	16132	104	Bishop:R,Red_Knolls:G,
1125	16140	43	Bishop:R,Red_Knolls:R,
1126	16145	22	Bishop:Y,Red_Knolls:Y,
1127	16161	207	Bishop:K,Red_Knolls:K,
1128	16167	25	Bishop:Y,Red_Knolls:Y,
1129	16177	7	Bishop:R,Red_Knolls:R,
1130	16178	79	Bishop:R,Red_Knolls:A,
1131	16202	73	Bishop:Y,Red_Knolls:Y,
1132	16209	66	Bishop:Y,Red_Knolls:Y,
1133	16218	57	Bishop:K,Red_Knolls:K,
1134	16226	27	Bishop:S,Red_Knolls:S,
1135	16248	28	Bishop:R,Red_Knolls:R,
1136	16310	37	Bishop:Y,Red_Knolls:Y,
1137	16311	23	Bishop:R,Red_Knolls:R,
1138	16334	6	Bishop:M,Red_Knolls:M,
1139	16354	151	Bishop:Y,Red_Knolls:Y,
1140	16376	73	Bishop:M,Red_Knolls:M,
1141	16382	79	Bishop:Y,Red_Knolls:Y,
1142	16402	101	Bishop:R,Red_Knolls:R,
1143	16404	42	Bishop:C,Red_Knolls:Y,
1144	16422	145	Bishop:Y,Red_Knolls:Y,
1145	16426	24	Bishop:R,Red_Knolls:R,
1146	16429	143	Bishop:G,Red_Knolls:R,
1147	16431	134	Bishop:K,Red_Knolls:K,
1148	16443	39	Bishop:R,Red_Knolls:R,
1149	16474	196	Bishop:K,Red_Knolls:K,
1150	16477	95	Bishop:M,Red_Knolls:M,
1151	16488	131	Bishop:Y,Red_Knolls:Y,
1152	16495	60	Bishop:W,Red_Knolls:W,
1153	16497	19	Bishop:Y,Red_Knolls:Y,
1154	16518	117	Bishop:R,Red_Knolls:R,
1155	16526	63	Bishop:G,Red_Knolls:R,
1156	16560	21	Bishop:Y,Red_Knolls:Y,
1157	16565	19	Bishop:C,Red_Knolls:Y,
1158	16566	63	Bishop:Y,Red_Knolls:Y,
1159	16569	428	Bishop:W,Red_Knolls:W,
1160	16573	70	Bishop:R,Red_Knolls:R,
1161	16603	45	Bishop:Y,Red_Knolls:Y,
1162	16616	94	Bishop:R,Red_Knolls:R,
1163	16620	135	Bishop:K,Red_Knolls:K,
1164	16649	13	Bishop:Y,Red_Knolls:Y,
1165	16653	34	Bishop:S,Red_Knolls:G,
1166	16680	128	Bishop:R,Red_Knolls:R,
1167	16688	54	Bishop:R,Red_Knolls:A,
1168	16693	419	Bishop:A,Red_Knolls:W,
1169	16699	26	Bishop:Y,Red_Knolls:Y,
1170	16713	14	Bishop:R,Red_Knolls:R,
1171	16730	38	Bishop:G,Red_Knolls:R,
1172	16738	36	Bishop:W,Red_Knolls:W,
1173	16743	29	Bishop:R,Red_Knolls:R,
1174	16750	63	Bishop:M,Red_Knolls:M,
1175	16755	324	Bishop:K,Red_Knolls:K,
1176	16767	42	Bishop:Y,Red_Knolls:Y,
1177	16786	26	Bishop:R,Red_Knolls:R,
1178	16820	12	Bishop:M,Red_Knolls:M,
1179	16822	16	Bishop:G,Red_Knolls:K,
1180	16824	71	Bishop:T,Red_Knolls:Y,
1181	16830	113	Bishop:K,Red_Knolls:K,
1182	16839	34	Bishop:W,Red_Knolls:W,
1183	16861	497	Bishop:W,Red_Knolls:A,
1184	16886	77	Bishop:R,Red_Knolls:R,
1185	16887	294	Bishop:W,Red_Knolls:W,
1186	16902	155	Bishop:Y,Red_Knolls:Y,
1187	16944	12	Bishop:R,Red_Knolls:R,
1188	16953	48	Bishop:Y,Red_Knolls:Y,
1189	16967	85	Bishop:Y,Red_Knolls:Y,
1190	16984	130	Bishop:G,Red_Knolls:K,
1191	17005	10	Bishop:S,Red_Knolls:S,
1192	17016	129	Bishop:R,Red_Knolls:G,
1193	17051	134	Bishop:M,Red_Knolls:M,
1194	17052	9	Bishop:M,Red_Knolls:M,
1195	17079	50	Bishop:R,Red_Knolls:R,
1196	17083	38	Bishop:K,Red_Knolls:K,
1197	17092	116	Bishop:R,Red_Knolls:R,
1198	17102	130	Bishop:Y,Red_Knolls:Y,
1199	17105	51	Bishop:W,Red_Knolls:W,
1200	17139	332	Bishop:W,Red_Knolls:W,
1201	17142	465	Bishop:K,Red_Knolls:K,
1202	17145	91	Bishop:Y,Red_Knolls:T,
1203	17170	142	Bishop:W,Red_Knolls:W,
1204	17202	97	Bishop:T,Red_Knolls:W,
1205	17254	314	Bishop:G,Red_Knolls:K,
1206	17279	483	Bishop:W,Red_Knolls:W,
1207	17290	7	Bishop:R,Red_Knolls:R,
1208	17295	133	Bishop:K,Red_Knolls:K,
1209	17339	60	Bishop:R,Red_Knolls:R,
1210	17371	15	Bishop:M,Red_Knolls:M,
1211	17374	56	Bishop:R,Red_Knolls:R,
1212	17404	68	Bishop:R,Red_Knolls:R,
1213	17436	101	Bishop:C,Red_Knolls:S,
1214	17463	48	Bishop:K,Red_Knolls:G,
1215	17505	230	Bishop:W,Red_Knolls:W,
1216	17527	118	Bishop:M,Red_Knolls:M,
1217	17529	108	Bishop:M,Red_Knolls:M,
1218	17536	20	Bishop:Y,Red_Knolls:Y,
1219	17564	22	Bishop:Y,Red_Knolls:Y,
1220	17586	26	Bishop:K,Red_Knolls:K,
1221	17594	66	Bishop:R,Red_Knolls:G,
1222	17595	23	Bishop:K,Red_Knolls:K,
1223	17598	80	Bishop:C,Red_Knolls:Y,
1224	17599	114	Bishop:Y,Red_Knolls:Y,
1225	17638	325	Bishop:R,Red_Knolls:R,
1226	17645	70	Bishop:R,Red_Knolls:R,
1227	17651	17	Bishop:G,Red_Knolls:R,
1228	17658	102	Bishop:G,Red_Knolls:R,
1229	17671	104	Bishop:W,Red_Knolls:W,
1230	17736	111	Bishop:R,Red_Knolls:R,
1231	17738	142	Bishop:M,Red_Knolls:C,
1232	17748	6	Bishop:R,Red_Knolls:R,
1233	17749	17	Bishop:G,Red_Knolls:K,
1234	17754	98	Bishop:R,Red_Knolls:R,
1235	17773	117	Bishop:M,Red_Knolls:M,
1236	17777	12	Bishop:R,Red_Knolls:A,
1237	17795	12	Bishop:R,Red_Knolls:R,
1238	17796	362	Bishop:K,Red_Knolls:T,
1239	17801	154	Bishop:W,Red_Knolls:W,
1240	17802	54	Bishop:K,Red_Knolls:K,
1241	17813	100	Bishop:G,Red_Knolls:R,
1242	17844	128	Bishop:K,Red_Knolls:K,
1243	17855	91	Bishop:S,Red_Knolls:C,
1244	17856	217	Bishop:R,Red_Knolls:R,
1245	17859	59	Bishop:Y,Red_Knolls:Y,
1246	17864	28	Bishop:G,Red_Knolls:R,
1247	17868	44	Bishop:K,Red_Knolls:K,
1248	17884	46	Bishop:S,Red_Knolls:S,
1249	17889	103	Bishop:W,Red_Knolls:W,
1250	17890	78	Bishop:S,Red_Knolls:S,
1251	17908	46	Bishop:Y,Red_Knolls:Y,
1252	17915	58	Bishop:G,Red_Knolls:R,
1253	17928	157	Bishop:M,Red_Knolls:M,
1254	17937	292	Bishop:W,Red_Knolls:W,
1255	17941	107	Bishop:Y,Red_Knolls:Y,
1256	17942	7	Bishop:G,Red_Knolls:K,
1257	17948	111	Bishop:C,Red_Knolls:S,
1258	17991	57	Bishop:M,Red_Knolls:C,
1259	18022	67	Bishop:R,Red_Knolls:R,
1260	18031	12	Bishop:A,Red_Knolls:R,
1261	18042	29	Bishop:W,Red_Knolls:W,
1262	18053	148	Bishop:Y,Red_Knolls:Y,
1263	18059	148	Bishop:Y,Red_Knolls:Y,
1264	18065	40	Bishop:R,Red_Knolls:R,
1265	18069	34	Bishop:G,Red_Knolls:R,
1266	18085	40	Bishop:W,Red_Knolls:W,
1267	18100	366	Bishop:M,Red_Knolls:M,
1268	18121	52	Bishop:S,Red_Knolls:S,
1269	18133	71	Bishop:Y,Red_Knolls:Y,
1270	18154	95	Bishop:W,Red_Knolls:W,
1271	18166	21	Bishop:W,Red_Knolls:W,
1272	18189	45	Bishop:R,Red_Knolls:R,
1273	18228	31	Bishop:G,Red_Knolls:R,
1274	18251	47	Bishop:S,Red_Knolls:S,
1275	18271	82	Bishop:M,Red_Knolls:M,
1276	18285	149	Bishop:Y,Red_Knolls:Y,
1277	18287	145	Bishop:W,Red_Knolls:W,
1278	18300	96	Bishop:W,Red_Knolls:W,
1279	18306	71	Bishop:Y,Red_Knolls:Y,
1280	18312	152	Bishop:W,Red_Knolls:W,
1281	18313	77	Bishop:R,Red_Knolls:R,
1282	18323	125	Bishop:S,Red_Knolls:S,
1283	18340	258	Bishop:C,Red_Knolls:M,
1284	18342	80	Bishop:Y,Red_Knolls:Y,
1285	18352	18	Bishop:M,Red_Knolls:M,
1286	18353	22	Bishop:C,Red_Knolls:Y,
1287	18378	15	Bishop:R,Red_Knolls:R,
1288	18408	267	Bishop:R,Red_Knolls:R,
1289	18451	151	Bishop:M,Red_Knolls:M,
1290	18473	12	Bishop:R,Red_Knolls:R,
1291	18482	63	Bishop:S,Red_Knolls:S,
1292	18484	132	Bishop:K,Red_Knolls:K,
1293	18492	237	Bishop:A,Red_Knolls:M,
1294	18526	321	Bishop:G,Red_Knolls:K,
1295	18532	69	Bishop:K,Red_Knolls:K,
1296	18535	68	Bishop:W,Red_Knolls:T,
1297	18543	345	Bishop:C,Red_Knolls:Y,
1298	18556	515	Bishop:K,Red_Knolls:K,
1299	18561	72	Bishop:R,Red_Knolls:R,
1300	18569	46	Bishop:Y,Red_Knolls:Y,
1301	18581	72	Bishop:Y,Red_Knolls:Y,
1302	18599	140	Bishop:S,Red_Knolls:S,
1303	18603	49	Bishop:S,Red_Knolls:S,
1304	18612	18	Bishop:Y,Red_Knolls:Y,
1305	18613	47	Bishop:M,Red_Knolls:M,
1306	18636	64	Bishop:Y,Red_Knolls:Y,
1307	18672	7	Bishop:S,Red_Knolls:G,
1308	18675	132	Bishop:W,Red_Knolls:W,
1309	18680	149	Bishop:W,Red_Knolls:W,
1310	18682	25	Bishop:K,Red_Knolls:K,
1311	18699	156	Bishop:Y,Red_Knolls:C,
1312	18703	300	Bishop:W,Red_Knolls:W,
1313	18714	136	Bishop:W,Red_Knolls:W,
1314	18715	97	Bishop:S,Red_Knolls:S,
1315	18726	24	Bishop:K,Red_Knolls:K,
1316	18736	122	Bishop:R,Red_Knolls:R,
1317	18771	69	Bishop:Y,Red_Knolls:Y,
1318	18781	31	Bishop:K,Red_Knolls:K,
1319	18793	28	Bishop:R,Red_Knolls:R,
1320	18821	28	Bishop:Y,Red_Knolls:Y,
1321	18838	55	Bishop:R,Red_Knolls:R,
1322	18841	85	Bishop:T,Red_Knolls:W,
1323	18844	73	Bishop:W,Red_Knolls:W,
1324	18877	112	Bishop:Y,Red_Knolls:Y,
1325	18883	49	Bishop:W,Red_Knolls:W,
1326	18888	28	Bishop:M,Red_Knolls:M,
1327	18903	156	Bishop:Y,Red_Knolls:Y,
1328	18911	61	Bishop:C,Red_Knolls:S,
1329	18912	22	Bishop:R,Red_Knolls:G,
1330	18915	47	Bishop:K,Red_Knolls:K,
1331	18941	76	Bishop:S,Red_Knolls:S,
1332	18950	26	Bishop:M,Red_Knolls:M,
1333	18964	134	Bishop:Y,Red_Knolls:Y,
1334	18971	388	Bishop:K,Red_Knolls:K,
1335	18982	92	Bishop:W,Red_Knolls:T,
1336	19007	54	Bishop:W,Red_Knolls:W,
1337	19013	151	Bishop:R,Red_Knolls:G,
1338	19017	96	Bishop:M,Red_Knolls:M,
1339	19027	103	Bishop:K,Red_Knolls:K,
1340	19036	127	Bishop:W,Red_Knolls:W,
1341	19075	128	Bishop:K,Red_Knolls:K,
1342	19089	8	Bishop:R,Red_Knolls:R,
1343	19093	64	Bishop:S,Red_Knolls:S,
1344	19129	142	Bishop:R,Red_Knolls:R,
1345	19149	20	Bishop:K,Red_Knolls:K,
1346	19169	68	Bishop:G,Red_Knolls:R,
1347	19170	262	Bishop:K,Red_Knolls:K,
1348	19177	17	Bishop:R,Red_Knolls:R,
1349	19187	63	Bishop:R,Red_Knolls:R,
1350	19195	148	Bishop:A,Red_Knolls:M,
1351	19212	138	Bishop:Y,Red_Knolls:Y,
1352	19263	482	Bishop:W,Red_Knolls:W,
1353	19302	126	Bishop:M,Red_Knolls:M,
1354	19305	6	Bishop:R,Red_Knolls:R,
1355	19313	101	Bishop:K,Red_Knolls:K,
1356	19314	457	Bishop:K,Red_Knolls:K,
1357	19329	154	Bishop:M,Red_Knolls:M,
1358	19386	23	Bishop:S,Red_Knolls:S,
1359	19415	76	Bishop:W,Red_Knolls:W,
1360	19483	106	Bishop:R,Red_Knolls:R,
1361	19500	119	Bishop:Y,Red_Knolls:Y,
1362	19512	92	Bishop:Y,Red_Knolls:Y,
1363	19522	118	Bishop:A,Red_Knolls:M,
1364	19525	125	Bishop:M,Red_Knolls:M,
1365	19531	112	Bishop:R,Red_Knolls:R,
1366	19535	62	Bishop:M,Red_Knolls:M,
1367	19552	8	Bishop:A,Red_Knolls:M,
1368	19553	33	Bishop:M,Red_Knolls:M,
1369	19560	88	Bishop:R,Red_Knolls:R,
1370	19594	91	Bishop:M,Red_Knolls:M,
1371	19630	23	Bishop:Y,Red_Knolls:Y,
1372	19639	142	Bishop:R,Red_Knolls:R,
1373	19641	31	Bishop:Y,Red_Knolls:Y,
1374	19642	9	Bishop:R,Red_Knolls:R,
1375	19654	72	Bishop:M,Red_Knolls:M,
1376	19658	143	Bishop:A,Red_Knolls:W,
1377	19683	35	Bishop:S,Red_Knolls:S,
1378	19699	154	Bishop:W,Red_Knolls:W,
1379	19701	116	Bishop:R,Red_Knolls:R,
1380	19707	134	Bishop:Y,Red_Knolls:C,
1381	19722	152	Bishop:M,Red_Knolls:M,
1382	19727	144	Bishop:Y,Red_Knolls:Y,
1383	19729	357	Bishop:K,Red_Knolls:T,
1384	19742	47	Bishop:R,Red_Knolls:R,
1385	19774	153	Bishop:M,Red_Knolls:M,
1386	19779	121	Bishop:K,Red_Knolls:K,
1387	19796	129	Bishop:G,Red_Knolls:R,
1388	19797	427	Bishop:K,Red_Knolls:K,
1389	19800	337	Bishop:W,Red_Knolls:W,
1390	19814	26	Bishop:R,Red_Knolls:R,
1391	19817	148	Bishop:K,Red_Knolls:K,
1392	19821	390	Bishop:K,Red_Knolls:G,
1393	19823	65	Bishop:S,Red_Knolls:S,
1394	19867	127	Bishop:R,Red_Knolls:R,
1395	19872	13	Bishop:Y,Red_Knolls:Y,
1396	19876	423	Bishop:W,Red_Knolls:W,
1397	19904	61	Bishop:W,Red_Knolls:W,
1398	19912	30	Bishop:R,Red_Knolls:R,
1399	19931	91	Bishop:M,Red_Knolls:M,
1400	19934	101	Bishop:Y,Red_Knolls:Y,
1401	19950	64	Bishop:K,Red_Knolls:K,
1402	19955	16	Bishop:W,Red_Knolls:W,
1403	19964	27	Bishop:S,Red_Knolls:S,
1404	19996	83	Bishop:W,Red_Knolls:W,
1405	19998	49	Bishop:C,Red_Knolls:M,
1406	20004	112	Bishop:Y,Red_Knolls:Y,
1407	20013	155	Bishop:R,Red_Knolls:R,
1408	20014	51	Bishop:R,Red_Knolls:R,
1409	20023	93	Bishop:W,Red_Knolls:W,
1410	20028	121	Bishop:M,Red_Knolls:M,
1411	20040	194	Bishop:K,Red_Knolls:K,
1412	20051	143	Bishop:Y,Red_Knolls:Y,
1413	20054	75	Bishop:K,Red_Knolls:K,
1414	20066	409	Bishop:G,Red_Knolls:K,
1415	20071	119	Bishop:K,Red_Knolls:K,
1416	20091	24	Bishop:R,Red_Knolls:R,
1417	20097	45	Bishop:M,Red_Knolls:A,
1418	20098	120	Bishop:R,Red_Knolls:R,
1419	20105	73	Bishop:R,Red_Knolls:G,
1420	20114	8	Bishop:K,Red_Knolls:K,
1421	20150	141	Bishop:M,Red_Knolls:M,
1422	20151	86	Bishop:W,Red_Knolls:W,
1423	20159	134	Bishop:M,Red_Knolls:M,
1424	20164	6	Bishop:C,Red_Knolls:Y,
1425	20167	155	Bishop:G,Red_Knolls:R,
1426	20186	19	Bishop:R,Red_Knolls:A,
1427	20204	142	Bishop:M,Red_Knolls:M,
1428	20238	23	Bishop:Y,Red_Knolls:Y,
1429	20240	70	Bishop:S,Red_Knolls:S,
1430	20254	562	Bishop:K,Red_Knolls:K,
1431	20271	392	Bishop:K,Red_Knolls:G,
1432	20273	152	Bishop:Y,Red_Knolls:Y,
1433	20283	13	Bishop:R,Red_Knolls:R,
1434	20292	36	Bishop:Y,Red_Knolls:Y,
1435	20299	101	Bishop:S,Red_Knolls:S,
1436	20318	9	Bishop:Y,Red_Knolls:Y,
1437	20332	76	Bishop:W,Red_Knolls:W,
1438	20341	51	Bishop:R,Red_Knolls:R,
1439	20352	88	Bishop:G,Red_Knolls:K,
1440	20355	463	Bishop:K,Red_Knolls:K,
1441	20357	19	Bishop:R,Red_Knolls:R,
1442	20371	125	Bishop:A,Red_Knolls:M,
1443	20374	56	Bishop:K,Red_Knolls:K,
1444	20376	17	Bishop:S,Red_Knolls:S,
1445	20383	16	Bishop:T,Red_Knolls:Y,
1446	20388	343	Bishop:K,Red_Knolls:G,
1447	20410	116	Bishop:K,Red_Knolls:K,
1448	20412	122	Bishop:G,Red_Knolls:S,
1449	20434	48	Bishop:R,Red_Knolls:R,
1450	20442	36	Bishop:R,Red_Knolls:R,
1451	20473	58	Bishop:Y,Red_Knolls:Y,
1452	20483	270	Bishop:T,Red_Knolls:K,
1453	20490	119	Bishop:Y,Red_Knolls:Y,
1454	20496	109	Bishop:R,Red_Knolls:R,
1455	20505	107	Bishop:R,Red_Knolls:R,
1456	20511	61	Bishop:R,Red_Knolls:R,
1457	20525	14	Bishop:G,Red_Knolls:R,
1458	20534	131	Bishop:G,Red_Knolls:K,
1459	20546	63	Bishop:S,Red_Knolls:G,
1460	20557	9	Bishop:R,Red_Knolls:R,
1461	20566	20	Bishop:Y,Red_Knolls:Y,
1462	20569	44	Bishop:Y,Red_Knolls:Y,
1463	20585	61	Bishop:W,Red_Knolls:W,
1464	20589	87	Bishop:G,Red_Knolls:K,
1465	20619	21	Bishop:M,Red_Knolls:M,
1466	20628	352	Bishop:K,Red_Knolls:K,
1467	20657	20	Bishop:M,Red_Knolls:M,
1468	20658	81	Bishop:S,Red_Knolls:S,
1469	20668	260	Bishop:W,Red_Knolls:W,
1470	20685	76	Bishop:S,Red_Knolls:C,
1471	20721	72	Bishop:W,Red_Knolls:W,
1472	20726	76	Bishop:R,Red_Knolls:R,
1473	20745	27	Bishop:Y,Red_Knolls:Y,
1474	20770	146	Bishop:M,Red_Knolls:M,
1475	20785	90	Bishop:S,Red_Knolls:S,
1476	20787	99	Bishop:R,Red_Knolls:R,
1477	20838	78	Bishop:T,Red_Knolls:W,
1478	20840	90	Bishop:W,Red_Knolls:W,
1479	20844	80	Bishop:R,Red_Knolls:R,
1480	20851	242	Bishop:W,Red_Knolls:W,
1481	20896	446	Bishop:K,Red_Knolls:K,
1482	20920	35	Bishop:S,Red_Knolls:G,
1483	20946	44	Bishop:W,Red_Knolls:W,
1484	20962	23	Bishop:R,Red_Knolls:R,
1485	20974	189	Bishop:K,Red_Knolls:K,
1486	20983	272	Bishop:Y,Red_Knolls:Y,
1487	21000	15	Bishop:K,Red_Knolls:G,
1488	21005	57	Bishop:A,Red_Knolls:M,
1489	21007	100	Bishop:M,Red_Knolls:A,
1490	21024	103	Bishop:R,Red_Knolls:R,
1491	21035	426	Bishop:W,Red_Knolls:W,
1492	21037	7	Bishop:S,Red_Knolls:S,
1493	21081	140	Bishop:Y,Red_Knolls:Y,
1494	21108	90	Bishop:S,Red_Knolls:S,
1495	21122	532	Bishop:K,Red_Knolls:T,
1496	21126	120	Bishop:R,Red_Knolls:R,
1497	21148	150	Bishop:S,Red_Knolls:C,
1498	21180	114	Bishop:K,Red_Knolls:K,
1499	21189	28	Bishop:S,Red_Knolls:S,
1500	21194	77	Bishop:A,Red_Knolls:M,
1501	21220	60	Bishop:W,Red_Knolls:W,
1502	21260	14	Bishop:T,Red_Knolls:W,
1503	21269	113	Bishop:C,Red_Knolls:Y,
1504	21276	75	Bishop:K,Red_Knolls:K,
1505	21313	62	Bishop:R,Red_Knolls:R,
1506	21317	97	Bishop:S,Red_Knolls:S,
1507	21327	89	Bishop:S,Red_Knolls:G,
1508	21343	77	Bishop:M,Red_Knolls:M,
1509	21352	89	Bishop:R,Red_Knolls:A,
1510	21362	471	Bishop:W,Red_Knolls:W,
1511	21381	155	Bishop:M,Red_Knolls:M,
1512	21415	48	Bishop:T,Red_Knolls:K,
1513	21420	85	Bishop:Y,Red_Knolls:Y,
1514	21422	157	Bishop:K,Red_Knolls:K,
1515	21424	51	Bishop:R,Red_Knolls:R,
1516	21438	120	Bishop:R,Red_Knolls:R,
1517	21457	427	Bishop:K,Red_Knolls:T,
1518	21464	120	Bishop:W,Red_Knolls:W,
1519	21489	22	Bishop:R,Red_Knolls:R,
1520	21491	61	Bishop:M,Red_Knolls:M,
1521	21513	101	Bishop:M,Red_Knolls:M,
1522	21515	276	Bishop:K,Red_Knolls:K,
1523	21522	6	Bishop:R,Red_Knolls:R,
1524	21523	130	Bishop:Y,Red_Knolls:Y,
1525	21539	18	Bishop:G,Red_Knolls:R,
1526	21556	323	Bishop:K,Red_Knolls:G,
1527	21565	70	Bishop:R,Red_Knolls:R,
1528	21592	140	Bishop:S,Red_Knolls:S,
1529	21596	64	Bishop:Y,Red_Knolls:C,
1530	21601	67	Bishop:K,Red_Knolls:T,
1531	21625	33	Bishop:R,Red_Knolls:R,
1532	21638	461	Bishop:W,Red_Knolls:W,
1533	21639	15	Bishop:W,Red_Knolls:A,
1534	21650	61	Bishop:R,Red_Knolls:R,
1535	21675	143	Bishop:K,Red_Knolls:K,
1536	21679	77	Bishop:Y,Red_Knolls:C,
1537	21680	122	Bishop:S,Red_Knolls:S,
1538	21715	147	Bishop:Y,Red_Knolls:Y,
1539	21728	50	Bishop:M,Red_Knolls:C,
1540	21729	18	Bishop:W,Red_Knolls:W,
1541	21731	41	Bishop:R,Red_Knolls:R,
1542	21751	98	Bishop:K,Red_Knolls:K,
1543	21770	7	Bishop:Y,Red_Knolls:Y,
1544	21776	116	Bishop:Y,Red_Knolls:Y,
1545	21780	84	Bishop:Y,Red_Knolls:Y,
1546	21794	130	Bishop:W,Red_Knolls:W,
1547	21810	155	Bishop:K,Red_Knolls:K,
1548	21821	21	Bishop:C,Red_Knolls:M,
1549	21824	42	Bishop:R,Red_Knolls:R,
1550	21856	151	Bishop:S,Red_Knolls:S,
1551	21896	51	Bishop:M,Red_Knolls:M,
1552	21898	152	Bishop:M,Red_Knolls:M,
1553	21903	31	Bishop:S,Red_Knolls:S,
1554	21905	13	Bishop:Y,Red_Knolls:Y,
1555	21916	114	Bishop:K,Red_Knolls:K,
1556	21918	8	Bishop:Y,Red_Knolls:Y,
1557	21930	79	Bishop:R,Red_Knolls:R,
1558	21935	496	Bishop:K,Red_Knolls:T,
1559	21942	397	Bishop:T,Red_Knolls:W,
1560	21954	20	Bishop:M,Red_Knolls:C,
1561	21958	73	Bishop:R,Red_Knolls:R,
1562	22001	16	Bishop:R,Red_Knolls:R,
1563	22004	15	Bishop:M,Red_Knolls:M,
1564	22007	44	Bishop:K,Red_Knolls:K,
1565	22015	36	Bishop:R,Red_Knolls:R,
1566	22016	52	Bishop:K,Red_Knolls:K,
1567	22032	395	Bishop:K,Red_Knolls:K,
1568	22111	113	Bishop:R,Red_Knolls:R,
1569	22115	45	Bishop:K,Red_Knolls:K,
1570	22123	366	Bishop:K,Red_Knolls:G,
1571	22148	30	Bishop:R,Red_Knolls:R,
1572	22180	113	Bishop:Y,Red_Knolls:Y,
1573	22181	124	Bishop:M,Red_Knolls:M,
1574	22186	61	Bishop:W,Red_Knolls:W,
1575	22194	104	Bishop:Y,Red_Knolls:Y,
1576	22221	63	Bishop:W,Red_Knolls:W,
1577	22223	23	Bishop:R,Red_Knolls:R,
1578	22235	65	Bishop:G,Red_Knolls:R,
1579	22236	152	Bishop:W,Red_Knolls:A,
1580	22247	12	Bishop:A,Red_Knolls:R,
1581	22252	29	Bishop:K,Red_Knolls:K,
1582	22298	10	Bishop:R,Red_Knolls:G,
1583	22304	110	Bishop:G,Red_Knolls:K,
1584	22306	155	Bishop:Y,Red_Knolls:Y,
1585	22318	119	Bishop:W,Red_Knolls:T,
1586	22325	315	Bishop:K,Red_Knolls:K,
1587	22331	114	Bishop:Y,Red_Knolls:Y,
1588	22334	76	Bishop:Y,Red_Knolls:Y,
1589	22363	385	Bishop:W,Red_Knolls:W,
1590	22380	150	Bishop:M,Red_Knolls:M,
1591	22417	104	Bishop:Y,Red_Knolls:Y,
1592	22420	128	Bishop:M,Red_Knolls:M,
1593	22426	31	Bishop:Y,Red_Knolls:Y,
1594	22434	96	Bishop:M,Red_Knolls:M,
1595	22439	147	Bishop:K,Red_Knolls:K,
1596	22465	140	Bishop:K,Red_Knolls:K,
1597	22486	128	Bishop:Y,Red_Knolls:Y,
1598	22643	265	Bishop:W,Red_Knolls:A,
1599	22653	78	Bishop:S,Red_Knolls:C,
1600	22656	48	Bishop:S,Red_Knolls:C,
1601	22677	97	Bishop:R,Red_Knolls:R,
1602	22695	71	Bishop:R,Red_Knolls:A,
1603	22696	130	Bishop:Y,Red_Knolls:C,
1604	22758	21	Bishop:C,Red_Knolls:Y,
1605	22768	14	Bishop:R,Red_Knolls:R,
1606	22770	8	Bishop:R,Red_Knolls:R,
1607	22771	57	Bishop:K,Red_Knolls:G,
1608	22790	51	Bishop:W,Red_Knolls:W,
1609	22840	51	Bishop:K,Red_Knolls:K,
1610	22894	23	Bishop:K,Red_Knolls:K,
1611	22896	145	Bishop:G,Red_Knolls:R,
1612	22925	487	Bishop:K,Red_Knolls:K,
1613	22927	276	Bishop:A,Red_Knolls:M,
1614	22945	340	Bishop:C,Red_Knolls:M,
1615	22948	70	Bishop:R,Red_Knolls:R,
1616	22998	91	Bishop:M,Red_Knolls:M,
1617	22999	12	Bishop:C,Red_Knolls:Y,
1618	23000	55	Bishop:M,Red_Knolls:M,
1619	23002	34	Bishop:R,Red_Knolls:R,
1620	23038	106	Bishop:K,Red_Knolls:K,
1621	23059	370	Bishop:W,Red_Knolls:W,
1622	23065	150	Bishop:S,Red_Knolls:S,
1623	23069	146	Bishop:R,Red_Knolls:R,
1624	23088	55	Bishop:K,Red_Knolls:K,
1625	23094	83	Bishop:R,Red_Knolls:R,
1626	23107	55	Bishop:Y,Red_Knolls:Y,
1627	23116	11	Bishop:C,Red_Knolls:M,
1628	23143	104	Bishop:K,Red_Knolls:K,
1629	23150	151	Bishop:K,Red_Knolls:K,
1630	23151	35	Bishop:R,Red_Knolls:R,
1631	23152	46	Bishop:R,Red_Knolls:R,
1632	23168	25	Bishop:S,Red_Knolls:S,
1633	23201	123	Bishop:W,Red_Knolls:W,
1634	23226	123	Bishop:K,Red_Knolls:K,
1635	23227	72	Bishop:R,Red_Knolls:R,
1636	23272	156	Bishop:W,Red_Knolls:W,
1637	23281	135	Bishop:W,Red_Knolls:W,
1638	23286	76	Bishop:K,Red_Knolls:K,
1639	23327	63	Bishop:R,Red_Knolls:R,
1640	23340	21	Bishop:K,Red_Knolls:K,
1641	23344	103	Bishop:M,Red_Knolls:C,
1642	23363	319	Bishop:R,Red_Knolls:R,
1643	23372	134	Bishop:M,Red_Knolls:M,
1644	23376	82	Bishop:R,Red_Knolls:R,
1645	23377	49	Bishop:A,Red_Knolls:W,
1646	23444	82	Bishop:S,Red_Knolls:S,
1647	23450	7	Bishop:K,Red_Knolls:K,
1648	23452	68	Bishop:R,Red_Knolls:R,
1649	23472	39	Bishop:Y,Red_Knolls:Y,
1650	23476	100	Bishop:A,Red_Knolls:M,
1651	23480	12	Bishop:R,Red_Knolls:R,
1652	23493	72	Bishop:R,Red_Knolls:R,
1653	23494	100	Bishop:W,Red_Knolls:W,
1654	23529	14	Bishop:Y,Red_Knolls:C,
1655	23531	123	Bishop:R,Red_Knolls:R,
1656	23534	29	Bishop:R,Red_Knolls:R,
1657	23537	11	Bishop:Y,Red_Knolls:Y,
1658	23547	11	Bishop:R,Red_Knolls:R,
1659	23549	44	Bishop:R,Red_Knolls:R,
1660	23554	94	Bishop:W,Red_Knolls:W,
1661	23562	149	Bishop:K,Red_Knolls:K,
1662	23575	78	Bishop:Y,Red_Knolls:Y,
1663	23585	30	Bishop:R,Red_Knolls:R,
1664	23605	157	Bishop:R,Red_Knolls:R,
1665	23606	30	Bishop:W,Red_Knolls:W,
1666	23618	51	Bishop:Y,Red_Knolls:Y,
1667	23620	40	Bishop:R,Red_Knolls:R,
1668	23621	42	Bishop:R,Red_Knolls:G,
1669	23630	129	Bishop:M,Red_Knolls:M,
1670	23643	67	Bishop:R,Red_Knolls:R,
1671	23651	8	Bishop:R,Red_Knolls:R,
1672	23671	153	Bishop:G,Red_Knolls:R,
1673	23688	47	Bishop:M,Red_Knolls:M,
1674	23695	41	Bishop:W,Red_Knolls:W,
1675	23703	126	Bishop:Y,Red_Knolls:Y,
1676	23713	59	Bishop:M,Red_Knolls:M,
1677	23731	381	Bishop:M,Red_Knolls:M,
1678	23740	105	Bishop:T,Red_Knolls:K,
1679	23744	76	Bishop:Y,Red_Knolls:Y,
1680	23747	47	Bishop:W,Red_Knolls:W,
1681	23799	43	Bishop:K,Red_Knolls:K,
1682	23806	105	Bishop:K,Red_Knolls:T,
1683	23807	7	Bishop:K,Red_Knolls:K,
1684	23833	43	Bishop:K,Red_Knolls:K,
1685	23835	53	Bishop:R,Red_Knolls:R,
1686	23839	97	Bishop:W,Red_Knolls:W,
1687	23847	30	Bishop:W,Red_Knolls:W,
1688	23859	60	Bishop:R,Red_Knolls:R,
1689	23869	36	Bishop:R,Red_Knolls:R,
1690	23887	35	Bishop:K,Red_Knolls:K,
1691	23948	367	Bishop:W,Red_Knolls:W,
1692	23963	10	Bishop:Y,Red_Knolls:Y,
1693	23980	129	Bishop:M,Red_Knolls:M,
1694	23996	40	Bishop:A,Red_Knolls:R,
1695	24006	128	Bishop:R,Red_Knolls:R,
1696	24022	14	Bishop:A,Red_Knolls:W,
1697	24045	83	Bishop:R,Red_Knolls:R,
1698	24065	94	Bishop:R,Red_Knolls:R,
1699	24069	216	Bishop:K,Red_Knolls:K,
1700	24089	102	Bishop:R,Red_Knolls:R,
1701	24109	84	Bishop:R,Red_Knolls:R,
1702	24124	60	Bishop:R,Red_Knolls:R,
1703	24127	99	Bishop:Y,Red_Knolls:Y,
1704	24128	52	Bishop:W,Red_Knolls:W,
1705	24131	75	Bishop:G,Red_Knolls:S,
1706	24151	408	Bishop:K,Red_Knolls:K,
1707	24154	49	Bishop:Y,Red_Knolls:Y,
1708	24157	322	Bishop:G,Red_Knolls:R,
1709	24168	42	Bishop:R,Red_Knolls:R,
1710	24176	326	Bishop:W,Red_Knolls:T,
1711	24188	34	Bishop:S,Red_Knolls:S,
1712	24194	131	Bishop:Y,Red_Knolls:Y,
1713	24197	75	Bishop:Y,Red_Knolls:Y,
1714	24201	79	Bishop:R,Red_Knolls:R,
1715	24211	37	Bishop:Y,Red_Knolls:C,
1716	24223	118	Bishop:M,Red_Knolls:M,
1717	24227	156	Bishop:S,Red_Knolls:S,
1718	24245	295	Bishop:R,Red_Knolls:R,
1719	24279	151	Bishop:K,Red_Knolls:K,
1720	24324	36	Bishop:Y,Red_Knolls:T,
1721	24341	17	Bishop:R,Red_Knolls:R,
1722	24355	67	Bishop:W,Red_Knolls:W,
1723	24364	434	Bishop:K,Red_Knolls:K,
1724	24384	73	Bishop:R,Red_Knolls:R,
1725	24397	33	Bishop:R,Red_Knolls:R,
1726	24414	28	Bishop:K,Red_Knolls:K,
1727	24427	110	Bishop:Y,Red_Knolls:Y,
1728	24446	116	Bishop:K,Red_Knolls:K,
1729	24452	81	Bishop:G,Red_Knolls:R,
1730	24460	137	Bishop:R,Red_Knolls:R,
1731	24464	73	Bishop:R,Red_Knolls:R,
1732	24469	155	Bishop:R,Red_Knolls:G,
1733	24470	41	Bishop:G,Red_Knolls:R,
1734	24500	155	Bishop:R,Red_Knolls:R,
1735	24512	59	Bishop:M,Red_Knolls:M,
1736	24513	130	Bishop:K,Red_Knolls:K,
1737	24518	255	Bishop:Y,Red_Knolls:Y,
1738	24522	40	Bishop:R,Red_Knolls:R,
1739	24533	337	Bishop:C,Red_Knolls:Y,
1740	24538	26	Bishop:M,Red_Knolls:M,
1741	24539	18	Bishop:Y,Red_Knolls:Y,
1742	24575	101	Bishop:W,Red_Knolls:W,
1743	24636	100	Bishop:G,Red_Knolls:S,
1744	24648	220	Bishop:M,Red_Knolls:M,
1745	24668	61	Bishop:M,Red_Knolls:M,
1746	24674	428	Bishop:K,Red_Knolls:K,
1747	24731	122	Bishop:M,Red_Knolls:M,
1748	24738	72	Bishop:R,Red_Knolls:R,
1749	24768	396	Bishop:W,Red_Knolls:W,
1750	24778	109	Bishop:M,Red_Knolls:M,
1751	24788	99	Bishop:A,Red_Knolls:M,
1752	24801	221	Bishop:M,Red_Knolls:M,
1753	24808	27	Bishop:S,Red_Knolls:S,
1754	24832	129	Bishop:W,Red_Knolls:W,
1755	24837	295	Bishop:Y,Red_Knolls:Y,
1756	24838	14	Bishop:W,Red_Knolls:W,
1757	24848	43	Bishop:K,Red_Knolls:K,
1758	24851	491	Bishop:A,Red_Knolls:W,
1759	24882	12	Bishop:M,Red_Knolls:M,
1760	24883	108	Bishop:T,Red_Knolls:Y,
1761	24885	57	Bishop:Y,Red_Knolls:Y,
1762	24889	11	Bishop:K,Red_Knolls:K,
1763	24898	60	Bishop:S,Red_Knolls:G,
1764	24899	92	Bishop:Y,Red_Knolls:Y,
1765	24908	39	Bishop:K,Red_Knolls:K,
1766	24910	53	Bishop:R,Red_Knolls:R,
1767	24923	58	Bishop:Y,Red_Knolls:Y,
1768	24987	29	Bishop:R,Red_Knolls:R,
1769	24989	101	Bishop:K,Red_Knolls:K,
1770	24995	31	Bishop:K,Red_Knolls:K,
1771	25003	112	Bishop:Y,Red_Knolls:Y,
1772	25015	115	Bishop:Y,Red_Knolls:Y,
1773	25018	119	Bishop:Y,Red_Knolls:Y,
1774	25021	11	Bishop:K,Red_Knolls:K,
1775	25037	37	Bishop:M,Red_Knolls:M,
1776	25045	17	Bishop:W,Red_Knolls:T,
1777	25077	83	Bishop:M,Red_Knolls:M,
1778	25101	72	Bishop:R,Red_Knolls:R,
1779	25106	14	Bishop:Y,Red_Knolls:Y,
1780	25126	76	Bishop:S,Red_Knolls:S,
1781	25140	43	Bishop:M,Red_Knolls:M,
1782	25142	313	Bishop:K,Red_Knolls:K,
1783	25166	90	Bishop:S,Red_Knolls:S,
1784	25168	129	Bishop:T,Red_Knolls:Y,
1785	25192	422	Bishop:K,Red_Knolls:K,
1786	25195	67	Bishop:K,Red_Knolls:K,
1787	25201	96	Bishop:G,Red_Knolls:R,
1788	25215	157	Bishop:R,Red_Knolls:R,
1789	25234	45	Bishop:W,Red_Knolls:W,
1790	25244	95	Bishop:W,Red_Knolls:W,
1791	25245	142	Bishop:S,Red_Knolls:G,
1792	25257	111	Bishop:W,Red_Knolls:T,
1793	25278	48	Bishop:K,Red_Knolls:K,
1794	25280	55	Bishop:R,Red_Knolls:G,
1795	25283	56	Bishop:K,Red_Knolls:G,
1796	25343	125	Bishop:R,Red_Knolls:R,
1797	25356	85	Bishop:M,Red_Knolls:M,
1798	25358	54	Bishop:S,Red_Knolls:S,
1799	25365	288	Bishop:W,Red_Knolls:W,
1800	25369	24	Bishop:M,Red_Knolls:M,
1801	25370	326	Bishop:K,Red_Knolls:K,
1802	25375	57	Bishop:S,Red_Knolls:S,
1803	25376	88	Bishop:R,Red_Knolls:R,
1804	25412	458	Bishop:W,Red_Knolls:W,
1805	25417	19	Bishop:M,Red_Knolls:M,
1806	25423	34	Bishop:S,Red_Knolls:S,
1807	25443	36	Bishop:R,Red_Knolls:A,
1808	25444	66	Bishop:R,Red_Knolls:R,
1809	25528	357	Bishop:R,Red_Knolls:R,
1810	25529	75	Bishop:W,Red_Knolls:W,
1811	25541	139	Bishop:T,Red_Knolls:Y,
1812	25567	59	Bishop:Y,Red_Knolls:Y,
1813	25571	60	Bishop:T,Red_Knolls:Y,
1814	25582	149	Bishop:S,Red_Knolls:S,
1815	25623	153	Bishop:Y,Red_Knolls:Y,
1816	25631	143	Bishop:W,Red_Knolls:W,
1817	25640	52	Bishop:K,Red_Knolls:G,
1818	25670	111	Bishop:Y,Red_Knolls:Y,
1819	25675	66	Bishop:K,Red_Knolls:K,
1820	25676	117	Bishop:K,Red_Knolls:K,
1821	25680	43	Bishop:W,Red_Knolls:A,
1822	25697	75	Bishop:R,Red_Knolls:R,
1823	25699	76	Bishop:G,Red_Knolls:R,
1824	25700	53	Bishop:Y,Red_Knolls:Y,
1825	25709	49	Bishop:M,Red_Knolls:M,
1826	25734	33	Bishop:Y,Red_Knolls:Y,
1827	25740	122	Bishop:R,Red_Knolls:R,
1828	25741	60	Bishop:M,Red_Knolls:A,
1829	25742	27	Bishop:M,Red_Knolls:M,
1830	25772	92	Bishop:C,Red_Knolls:Y,
1831	25791	94	Bishop:W,Red_Knolls:W,
1832	25811	116	Bishop:M,Red_Knolls:M,
1833	25812	250	Bishop:T,Red_Knolls:W,
1834	25817	481	Bishop:W,Red_Knolls:W,
1835	25819	74	Bishop:M,Red_Knolls:M,
1836	25850	123	Bishop:Y,Red_Knolls:Y,
1837	25857	82	Bishop:R,Red_Knolls:R,
1838	25860	13	Bishop:R,Red_Knolls:G,
1839	25863	99	Bishop:R,Red_Knolls:R,
1840	25900	6	Bishop:K,Red_Knolls:K,
1841	25902	412	Bishop:W,Red_Knolls:A,
1842	25906	114	Bishop:W,Red_Knolls:W,
1843	25913	41	Bishop:K,Red_Knolls:K,
1844	25921	89	Bishop:R,Red_Knolls:R,
1845	25933	33	Bishop:Y,Red_Knolls:C,
1846	25936	124	Bishop:Y,Red_Knolls:C,
1847	25951	16	Bishop:S,Red_Knolls:G,
1848	25966	79	Bishop:S,Red_Knolls:S,
1849	26000	76	Bishop:W,Red_Knolls:A,
1850	26004	14	Bishop:R,Red_Knolls:R,
1851	26012	24	Bishop:Y,Red_Knolls:T,
1852	26026	341	Bishop:K,Red_Knolls:K,
1853	26047	60	Bishop:W,Red_Knolls:W,
1854	26049	68	Bishop:Y,Red_Knolls:Y,
1855	26083	94	Bishop:Y,Red_Knolls:Y,
1856	26086	82	Bishop:R,Red_Knolls:R,
1857	26101	117	Bishop:R,Red_Knolls:R,
1858	26123	98	Bishop:R,Red_Knolls:R,
1859	26139	102	Bishop:Y,Red_Knolls:Y,
1860	26146	126	Bishop:Y,Red_Knolls:Y,
1861	26148	67	Bishop:M,Red_Knolls:M,
1862	26150	227	Bishop:K,Red_Knolls:K,
1863	26160	87	Bishop:K,Red_Knolls:G,
1864	26168	32	Bishop:R,Red_Knolls:R,
1865	26172	357	Bishop:Y,Red_Knolls:Y,
1866	26177	89	Bishop:W,Red_Knolls:W,
1867	26193	89	Bishop:Y,Red_Knolls:Y,
1868	26196	101	Bishop:C,Red_Knolls:Y,
1869	26236	401	Bishop:K,Red_Knolls:T,
1870	26263	157	Bishop:M,Red_Knolls:A,
1871	26277	52	Bishop:Y,Red_Knolls:Y,
1872	26280	97	Bishop:R,Red_Knolls:R,
1873	26301	95	Bishop:K,Red_Knolls:K,
1874	26306	9	Bishop:K,Red_Knolls:K,
1875	26308	32	Bishop:C,Red_Knolls:Y,
1876	26340	156	Bishop:A,Red_Knolls:W,
1877	26368	94	Bishop:M,Red_Knolls:C,
1878	26387	10	Bishop:S,Red_Knolls:S,
1879	26389	33	Bishop:S,Red_Knolls:S,
1880	26400	46	Bishop:R,Red_Knolls:R,
1881	26401	48	Bishop:R,Red_Knolls:R,
1882	26415	93	Bishop:Y,Red_Knolls:Y,
1883	26417	28	Bishop:A,Red_Knolls:W,
1884	26422	88	Bishop:S,Red_Knolls:G,
1885	26436	67	Bishop:W,Red_Knolls:W,
1886	26457	60	Bishop:K,Red_Knolls:K,
1887	26499	19	Bishop:R,Red_Knolls:A,
1888	26503	151	Bishop:W,Red_Knolls:A,
1889	26509	138	Bishop:K,Red_Knolls:K,
1890	26511	16	Bishop:Y,Red_Knolls:Y,
1891	26524	275	Bishop:A,Red_Knolls:M,
1892	26525	155	Bishop:R,Red_Knolls:R,
1893	26537	218	Bishop:M,Red_Knolls:M,
1894	26567	343	Bishop:K,Red_Knolls:K,
1895	26581	20	Bishop:M,Red_Knolls:M,
1896	26585	137	Bishop:S,Red_Knolls:S,
1897	26594	127	Bishop:Y,Red_Knolls:Y,
1898	26606	81	Bishop:M,Red_Knolls:M,
1899	26608	464	Bishop:K,Red_Knolls:T,
1900	26618	17	Bishop:M,Red_Knolls:M,
1901	26623	22	Bishop:W,Red_Knolls:W,
1902	26637	26	Bishop:M,Red_Knolls:M,
1903	26638	84	Bishop:R,Red_Knolls:R,
1904	26639	37	Bishop:R,Red_Knolls:R,
1905	26643	124	Bishop:S,Red_Knolls:S,
1906	26665	82	Bishop:W,Red_Knolls:W,
1907	26670	73	Bishop:R,Red_Knolls:R,
1908	26700	57	Bishop:W,Red_Knolls:W,
1909	26703	14	Bishop:M,Red_Knolls:A,
1910	26707	120	Bishop:W,Red_Knolls:W,
1911	26714	22	Bishop:S,Red_Knolls:S,
1912	26731	16	Bishop:W,Red_Knolls:W,
1913	26750	134	Bishop:C,Red_Knolls:M,
1914	26757	48	Bishop:R,Red_Knolls:R,
1915	26769	115	Bishop:M,Red_Knolls:M,
1916	26794	138	Bishop:M,Red_Knolls:C,
1917	26805	304	Bishop:R,Red_Knolls:R,
1918	26811	130	Bishop:C,Red_Knolls:Y,
1919	26829	331	Bishop:S,Red_Knolls:S,
1920	26836	208	Bishop:W,Red_Knolls:W,
1921	26853	106	Bishop:R,Red_Knolls:A,
1922	26866	96	Bishop:K,Red_Knolls:K,
1923	26878	89	Bishop:K,Red_Knolls:G,
1924	26885	112	Bishop:R,Red_Knolls:G,
1925	26891	102	Bishop:Y,Red_Knolls:Y,
1926	26901	39	Bishop:W,Red_Knolls:W,
1927	26903	25	Bishop:W,Red_Knolls:W,
1928	26925	18	Bishop:R,Red_Knolls:R,
1929	26926	622	Bishop:W,Red_Knolls:A,
1930	26931	151	Bishop:M,Red_Knolls:M,
1931	26949	57	Bishop:K,Red_Knolls:K,
1932	26955	62	Bishop:K,Red_Knolls:K,
1933	26959	100	Bishop:T,Red_Knolls:W,
1934	26971	46	Bishop:Y,Red_Knolls:Y,
1935	26987	6	Bishop:C,Red_Knolls:M,
1936	26998	46	Bishop:S,Red_Knolls:C,
1937	27006	114	Bishop:M,Red_Knolls:M,
1938	27010	257	Bishop:K,Red_Knolls:K,
1939	27026	69	Bishop:Y,Red_Knolls:Y,
1940	27032	9	Bishop:S,Red_Knolls:S,
1941	27038	98	Bishop:Y,Red_Knolls:Y,
1942	27048	90	Bishop:K,Red_Knolls:G,
1943	27054	116	Bishop:R,Red_Knolls:R,
1944	27066	76	Bishop:R,Red_Knolls:R,
1945	27094	27	Bishop:G,Red_Knolls:R,
1946	27098	47	Bishop:Y,Red_Knolls:T,
1947	27101	132	Bishop:R,Red_Knolls:R,
1948	27107	22	Bishop:M,Red_Knolls:M,
1949	27109	108	Bishop:S,Red_Knolls:S,
1950	27111	85	Bishop:K,Red_Knolls:K,
1951	27130	50	Bishop:R,Red_Knolls:R,
1952	27149	94	Bishop:R,Red_Knolls:R,
1953	27154	14	Bishop:S,Red_Knolls:S,
1954	27178	57	Bishop:S,Red_Knolls:S,
1955	27228	33	Bishop:K,Red_Knolls:K,
1956	27239	38	Bishop:S,Red_Knolls:S,
1957	27245	37	Bishop:R,Red_Knolls:R,
1958	27250	29	Bishop:R,Red_Knolls:R,
1959	27270	123	Bishop:K,Red_Knolls:K,
1960	27294	143	Bishop:W,Red_Knolls:W,
1961	27311	25	Bishop:W,Red_Knolls:W,
1962	27319	116	Bishop:R,Red_Knolls:R,
1963	27340	146	Bishop:R,Red_Knolls:R,
1964	27407	69	Bishop:S,Red_Knolls:S,
1965	27409	62	Bishop:C,Red_Knolls:M,
1966	27431	94	Bishop:K,Red_Knolls:K,
1967	27440	22	Bishop:M,Red_Knolls:M,
1968	27480	43	Bishop:R,Red_Knolls:R,
1969	27493	515	Bishop:K,Red_Knolls:G,
1970	27495	433	Bishop:K,Red_Knolls:K,
1971	27503	96	Bishop:R,Red_Knolls:R,
1972	27505	104	Bishop:W,Red_Knolls:W,
1973	27506	143	Bishop:M,Red_Knolls:M,
1974	27509	121	Bishop:W,Red_Knolls:W,
1975	27521	126	Bishop:C,Red_Knolls:M,
1976	27562	110	Bishop:R,Red_Knolls:R,
1977	27573	98	Bishop:R,Red_Knolls:R,
1978	27575	111	Bishop:K,Red_Knolls:K,
1979	27585	139	Bishop:M,Red_Knolls:M,
1980	27587	36	Bishop:Y,Red_Knolls:Y,
1981	27596	155	Bishop:M,Red_Knolls:M,
1982	27605	25	Bishop:W,Red_Knolls:W,
1983	27628	123	Bishop:Y,Red_Knolls:Y,
1984	27630	509	Bishop:G,Red_Knolls:K,
1985	27654	19	Bishop:K,Red_Knolls:K,
1986	27709	96	Bishop:W,Red_Knolls:W,
1987	27719	26	Bishop:W,Red_Knolls:W,
1988	27729	68	Bishop:R,Red_Knolls:A,
1989	27737	94	Bishop:Y,Red_Knolls:Y,
1990	27739	61	Bishop:W,Red_Knolls:W,
1991	27751	67	Bishop:T,Red_Knolls:Y,
1992	27753	18	Bishop:W,Red_Knolls:W,
1993	27779	399	Bishop:K,Red_Knolls:K,
1994	27780	122	Bishop:M,Red_Knolls:C,
1995	27806	119	Bishop:S,Red_Knolls:S,
1996	27807	53	Bishop:M,Red_Knolls:M,
1997	27821	10	Bishop:G,Red_Knolls:R,
1998	27839	14	Bishop:A,Red_Knolls:R,
1999	27842	95	Bishop:S,Red_Knolls:C,
2000	27843	432	Bishop:W,Red_Knolls:W,
2001	27852	52	Bishop:Y,Red_Knolls:Y,
2002	27861	96	Bishop:R,Red_Knolls:R,
2003	27910	84	Bishop:K,Red_Knolls:K,
2004	27922	82	Bishop:Y,Red_Knolls:Y,
2005	27929	85	Bishop:G,Red_Knolls:R,
2006	27932	108	Bishop:R,Red_Knolls:R,
2007	27953	71	Bishop:R,Red_Knolls:R,
2008	27954	80	Bishop:R,Red_Knolls:R,
2009	27964	461	Bishop:K,Red_Knolls:K,
2010	27976	86	Bishop:S,Red_Knolls:S,
2011	27980	86	Bishop:R,Red_Knolls:R,
2012	27983	74	Bishop:R,Red_Knolls:R,
2013	27996	529	Bishop:K,Red_Knolls:K,
2014	28025	145	Bishop:Y,Red_Knolls:Y,
2015	28072	31	Bishop:R,Red_Knolls:R,
2016	28096	154	Bishop:K,Red_Knolls:K,
2017	28108	41	Bishop:W,Red_Knolls:A,
2018	28109	16	Bishop:R,Red_Knolls:R,
2019	28117	45	Bishop:K,Red_Knolls:K,
2020	28164	278	Bishop:W,Red_Knolls:W,
2021	28209	44	Bishop:M,Red_Knolls:M,
2022	28215	135	Bishop:W,Red_Knolls:W,
2023	28223	153	Bishop:Y,Red_Knolls:Y,
2024	28232	361	Bishop:W,Red_Knolls:W,
2025	28247	141	Bishop:Y,Red_Knolls:Y,
2026	28248	152	Bishop:Y,Red_Knolls:Y,
2027	28266	97	Bishop:Y,Red_Knolls:Y,
2028	28271	97	Bishop:K,Red_Knolls:K,
2029	28274	61	Bishop:W,Red_Knolls:W,
2030	28291	29	Bishop:R,Red_Knolls:G,
2031	28314	139	Bishop:M,Red_Knolls:M,
2032	28400	145	Bishop:M,Red_Knolls:M,
2033	28402	71	Bishop:K,Red_Knolls:K,
2034	28408	71	Bishop:S,Red_Knolls:S,
2035	28421	147	Bishop:Y,Red_Knolls:Y,
2036	28424	155	Bishop:R,Red_Knolls:R,
2037	28447	118	Bishop:R,Red_Knolls:G,
2038	28458	61	Bishop:Y,Red_Knolls:Y,
2039	28463	79	Bishop:M,Red_Knolls:C,
2040	28473	274	Bishop:R,Red_Knolls:R,
2041	28482	141	Bishop:R,Red_Knolls:R,
2042	28524	9	Bishop:W,Red_Knolls:W,
2043	28530	148	Bishop:W,Red_Knolls:W,
2044	28533	90	Bishop:K,Red_Knolls:K,
2045	28548	506	Bishop:A,Red_Knolls:W,
2046	28572	144	Bishop:R,Red_Knolls:A,
2047	28616	73	Bishop:W,Red_Knolls:W,
2048	28627	12	Bishop:A,Red_Knolls:W,
2049	28632	73	Bishop:K,Red_Knolls:K,
2050	28636	38	Bishop:A,Red_Knolls:W,
2051	28658	41	Bishop:M,Red_Knolls:M,
2052	28662	147	Bishop:M,Red_Knolls:M,
2053	28672	377	Bishop:K,Red_Knolls:K,
2054	28677	114	Bishop:Y,Red_Knolls:Y,
2055	28679	141	Bishop:W,Red_Knolls:A,
2056	28682	63	Bishop:R,Red_Knolls:R,
2057	28707	70	Bishop:W,Red_Knolls:W,
2058	28732	33	Bishop:W,Red_Knolls:W,
2059	28787	388	Bishop:K,Red_Knolls:K,
2060	28789	30	Bishop:W,Red_Knolls:W,
2061	28794	9	Bishop:Y,Red_Knolls:Y,
2062	28808	123	Bishop:K,Red_Knolls:K,
2063	28832	113	Bishop:Y,Red_Knolls:C,
2064	28848	19	Bishop:C,Red_Knolls:M,
2065	28860	111	Bishop:K,Red_Knolls:K,
2066	28876	150	Bishop:W,Red_Knolls:W,
2067	28883	143	Bishop:G,Red_Knolls:K,
2068	28884	85	Bishop:W,Red_Knolls:W,
2069	28899	153	Bishop:W,Red_Knolls:W,
2070	28928	22	Bishop:W,Red_Knolls:W,
2071	28941	22	Bishop:R,Red_Knolls:R,
2072	28942	21	Bishop:Y,Red_Knolls:Y,
2073	28943	97	Bishop:R,Red_Knolls:G,
2074	28960	67	Bishop:Y,Red_Knolls:T,
2075	28962	148	Bishop:W,Red_Knolls:W,
2076	28978	71	Bishop:W,Red_Knolls:W,
2077	28987	82	Bishop:R,Red_Knolls:R,
2078	28990	73	Bishop:M,Red_Knolls:M,
2079	28991	127	Bishop:G,Red_Knolls:S,
2080	29029	7	Bishop:W,Red_Knolls:W,
2081	29092	64	Bishop:Y,Red_Knolls:Y,
2082	29437	140	Bishop:R,Red_Knolls:R,
2083	29479	82	Bishop:M,Red_Knolls:M,
2084	29490	77	Bishop:R,Red_Knolls:R,
2085	29793	58	Bishop:C,Red_Knolls:S,
2086	29830	142	Bishop:Y,Red_Knolls:Y,
2087	29861	132	Bishop:K,Red_Knolls:T,
2088	29932	76	Bishop:R,Red_Knolls:R,
2089	29965	135	Bishop:M,Red_Knolls:M,
2090	29983	422	Bishop:A,Red_Knolls:W,
2091	29987	147	Bishop:S,Red_Knolls:S,
2092	30012	99	Bishop:K,Red_Knolls:K,
2093	30107	100	Bishop:K,Red_Knolls:K,
2094	30333	73	Bishop:W,Red_Knolls:W,
2095	30428	133	Bishop:G,Red_Knolls:K,
2096	30567	150	Bishop:K,Red_Knolls:G,
2097	30698	46	Bishop:K,Red_Knolls:K,
2098	30722	94	Bishop:Y,Red_Knolls:T,
2099	30838	94	Bishop:W,Red_Knolls:W,
2100	30883	69	Bishop:R,Red_Knolls:R,
2101	30965	101	Bishop:C,Red_Knolls:S,
2102	30967	86	Bishop:M,Red_Knolls:M,
2103	31021	75	Bishop:M,Red_Knolls:M,
2104	31254	116	Bishop:M,Red_Knolls:M,
2105	31303	52	Bishop:K,Red_Knolls:K,
2106	31326	93	Bishop:T,Red_Knolls:W,
2107	31361	132	Bishop:R,Red_Knolls:R,
2108	31394	21	Bishop:Y,Red_Knolls:Y,
2109	31409	43	Bishop:M,Red_Knolls:M,
2110	31508	6	Bishop:A,Red_Knolls:R,
2111	58560	150	Bishop:Y,Red_Knolls:Y,
2112	61375	35	Bishop:W,Red_Knolls:W,
2113	67431	144	Bishop:C,Red_Knolls:M,
2114	67693	61	Bishop:W,Red_Knolls:W,
2115	80386	148	Bishop:Y,Red_Knolls:Y,
2116	84653	35	Bishop:Y,Red_Knolls:Y,
2117	120042	140	Bishop:S,Red_Knolls:S,
2118	120163	49	Bishop:R,Red_Knolls:R,
2119	121116	96	Bishop:R,Red_Knolls:R,
2120	123797	50	Bishop:S,Red_Knolls:S,
2121	124161	122	Bishop:W,Red_Knolls:W,
2122	128601	43	Bishop:M,Red_Knolls:M,
2123	128628	53	Bishop:K,Red_Knolls:K,
2124	131323	24	Bishop:R,Red_Knolls:R,
2125	134582	33	Bishop:S,Red_Knolls:S,
2126	136991	484	Bishop:K,Red_Knolls:K,
2127	138323	146	Bishop:Y,Red_Knolls:Y,
2128	141187	10	Bishop:R,Red_Knolls:A,
2129	142535	465	Bishop:K,Red_Knolls:K,
2130	145655	13	Bishop:S,Red_Knolls:S,
2131	147001	34	Bishop:R,Red_Knolls:R,
2132	149159	17	Bishop:S,Red_Knolls:S,
2133	149473	116	Bishop:R,Red_Knolls:R,
2134	150114	10	Bishop:K,Red_Knolls:K,
2135	151585	20	Bishop:R,Red_Knolls:R,
2136	156500	19	Bishop:K,Red_Knolls:K,
2137	159095	84	Bishop:S,Red_Knolls:S,
2138	159200	113	Bishop:S,Red_Knolls:S,
2139	163213	93	Bishop:W,Red_Knolls:W,
2140	163777	470	Bishop:K,Red_Knolls:K,
2141	163858	99	Bishop:K,Red_Knolls:K,
2142	164894	10	Bishop:M,Red_Knolls:M,
2143	165858	119	Bishop:R,Red_Knolls:R,
2144	167822	148	Bishop:R,Red_Knolls:A,
2145	169018	157	Bishop:W,Red_Knolls:W,
2146	175202	298	Bishop:G,Red_Knolls:R,
2147	175245	110	Bishop:W,Red_Knolls:W,
2148	175585	109	Bishop:Y,Red_Knolls:T,
2149	176712	97	Bishop:G,Red_Knolls:R,
2150	177432	139	Bishop:W,Red_Knolls:W,
2151	177947	16	Bishop:Y,Red_Knolls:Y,
2152	178283	73	Bishop:G,Red_Knolls:R,
2153	178469	137	Bishop:W,Red_Knolls:W,
2154	178475	82	Bishop:S,Red_Knolls:S,
2155	179675	41	Bishop:G,Red_Knolls:S,
2156	181589	79	Bishop:W,Red_Knolls:W,
2157	182870	57	Bishop:Y,Red_Knolls:Y,
2158	182914	87	Bishop:Y,Red_Knolls:Y,
2159	184044	75	Bishop:R,Red_Knolls:R,
2160	186155	46	Bishop:M,Red_Knolls:M,
2161	186212	61	Bishop:W,Red_Knolls:W,
2162	186513	46	Bishop:K,Red_Knolls:K,
2163	192086	71	Bishop:Y,Red_Knolls:Y,
2164	192105	347	Bishop:W,Red_Knolls:W,
2165	192979	117	Bishop:R,Red_Knolls:R,
2166	193444	51	Bishop:W,Red_Knolls:W,
2167	194766	146	Bishop:Y,Red_Knolls:Y,
2168	195380	122	Bishop:Y,Red_Knolls:T,
2169	195944	63	Bishop:W,Red_Knolls:W,
2170	198495	37	Bishop:R,Red_Knolls:R,
2171	199504	114	Bishop:W,Red_Knolls:W,
2172	200301	325	Bishop:K,Red_Knolls:K,
2173	200580	536	Bishop:W,Red_Knolls:A,
2174	201271	78	Bishop:W,Red_Knolls:W,
2175	203965	128	Bishop:R,Red_Knolls:R,
2176	204348	136	Bishop:S,Red_Knolls:S,
2177	204873	69	Bishop:Y,Red_Knolls:Y,
2178	205283	100	Bishop:R,Red_Knolls:R,
2179	207018	139	Bishop:W,Red_Knolls:W,
2180	209114	350	Bishop:K,Red_Knolls:K,
2181	216324	129	Bishop:M,Red_Knolls:M,
2182	216791	122	Bishop:K,Red_Knolls:K,
2183	218633	25	Bishop:Y,Red_Knolls:Y,
2184	220187	122	Bishop:W,Red_Knolls:W,
2185	220741	76	Bishop:R,Red_Knolls:R,
2186	221431	9	Bishop:W,Red_Knolls:W,
2187	222163	131	Bishop:M,Red_Knolls:A,
2188	226433	62	Bishop:G,Red_Knolls:S,
2189	233273	97	Bishop:Y,Red_Knolls:Y,
2190	233859	78	Bishop:K,Red_Knolls:K,
2191	234529	16	Bishop:Y,Red_Knolls:Y,
2192	235433	75	Bishop:R,Red_Knolls:R,
2193	236400	18	Bishop:R,Red_Knolls:R,
2194	237859	84	Bishop:K,Red_Knolls:K,
2195	240106	32	Bishop:R,Red_Knolls:R,
2196	240503	21	Bishop:S,Red_Knolls:G,
2197	242369	82	Bishop:K,Red_Knolls:K,
2198	242736	77	Bishop:R,Red_Knolls:G,
2199	247571	149	Bishop:K,Red_Knolls:K,
2200	247658	130	Bishop:A,Red_Knolls:M,
2201	249302	21	Bishop:Y,Red_Knolls:Y,
2202	250899	66	Bishop:Y,Red_Knolls:Y,
2203	251473	56	Bishop:W,Red_Knolls:W,
2204	252226	120	Bishop:Y,Red_Knolls:Y,
2205	253446	15	Bishop:Y,Red_Knolls:C,
2206	254851	311	Bishop:T,Red_Knolls:W,
2207	255971	88	Bishop:G,Red_Knolls:K,
2208	258338	72	Bishop:S,Red_Knolls:S,
2209	267120	56	Bishop:S,Red_Knolls:G,
2210	272486	290	Bishop:K,Red_Knolls:T,
2211	272724	12	Bishop:K,Red_Knolls:K,
2212	272831	131	Bishop:W,Red_Knolls:W,
2213	272901	224	Bishop:K,Red_Knolls:K,
2214	273100	153	Bishop:Y,Red_Knolls:Y,
2215	274475	25	Bishop:R,Red_Knolls:A,
2216	274834	158	Bishop:Y,Red_Knolls:Y,
2217	275946	89	Bishop:M,Red_Knolls:M,
2218	276070	77	Bishop:R,Red_Knolls:R,
2219	277129	351	Bishop:K,Red_Knolls:K,
2220	277138	64	Bishop:R,Red_Knolls:R,
2221	277147	322	Bishop:K,Red_Knolls:K,
2222	278835	125	Bishop:K,Red_Knolls:K,
2223	279163	460	Bishop:K,Red_Knolls:K,
2224	279299	97	Bishop:S,Red_Knolls:S,
2225	279366	139	Bishop:Y,Red_Knolls:Y,
2226	280354	67	Bishop:K,Red_Knolls:K,
2227	280451	21	Bishop:K,Red_Knolls:K,
2228	280693	37	Bishop:M,Red_Knolls:M,
2229	280757	292	Bishop:K,Red_Knolls:K,
2230	280770	62	Bishop:R,Red_Knolls:R,
2231	281229	79	Bishop:M,Red_Knolls:M,
2232	281746	111	Bishop:K,Red_Knolls:K,
2233	282086	193	Bishop:W,Red_Knolls:W,
2234	282599	453	Bishop:K,Red_Knolls:K,
2235	282854	52	Bishop:M,Red_Knolls:M,
2236	282960	46	Bishop:K,Red_Knolls:T,
2237	283081	477	Bishop:W,Red_Knolls:W,
2238	284601	152	Bishop:M,Red_Knolls:M,
2239	284959	152	Bishop:K,Red_Knolls:K,
2240	285275	152	Bishop:W,Red_Knolls:W,
2241	286659	117	Bishop:R,Red_Knolls:R,
2242	287162	54	Bishop:R,Red_Knolls:G,
2243	287390	92	Bishop:R,Red_Knolls:A,
2244	287699	196	Bishop:R,Red_Knolls:R,
2245	288115	119	Bishop:R,Red_Knolls:R,
2246	289013	103	Bishop:Y,Red_Knolls:Y,
2247	291429	41	Bishop:S,Red_Knolls:S,
2248	293228	113	Bishop:K,Red_Knolls:K,
2249	298417	94	Bishop:R,Red_Knolls:A,
2250	298825	60	Bishop:R,Red_Knolls:R,
2251	298854	376	Bishop:K,Red_Knolls:K,
2252	298986	139	Bishop:Y,Red_Knolls:T,
2253	299455	57	Bishop:K,Red_Knolls:K,
2254	305075	37	Bishop:Y,Red_Knolls:Y,
2255	305184	26	Bishop:R,Red_Knolls:R,
2256	306309	107	Bishop:W,Red_Knolls:W,
2257	307593	71	Bishop:W,Red_Knolls:W,
2258	307652	58	Bishop:C,Red_Knolls:Y,
2259	310454	25	Bishop:W,Red_Knolls:W,
2260	310654	95	Bishop:R,Red_Knolls:R,
2261	310964	407	Bishop:W,Red_Knolls:W,
2262	311055	153	Bishop:W,Red_Knolls:W,
2263	312457	45	Bishop:K,Red_Knolls:K,
2264	313401	265	Bishop:K,Red_Knolls:K,
2265	314495	96	Bishop:W,Red_Knolls:W,
2266	314884	344	Bishop:S,Red_Knolls:S,
2267	315826	80	Bishop:R,Red_Knolls:R,
2268	315839	115	Bishop:Y,Red_Knolls:Y,
2269	318034	52	Bishop:S,Red_Knolls:G,
2270	318199	98	Bishop:K,Red_Knolls:K,
2271	321583	6	Bishop:S,Red_Knolls:S,
2272	321596	48	Bishop:M,Red_Knolls:M,
2273	322743	110	Bishop:Y,Red_Knolls:Y,
2274	322855	25	Bishop:R,Red_Knolls:A,
2275	323674	71	Bishop:K,Red_Knolls:K,
2276	323984	126	Bishop:S,Red_Knolls:S,
2277	324140	210	Bishop:K,Red_Knolls:K,
2278	324681	12	Bishop:W,Red_Knolls:W,
2279	327131	47	Bishop:K,Red_Knolls:K,
2280	328950	106	Bishop:W,Red_Knolls:W,
2281	329887	149	Bishop:Y,Red_Knolls:Y,
2282	331980	97	Bishop:R,Red_Knolls:R,
2283	332722	111	Bishop:T,Red_Knolls:Y,
2284	333356	16	Bishop:W,Red_Knolls:T,
2285	334710	438	Bishop:K,Red_Knolls:K,
2286	337240	64	Bishop:Y,Red_Knolls:Y,
2287	340326	41	Bishop:Y,Red_Knolls:Y,
2288	343508	7	Bishop:Y,Red_Knolls:Y,
2289	343748	129	Bishop:Y,Red_Knolls:T,
2290	344030	21	Bishop:Y,Red_Knolls:C,
2291	344729	142	Bishop:S,Red_Knolls:S,
2292	352133	82	Bishop:A,Red_Knolls:M,
2293	352585	153	Bishop:M,Red_Knolls:M,
2294	361403	24	Bishop:R,Red_Knolls:R,
2295	374469	16	Bishop:Y,Red_Knolls:Y,
2296	380947	154	Bishop:M,Red_Knolls:M,
2297	395858	34	Bishop:K,Red_Knolls:K,
2298	397927	141	Bishop:Y,Red_Knolls:C,
2299	405414	53	Bishop:S,Red_Knolls:S,
2300	411091	51	Bishop:W,Red_Knolls:W,
2301	433486	74	Bishop:M,Red_Knolls:M,
2302	433640	307	Bishop:M,Red_Knolls:M,
2303	434034	84	Bishop:M,Red_Knolls:M,
2304	436148	148	Bishop:K,Red_Knolls:K,
2305	438500	12	Bishop:R,Red_Knolls:R,
2306	438619	430	Bishop:K,Red_Knolls:K,
2307	441641	41	Bishop:R,Red_Knolls:R,
2308	443680	146	Bishop:R,Red_Knolls:R,
2309	447303	71	Bishop:T,Red_Knolls:Y,
2310	453393	498	Bishop:W,Red_Knolls:W,
2311	455187	144	Bishop:S,Red_Knolls:S,
2312	456527	114	Bishop:Y,Red_Knolls:Y,
2313	462076	32	Bishop:Y,Red_Knolls:Y,
2314	468323	14	Bishop:Y,Red_Knolls:Y,
2315	468359	151	Bishop:R,Red_Knolls:R,
2316	493227	57	Bishop:K,Red_Knolls:K,
2317	493525	110	Bishop:Y,Red_Knolls:Y,
2318	493930	481	Bishop:W,Red_Knolls:W,
2319	494932	379	Bishop:W,Red_Knolls:W,
2320	495218	137	Bishop:R,Red_Knolls:R,
2321	495712	66	Bishop:Y,Red_Knolls:Y,
2322	496221	70	Bishop:Y,Red_Knolls:Y,
2323	497605	268	Bishop:G,Red_Knolls:K,
2324	497636	92	Bishop:R,Red_Knolls:R,
2325	497822	64	Bishop:Y,Red_Knolls:Y,
2326	498747	130	Bishop:R,Red_Knolls:R,
2327	498807	140	Bishop:K,Red_Knolls:K,
2328	499360	100	Bishop:M,Red_Knolls:M,
2329	500656	12	Bishop:S,Red_Knolls:S,
2330	501288	114	Bishop:K,Red_Knolls:K,
2331	502087	482	Bishop:K,Red_Knolls:K,
2332	503495	29	Bishop:G,Red_Knolls:R,
2333	504962	111	Bishop:Y,Red_Knolls:Y,
2334	505767	122	Bishop:M,Red_Knolls:C,
2335	509062	301	Bishop:K,Red_Knolls:K,
2336	512004	44	Bishop:Y,Red_Knolls:Y,
2337	514194	102	Bishop:W,Red_Knolls:W,
2338	514424	284	Bishop:S,Red_Knolls:S,
2339	515454	150	Bishop:S,Red_Knolls:S,
2340	516240	135	Bishop:K,Red_Knolls:K,
2341	516324	405	Bishop:K,Red_Knolls:K,
2342	517628	484	Bishop:W,Red_Knolls:W,
2343	518154	382	Bishop:W,Red_Knolls:W,
2344	520767	92	Bishop:R,Red_Knolls:R,
2345	526850	157	Bishop:Y,Red_Knolls:Y,
2346	526940	127	Bishop:S,Red_Knolls:S,
2347	527063	133	Bishop:K,Red_Knolls:K,
2348	527070	288	Bishop:W,Red_Knolls:W,
2349	527096	104	Bishop:Y,Red_Knolls:T,
2350	527246	153	Bishop:R,Red_Knolls:R,
2351	527433	10	Bishop:S,Red_Knolls:S,
2352	527514	366	Bishop:K,Red_Knolls:K,
2353	527560	36	Bishop:Y,Red_Knolls:Y,
2354	527641	130	Bishop:R,Red_Knolls:R,
2355	527661	30	Bishop:K,Red_Knolls:K,
2356	527822	41	Bishop:Y,Red_Knolls:C,
2357	527912	256	Bishop:K,Red_Knolls:K,
2358	527938	22	Bishop:R,Red_Knolls:R,
2359	528014	60	Bishop:K,Red_Knolls:G,
2360	528032	316	Bishop:K,Red_Knolls:K,
2361	528095	207	Bishop:K,Red_Knolls:K,
2362	528098	155	Bishop:K,Red_Knolls:K,
2363	528209	127	Bishop:Y,Red_Knolls:Y,
2364	528856	27	Bishop:Y,Red_Knolls:Y,
2365	528898	87	Bishop:M,Red_Knolls:M,
2366	529747	146	Bishop:G,Red_Knolls:K,
2367	530187	59	Bishop:M,Red_Knolls:M,
2368	530650	133	Bishop:Y,Red_Knolls:Y,
2369	530694	100	Bishop:K,Red_Knolls:K,
2370	530903	453	Bishop:K,Red_Knolls:K,
2371	531801	130	Bishop:K,Red_Knolls:K,
2372	532086	47	Bishop:M,Red_Knolls:A,
2373	532558	379	Bishop:K,Red_Knolls:K,
2374	532735	17	Bishop:Y,Red_Knolls:Y,
2375	532931	116	Bishop:S,Red_Knolls:S,
2376	533937	13	Bishop:C,Red_Knolls:Y,
2377	534905	102	Bishop:W,Red_Knolls:W,
2378	535090	120	Bishop:G,Red_Knolls:R,
2379	535287	65	Bishop:S,Red_Knolls:S,
2380	538396	155	Bishop:Y,Red_Knolls:Y,
2381	538769	42	Bishop:Y,Red_Knolls:Y,
2382	539588	43	Bishop:T,Red_Knolls:W,
2383	539727	48	Bishop:S,Red_Knolls:S,
2384	540254	26	Bishop:R,Red_Knolls:R,
2385	540778	206	Bishop:M,Red_Knolls:M,
2386	541748	57	Bishop:W,Red_Knolls:W,
2387	542108	444	Bishop:K,Red_Knolls:K,
2388	544724	52	Bishop:M,Red_Knolls:M,
2389	544793	412	Bishop:M,Red_Knolls:M,
2390	545285	50	Bishop:S,Red_Knolls:S,
2391	546107	152	Bishop:A,Red_Knolls:W,
2392	546431	479	Bishop:A,Red_Knolls:W,
2393	548402	60	Bishop:S,Red_Knolls:S,
2394	549448	363	Bishop:K,Red_Knolls:K,
2395	550209	145	Bishop:M,Red_Knolls:M,
2396	551251	477	Bishop:W,Red_Knolls:W,
2397	551367	75	Bishop:S,Red_Knolls:S,
2398	552431	480	Bishop:W,Red_Knolls:W,
2399	552437	24	Bishop:A,Red_Knolls:R,
2400	552512	59	Bishop:W,Red_Knolls:W,
2401	552567	128	Bishop:Y,Red_Knolls:Y,
2402	552585	56	Bishop:Y,Red_Knolls:C,
2403	552832	142	Bishop:Y,Red_Knolls:C,
2404	552995	58	Bishop:Y,Red_Knolls:Y,
2405	553944	97	Bishop:W,Red_Knolls:W,
2406	554431	101	Bishop:Y,Red_Knolls:Y,
2407	554440	76	Bishop:Y,Red_Knolls:Y,
2408	554657	101	Bishop:W,Red_Knolls:W,
2409	554878	8	Bishop:S,Red_Knolls:G,
2410	556463	8	Bishop:S,Red_Knolls:S,
2411	556521	117	Bishop:K,Red_Knolls:K,
2412	557000	128	Bishop:Y,Red_Knolls:C,
2413	557166	20	Bishop:Y,Red_Knolls:Y,
2414	558044	48	Bishop:Y,Red_Knolls:Y,
2415	558297	83	Bishop:Y,Red_Knolls:Y,
2416	558838	26	Bishop:W,Red_Knolls:W,
2417	559468	55	Bishop:M,Red_Knolls:A,
2418	561748	86	Bishop:W,Red_Knolls:W,
2419	561828	44	Bishop:M,Red_Knolls:M,
2420	562155	84	Bishop:Y,Red_Knolls:Y,
2421	562567	91	Bishop:Y,Red_Knolls:Y,
2422	562612	143	Bishop:R,Red_Knolls:R,
2423	562663	75	Bishop:W,Red_Knolls:W,
2424	562832	112	Bishop:R,Red_Knolls:R,
2425	563434	28	Bishop:W,Red_Knolls:W,
2426	563535	23	Bishop:Y,Red_Knolls:Y,
2427	563628	24	Bishop:M,Red_Knolls:M,
2428	563768	365	Bishop:K,Red_Knolls:K,
2429	564008	289	Bishop:M,Red_Knolls:M,
2430	566114	114	Bishop:M,Red_Knolls:M,
2431	567801	12	Bishop:K,Red_Knolls:K,
2432	568696	152	Bishop:W,Red_Knolls:W,
2433	569257	96	Bishop:K,Red_Knolls:K,
2434	569287	23	Bishop:K,Red_Knolls:K,
2435	569600	62	Bishop:Y,Red_Knolls:Y,
2436	569620	396	Bishop:W,Red_Knolls:W,
2437	569862	68	Bishop:M,Red_Knolls:M,
2438	570727	394	Bishop:T,Red_Knolls:K,
2439	571392	260	Bishop:G,Red_Knolls:R,
2440	572866	223	Bishop:K,Red_Knolls:K,
2441	573700	25	Bishop:M,Red_Knolls:M,
2442	574583	34	Bishop:Y,Red_Knolls:C,
2443	574776	70	Bishop:Y,Red_Knolls:Y,
2444	575867	38	Bishop:S,Red_Knolls:S,
2445	577702	31	Bishop:K,Red_Knolls:K,
2446	578055	102	Bishop:W,Red_Knolls:W,
2447	578258	192	Bishop:K,Red_Knolls:K,
2448	578474	74	Bishop:R,Red_Knolls:R,
2449	578516	94	Bishop:S,Red_Knolls:S,
2450	578688	69	Bishop:W,Red_Knolls:W,
2451	579190	67	Bishop:Y,Red_Knolls:Y,
2452	579700	61	Bishop:M,Red_Knolls:M,
2453	580782	127	Bishop:K,Red_Knolls:G,
2454	581387	130	Bishop:W,Red_Knolls:W,
2455	581554	32	Bishop:W,Red_Knolls:T,
2456	582889	12	Bishop:R,Red_Knolls:R,
2457	582976	158	Bishop:G,Red_Knolls:S,
2458	583673	366	Bishop:M,Red_Knolls:M,
2459	583898	97	Bishop:Y,Red_Knolls:Y,
2460	583906	274	Bishop:K,Red_Knolls:T,
2461	584819	12	Bishop:W,Red_Knolls:W,
2462	585310	140	Bishop:W,Red_Knolls:W,
2463	585426	132	Bishop:Y,Red_Knolls:Y,
2464	586565	369	Bishop:K,Red_Knolls:K,
2465	587494	87	Bishop:W,Red_Knolls:W,
2466	588276	8	Bishop:S,Red_Knolls:S,
2467	588391	11	Bishop:S,Red_Knolls:S,
2468	588713	31	Bishop:R,Red_Knolls:R,
2469	590697	13	Bishop:R,Red_Knolls:R,
2470	592332	124	Bishop:W,Red_Knolls:W,
2471	593398	25	Bishop:R,Red_Knolls:R,
2472	595794	99	Bishop:R,Red_Knolls:A,
2473	595936	141	Bishop:R,Red_Knolls:R,
2474	597221	505	Bishop:W,Red_Knolls:W,
2475	597321	393	Bishop:K,Red_Knolls:K,
2476	599575	68	Bishop:R,Red_Knolls:G,
2477	601009	94	Bishop:R,Red_Knolls:R,
2478	601272	407	Bishop:W,Red_Knolls:W,
2479	601631	298	Bishop:G,Red_Knolls:K,
2480	601953	366	Bishop:W,Red_Knolls:W,
2481	602170	282	Bishop:K,Red_Knolls:K,
2482	602324	490	Bishop:W,Red_Knolls:A,
2483	602812	81	Bishop:R,Red_Knolls:R,
2484	602838	20	Bishop:K,Red_Knolls:K,
2485	602873	107	Bishop:W,Red_Knolls:W,
