****                   ADMIXTURE Version 1.3.0                  ****
****                    Copyright 2008-2015                     ****
****           David Alexander, Suyash Shringarpure,            ****
****                John  Novembre, Ken Lange                   ****
****                                                            ****
****                 Please cite our paper!                     ****
****   Information at www.genetics.ucla.edu/software/admixture  ****

Cross-validation will be performed.  Folds=5.
Random seed: 29604
Point estimation method: Block relaxation algorithm
Convergence acceleration algorithm: QuasiNewton, 3 secant conditions
Point estimation will terminate when objective function delta < 0.0001
Estimation of standard errors disabled; will compute point estimates only.
Size of G: 260x13929
Performing five EM steps to prime main algorithm
1 (EM) 	Elapsed: 0.1	Loglikelihood: -1.07886e+06	(delta): 3.8168e+06
2 (EM) 	Elapsed: 0.099	Loglikelihood: -1.00501e+06	(delta): 73848.4
3 (EM) 	Elapsed: 0.101	Loglikelihood: -993241	(delta): 11770.9
4 (EM) 	Elapsed: 0.099	Loglikelihood: -986285	(delta): 6956.09
5 (EM) 	Elapsed: 0.099	Loglikelihood: -981029	(delta): 5255.73
Initial loglikelihood: -981029
Starting main algorithm
1 (QN/Block) 	Elapsed: 0.201	Loglikelihood: -796758	(delta): 184271
2 (QN/Block) 	Elapsed: 0.2	Loglikelihood: -732494	(delta): 64264.5
3 (QN/Block) 	Elapsed: 0.225	Loglikelihood: -701042	(delta): 31451.2
4 (QN/Block) 	Elapsed: 0.236	Loglikelihood: -670535	(delta): 30507.2
5 (QN/Block) 	Elapsed: 0.236	Loglikelihood: -657604	(delta): 12931.4
6 (QN/Block) 	Elapsed: 0.236	Loglikelihood: -654685	(delta): 2919.07
7 (QN/Block) 	Elapsed: 0.222	Loglikelihood: -654098	(delta): 586.57
8 (QN/Block) 	Elapsed: 0.216	Loglikelihood: -653994	(delta): 104.519
9 (QN/Block) 	Elapsed: 0.216	Loglikelihood: -653972	(delta): 21.2557
10 (QN/Block) 	Elapsed: 0.252	Loglikelihood: -653964	(delta): 7.93506
11 (QN/Block) 	Elapsed: 0.216	Loglikelihood: -653958	(delta): 6.07055
12 (QN/Block) 	Elapsed: 0.216	Loglikelihood: -653955	(delta): 3.21479
13 (QN/Block) 	Elapsed: 0.252	Loglikelihood: -653954	(delta): 1.02305
14 (QN/Block) 	Elapsed: 0.216	Loglikelihood: -653954	(delta): 0.0217376
15 (QN/Block) 	Elapsed: 0.216	Loglikelihood: -653954	(delta): 0.0141484
16 (QN/Block) 	Elapsed: 0.216	Loglikelihood: -653954	(delta): 0.00475567
17 (QN/Block) 	Elapsed: 0.24	Loglikelihood: -653954	(delta): 0.000829607
18 (QN/Block) 	Elapsed: 0.216	Loglikelihood: -653954	(delta): 0.000294913
19 (QN/Block) 	Elapsed: 0.252	Loglikelihood: -653954	(delta): 0.000116955
20 (QN/Block) 	Elapsed: 0.252	Loglikelihood: -653954	(delta): 0.000120211
21 (QN/Block) 	Elapsed: 0.252	Loglikelihood: -653954	(delta): 0.000143369
22 (QN/Block) 	Elapsed: 0.251	Loglikelihood: -653954	(delta): 0.000169209
23 (QN/Block) 	Elapsed: 0.251	Loglikelihood: -653954	(delta): 0.000194903
24 (QN/Block) 	Elapsed: 0.252	Loglikelihood: -653954	(delta): 0.000218009
25 (QN/Block) 	Elapsed: 0.253	Loglikelihood: -653954	(delta): 0.00023628
26 (QN/Block) 	Elapsed: 0.252	Loglikelihood: -653954	(delta): 0.000247905
27 (QN/Block) 	Elapsed: 0.252	Loglikelihood: -653954	(delta): 0.000251758
28 (QN/Block) 	Elapsed: 0.216	Loglikelihood: -653954	(delta): 0.000663116
29 (QN/Block) 	Elapsed: 0.24	Loglikelihood: -653954	(delta): 0.000434874
30 (QN/Block) 	Elapsed: 0.252	Loglikelihood: -653954	(delta): 0.000648804
31 (QN/Block) 	Elapsed: 0.216	Loglikelihood: -653954	(delta): 4.57108e-05
Summary: 
Converged in 31 iterations (8.195 sec)
Loglikelihood: -653954.019677
Fst divergences between estimated populations: 
	Pop0	Pop1	Pop2	
Pop0	
Pop1	0.365	
Pop2	0.368	0.361	
Pop3	0.416	0.406	0.290	
CV error (K=4): 0.15122
Writing output files.
