****                   ADMIXTURE Version 1.3.0                  ****
****                    Copyright 2008-2015                     ****
****           David Alexander, Suyash Shringarpure,            ****
****                John  Novembre, Ken Lange                   ****
****                                                            ****
****                 Please cite our paper!                     ****
****   Information at www.genetics.ucla.edu/software/admixture  ****

Cross-validation will be performed.  Folds=5.
Random seed: 29604
Point estimation method: Block relaxation algorithm
Convergence acceleration algorithm: QuasiNewton, 3 secant conditions
Point estimation will terminate when objective function delta < 0.0001
Estimation of standard errors disabled; will compute point estimates only.
Size of G: 260x13929
Performing five EM steps to prime main algorithm
1 (EM) 	Elapsed: 0.124	Loglikelihood: -1.08529e+06	(delta): 3.69458e+06
2 (EM) 	Elapsed: 0.122	Loglikelihood: -1.00747e+06	(delta): 77829.4
3 (EM) 	Elapsed: 0.123	Loglikelihood: -996280	(delta): 11185.2
4 (EM) 	Elapsed: 0.122	Loglikelihood: -990204	(delta): 6076.29
5 (EM) 	Elapsed: 0.122	Loglikelihood: -985725	(delta): 4479.45
Initial loglikelihood: -985725
Starting main algorithm
1 (QN/Block) 	Elapsed: 0.253	Loglikelihood: -784616	(delta): 201108
2 (QN/Block) 	Elapsed: 0.263	Loglikelihood: -723509	(delta): 61106.9
3 (QN/Block) 	Elapsed: 0.28	Loglikelihood: -699219	(delta): 24290.4
4 (QN/Block) 	Elapsed: 0.279	Loglikelihood: -683147	(delta): 16071.5
5 (QN/Block) 	Elapsed: 0.298	Loglikelihood: -643214	(delta): 39933.8
6 (QN/Block) 	Elapsed: 0.31	Loglikelihood: -628357	(delta): 14856.8
7 (QN/Block) 	Elapsed: 0.272	Loglikelihood: -625857	(delta): 2499.73
8 (QN/Block) 	Elapsed: 0.272	Loglikelihood: -625156	(delta): 700.892
9 (QN/Block) 	Elapsed: 0.272	Loglikelihood: -624989	(delta): 167.177
10 (QN/Block) 	Elapsed: 0.272	Loglikelihood: -624954	(delta): 35.1119
11 (QN/Block) 	Elapsed: 0.285	Loglikelihood: -624951	(delta): 2.69413
12 (QN/Block) 	Elapsed: 0.309	Loglikelihood: -624951	(delta): 0.548647
13 (QN/Block) 	Elapsed: 0.31	Loglikelihood: -624951	(delta): 0.0218725
14 (QN/Block) 	Elapsed: 0.272	Loglikelihood: -624951	(delta): 0.00902181
15 (QN/Block) 	Elapsed: 0.272	Loglikelihood: -624951	(delta): 0.00150252
16 (QN/Block) 	Elapsed: 0.271	Loglikelihood: -624951	(delta): 0.000241895
17 (QN/Block) 	Elapsed: 0.271	Loglikelihood: -624951	(delta): 0.000264149
18 (QN/Block) 	Elapsed: 0.272	Loglikelihood: -624951	(delta): 1.61817e-06
Summary: 
Converged in 18 iterations (5.987 sec)
Loglikelihood: -624950.630690
Fst divergences between estimated populations: 
	Pop0	Pop1	Pop2	Pop3	
Pop0	
Pop1	0.420	
Pop2	0.364	0.405	
Pop3	0.352	0.278	0.341	
Pop4	0.465	0.399	0.453	0.230	
CV error (K=5): 0.14709
Writing output files.
