****                   ADMIXTURE Version 1.3.0                  ****
****                    Copyright 2008-2015                     ****
****           David Alexander, Suyash Shringarpure,            ****
****                John  Novembre, Ken Lange                   ****
****                                                            ****
****                 Please cite our paper!                     ****
****   Information at www.genetics.ucla.edu/software/admixture  ****

Cross-validation will be performed.  Folds=5.
Random seed: 29604
Point estimation method: Block relaxation algorithm
Convergence acceleration algorithm: QuasiNewton, 3 secant conditions
Point estimation will terminate when objective function delta < 0.0001
Estimation of standard errors disabled; will compute point estimates only.
Size of G: 260x13929
Performing five EM steps to prime main algorithm
1 (EM) 	Elapsed: 0.17	Loglikelihood: -1.08987e+06	(delta): 3.58165e+06
2 (EM) 	Elapsed: 0.17	Loglikelihood: -1.00546e+06	(delta): 84410.8
3 (EM) 	Elapsed: 0.17	Loglikelihood: -993892	(delta): 11565.6
4 (EM) 	Elapsed: 0.169	Loglikelihood: -987585	(delta): 6307.47
5 (EM) 	Elapsed: 0.167	Loglikelihood: -982803	(delta): 4781.69
Initial loglikelihood: -982803
Starting main algorithm
1 (QN/Block) 	Elapsed: 0.395	Loglikelihood: -758942	(delta): 223861
2 (QN/Block) 	Elapsed: 0.393	Loglikelihood: -684227	(delta): 74714.8
3 (QN/Block) 	Elapsed: 0.423	Loglikelihood: -646036	(delta): 38191.7
4 (QN/Block) 	Elapsed: 0.452	Loglikelihood: -620967	(delta): 25068.9
5 (QN/Block) 	Elapsed: 0.465	Loglikelihood: -607608	(delta): 13359.1
6 (QN/Block) 	Elapsed: 0.42	Loglikelihood: -602064	(delta): 5543.22
7 (QN/Block) 	Elapsed: 0.438	Loglikelihood: -599919	(delta): 2145.14
8 (QN/Block) 	Elapsed: 0.467	Loglikelihood: -599160	(delta): 758.852
9 (QN/Block) 	Elapsed: 0.419	Loglikelihood: -598973	(delta): 186.947
10 (QN/Block) 	Elapsed: 0.42	Loglikelihood: -598924	(delta): 49.5218
11 (QN/Block) 	Elapsed: 0.42	Loglikelihood: -598905	(delta): 18.4851
12 (QN/Block) 	Elapsed: 0.42	Loglikelihood: -598900	(delta): 5.75123
13 (QN/Block) 	Elapsed: 0.464	Loglikelihood: -598896	(delta): 3.68009
14 (QN/Block) 	Elapsed: 0.42	Loglikelihood: -598896	(delta): 0.260572
15 (QN/Block) 	Elapsed: 0.422	Loglikelihood: -598896	(delta): 0.042368
16 (QN/Block) 	Elapsed: 0.422	Loglikelihood: -598896	(delta): 0.00705319
17 (QN/Block) 	Elapsed: 0.42	Loglikelihood: -598896	(delta): 0.00151898
18 (QN/Block) 	Elapsed: 0.42	Loglikelihood: -598896	(delta): 0.000516407
19 (QN/Block) 	Elapsed: 0.42	Loglikelihood: -598896	(delta): 3.83608e-05
Summary: 
Converged in 19 iterations (9.386 sec)
Loglikelihood: -598895.725585
Fst divergences between estimated populations: 
	Pop0	Pop1	Pop2	Pop3	Pop4	Pop5	
Pop0	
Pop1	0.460	
Pop2	0.483	0.484	
Pop3	0.438	0.342	0.466	
Pop4	0.432	0.434	0.377	0.411	
Pop5	0.410	0.423	0.184	0.398	0.305	
Pop6	0.247	0.362	0.374	0.335	0.344	0.302	
CV error (K=7): 0.14530
Writing output files.
