****                   ADMIXTURE Version 1.3.0                  ****
****                    Copyright 2008-2015                     ****
****           David Alexander, Suyash Shringarpure,            ****
****                John  Novembre, Ken Lange                   ****
****                                                            ****
****                 Please cite our paper!                     ****
****   Information at www.genetics.ucla.edu/software/admixture  ****

Cross-validation will be performed.  Folds=5.
Random seed: 29604
Point estimation method: Block relaxation algorithm
Convergence acceleration algorithm: QuasiNewton, 3 secant conditions
Point estimation will terminate when objective function delta < 0.0001
Estimation of standard errors disabled; will compute point estimates only.
Size of G: 260x13929
Performing five EM steps to prime main algorithm
1 (EM) 	Elapsed: 0.144	Loglikelihood: -1.08672e+06	(delta): 3.63761e+06
2 (EM) 	Elapsed: 0.142	Loglikelihood: -1.00583e+06	(delta): 80894.4
3 (EM) 	Elapsed: 0.142	Loglikelihood: -994593	(delta): 11234.8
4 (EM) 	Elapsed: 0.142	Loglikelihood: -988460	(delta): 6133.59
5 (EM) 	Elapsed: 0.142	Loglikelihood: -983831	(delta): 4628.39
Initial loglikelihood: -983831
Starting main algorithm
1 (QN/Block) 	Elapsed: 0.317	Loglikelihood: -752416	(delta): 231415
2 (QN/Block) 	Elapsed: 0.315	Loglikelihood: -685072	(delta): 67343.8
3 (QN/Block) 	Elapsed: 0.357	Loglikelihood: -649357	(delta): 35714.9
4 (QN/Block) 	Elapsed: 0.343	Loglikelihood: -625814	(delta): 23543.2
5 (QN/Block) 	Elapsed: 0.342	Loglikelihood: -616000	(delta): 9813.58
6 (QN/Block) 	Elapsed: 0.382	Loglikelihood: -612448	(delta): 3552.95
7 (QN/Block) 	Elapsed: 0.341	Loglikelihood: -611571	(delta): 876.799
8 (QN/Block) 	Elapsed: 0.382	Loglikelihood: -611381	(delta): 189.844
9 (QN/Block) 	Elapsed: 0.341	Loglikelihood: -611297	(delta): 83.5024
10 (QN/Block) 	Elapsed: 0.382	Loglikelihood: -611255	(delta): 42.1726
11 (QN/Block) 	Elapsed: 0.341	Loglikelihood: -611233	(delta): 21.8957
12 (QN/Block) 	Elapsed: 0.386	Loglikelihood: -611216	(delta): 17.5477
13 (QN/Block) 	Elapsed: 0.349	Loglikelihood: -611198	(delta): 17.4058
14 (QN/Block) 	Elapsed: 0.362	Loglikelihood: -611179	(delta): 19.475
15 (QN/Block) 	Elapsed: 0.39	Loglikelihood: -611169	(delta): 9.81785
16 (QN/Block) 	Elapsed: 0.376	Loglikelihood: -611166	(delta): 3.53342
17 (QN/Block) 	Elapsed: 0.362	Loglikelihood: -611161	(delta): 4.79733
18 (QN/Block) 	Elapsed: 0.362	Loglikelihood: -611158	(delta): 3.01466
19 (QN/Block) 	Elapsed: 0.385	Loglikelihood: -611154	(delta): 4.05241
20 (QN/Block) 	Elapsed: 0.355	Loglikelihood: -611141	(delta): 12.8213
21 (QN/Block) 	Elapsed: 0.341	Loglikelihood: -611139	(delta): 1.57726
22 (QN/Block) 	Elapsed: 0.341	Loglikelihood: -611139	(delta): 0.0115394
23 (QN/Block) 	Elapsed: 0.341	Loglikelihood: -611139	(delta): 0.000982977
24 (QN/Block) 	Elapsed: 0.341	Loglikelihood: -611139	(delta): 0.000287604
25 (QN/Block) 	Elapsed: 0.341	Loglikelihood: -611139	(delta): 3.73542e-06
Summary: 
Converged in 25 iterations (10.05 sec)
Loglikelihood: -611139.271958
Fst divergences between estimated populations: 
	Pop0	Pop1	Pop2	Pop3	Pop4	
Pop0	
Pop1	0.348	
Pop2	0.360	0.344	
Pop3	0.460	0.443	0.242	
Pop4	0.424	0.407	0.306	0.414	
Pop5	0.441	0.433	0.346	0.441	0.292	
CV error (K=6): 0.14773
Writing output files.
