****                   ADMIXTURE Version 1.3.0                  ****
****                    Copyright 2008-2015                     ****
****           David Alexander, Suyash Shringarpure,            ****
****                John  Novembre, Ken Lange                   ****
****                                                            ****
****                 Please cite our paper!                     ****
****   Information at www.genetics.ucla.edu/software/admixture  ****

Cross-validation will be performed.  Folds=5.
Random seed: 29604
Point estimation method: Block relaxation algorithm
Convergence acceleration algorithm: QuasiNewton, 3 secant conditions
Point estimation will terminate when objective function delta < 0.0001
Estimation of standard errors disabled; will compute point estimates only.
Size of G: 260x13929
Performing five EM steps to prime main algorithm
1 (EM) 	Elapsed: 0.076	Loglikelihood: -1.06771e+06	(delta): 4.00585e+06
2 (EM) 	Elapsed: 0.075	Loglikelihood: -1.00567e+06	(delta): 62039.9
3 (EM) 	Elapsed: 0.075	Loglikelihood: -994736	(delta): 10935.1
4 (EM) 	Elapsed: 0.075	Loglikelihood: -988439	(delta): 6297.38
5 (EM) 	Elapsed: 0.075	Loglikelihood: -984100	(delta): 4338.88
Initial loglikelihood: -984100
Starting main algorithm
1 (QN/Block) 	Elapsed: 0.14	Loglikelihood: -837883	(delta): 146217
2 (QN/Block) 	Elapsed: 0.14	Loglikelihood: -793594	(delta): 44288.8
3 (QN/Block) 	Elapsed: 0.162	Loglikelihood: -774761	(delta): 18832.5
4 (QN/Block) 	Elapsed: 0.163	Loglikelihood: -755980	(delta): 18781.7
5 (QN/Block) 	Elapsed: 0.173	Loglikelihood: -746488	(delta): 9492.04
6 (QN/Block) 	Elapsed: 0.162	Loglikelihood: -742817	(delta): 3670.62
7 (QN/Block) 	Elapsed: 0.162	Loglikelihood: -731206	(delta): 11610.9
8 (QN/Block) 	Elapsed: 0.163	Loglikelihood: -725547	(delta): 5659.46
9 (QN/Block) 	Elapsed: 0.173	Loglikelihood: -723375	(delta): 2171.36
10 (QN/Block) 	Elapsed: 0.194	Loglikelihood: -722837	(delta): 537.943
11 (QN/Block) 	Elapsed: 0.194	Loglikelihood: -722764	(delta): 73.1838
12 (QN/Block) 	Elapsed: 0.163	Loglikelihood: -722748	(delta): 15.9138
13 (QN/Block) 	Elapsed: 0.194	Loglikelihood: -722741	(delta): 7.42352
14 (QN/Block) 	Elapsed: 0.183	Loglikelihood: -722740	(delta): 0.665919
15 (QN/Block) 	Elapsed: 0.194	Loglikelihood: -722740	(delta): 0.00114492
16 (QN/Block) 	Elapsed: 0.163	Loglikelihood: -722740	(delta): 1.38569e-05
Summary: 
Converged in 16 iterations (3.361 sec)
Loglikelihood: -722740.118260
Fst divergences between estimated populations: 
	Pop0	Pop1	
Pop0	
Pop1	0.332	
Pop2	0.290	0.284	
CV error (K=3): 0.17031
Writing output files.
