****                   ADMIXTURE Version 1.3.0                  ****
****                    Copyright 2008-2015                     ****
****           David Alexander, Suyash Shringarpure,            ****
****                John  Novembre, Ken Lange                   ****
****                                                            ****
****                 Please cite our paper!                     ****
****   Information at www.genetics.ucla.edu/software/admixture  ****

Cross-validation will be performed.  Folds=5.
Random seed: 29604
Point estimation method: Block relaxation algorithm
Convergence acceleration algorithm: QuasiNewton, 3 secant conditions
Point estimation will terminate when objective function delta < 0.0001
Estimation of standard errors disabled; will compute point estimates only.
Size of G: 260x13929
Performing five EM steps to prime main algorithm
1 (EM) 	Elapsed: 0.055	Loglikelihood: -1.04155e+06	(delta): 4.36013e+06
2 (EM) 	Elapsed: 0.054	Loglikelihood: -1.00095e+06	(delta): 40596.7
3 (EM) 	Elapsed: 0.054	Loglikelihood: -993068	(delta): 7882.56
4 (EM) 	Elapsed: 0.054	Loglikelihood: -989198	(delta): 3870.93
5 (EM) 	Elapsed: 0.054	Loglikelihood: -987177	(delta): 2020.41
Initial loglikelihood: -987177
Starting main algorithm
1 (QN/Block) 	Elapsed: 0.098	Loglikelihood: -936166	(delta): 51011.6
2 (QN/Block) 	Elapsed: 0.096	Loglikelihood: -890132	(delta): 46033.5
3 (QN/Block) 	Elapsed: 0.114	Loglikelihood: -865146	(delta): 24986.2
4 (QN/Block) 	Elapsed: 0.114	Loglikelihood: -842398	(delta): 22748.1
5 (QN/Block) 	Elapsed: 0.124	Loglikelihood: -830775	(delta): 11622.5
6 (QN/Block) 	Elapsed: 0.114	Loglikelihood: -829118	(delta): 1656.83
7 (QN/Block) 	Elapsed: 0.124	Loglikelihood: -828543	(delta): 575.551
8 (QN/Block) 	Elapsed: 0.143	Loglikelihood: -828339	(delta): 204.021
9 (QN/Block) 	Elapsed: 0.114	Loglikelihood: -828320	(delta): 19.2356
10 (QN/Block) 	Elapsed: 0.114	Loglikelihood: -828318	(delta): 1.63759
11 (QN/Block) 	Elapsed: 0.114	Loglikelihood: -828317	(delta): 0.841103
12 (QN/Block) 	Elapsed: 0.143	Loglikelihood: -828317	(delta): 0.0120855
13 (QN/Block) 	Elapsed: 0.143	Loglikelihood: -828317	(delta): 2.92051e-06
Summary: 
Converged in 13 iterations (2.039 sec)
Loglikelihood: -828317.045071
Fst divergences between estimated populations: 
	Pop0	
Pop0	
Pop1	0.247	
CV error (K=2): 0.19718
Writing output files.
