****                   ADMIXTURE Version 1.3.0                  ****
****                    Copyright 2008-2015                     ****
****           David Alexander, Suyash Shringarpure,            ****
****                John  Novembre, Ken Lange                   ****
****                                                            ****
****                 Please cite our paper!                     ****
****   Information at www.genetics.ucla.edu/software/admixture  ****

Cross-validation will be performed.  Folds=5.
Random seed: 29604
Point estimation method: Block relaxation algorithm
Convergence acceleration algorithm: QuasiNewton, 3 secant conditions
Point estimation will terminate when objective function delta < 0.0001
Estimation of standard errors disabled; will compute point estimates only.
Size of G: 260x13929
Performing five EM steps to prime main algorithm
1 (EM) 	Elapsed: 0.219	Loglikelihood: -1.08865e+06	(delta): 3.52037e+06
2 (EM) 	Elapsed: 0.219	Loglikelihood: -1.00171e+06	(delta): 86937.6
3 (EM) 	Elapsed: 0.219	Loglikelihood: -989482	(delta): 12229.3
4 (EM) 	Elapsed: 0.219	Loglikelihood: -982398	(delta): 7083.92
5 (EM) 	Elapsed: 0.219	Loglikelihood: -976581	(delta): 5816.72
Initial loglikelihood: -976581
Starting main algorithm
1 (QN/Block) 	Elapsed: 0.584	Loglikelihood: -734883	(delta): 241698
2 (QN/Block) 	Elapsed: 0.583	Loglikelihood: -659342	(delta): 75541
3 (QN/Block) 	Elapsed: 0.613	Loglikelihood: -629633	(delta): 29708.8
4 (QN/Block) 	Elapsed: 0.611	Loglikelihood: -609953	(delta): 19680.3
5 (QN/Block) 	Elapsed: 0.658	Loglikelihood: -600674	(delta): 9279.07
6 (QN/Block) 	Elapsed: 0.605	Loglikelihood: -597301	(delta): 3372.71
7 (QN/Block) 	Elapsed: 0.605	Loglikelihood: -596085	(delta): 1216.13
8 (QN/Block) 	Elapsed: 0.605	Loglikelihood: -595690	(delta): 395.602
9 (QN/Block) 	Elapsed: 0.605	Loglikelihood: -595573	(delta): 116.975
10 (QN/Block) 	Elapsed: 0.606	Loglikelihood: -595474	(delta): 99.0089
11 (QN/Block) 	Elapsed: 0.605	Loglikelihood: -595394	(delta): 80.1649
12 (QN/Block) 	Elapsed: 0.604	Loglikelihood: -595362	(delta): 31.1234
13 (QN/Block) 	Elapsed: 0.623	Loglikelihood: -595350	(delta): 12.6155
14 (QN/Block) 	Elapsed: 0.604	Loglikelihood: -595330	(delta): 19.9121
15 (QN/Block) 	Elapsed: 0.603	Loglikelihood: -595273	(delta): 56.5926
16 (QN/Block) 	Elapsed: 0.658	Loglikelihood: -595241	(delta): 32.2562
17 (QN/Block) 	Elapsed: 0.602	Loglikelihood: -595228	(delta): 13.4375
18 (QN/Block) 	Elapsed: 0.605	Loglikelihood: -595223	(delta): 4.2044
19 (QN/Block) 	Elapsed: 0.603	Loglikelihood: -595222	(delta): 1.22955
20 (QN/Block) 	Elapsed: 0.602	Loglikelihood: -595222	(delta): 0.260524
21 (QN/Block) 	Elapsed: 0.603	Loglikelihood: -595222	(delta): 0.123452
22 (QN/Block) 	Elapsed: 0.606	Loglikelihood: -595222	(delta): 0.083206
23 (QN/Block) 	Elapsed: 0.602	Loglikelihood: -595221	(delta): 0.351477
24 (QN/Block) 	Elapsed: 0.655	Loglikelihood: -595220	(delta): 0.983489
25 (QN/Block) 	Elapsed: 0.654	Loglikelihood: -595218	(delta): 2.63689
26 (QN/Block) 	Elapsed: 0.657	Loglikelihood: -595213	(delta): 4.52626
27 (QN/Block) 	Elapsed: 0.657	Loglikelihood: -595213	(delta): 0.250326
28 (QN/Block) 	Elapsed: 0.657	Loglikelihood: -595213	(delta): 0.231392
29 (QN/Block) 	Elapsed: 0.655	Loglikelihood: -595207	(delta): 6.14729
30 (QN/Block) 	Elapsed: 0.657	Loglikelihood: -595204	(delta): 2.52331
31 (QN/Block) 	Elapsed: 0.657	Loglikelihood: -595202	(delta): 1.89511
32 (QN/Block) 	Elapsed: 0.655	Loglikelihood: -595200	(delta): 2.48037
33 (QN/Block) 	Elapsed: 0.654	Loglikelihood: -595195	(delta): 4.48459
34 (QN/Block) 	Elapsed: 0.656	Loglikelihood: -595195	(delta): 0.516565
35 (QN/Block) 	Elapsed: 0.656	Loglikelihood: -595195	(delta): 0.091558
36 (QN/Block) 	Elapsed: 0.658	Loglikelihood: -595194	(delta): 0.181789
37 (QN/Block) 	Elapsed: 0.655	Loglikelihood: -595194	(delta): 0.381501
38 (QN/Block) 	Elapsed: 0.655	Loglikelihood: -595193	(delta): 1.21713
39 (QN/Block) 	Elapsed: 0.657	Loglikelihood: -595190	(delta): 2.41721
40 (QN/Block) 	Elapsed: 0.639	Loglikelihood: -595190	(delta): 0.0464338
41 (QN/Block) 	Elapsed: 0.602	Loglikelihood: -595190	(delta): 0.00799853
42 (QN/Block) 	Elapsed: 0.604	Loglikelihood: -595190	(delta): 0.00743464
43 (QN/Block) 	Elapsed: 0.604	Loglikelihood: -595190	(delta): 0.0120451
44 (QN/Block) 	Elapsed: 0.605	Loglikelihood: -595190	(delta): 0.00346304
45 (QN/Block) 	Elapsed: 0.655	Loglikelihood: -595190	(delta): 0.000518153
46 (QN/Block) 	Elapsed: 0.603	Loglikelihood: -595190	(delta): 0.00134515
47 (QN/Block) 	Elapsed: 0.604	Loglikelihood: -595190	(delta): 0.00198776
48 (QN/Block) 	Elapsed: 0.64	Loglikelihood: -595190	(delta): 0.00106919
49 (QN/Block) 	Elapsed: 0.638	Loglikelihood: -595190	(delta): 0.00167205
50 (QN/Block) 	Elapsed: 0.606	Loglikelihood: -595190	(delta): 0.00756309
51 (QN/Block) 	Elapsed: 0.656	Loglikelihood: -595190	(delta): 0.00464569
52 (QN/Block) 	Elapsed: 0.656	Loglikelihood: -595190	(delta): 0.00709559
53 (QN/Block) 	Elapsed: 0.655	Loglikelihood: -595190	(delta): 0.0102006
54 (QN/Block) 	Elapsed: 0.656	Loglikelihood: -595190	(delta): 0.0146907
55 (QN/Block) 	Elapsed: 0.657	Loglikelihood: -595190	(delta): 0.0209315
56 (QN/Block) 	Elapsed: 0.655	Loglikelihood: -595190	(delta): 0.0296358
57 (QN/Block) 	Elapsed: 0.655	Loglikelihood: -595190	(delta): 0.0419789
58 (QN/Block) 	Elapsed: 0.655	Loglikelihood: -595190	(delta): 0.0593096
59 (QN/Block) 	Elapsed: 0.658	Loglikelihood: -595190	(delta): 0.0834154
60 (QN/Block) 	Elapsed: 0.658	Loglikelihood: -595190	(delta): 0.0916378
61 (QN/Block) 	Elapsed: 0.655	Loglikelihood: -595190	(delta): 0.00653879
62 (QN/Block) 	Elapsed: 0.601	Loglikelihood: -595190	(delta): 0.00469115
63 (QN/Block) 	Elapsed: 0.605	Loglikelihood: -595190	(delta): 0.0193602
64 (QN/Block) 	Elapsed: 0.656	Loglikelihood: -595190	(delta): 0.00452028
65 (QN/Block) 	Elapsed: 0.621	Loglikelihood: -595190	(delta): 0.0241609
66 (QN/Block) 	Elapsed: 0.641	Loglikelihood: -595190	(delta): 0.00600613
67 (QN/Block) 	Elapsed: 0.655	Loglikelihood: -595190	(delta): 0.00216624
68 (QN/Block) 	Elapsed: 0.604	Loglikelihood: -595190	(delta): 0.000949676
69 (QN/Block) 	Elapsed: 0.603	Loglikelihood: -595190	(delta): 0.000689041
70 (QN/Block) 	Elapsed: 0.605	Loglikelihood: -595190	(delta): 0.000111971
71 (QN/Block) 	Elapsed: 0.603	Loglikelihood: -595190	(delta): 3.53185e-05
Summary: 
Converged in 71 iterations (47.198 sec)
Loglikelihood: -595189.848050
Fst divergences between estimated populations: 
	Pop0	Pop1	Pop2	Pop3	Pop4	Pop5	Pop6	Pop7	
Pop0	
Pop1	0.405	
Pop2	0.429	0.366	
Pop3	0.349	0.395	0.413	
Pop4	0.293	0.349	0.370	0.218	
Pop5	0.418	0.116	0.383	0.409	0.362	
Pop6	0.406	0.450	0.471	0.289	0.272	0.464	
Pop7	0.424	0.361	0.064	0.408	0.364	0.379	0.466	
Pop8	0.171	0.476	0.494	0.419	0.365	0.489	0.482	0.489	
CV error (K=9): 0.15080
Writing output files.
