****                   ADMIXTURE Version 1.3.0                  ****
****                    Copyright 2008-2015                     ****
****           David Alexander, Suyash Shringarpure,            ****
****                John  Novembre, Ken Lange                   ****
****                                                            ****
****                 Please cite our paper!                     ****
****   Information at www.genetics.ucla.edu/software/admixture  ****

Cross-validation will be performed.  Folds=5.
Random seed: 8199
Point estimation method: Block relaxation algorithm
Convergence acceleration algorithm: QuasiNewton, 3 secant conditions
Point estimation will terminate when objective function delta < 0.0001
Estimation of standard errors disabled; will compute point estimates only.
Size of G: 260x13929
Performing five EM steps to prime main algorithm
1 (EM) 	Elapsed: 0.146	Loglikelihood: -1.08607e+06	(delta): 3.63857e+06
2 (EM) 	Elapsed: 0.146	Loglikelihood: -1.00513e+06	(delta): 80940.6
3 (EM) 	Elapsed: 0.146	Loglikelihood: -992628	(delta): 12503.1
4 (EM) 	Elapsed: 0.146	Loglikelihood: -985354	(delta): 7273.97
5 (EM) 	Elapsed: 0.146	Loglikelihood: -979581	(delta): 5773.26
Initial loglikelihood: -979581
Starting main algorithm
1 (QN/Block) 	Elapsed: 0.324	Loglikelihood: -736954	(delta): 242627
2 (QN/Block) 	Elapsed: 0.323	Loglikelihood: -670753	(delta): 66201.8
3 (QN/Block) 	Elapsed: 0.351	Loglikelihood: -645548	(delta): 25204.3
4 (QN/Block) 	Elapsed: 0.379	Loglikelihood: -625051	(delta): 20497.2
5 (QN/Block) 	Elapsed: 0.369	Loglikelihood: -615773	(delta): 9278.66
6 (QN/Block) 	Elapsed: 0.369	Loglikelihood: -612234	(delta): 3538.4
7 (QN/Block) 	Elapsed: 0.383	Loglikelihood: -611299	(delta): 935.109
8 (QN/Block) 	Elapsed: 0.383	Loglikelihood: -611125	(delta): 173.983
9 (QN/Block) 	Elapsed: 0.341	Loglikelihood: -611089	(delta): 35.5711
10 (QN/Block) 	Elapsed: 0.356	Loglikelihood: -611079	(delta): 10.2915
11 (QN/Block) 	Elapsed: 0.341	Loglikelihood: -611071	(delta): 8.39098
12 (QN/Block) 	Elapsed: 0.383	Loglikelihood: -611068	(delta): 2.54523
13 (QN/Block) 	Elapsed: 0.34	Loglikelihood: -611068	(delta): 0.456603
14 (QN/Block) 	Elapsed: 0.341	Loglikelihood: -611066	(delta): 2.0348
15 (QN/Block) 	Elapsed: 0.369	Loglikelihood: -611064	(delta): 1.56644
16 (QN/Block) 	Elapsed: 0.382	Loglikelihood: -611064	(delta): 0.0108562
17 (QN/Block) 	Elapsed: 0.382	Loglikelihood: -611064	(delta): 0.0653484
18 (QN/Block) 	Elapsed: 0.381	Loglikelihood: -611064	(delta): 0.101352
19 (QN/Block) 	Elapsed: 0.382	Loglikelihood: -611064	(delta): 0.0156011
20 (QN/Block) 	Elapsed: 0.341	Loglikelihood: -611064	(delta): 0.00226505
21 (QN/Block) 	Elapsed: 0.34	Loglikelihood: -611064	(delta): 2.01667e-05
Summary: 
Converged in 21 iterations (8.699 sec)
Loglikelihood: -611063.973145
Fst divergences between estimated populations: 
	Pop0	Pop1	Pop2	Pop3	Pop4	
Pop0	
Pop1	0.363	
Pop2	0.344	0.340	
Pop3	0.460	0.251	0.440	
Pop4	0.420	0.302	0.396	0.408	
Pop5	0.431	0.332	0.412	0.424	0.285	
CV error (K=6): 0.14734
Writing output files.
