****                   ADMIXTURE Version 1.3.0                  ****
****                    Copyright 2008-2015                     ****
****           David Alexander, Suyash Shringarpure,            ****
****                John  Novembre, Ken Lange                   ****
****                                                            ****
****                 Please cite our paper!                     ****
****   Information at www.genetics.ucla.edu/software/admixture  ****

Cross-validation will be performed.  Folds=5.
Random seed: 8199
Point estimation method: Block relaxation algorithm
Convergence acceleration algorithm: QuasiNewton, 3 secant conditions
Point estimation will terminate when objective function delta < 0.0001
Estimation of standard errors disabled; will compute point estimates only.
Size of G: 260x13929
Performing five EM steps to prime main algorithm
1 (EM) 	Elapsed: 0.076	Loglikelihood: -1.06949e+06	(delta): 4.00834e+06
2 (EM) 	Elapsed: 0.075	Loglikelihood: -1.00636e+06	(delta): 63125.9
3 (EM) 	Elapsed: 0.075	Loglikelihood: -995886	(delta): 10473.9
4 (EM) 	Elapsed: 0.075	Loglikelihood: -990261	(delta): 5624.96
5 (EM) 	Elapsed: 0.075	Loglikelihood: -986513	(delta): 3748.24
Initial loglikelihood: -986513
Starting main algorithm
1 (QN/Block) 	Elapsed: 0.14	Loglikelihood: -892744	(delta): 93768.7
2 (QN/Block) 	Elapsed: 0.14	Loglikelihood: -830509	(delta): 62235.8
3 (QN/Block) 	Elapsed: 0.162	Loglikelihood: -802545	(delta): 27963.6
4 (QN/Block) 	Elapsed: 0.194	Loglikelihood: -775599	(delta): 26945.6
5 (QN/Block) 	Elapsed: 0.195	Loglikelihood: -750307	(delta): 25292.6
6 (QN/Block) 	Elapsed: 0.162	Loglikelihood: -745366	(delta): 4940.54
7 (QN/Block) 	Elapsed: 0.194	Loglikelihood: -742291	(delta): 3075.37
8 (QN/Block) 	Elapsed: 0.174	Loglikelihood: -730080	(delta): 12211.3
9 (QN/Block) 	Elapsed: 0.173	Loglikelihood: -724303	(delta): 5776.22
10 (QN/Block) 	Elapsed: 0.193	Loglikelihood: -723085	(delta): 1218.81
11 (QN/Block) 	Elapsed: 0.162	Loglikelihood: -722843	(delta): 241.233
12 (QN/Block) 	Elapsed: 0.162	Loglikelihood: -722760	(delta): 83.7805
13 (QN/Block) 	Elapsed: 0.183	Loglikelihood: -722740	(delta): 19.2916
14 (QN/Block) 	Elapsed: 0.194	Loglikelihood: -722740	(delta): 0.1712
15 (QN/Block) 	Elapsed: 0.163	Loglikelihood: -722740	(delta): 1.9373e-05
Summary: 
Converged in 15 iterations (3.219 sec)
Loglikelihood: -722740.098503
Fst divergences between estimated populations: 
	Pop0	Pop1	
Pop0	
Pop1	0.284	
Pop2	0.290	0.332	
CV error (K=3): 0.17068
Writing output files.
