****                   ADMIXTURE Version 1.3.0                  ****
****                    Copyright 2008-2015                     ****
****           David Alexander, Suyash Shringarpure,            ****
****                John  Novembre, Ken Lange                   ****
****                                                            ****
****                 Please cite our paper!                     ****
****   Information at www.genetics.ucla.edu/software/admixture  ****

Cross-validation will be performed.  Folds=5.
Random seed: 8199
Point estimation method: Block relaxation algorithm
Convergence acceleration algorithm: QuasiNewton, 3 secant conditions
Point estimation will terminate when objective function delta < 0.0001
Estimation of standard errors disabled; will compute point estimates only.
Size of G: 260x13929
Performing five EM steps to prime main algorithm
1 (EM) 	Elapsed: 0.1	Loglikelihood: -1.07959e+06	(delta): 3.83225e+06
2 (EM) 	Elapsed: 0.099	Loglikelihood: -1.00697e+06	(delta): 72624.9
3 (EM) 	Elapsed: 0.099	Loglikelihood: -995584	(delta): 11382.7
4 (EM) 	Elapsed: 0.099	Loglikelihood: -989209	(delta): 6375.26
5 (EM) 	Elapsed: 0.097	Loglikelihood: -984640	(delta): 4568.71
Initial loglikelihood: -984640
Starting main algorithm
1 (QN/Block) 	Elapsed: 0.192	Loglikelihood: -800593	(delta): 184047
2 (QN/Block) 	Elapsed: 0.193	Loglikelihood: -717736	(delta): 82857.7
3 (QN/Block) 	Elapsed: 0.219	Loglikelihood: -685265	(delta): 32470.7
4 (QN/Block) 	Elapsed: 0.217	Loglikelihood: -665857	(delta): 19408.1
5 (QN/Block) 	Elapsed: 0.217	Loglikelihood: -657430	(delta): 8427.27
6 (QN/Block) 	Elapsed: 0.216	Loglikelihood: -654526	(delta): 2903.54
7 (QN/Block) 	Elapsed: 0.217	Loglikelihood: -654004	(delta): 521.688
8 (QN/Block) 	Elapsed: 0.217	Loglikelihood: -653967	(delta): 37.7008
9 (QN/Block) 	Elapsed: 0.252	Loglikelihood: -653958	(delta): 8.76038
10 (QN/Block) 	Elapsed: 0.217	Loglikelihood: -653955	(delta): 3.0681
11 (QN/Block) 	Elapsed: 0.241	Loglikelihood: -653955	(delta): 0.290836
12 (QN/Block) 	Elapsed: 0.217	Loglikelihood: -653955	(delta): 0.0149649
13 (QN/Block) 	Elapsed: 0.228	Loglikelihood: -653955	(delta): 0.00277651
14 (QN/Block) 	Elapsed: 0.24	Loglikelihood: -653955	(delta): 0.000427169
15 (QN/Block) 	Elapsed: 0.24	Loglikelihood: -653955	(delta): 5.08298e-05
Summary: 
Converged in 15 iterations (4.098 sec)
Loglikelihood: -653954.612283
Fst divergences between estimated populations: 
	Pop0	Pop1	Pop2	
Pop0	
Pop1	0.290	
Pop2	0.368	0.416	
Pop3	0.360	0.405	0.365	
CV error (K=4): 0.15158
Writing output files.
