****                   ADMIXTURE Version 1.3.0                  ****
****                    Copyright 2008-2015                     ****
****           David Alexander, Suyash Shringarpure,            ****
****                John  Novembre, Ken Lange                   ****
****                                                            ****
****                 Please cite our paper!                     ****
****   Information at www.genetics.ucla.edu/software/admixture  ****

Cross-validation will be performed.  Folds=5.
Random seed: 8199
Point estimation method: Block relaxation algorithm
Convergence acceleration algorithm: QuasiNewton, 3 secant conditions
Point estimation will terminate when objective function delta < 0.0001
Estimation of standard errors disabled; will compute point estimates only.
Size of G: 260x13929
Performing five EM steps to prime main algorithm
1 (EM) 	Elapsed: 0.219	Loglikelihood: -1.08728e+06	(delta): 3.522e+06
2 (EM) 	Elapsed: 0.221	Loglikelihood: -1.00049e+06	(delta): 86782.9
3 (EM) 	Elapsed: 0.219	Loglikelihood: -986741	(delta): 13754.1
4 (EM) 	Elapsed: 0.219	Loglikelihood: -978403	(delta): 8337.17
5 (EM) 	Elapsed: 0.22	Loglikelihood: -971437	(delta): 6966.95
Initial loglikelihood: -971437
Starting main algorithm
1 (QN/Block) 	Elapsed: 0.584	Loglikelihood: -738437	(delta): 232999
2 (QN/Block) 	Elapsed: 0.586	Loglikelihood: -648822	(delta): 89615.4
3 (QN/Block) 	Elapsed: 0.635	Loglikelihood: -618456	(delta): 30365.5
4 (QN/Block) 	Elapsed: 0.619	Loglikelihood: -600494	(delta): 17962.2
5 (QN/Block) 	Elapsed: 0.661	Loglikelihood: -591570	(delta): 8924.03
6 (QN/Block) 	Elapsed: 0.657	Loglikelihood: -588263	(delta): 3306.57
7 (QN/Block) 	Elapsed: 0.606	Loglikelihood: -586948	(delta): 1315.62
8 (QN/Block) 	Elapsed: 0.655	Loglikelihood: -586574	(delta): 373.314
9 (QN/Block) 	Elapsed: 0.604	Loglikelihood: -586421	(delta): 153.15
10 (QN/Block) 	Elapsed: 0.605	Loglikelihood: -586337	(delta): 83.8892
11 (QN/Block) 	Elapsed: 0.606	Loglikelihood: -586306	(delta): 31.7793
12 (QN/Block) 	Elapsed: 0.604	Loglikelihood: -586281	(delta): 24.3197
13 (QN/Block) 	Elapsed: 0.603	Loglikelihood: -586264	(delta): 17.5006
14 (QN/Block) 	Elapsed: 0.605	Loglikelihood: -586258	(delta): 5.98663
15 (QN/Block) 	Elapsed: 0.606	Loglikelihood: -586250	(delta): 7.38483
16 (QN/Block) 	Elapsed: 0.657	Loglikelihood: -586246	(delta): 4.23266
17 (QN/Block) 	Elapsed: 0.64	Loglikelihood: -586244	(delta): 2.29271
18 (QN/Block) 	Elapsed: 0.627	Loglikelihood: -586242	(delta): 1.79427
19 (QN/Block) 	Elapsed: 0.605	Loglikelihood: -586232	(delta): 9.75586
20 (QN/Block) 	Elapsed: 0.603	Loglikelihood: -586232	(delta): 0.785384
21 (QN/Block) 	Elapsed: 0.658	Loglikelihood: -586228	(delta): 3.91269
22 (QN/Block) 	Elapsed: 0.623	Loglikelihood: -586223	(delta): 4.16729
23 (QN/Block) 	Elapsed: 0.655	Loglikelihood: -586222	(delta): 1.99345
24 (QN/Block) 	Elapsed: 0.658	Loglikelihood: -586221	(delta): 0.366468
25 (QN/Block) 	Elapsed: 0.647	Loglikelihood: -586221	(delta): 0.519206
26 (QN/Block) 	Elapsed: 0.661	Loglikelihood: -586220	(delta): 0.423648
27 (QN/Block) 	Elapsed: 0.657	Loglikelihood: -586220	(delta): 0.373492
28 (QN/Block) 	Elapsed: 0.656	Loglikelihood: -586218	(delta): 1.763
29 (QN/Block) 	Elapsed: 0.657	Loglikelihood: -586216	(delta): 2.4544
30 (QN/Block) 	Elapsed: 0.643	Loglikelihood: -586214	(delta): 1.48286
31 (QN/Block) 	Elapsed: 0.624	Loglikelihood: -586214	(delta): 0.419467
32 (QN/Block) 	Elapsed: 0.64	Loglikelihood: -586214	(delta): 0.127844
33 (QN/Block) 	Elapsed: 0.606	Loglikelihood: -586214	(delta): 0.0701536
34 (QN/Block) 	Elapsed: 0.609	Loglikelihood: -586213	(delta): 0.0174856
35 (QN/Block) 	Elapsed: 0.609	Loglikelihood: -586213	(delta): 0.00624767
36 (QN/Block) 	Elapsed: 0.606	Loglikelihood: -586213	(delta): 0.0017586
37 (QN/Block) 	Elapsed: 0.606	Loglikelihood: -586213	(delta): 0.000970229
38 (QN/Block) 	Elapsed: 0.608	Loglikelihood: -586213	(delta): 9.93814e-05
Summary: 
Converged in 38 iterations (25.712 sec)
Loglikelihood: -586213.477104
Fst divergences between estimated populations: 
	Pop0	Pop1	Pop2	Pop3	Pop4	Pop5	Pop6	Pop7	
Pop0	
Pop1	0.444	
Pop2	0.443	0.355	
Pop3	0.267	0.414	0.425	
Pop4	0.438	0.454	0.461	0.413	
Pop5	0.421	0.434	0.441	0.397	0.347	
Pop6	0.337	0.476	0.482	0.177	0.481	0.460	
Pop7	0.406	0.418	0.428	0.379	0.339	0.327	0.439	
Pop8	0.433	0.088	0.348	0.401	0.447	0.427	0.463	0.410	
CV error (K=9): 0.14902
Writing output files.
