****                   ADMIXTURE Version 1.3.0                  ****
****                    Copyright 2008-2015                     ****
****           David Alexander, Suyash Shringarpure,            ****
****                John  Novembre, Ken Lange                   ****
****                                                            ****
****                 Please cite our paper!                     ****
****   Information at www.genetics.ucla.edu/software/admixture  ****

Cross-validation will be performed.  Folds=5.
Random seed: 9151
Point estimation method: Block relaxation algorithm
Convergence acceleration algorithm: QuasiNewton, 3 secant conditions
Point estimation will terminate when objective function delta < 0.0001
Estimation of standard errors disabled; will compute point estimates only.
Size of G: 260x13929
Performing five EM steps to prime main algorithm
1 (EM) 	Elapsed: 0.123	Loglikelihood: -1.08432e+06	(delta): 3.70983e+06
2 (EM) 	Elapsed: 0.122	Loglikelihood: -1.00576e+06	(delta): 78556.7
3 (EM) 	Elapsed: 0.123	Loglikelihood: -993803	(delta): 11962.2
4 (EM) 	Elapsed: 0.123	Loglikelihood: -986851	(delta): 6951.58
5 (EM) 	Elapsed: 0.123	Loglikelihood: -981695	(delta): 5156.5
Initial loglikelihood: -981695
Starting main algorithm
1 (QN/Block) 	Elapsed: 0.254	Loglikelihood: -769005	(delta): 212689
2 (QN/Block) 	Elapsed: 0.253	Loglikelihood: -692880	(delta): 76125.1
3 (QN/Block) 	Elapsed: 0.28	Loglikelihood: -662833	(delta): 30047.3
4 (QN/Block) 	Elapsed: 0.292	Loglikelihood: -648691	(delta): 14141.7
5 (QN/Block) 	Elapsed: 0.278	Loglikelihood: -641671	(delta): 7019.81
6 (QN/Block) 	Elapsed: 0.31	Loglikelihood: -639106	(delta): 2564.74
7 (QN/Block) 	Elapsed: 0.272	Loglikelihood: -638516	(delta): 590.564
8 (QN/Block) 	Elapsed: 0.272	Loglikelihood: -638440	(delta): 76.3748
9 (QN/Block) 	Elapsed: 0.272	Loglikelihood: -638429	(delta): 10.9929
10 (QN/Block) 	Elapsed: 0.31	Loglikelihood: -638427	(delta): 1.11741
11 (QN/Block) 	Elapsed: 0.31	Loglikelihood: -638427	(delta): 0.0603505
12 (QN/Block) 	Elapsed: 0.31	Loglikelihood: -638427	(delta): 0.227913
13 (QN/Block) 	Elapsed: 0.284	Loglikelihood: -638426	(delta): 0.72336
14 (QN/Block) 	Elapsed: 0.31	Loglikelihood: -638426	(delta): 0.0390056
15 (QN/Block) 	Elapsed: 0.272	Loglikelihood: -638426	(delta): 0.00494965
16 (QN/Block) 	Elapsed: 0.272	Loglikelihood: -638426	(delta): 0.00545353
17 (QN/Block) 	Elapsed: 0.272	Loglikelihood: -638426	(delta): 0.000810773
18 (QN/Block) 	Elapsed: 0.272	Loglikelihood: -638426	(delta): 0.000172184
19 (QN/Block) 	Elapsed: 0.273	Loglikelihood: -638426	(delta): 1.20179e-05
Summary: 
Converged in 19 iterations (6.334 sec)
Loglikelihood: -638426.368329
Fst divergences between estimated populations: 
	Pop0	Pop1	Pop2	Pop3	
Pop0	
Pop1	0.414	
Pop2	0.294	0.370	
Pop3	0.122	0.434	0.312	
Pop4	0.409	0.370	0.364	0.425	
CV error (K=5): 0.15178
Writing output files.
