****                   ADMIXTURE Version 1.3.0                  ****
****                    Copyright 2008-2015                     ****
****           David Alexander, Suyash Shringarpure,            ****
****                John  Novembre, Ken Lange                   ****
****                                                            ****
****                 Please cite our paper!                     ****
****   Information at www.genetics.ucla.edu/software/admixture  ****

Cross-validation will be performed.  Folds=5.
Random seed: 9151
Point estimation method: Block relaxation algorithm
Convergence acceleration algorithm: QuasiNewton, 3 secant conditions
Point estimation will terminate when objective function delta < 0.0001
Estimation of standard errors disabled; will compute point estimates only.
Size of G: 260x13929
Performing five EM steps to prime main algorithm
1 (EM) 	Elapsed: 0.22	Loglikelihood: -1.08693e+06	(delta): 3.52988e+06
2 (EM) 	Elapsed: 0.219	Loglikelihood: -1.00234e+06	(delta): 84589.3
3 (EM) 	Elapsed: 0.219	Loglikelihood: -989631	(delta): 12704.9
4 (EM) 	Elapsed: 0.219	Loglikelihood: -982183	(delta): 7447.82
5 (EM) 	Elapsed: 0.219	Loglikelihood: -976278	(delta): 5905.51
Initial loglikelihood: -976278
Starting main algorithm
1 (QN/Block) 	Elapsed: 0.585	Loglikelihood: -715946	(delta): 260332
2 (QN/Block) 	Elapsed: 0.579	Loglikelihood: -654798	(delta): 61148.1
3 (QN/Block) 	Elapsed: 0.609	Loglikelihood: -629731	(delta): 25066.5
4 (QN/Block) 	Elapsed: 0.667	Loglikelihood: -613320	(delta): 16410.9
5 (QN/Block) 	Elapsed: 0.626	Loglikelihood: -603282	(delta): 10038.4
6 (QN/Block) 	Elapsed: 0.608	Loglikelihood: -595318	(delta): 7963.54
7 (QN/Block) 	Elapsed: 0.606	Loglikelihood: -591026	(delta): 4292.68
8 (QN/Block) 	Elapsed: 0.606	Loglikelihood: -588673	(delta): 2352.94
9 (QN/Block) 	Elapsed: 0.605	Loglikelihood: -587361	(delta): 1311.47
10 (QN/Block) 	Elapsed: 0.605	Loglikelihood: -586800	(delta): 560.867
11 (QN/Block) 	Elapsed: 0.657	Loglikelihood: -586628	(delta): 171.908
12 (QN/Block) 	Elapsed: 0.605	Loglikelihood: -586557	(delta): 71.313
13 (QN/Block) 	Elapsed: 0.604	Loglikelihood: -586534	(delta): 22.8728
14 (QN/Block) 	Elapsed: 0.639	Loglikelihood: -586511	(delta): 22.8509
15 (QN/Block) 	Elapsed: 0.606	Loglikelihood: -586502	(delta): 9.55051
16 (QN/Block) 	Elapsed: 0.623	Loglikelihood: -586480	(delta): 22.3018
17 (QN/Block) 	Elapsed: 0.603	Loglikelihood: -586460	(delta): 19.9029
18 (QN/Block) 	Elapsed: 0.605	Loglikelihood: -586442	(delta): 17.997
19 (QN/Block) 	Elapsed: 0.604	Loglikelihood: -586430	(delta): 11.6207
20 (QN/Block) 	Elapsed: 0.657	Loglikelihood: -586426	(delta): 4.3739
21 (QN/Block) 	Elapsed: 0.637	Loglikelihood: -586420	(delta): 6.16248
22 (QN/Block) 	Elapsed: 0.605	Loglikelihood: -586417	(delta): 2.18638
23 (QN/Block) 	Elapsed: 0.604	Loglikelihood: -586415	(delta): 2.4906
24 (QN/Block) 	Elapsed: 0.654	Loglikelihood: -586412	(delta): 2.66345
25 (QN/Block) 	Elapsed: 0.605	Loglikelihood: -586412	(delta): 0.0311005
26 (QN/Block) 	Elapsed: 0.606	Loglikelihood: -586412	(delta): 0.00193361
27 (QN/Block) 	Elapsed: 0.606	Loglikelihood: -586412	(delta): 0.000277809
28 (QN/Block) 	Elapsed: 0.605	Loglikelihood: -586412	(delta): 4.21824e-05
Summary: 
Converged in 28 iterations (18.956 sec)
Loglikelihood: -586412.126489
Fst divergences between estimated populations: 
	Pop0	Pop1	Pop2	Pop3	Pop4	Pop5	Pop6	Pop7	
Pop0	
Pop1	0.428	
Pop2	0.484	0.183	
Pop3	0.468	0.424	0.486	
Pop4	0.465	0.349	0.417	0.468	
Pop5	0.342	0.397	0.460	0.443	0.431	
Pop6	0.050	0.432	0.489	0.472	0.471	0.346	
Pop7	0.443	0.396	0.457	0.369	0.440	0.419	0.447	
Pop8	0.465	0.416	0.485	0.377	0.473	0.441	0.470	0.356	
CV error (K=9): 0.14853
Writing output files.
