****                   ADMIXTURE Version 1.3.0                  ****
****                    Copyright 2008-2015                     ****
****           David Alexander, Suyash Shringarpure,            ****
****                John  Novembre, Ken Lange                   ****
****                                                            ****
****                 Please cite our paper!                     ****
****   Information at www.genetics.ucla.edu/software/admixture  ****

Cross-validation will be performed.  Folds=5.
Random seed: 9151
Point estimation method: Block relaxation algorithm
Convergence acceleration algorithm: QuasiNewton, 3 secant conditions
Point estimation will terminate when objective function delta < 0.0001
Estimation of standard errors disabled; will compute point estimates only.
Size of G: 260x13929
Performing five EM steps to prime main algorithm
1 (EM) 	Elapsed: 0.147	Loglikelihood: -1.08623e+06	(delta): 3.64911e+06
2 (EM) 	Elapsed: 0.146	Loglikelihood: -1.00552e+06	(delta): 80715.1
3 (EM) 	Elapsed: 0.146	Loglikelihood: -993522	(delta): 11996.5
4 (EM) 	Elapsed: 0.146	Loglikelihood: -986674	(delta): 6847.56
5 (EM) 	Elapsed: 0.146	Loglikelihood: -981550	(delta): 5124.13
Initial loglikelihood: -981550
Starting main algorithm
1 (QN/Block) 	Elapsed: 0.324	Loglikelihood: -768820	(delta): 212730
2 (QN/Block) 	Elapsed: 0.323	Loglikelihood: -688995	(delta): 79825
3 (QN/Block) 	Elapsed: 0.354	Loglikelihood: -657385	(delta): 31609.2
4 (QN/Block) 	Elapsed: 0.358	Loglikelihood: -628351	(delta): 29034.9
5 (QN/Block) 	Elapsed: 0.383	Loglikelihood: -617504	(delta): 10846.7
6 (QN/Block) 	Elapsed: 0.342	Loglikelihood: -612959	(delta): 4544.72
7 (QN/Block) 	Elapsed: 0.382	Loglikelihood: -611686	(delta): 1272.97
8 (QN/Block) 	Elapsed: 0.342	Loglikelihood: -611398	(delta): 288.157
9 (QN/Block) 	Elapsed: 0.382	Loglikelihood: -611302	(delta): 96.2415
10 (QN/Block) 	Elapsed: 0.341	Loglikelihood: -611257	(delta): 44.9442
11 (QN/Block) 	Elapsed: 0.341	Loglikelihood: -611233	(delta): 23.7634
12 (QN/Block) 	Elapsed: 0.354	Loglikelihood: -611211	(delta): 22.3055
13 (QN/Block) 	Elapsed: 0.341	Loglikelihood: -611189	(delta): 21.3663
14 (QN/Block) 	Elapsed: 0.341	Loglikelihood: -611174	(delta): 15.5438
15 (QN/Block) 	Elapsed: 0.341	Loglikelihood: -611171	(delta): 2.6018
16 (QN/Block) 	Elapsed: 0.369	Loglikelihood: -611169	(delta): 2.03075
17 (QN/Block) 	Elapsed: 0.341	Loglikelihood: -611166	(delta): 2.80491
18 (QN/Block) 	Elapsed: 0.381	Loglikelihood: -611154	(delta): 12.5794
19 (QN/Block) 	Elapsed: 0.355	Loglikelihood: -611151	(delta): 3.21293
20 (QN/Block) 	Elapsed: 0.382	Loglikelihood: -611150	(delta): 0.373647
21 (QN/Block) 	Elapsed: 0.385	Loglikelihood: -611150	(delta): 0.313196
22 (QN/Block) 	Elapsed: 0.356	Loglikelihood: -611149	(delta): 1.0704
23 (QN/Block) 	Elapsed: 0.382	Loglikelihood: -611146	(delta): 3.27381
24 (QN/Block) 	Elapsed: 0.382	Loglikelihood: -611145	(delta): 0.260652
25 (QN/Block) 	Elapsed: 0.341	Loglikelihood: -611145	(delta): 0.010742
26 (QN/Block) 	Elapsed: 0.341	Loglikelihood: -611145	(delta): 0.0014246
27 (QN/Block) 	Elapsed: 0.342	Loglikelihood: -611145	(delta): 2.43429e-05
Summary: 
Converged in 27 iterations (10.831 sec)
Loglikelihood: -611145.358987
Fst divergences between estimated populations: 
	Pop0	Pop1	Pop2	Pop3	Pop4	
Pop0	
Pop1	0.441	
Pop2	0.443	0.431	
Pop3	0.247	0.341	0.339	
Pop4	0.460	0.441	0.348	0.357	
Pop5	0.413	0.290	0.408	0.302	0.425	
CV error (K=6): 0.14758
Writing output files.
