****                   ADMIXTURE Version 1.3.0                  ****
****                    Copyright 2008-2015                     ****
****           David Alexander, Suyash Shringarpure,            ****
****                John  Novembre, Ken Lange                   ****
****                                                            ****
****                 Please cite our paper!                     ****
****   Information at www.genetics.ucla.edu/software/admixture  ****

Cross-validation will be performed.  Folds=5.
Random seed: 9151
Point estimation method: Block relaxation algorithm
Convergence acceleration algorithm: QuasiNewton, 3 secant conditions
Point estimation will terminate when objective function delta < 0.0001
Estimation of standard errors disabled; will compute point estimates only.
Size of G: 260x13929
Performing five EM steps to prime main algorithm
1 (EM) 	Elapsed: 0.192	Loglikelihood: -1.08559e+06	(delta): 3.55792e+06
2 (EM) 	Elapsed: 0.192	Loglikelihood: -1.00147e+06	(delta): 84117.7
3 (EM) 	Elapsed: 0.189	Loglikelihood: -988225	(delta): 13243.6
4 (EM) 	Elapsed: 0.189	Loglikelihood: -980409	(delta): 7816.37
5 (EM) 	Elapsed: 0.189	Loglikelihood: -974213	(delta): 6195.36
Initial loglikelihood: -974213
Starting main algorithm
1 (QN/Block) 	Elapsed: 0.481	Loglikelihood: -743380	(delta): 230833
2 (QN/Block) 	Elapsed: 0.479	Loglikelihood: -662792	(delta): 80588.9
3 (QN/Block) 	Elapsed: 0.512	Loglikelihood: -637659	(delta): 25132.2
4 (QN/Block) 	Elapsed: 0.511	Loglikelihood: -617618	(delta): 20041.3
5 (QN/Block) 	Elapsed: 0.51	Loglikelihood: -606761	(delta): 10856.8
6 (QN/Block) 	Elapsed: 0.556	Loglikelihood: -601656	(delta): 5105.24
7 (QN/Block) 	Elapsed: 0.507	Loglikelihood: -599420	(delta): 2235.88
8 (QN/Block) 	Elapsed: 0.507	Loglikelihood: -598461	(delta): 959.388
9 (QN/Block) 	Elapsed: 0.523	Loglikelihood: -598172	(delta): 289.094
10 (QN/Block) 	Elapsed: 0.507	Loglikelihood: -598030	(delta): 141.88
11 (QN/Block) 	Elapsed: 0.507	Loglikelihood: -597963	(delta): 66.6811
12 (QN/Block) 	Elapsed: 0.508	Loglikelihood: -597926	(delta): 37.2763
13 (QN/Block) 	Elapsed: 0.506	Loglikelihood: -597911	(delta): 14.468
14 (QN/Block) 	Elapsed: 0.505	Loglikelihood: -597895	(delta): 16.6078
15 (QN/Block) 	Elapsed: 0.506	Loglikelihood: -597879	(delta): 15.5529
16 (QN/Block) 	Elapsed: 0.507	Loglikelihood: -597873	(delta): 6.67011
17 (QN/Block) 	Elapsed: 0.555	Loglikelihood: -597870	(delta): 2.72348
18 (QN/Block) 	Elapsed: 0.555	Loglikelihood: -597867	(delta): 3.24115
19 (QN/Block) 	Elapsed: 0.507	Loglikelihood: -597854	(delta): 12.1215
20 (QN/Block) 	Elapsed: 0.507	Loglikelihood: -597848	(delta): 6.36114
21 (QN/Block) 	Elapsed: 0.506	Loglikelihood: -597844	(delta): 3.63319
22 (QN/Block) 	Elapsed: 0.506	Loglikelihood: -597842	(delta): 2.31014
23 (QN/Block) 	Elapsed: 0.539	Loglikelihood: -597835	(delta): 7.07943
24 (QN/Block) 	Elapsed: 0.507	Loglikelihood: -597832	(delta): 2.56757
25 (QN/Block) 	Elapsed: 0.507	Loglikelihood: -597828	(delta): 4.77924
26 (QN/Block) 	Elapsed: 0.506	Loglikelihood: -597826	(delta): 1.22495
27 (QN/Block) 	Elapsed: 0.555	Loglikelihood: -597826	(delta): 0.0951628
28 (QN/Block) 	Elapsed: 0.555	Loglikelihood: -597826	(delta): 0.025008
29 (QN/Block) 	Elapsed: 0.555	Loglikelihood: -597826	(delta): 0.00472179
30 (QN/Block) 	Elapsed: 0.507	Loglikelihood: -597826	(delta): 0.00227593
31 (QN/Block) 	Elapsed: 0.506	Loglikelihood: -597826	(delta): 6.68362e-05
Summary: 
Converged in 31 iterations (17.604 sec)
Loglikelihood: -597826.332532
Fst divergences between estimated populations: 
	Pop0	Pop1	Pop2	Pop3	Pop4	Pop5	Pop6	
Pop0	
Pop1	0.408	
Pop2	0.279	0.448	
Pop3	0.394	0.491	0.434	
Pop4	0.300	0.480	0.341	0.467	
Pop5	0.400	0.497	0.439	0.070	0.472	
Pop6	0.334	0.164	0.373	0.417	0.396	0.424	
Pop7	0.382	0.479	0.420	0.366	0.452	0.369	0.401	
CV error (K=8): 0.14796
Writing output files.
