****                   ADMIXTURE Version 1.3.0                  ****
****                    Copyright 2008-2015                     ****
****           David Alexander, Suyash Shringarpure,            ****
****                John  Novembre, Ken Lange                   ****
****                                                            ****
****                 Please cite our paper!                     ****
****   Information at www.genetics.ucla.edu/software/admixture  ****

Cross-validation will be performed.  Folds=5.
Random seed: 9151
Point estimation method: Block relaxation algorithm
Convergence acceleration algorithm: QuasiNewton, 3 secant conditions
Point estimation will terminate when objective function delta < 0.0001
Estimation of standard errors disabled; will compute point estimates only.
Size of G: 260x13929
Performing five EM steps to prime main algorithm
1 (EM) 	Elapsed: 0.079	Loglikelihood: -1.07132e+06	(delta): 4.01819e+06
2 (EM) 	Elapsed: 0.075	Loglikelihood: -1.00575e+06	(delta): 65568.3
3 (EM) 	Elapsed: 0.075	Loglikelihood: -995332	(delta): 10416.5
4 (EM) 	Elapsed: 0.075	Loglikelihood: -989479	(delta): 5853.01
5 (EM) 	Elapsed: 0.075	Loglikelihood: -985705	(delta): 3773.91
Initial loglikelihood: -985705
Starting main algorithm
1 (QN/Block) 	Elapsed: 0.14	Loglikelihood: -824004	(delta): 161701
2 (QN/Block) 	Elapsed: 0.14	Loglikelihood: -770317	(delta): 53686.8
3 (QN/Block) 	Elapsed: 0.162	Loglikelihood: -746687	(delta): 23629.8
4 (QN/Block) 	Elapsed: 0.163	Loglikelihood: -731207	(delta): 15480.2
5 (QN/Block) 	Elapsed: 0.165	Loglikelihood: -724449	(delta): 6758.21
6 (QN/Block) 	Elapsed: 0.175	Loglikelihood: -722975	(delta): 1473.91
7 (QN/Block) 	Elapsed: 0.165	Loglikelihood: -722784	(delta): 190.531
8 (QN/Block) 	Elapsed: 0.164	Loglikelihood: -722749	(delta): 35.1872
9 (QN/Block) 	Elapsed: 0.175	Loglikelihood: -722741	(delta): 8.01191
10 (QN/Block) 	Elapsed: 0.174	Loglikelihood: -722740	(delta): 0.737997
11 (QN/Block) 	Elapsed: 0.164	Loglikelihood: -722740	(delta): 0.00346444
12 (QN/Block) 	Elapsed: 0.195	Loglikelihood: -722740	(delta): 1.78711e-05
Summary: 
Converged in 12 iterations (2.581 sec)
Loglikelihood: -722740.209097
Fst divergences between estimated populations: 
	Pop0	Pop1	
Pop0	
Pop1	0.290	
Pop2	0.332	0.284	
CV error (K=3): 0.17012
Writing output files.
