****                   ADMIXTURE Version 1.3.0                  ****
****                    Copyright 2008-2015                     ****
****           David Alexander, Suyash Shringarpure,            ****
****                John  Novembre, Ken Lange                   ****
****                                                            ****
****                 Please cite our paper!                     ****
****   Information at www.genetics.ucla.edu/software/admixture  ****

Cross-validation will be performed.  Folds=5.
Random seed: 9151
Point estimation method: Block relaxation algorithm
Convergence acceleration algorithm: QuasiNewton, 3 secant conditions
Point estimation will terminate when objective function delta < 0.0001
Estimation of standard errors disabled; will compute point estimates only.
Size of G: 260x13929
Performing five EM steps to prime main algorithm
1 (EM) 	Elapsed: 0.055	Loglikelihood: -1.04343e+06	(delta): 4.3348e+06
2 (EM) 	Elapsed: 0.053	Loglikelihood: -1.00051e+06	(delta): 42923
3 (EM) 	Elapsed: 0.053	Loglikelihood: -992772	(delta): 7738.79
4 (EM) 	Elapsed: 0.053	Loglikelihood: -988897	(delta): 3874.3
5 (EM) 	Elapsed: 0.053	Loglikelihood: -986778	(delta): 2119.8
Initial loglikelihood: -986778
Starting main algorithm
1 (QN/Block) 	Elapsed: 0.094	Loglikelihood: -906945	(delta): 79832.5
2 (QN/Block) 	Elapsed: 0.094	Loglikelihood: -877587	(delta): 29358.5
3 (QN/Block) 	Elapsed: 0.115	Loglikelihood: -856160	(delta): 21426.6
4 (QN/Block) 	Elapsed: 0.124	Loglikelihood: -836308	(delta): 19851.5
5 (QN/Block) 	Elapsed: 0.133	Loglikelihood: -829293	(delta): 7015.87
6 (QN/Block) 	Elapsed: 0.143	Loglikelihood: -828512	(delta): 780.093
7 (QN/Block) 	Elapsed: 0.114	Loglikelihood: -828358	(delta): 154.239
8 (QN/Block) 	Elapsed: 0.114	Loglikelihood: -828322	(delta): 36.1807
9 (QN/Block) 	Elapsed: 0.114	Loglikelihood: -828317	(delta): 4.79381
10 (QN/Block) 	Elapsed: 0.143	Loglikelihood: -828317	(delta): 0.206393
11 (QN/Block) 	Elapsed: 0.114	Loglikelihood: -828317	(delta): 0.0116714
12 (QN/Block) 	Elapsed: 0.114	Loglikelihood: -828317	(delta): 0.000646428
13 (QN/Block) 	Elapsed: 0.114	Loglikelihood: -828317	(delta): 1.03225e-06
Summary: 
Converged in 13 iterations (2.006 sec)
Loglikelihood: -828317.044449
Fst divergences between estimated populations: 
	Pop0	
Pop0	
Pop1	0.247	
CV error (K=2): 0.19811
Writing output files.
