****                   ADMIXTURE Version 1.3.0                  ****
****                    Copyright 2008-2015                     ****
****           David Alexander, Suyash Shringarpure,            ****
****                John  Novembre, Ken Lange                   ****
****                                                            ****
****                 Please cite our paper!                     ****
****   Information at www.genetics.ucla.edu/software/admixture  ****

Cross-validation will be performed.  Folds=5.
Random seed: 9151
Point estimation method: Block relaxation algorithm
Convergence acceleration algorithm: QuasiNewton, 3 secant conditions
Point estimation will terminate when objective function delta < 0.0001
Estimation of standard errors disabled; will compute point estimates only.
Size of G: 260x13929
Performing five EM steps to prime main algorithm
1 (EM) 	Elapsed: 0.1	Loglikelihood: -1.07863e+06	(delta): 3.83775e+06
2 (EM) 	Elapsed: 0.099	Loglikelihood: -1.00687e+06	(delta): 71763.8
3 (EM) 	Elapsed: 0.099	Loglikelihood: -995145	(delta): 11721.8
4 (EM) 	Elapsed: 0.098	Loglikelihood: -988473	(delta): 6671.9
5 (EM) 	Elapsed: 0.097	Loglikelihood: -983834	(delta): 4638.94
Initial loglikelihood: -983834
Starting main algorithm
1 (QN/Block) 	Elapsed: 0.193	Loglikelihood: -830108	(delta): 153726
2 (QN/Block) 	Elapsed: 0.192	Loglikelihood: -749380	(delta): 80728.1
3 (QN/Block) 	Elapsed: 0.217	Loglikelihood: -711816	(delta): 37563.7
4 (QN/Block) 	Elapsed: 0.217	Loglikelihood: -673402	(delta): 38414.1
5 (QN/Block) 	Elapsed: 0.216	Loglikelihood: -657666	(delta): 15735.9
6 (QN/Block) 	Elapsed: 0.252	Loglikelihood: -654974	(delta): 2691.76
7 (QN/Block) 	Elapsed: 0.218	Loglikelihood: -654309	(delta): 665.549
8 (QN/Block) 	Elapsed: 0.216	Loglikelihood: -654060	(delta): 248.816
9 (QN/Block) 	Elapsed: 0.217	Loglikelihood: -653977	(delta): 83.2243
10 (QN/Block) 	Elapsed: 0.251	Loglikelihood: -653958	(delta): 18.6185
11 (QN/Block) 	Elapsed: 0.228	Loglikelihood: -653954	(delta): 3.50919
12 (QN/Block) 	Elapsed: 0.216	Loglikelihood: -653954	(delta): 0.431243
13 (QN/Block) 	Elapsed: 0.216	Loglikelihood: -653954	(delta): 0.00485083
14 (QN/Block) 	Elapsed: 0.228	Loglikelihood: -653954	(delta): 0.0014243
15 (QN/Block) 	Elapsed: 0.216	Loglikelihood: -653954	(delta): 0.000105814
16 (QN/Block) 	Elapsed: 0.216	Loglikelihood: -653954	(delta): 2.78838e-06
Summary: 
Converged in 16 iterations (4.299 sec)
Loglikelihood: -653954.056023
Fst divergences between estimated populations: 
	Pop0	Pop1	Pop2	
Pop0	
Pop1	0.360	
Pop2	0.405	0.290	
Pop3	0.364	0.368	0.416	
CV error (K=4): 0.15142
Writing output files.
