****                   ADMIXTURE Version 1.3.0                  ****
****                    Copyright 2008-2015                     ****
****           David Alexander, Suyash Shringarpure,            ****
****                John  Novembre, Ken Lange                   ****
****                                                            ****
****                 Please cite our paper!                     ****
****   Information at www.genetics.ucla.edu/software/admixture  ****

Cross-validation will be performed.  Folds=5.
Random seed: 17026
Point estimation method: Block relaxation algorithm
Convergence acceleration algorithm: QuasiNewton, 3 secant conditions
Point estimation will terminate when objective function delta < 0.0001
Estimation of standard errors disabled; will compute point estimates only.
Size of G: 260x6978
Performing five EM steps to prime main algorithm
1 (EM) 	Elapsed: 0.055	Loglikelihood: -1.82376e+06	(delta): 918893
2 (EM) 	Elapsed: 0.054	Loglikelihood: -1.76845e+06	(delta): 55312.8
3 (EM) 	Elapsed: 0.054	Loglikelihood: -1.75143e+06	(delta): 17014.7
4 (EM) 	Elapsed: 0.054	Loglikelihood: -1.73947e+06	(delta): 11966.3
5 (EM) 	Elapsed: 0.054	Loglikelihood: -1.7283e+06	(delta): 11169.9
Initial loglikelihood: -1.7283e+06
Starting main algorithm
1 (QN/Block) 	Elapsed: 0.105	Loglikelihood: -1.28812e+06	(delta): 440179
2 (QN/Block) 	Elapsed: 0.106	Loglikelihood: -1.19602e+06	(delta): 92098
3 (QN/Block) 	Elapsed: 0.122	Loglikelihood: -1.1572e+06	(delta): 38825.5
4 (QN/Block) 	Elapsed: 0.121	Loglikelihood: -1.13826e+06	(delta): 18932.7
5 (QN/Block) 	Elapsed: 0.136	Loglikelihood: -1.13364e+06	(delta): 4623.14
6 (QN/Block) 	Elapsed: 0.121	Loglikelihood: -1.13311e+06	(delta): 526.704
7 (QN/Block) 	Elapsed: 0.121	Loglikelihood: -1.13302e+06	(delta): 92.4147
8 (QN/Block) 	Elapsed: 0.129	Loglikelihood: -1.13301e+06	(delta): 12.4676
9 (QN/Block) 	Elapsed: 0.121	Loglikelihood: -1.13301e+06	(delta): 0.438893
10 (QN/Block) 	Elapsed: 0.121	Loglikelihood: -1.13301e+06	(delta): 0.110097
11 (QN/Block) 	Elapsed: 0.119	Loglikelihood: -1.13301e+06	(delta): 0.0738665
12 (QN/Block) 	Elapsed: 0.117	Loglikelihood: -1.13301e+06	(delta): 0.00332097
13 (QN/Block) 	Elapsed: 0.118	Loglikelihood: -1.13301e+06	(delta): 0.000427171
14 (QN/Block) 	Elapsed: 0.117	Loglikelihood: -1.13301e+06	(delta): 1.12071e-05
Summary: 
Converged in 14 iterations (2.124 sec)
Loglikelihood: -1133007.209548
Fst divergences between estimated populations: 
	Pop0	Pop1	Pop2	
Pop0	
Pop1	0.383	
Pop2	0.348	0.440	
Pop3	0.401	0.371	0.450	
CV error (K=4): 0.41152
Writing output files.
