****                   ADMIXTURE Version 1.3.0                  ****
****                    Copyright 2008-2015                     ****
****           David Alexander, Suyash Shringarpure,            ****
****                John  Novembre, Ken Lange                   ****
****                                                            ****
****                 Please cite our paper!                     ****
****   Information at www.genetics.ucla.edu/software/admixture  ****

Cross-validation will be performed.  Folds=5.
Random seed: 17026
Point estimation method: Block relaxation algorithm
Convergence acceleration algorithm: QuasiNewton, 3 secant conditions
Point estimation will terminate when objective function delta < 0.0001
Estimation of standard errors disabled; will compute point estimates only.
Size of G: 260x6978
Performing five EM steps to prime main algorithm
1 (EM) 	Elapsed: 0.04	Loglikelihood: -1.82081e+06	(delta): 1.01607e+06
2 (EM) 	Elapsed: 0.04	Loglikelihood: -1.76409e+06	(delta): 56715.6
3 (EM) 	Elapsed: 0.04	Loglikelihood: -1.74509e+06	(delta): 19007.2
4 (EM) 	Elapsed: 0.04	Loglikelihood: -1.73136e+06	(delta): 13731
5 (EM) 	Elapsed: 0.04	Loglikelihood: -1.71826e+06	(delta): 13097.8
Initial loglikelihood: -1.71826e+06
Starting main algorithm
1 (QN/Block) 	Elapsed: 0.073	Loglikelihood: -1.49564e+06	(delta): 222623
2 (QN/Block) 	Elapsed: 0.073	Loglikelihood: -1.4051e+06	(delta): 90533.5
3 (QN/Block) 	Elapsed: 0.088	Loglikelihood: -1.37125e+06	(delta): 33846.9
4 (QN/Block) 	Elapsed: 0.088	Loglikelihood: -1.35221e+06	(delta): 19048.6
5 (QN/Block) 	Elapsed: 0.095	Loglikelihood: -1.34847e+06	(delta): 3735.75
6 (QN/Block) 	Elapsed: 0.11	Loglikelihood: -1.34777e+06	(delta): 700.253
7 (QN/Block) 	Elapsed: 0.11	Loglikelihood: -1.34763e+06	(delta): 140.291
8 (QN/Block) 	Elapsed: 0.103	Loglikelihood: -1.34759e+06	(delta): 35.4518
9 (QN/Block) 	Elapsed: 0.088	Loglikelihood: -1.34758e+06	(delta): 17.8933
10 (QN/Block) 	Elapsed: 0.103	Loglikelihood: -1.34757e+06	(delta): 5.05021
11 (QN/Block) 	Elapsed: 0.088	Loglikelihood: -1.34757e+06	(delta): 0.18966
12 (QN/Block) 	Elapsed: 0.088	Loglikelihood: -1.34757e+06	(delta): 0.00329412
13 (QN/Block) 	Elapsed: 0.088	Loglikelihood: -1.34757e+06	(delta): 0.000179447
14 (QN/Block) 	Elapsed: 0.088	Loglikelihood: -1.34757e+06	(delta): 3.04051e-05
Summary: 
Converged in 14 iterations (1.651 sec)
Loglikelihood: -1347571.134043
Fst divergences between estimated populations: 
	Pop0	Pop1	
Pop0	
Pop1	0.336	
Pop2	0.350	0.370	
CV error (K=3): 0.52930
Writing output files.
