****                   ADMIXTURE Version 1.3.0                  ****
****                    Copyright 2008-2015                     ****
****           David Alexander, Suyash Shringarpure,            ****
****                John  Novembre, Ken Lange                   ****
****                                                            ****
****                 Please cite our paper!                     ****
****   Information at www.genetics.ucla.edu/software/admixture  ****

Cross-validation will be performed.  Folds=5.
Random seed: 17026
Point estimation method: Block relaxation algorithm
Convergence acceleration algorithm: QuasiNewton, 3 secant conditions
Point estimation will terminate when objective function delta < 0.0001
Estimation of standard errors disabled; will compute point estimates only.
Size of G: 260x6978
Performing five EM steps to prime main algorithm
1 (EM) 	Elapsed: 0.081	Loglikelihood: -1.82006e+06	(delta): 837184
2 (EM) 	Elapsed: 0.078	Loglikelihood: -1.76276e+06	(delta): 57297.4
3 (EM) 	Elapsed: 0.077	Loglikelihood: -1.74339e+06	(delta): 19369
4 (EM) 	Elapsed: 0.077	Loglikelihood: -1.72579e+06	(delta): 17608.5
5 (EM) 	Elapsed: 0.077	Loglikelihood: -1.70453e+06	(delta): 21251.8
Initial loglikelihood: -1.70453e+06
Starting main algorithm
1 (QN/Block) 	Elapsed: 0.168	Loglikelihood: -1.17749e+06	(delta): 527042
2 (QN/Block) 	Elapsed: 0.168	Loglikelihood: -1.11659e+06	(delta): 60899.4
3 (QN/Block) 	Elapsed: 0.187	Loglikelihood: -1.08858e+06	(delta): 28009.9
4 (QN/Block) 	Elapsed: 0.187	Loglikelihood: -1.06726e+06	(delta): 21326
5 (QN/Block) 	Elapsed: 0.195	Loglikelihood: -1.06161e+06	(delta): 5645.28
6 (QN/Block) 	Elapsed: 0.186	Loglikelihood: -1.06048e+06	(delta): 1131.98
7 (QN/Block) 	Elapsed: 0.186	Loglikelihood: -1.06032e+06	(delta): 156.159
8 (QN/Block) 	Elapsed: 0.186	Loglikelihood: -1.0603e+06	(delta): 23.7429
9 (QN/Block) 	Elapsed: 0.213	Loglikelihood: -1.0603e+06	(delta): 1.1132
10 (QN/Block) 	Elapsed: 0.187	Loglikelihood: -1.0603e+06	(delta): 0.0285639
11 (QN/Block) 	Elapsed: 0.186	Loglikelihood: -1.0603e+06	(delta): 0.00164444
12 (QN/Block) 	Elapsed: 0.186	Loglikelihood: -1.0603e+06	(delta): 7.39754e-05
Summary: 
Converged in 12 iterations (2.814 sec)
Loglikelihood: -1060298.203897
Fst divergences between estimated populations: 
	Pop0	Pop1	Pop2	Pop3	Pop4	
Pop0	
Pop1	0.100	
Pop2	0.352	0.261	
Pop3	0.457	0.380	0.397	
Pop4	0.447	0.368	0.380	0.371	
Pop5	0.448	0.365	0.236	0.495	0.479	
CV error (K=6): 0.38233
Writing output files.
