****                   ADMIXTURE Version 1.3.0                  ****
****                    Copyright 2008-2015                     ****
****           David Alexander, Suyash Shringarpure,            ****
****                John  Novembre, Ken Lange                   ****
****                                                            ****
****                 Please cite our paper!                     ****
****   Information at www.genetics.ucla.edu/software/admixture  ****

Cross-validation will be performed.  Folds=5.
Random seed: 17026
Point estimation method: Block relaxation algorithm
Convergence acceleration algorithm: QuasiNewton, 3 secant conditions
Point estimation will terminate when objective function delta < 0.0001
Estimation of standard errors disabled; will compute point estimates only.
Size of G: 260x6978
Performing five EM steps to prime main algorithm
1 (EM) 	Elapsed: 0.091	Loglikelihood: -1.81866e+06	(delta): 814969
2 (EM) 	Elapsed: 0.09	Loglikelihood: -1.76393e+06	(delta): 54730.3
3 (EM) 	Elapsed: 0.091	Loglikelihood: -1.74794e+06	(delta): 15997.4
4 (EM) 	Elapsed: 0.091	Loglikelihood: -1.73505e+06	(delta): 12882.2
5 (EM) 	Elapsed: 0.09	Loglikelihood: -1.72112e+06	(delta): 13935.6
Initial loglikelihood: -1.72112e+06
Starting main algorithm
1 (QN/Block) 	Elapsed: 0.209	Loglikelihood: -1.21236e+06	(delta): 508760
2 (QN/Block) 	Elapsed: 0.212	Loglikelihood: -1.11772e+06	(delta): 94639.3
3 (QN/Block) 	Elapsed: 0.241	Loglikelihood: -1.07871e+06	(delta): 39009.1
4 (QN/Block) 	Elapsed: 0.239	Loglikelihood: -1.05408e+06	(delta): 24629.8
5 (QN/Block) 	Elapsed: 0.228	Loglikelihood: -1.04672e+06	(delta): 7361.79
6 (QN/Block) 	Elapsed: 0.238	Loglikelihood: -1.04374e+06	(delta): 2983.32
7 (QN/Block) 	Elapsed: 0.257	Loglikelihood: -1.04262e+06	(delta): 1118.68
8 (QN/Block) 	Elapsed: 0.256	Loglikelihood: -1.0424e+06	(delta): 217.635
9 (QN/Block) 	Elapsed: 0.247	Loglikelihood: -1.04237e+06	(delta): 27.5893
10 (QN/Block) 	Elapsed: 0.228	Loglikelihood: -1.04237e+06	(delta): 5.10927
11 (QN/Block) 	Elapsed: 0.257	Loglikelihood: -1.04237e+06	(delta): 0.475471
12 (QN/Block) 	Elapsed: 0.228	Loglikelihood: -1.04237e+06	(delta): 0.0143577
13 (QN/Block) 	Elapsed: 0.227	Loglikelihood: -1.04237e+06	(delta): 0.00220386
14 (QN/Block) 	Elapsed: 0.228	Loglikelihood: -1.04237e+06	(delta): 0.000306949
15 (QN/Block) 	Elapsed: 0.227	Loglikelihood: -1.04237e+06	(delta): 1.40986e-05
Summary: 
Converged in 15 iterations (4.208 sec)
Loglikelihood: -1042366.911273
Fst divergences between estimated populations: 
	Pop0	Pop1	Pop2	Pop3	Pop4	Pop5	
Pop0	
Pop1	0.432	
Pop2	0.371	0.417	
Pop3	0.398	0.135	0.380	
Pop4	0.496	0.276	0.479	0.236	
Pop5	0.380	0.298	0.368	0.259	0.365	
Pop6	0.457	0.386	0.447	0.351	0.449	0.100	
CV error (K=7): 0.37726
Writing output files.
