****                   ADMIXTURE Version 1.3.0                  ****
****                    Copyright 2008-2015                     ****
****           David Alexander, Suyash Shringarpure,            ****
****                John  Novembre, Ken Lange                   ****
****                                                            ****
****                 Please cite our paper!                     ****
****   Information at www.genetics.ucla.edu/software/admixture  ****

Cross-validation will be performed.  Folds=5.
Random seed: 17026
Point estimation method: Block relaxation algorithm
Convergence acceleration algorithm: QuasiNewton, 3 secant conditions
Point estimation will terminate when objective function delta < 0.0001
Estimation of standard errors disabled; will compute point estimates only.
Size of G: 260x6978
Performing five EM steps to prime main algorithm
1 (EM) 	Elapsed: 0.117	Loglikelihood: -1.81427e+06	(delta): 774436
2 (EM) 	Elapsed: 0.117	Loglikelihood: -1.76251e+06	(delta): 51760.8
3 (EM) 	Elapsed: 0.117	Loglikelihood: -1.75063e+06	(delta): 11875.7
4 (EM) 	Elapsed: 0.117	Loglikelihood: -1.74244e+06	(delta): 8192.05
5 (EM) 	Elapsed: 0.117	Loglikelihood: -1.7346e+06	(delta): 7841.52
Initial loglikelihood: -1.7346e+06
Starting main algorithm
1 (QN/Block) 	Elapsed: 0.308	Loglikelihood: -1.19985e+06	(delta): 534753
2 (QN/Block) 	Elapsed: 0.313	Loglikelihood: -1.10018e+06	(delta): 99669.7
3 (QN/Block) 	Elapsed: 0.334	Loglikelihood: -1.05972e+06	(delta): 40451
4 (QN/Block) 	Elapsed: 0.333	Loglikelihood: -1.03257e+06	(delta): 27158.6
5 (QN/Block) 	Elapsed: 0.33	Loglikelihood: -1.02673e+06	(delta): 5838.79
6 (QN/Block) 	Elapsed: 0.331	Loglikelihood: -1.02515e+06	(delta): 1574.26
7 (QN/Block) 	Elapsed: 0.33	Loglikelihood: -1.02464e+06	(delta): 516.645
8 (QN/Block) 	Elapsed: 0.33	Loglikelihood: -1.02439e+06	(delta): 245.806
9 (QN/Block) 	Elapsed: 0.33	Loglikelihood: -1.02428e+06	(delta): 107.193
10 (QN/Block) 	Elapsed: 0.33	Loglikelihood: -1.0242e+06	(delta): 78.8925
11 (QN/Block) 	Elapsed: 0.33	Loglikelihood: -1.02415e+06	(delta): 56.4452
12 (QN/Block) 	Elapsed: 0.33	Loglikelihood: -1.02412e+06	(delta): 27.6015
13 (QN/Block) 	Elapsed: 0.34	Loglikelihood: -1.02409e+06	(delta): 28.3064
14 (QN/Block) 	Elapsed: 0.33	Loglikelihood: -1.02408e+06	(delta): 16.8968
15 (QN/Block) 	Elapsed: 0.353	Loglikelihood: -1.02406e+06	(delta): 20.374
16 (QN/Block) 	Elapsed: 0.33	Loglikelihood: -1.02405e+06	(delta): 6.76104
17 (QN/Block) 	Elapsed: 0.329	Loglikelihood: -1.02405e+06	(delta): 2.78604
18 (QN/Block) 	Elapsed: 0.329	Loglikelihood: -1.02404e+06	(delta): 1.20099
19 (QN/Block) 	Elapsed: 0.331	Loglikelihood: -1.02404e+06	(delta): 0.438694
20 (QN/Block) 	Elapsed: 0.33	Loglikelihood: -1.02404e+06	(delta): 0.0967997
21 (QN/Block) 	Elapsed: 0.33	Loglikelihood: -1.02404e+06	(delta): 0.0275625
22 (QN/Block) 	Elapsed: 0.329	Loglikelihood: -1.02404e+06	(delta): 0.00788349
23 (QN/Block) 	Elapsed: 0.329	Loglikelihood: -1.02404e+06	(delta): 0.000286686
24 (QN/Block) 	Elapsed: 0.33	Loglikelihood: -1.02404e+06	(delta): 1.41753e-05
Summary: 
Converged in 24 iterations (8.877 sec)
Loglikelihood: -1024043.838353
Fst divergences between estimated populations: 
	Pop0	Pop1	Pop2	Pop3	Pop4	Pop5	Pop6	Pop7	
Pop0	
Pop1	0.259	
Pop2	0.348	0.101	
Pop3	0.398	0.380	0.454	
Pop4	0.414	0.183	0.141	0.518	
Pop5	0.135	0.297	0.383	0.432	0.450	
Pop6	0.236	0.365	0.446	0.496	0.512	0.276	
Pop7	0.436	0.426	0.503	0.434	0.569	0.470	0.535	
Pop8	0.381	0.368	0.444	0.373	0.511	0.419	0.481	0.151	
CV error (K=9): 0.37710
Writing output files.
