****                   ADMIXTURE Version 1.3.0                  ****
****                    Copyright 2008-2015                     ****
****           David Alexander, Suyash Shringarpure,            ****
****                John  Novembre, Ken Lange                   ****
****                                                            ****
****                 Please cite our paper!                     ****
****   Information at www.genetics.ucla.edu/software/admixture  ****

Cross-validation will be performed.  Folds=5.
Random seed: 17026
Point estimation method: Block relaxation algorithm
Convergence acceleration algorithm: QuasiNewton, 3 secant conditions
Point estimation will terminate when objective function delta < 0.0001
Estimation of standard errors disabled; will compute point estimates only.
Size of G: 260x6978
Performing five EM steps to prime main algorithm
1 (EM) 	Elapsed: 0.104	Loglikelihood: -1.81594e+06	(delta): 792446
2 (EM) 	Elapsed: 0.104	Loglikelihood: -1.76146e+06	(delta): 54478.3
3 (EM) 	Elapsed: 0.103	Loglikelihood: -1.74633e+06	(delta): 15138.5
4 (EM) 	Elapsed: 0.103	Loglikelihood: -1.73397e+06	(delta): 12356.6
5 (EM) 	Elapsed: 0.103	Loglikelihood: -1.7201e+06	(delta): 13868.8
Initial loglikelihood: -1.7201e+06
Starting main algorithm
1 (QN/Block) 	Elapsed: 0.261	Loglikelihood: -1.20284e+06	(delta): 517265
2 (QN/Block) 	Elapsed: 0.261	Loglikelihood: -1.10977e+06	(delta): 93069.9
3 (QN/Block) 	Elapsed: 0.291	Loglikelihood: -1.08108e+06	(delta): 28688.5
4 (QN/Block) 	Elapsed: 0.29	Loglikelihood: -1.05918e+06	(delta): 21892.5
5 (QN/Block) 	Elapsed: 0.289	Loglikelihood: -1.05066e+06	(delta): 8526.11
6 (QN/Block) 	Elapsed: 0.289	Loglikelihood: -1.04664e+06	(delta): 4020.34
7 (QN/Block) 	Elapsed: 0.277	Loglikelihood: -1.0453e+06	(delta): 1337.43
8 (QN/Block) 	Elapsed: 0.277	Loglikelihood: -1.04457e+06	(delta): 732.773
9 (QN/Block) 	Elapsed: 0.276	Loglikelihood: -1.04413e+06	(delta): 439.568
10 (QN/Block) 	Elapsed: 0.277	Loglikelihood: -1.04386e+06	(delta): 267.088
11 (QN/Block) 	Elapsed: 0.276	Loglikelihood: -1.04372e+06	(delta): 143.996
12 (QN/Block) 	Elapsed: 0.277	Loglikelihood: -1.04365e+06	(delta): 71.4707
13 (QN/Block) 	Elapsed: 0.276	Loglikelihood: -1.04353e+06	(delta): 115.069
14 (QN/Block) 	Elapsed: 0.286	Loglikelihood: -1.0435e+06	(delta): 32.1523
15 (QN/Block) 	Elapsed: 0.276	Loglikelihood: -1.04348e+06	(delta): 19.1218
16 (QN/Block) 	Elapsed: 0.276	Loglikelihood: -1.04347e+06	(delta): 8.82533
17 (QN/Block) 	Elapsed: 0.276	Loglikelihood: -1.04347e+06	(delta): 4.2293
18 (QN/Block) 	Elapsed: 0.276	Loglikelihood: -1.04346e+06	(delta): 3.54174
19 (QN/Block) 	Elapsed: 0.286	Loglikelihood: -1.04346e+06	(delta): 3.07306
20 (QN/Block) 	Elapsed: 0.276	Loglikelihood: -1.04346e+06	(delta): 2.24476
21 (QN/Block) 	Elapsed: 0.276	Loglikelihood: -1.04345e+06	(delta): 3.70457
22 (QN/Block) 	Elapsed: 0.277	Loglikelihood: -1.04345e+06	(delta): 4.86218
23 (QN/Block) 	Elapsed: 0.277	Loglikelihood: -1.04344e+06	(delta): 7.93574
24 (QN/Block) 	Elapsed: 0.297	Loglikelihood: -1.04344e+06	(delta): 5.09161
25 (QN/Block) 	Elapsed: 0.276	Loglikelihood: -1.04343e+06	(delta): 2.90376
26 (QN/Block) 	Elapsed: 0.276	Loglikelihood: -1.04343e+06	(delta): 1.6946
27 (QN/Block) 	Elapsed: 0.297	Loglikelihood: -1.04343e+06	(delta): 2.15845
28 (QN/Block) 	Elapsed: 0.287	Loglikelihood: -1.04343e+06	(delta): 0.50484
29 (QN/Block) 	Elapsed: 0.286	Loglikelihood: -1.04343e+06	(delta): 0.362031
30 (QN/Block) 	Elapsed: 0.276	Loglikelihood: -1.04343e+06	(delta): 0.480838
31 (QN/Block) 	Elapsed: 0.277	Loglikelihood: -1.04343e+06	(delta): 1.08162
32 (QN/Block) 	Elapsed: 0.286	Loglikelihood: -1.04342e+06	(delta): 1.66598
33 (QN/Block) 	Elapsed: 0.289	Loglikelihood: -1.04342e+06	(delta): 1.90767
34 (QN/Block) 	Elapsed: 0.307	Loglikelihood: -1.04342e+06	(delta): 0.340122
35 (QN/Block) 	Elapsed: 0.276	Loglikelihood: -1.04342e+06	(delta): 0.0975394
36 (QN/Block) 	Elapsed: 0.276	Loglikelihood: -1.04342e+06	(delta): 0.0184726
37 (QN/Block) 	Elapsed: 0.278	Loglikelihood: -1.04342e+06	(delta): 0.00238773
38 (QN/Block) 	Elapsed: 0.275	Loglikelihood: -1.04342e+06	(delta): 0.000653459
39 (QN/Block) 	Elapsed: 0.306	Loglikelihood: -1.04342e+06	(delta): 0.00255464
40 (QN/Block) 	Elapsed: 0.307	Loglikelihood: -1.04342e+06	(delta): 0.115323
41 (QN/Block) 	Elapsed: 0.308	Loglikelihood: -1.04342e+06	(delta): 0.145346
42 (QN/Block) 	Elapsed: 0.276	Loglikelihood: -1.04342e+06	(delta): 0.030777
43 (QN/Block) 	Elapsed: 0.276	Loglikelihood: -1.04342e+06	(delta): 0.0680083
44 (QN/Block) 	Elapsed: 0.276	Loglikelihood: -1.04342e+06	(delta): 0.0369183
45 (QN/Block) 	Elapsed: 0.309	Loglikelihood: -1.04342e+06	(delta): 0.139528
46 (QN/Block) 	Elapsed: 0.307	Loglikelihood: -1.04342e+06	(delta): 0.00556428
47 (QN/Block) 	Elapsed: 0.276	Loglikelihood: -1.04342e+06	(delta): 0.00255573
48 (QN/Block) 	Elapsed: 0.276	Loglikelihood: -1.04342e+06	(delta): 7.12059e-05
Summary: 
Converged in 48 iterations (14.69 sec)
Loglikelihood: -1043421.847498
Fst divergences between estimated populations: 
	Pop0	Pop1	Pop2	Pop3	Pop4	Pop5	Pop6	
Pop0	
Pop1	0.368	
Pop2	0.365	0.479	
Pop3	0.101	0.444	0.446	
Pop4	0.387	0.379	0.503	0.461	
Pop5	0.183	0.510	0.511	0.141	0.524	
Pop6	0.384	0.377	0.500	0.460	0.053	0.524	
Pop7	0.260	0.380	0.236	0.348	0.405	0.415	0.401	
CV error (K=8): 0.38064
Writing output files.
