****                   ADMIXTURE Version 1.3.0                  ****
****                    Copyright 2008-2015                     ****
****           David Alexander, Suyash Shringarpure,            ****
****                John  Novembre, Ken Lange                   ****
****                                                            ****
****                 Please cite our paper!                     ****
****   Information at www.genetics.ucla.edu/software/admixture  ****

Cross-validation will be performed.  Folds=5.
Random seed: 17026
Point estimation method: Block relaxation algorithm
Convergence acceleration algorithm: QuasiNewton, 3 secant conditions
Point estimation will terminate when objective function delta < 0.0001
Estimation of standard errors disabled; will compute point estimates only.
Size of G: 260x6978
Performing five EM steps to prime main algorithm
1 (EM) 	Elapsed: 0.136	Loglikelihood: -1.81113e+06	(delta): 766471
2 (EM) 	Elapsed: 0.135	Loglikelihood: -1.75687e+06	(delta): 54265.4
3 (EM) 	Elapsed: 0.133	Loglikelihood: -1.74197e+06	(delta): 14894.3
4 (EM) 	Elapsed: 0.133	Loglikelihood: -1.72878e+06	(delta): 13193.9
5 (EM) 	Elapsed: 0.133	Loglikelihood: -1.71252e+06	(delta): 16253.3
Initial loglikelihood: -1.71252e+06
Starting main algorithm
1 (QN/Block) 	Elapsed: 0.368	Loglikelihood: -1.15007e+06	(delta): 562457
2 (QN/Block) 	Elapsed: 0.37	Loglikelihood: -1.08346e+06	(delta): 66611.8
3 (QN/Block) 	Elapsed: 0.428	Loglikelihood: -1.0552e+06	(delta): 28255.5
4 (QN/Block) 	Elapsed: 0.392	Loglikelihood: -1.03854e+06	(delta): 16665
5 (QN/Block) 	Elapsed: 0.402	Loglikelihood: -1.02959e+06	(delta): 8940.89
6 (QN/Block) 	Elapsed: 0.424	Loglikelihood: -1.02508e+06	(delta): 4514.52
7 (QN/Block) 	Elapsed: 0.389	Loglikelihood: -1.02283e+06	(delta): 2250.35
8 (QN/Block) 	Elapsed: 0.389	Loglikelihood: -1.02132e+06	(delta): 1510.71
9 (QN/Block) 	Elapsed: 0.388	Loglikelihood: -1.01994e+06	(delta): 1381.05
10 (QN/Block) 	Elapsed: 0.388	Loglikelihood: -1.01905e+06	(delta): 886.742
11 (QN/Block) 	Elapsed: 0.386	Loglikelihood: -1.01871e+06	(delta): 337.847
12 (QN/Block) 	Elapsed: 0.387	Loglikelihood: -1.0185e+06	(delta): 208.476
13 (QN/Block) 	Elapsed: 0.388	Loglikelihood: -1.01827e+06	(delta): 230.573
14 (QN/Block) 	Elapsed: 0.387	Loglikelihood: -1.01815e+06	(delta): 123.858
15 (QN/Block) 	Elapsed: 0.386	Loglikelihood: -1.01806e+06	(delta): 86.3393
16 (QN/Block) 	Elapsed: 0.388	Loglikelihood: -1.01797e+06	(delta): 92.6461
17 (QN/Block) 	Elapsed: 0.388	Loglikelihood: -1.01791e+06	(delta): 64.2613
18 (QN/Block) 	Elapsed: 0.399	Loglikelihood: -1.01786e+06	(delta): 51.2126
19 (QN/Block) 	Elapsed: 0.387	Loglikelihood: -1.01781e+06	(delta): 48.7701
20 (QN/Block) 	Elapsed: 0.387	Loglikelihood: -1.01778e+06	(delta): 28.112
21 (QN/Block) 	Elapsed: 0.386	Loglikelihood: -1.01776e+06	(delta): 18.3183
22 (QN/Block) 	Elapsed: 0.387	Loglikelihood: -1.01774e+06	(delta): 18.7028
23 (QN/Block) 	Elapsed: 0.387	Loglikelihood: -1.01773e+06	(delta): 14.0519
24 (QN/Block) 	Elapsed: 0.386	Loglikelihood: -1.01771e+06	(delta): 16.1944
25 (QN/Block) 	Elapsed: 0.387	Loglikelihood: -1.0177e+06	(delta): 6.55437
26 (QN/Block) 	Elapsed: 0.387	Loglikelihood: -1.0177e+06	(delta): 5.46155
27 (QN/Block) 	Elapsed: 0.388	Loglikelihood: -1.0177e+06	(delta): 2.13947
28 (QN/Block) 	Elapsed: 0.387	Loglikelihood: -1.0177e+06	(delta): 0.872942
29 (QN/Block) 	Elapsed: 0.386	Loglikelihood: -1.0177e+06	(delta): 0.335295
30 (QN/Block) 	Elapsed: 0.387	Loglikelihood: -1.0177e+06	(delta): 0.0849302
31 (QN/Block) 	Elapsed: 0.387	Loglikelihood: -1.0177e+06	(delta): 0.0406223
32 (QN/Block) 	Elapsed: 0.386	Loglikelihood: -1.0177e+06	(delta): 0.00614355
33 (QN/Block) 	Elapsed: 0.387	Loglikelihood: -1.0177e+06	(delta): 0.00173542
34 (QN/Block) 	Elapsed: 0.386	Loglikelihood: -1.0177e+06	(delta): 1.04536e-05
Summary: 
Converged in 34 iterations (14.414 sec)
Loglikelihood: -1017695.920966
Fst divergences between estimated populations: 
	Pop0	Pop1	Pop2	Pop3	Pop4	Pop5	Pop6	Pop7	Pop8	
Pop0	
Pop1	0.432	
Pop2	0.401	0.136	
Pop3	0.380	0.298	0.261	
Pop4	0.434	0.471	0.439	0.426	
Pop5	0.373	0.419	0.383	0.368	0.151	
Pop6	0.518	0.451	0.418	0.183	0.569	0.511	
Pop7	0.496	0.277	0.241	0.365	0.535	0.481	0.512	
Pop8	0.445	0.195	0.136	0.311	0.484	0.429	0.463	0.293	
Pop9	0.454	0.383	0.350	0.101	0.503	0.444	0.141	0.446	0.397	
CV error (K=10): 0.38142
Writing output files.
