****                   ADMIXTURE Version 1.3.0                  ****
****                    Copyright 2008-2015                     ****
****           David Alexander, Suyash Shringarpure,            ****
****                John  Novembre, Ken Lange                   ****
****                                                            ****
****                 Please cite our paper!                     ****
****   Information at www.genetics.ucla.edu/software/admixture  ****

Cross-validation will be performed.  Folds=5.
Random seed: 17026
Point estimation method: Block relaxation algorithm
Convergence acceleration algorithm: QuasiNewton, 3 secant conditions
Point estimation will terminate when objective function delta < 0.0001
Estimation of standard errors disabled; will compute point estimates only.
Size of G: 260x6978
Performing five EM steps to prime main algorithm
1 (EM) 	Elapsed: 0.028	Loglikelihood: -1.80381e+06	(delta): 1.218e+06
2 (EM) 	Elapsed: 0.028	Loglikelihood: -1.75387e+06	(delta): 49942.1
3 (EM) 	Elapsed: 0.028	Loglikelihood: -1.73886e+06	(delta): 15005.9
4 (EM) 	Elapsed: 0.028	Loglikelihood: -1.73022e+06	(delta): 8640.7
5 (EM) 	Elapsed: 0.028	Loglikelihood: -1.72395e+06	(delta): 6270.53
Initial loglikelihood: -1.72395e+06
Starting main algorithm
1 (QN/Block) 	Elapsed: 0.048	Loglikelihood: -1.57024e+06	(delta): 153712
2 (QN/Block) 	Elapsed: 0.048	Loglikelihood: -1.5226e+06	(delta): 47638.6
3 (QN/Block) 	Elapsed: 0.062	Loglikelihood: -1.49856e+06	(delta): 24039.9
4 (QN/Block) 	Elapsed: 0.069	Loglikelihood: -1.47939e+06	(delta): 19171.7
5 (QN/Block) 	Elapsed: 0.076	Loglikelihood: -1.47641e+06	(delta): 2978.9
6 (QN/Block) 	Elapsed: 0.076	Loglikelihood: -1.47621e+06	(delta): 203.184
7 (QN/Block) 	Elapsed: 0.062	Loglikelihood: -1.47615e+06	(delta): 54.4364
8 (QN/Block) 	Elapsed: 0.062	Loglikelihood: -1.47614e+06	(delta): 14.8925
9 (QN/Block) 	Elapsed: 0.069	Loglikelihood: -1.47614e+06	(delta): 0.986363
10 (QN/Block) 	Elapsed: 0.062	Loglikelihood: -1.47614e+06	(delta): 0.02497
11 (QN/Block) 	Elapsed: 0.062	Loglikelihood: -1.47614e+06	(delta): 0.00521421
12 (QN/Block) 	Elapsed: 0.062	Loglikelihood: -1.47614e+06	(delta): 3.2166e-05
Summary: 
Converged in 12 iterations (1.044 sec)
Loglikelihood: -1476136.898781
Fst divergences between estimated populations: 
	Pop0	
Pop0	
Pop1	0.306	
CV error (K=2): 0.59804
Writing output files.
