****                   ADMIXTURE Version 1.3.0                  ****
****                    Copyright 2008-2015                     ****
****           David Alexander, Suyash Shringarpure,            ****
****                John  Novembre, Ken Lange                   ****
****                                                            ****
****                 Please cite our paper!                     ****
****   Information at www.genetics.ucla.edu/software/admixture  ****

Cross-validation will be performed.  Folds=5.
Random seed: 17026
Point estimation method: Block relaxation algorithm
Convergence acceleration algorithm: QuasiNewton, 3 secant conditions
Point estimation will terminate when objective function delta < 0.0001
Estimation of standard errors disabled; will compute point estimates only.
Size of G: 260x6978
Performing five EM steps to prime main algorithm
1 (EM) 	Elapsed: 0.068	Loglikelihood: -1.82354e+06	(delta): 866242
2 (EM) 	Elapsed: 0.066	Loglikelihood: -1.76916e+06	(delta): 54376
3 (EM) 	Elapsed: 0.066	Loglikelihood: -1.75408e+06	(delta): 15086.7
4 (EM) 	Elapsed: 0.066	Loglikelihood: -1.74388e+06	(delta): 10197.2
5 (EM) 	Elapsed: 0.066	Loglikelihood: -1.73478e+06	(delta): 9102.3
Initial loglikelihood: -1.73478e+06
Starting main algorithm
1 (QN/Block) 	Elapsed: 0.132	Loglikelihood: -1.27192e+06	(delta): 462861
2 (QN/Block) 	Elapsed: 0.131	Loglikelihood: -1.17734e+06	(delta): 94572.8
3 (QN/Block) 	Elapsed: 0.148	Loglikelihood: -1.13243e+06	(delta): 44917.4
4 (QN/Block) 	Elapsed: 0.148	Loglikelihood: -1.09815e+06	(delta): 34276.6
5 (QN/Block) 	Elapsed: 0.156	Loglikelihood: -1.08521e+06	(delta): 12936
6 (QN/Block) 	Elapsed: 0.156	Loglikelihood: -1.08046e+06	(delta): 4759.06
7 (QN/Block) 	Elapsed: 0.164	Loglikelihood: -1.07943e+06	(delta): 1021.34
8 (QN/Block) 	Elapsed: 0.156	Loglikelihood: -1.07923e+06	(delta): 207.16
9 (QN/Block) 	Elapsed: 0.172	Loglikelihood: -1.07919e+06	(delta): 33.0748
10 (QN/Block) 	Elapsed: 0.148	Loglikelihood: -1.07918e+06	(delta): 8.99812
11 (QN/Block) 	Elapsed: 0.156	Loglikelihood: -1.07918e+06	(delta): 0.232367
12 (QN/Block) 	Elapsed: 0.148	Loglikelihood: -1.07918e+06	(delta): 0.00746365
13 (QN/Block) 	Elapsed: 0.148	Loglikelihood: -1.07918e+06	(delta): 0.00238048
14 (QN/Block) 	Elapsed: 0.148	Loglikelihood: -1.07918e+06	(delta): 0.00106986
15 (QN/Block) 	Elapsed: 0.148	Loglikelihood: -1.07918e+06	(delta): 2.67243e-06
Summary: 
Converged in 15 iterations (2.792 sec)
Loglikelihood: -1079184.481421
Fst divergences between estimated populations: 
	Pop0	Pop1	Pop2	Pop3	
Pop0	
Pop1	0.371	
Pop2	0.377	0.394	
Pop3	0.440	0.450	0.342	
Pop4	0.479	0.495	0.233	0.442	
CV error (K=5): 0.38594
Writing output files.
