****                   ADMIXTURE Version 1.3.0                  ****
****                    Copyright 2008-2015                     ****
****           David Alexander, Suyash Shringarpure,            ****
****                John  Novembre, Ken Lange                   ****
****                                                            ****
****                 Please cite our paper!                     ****
****   Information at www.genetics.ucla.edu/software/admixture  ****

Cross-validation will be performed.  Folds=5.
Random seed: 9870
Point estimation method: Block relaxation algorithm
Convergence acceleration algorithm: QuasiNewton, 3 secant conditions
Point estimation will terminate when objective function delta < 0.0001
Estimation of standard errors disabled; will compute point estimates only.
Size of G: 260x6978
Performing five EM steps to prime main algorithm
1 (EM) 	Elapsed: 0.055	Loglikelihood: -1.82566e+06	(delta): 911449
2 (EM) 	Elapsed: 0.053	Loglikelihood: -1.76952e+06	(delta): 56141.7
3 (EM) 	Elapsed: 0.053	Loglikelihood: -1.75107e+06	(delta): 18448.5
4 (EM) 	Elapsed: 0.053	Loglikelihood: -1.73814e+06	(delta): 12927.2
5 (EM) 	Elapsed: 0.052	Loglikelihood: -1.72654e+06	(delta): 11598
Initial loglikelihood: -1.72654e+06
Starting main algorithm
1 (QN/Block) 	Elapsed: 0.101	Loglikelihood: -1.32376e+06	(delta): 402780
2 (QN/Block) 	Elapsed: 0.103	Loglikelihood: -1.25404e+06	(delta): 69725.2
3 (QN/Block) 	Elapsed: 0.119	Loglikelihood: -1.21625e+06	(delta): 37785.9
4 (QN/Block) 	Elapsed: 0.118	Loglikelihood: -1.19732e+06	(delta): 18930.2
5 (QN/Block) 	Elapsed: 0.141	Loglikelihood: -1.19283e+06	(delta): 4494.98
6 (QN/Block) 	Elapsed: 0.118	Loglikelihood: -1.19209e+06	(delta): 740.725
7 (QN/Block) 	Elapsed: 0.118	Loglikelihood: -1.19191e+06	(delta): 176.496
8 (QN/Block) 	Elapsed: 0.133	Loglikelihood: -1.19186e+06	(delta): 47.6961
9 (QN/Block) 	Elapsed: 0.125	Loglikelihood: -1.19186e+06	(delta): 6.03119
10 (QN/Block) 	Elapsed: 0.125	Loglikelihood: -1.19186e+06	(delta): 0.422936
11 (QN/Block) 	Elapsed: 0.117	Loglikelihood: -1.19186e+06	(delta): 0.0812717
12 (QN/Block) 	Elapsed: 0.117	Loglikelihood: -1.19186e+06	(delta): 0.00937813
13 (QN/Block) 	Elapsed: 0.117	Loglikelihood: -1.19186e+06	(delta): 0.00071409
14 (QN/Block) 	Elapsed: 0.117	Loglikelihood: -1.19186e+06	(delta): 1.05712e-05
Summary: 
Converged in 14 iterations (2.117 sec)
Loglikelihood: -1191855.800083
Fst divergences between estimated populations: 
	Pop0	Pop1	Pop2	
Pop0	
Pop1	0.311	
Pop2	0.342	0.370	
Pop3	0.233	0.413	0.442	
CV error (K=4): 0.44640
Writing output files.
