****                   ADMIXTURE Version 1.3.0                  ****
****                    Copyright 2008-2015                     ****
****           David Alexander, Suyash Shringarpure,            ****
****                John  Novembre, Ken Lange                   ****
****                                                            ****
****                 Please cite our paper!                     ****
****   Information at www.genetics.ucla.edu/software/admixture  ****

Cross-validation will be performed.  Folds=5.
Random seed: 9870
Point estimation method: Block relaxation algorithm
Convergence acceleration algorithm: QuasiNewton, 3 secant conditions
Point estimation will terminate when objective function delta < 0.0001
Estimation of standard errors disabled; will compute point estimates only.
Size of G: 260x6978
Performing five EM steps to prime main algorithm
1 (EM) 	Elapsed: 0.029	Loglikelihood: -1.8082e+06	(delta): 1.22797e+06
2 (EM) 	Elapsed: 0.028	Loglikelihood: -1.75828e+06	(delta): 49918.9
3 (EM) 	Elapsed: 0.027	Loglikelihood: -1.74498e+06	(delta): 13298.1
4 (EM) 	Elapsed: 0.027	Loglikelihood: -1.73821e+06	(delta): 6773.16
5 (EM) 	Elapsed: 0.027	Loglikelihood: -1.7343e+06	(delta): 3907.56
Initial loglikelihood: -1.7343e+06
Starting main algorithm
1 (QN/Block) 	Elapsed: 0.047	Loglikelihood: -1.555e+06	(delta): 179298
2 (QN/Block) 	Elapsed: 0.047	Loglikelihood: -1.51527e+06	(delta): 39735
3 (QN/Block) 	Elapsed: 0.061	Loglikelihood: -1.48835e+06	(delta): 26921
4 (QN/Block) 	Elapsed: 0.068	Loglikelihood: -1.47802e+06	(delta): 10332.9
5 (QN/Block) 	Elapsed: 0.081	Loglikelihood: -1.47627e+06	(delta): 1747.17
6 (QN/Block) 	Elapsed: 0.061	Loglikelihood: -1.47616e+06	(delta): 103.69
7 (QN/Block) 	Elapsed: 0.061	Loglikelihood: -1.47614e+06	(delta): 22.7792
8 (QN/Block) 	Elapsed: 0.067	Loglikelihood: -1.47614e+06	(delta): 4.39559
9 (QN/Block) 	Elapsed: 0.061	Loglikelihood: -1.47614e+06	(delta): 0.333012
10 (QN/Block) 	Elapsed: 0.061	Loglikelihood: -1.47614e+06	(delta): 0.0284908
11 (QN/Block) 	Elapsed: 0.061	Loglikelihood: -1.47614e+06	(delta): 0.00185772
12 (QN/Block) 	Elapsed: 0.061	Loglikelihood: -1.47614e+06	(delta): 5.41522e-05
Summary: 
Converged in 12 iterations (1.022 sec)
Loglikelihood: -1476136.898792
Fst divergences between estimated populations: 
	Pop0	
Pop0	
Pop1	0.306	
CV error (K=2): 0.59902
Writing output files.
