****                   ADMIXTURE Version 1.3.0                  ****
****                    Copyright 2008-2015                     ****
****           David Alexander, Suyash Shringarpure,            ****
****                John  Novembre, Ken Lange                   ****
****                                                            ****
****                 Please cite our paper!                     ****
****   Information at www.genetics.ucla.edu/software/admixture  ****

Cross-validation will be performed.  Folds=5.
Random seed: 9870
Point estimation method: Block relaxation algorithm
Convergence acceleration algorithm: QuasiNewton, 3 secant conditions
Point estimation will terminate when objective function delta < 0.0001
Estimation of standard errors disabled; will compute point estimates only.
Size of G: 260x6978
Performing five EM steps to prime main algorithm
1 (EM) 	Elapsed: 0.093	Loglikelihood: -1.81806e+06	(delta): 794398
2 (EM) 	Elapsed: 0.09	Loglikelihood: -1.76485e+06	(delta): 53214.6
3 (EM) 	Elapsed: 0.09	Loglikelihood: -1.74959e+06	(delta): 15256.2
4 (EM) 	Elapsed: 0.09	Loglikelihood: -1.73775e+06	(delta): 11843.5
5 (EM) 	Elapsed: 0.09	Loglikelihood: -1.72525e+06	(delta): 12498.1
Initial loglikelihood: -1.72525e+06
Starting main algorithm
1 (QN/Block) 	Elapsed: 0.209	Loglikelihood: -1.23334e+06	(delta): 491911
2 (QN/Block) 	Elapsed: 0.211	Loglikelihood: -1.11631e+06	(delta): 117027
3 (QN/Block) 	Elapsed: 0.23	Loglikelihood: -1.08716e+06	(delta): 29148.9
4 (QN/Block) 	Elapsed: 0.23	Loglikelihood: -1.06976e+06	(delta): 17404.1
5 (QN/Block) 	Elapsed: 0.239	Loglikelihood: -1.06306e+06	(delta): 6695.48
6 (QN/Block) 	Elapsed: 0.238	Loglikelihood: -1.06081e+06	(delta): 2252.16
7 (QN/Block) 	Elapsed: 0.229	Loglikelihood: -1.06024e+06	(delta): 567.277
8 (QN/Block) 	Elapsed: 0.228	Loglikelihood: -1.06012e+06	(delta): 125.591
9 (QN/Block) 	Elapsed: 0.238	Loglikelihood: -1.06005e+06	(delta): 61.5786
10 (QN/Block) 	Elapsed: 0.238	Loglikelihood: -1.05999e+06	(delta): 65.0779
11 (QN/Block) 	Elapsed: 0.247	Loglikelihood: -1.05992e+06	(delta): 72.3433
12 (QN/Block) 	Elapsed: 0.228	Loglikelihood: -1.05987e+06	(delta): 46.1385
13 (QN/Block) 	Elapsed: 0.228	Loglikelihood: -1.05983e+06	(delta): 38.651
14 (QN/Block) 	Elapsed: 0.228	Loglikelihood: -1.0598e+06	(delta): 32.5622
15 (QN/Block) 	Elapsed: 0.228	Loglikelihood: -1.05977e+06	(delta): 24.5373
16 (QN/Block) 	Elapsed: 0.228	Loglikelihood: -1.05974e+06	(delta): 29.987
17 (QN/Block) 	Elapsed: 0.228	Loglikelihood: -1.05972e+06	(delta): 21.4322
18 (QN/Block) 	Elapsed: 0.228	Loglikelihood: -1.05971e+06	(delta): 13.8153
19 (QN/Block) 	Elapsed: 0.228	Loglikelihood: -1.0597e+06	(delta): 5.98334
20 (QN/Block) 	Elapsed: 0.256	Loglikelihood: -1.05969e+06	(delta): 15.1811
21 (QN/Block) 	Elapsed: 0.256	Loglikelihood: -1.05967e+06	(delta): 14.3912
22 (QN/Block) 	Elapsed: 0.256	Loglikelihood: -1.05966e+06	(delta): 11.0458
23 (QN/Block) 	Elapsed: 0.238	Loglikelihood: -1.05966e+06	(delta): 4.47423
24 (QN/Block) 	Elapsed: 0.238	Loglikelihood: -1.05965e+06	(delta): 4.29772
25 (QN/Block) 	Elapsed: 0.238	Loglikelihood: -1.05965e+06	(delta): 4.34423
26 (QN/Block) 	Elapsed: 0.238	Loglikelihood: -1.05965e+06	(delta): 1.40825
27 (QN/Block) 	Elapsed: 0.228	Loglikelihood: -1.05965e+06	(delta): 0.295929
28 (QN/Block) 	Elapsed: 0.256	Loglikelihood: -1.05965e+06	(delta): 0.073563
29 (QN/Block) 	Elapsed: 0.256	Loglikelihood: -1.05965e+06	(delta): 0.129366
30 (QN/Block) 	Elapsed: 0.256	Loglikelihood: -1.05965e+06	(delta): 0.0736356
31 (QN/Block) 	Elapsed: 0.256	Loglikelihood: -1.05965e+06	(delta): 0.0186092
32 (QN/Block) 	Elapsed: 0.228	Loglikelihood: -1.05965e+06	(delta): 0.0234667
33 (QN/Block) 	Elapsed: 0.228	Loglikelihood: -1.05965e+06	(delta): 0.000815749
34 (QN/Block) 	Elapsed: 0.228	Loglikelihood: -1.05965e+06	(delta): 5.62719e-05
Summary: 
Converged in 34 iterations (8.89 sec)
Loglikelihood: -1059647.528110
Fst divergences between estimated populations: 
	Pop0	Pop1	Pop2	Pop3	Pop4	Pop5	
Pop0	
Pop1	0.331	
Pop2	0.440	0.395	
Pop3	0.488	0.432	0.434	
Pop4	0.431	0.234	0.495	0.534	
Pop5	0.429	0.379	0.373	0.151	0.480	
Pop6	0.162	0.412	0.517	0.568	0.511	0.511	
CV error (K=7): 0.38363
Writing output files.
