****                   ADMIXTURE Version 1.3.0                  ****
****                    Copyright 2008-2015                     ****
****           David Alexander, Suyash Shringarpure,            ****
****                John  Novembre, Ken Lange                   ****
****                                                            ****
****                 Please cite our paper!                     ****
****   Information at www.genetics.ucla.edu/software/admixture  ****

Cross-validation will be performed.  Folds=5.
Random seed: 9870
Point estimation method: Block relaxation algorithm
Convergence acceleration algorithm: QuasiNewton, 3 secant conditions
Point estimation will terminate when objective function delta < 0.0001
Estimation of standard errors disabled; will compute point estimates only.
Size of G: 260x6978
Performing five EM steps to prime main algorithm
1 (EM) 	Elapsed: 0.103	Loglikelihood: -1.81601e+06	(delta): 775276
2 (EM) 	Elapsed: 0.104	Loglikelihood: -1.76251e+06	(delta): 53498.9
3 (EM) 	Elapsed: 0.103	Loglikelihood: -1.74845e+06	(delta): 14061.2
4 (EM) 	Elapsed: 0.103	Loglikelihood: -1.73758e+06	(delta): 10868.6
5 (EM) 	Elapsed: 0.103	Loglikelihood: -1.72582e+06	(delta): 11766.2
Initial loglikelihood: -1.72582e+06
Starting main algorithm
1 (QN/Block) 	Elapsed: 0.261	Loglikelihood: -1.1815e+06	(delta): 544320
2 (QN/Block) 	Elapsed: 0.263	Loglikelihood: -1.10371e+06	(delta): 77790.2
3 (QN/Block) 	Elapsed: 0.284	Loglikelihood: -1.07607e+06	(delta): 27633.2
4 (QN/Block) 	Elapsed: 0.283	Loglikelihood: -1.05476e+06	(delta): 21309.5
5 (QN/Block) 	Elapsed: 0.298	Loglikelihood: -1.0478e+06	(delta): 6963.31
6 (QN/Block) 	Elapsed: 0.277	Loglikelihood: -1.04516e+06	(delta): 2635.73
7 (QN/Block) 	Elapsed: 0.277	Loglikelihood: -1.04412e+06	(delta): 1041.85
8 (QN/Block) 	Elapsed: 0.277	Loglikelihood: -1.04337e+06	(delta): 750.842
9 (QN/Block) 	Elapsed: 0.287	Loglikelihood: -1.04282e+06	(delta): 553.565
10 (QN/Block) 	Elapsed: 0.277	Loglikelihood: -1.04252e+06	(delta): 298.268
11 (QN/Block) 	Elapsed: 0.276	Loglikelihood: -1.04235e+06	(delta): 164.391
12 (QN/Block) 	Elapsed: 0.276	Loglikelihood: -1.0422e+06	(delta): 152.281
13 (QN/Block) 	Elapsed: 0.277	Loglikelihood: -1.04211e+06	(delta): 90.9492
14 (QN/Block) 	Elapsed: 0.276	Loglikelihood: -1.04204e+06	(delta): 74.5218
15 (QN/Block) 	Elapsed: 0.286	Loglikelihood: -1.04201e+06	(delta): 26.3332
16 (QN/Block) 	Elapsed: 0.286	Loglikelihood: -1.04198e+06	(delta): 30.441
17 (QN/Block) 	Elapsed: 0.286	Loglikelihood: -1.04198e+06	(delta): 4.99213
18 (QN/Block) 	Elapsed: 0.276	Loglikelihood: -1.04197e+06	(delta): 2.98094
19 (QN/Block) 	Elapsed: 0.276	Loglikelihood: -1.04197e+06	(delta): 0.425032
20 (QN/Block) 	Elapsed: 0.276	Loglikelihood: -1.04197e+06	(delta): 0.231627
21 (QN/Block) 	Elapsed: 0.276	Loglikelihood: -1.04197e+06	(delta): 0.0516527
22 (QN/Block) 	Elapsed: 0.276	Loglikelihood: -1.04197e+06	(delta): 0.00283995
23 (QN/Block) 	Elapsed: 0.276	Loglikelihood: -1.04197e+06	(delta): 0.00224701
24 (QN/Block) 	Elapsed: 0.276	Loglikelihood: -1.04197e+06	(delta): 0.00110672
25 (QN/Block) 	Elapsed: 0.276	Loglikelihood: -1.04197e+06	(delta): 0.000169598
26 (QN/Block) 	Elapsed: 0.276	Loglikelihood: -1.04197e+06	(delta): 1.33475e-05
Summary: 
Converged in 26 iterations (8.111 sec)
Loglikelihood: -1041971.751498
Fst divergences between estimated populations: 
	Pop0	Pop1	Pop2	Pop3	Pop4	Pop5	Pop6	
Pop0	
Pop1	0.151	
Pop2	0.426	0.367	
Pop3	0.569	0.511	0.183	
Pop4	0.434	0.373	0.380	0.518	
Pop5	0.534	0.480	0.365	0.511	0.495	
Pop6	0.503	0.444	0.101	0.141	0.454	0.446	
Pop7	0.434	0.381	0.260	0.415	0.397	0.236	0.348	
CV error (K=8): 0.37966
Writing output files.
