****                   ADMIXTURE Version 1.3.0                  ****
****                    Copyright 2008-2015                     ****
****           David Alexander, Suyash Shringarpure,            ****
****                John  Novembre, Ken Lange                   ****
****                                                            ****
****                 Please cite our paper!                     ****
****   Information at www.genetics.ucla.edu/software/admixture  ****

Cross-validation will be performed.  Folds=5.
Random seed: 9870
Point estimation method: Block relaxation algorithm
Convergence acceleration algorithm: QuasiNewton, 3 secant conditions
Point estimation will terminate when objective function delta < 0.0001
Estimation of standard errors disabled; will compute point estimates only.
Size of G: 260x6978
Performing five EM steps to prime main algorithm
1 (EM) 	Elapsed: 0.118	Loglikelihood: -1.81316e+06	(delta): 765245
2 (EM) 	Elapsed: 0.118	Loglikelihood: -1.7608e+06	(delta): 52362.6
3 (EM) 	Elapsed: 0.118	Loglikelihood: -1.74784e+06	(delta): 12959.3
4 (EM) 	Elapsed: 0.117	Loglikelihood: -1.73797e+06	(delta): 9876.78
5 (EM) 	Elapsed: 0.117	Loglikelihood: -1.72728e+06	(delta): 10686.2
Initial loglikelihood: -1.72728e+06
Starting main algorithm
1 (QN/Block) 	Elapsed: 0.309	Loglikelihood: -1.16544e+06	(delta): 561837
2 (QN/Block) 	Elapsed: 0.313	Loglikelihood: -1.09435e+06	(delta): 71088.2
3 (QN/Block) 	Elapsed: 0.335	Loglikelihood: -1.0668e+06	(delta): 27548.9
4 (QN/Block) 	Elapsed: 0.334	Loglikelihood: -1.04856e+06	(delta): 18249.5
5 (QN/Block) 	Elapsed: 0.365	Loglikelihood: -1.04261e+06	(delta): 5946.5
6 (QN/Block) 	Elapsed: 0.331	Loglikelihood: -1.04087e+06	(delta): 1734.1
7 (QN/Block) 	Elapsed: 0.331	Loglikelihood: -1.04014e+06	(delta): 732.439
8 (QN/Block) 	Elapsed: 0.331	Loglikelihood: -1.03952e+06	(delta): 625.857
9 (QN/Block) 	Elapsed: 0.331	Loglikelihood: -1.03887e+06	(delta): 647.772
10 (QN/Block) 	Elapsed: 0.364	Loglikelihood: -1.03797e+06	(delta): 896.644
11 (QN/Block) 	Elapsed: 0.341	Loglikelihood: -1.03197e+06	(delta): 6001.15
12 (QN/Block) 	Elapsed: 0.33	Loglikelihood: -1.02708e+06	(delta): 4894.82
13 (QN/Block) 	Elapsed: 0.341	Loglikelihood: -1.02541e+06	(delta): 1668.73
14 (QN/Block) 	Elapsed: 0.329	Loglikelihood: -1.02467e+06	(delta): 734.11
15 (QN/Block) 	Elapsed: 0.341	Loglikelihood: -1.02428e+06	(delta): 397.485
16 (QN/Block) 	Elapsed: 0.329	Loglikelihood: -1.02416e+06	(delta): 116.496
17 (QN/Block) 	Elapsed: 0.363	Loglikelihood: -1.02412e+06	(delta): 34.335
18 (QN/Block) 	Elapsed: 0.33	Loglikelihood: -1.02411e+06	(delta): 14.7478
19 (QN/Block) 	Elapsed: 0.341	Loglikelihood: -1.02407e+06	(delta): 35.8308
20 (QN/Block) 	Elapsed: 0.362	Loglikelihood: -1.02406e+06	(delta): 15.3597
21 (QN/Block) 	Elapsed: 0.33	Loglikelihood: -1.02405e+06	(delta): 8.884
22 (QN/Block) 	Elapsed: 0.329	Loglikelihood: -1.02405e+06	(delta): 3.43112
23 (QN/Block) 	Elapsed: 0.33	Loglikelihood: -1.02405e+06	(delta): 1.65722
24 (QN/Block) 	Elapsed: 0.33	Loglikelihood: -1.02404e+06	(delta): 0.554593
25 (QN/Block) 	Elapsed: 0.33	Loglikelihood: -1.02404e+06	(delta): 0.137082
26 (QN/Block) 	Elapsed: 0.33	Loglikelihood: -1.02404e+06	(delta): 0.0314163
27 (QN/Block) 	Elapsed: 0.33	Loglikelihood: -1.02404e+06	(delta): 0.00569522
28 (QN/Block) 	Elapsed: 0.33	Loglikelihood: -1.02404e+06	(delta): 0.00100298
29 (QN/Block) 	Elapsed: 0.33	Loglikelihood: -1.02404e+06	(delta): 3.08868e-05
Summary: 
Converged in 29 iterations (10.732 sec)
Loglikelihood: -1024044.337381
Fst divergences between estimated populations: 
	Pop0	Pop1	Pop2	Pop3	Pop4	Pop5	Pop6	Pop7	
Pop0	
Pop1	0.183	
Pop2	0.365	0.512	
Pop3	0.426	0.569	0.535	
Pop4	0.259	0.414	0.236	0.436	
Pop5	0.298	0.450	0.276	0.470	0.135	
Pop6	0.368	0.511	0.481	0.151	0.381	0.419	
Pop7	0.101	0.141	0.446	0.503	0.348	0.383	0.444	
Pop8	0.380	0.518	0.496	0.434	0.398	0.432	0.373	0.454	
CV error (K=9): 0.37528
Writing output files.
