****                   ADMIXTURE Version 1.3.0                  ****
****                    Copyright 2008-2015                     ****
****           David Alexander, Suyash Shringarpure,            ****
****                John  Novembre, Ken Lange                   ****
****                                                            ****
****                 Please cite our paper!                     ****
****   Information at www.genetics.ucla.edu/software/admixture  ****

Cross-validation will be performed.  Folds=5.
Random seed: 9870
Point estimation method: Block relaxation algorithm
Convergence acceleration algorithm: QuasiNewton, 3 secant conditions
Point estimation will terminate when objective function delta < 0.0001
Estimation of standard errors disabled; will compute point estimates only.
Size of G: 260x6978
Performing five EM steps to prime main algorithm
1 (EM) 	Elapsed: 0.08	Loglikelihood: -1.81938e+06	(delta): 825163
2 (EM) 	Elapsed: 0.078	Loglikelihood: -1.76469e+06	(delta): 54692.8
3 (EM) 	Elapsed: 0.078	Loglikelihood: -1.74726e+06	(delta): 17433.6
4 (EM) 	Elapsed: 0.078	Loglikelihood: -1.73269e+06	(delta): 14566.3
5 (EM) 	Elapsed: 0.077	Loglikelihood: -1.71644e+06	(delta): 16254.3
Initial loglikelihood: -1.71644e+06
Starting main algorithm
1 (QN/Block) 	Elapsed: 0.168	Loglikelihood: -1.23107e+06	(delta): 485368
2 (QN/Block) 	Elapsed: 0.17	Loglikelihood: -1.13612e+06	(delta): 94943.8
3 (QN/Block) 	Elapsed: 0.188	Loglikelihood: -1.09777e+06	(delta): 38353.8
4 (QN/Block) 	Elapsed: 0.196	Loglikelihood: -1.07316e+06	(delta): 24607.9
5 (QN/Block) 	Elapsed: 0.204	Loglikelihood: -1.06391e+06	(delta): 9253.02
6 (QN/Block) 	Elapsed: 0.212	Loglikelihood: -1.06161e+06	(delta): 2301.17
7 (QN/Block) 	Elapsed: 0.186	Loglikelihood: -1.06081e+06	(delta): 797.654
8 (QN/Block) 	Elapsed: 0.195	Loglikelihood: -1.06052e+06	(delta): 285.662
9 (QN/Block) 	Elapsed: 0.203	Loglikelihood: -1.06043e+06	(delta): 96.9469
10 (QN/Block) 	Elapsed: 0.186	Loglikelihood: -1.06035e+06	(delta): 80.6893
11 (QN/Block) 	Elapsed: 0.194	Loglikelihood: -1.06031e+06	(delta): 37.8046
12 (QN/Block) 	Elapsed: 0.195	Loglikelihood: -1.0603e+06	(delta): 10.0861
13 (QN/Block) 	Elapsed: 0.194	Loglikelihood: -1.0603e+06	(delta): 0.675084
14 (QN/Block) 	Elapsed: 0.212	Loglikelihood: -1.0603e+06	(delta): 0.0153543
15 (QN/Block) 	Elapsed: 0.186	Loglikelihood: -1.0603e+06	(delta): 0.00158671
16 (QN/Block) 	Elapsed: 0.186	Loglikelihood: -1.0603e+06	(delta): 3.04859e-05
Summary: 
Converged in 16 iterations (3.69 sec)
Loglikelihood: -1060298.034065
Fst divergences between estimated populations: 
	Pop0	Pop1	Pop2	Pop3	Pop4	
Pop0	
Pop1	0.457	
Pop2	0.397	0.352	
Pop3	0.371	0.447	0.380	
Pop4	0.495	0.448	0.236	0.479	
Pop5	0.380	0.100	0.261	0.368	0.365	
CV error (K=6): 0.38195
Writing output files.
