****                   ADMIXTURE Version 1.3.0                  ****
****                    Copyright 2008-2015                     ****
****           David Alexander, Suyash Shringarpure,            ****
****                John  Novembre, Ken Lange                   ****
****                                                            ****
****                 Please cite our paper!                     ****
****   Information at www.genetics.ucla.edu/software/admixture  ****

Cross-validation will be performed.  Folds=5.
Random seed: 9870
Point estimation method: Block relaxation algorithm
Convergence acceleration algorithm: QuasiNewton, 3 secant conditions
Point estimation will terminate when objective function delta < 0.0001
Estimation of standard errors disabled; will compute point estimates only.
Size of G: 260x6978
Performing five EM steps to prime main algorithm
1 (EM) 	Elapsed: 0.042	Loglikelihood: -1.82474e+06	(delta): 1.00677e+06
2 (EM) 	Elapsed: 0.041	Loglikelihood: -1.77057e+06	(delta): 54172.3
3 (EM) 	Elapsed: 0.041	Loglikelihood: -1.75447e+06	(delta): 16095.3
4 (EM) 	Elapsed: 0.041	Loglikelihood: -1.74514e+06	(delta): 9330.51
5 (EM) 	Elapsed: 0.041	Loglikelihood: -1.73864e+06	(delta): 6502.66
Initial loglikelihood: -1.73864e+06
Starting main algorithm
1 (QN/Block) 	Elapsed: 0.073	Loglikelihood: -1.41972e+06	(delta): 318921
2 (QN/Block) 	Elapsed: 0.073	Loglikelihood: -1.33572e+06	(delta): 83997.5
3 (QN/Block) 	Elapsed: 0.088	Loglikelihood: -1.27898e+06	(delta): 56737.5
4 (QN/Block) 	Elapsed: 0.088	Loglikelihood: -1.25441e+06	(delta): 24575
5 (QN/Block) 	Elapsed: 0.103	Loglikelihood: -1.24766e+06	(delta): 6750.34
6 (QN/Block) 	Elapsed: 0.103	Loglikelihood: -1.24635e+06	(delta): 1302.91
7 (QN/Block) 	Elapsed: 0.096	Loglikelihood: -1.24581e+06	(delta): 541.686
8 (QN/Block) 	Elapsed: 0.11	Loglikelihood: -1.24567e+06	(delta): 142.522
9 (QN/Block) 	Elapsed: 0.103	Loglikelihood: -1.24566e+06	(delta): 9.52972
10 (QN/Block) 	Elapsed: 0.095	Loglikelihood: -1.24566e+06	(delta): 0.118766
11 (QN/Block) 	Elapsed: 0.102	Loglikelihood: -1.24566e+06	(delta): 0.0118929
12 (QN/Block) 	Elapsed: 0.088	Loglikelihood: -1.24566e+06	(delta): 0.00183218
13 (QN/Block) 	Elapsed: 0.088	Loglikelihood: -1.24566e+06	(delta): 2.81679e-06
Summary: 
Converged in 13 iterations (1.577 sec)
Loglikelihood: -1245658.822602
Fst divergences between estimated populations: 
	Pop0	Pop1	
Pop0	
Pop1	0.319	
Pop2	0.369	0.348	
CV error (K=3): 0.47186
Writing output files.
