****                   ADMIXTURE Version 1.3.0                  ****
****                    Copyright 2008-2015                     ****
****           David Alexander, Suyash Shringarpure,            ****
****                John  Novembre, Ken Lange                   ****
****                                                            ****
****                 Please cite our paper!                     ****
****   Information at www.genetics.ucla.edu/software/admixture  ****

Cross-validation will be performed.  Folds=5.
Random seed: 9870
Point estimation method: Block relaxation algorithm
Convergence acceleration algorithm: QuasiNewton, 3 secant conditions
Point estimation will terminate when objective function delta < 0.0001
Estimation of standard errors disabled; will compute point estimates only.
Size of G: 260x6978
Performing five EM steps to prime main algorithm
1 (EM) 	Elapsed: 0.143	Loglikelihood: -1.81149e+06	(delta): 759408
2 (EM) 	Elapsed: 0.144	Loglikelihood: -1.75818e+06	(delta): 53313.3
3 (EM) 	Elapsed: 0.143	Loglikelihood: -1.74468e+06	(delta): 13496.2
4 (EM) 	Elapsed: 0.137	Loglikelihood: -1.73359e+06	(delta): 11090.2
5 (EM) 	Elapsed: 0.133	Loglikelihood: -1.72061e+06	(delta): 12980.4
Initial loglikelihood: -1.72061e+06
Starting main algorithm
1 (QN/Block) 	Elapsed: 0.367	Loglikelihood: -1.1439e+06	(delta): 576718
2 (QN/Block) 	Elapsed: 0.37	Loglikelihood: -1.07885e+06	(delta): 65047.7
3 (QN/Block) 	Elapsed: 0.406	Loglikelihood: -1.05498e+06	(delta): 23867.3
4 (QN/Block) 	Elapsed: 0.393	Loglikelihood: -1.03881e+06	(delta): 16172.9
5 (QN/Block) 	Elapsed: 0.401	Loglikelihood: -1.02997e+06	(delta): 8835.77
6 (QN/Block) 	Elapsed: 0.4	Loglikelihood: -1.02503e+06	(delta): 4942.83
7 (QN/Block) 	Elapsed: 0.388	Loglikelihood: -1.02194e+06	(delta): 3086.22
8 (QN/Block) 	Elapsed: 0.387	Loglikelihood: -1.02084e+06	(delta): 1105.92
9 (QN/Block) 	Elapsed: 0.387	Loglikelihood: -1.02028e+06	(delta): 557.302
10 (QN/Block) 	Elapsed: 0.387	Loglikelihood: -1.01991e+06	(delta): 369.517
11 (QN/Block) 	Elapsed: 0.401	Loglikelihood: -1.01961e+06	(delta): 296.465
12 (QN/Block) 	Elapsed: 0.386	Loglikelihood: -1.01946e+06	(delta): 154.27
13 (QN/Block) 	Elapsed: 0.399	Loglikelihood: -1.01931e+06	(delta): 150.205
14 (QN/Block) 	Elapsed: 0.387	Loglikelihood: -1.01923e+06	(delta): 75.4909
15 (QN/Block) 	Elapsed: 0.398	Loglikelihood: -1.01918e+06	(delta): 53.1466
16 (QN/Block) 	Elapsed: 0.397	Loglikelihood: -1.01914e+06	(delta): 35.5731
17 (QN/Block) 	Elapsed: 0.387	Loglikelihood: -1.01913e+06	(delta): 13.4742
18 (QN/Block) 	Elapsed: 0.421	Loglikelihood: -1.01912e+06	(delta): 7.33416
19 (QN/Block) 	Elapsed: 0.421	Loglikelihood: -1.01912e+06	(delta): 6.60712
20 (QN/Block) 	Elapsed: 0.41	Loglikelihood: -1.01911e+06	(delta): 7.74325
21 (QN/Block) 	Elapsed: 0.423	Loglikelihood: -1.0191e+06	(delta): 5.20252
22 (QN/Block) 	Elapsed: 0.421	Loglikelihood: -1.0191e+06	(delta): 0.955963
23 (QN/Block) 	Elapsed: 0.387	Loglikelihood: -1.0191e+06	(delta): 0.797082
24 (QN/Block) 	Elapsed: 0.388	Loglikelihood: -1.0191e+06	(delta): 0.605653
25 (QN/Block) 	Elapsed: 0.423	Loglikelihood: -1.0191e+06	(delta): 0.579161
26 (QN/Block) 	Elapsed: 0.398	Loglikelihood: -1.0191e+06	(delta): 0.1102
27 (QN/Block) 	Elapsed: 0.387	Loglikelihood: -1.0191e+06	(delta): 0.217567
28 (QN/Block) 	Elapsed: 0.387	Loglikelihood: -1.0191e+06	(delta): 0.16727
29 (QN/Block) 	Elapsed: 0.388	Loglikelihood: -1.0191e+06	(delta): 0.320721
30 (QN/Block) 	Elapsed: 0.421	Loglikelihood: -1.0191e+06	(delta): 0.111606
31 (QN/Block) 	Elapsed: 0.421	Loglikelihood: -1.0191e+06	(delta): 0.129394
32 (QN/Block) 	Elapsed: 0.421	Loglikelihood: -1.0191e+06	(delta): 0.154985
33 (QN/Block) 	Elapsed: 0.421	Loglikelihood: -1.0191e+06	(delta): 0.0610217
34 (QN/Block) 	Elapsed: 0.422	Loglikelihood: -1.0191e+06	(delta): 0.0218963
35 (QN/Block) 	Elapsed: 0.42	Loglikelihood: -1.0191e+06	(delta): 0.0245345
36 (QN/Block) 	Elapsed: 0.422	Loglikelihood: -1.0191e+06	(delta): 0.0284463
37 (QN/Block) 	Elapsed: 0.421	Loglikelihood: -1.0191e+06	(delta): 0.0333238
38 (QN/Block) 	Elapsed: 0.421	Loglikelihood: -1.0191e+06	(delta): 0.0391067
39 (QN/Block) 	Elapsed: 0.422	Loglikelihood: -1.0191e+06	(delta): 0.0457858
40 (QN/Block) 	Elapsed: 0.42	Loglikelihood: -1.0191e+06	(delta): 0.0535232
41 (QN/Block) 	Elapsed: 0.422	Loglikelihood: -1.0191e+06	(delta): 0.0624481
42 (QN/Block) 	Elapsed: 0.422	Loglikelihood: -1.0191e+06	(delta): 0.0727695
43 (QN/Block) 	Elapsed: 0.42	Loglikelihood: -1.0191e+06	(delta): 0.0848132
44 (QN/Block) 	Elapsed: 0.421	Loglikelihood: -1.0191e+06	(delta): 0.0955034
45 (QN/Block) 	Elapsed: 0.422	Loglikelihood: -1.0191e+06	(delta): 0.0148905
46 (QN/Block) 	Elapsed: 0.387	Loglikelihood: -1.0191e+06	(delta): 0.0109939
47 (QN/Block) 	Elapsed: 0.386	Loglikelihood: -1.0191e+06	(delta): 0.0131982
48 (QN/Block) 	Elapsed: 0.408	Loglikelihood: -1.0191e+06	(delta): 0.0906912
49 (QN/Block) 	Elapsed: 0.387	Loglikelihood: -1.0191e+06	(delta): 0.0683767
50 (QN/Block) 	Elapsed: 0.387	Loglikelihood: -1.0191e+06	(delta): 0.0388202
51 (QN/Block) 	Elapsed: 0.387	Loglikelihood: -1.0191e+06	(delta): 0.0339086
52 (QN/Block) 	Elapsed: 0.386	Loglikelihood: -1.0191e+06	(delta): 0.0155225
53 (QN/Block) 	Elapsed: 0.41	Loglikelihood: -1.0191e+06	(delta): 0.0224191
54 (QN/Block) 	Elapsed: 0.398	Loglikelihood: -1.0191e+06	(delta): 0.0149221
55 (QN/Block) 	Elapsed: 0.387	Loglikelihood: -1.0191e+06	(delta): 0.0119455
56 (QN/Block) 	Elapsed: 0.422	Loglikelihood: -1.0191e+06	(delta): 0.0012412
57 (QN/Block) 	Elapsed: 0.387	Loglikelihood: -1.0191e+06	(delta): 0.000203497
58 (QN/Block) 	Elapsed: 0.386	Loglikelihood: -1.0191e+06	(delta): 2.81993e-05
Summary: 
Converged in 58 iterations (24.852 sec)
Loglikelihood: -1019099.059553
Fst divergences between estimated populations: 
	Pop0	Pop1	Pop2	Pop3	Pop4	Pop5	Pop6	Pop7	Pop8	
Pop0	
Pop1	0.397	
Pop2	0.350	0.136	
Pop3	0.141	0.463	0.418	
Pop4	0.444	0.428	0.383	0.510	
Pop5	0.461	0.451	0.406	0.526	0.380	
Pop6	0.101	0.311	0.261	0.183	0.368	0.385	
Pop7	0.446	0.293	0.241	0.512	0.480	0.502	0.365	
Pop8	0.383	0.195	0.136	0.451	0.417	0.438	0.298	0.277	
Pop9	0.459	0.450	0.406	0.521	0.376	0.046	0.385	0.501	0.438	
CV error (K=10): 0.38296
Writing output files.
