****                   ADMIXTURE Version 1.3.0                  ****
****                    Copyright 2008-2015                     ****
****           David Alexander, Suyash Shringarpure,            ****
****                John  Novembre, Ken Lange                   ****
****                                                            ****
****                 Please cite our paper!                     ****
****   Information at www.genetics.ucla.edu/software/admixture  ****

Cross-validation will be performed.  Folds=5.
Random seed: 32116
Point estimation method: Block relaxation algorithm
Convergence acceleration algorithm: QuasiNewton, 3 secant conditions
Point estimation will terminate when objective function delta < 0.0001
Estimation of standard errors disabled; will compute point estimates only.
Size of G: 260x6978
Performing five EM steps to prime main algorithm
1 (EM) 	Elapsed: 0.093	Loglikelihood: -1.81731e+06	(delta): 818260
2 (EM) 	Elapsed: 0.09	Loglikelihood: -1.76048e+06	(delta): 56825.8
3 (EM) 	Elapsed: 0.09	Loglikelihood: -1.74149e+06	(delta): 18990.6
4 (EM) 	Elapsed: 0.09	Loglikelihood: -1.72459e+06	(delta): 16900.6
5 (EM) 	Elapsed: 0.09	Loglikelihood: -1.70507e+06	(delta): 19520
Initial loglikelihood: -1.70507e+06
Starting main algorithm
1 (QN/Block) 	Elapsed: 0.209	Loglikelihood: -1.19915e+06	(delta): 505925
2 (QN/Block) 	Elapsed: 0.211	Loglikelihood: -1.11561e+06	(delta): 83533.9
3 (QN/Block) 	Elapsed: 0.23	Loglikelihood: -1.08626e+06	(delta): 29350.4
4 (QN/Block) 	Elapsed: 0.23	Loglikelihood: -1.06779e+06	(delta): 18475.4
5 (QN/Block) 	Elapsed: 0.229	Loglikelihood: -1.06194e+06	(delta): 5851.22
6 (QN/Block) 	Elapsed: 0.229	Loglikelihood: -1.06027e+06	(delta): 1666.84
7 (QN/Block) 	Elapsed: 0.239	Loglikelihood: -1.05787e+06	(delta): 2401.54
8 (QN/Block) 	Elapsed: 0.238	Loglikelihood: -1.05131e+06	(delta): 6556.79
9 (QN/Block) 	Elapsed: 0.228	Loglikelihood: -1.04901e+06	(delta): 2305.42
10 (QN/Block) 	Elapsed: 0.228	Loglikelihood: -1.04766e+06	(delta): 1342.1
11 (QN/Block) 	Elapsed: 0.228	Loglikelihood: -1.04698e+06	(delta): 679.309
12 (QN/Block) 	Elapsed: 0.238	Loglikelihood: -1.04666e+06	(delta): 323.767
13 (QN/Block) 	Elapsed: 0.247	Loglikelihood: -1.04655e+06	(delta): 109.032
14 (QN/Block) 	Elapsed: 0.228	Loglikelihood: -1.04647e+06	(delta): 77.1256
15 (QN/Block) 	Elapsed: 0.237	Loglikelihood: -1.0464e+06	(delta): 69.9672
16 (QN/Block) 	Elapsed: 0.237	Loglikelihood: -1.04638e+06	(delta): 23.4855
17 (QN/Block) 	Elapsed: 0.237	Loglikelihood: -1.04637e+06	(delta): 6.49161
18 (QN/Block) 	Elapsed: 0.228	Loglikelihood: -1.04637e+06	(delta): 1.65422
19 (QN/Block) 	Elapsed: 0.228	Loglikelihood: -1.04637e+06	(delta): 0.0952146
20 (QN/Block) 	Elapsed: 0.228	Loglikelihood: -1.04637e+06	(delta): 0.028386
21 (QN/Block) 	Elapsed: 0.227	Loglikelihood: -1.04637e+06	(delta): 0.0221372
22 (QN/Block) 	Elapsed: 0.227	Loglikelihood: -1.04637e+06	(delta): 0.00520124
23 (QN/Block) 	Elapsed: 0.228	Loglikelihood: -1.04637e+06	(delta): 0.000562316
24 (QN/Block) 	Elapsed: 0.228	Loglikelihood: -1.04637e+06	(delta): 1.7303e-05
Summary: 
Converged in 24 iterations (6.293 sec)
Loglikelihood: -1046372.477723
Fst divergences between estimated populations: 
	Pop0	Pop1	Pop2	Pop3	Pop4	Pop5	
Pop0	
Pop1	0.518	
Pop2	0.371	0.510	
Pop3	0.495	0.511	0.479	
Pop4	0.454	0.141	0.444	0.446	
Pop5	0.397	0.415	0.380	0.236	0.348	
Pop6	0.380	0.183	0.368	0.365	0.101	0.260	
CV error (K=7): 0.37776
Writing output files.
