****                   ADMIXTURE Version 1.3.0                  ****
****                    Copyright 2008-2015                     ****
****           David Alexander, Suyash Shringarpure,            ****
****                John  Novembre, Ken Lange                   ****
****                                                            ****
****                 Please cite our paper!                     ****
****   Information at www.genetics.ucla.edu/software/admixture  ****

Cross-validation will be performed.  Folds=5.
Random seed: 32116
Point estimation method: Block relaxation algorithm
Convergence acceleration algorithm: QuasiNewton, 3 secant conditions
Point estimation will terminate when objective function delta < 0.0001
Estimation of standard errors disabled; will compute point estimates only.
Size of G: 260x6978
Performing five EM steps to prime main algorithm
1 (EM) 	Elapsed: 0.07	Loglikelihood: -1.82334e+06	(delta): 879867
2 (EM) 	Elapsed: 0.066	Loglikelihood: -1.76612e+06	(delta): 57213.2
3 (EM) 	Elapsed: 0.066	Loglikelihood: -1.74616e+06	(delta): 19963.9
4 (EM) 	Elapsed: 0.066	Loglikelihood: -1.72939e+06	(delta): 16766.6
5 (EM) 	Elapsed: 0.066	Loglikelihood: -1.71081e+06	(delta): 18586.3
Initial loglikelihood: -1.71081e+06
Starting main algorithm
1 (QN/Block) 	Elapsed: 0.131	Loglikelihood: -1.21501e+06	(delta): 495801
2 (QN/Block) 	Elapsed: 0.131	Loglikelihood: -1.15908e+06	(delta): 55928.9
3 (QN/Block) 	Elapsed: 0.148	Loglikelihood: -1.13495e+06	(delta): 24129.1
4 (QN/Block) 	Elapsed: 0.148	Loglikelihood: -1.12125e+06	(delta): 13698.9
5 (QN/Block) 	Elapsed: 0.156	Loglikelihood: -1.11794e+06	(delta): 3309.12
6 (QN/Block) 	Elapsed: 0.165	Loglikelihood: -1.11716e+06	(delta): 778.916
7 (QN/Block) 	Elapsed: 0.156	Loglikelihood: -1.11617e+06	(delta): 992.338
8 (QN/Block) 	Elapsed: 0.156	Loglikelihood: -1.11433e+06	(delta): 1843.27
9 (QN/Block) 	Elapsed: 0.156	Loglikelihood: -1.11338e+06	(delta): 945.737
10 (QN/Block) 	Elapsed: 0.147	Loglikelihood: -1.11324e+06	(delta): 135.648
11 (QN/Block) 	Elapsed: 0.148	Loglikelihood: -1.11323e+06	(delta): 18.9675
12 (QN/Block) 	Elapsed: 0.148	Loglikelihood: -1.11317e+06	(delta): 57.821
13 (QN/Block) 	Elapsed: 0.156	Loglikelihood: -1.11281e+06	(delta): 353.664
14 (QN/Block) 	Elapsed: 0.164	Loglikelihood: -1.11011e+06	(delta): 2705.15
15 (QN/Block) 	Elapsed: 0.173	Loglikelihood: -1.08983e+06	(delta): 20279
16 (QN/Block) 	Elapsed: 0.172	Loglikelihood: -1.08381e+06	(delta): 6023.78
17 (QN/Block) 	Elapsed: 0.156	Loglikelihood: -1.08045e+06	(delta): 3356.88
18 (QN/Block) 	Elapsed: 0.156	Loglikelihood: -1.07944e+06	(delta): 1011.77
19 (QN/Block) 	Elapsed: 0.156	Loglikelihood: -1.07922e+06	(delta): 215.255
20 (QN/Block) 	Elapsed: 0.148	Loglikelihood: -1.07919e+06	(delta): 31.5613
21 (QN/Block) 	Elapsed: 0.172	Loglikelihood: -1.07918e+06	(delta): 6.30948
22 (QN/Block) 	Elapsed: 0.148	Loglikelihood: -1.07918e+06	(delta): 0.202822
23 (QN/Block) 	Elapsed: 0.156	Loglikelihood: -1.07918e+06	(delta): 0.0145093
24 (QN/Block) 	Elapsed: 0.156	Loglikelihood: -1.07918e+06	(delta): 0.000798799
25 (QN/Block) 	Elapsed: 0.147	Loglikelihood: -1.07918e+06	(delta): 7.91824e-05
Summary: 
Converged in 25 iterations (4.476 sec)
Loglikelihood: -1079184.178520
Fst divergences between estimated populations: 
	Pop0	Pop1	Pop2	Pop3	
Pop0	
Pop1	0.342	
Pop2	0.440	0.377	
Pop3	0.450	0.394	0.371	
Pop4	0.442	0.233	0.479	0.495	
CV error (K=5): 0.38618
Writing output files.
