****                   ADMIXTURE Version 1.3.0                  ****
****                    Copyright 2008-2015                     ****
****           David Alexander, Suyash Shringarpure,            ****
****                John  Novembre, Ken Lange                   ****
****                                                            ****
****                 Please cite our paper!                     ****
****   Information at www.genetics.ucla.edu/software/admixture  ****

Cross-validation will be performed.  Folds=5.
Random seed: 32116
Point estimation method: Block relaxation algorithm
Convergence acceleration algorithm: QuasiNewton, 3 secant conditions
Point estimation will terminate when objective function delta < 0.0001
Estimation of standard errors disabled; will compute point estimates only.
Size of G: 260x6978
Performing five EM steps to prime main algorithm
1 (EM) 	Elapsed: 0.119	Loglikelihood: -1.81378e+06	(delta): 781145
2 (EM) 	Elapsed: 0.118	Loglikelihood: -1.76054e+06	(delta): 53241.3
3 (EM) 	Elapsed: 0.118	Loglikelihood: -1.74638e+06	(delta): 14157
4 (EM) 	Elapsed: 0.118	Loglikelihood: -1.73511e+06	(delta): 11264.3
5 (EM) 	Elapsed: 0.118	Loglikelihood: -1.72286e+06	(delta): 12250.9
Initial loglikelihood: -1.72286e+06
Starting main algorithm
1 (QN/Block) 	Elapsed: 0.312	Loglikelihood: -1.1755e+06	(delta): 547368
2 (QN/Block) 	Elapsed: 0.32	Loglikelihood: -1.0979e+06	(delta): 77598.2
3 (QN/Block) 	Elapsed: 0.337	Loglikelihood: -1.06522e+06	(delta): 32675.2
4 (QN/Block) 	Elapsed: 0.344	Loglikelihood: -1.03793e+06	(delta): 27287.3
5 (QN/Block) 	Elapsed: 0.331	Loglikelihood: -1.02962e+06	(delta): 8309.61
6 (QN/Block) 	Elapsed: 0.33	Loglikelihood: -1.02723e+06	(delta): 2394.34
7 (QN/Block) 	Elapsed: 0.331	Loglikelihood: -1.02652e+06	(delta): 708.849
8 (QN/Block) 	Elapsed: 0.33	Loglikelihood: -1.0261e+06	(delta): 418.51
9 (QN/Block) 	Elapsed: 0.33	Loglikelihood: -1.02588e+06	(delta): 224.542
10 (QN/Block) 	Elapsed: 0.329	Loglikelihood: -1.02573e+06	(delta): 153.612
11 (QN/Block) 	Elapsed: 0.341	Loglikelihood: -1.02565e+06	(delta): 73.9534
12 (QN/Block) 	Elapsed: 0.33	Loglikelihood: -1.02561e+06	(delta): 40.4757
13 (QN/Block) 	Elapsed: 0.352	Loglikelihood: -1.02558e+06	(delta): 28.198
14 (QN/Block) 	Elapsed: 0.341	Loglikelihood: -1.02556e+06	(delta): 18.9396
15 (QN/Block) 	Elapsed: 0.351	Loglikelihood: -1.02555e+06	(delta): 10.3592
16 (QN/Block) 	Elapsed: 0.352	Loglikelihood: -1.02555e+06	(delta): 4.9635
17 (QN/Block) 	Elapsed: 0.364	Loglikelihood: -1.02554e+06	(delta): 3.96014
18 (QN/Block) 	Elapsed: 0.352	Loglikelihood: -1.02554e+06	(delta): 2.89036
19 (QN/Block) 	Elapsed: 0.351	Loglikelihood: -1.02554e+06	(delta): 1.33941
20 (QN/Block) 	Elapsed: 0.351	Loglikelihood: -1.02554e+06	(delta): 1.43671
21 (QN/Block) 	Elapsed: 0.329	Loglikelihood: -1.02554e+06	(delta): 3.20375
22 (QN/Block) 	Elapsed: 0.352	Loglikelihood: -1.02553e+06	(delta): 4.15732
23 (QN/Block) 	Elapsed: 0.362	Loglikelihood: -1.02553e+06	(delta): 5.58351
24 (QN/Block) 	Elapsed: 0.363	Loglikelihood: -1.02552e+06	(delta): 2.21763
25 (QN/Block) 	Elapsed: 0.363	Loglikelihood: -1.02552e+06	(delta): 2.71436
26 (QN/Block) 	Elapsed: 0.362	Loglikelihood: -1.02552e+06	(delta): 3.2046
27 (QN/Block) 	Elapsed: 0.362	Loglikelihood: -1.02551e+06	(delta): 4.66682
28 (QN/Block) 	Elapsed: 0.362	Loglikelihood: -1.02551e+06	(delta): 2.74977
29 (QN/Block) 	Elapsed: 0.339	Loglikelihood: -1.02551e+06	(delta): 1.7706
30 (QN/Block) 	Elapsed: 0.33	Loglikelihood: -1.02551e+06	(delta): 1.52441
31 (QN/Block) 	Elapsed: 0.363	Loglikelihood: -1.0255e+06	(delta): 3.61003
32 (QN/Block) 	Elapsed: 0.341	Loglikelihood: -1.0255e+06	(delta): 2.08544
33 (QN/Block) 	Elapsed: 0.362	Loglikelihood: -1.0255e+06	(delta): 0.884784
34 (QN/Block) 	Elapsed: 0.34	Loglikelihood: -1.0255e+06	(delta): 0.142884
35 (QN/Block) 	Elapsed: 0.329	Loglikelihood: -1.0255e+06	(delta): 0.218569
36 (QN/Block) 	Elapsed: 0.329	Loglikelihood: -1.0255e+06	(delta): 0.29902
37 (QN/Block) 	Elapsed: 0.329	Loglikelihood: -1.0255e+06	(delta): 0.190061
38 (QN/Block) 	Elapsed: 0.34	Loglikelihood: -1.0255e+06	(delta): 0.0699532
39 (QN/Block) 	Elapsed: 0.34	Loglikelihood: -1.0255e+06	(delta): 0.0389776
40 (QN/Block) 	Elapsed: 0.364	Loglikelihood: -1.0255e+06	(delta): 0.0389088
41 (QN/Block) 	Elapsed: 0.363	Loglikelihood: -1.0255e+06	(delta): 0.0252033
42 (QN/Block) 	Elapsed: 0.362	Loglikelihood: -1.0255e+06	(delta): 0.0189594
43 (QN/Block) 	Elapsed: 0.329	Loglikelihood: -1.0255e+06	(delta): 0.000579458
44 (QN/Block) 	Elapsed: 0.329	Loglikelihood: -1.0255e+06	(delta): 0.00018427
45 (QN/Block) 	Elapsed: 0.33	Loglikelihood: -1.0255e+06	(delta): 3.67733e-06
Summary: 
Converged in 45 iterations (16.662 sec)
Loglikelihood: -1025499.156224
Fst divergences between estimated populations: 
	Pop0	Pop1	Pop2	Pop3	Pop4	Pop5	Pop6	Pop7	
Pop0	
Pop1	0.402	
Pop2	0.259	0.385	
Pop3	0.135	0.436	0.297	
Pop4	0.236	0.500	0.365	0.276	
Pop5	0.348	0.459	0.101	0.383	0.446	
Pop6	0.404	0.041	0.385	0.437	0.502	0.460	
Pop7	0.414	0.520	0.183	0.450	0.512	0.141	0.526	
Pop8	0.380	0.375	0.368	0.417	0.480	0.444	0.379	0.510	
CV error (K=9): 0.37641
Writing output files.
