****                   ADMIXTURE Version 1.3.0                  ****
****                    Copyright 2008-2015                     ****
****           David Alexander, Suyash Shringarpure,            ****
****                John  Novembre, Ken Lange                   ****
****                                                            ****
****                 Please cite our paper!                     ****
****   Information at www.genetics.ucla.edu/software/admixture  ****

Cross-validation will be performed.  Folds=5.
Random seed: 32116
Point estimation method: Block relaxation algorithm
Convergence acceleration algorithm: QuasiNewton, 3 secant conditions
Point estimation will terminate when objective function delta < 0.0001
Estimation of standard errors disabled; will compute point estimates only.
Size of G: 260x6978
Performing five EM steps to prime main algorithm
1 (EM) 	Elapsed: 0.08	Loglikelihood: -1.82196e+06	(delta): 839759
2 (EM) 	Elapsed: 0.078	Loglikelihood: -1.76774e+06	(delta): 54212.6
3 (EM) 	Elapsed: 0.078	Loglikelihood: -1.75183e+06	(delta): 15917.8
4 (EM) 	Elapsed: 0.078	Loglikelihood: -1.73985e+06	(delta): 11979.4
5 (EM) 	Elapsed: 0.078	Loglikelihood: -1.72794e+06	(delta): 11911.5
Initial loglikelihood: -1.72794e+06
Starting main algorithm
1 (QN/Block) 	Elapsed: 0.17	Loglikelihood: -1.2319e+06	(delta): 496032
2 (QN/Block) 	Elapsed: 0.171	Loglikelihood: -1.14384e+06	(delta): 88064
3 (QN/Block) 	Elapsed: 0.19	Loglikelihood: -1.09648e+06	(delta): 47363.1
4 (QN/Block) 	Elapsed: 0.187	Loglikelihood: -1.07231e+06	(delta): 24166.6
5 (QN/Block) 	Elapsed: 0.187	Loglikelihood: -1.06489e+06	(delta): 7416
6 (QN/Block) 	Elapsed: 0.187	Loglikelihood: -1.06291e+06	(delta): 1989.47
7 (QN/Block) 	Elapsed: 0.195	Loglikelihood: -1.06126e+06	(delta): 1641.96
8 (QN/Block) 	Elapsed: 0.213	Loglikelihood: -1.06045e+06	(delta): 814.345
9 (QN/Block) 	Elapsed: 0.195	Loglikelihood: -1.06032e+06	(delta): 129.668
10 (QN/Block) 	Elapsed: 0.194	Loglikelihood: -1.0603e+06	(delta): 20.4298
11 (QN/Block) 	Elapsed: 0.213	Loglikelihood: -1.0603e+06	(delta): 0.900636
12 (QN/Block) 	Elapsed: 0.186	Loglikelihood: -1.0603e+06	(delta): 0.0072303
13 (QN/Block) 	Elapsed: 0.186	Loglikelihood: -1.0603e+06	(delta): 0.000469037
14 (QN/Block) 	Elapsed: 0.186	Loglikelihood: -1.0603e+06	(delta): 0.000217974
15 (QN/Block) 	Elapsed: 0.186	Loglikelihood: -1.0603e+06	(delta): 5.2317e-06
Summary: 
Converged in 15 iterations (3.452 sec)
Loglikelihood: -1060297.967582
Fst divergences between estimated populations: 
	Pop0	Pop1	Pop2	Pop3	Pop4	
Pop0	
Pop1	0.479	
Pop2	0.365	0.368	
Pop3	0.495	0.371	0.380	
Pop4	0.236	0.380	0.261	0.397	
Pop5	0.448	0.447	0.100	0.457	0.352	
CV error (K=6): 0.38213
Writing output files.
