****                   ADMIXTURE Version 1.3.0                  ****
****                    Copyright 2008-2015                     ****
****           David Alexander, Suyash Shringarpure,            ****
****                John  Novembre, Ken Lange                   ****
****                                                            ****
****                 Please cite our paper!                     ****
****   Information at www.genetics.ucla.edu/software/admixture  ****

Cross-validation will be performed.  Folds=5.
Random seed: 32116
Point estimation method: Block relaxation algorithm
Convergence acceleration algorithm: QuasiNewton, 3 secant conditions
Point estimation will terminate when objective function delta < 0.0001
Estimation of standard errors disabled; will compute point estimates only.
Size of G: 260x6978
Performing five EM steps to prime main algorithm
1 (EM) 	Elapsed: 0.053	Loglikelihood: -1.82409e+06	(delta): 930651
2 (EM) 	Elapsed: 0.053	Loglikelihood: -1.76884e+06	(delta): 55248.8
3 (EM) 	Elapsed: 0.053	Loglikelihood: -1.75096e+06	(delta): 17882
4 (EM) 	Elapsed: 0.053	Loglikelihood: -1.73826e+06	(delta): 12695.9
5 (EM) 	Elapsed: 0.053	Loglikelihood: -1.72647e+06	(delta): 11786.6
Initial loglikelihood: -1.72647e+06
Starting main algorithm
1 (QN/Block) 	Elapsed: 0.104	Loglikelihood: -1.3233e+06	(delta): 403170
2 (QN/Block) 	Elapsed: 0.106	Loglikelihood: -1.2733e+06	(delta): 50001.3
3 (QN/Block) 	Elapsed: 0.122	Loglikelihood: -1.24502e+06	(delta): 28284.8
4 (QN/Block) 	Elapsed: 0.121	Loglikelihood: -1.23111e+06	(delta): 13908.7
5 (QN/Block) 	Elapsed: 0.125	Loglikelihood: -1.22375e+06	(delta): 7356.54
6 (QN/Block) 	Elapsed: 0.133	Loglikelihood: -1.20868e+06	(delta): 15073.8
7 (QN/Block) 	Elapsed: 0.133	Loglikelihood: -1.19759e+06	(delta): 11088.7
8 (QN/Block) 	Elapsed: 0.141	Loglikelihood: -1.19418e+06	(delta): 3405.96
9 (QN/Block) 	Elapsed: 0.125	Loglikelihood: -1.19225e+06	(delta): 1934.37
10 (QN/Block) 	Elapsed: 0.133	Loglikelihood: -1.19195e+06	(delta): 299.733
11 (QN/Block) 	Elapsed: 0.133	Loglikelihood: -1.19187e+06	(delta): 78.7285
12 (QN/Block) 	Elapsed: 0.133	Loglikelihood: -1.19186e+06	(delta): 11.9613
13 (QN/Block) 	Elapsed: 0.125	Loglikelihood: -1.19186e+06	(delta): 1.95079
14 (QN/Block) 	Elapsed: 0.117	Loglikelihood: -1.19186e+06	(delta): 0.312793
15 (QN/Block) 	Elapsed: 0.117	Loglikelihood: -1.19186e+06	(delta): 0.0224097
16 (QN/Block) 	Elapsed: 0.117	Loglikelihood: -1.19186e+06	(delta): 0.00159782
17 (QN/Block) 	Elapsed: 0.117	Loglikelihood: -1.19186e+06	(delta): 7.38252e-05
Summary: 
Converged in 17 iterations (2.573 sec)
Loglikelihood: -1191855.957436
Fst divergences between estimated populations: 
	Pop0	Pop1	Pop2	
Pop0	
Pop1	0.342	
Pop2	0.233	0.442	
Pop3	0.311	0.370	0.413	
CV error (K=4): 0.44588
Writing output files.
