****                   ADMIXTURE Version 1.3.0                  ****
****                    Copyright 2008-2015                     ****
****           David Alexander, Suyash Shringarpure,            ****
****                John  Novembre, Ken Lange                   ****
****                                                            ****
****                 Please cite our paper!                     ****
****   Information at www.genetics.ucla.edu/software/admixture  ****

Cross-validation will be performed.  Folds=5.
Random seed: 32116
Point estimation method: Block relaxation algorithm
Convergence acceleration algorithm: QuasiNewton, 3 secant conditions
Point estimation will terminate when objective function delta < 0.0001
Estimation of standard errors disabled; will compute point estimates only.
Size of G: 260x6978
Performing five EM steps to prime main algorithm
1 (EM) 	Elapsed: 0.042	Loglikelihood: -1.82427e+06	(delta): 1.0335e+06
2 (EM) 	Elapsed: 0.041	Loglikelihood: -1.76818e+06	(delta): 56087.1
3 (EM) 	Elapsed: 0.041	Loglikelihood: -1.74956e+06	(delta): 18624.6
4 (EM) 	Elapsed: 0.041	Loglikelihood: -1.73762e+06	(delta): 11938.9
5 (EM) 	Elapsed: 0.041	Loglikelihood: -1.72743e+06	(delta): 10185.3
Initial loglikelihood: -1.72743e+06
Starting main algorithm
1 (QN/Block) 	Elapsed: 0.074	Loglikelihood: -1.37712e+06	(delta): 350311
2 (QN/Block) 	Elapsed: 0.073	Loglikelihood: -1.31352e+06	(delta): 63607.5
3 (QN/Block) 	Elapsed: 0.088	Loglikelihood: -1.26842e+06	(delta): 45094.4
4 (QN/Block) 	Elapsed: 0.095	Loglikelihood: -1.24885e+06	(delta): 19574.4
5 (QN/Block) 	Elapsed: 0.096	Loglikelihood: -1.2462e+06	(delta): 2644.01
6 (QN/Block) 	Elapsed: 0.088	Loglikelihood: -1.24572e+06	(delta): 481.734
7 (QN/Block) 	Elapsed: 0.096	Loglikelihood: -1.24566e+06	(delta): 59.3772
8 (QN/Block) 	Elapsed: 0.11	Loglikelihood: -1.24566e+06	(delta): 3.72252
9 (QN/Block) 	Elapsed: 0.088	Loglikelihood: -1.24566e+06	(delta): 0.0893235
10 (QN/Block) 	Elapsed: 0.088	Loglikelihood: -1.24566e+06	(delta): 0.00191738
11 (QN/Block) 	Elapsed: 0.088	Loglikelihood: -1.24566e+06	(delta): 0.000266467
12 (QN/Block) 	Elapsed: 0.088	Loglikelihood: -1.24566e+06	(delta): 3.68315e-06
Summary: 
Converged in 12 iterations (1.433 sec)
Loglikelihood: -1245658.833667
Fst divergences between estimated populations: 
	Pop0	Pop1	
Pop0	
Pop1	0.319	
Pop2	0.369	0.348	
CV error (K=3): 0.47218
Writing output files.
