****                   ADMIXTURE Version 1.3.0                  ****
****                    Copyright 2008-2015                     ****
****           David Alexander, Suyash Shringarpure,            ****
****                John  Novembre, Ken Lange                   ****
****                                                            ****
****                 Please cite our paper!                     ****
****   Information at www.genetics.ucla.edu/software/admixture  ****

Cross-validation will be performed.  Folds=5.
Random seed: 32116
Point estimation method: Block relaxation algorithm
Convergence acceleration algorithm: QuasiNewton, 3 secant conditions
Point estimation will terminate when objective function delta < 0.0001
Estimation of standard errors disabled; will compute point estimates only.
Size of G: 260x6978
Performing five EM steps to prime main algorithm
1 (EM) 	Elapsed: 0.137	Loglikelihood: -1.80934e+06	(delta): 775469
2 (EM) 	Elapsed: 0.135	Loglikelihood: -1.75399e+06	(delta): 55350.9
3 (EM) 	Elapsed: 0.134	Loglikelihood: -1.73712e+06	(delta): 16864.1
4 (EM) 	Elapsed: 0.132	Loglikelihood: -1.72094e+06	(delta): 16177.8
5 (EM) 	Elapsed: 0.135	Loglikelihood: -1.70063e+06	(delta): 20318.2
Initial loglikelihood: -1.70063e+06
Starting main algorithm
1 (QN/Block) 	Elapsed: 0.367	Loglikelihood: -1.15828e+06	(delta): 542349
2 (QN/Block) 	Elapsed: 0.37	Loglikelihood: -1.08472e+06	(delta): 73552.9
3 (QN/Block) 	Elapsed: 0.393	Loglikelihood: -1.05926e+06	(delta): 25460
4 (QN/Block) 	Elapsed: 0.393	Loglikelihood: -1.04037e+06	(delta): 18891.2
5 (QN/Block) 	Elapsed: 0.402	Loglikelihood: -1.02975e+06	(delta): 10619.6
6 (QN/Block) 	Elapsed: 0.41	Loglikelihood: -1.02416e+06	(delta): 5591.52
7 (QN/Block) 	Elapsed: 0.399	Loglikelihood: -1.0227e+06	(delta): 1459.3
8 (QN/Block) 	Elapsed: 0.399	Loglikelihood: -1.02199e+06	(delta): 713.851
9 (QN/Block) 	Elapsed: 0.399	Loglikelihood: -1.02172e+06	(delta): 271.584
10 (QN/Block) 	Elapsed: 0.387	Loglikelihood: -1.02151e+06	(delta): 204.261
11 (QN/Block) 	Elapsed: 0.399	Loglikelihood: -1.02133e+06	(delta): 185.667
12 (QN/Block) 	Elapsed: 0.399	Loglikelihood: -1.02123e+06	(delta): 95.8952
13 (QN/Block) 	Elapsed: 0.411	Loglikelihood: -1.02118e+06	(delta): 50.3036
14 (QN/Block) 	Elapsed: 0.387	Loglikelihood: -1.02116e+06	(delta): 22.7538
15 (QN/Block) 	Elapsed: 0.387	Loglikelihood: -1.02113e+06	(delta): 23.8915
16 (QN/Block) 	Elapsed: 0.387	Loglikelihood: -1.0211e+06	(delta): 38.6692
17 (QN/Block) 	Elapsed: 0.4	Loglikelihood: -1.02108e+06	(delta): 17.0875
18 (QN/Block) 	Elapsed: 0.388	Loglikelihood: -1.02107e+06	(delta): 10.6458
19 (QN/Block) 	Elapsed: 0.388	Loglikelihood: -1.02106e+06	(delta): 7.86943
20 (QN/Block) 	Elapsed: 0.388	Loglikelihood: -1.02106e+06	(delta): 3.65374
21 (QN/Block) 	Elapsed: 0.387	Loglikelihood: -1.02106e+06	(delta): 1.44689
22 (QN/Block) 	Elapsed: 0.388	Loglikelihood: -1.02105e+06	(delta): 0.602691
23 (QN/Block) 	Elapsed: 0.387	Loglikelihood: -1.02105e+06	(delta): 0.391347
24 (QN/Block) 	Elapsed: 0.399	Loglikelihood: -1.02105e+06	(delta): 0.910297
25 (QN/Block) 	Elapsed: 0.422	Loglikelihood: -1.02105e+06	(delta): 0.771103
26 (QN/Block) 	Elapsed: 0.421	Loglikelihood: -1.02105e+06	(delta): 0.921437
27 (QN/Block) 	Elapsed: 0.387	Loglikelihood: -1.02105e+06	(delta): 0.50621
28 (QN/Block) 	Elapsed: 0.421	Loglikelihood: -1.02105e+06	(delta): 0.116157
29 (QN/Block) 	Elapsed: 0.421	Loglikelihood: -1.02105e+06	(delta): 0.13131
30 (QN/Block) 	Elapsed: 0.424	Loglikelihood: -1.02105e+06	(delta): 0.156323
31 (QN/Block) 	Elapsed: 0.421	Loglikelihood: -1.02105e+06	(delta): 0.184755
32 (QN/Block) 	Elapsed: 0.422	Loglikelihood: -1.02105e+06	(delta): 0.0870277
33 (QN/Block) 	Elapsed: 0.399	Loglikelihood: -1.02105e+06	(delta): 0.197838
34 (QN/Block) 	Elapsed: 0.422	Loglikelihood: -1.02105e+06	(delta): 0.491634
35 (QN/Block) 	Elapsed: 0.423	Loglikelihood: -1.02105e+06	(delta): 0.18685
36 (QN/Block) 	Elapsed: 0.423	Loglikelihood: -1.02105e+06	(delta): 0.149393
37 (QN/Block) 	Elapsed: 0.421	Loglikelihood: -1.02105e+06	(delta): 0.19967
38 (QN/Block) 	Elapsed: 0.423	Loglikelihood: -1.02105e+06	(delta): 0.0516392
39 (QN/Block) 	Elapsed: 0.421	Loglikelihood: -1.02105e+06	(delta): 0.023962
40 (QN/Block) 	Elapsed: 0.422	Loglikelihood: -1.02105e+06	(delta): 0.0279816
41 (QN/Block) 	Elapsed: 0.42	Loglikelihood: -1.02105e+06	(delta): 0.0329343
42 (QN/Block) 	Elapsed: 0.423	Loglikelihood: -1.02105e+06	(delta): 0.0387709
43 (QN/Block) 	Elapsed: 0.421	Loglikelihood: -1.02105e+06	(delta): 0.0455396
44 (QN/Block) 	Elapsed: 0.421	Loglikelihood: -1.02105e+06	(delta): 0.0533495
45 (QN/Block) 	Elapsed: 0.423	Loglikelihood: -1.02105e+06	(delta): 0.0623317
46 (QN/Block) 	Elapsed: 0.421	Loglikelihood: -1.02105e+06	(delta): 0.0726903
47 (QN/Block) 	Elapsed: 0.422	Loglikelihood: -1.02105e+06	(delta): 0.0848101
48 (QN/Block) 	Elapsed: 0.423	Loglikelihood: -1.02105e+06	(delta): 0.0993672
49 (QN/Block) 	Elapsed: 0.421	Loglikelihood: -1.02105e+06	(delta): 0.0484931
50 (QN/Block) 	Elapsed: 0.398	Loglikelihood: -1.02105e+06	(delta): 0.00524488
51 (QN/Block) 	Elapsed: 0.388	Loglikelihood: -1.02105e+06	(delta): 0.0122766
52 (QN/Block) 	Elapsed: 0.4	Loglikelihood: -1.02105e+06	(delta): 0.0229815
53 (QN/Block) 	Elapsed: 0.387	Loglikelihood: -1.02105e+06	(delta): 0.0591056
54 (QN/Block) 	Elapsed: 0.422	Loglikelihood: -1.02105e+06	(delta): 0.0801826
55 (QN/Block) 	Elapsed: 0.388	Loglikelihood: -1.02105e+06	(delta): 0.0467208
56 (QN/Block) 	Elapsed: 0.388	Loglikelihood: -1.02105e+06	(delta): 0.0372132
57 (QN/Block) 	Elapsed: 0.387	Loglikelihood: -1.02105e+06	(delta): 0.0579937
58 (QN/Block) 	Elapsed: 0.399	Loglikelihood: -1.02105e+06	(delta): 0.0171834
59 (QN/Block) 	Elapsed: 0.421	Loglikelihood: -1.02105e+06	(delta): 0.0212451
60 (QN/Block) 	Elapsed: 0.388	Loglikelihood: -1.02105e+06	(delta): 0.00470798
61 (QN/Block) 	Elapsed: 0.399	Loglikelihood: -1.02105e+06	(delta): 0.000166521
62 (QN/Block) 	Elapsed: 0.387	Loglikelihood: -1.02105e+06	(delta): 1.48115e-05
Summary: 
Converged in 62 iterations (26.561 sec)
Loglikelihood: -1021048.214622
Fst divergences between estimated populations: 
	Pop0	Pop1	Pop2	Pop3	Pop4	Pop5	Pop6	Pop7	Pop8	
Pop0	
Pop1	0.502	
Pop2	0.526	0.512	
Pop3	0.437	0.276	0.450	
Pop4	0.445	0.535	0.569	0.470	
Pop5	0.381	0.481	0.511	0.419	0.151	
Pop6	0.385	0.365	0.183	0.298	0.426	0.368	
Pop7	0.404	0.236	0.414	0.135	0.436	0.381	0.259	
Pop8	0.046	0.501	0.521	0.437	0.437	0.379	0.385	0.403	
Pop9	0.461	0.446	0.141	0.383	0.503	0.444	0.101	0.348	0.459	
CV error (K=10): 0.37999
Writing output files.
