****                   ADMIXTURE Version 1.3.0                  ****
****                    Copyright 2008-2015                     ****
****           David Alexander, Suyash Shringarpure,            ****
****                John  Novembre, Ken Lange                   ****
****                                                            ****
****                 Please cite our paper!                     ****
****   Information at www.genetics.ucla.edu/software/admixture  ****

Cross-validation will be performed.  Folds=5.
Random seed: 32116
Point estimation method: Block relaxation algorithm
Convergence acceleration algorithm: QuasiNewton, 3 secant conditions
Point estimation will terminate when objective function delta < 0.0001
Estimation of standard errors disabled; will compute point estimates only.
Size of G: 260x6978
Performing five EM steps to prime main algorithm
1 (EM) 	Elapsed: 0.104	Loglikelihood: -1.81685e+06	(delta): 796141
2 (EM) 	Elapsed: 0.103	Loglikelihood: -1.76223e+06	(delta): 54619.1
3 (EM) 	Elapsed: 0.103	Loglikelihood: -1.74573e+06	(delta): 16494.8
4 (EM) 	Elapsed: 0.103	Loglikelihood: -1.73148e+06	(delta): 14249.8
5 (EM) 	Elapsed: 0.103	Loglikelihood: -1.7151e+06	(delta): 16385.9
Initial loglikelihood: -1.7151e+06
Starting main algorithm
1 (QN/Block) 	Elapsed: 0.257	Loglikelihood: -1.20131e+06	(delta): 513788
2 (QN/Block) 	Elapsed: 0.26	Loglikelihood: -1.10142e+06	(delta): 99889.8
3 (QN/Block) 	Elapsed: 0.281	Loglikelihood: -1.0755e+06	(delta): 25919.4
4 (QN/Block) 	Elapsed: 0.279	Loglikelihood: -1.05909e+06	(delta): 16408.1
5 (QN/Block) 	Elapsed: 0.279	Loglikelihood: -1.05119e+06	(delta): 7904.22
6 (QN/Block) 	Elapsed: 0.288	Loglikelihood: -1.0461e+06	(delta): 5090.57
7 (QN/Block) 	Elapsed: 0.277	Loglikelihood: -1.04334e+06	(delta): 2760.6
8 (QN/Block) 	Elapsed: 0.288	Loglikelihood: -1.03835e+06	(delta): 4984.23
9 (QN/Block) 	Elapsed: 0.307	Loglikelihood: -1.03201e+06	(delta): 6340.01
10 (QN/Block) 	Elapsed: 0.287	Loglikelihood: -1.02994e+06	(delta): 2077.17
11 (QN/Block) 	Elapsed: 0.286	Loglikelihood: -1.02901e+06	(delta): 930.46
12 (QN/Block) 	Elapsed: 0.286	Loglikelihood: -1.02864e+06	(delta): 362.387
13 (QN/Block) 	Elapsed: 0.276	Loglikelihood: -1.02848e+06	(delta): 161.35
14 (QN/Block) 	Elapsed: 0.276	Loglikelihood: -1.02845e+06	(delta): 32.4345
15 (QN/Block) 	Elapsed: 0.307	Loglikelihood: -1.02844e+06	(delta): 5.48291
16 (QN/Block) 	Elapsed: 0.276	Loglikelihood: -1.02844e+06	(delta): 0.502424
17 (QN/Block) 	Elapsed: 0.276	Loglikelihood: -1.02844e+06	(delta): 0.0184888
18 (QN/Block) 	Elapsed: 0.276	Loglikelihood: -1.02844e+06	(delta): 0.00537261
19 (QN/Block) 	Elapsed: 0.277	Loglikelihood: -1.02844e+06	(delta): 0.00406173
20 (QN/Block) 	Elapsed: 0.276	Loglikelihood: -1.02844e+06	(delta): 0.000201696
21 (QN/Block) 	Elapsed: 0.276	Loglikelihood: -1.02844e+06	(delta): 6.80467e-05
Summary: 
Converged in 21 iterations (6.714 sec)
Loglikelihood: -1028443.251326
Fst divergences between estimated populations: 
	Pop0	Pop1	Pop2	Pop3	Pop4	Pop5	Pop6	
Pop0	
Pop1	0.297	
Pop2	0.276	0.365	
Pop3	0.383	0.101	0.446	
Pop4	0.135	0.259	0.236	0.348	
Pop5	0.432	0.380	0.496	0.454	0.398	
Pop6	0.450	0.183	0.512	0.141	0.414	0.518	
Pop7	0.417	0.368	0.480	0.444	0.380	0.371	0.510	
CV error (K=8): 0.37326
Writing output files.
