****                   ADMIXTURE Version 1.3.0                  ****
****                    Copyright 2008-2015                     ****
****           David Alexander, Suyash Shringarpure,            ****
****                John  Novembre, Ken Lange                   ****
****                                                            ****
****                 Please cite our paper!                     ****
****   Information at www.genetics.ucla.edu/software/admixture  ****

Cross-validation will be performed.  Folds=5.
Random seed: 4445
Point estimation method: Block relaxation algorithm
Convergence acceleration algorithm: QuasiNewton, 3 secant conditions
Point estimation will terminate when objective function delta < 0.0001
Estimation of standard errors disabled; will compute point estimates only.
Size of G: 260x13929
Performing five EM steps to prime main algorithm
1 (EM) 	Elapsed: 0.216	Loglikelihood: -1.08395e+06	(delta): 3.54159e+06
2 (EM) 	Elapsed: 0.215	Loglikelihood: -1.00016e+06	(delta): 83784.9
3 (EM) 	Elapsed: 0.215	Loglikelihood: -987278	(delta): 12885.4
4 (EM) 	Elapsed: 0.216	Loglikelihood: -979384	(delta): 7894.36
5 (EM) 	Elapsed: 0.215	Loglikelihood: -972809	(delta): 6574.64
Initial loglikelihood: -972809
Starting main algorithm
1 (QN/Block) 	Elapsed: 0.577	Loglikelihood: -703326	(delta): 269483
2 (QN/Block) 	Elapsed: 0.575	Loglikelihood: -642490	(delta): 60835.6
3 (QN/Block) 	Elapsed: 0.608	Loglikelihood: -621607	(delta): 20882.6
4 (QN/Block) 	Elapsed: 0.611	Loglikelihood: -603702	(delta): 17905.2
5 (QN/Block) 	Elapsed: 0.642	Loglikelihood: -593722	(delta): 9979.92
6 (QN/Block) 	Elapsed: 0.607	Loglikelihood: -589473	(delta): 4249.35
7 (QN/Block) 	Elapsed: 0.607	Loglikelihood: -587449	(delta): 2023.57
8 (QN/Block) 	Elapsed: 0.64	Loglikelihood: -586711	(delta): 738.148
9 (QN/Block) 	Elapsed: 0.656	Loglikelihood: -586506	(delta): 204.816
10 (QN/Block) 	Elapsed: 0.661	Loglikelihood: -586443	(delta): 63.4606
11 (QN/Block) 	Elapsed: 0.609	Loglikelihood: -586410	(delta): 32.757
12 (QN/Block) 	Elapsed: 0.605	Loglikelihood: -586387	(delta): 23.1127
13 (QN/Block) 	Elapsed: 0.605	Loglikelihood: -586367	(delta): 19.9252
14 (QN/Block) 	Elapsed: 0.625	Loglikelihood: -586331	(delta): 36.4347
15 (QN/Block) 	Elapsed: 0.626	Loglikelihood: -586305	(delta): 25.9946
16 (QN/Block) 	Elapsed: 0.645	Loglikelihood: -586273	(delta): 31.501
17 (QN/Block) 	Elapsed: 0.631	Loglikelihood: -586253	(delta): 20.7668
18 (QN/Block) 	Elapsed: 0.642	Loglikelihood: -586232	(delta): 20.6785
19 (QN/Block) 	Elapsed: 0.622	Loglikelihood: -586215	(delta): 16.6994
20 (QN/Block) 	Elapsed: 0.621	Loglikelihood: -586202	(delta): 12.7308
21 (QN/Block) 	Elapsed: 0.623	Loglikelihood: -586189	(delta): 13.6032
22 (QN/Block) 	Elapsed: 0.622	Loglikelihood: -586172	(delta): 16.9884
23 (QN/Block) 	Elapsed: 0.638	Loglikelihood: -586158	(delta): 13.7169
24 (QN/Block) 	Elapsed: 0.62	Loglikelihood: -586150	(delta): 8.59598
25 (QN/Block) 	Elapsed: 0.604	Loglikelihood: -586140	(delta): 9.38815
26 (QN/Block) 	Elapsed: 0.606	Loglikelihood: -586133	(delta): 7.43671
27 (QN/Block) 	Elapsed: 0.662	Loglikelihood: -586129	(delta): 4.10489
28 (QN/Block) 	Elapsed: 0.639	Loglikelihood: -586125	(delta): 4.04447
29 (QN/Block) 	Elapsed: 0.622	Loglikelihood: -586124	(delta): 0.282604
30 (QN/Block) 	Elapsed: 0.607	Loglikelihood: -586124	(delta): 0.0960461
31 (QN/Block) 	Elapsed: 0.606	Loglikelihood: -586124	(delta): 0.0679141
32 (QN/Block) 	Elapsed: 0.608	Loglikelihood: -586124	(delta): 0.127462
33 (QN/Block) 	Elapsed: 0.637	Loglikelihood: -586124	(delta): 0.474194
34 (QN/Block) 	Elapsed: 0.607	Loglikelihood: -586122	(delta): 1.34715
35 (QN/Block) 	Elapsed: 0.658	Loglikelihood: -586121	(delta): 0.780577
36 (QN/Block) 	Elapsed: 0.624	Loglikelihood: -586121	(delta): 0.0187977
37 (QN/Block) 	Elapsed: 0.656	Loglikelihood: -586121	(delta): 0.00479525
38 (QN/Block) 	Elapsed: 0.658	Loglikelihood: -586121	(delta): 0.00127759
39 (QN/Block) 	Elapsed: 0.657	Loglikelihood: -586121	(delta): 0.000847338
40 (QN/Block) 	Elapsed: 0.621	Loglikelihood: -586121	(delta): 0.000687577
41 (QN/Block) 	Elapsed: 0.658	Loglikelihood: -586121	(delta): 0.000287323
42 (QN/Block) 	Elapsed: 0.66	Loglikelihood: -586121	(delta): 0.000279986
43 (QN/Block) 	Elapsed: 0.656	Loglikelihood: -586121	(delta): 0.000402203
44 (QN/Block) 	Elapsed: 0.657	Loglikelihood: -586121	(delta): 0.000677185
45 (QN/Block) 	Elapsed: 0.659	Loglikelihood: -586121	(delta): 0.00121778
46 (QN/Block) 	Elapsed: 0.657	Loglikelihood: -586121	(delta): 0.00221943
47 (QN/Block) 	Elapsed: 0.659	Loglikelihood: -586121	(delta): 0.00404024
48 (QN/Block) 	Elapsed: 0.657	Loglikelihood: -586121	(delta): 0.00733237
49 (QN/Block) 	Elapsed: 0.656	Loglikelihood: -586121	(delta): 0.019005
50 (QN/Block) 	Elapsed: 0.658	Loglikelihood: -586121	(delta): 0.0695369
51 (QN/Block) 	Elapsed: 0.658	Loglikelihood: -586121	(delta): 0.432634
52 (QN/Block) 	Elapsed: 0.606	Loglikelihood: -586120	(delta): 1.05187
53 (QN/Block) 	Elapsed: 0.604	Loglikelihood: -586120	(delta): 0.0595101
54 (QN/Block) 	Elapsed: 0.606	Loglikelihood: -586120	(delta): 0.000347274
55 (QN/Block) 	Elapsed: 0.607	Loglikelihood: -586120	(delta): 9.10361e-05
Summary: 
Converged in 55 iterations (36.84 sec)
Loglikelihood: -586119.701575
Fst divergences between estimated populations: 
	Pop0	Pop1	Pop2	Pop3	Pop4	Pop5	Pop6	Pop7	
Pop0	
Pop1	0.465	
Pop2	0.333	0.411	
Pop3	0.405	0.479	0.176	
Pop4	0.434	0.346	0.388	0.447	
Pop5	0.431	0.441	0.401	0.464	0.415	
Pop6	0.434	0.339	0.391	0.450	0.327	0.417	
Pop7	0.434	0.462	0.426	0.482	0.436	0.346	0.437	
Pop8	0.447	0.458	0.419	0.479	0.430	0.090	0.430	0.364	
CV error (K=9): 0.14797
Writing output files.
