****                   ADMIXTURE Version 1.3.0                  ****
****                    Copyright 2008-2015                     ****
****           David Alexander, Suyash Shringarpure,            ****
****                John  Novembre, Ken Lange                   ****
****                                                            ****
****                 Please cite our paper!                     ****
****   Information at www.genetics.ucla.edu/software/admixture  ****

Cross-validation will be performed.  Folds=5.
Random seed: 4445
Point estimation method: Block relaxation algorithm
Convergence acceleration algorithm: QuasiNewton, 3 secant conditions
Point estimation will terminate when objective function delta < 0.0001
Estimation of standard errors disabled; will compute point estimates only.
Size of G: 260x13929
Performing five EM steps to prime main algorithm
1 (EM) 	Elapsed: 0.166	Loglikelihood: -1.08442e+06	(delta): 3.60941e+06
2 (EM) 	Elapsed: 0.166	Loglikelihood: -1.00423e+06	(delta): 80191
3 (EM) 	Elapsed: 0.166	Loglikelihood: -992571	(delta): 11654.7
4 (EM) 	Elapsed: 0.166	Loglikelihood: -985883	(delta): 6687.89
5 (EM) 	Elapsed: 0.166	Loglikelihood: -980764	(delta): 5118.99
Initial loglikelihood: -980764
Starting main algorithm
1 (QN/Block) 	Elapsed: 0.393	Loglikelihood: -738466	(delta): 242298
2 (QN/Block) 	Elapsed: 0.391	Loglikelihood: -659997	(delta): 78469.1
3 (QN/Block) 	Elapsed: 0.421	Loglikelihood: -631403	(delta): 28594.2
4 (QN/Block) 	Elapsed: 0.421	Loglikelihood: -613286	(delta): 18117.2
5 (QN/Block) 	Elapsed: 0.42	Loglikelihood: -605243	(delta): 8042.73
6 (QN/Block) 	Elapsed: 0.42	Loglikelihood: -602186	(delta): 3056.82
7 (QN/Block) 	Elapsed: 0.419	Loglikelihood: -601429	(delta): 757.736
8 (QN/Block) 	Elapsed: 0.419	Loglikelihood: -601296	(delta): 133.148
9 (QN/Block) 	Elapsed: 0.464	Loglikelihood: -601266	(delta): 29.8952
10 (QN/Block) 	Elapsed: 0.418	Loglikelihood: -601253	(delta): 12.1592
11 (QN/Block) 	Elapsed: 0.419	Loglikelihood: -601248	(delta): 5.335
12 (QN/Block) 	Elapsed: 0.418	Loglikelihood: -601243	(delta): 5.33471
13 (QN/Block) 	Elapsed: 0.419	Loglikelihood: -601242	(delta): 0.948536
14 (QN/Block) 	Elapsed: 0.433	Loglikelihood: -601242	(delta): 0.325217
15 (QN/Block) 	Elapsed: 0.419	Loglikelihood: -601241	(delta): 0.0673541
16 (QN/Block) 	Elapsed: 0.418	Loglikelihood: -601241	(delta): 0.0262989
17 (QN/Block) 	Elapsed: 0.463	Loglikelihood: -601241	(delta): 0.0302114
18 (QN/Block) 	Elapsed: 0.462	Loglikelihood: -601241	(delta): 0.0678984
19 (QN/Block) 	Elapsed: 0.462	Loglikelihood: -601240	(delta): 0.926216
20 (QN/Block) 	Elapsed: 0.448	Loglikelihood: -601240	(delta): 0.570698
21 (QN/Block) 	Elapsed: 0.463	Loglikelihood: -601238	(delta): 2.07094
22 (QN/Block) 	Elapsed: 0.433	Loglikelihood: -601238	(delta): 0.212552
23 (QN/Block) 	Elapsed: 0.418	Loglikelihood: -601238	(delta): 0.015985
24 (QN/Block) 	Elapsed: 0.419	Loglikelihood: -601238	(delta): 0.0361358
25 (QN/Block) 	Elapsed: 0.462	Loglikelihood: -601237	(delta): 0.0220272
26 (QN/Block) 	Elapsed: 0.462	Loglikelihood: -601237	(delta): 0.000319766
27 (QN/Block) 	Elapsed: 0.418	Loglikelihood: -601237	(delta): 0.000109808
28 (QN/Block) 	Elapsed: 0.433	Loglikelihood: -601237	(delta): 2.92785e-06
Summary: 
Converged in 28 iterations (13.437 sec)
Loglikelihood: -601237.485382
Fst divergences between estimated populations: 
	Pop0	Pop1	Pop2	Pop3	Pop4	Pop5	
Pop0	
Pop1	0.480	
Pop2	0.382	0.409	
Pop3	0.402	0.164	0.333	
Pop4	0.365	0.493	0.395	0.420	
Pop5	0.453	0.481	0.302	0.396	0.468	
Pop6	0.427	0.451	0.283	0.375	0.444	0.346	
CV error (K=7): 0.14574
Writing output files.
