****                   ADMIXTURE Version 1.3.0                  ****
****                    Copyright 2008-2015                     ****
****           David Alexander, Suyash Shringarpure,            ****
****                John  Novembre, Ken Lange                   ****
****                                                            ****
****                 Please cite our paper!                     ****
****   Information at www.genetics.ucla.edu/software/admixture  ****

Cross-validation will be performed.  Folds=5.
Random seed: 4445
Point estimation method: Block relaxation algorithm
Convergence acceleration algorithm: QuasiNewton, 3 secant conditions
Point estimation will terminate when objective function delta < 0.0001
Estimation of standard errors disabled; will compute point estimates only.
Size of G: 260x13929
Performing five EM steps to prime main algorithm
1 (EM) 	Elapsed: 0.251	Loglikelihood: -1.08443e+06	(delta): 3.5269e+06
2 (EM) 	Elapsed: 0.252	Loglikelihood: -999463	(delta): 84970.5
3 (EM) 	Elapsed: 0.249	Loglikelihood: -986776	(delta): 12686.5
4 (EM) 	Elapsed: 0.251	Loglikelihood: -979079	(delta): 7696.74
5 (EM) 	Elapsed: 0.251	Loglikelihood: -972719	(delta): 6360.16
Initial loglikelihood: -972719
Starting main algorithm
1 (QN/Block) 	Elapsed: 0.681	Loglikelihood: -722820	(delta): 249899
2 (QN/Block) 	Elapsed: 0.678	Loglikelihood: -651971	(delta): 70849.4
3 (QN/Block) 	Elapsed: 0.778	Loglikelihood: -628074	(delta): 23896.9
4 (QN/Block) 	Elapsed: 0.735	Loglikelihood: -609556	(delta): 18518.2
5 (QN/Block) 	Elapsed: 0.716	Loglikelihood: -597278	(delta): 12278.2
6 (QN/Block) 	Elapsed: 0.712	Loglikelihood: -591162	(delta): 6115.22
7 (QN/Block) 	Elapsed: 0.77	Loglikelihood: -587941	(delta): 3221.04
8 (QN/Block) 	Elapsed: 0.711	Loglikelihood: -586051	(delta): 1890.27
9 (QN/Block) 	Elapsed: 0.713	Loglikelihood: -584722	(delta): 1329.17
10 (QN/Block) 	Elapsed: 0.716	Loglikelihood: -583672	(delta): 1049.48
11 (QN/Block) 	Elapsed: 0.731	Loglikelihood: -583110	(delta): 562.442
12 (QN/Block) 	Elapsed: 0.709	Loglikelihood: -582974	(delta): 136.288
13 (QN/Block) 	Elapsed: 0.771	Loglikelihood: -582942	(delta): 31.4586
14 (QN/Block) 	Elapsed: 0.712	Loglikelihood: -582911	(delta): 30.8216
15 (QN/Block) 	Elapsed: 0.711	Loglikelihood: -582903	(delta): 8.63778
16 (QN/Block) 	Elapsed: 0.767	Loglikelihood: -582875	(delta): 27.8477
17 (QN/Block) 	Elapsed: 0.71	Loglikelihood: -582853	(delta): 21.8748
18 (QN/Block) 	Elapsed: 0.711	Loglikelihood: -582839	(delta): 14.0505
19 (QN/Block) 	Elapsed: 0.709	Loglikelihood: -582832	(delta): 6.86028
20 (QN/Block) 	Elapsed: 0.765	Loglikelihood: -582831	(delta): 1.11832
21 (QN/Block) 	Elapsed: 0.769	Loglikelihood: -582830	(delta): 0.7931
22 (QN/Block) 	Elapsed: 0.767	Loglikelihood: -582829	(delta): 1.50943
23 (QN/Block) 	Elapsed: 0.767	Loglikelihood: -582826	(delta): 2.93138
24 (QN/Block) 	Elapsed: 0.763	Loglikelihood: -582825	(delta): 0.291091
25 (QN/Block) 	Elapsed: 0.767	Loglikelihood: -582825	(delta): 0.066381
26 (QN/Block) 	Elapsed: 0.768	Loglikelihood: -582825	(delta): 0.098633
27 (QN/Block) 	Elapsed: 0.766	Loglikelihood: -582825	(delta): 0.151156
28 (QN/Block) 	Elapsed: 0.707	Loglikelihood: -582825	(delta): 0.517117
29 (QN/Block) 	Elapsed: 0.727	Loglikelihood: -582824	(delta): 0.897885
30 (QN/Block) 	Elapsed: 0.769	Loglikelihood: -582822	(delta): 1.2904
31 (QN/Block) 	Elapsed: 0.77	Loglikelihood: -582822	(delta): 0.0257659
32 (QN/Block) 	Elapsed: 0.709	Loglikelihood: -582822	(delta): 0.000330476
33 (QN/Block) 	Elapsed: 0.709	Loglikelihood: -582822	(delta): 7.31729e-06
Summary: 
Converged in 33 iterations (26.324 sec)
Loglikelihood: -582822.444743
Fst divergences between estimated populations: 
	Pop0	Pop1	Pop2	Pop3	Pop4	Pop5	Pop6	Pop7	Pop8	
Pop0	
Pop1	0.443	
Pop2	0.356	0.468	
Pop3	0.440	0.465	0.476	
Pop4	0.311	0.475	0.389	0.477	
Pop5	0.451	0.487	0.480	0.417	0.485	
Pop6	0.341	0.449	0.361	0.460	0.369	0.461	
Pop7	0.386	0.427	0.410	0.350	0.424	0.173	0.398	
Pop8	0.416	0.350	0.445	0.438	0.450	0.464	0.428	0.400	
Pop9	0.436	0.042	0.461	0.461	0.471	0.482	0.444	0.421	0.348	
CV error (K=10): 0.15211
Writing output files.
