****                   ADMIXTURE Version 1.3.0                  ****
****                    Copyright 2008-2015                     ****
****           David Alexander, Suyash Shringarpure,            ****
****                John  Novembre, Ken Lange                   ****
****                                                            ****
****                 Please cite our paper!                     ****
****   Information at www.genetics.ucla.edu/software/admixture  ****

Cross-validation will be performed.  Folds=5.
Random seed: 4445
Point estimation method: Block relaxation algorithm
Convergence acceleration algorithm: QuasiNewton, 3 secant conditions
Point estimation will terminate when objective function delta < 0.0001
Estimation of standard errors disabled; will compute point estimates only.
Size of G: 260x13929
Performing five EM steps to prime main algorithm
1 (EM) 	Elapsed: 0.056	Loglikelihood: -1.03997e+06	(delta): 4.39507e+06
2 (EM) 	Elapsed: 0.054	Loglikelihood: -1.00098e+06	(delta): 38987.7
3 (EM) 	Elapsed: 0.053	Loglikelihood: -993197	(delta): 7781.92
4 (EM) 	Elapsed: 0.053	Loglikelihood: -989480	(delta): 3716.93
5 (EM) 	Elapsed: 0.053	Loglikelihood: -987565	(delta): 1915.27
Initial loglikelihood: -987565
Starting main algorithm
1 (QN/Block) 	Elapsed: 0.095	Loglikelihood: -931302	(delta): 56262.7
2 (QN/Block) 	Elapsed: 0.094	Loglikelihood: -903708	(delta): 27593.8
3 (QN/Block) 	Elapsed: 0.115	Loglikelihood: -888621	(delta): 15087.2
4 (QN/Block) 	Elapsed: 0.124	Loglikelihood: -878071	(delta): 10550
5 (QN/Block) 	Elapsed: 0.124	Loglikelihood: -875408	(delta): 2663.57
6 (QN/Block) 	Elapsed: 0.143	Loglikelihood: -874975	(delta): 432.232
7 (QN/Block) 	Elapsed: 0.114	Loglikelihood: -874932	(delta): 43.5845
8 (QN/Block) 	Elapsed: 0.114	Loglikelihood: -874925	(delta): 6.83418
9 (QN/Block) 	Elapsed: 0.133	Loglikelihood: -874923	(delta): 1.79589
10 (QN/Block) 	Elapsed: 0.143	Loglikelihood: -874923	(delta): 0.0925398
11 (QN/Block) 	Elapsed: 0.114	Loglikelihood: -874923	(delta): 0.000943768
12 (QN/Block) 	Elapsed: 0.114	Loglikelihood: -874923	(delta): 0.000108059
13 (QN/Block) 	Elapsed: 0.114	Loglikelihood: -874923	(delta): 6.5465e-06
Summary: 
Converged in 13 iterations (2.02 sec)
Loglikelihood: -874923.131146
Fst divergences between estimated populations: 
	Pop0	
Pop0	
Pop1	0.202	
CV error (K=2): 0.21450
Writing output files.
