****                   ADMIXTURE Version 1.3.0                  ****
****                    Copyright 2008-2015                     ****
****           David Alexander, Suyash Shringarpure,            ****
****                John  Novembre, Ken Lange                   ****
****                                                            ****
****                 Please cite our paper!                     ****
****   Information at www.genetics.ucla.edu/software/admixture  ****

Cross-validation will be performed.  Folds=5.
Random seed: 4445
Point estimation method: Block relaxation algorithm
Convergence acceleration algorithm: QuasiNewton, 3 secant conditions
Point estimation will terminate when objective function delta < 0.0001
Estimation of standard errors disabled; will compute point estimates only.
Size of G: 260x13929
Performing five EM steps to prime main algorithm
1 (EM) 	Elapsed: 0.123	Loglikelihood: -1.08112e+06	(delta): 3.71747e+06
2 (EM) 	Elapsed: 0.122	Loglikelihood: -1.00577e+06	(delta): 75346.2
3 (EM) 	Elapsed: 0.123	Loglikelihood: -994673	(delta): 11100.5
4 (EM) 	Elapsed: 0.122	Loglikelihood: -988348	(delta): 6324.39
5 (EM) 	Elapsed: 0.12	Loglikelihood: -983621	(delta): 4727.33
Initial loglikelihood: -983621
Starting main algorithm
1 (QN/Block) 	Elapsed: 0.247	Loglikelihood: -810867	(delta): 172754
2 (QN/Block) 	Elapsed: 0.247	Loglikelihood: -710009	(delta): 100858
3 (QN/Block) 	Elapsed: 0.273	Loglikelihood: -674864	(delta): 35144.4
4 (QN/Block) 	Elapsed: 0.274	Loglikelihood: -654950	(delta): 19914.5
5 (QN/Block) 	Elapsed: 0.273	Loglikelihood: -645084	(delta): 9866.2
6 (QN/Block) 	Elapsed: 0.272	Loglikelihood: -641349	(delta): 3734.54
7 (QN/Block) 	Elapsed: 0.285	Loglikelihood: -640594	(delta): 754.609
8 (QN/Block) 	Elapsed: 0.273	Loglikelihood: -640464	(delta): 130.259
9 (QN/Block) 	Elapsed: 0.271	Loglikelihood: -640432	(delta): 31.8493
10 (QN/Block) 	Elapsed: 0.272	Loglikelihood: -640425	(delta): 7.82059
11 (QN/Block) 	Elapsed: 0.271	Loglikelihood: -640418	(delta): 6.60228
12 (QN/Block) 	Elapsed: 0.271	Loglikelihood: -640410	(delta): 8.22479
13 (QN/Block) 	Elapsed: 0.284	Loglikelihood: -640406	(delta): 3.28185
14 (QN/Block) 	Elapsed: 0.271	Loglikelihood: -640405	(delta): 1.10099
15 (QN/Block) 	Elapsed: 0.285	Loglikelihood: -640405	(delta): 0.450852
16 (QN/Block) 	Elapsed: 0.273	Loglikelihood: -640404	(delta): 0.691181
17 (QN/Block) 	Elapsed: 0.272	Loglikelihood: -640404	(delta): 0.0623095
18 (QN/Block) 	Elapsed: 0.31	Loglikelihood: -640404	(delta): 0.0113359
19 (QN/Block) 	Elapsed: 0.31	Loglikelihood: -640404	(delta): 0.000301439
20 (QN/Block) 	Elapsed: 0.31	Loglikelihood: -640404	(delta): 8.22196e-05
Summary: 
Converged in 20 iterations (6.522 sec)
Loglikelihood: -640404.122195
Fst divergences between estimated populations: 
	Pop0	Pop1	Pop2	Pop3	
Pop0	
Pop1	0.365	
Pop2	0.290	0.406	
Pop3	0.370	0.370	0.415	
Pop4	0.377	0.486	0.178	0.493	
CV error (K=5): 0.14914
Writing output files.
