****                   ADMIXTURE Version 1.3.0                  ****
****                    Copyright 2008-2015                     ****
****           David Alexander, Suyash Shringarpure,            ****
****                John  Novembre, Ken Lange                   ****
****                                                            ****
****                 Please cite our paper!                     ****
****   Information at www.genetics.ucla.edu/software/admixture  ****

Cross-validation will be performed.  Folds=5.
Random seed: 4445
Point estimation method: Block relaxation algorithm
Convergence acceleration algorithm: QuasiNewton, 3 secant conditions
Point estimation will terminate when objective function delta < 0.0001
Estimation of standard errors disabled; will compute point estimates only.
Size of G: 260x13929
Performing five EM steps to prime main algorithm
1 (EM) 	Elapsed: 0.079	Loglikelihood: -1.06724e+06	(delta): 4.01299e+06
2 (EM) 	Elapsed: 0.078	Loglikelihood: -1.00563e+06	(delta): 61613.9
3 (EM) 	Elapsed: 0.078	Loglikelihood: -995395	(delta): 10233.3
4 (EM) 	Elapsed: 0.078	Loglikelihood: -989646	(delta): 5749.6
5 (EM) 	Elapsed: 0.078	Loglikelihood: -985818	(delta): 3827.88
Initial loglikelihood: -985818
Starting main algorithm
1 (QN/Block) 	Elapsed: 0.143	Loglikelihood: -893528	(delta): 92289.5
2 (QN/Block) 	Elapsed: 0.144	Loglikelihood: -824040	(delta): 69488.7
3 (QN/Block) 	Elapsed: 0.165	Loglikelihood: -786295	(delta): 37744.7
4 (QN/Block) 	Elapsed: 0.165	Loglikelihood: -752758	(delta): 33536.9
5 (QN/Block) 	Elapsed: 0.176	Loglikelihood: -727068	(delta): 25689.6
6 (QN/Block) 	Elapsed: 0.186	Loglikelihood: -723291	(delta): 3777.55
7 (QN/Block) 	Elapsed: 0.198	Loglikelihood: -722920	(delta): 370.289
8 (QN/Block) 	Elapsed: 0.196	Loglikelihood: -722802	(delta): 118.075
9 (QN/Block) 	Elapsed: 0.163	Loglikelihood: -722752	(delta): 50.6529
10 (QN/Block) 	Elapsed: 0.194	Loglikelihood: -722742	(delta): 10.1704
11 (QN/Block) 	Elapsed: 0.194	Loglikelihood: -722740	(delta): 1.43996
12 (QN/Block) 	Elapsed: 0.194	Loglikelihood: -722740	(delta): 0.000906946
13 (QN/Block) 	Elapsed: 0.162	Loglikelihood: -722740	(delta): 4.00434e-06
Summary: 
Converged in 13 iterations (2.898 sec)
Loglikelihood: -722740.116995
Fst divergences between estimated populations: 
	Pop0	Pop1	
Pop0	
Pop1	0.332	
Pop2	0.284	0.290	
CV error (K=3): 0.17035
Writing output files.
