****                   ADMIXTURE Version 1.3.0                  ****
****                    Copyright 2008-2015                     ****
****           David Alexander, Suyash Shringarpure,            ****
****                John  Novembre, Ken Lange                   ****
****                                                            ****
****                 Please cite our paper!                     ****
****   Information at www.genetics.ucla.edu/software/admixture  ****

Cross-validation will be performed.  Folds=5.
Random seed: 4445
Point estimation method: Block relaxation algorithm
Convergence acceleration algorithm: QuasiNewton, 3 secant conditions
Point estimation will terminate when objective function delta < 0.0001
Estimation of standard errors disabled; will compute point estimates only.
Size of G: 260x13929
Performing five EM steps to prime main algorithm
1 (EM) 	Elapsed: 0.1	Loglikelihood: -1.07434e+06	(delta): 3.83611e+06
2 (EM) 	Elapsed: 0.099	Loglikelihood: -1.00518e+06	(delta): 69156.1
3 (EM) 	Elapsed: 0.099	Loglikelihood: -994013	(delta): 11171.1
4 (EM) 	Elapsed: 0.099	Loglikelihood: -987424	(delta): 6589.53
5 (EM) 	Elapsed: 0.097	Loglikelihood: -982593	(delta): 4830.92
Initial loglikelihood: -982593
Starting main algorithm
1 (QN/Block) 	Elapsed: 0.192	Loglikelihood: -795310	(delta): 187283
2 (QN/Block) 	Elapsed: 0.192	Loglikelihood: -725812	(delta): 69497.1
3 (QN/Block) 	Elapsed: 0.217	Loglikelihood: -693263	(delta): 32549.3
4 (QN/Block) 	Elapsed: 0.217	Loglikelihood: -671559	(delta): 21704
5 (QN/Block) 	Elapsed: 0.216	Loglikelihood: -656937	(delta): 14621.7
6 (QN/Block) 	Elapsed: 0.252	Loglikelihood: -654435	(delta): 2502.6
7 (QN/Block) 	Elapsed: 0.252	Loglikelihood: -654055	(delta): 379.651
8 (QN/Block) 	Elapsed: 0.217	Loglikelihood: -653982	(delta): 72.7734
9 (QN/Block) 	Elapsed: 0.252	Loglikelihood: -653963	(delta): 19.4809
10 (QN/Block) 	Elapsed: 0.216	Loglikelihood: -653954	(delta): 8.61159
11 (QN/Block) 	Elapsed: 0.252	Loglikelihood: -653954	(delta): 0.468497
12 (QN/Block) 	Elapsed: 0.24	Loglikelihood: -653954	(delta): 0.00650965
13 (QN/Block) 	Elapsed: 0.216	Loglikelihood: -653954	(delta): 0.00050085
14 (QN/Block) 	Elapsed: 0.217	Loglikelihood: -653954	(delta): 5.52261e-05
Summary: 
Converged in 14 iterations (3.915 sec)
Loglikelihood: -653953.781711
Fst divergences between estimated populations: 
	Pop0	Pop1	Pop2	
Pop0	
Pop1	0.361	
Pop2	0.365	0.368	
Pop3	0.406	0.290	0.416	
CV error (K=4): 0.15075
Writing output files.
