****                   ADMIXTURE Version 1.3.0                  ****
****                    Copyright 2008-2015                     ****
****           David Alexander, Suyash Shringarpure,            ****
****                John  Novembre, Ken Lange                   ****
****                                                            ****
****                 Please cite our paper!                     ****
****   Information at www.genetics.ucla.edu/software/admixture  ****

Cross-validation will be performed.  Folds=5.
Random seed: 30666
Point estimation method: Block relaxation algorithm
Convergence acceleration algorithm: QuasiNewton, 3 secant conditions
Point estimation will terminate when objective function delta < 0.0001
Estimation of standard errors disabled; will compute point estimates only.
Size of G: 260x6978
Performing five EM steps to prime main algorithm
1 (EM) 	Elapsed: 0.118	Loglikelihood: -1.8105e+06	(delta): 770286
2 (EM) 	Elapsed: 0.118	Loglikelihood: -1.75569e+06	(delta): 54802.4
3 (EM) 	Elapsed: 0.117	Loglikelihood: -1.73981e+06	(delta): 15887.7
4 (EM) 	Elapsed: 0.117	Loglikelihood: -1.72576e+06	(delta): 14048.8
5 (EM) 	Elapsed: 0.117	Loglikelihood: -1.70931e+06	(delta): 16451.8
Initial loglikelihood: -1.70931e+06
Starting main algorithm
1 (QN/Block) 	Elapsed: 0.31	Loglikelihood: -1.15636e+06	(delta): 552942
2 (QN/Block) 	Elapsed: 0.313	Loglikelihood: -1.08982e+06	(delta): 66540.6
3 (QN/Block) 	Elapsed: 0.333	Loglikelihood: -1.06492e+06	(delta): 24907.1
4 (QN/Block) 	Elapsed: 0.333	Loglikelihood: -1.04635e+06	(delta): 18562.5
5 (QN/Block) 	Elapsed: 0.343	Loglikelihood: -1.03616e+06	(delta): 10195.5
6 (QN/Block) 	Elapsed: 0.341	Loglikelihood: -1.02864e+06	(delta): 7518.51
7 (QN/Block) 	Elapsed: 0.341	Loglikelihood: -1.0263e+06	(delta): 2341.46
8 (QN/Block) 	Elapsed: 0.331	Loglikelihood: -1.02517e+06	(delta): 1129.93
9 (QN/Block) 	Elapsed: 0.341	Loglikelihood: -1.02462e+06	(delta): 551.678
10 (QN/Block) 	Elapsed: 0.33	Loglikelihood: -1.02441e+06	(delta): 202.514
11 (QN/Block) 	Elapsed: 0.33	Loglikelihood: -1.02429e+06	(delta): 120.014
12 (QN/Block) 	Elapsed: 0.33	Loglikelihood: -1.02423e+06	(delta): 59.9538
13 (QN/Block) 	Elapsed: 0.33	Loglikelihood: -1.02422e+06	(delta): 16.0366
14 (QN/Block) 	Elapsed: 0.341	Loglikelihood: -1.0242e+06	(delta): 13.066
15 (QN/Block) 	Elapsed: 0.341	Loglikelihood: -1.02419e+06	(delta): 17.3335
16 (QN/Block) 	Elapsed: 0.329	Loglikelihood: -1.02418e+06	(delta): 7.0973
17 (QN/Block) 	Elapsed: 0.329	Loglikelihood: -1.02418e+06	(delta): 3.66605
18 (QN/Block) 	Elapsed: 0.33	Loglikelihood: -1.02417e+06	(delta): 4.27159
19 (QN/Block) 	Elapsed: 0.331	Loglikelihood: -1.02417e+06	(delta): 1.72332
20 (QN/Block) 	Elapsed: 0.33	Loglikelihood: -1.02417e+06	(delta): 0.57074
21 (QN/Block) 	Elapsed: 0.33	Loglikelihood: -1.02417e+06	(delta): 0.355509
22 (QN/Block) 	Elapsed: 0.33	Loglikelihood: -1.02417e+06	(delta): 0.063711
23 (QN/Block) 	Elapsed: 0.352	Loglikelihood: -1.02417e+06	(delta): 0.00716595
24 (QN/Block) 	Elapsed: 0.341	Loglikelihood: -1.02417e+06	(delta): 0.00440815
25 (QN/Block) 	Elapsed: 0.329	Loglikelihood: -1.02417e+06	(delta): 0.00103039
26 (QN/Block) 	Elapsed: 0.329	Loglikelihood: -1.02417e+06	(delta): 0.000503975
27 (QN/Block) 	Elapsed: 0.329	Loglikelihood: -1.02417e+06	(delta): 1.49034e-05
Summary: 
Converged in 27 iterations (9.966 sec)
Loglikelihood: -1024169.364583
Fst divergences between estimated populations: 
	Pop0	Pop1	Pop2	Pop3	Pop4	Pop5	Pop6	Pop7	
Pop0	
Pop1	0.367	
Pop2	0.365	0.480	
Pop3	0.101	0.444	0.446	
Pop4	0.259	0.381	0.236	0.348	
Pop5	0.183	0.511	0.512	0.141	0.414	
Pop6	0.428	0.149	0.537	0.504	0.437	0.569	
Pop7	0.297	0.418	0.276	0.383	0.135	0.450	0.471	
Pop8	0.380	0.373	0.496	0.454	0.398	0.518	0.438	0.432	
CV error (K=9): 0.37796
Writing output files.
