****                   ADMIXTURE Version 1.3.0                  ****
****                    Copyright 2008-2015                     ****
****           David Alexander, Suyash Shringarpure,            ****
****                John  Novembre, Ken Lange                   ****
****                                                            ****
****                 Please cite our paper!                     ****
****   Information at www.genetics.ucla.edu/software/admixture  ****

Cross-validation will be performed.  Folds=5.
Random seed: 30666
Point estimation method: Block relaxation algorithm
Convergence acceleration algorithm: QuasiNewton, 3 secant conditions
Point estimation will terminate when objective function delta < 0.0001
Estimation of standard errors disabled; will compute point estimates only.
Size of G: 260x6978
Performing five EM steps to prime main algorithm
1 (EM) 	Elapsed: 0.104	Loglikelihood: -1.81462e+06	(delta): 784035
2 (EM) 	Elapsed: 0.103	Loglikelihood: -1.76156e+06	(delta): 53056.3
3 (EM) 	Elapsed: 0.103	Loglikelihood: -1.74743e+06	(delta): 14133.9
4 (EM) 	Elapsed: 0.103	Loglikelihood: -1.73595e+06	(delta): 11480.2
5 (EM) 	Elapsed: 0.103	Loglikelihood: -1.72297e+06	(delta): 12978.7
Initial loglikelihood: -1.72297e+06
Starting main algorithm
1 (QN/Block) 	Elapsed: 0.256	Loglikelihood: -1.17625e+06	(delta): 546721
2 (QN/Block) 	Elapsed: 0.26	Loglikelihood: -1.09127e+06	(delta): 84978.6
3 (QN/Block) 	Elapsed: 0.278	Loglikelihood: -1.06624e+06	(delta): 25033.9
4 (QN/Block) 	Elapsed: 0.279	Loglikelihood: -1.05189e+06	(delta): 14344
5 (QN/Block) 	Elapsed: 0.277	Loglikelihood: -1.04771e+06	(delta): 4180.19
6 (QN/Block) 	Elapsed: 0.288	Loglikelihood: -1.04651e+06	(delta): 1205.1
7 (QN/Block) 	Elapsed: 0.287	Loglikelihood: -1.04535e+06	(delta): 1161.67
8 (QN/Block) 	Elapsed: 0.276	Loglikelihood: -1.04453e+06	(delta): 813.054
9 (QN/Block) 	Elapsed: 0.276	Loglikelihood: -1.04419e+06	(delta): 341.996
10 (QN/Block) 	Elapsed: 0.276	Loglikelihood: -1.044e+06	(delta): 193.195
11 (QN/Block) 	Elapsed: 0.276	Loglikelihood: -1.04387e+06	(delta): 129.953
12 (QN/Block) 	Elapsed: 0.276	Loglikelihood: -1.04377e+06	(delta): 100.981
13 (QN/Block) 	Elapsed: 0.276	Loglikelihood: -1.04371e+06	(delta): 61.1514
14 (QN/Block) 	Elapsed: 0.276	Loglikelihood: -1.04366e+06	(delta): 50.0023
15 (QN/Block) 	Elapsed: 0.287	Loglikelihood: -1.04361e+06	(delta): 50.102
16 (QN/Block) 	Elapsed: 0.286	Loglikelihood: -1.04357e+06	(delta): 37.51
17 (QN/Block) 	Elapsed: 0.276	Loglikelihood: -1.04354e+06	(delta): 27.0596
18 (QN/Block) 	Elapsed: 0.276	Loglikelihood: -1.04352e+06	(delta): 18.9967
19 (QN/Block) 	Elapsed: 0.276	Loglikelihood: -1.04351e+06	(delta): 12.6385
20 (QN/Block) 	Elapsed: 0.276	Loglikelihood: -1.0435e+06	(delta): 9.47427
21 (QN/Block) 	Elapsed: 0.275	Loglikelihood: -1.0435e+06	(delta): 4.20545
22 (QN/Block) 	Elapsed: 0.286	Loglikelihood: -1.04349e+06	(delta): 5.5251
23 (QN/Block) 	Elapsed: 0.296	Loglikelihood: -1.04348e+06	(delta): 7.38667
24 (QN/Block) 	Elapsed: 0.297	Loglikelihood: -1.04348e+06	(delta): 5.41413
25 (QN/Block) 	Elapsed: 0.276	Loglikelihood: -1.04348e+06	(delta): 3.09276
26 (QN/Block) 	Elapsed: 0.276	Loglikelihood: -1.04347e+06	(delta): 3.63872
27 (QN/Block) 	Elapsed: 0.288	Loglikelihood: -1.04347e+06	(delta): 3.09102
28 (QN/Block) 	Elapsed: 0.276	Loglikelihood: -1.04347e+06	(delta): 1.22931
29 (QN/Block) 	Elapsed: 0.276	Loglikelihood: -1.04347e+06	(delta): 2.05679
30 (QN/Block) 	Elapsed: 0.286	Loglikelihood: -1.04346e+06	(delta): 4.20214
31 (QN/Block) 	Elapsed: 0.296	Loglikelihood: -1.04346e+06	(delta): 5.53162
32 (QN/Block) 	Elapsed: 0.306	Loglikelihood: -1.04345e+06	(delta): 2.60274
33 (QN/Block) 	Elapsed: 0.276	Loglikelihood: -1.04345e+06	(delta): 3.42193
34 (QN/Block) 	Elapsed: 0.286	Loglikelihood: -1.04344e+06	(delta): 5.64646
35 (QN/Block) 	Elapsed: 0.296	Loglikelihood: -1.04344e+06	(delta): 4.38798
36 (QN/Block) 	Elapsed: 0.307	Loglikelihood: -1.04344e+06	(delta): 2.52874
37 (QN/Block) 	Elapsed: 0.286	Loglikelihood: -1.04344e+06	(delta): 0.881853
38 (QN/Block) 	Elapsed: 0.306	Loglikelihood: -1.04343e+06	(delta): 4.90749
39 (QN/Block) 	Elapsed: 0.307	Loglikelihood: -1.04343e+06	(delta): 2.00621
40 (QN/Block) 	Elapsed: 0.276	Loglikelihood: -1.04343e+06	(delta): 0.407317
41 (QN/Block) 	Elapsed: 0.275	Loglikelihood: -1.04343e+06	(delta): 0.286622
42 (QN/Block) 	Elapsed: 0.276	Loglikelihood: -1.04343e+06	(delta): 0.242405
43 (QN/Block) 	Elapsed: 0.276	Loglikelihood: -1.04343e+06	(delta): 0.23095
44 (QN/Block) 	Elapsed: 0.276	Loglikelihood: -1.04343e+06	(delta): 0.167584
45 (QN/Block) 	Elapsed: 0.276	Loglikelihood: -1.04343e+06	(delta): 0.0662148
46 (QN/Block) 	Elapsed: 0.276	Loglikelihood: -1.04343e+06	(delta): 0.0181348
47 (QN/Block) 	Elapsed: 0.306	Loglikelihood: -1.04343e+06	(delta): 0.00147837
48 (QN/Block) 	Elapsed: 0.276	Loglikelihood: -1.04343e+06	(delta): 0.000182802
49 (QN/Block) 	Elapsed: 0.275	Loglikelihood: -1.04343e+06	(delta): 1.13966e-05
Summary: 
Converged in 49 iterations (14.938 sec)
Loglikelihood: -1043427.580029
Fst divergences between estimated populations: 
	Pop0	Pop1	Pop2	Pop3	Pop4	Pop5	Pop6	
Pop0	
Pop1	0.376	
Pop2	0.042	0.379	
Pop3	0.385	0.368	0.384	
Pop4	0.520	0.510	0.526	0.183	
Pop5	0.499	0.479	0.502	0.365	0.511	
Pop6	0.459	0.444	0.460	0.101	0.141	0.446	
Pop7	0.402	0.380	0.402	0.260	0.415	0.236	0.348	
CV error (K=8): 0.38113
Writing output files.
