****                   ADMIXTURE Version 1.3.0                  ****
****                    Copyright 2008-2015                     ****
****           David Alexander, Suyash Shringarpure,            ****
****                John  Novembre, Ken Lange                   ****
****                                                            ****
****                 Please cite our paper!                     ****
****   Information at www.genetics.ucla.edu/software/admixture  ****

Cross-validation will be performed.  Folds=5.
Random seed: 30666
Point estimation method: Block relaxation algorithm
Convergence acceleration algorithm: QuasiNewton, 3 secant conditions
Point estimation will terminate when objective function delta < 0.0001
Estimation of standard errors disabled; will compute point estimates only.
Size of G: 260x6978
Performing five EM steps to prime main algorithm
1 (EM) 	Elapsed: 0.07	Loglikelihood: -1.8237e+06	(delta): 864496
2 (EM) 	Elapsed: 0.068	Loglikelihood: -1.76956e+06	(delta): 54140.1
3 (EM) 	Elapsed: 0.066	Loglikelihood: -1.75403e+06	(delta): 15527.7
4 (EM) 	Elapsed: 0.066	Loglikelihood: -1.74342e+06	(delta): 10612.9
5 (EM) 	Elapsed: 0.066	Loglikelihood: -1.73386e+06	(delta): 9556.76
Initial loglikelihood: -1.73386e+06
Starting main algorithm
1 (QN/Block) 	Elapsed: 0.132	Loglikelihood: -1.23947e+06	(delta): 494386
2 (QN/Block) 	Elapsed: 0.133	Loglikelihood: -1.16514e+06	(delta): 74329.9
3 (QN/Block) 	Elapsed: 0.15	Loglikelihood: -1.13521e+06	(delta): 29931.5
4 (QN/Block) 	Elapsed: 0.15	Loglikelihood: -1.11881e+06	(delta): 16406.6
5 (QN/Block) 	Elapsed: 0.158	Loglikelihood: -1.11382e+06	(delta): 4990
6 (QN/Block) 	Elapsed: 0.157	Loglikelihood: -1.11301e+06	(delta): 800.833
7 (QN/Block) 	Elapsed: 0.174	Loglikelihood: -1.11275e+06	(delta): 267.706
8 (QN/Block) 	Elapsed: 0.172	Loglikelihood: -1.11217e+06	(delta): 581.671
9 (QN/Block) 	Elapsed: 0.172	Loglikelihood: -1.10997e+06	(delta): 2193.11
10 (QN/Block) 	Elapsed: 0.172	Loglikelihood: -1.09899e+06	(delta): 10984.5
11 (QN/Block) 	Elapsed: 0.172	Loglikelihood: -1.08689e+06	(delta): 12097.2
12 (QN/Block) 	Elapsed: 0.172	Loglikelihood: -1.08269e+06	(delta): 4197.74
13 (QN/Block) 	Elapsed: 0.156	Loglikelihood: -1.08005e+06	(delta): 2641.95
14 (QN/Block) 	Elapsed: 0.164	Loglikelihood: -1.07943e+06	(delta): 618.276
15 (QN/Block) 	Elapsed: 0.172	Loglikelihood: -1.07922e+06	(delta): 211.857
16 (QN/Block) 	Elapsed: 0.147	Loglikelihood: -1.07919e+06	(delta): 31.8085
17 (QN/Block) 	Elapsed: 0.172	Loglikelihood: -1.07918e+06	(delta): 4.34088
18 (QN/Block) 	Elapsed: 0.147	Loglikelihood: -1.07918e+06	(delta): 0.292794
19 (QN/Block) 	Elapsed: 0.147	Loglikelihood: -1.07918e+06	(delta): 0.0151107
20 (QN/Block) 	Elapsed: 0.147	Loglikelihood: -1.07918e+06	(delta): 0.000231769
21 (QN/Block) 	Elapsed: 0.147	Loglikelihood: -1.07918e+06	(delta): 8.8017e-06
Summary: 
Converged in 21 iterations (3.904 sec)
Loglikelihood: -1079184.214800
Fst divergences between estimated populations: 
	Pop0	Pop1	Pop2	Pop3	
Pop0	
Pop1	0.233	
Pop2	0.495	0.394	
Pop3	0.479	0.377	0.371	
Pop4	0.442	0.342	0.450	0.440	
CV error (K=5): 0.38540
Writing output files.
