****                   ADMIXTURE Version 1.3.0                  ****
****                    Copyright 2008-2015                     ****
****           David Alexander, Suyash Shringarpure,            ****
****                John  Novembre, Ken Lange                   ****
****                                                            ****
****                 Please cite our paper!                     ****
****   Information at www.genetics.ucla.edu/software/admixture  ****

Cross-validation will be performed.  Folds=5.
Random seed: 30666
Point estimation method: Block relaxation algorithm
Convergence acceleration algorithm: QuasiNewton, 3 secant conditions
Point estimation will terminate when objective function delta < 0.0001
Estimation of standard errors disabled; will compute point estimates only.
Size of G: 260x6978
Performing five EM steps to prime main algorithm
1 (EM) 	Elapsed: 0.029	Loglikelihood: -1.80512e+06	(delta): 1.23084e+06
2 (EM) 	Elapsed: 0.028	Loglikelihood: -1.75545e+06	(delta): 49662.8
3 (EM) 	Elapsed: 0.028	Loglikelihood: -1.74065e+06	(delta): 14808.4
4 (EM) 	Elapsed: 0.028	Loglikelihood: -1.73287e+06	(delta): 7779.43
5 (EM) 	Elapsed: 0.028	Loglikelihood: -1.72782e+06	(delta): 5049.37
Initial loglikelihood: -1.72782e+06
Starting main algorithm
1 (QN/Block) 	Elapsed: 0.048	Loglikelihood: -1.54477e+06	(delta): 183052
2 (QN/Block) 	Elapsed: 0.048	Loglikelihood: -1.50852e+06	(delta): 36246.7
3 (QN/Block) 	Elapsed: 0.062	Loglikelihood: -1.47712e+06	(delta): 31399.8
4 (QN/Block) 	Elapsed: 0.069	Loglikelihood: -1.46408e+06	(delta): 13036.6
5 (QN/Block) 	Elapsed: 0.076	Loglikelihood: -1.46078e+06	(delta): 3303.61
6 (QN/Block) 	Elapsed: 0.069	Loglikelihood: -1.46027e+06	(delta): 506.672
7 (QN/Block) 	Elapsed: 0.062	Loglikelihood: -1.46019e+06	(delta): 80.3484
8 (QN/Block) 	Elapsed: 0.068	Loglikelihood: -1.46018e+06	(delta): 14.8833
9 (QN/Block) 	Elapsed: 0.061	Loglikelihood: -1.46018e+06	(delta): 1.6441
10 (QN/Block) 	Elapsed: 0.068	Loglikelihood: -1.46018e+06	(delta): 0.0276522
11 (QN/Block) 	Elapsed: 0.061	Loglikelihood: -1.46018e+06	(delta): 0.00072362
12 (QN/Block) 	Elapsed: 0.061	Loglikelihood: -1.46018e+06	(delta): 4.33298e-07
Summary: 
Converged in 12 iterations (1.039 sec)
Loglikelihood: -1460175.396074
Fst divergences between estimated populations: 
	Pop0	
Pop0	
Pop1	0.271	
CV error (K=2): 0.58915
Writing output files.
