****                   ADMIXTURE Version 1.3.0                  ****
****                    Copyright 2008-2015                     ****
****           David Alexander, Suyash Shringarpure,            ****
****                John  Novembre, Ken Lange                   ****
****                                                            ****
****                 Please cite our paper!                     ****
****   Information at www.genetics.ucla.edu/software/admixture  ****

Cross-validation will be performed.  Folds=5.
Random seed: 30666
Point estimation method: Block relaxation algorithm
Convergence acceleration algorithm: QuasiNewton, 3 secant conditions
Point estimation will terminate when objective function delta < 0.0001
Estimation of standard errors disabled; will compute point estimates only.
Size of G: 260x6978
Performing five EM steps to prime main algorithm
1 (EM) 	Elapsed: 0.135	Loglikelihood: -1.8088e+06	(delta): 755158
2 (EM) 	Elapsed: 0.135	Loglikelihood: -1.75441e+06	(delta): 54391.8
3 (EM) 	Elapsed: 0.134	Loglikelihood: -1.73904e+06	(delta): 15367.6
4 (EM) 	Elapsed: 0.133	Loglikelihood: -1.72483e+06	(delta): 14211.3
5 (EM) 	Elapsed: 0.133	Loglikelihood: -1.70702e+06	(delta): 17815.7
Initial loglikelihood: -1.70702e+06
Starting main algorithm
1 (QN/Block) 	Elapsed: 0.37	Loglikelihood: -1.16349e+06	(delta): 543532
2 (QN/Block) 	Elapsed: 0.37	Loglikelihood: -1.08705e+06	(delta): 76435.7
3 (QN/Block) 	Elapsed: 0.394	Loglikelihood: -1.06068e+06	(delta): 26365.9
4 (QN/Block) 	Elapsed: 0.393	Loglikelihood: -1.03685e+06	(delta): 23836.8
5 (QN/Block) 	Elapsed: 0.391	Loglikelihood: -1.02798e+06	(delta): 8868.94
6 (QN/Block) 	Elapsed: 0.39	Loglikelihood: -1.02462e+06	(delta): 3355.49
7 (QN/Block) 	Elapsed: 0.401	Loglikelihood: -1.02329e+06	(delta): 1337.32
8 (QN/Block) 	Elapsed: 0.4	Loglikelihood: -1.0226e+06	(delta): 687.883
9 (QN/Block) 	Elapsed: 0.4	Loglikelihood: -1.0223e+06	(delta): 301.386
10 (QN/Block) 	Elapsed: 0.421	Loglikelihood: -1.02213e+06	(delta): 170.468
11 (QN/Block) 	Elapsed: 0.41	Loglikelihood: -1.02205e+06	(delta): 79.8487
12 (QN/Block) 	Elapsed: 0.387	Loglikelihood: -1.022e+06	(delta): 41.8347
13 (QN/Block) 	Elapsed: 0.386	Loglikelihood: -1.02196e+06	(delta): 39.6935
14 (QN/Block) 	Elapsed: 0.387	Loglikelihood: -1.02194e+06	(delta): 29.0497
15 (QN/Block) 	Elapsed: 0.389	Loglikelihood: -1.02191e+06	(delta): 25.774
16 (QN/Block) 	Elapsed: 0.41	Loglikelihood: -1.02188e+06	(delta): 24.8371
17 (QN/Block) 	Elapsed: 0.421	Loglikelihood: -1.02187e+06	(delta): 13.2968
18 (QN/Block) 	Elapsed: 0.421	Loglikelihood: -1.02186e+06	(delta): 15.4576
19 (QN/Block) 	Elapsed: 0.422	Loglikelihood: -1.02185e+06	(delta): 8.3518
20 (QN/Block) 	Elapsed: 0.421	Loglikelihood: -1.02184e+06	(delta): 8.18174
21 (QN/Block) 	Elapsed: 0.422	Loglikelihood: -1.02183e+06	(delta): 8.80008
22 (QN/Block) 	Elapsed: 0.422	Loglikelihood: -1.02182e+06	(delta): 9.08141
23 (QN/Block) 	Elapsed: 0.411	Loglikelihood: -1.02181e+06	(delta): 15.1222
24 (QN/Block) 	Elapsed: 0.422	Loglikelihood: -1.02178e+06	(delta): 24.9385
25 (QN/Block) 	Elapsed: 0.422	Loglikelihood: -1.02176e+06	(delta): 22.5735
26 (QN/Block) 	Elapsed: 0.4	Loglikelihood: -1.02174e+06	(delta): 22.6925
27 (QN/Block) 	Elapsed: 0.411	Loglikelihood: -1.02169e+06	(delta): 42.7417
28 (QN/Block) 	Elapsed: 0.422	Loglikelihood: -1.02165e+06	(delta): 39.547
29 (QN/Block) 	Elapsed: 0.386	Loglikelihood: -1.02159e+06	(delta): 66.5404
30 (QN/Block) 	Elapsed: 0.398	Loglikelihood: -1.0215e+06	(delta): 90.9036
31 (QN/Block) 	Elapsed: 0.41	Loglikelihood: -1.02145e+06	(delta): 48.4198
32 (QN/Block) 	Elapsed: 0.411	Loglikelihood: -1.02142e+06	(delta): 28.3989
33 (QN/Block) 	Elapsed: 0.414	Loglikelihood: -1.02141e+06	(delta): 9.09307
34 (QN/Block) 	Elapsed: 0.398	Loglikelihood: -1.0214e+06	(delta): 5.74197
35 (QN/Block) 	Elapsed: 0.387	Loglikelihood: -1.0214e+06	(delta): 6.99569
36 (QN/Block) 	Elapsed: 0.387	Loglikelihood: -1.02139e+06	(delta): 3.69554
37 (QN/Block) 	Elapsed: 0.387	Loglikelihood: -1.02139e+06	(delta): 2.57391
38 (QN/Block) 	Elapsed: 0.421	Loglikelihood: -1.02139e+06	(delta): 0.832146
39 (QN/Block) 	Elapsed: 0.4	Loglikelihood: -1.02139e+06	(delta): -2.29235
40 (QN/Block) 	Elapsed: 0.388	Loglikelihood: -1.02139e+06	(delta): 4.09328
41 (QN/Block) 	Elapsed: 0.422	Loglikelihood: -1.02139e+06	(delta): 1.59933
42 (QN/Block) 	Elapsed: 0.388	Loglikelihood: -1.02139e+06	(delta): 0.160097
43 (QN/Block) 	Elapsed: 0.387	Loglikelihood: -1.02139e+06	(delta): 0.0451033
44 (QN/Block) 	Elapsed: 0.387	Loglikelihood: -1.02139e+06	(delta): 0.0771985
45 (QN/Block) 	Elapsed: 0.399	Loglikelihood: -1.02139e+06	(delta): 0.265197
46 (QN/Block) 	Elapsed: 0.41	Loglikelihood: -1.02139e+06	(delta): 0.281195
47 (QN/Block) 	Elapsed: 0.387	Loglikelihood: -1.02139e+06	(delta): 0.240924
48 (QN/Block) 	Elapsed: 0.398	Loglikelihood: -1.02139e+06	(delta): 0.301104
49 (QN/Block) 	Elapsed: 0.423	Loglikelihood: -1.02139e+06	(delta): 0.739422
50 (QN/Block) 	Elapsed: 0.421	Loglikelihood: -1.02138e+06	(delta): 1.62742
51 (QN/Block) 	Elapsed: 0.422	Loglikelihood: -1.02138e+06	(delta): 1.27594
52 (QN/Block) 	Elapsed: 0.422	Loglikelihood: -1.02138e+06	(delta): 2.12134
53 (QN/Block) 	Elapsed: 0.421	Loglikelihood: -1.02138e+06	(delta): 4.33354
54 (QN/Block) 	Elapsed: 0.422	Loglikelihood: -1.02136e+06	(delta): 11.8735
55 (QN/Block) 	Elapsed: 0.421	Loglikelihood: -1.02132e+06	(delta): 44.4266
56 (QN/Block) 	Elapsed: 0.422	Loglikelihood: -1.0212e+06	(delta): 122.975
57 (QN/Block) 	Elapsed: 0.422	Loglikelihood: -1.02119e+06	(delta): 10.0066
58 (QN/Block) 	Elapsed: 0.421	Loglikelihood: -1.02119e+06	(delta): 0.90975
59 (QN/Block) 	Elapsed: 0.412	Loglikelihood: -1.02118e+06	(delta): 1.20782
60 (QN/Block) 	Elapsed: 0.422	Loglikelihood: -1.02118e+06	(delta): 1.3115
61 (QN/Block) 	Elapsed: 0.41	Loglikelihood: -1.02118e+06	(delta): 1.0263
62 (QN/Block) 	Elapsed: 0.387	Loglikelihood: -1.02118e+06	(delta): 0.247532
63 (QN/Block) 	Elapsed: 0.399	Loglikelihood: -1.02118e+06	(delta): 0.182373
64 (QN/Block) 	Elapsed: 0.387	Loglikelihood: -1.02118e+06	(delta): 0.356427
65 (QN/Block) 	Elapsed: 0.4	Loglikelihood: -1.02118e+06	(delta): 0.492493
66 (QN/Block) 	Elapsed: 0.398	Loglikelihood: -1.02118e+06	(delta): 0.893623
67 (QN/Block) 	Elapsed: 0.422	Loglikelihood: -1.02118e+06	(delta): 3.21622
68 (QN/Block) 	Elapsed: 0.422	Loglikelihood: -1.02117e+06	(delta): 2.44295
69 (QN/Block) 	Elapsed: 0.421	Loglikelihood: -1.02117e+06	(delta): 3.71664
70 (QN/Block) 	Elapsed: 0.423	Loglikelihood: -1.02117e+06	(delta): 4.74481
71 (QN/Block) 	Elapsed: 0.42	Loglikelihood: -1.02116e+06	(delta): 5.44006
72 (QN/Block) 	Elapsed: 0.388	Loglikelihood: -1.02116e+06	(delta): 5.32929
73 (QN/Block) 	Elapsed: 0.398	Loglikelihood: -1.02115e+06	(delta): 4.26936
74 (QN/Block) 	Elapsed: 0.409	Loglikelihood: -1.02115e+06	(delta): 1.63516
75 (QN/Block) 	Elapsed: 0.387	Loglikelihood: -1.02115e+06	(delta): 0.266915
76 (QN/Block) 	Elapsed: 0.41	Loglikelihood: -1.02115e+06	(delta): 0.228904
77 (QN/Block) 	Elapsed: 0.424	Loglikelihood: -1.02115e+06	(delta): 0.228148
78 (QN/Block) 	Elapsed: 0.421	Loglikelihood: -1.02115e+06	(delta): 0.297553
79 (QN/Block) 	Elapsed: 0.422	Loglikelihood: -1.02115e+06	(delta): 0.450345
80 (QN/Block) 	Elapsed: 0.422	Loglikelihood: -1.02115e+06	(delta): 0.700677
81 (QN/Block) 	Elapsed: 0.423	Loglikelihood: -1.02115e+06	(delta): 0.235798
82 (QN/Block) 	Elapsed: 0.422	Loglikelihood: -1.02115e+06	(delta): 0.0936485
83 (QN/Block) 	Elapsed: 0.423	Loglikelihood: -1.02115e+06	(delta): 0.101589
84 (QN/Block) 	Elapsed: 0.422	Loglikelihood: -1.02115e+06	(delta): 0.11488
85 (QN/Block) 	Elapsed: 0.421	Loglikelihood: -1.02115e+06	(delta): 0.134778
86 (QN/Block) 	Elapsed: 0.421	Loglikelihood: -1.02115e+06	(delta): 0.161069
87 (QN/Block) 	Elapsed: 0.421	Loglikelihood: -1.02115e+06	(delta): 0.154633
88 (QN/Block) 	Elapsed: 0.421	Loglikelihood: -1.02115e+06	(delta): 0.083371
89 (QN/Block) 	Elapsed: 0.412	Loglikelihood: -1.02115e+06	(delta): 0.22554
90 (QN/Block) 	Elapsed: 0.421	Loglikelihood: -1.02115e+06	(delta): 0.267433
91 (QN/Block) 	Elapsed: 0.422	Loglikelihood: -1.02115e+06	(delta): 0.163909
92 (QN/Block) 	Elapsed: 0.387	Loglikelihood: -1.02114e+06	(delta): 0.37629
93 (QN/Block) 	Elapsed: 0.422	Loglikelihood: -1.02114e+06	(delta): 0.14779
94 (QN/Block) 	Elapsed: 0.42	Loglikelihood: -1.02114e+06	(delta): 0.0711712
95 (QN/Block) 	Elapsed: 0.421	Loglikelihood: -1.02114e+06	(delta): 0.0171667
96 (QN/Block) 	Elapsed: 0.421	Loglikelihood: -1.02114e+06	(delta): 0.0187433
97 (QN/Block) 	Elapsed: 0.423	Loglikelihood: -1.02114e+06	(delta): 0.0216718
98 (QN/Block) 	Elapsed: 0.421	Loglikelihood: -1.02114e+06	(delta): 0.0255206
99 (QN/Block) 	Elapsed: 0.422	Loglikelihood: -1.02114e+06	(delta): 0.0302273
100 (QN/Block) 	Elapsed: 0.423	Loglikelihood: -1.02114e+06	(delta): 0.0357441
101 (QN/Block) 	Elapsed: 0.421	Loglikelihood: -1.02114e+06	(delta): 0.0420796
102 (QN/Block) 	Elapsed: 0.421	Loglikelihood: -1.02114e+06	(delta): 0.0493549
103 (QN/Block) 	Elapsed: 0.421	Loglikelihood: -1.02114e+06	(delta): 0.0577046
104 (QN/Block) 	Elapsed: 0.421	Loglikelihood: -1.02114e+06	(delta): 0.067309
105 (QN/Block) 	Elapsed: 0.422	Loglikelihood: -1.02114e+06	(delta): 0.078464
106 (QN/Block) 	Elapsed: 0.423	Loglikelihood: -1.02114e+06	(delta): 0.0915777
107 (QN/Block) 	Elapsed: 0.422	Loglikelihood: -1.02114e+06	(delta): 0.0774371
108 (QN/Block) 	Elapsed: 0.387	Loglikelihood: -1.02114e+06	(delta): 0.00764006
109 (QN/Block) 	Elapsed: 0.399	Loglikelihood: -1.02114e+06	(delta): 0.0136829
110 (QN/Block) 	Elapsed: 0.398	Loglikelihood: -1.02114e+06	(delta): 0.024857
111 (QN/Block) 	Elapsed: 0.388	Loglikelihood: -1.02114e+06	(delta): 0.0433963
112 (QN/Block) 	Elapsed: 0.386	Loglikelihood: -1.02114e+06	(delta): 0.0476953
113 (QN/Block) 	Elapsed: 0.411	Loglikelihood: -1.02114e+06	(delta): 0.0275068
114 (QN/Block) 	Elapsed: 0.411	Loglikelihood: -1.02114e+06	(delta): 0.0409434
115 (QN/Block) 	Elapsed: 0.422	Loglikelihood: -1.02114e+06	(delta): 0.0376898
116 (QN/Block) 	Elapsed: 0.388	Loglikelihood: -1.02114e+06	(delta): 0.0251857
117 (QN/Block) 	Elapsed: 0.423	Loglikelihood: -1.02114e+06	(delta): 0.0567949
118 (QN/Block) 	Elapsed: 0.422	Loglikelihood: -1.02114e+06	(delta): 0.00614606
119 (QN/Block) 	Elapsed: 0.421	Loglikelihood: -1.02114e+06	(delta): 0.00519627
120 (QN/Block) 	Elapsed: 0.423	Loglikelihood: -1.02114e+06	(delta): 0.00486577
121 (QN/Block) 	Elapsed: 0.422	Loglikelihood: -1.02114e+06	(delta): 0.00463039
122 (QN/Block) 	Elapsed: 0.423	Loglikelihood: -1.02114e+06	(delta): 0.00424339
123 (QN/Block) 	Elapsed: 0.422	Loglikelihood: -1.02114e+06	(delta): 0.000550475
124 (QN/Block) 	Elapsed: 0.388	Loglikelihood: -1.02114e+06	(delta): 0.000108604
125 (QN/Block) 	Elapsed: 0.387	Loglikelihood: -1.02114e+06	(delta): 2.02039e-06
Summary: 
Converged in 125 iterations (53.417 sec)
Loglikelihood: -1021143.792151
Fst divergences between estimated populations: 
	Pop0	Pop1	Pop2	Pop3	Pop4	Pop5	Pop6	Pop7	Pop8	
Pop0	
Pop1	0.385	
Pop2	0.385	0.046	
Pop3	0.298	0.437	0.437	
Pop4	0.367	0.381	0.379	0.418	
Pop5	0.365	0.502	0.501	0.276	0.480	
Pop6	0.101	0.461	0.459	0.383	0.444	0.446	
Pop7	0.183	0.526	0.521	0.450	0.511	0.512	0.141	
Pop8	0.259	0.404	0.403	0.135	0.381	0.236	0.348	0.414	
Pop9	0.408	0.423	0.415	0.452	0.109	0.517	0.483	0.548	0.417	
CV error (K=10): 0.38087
Writing output files.
