****                   ADMIXTURE Version 1.3.0                  ****
****                    Copyright 2008-2015                     ****
****           David Alexander, Suyash Shringarpure,            ****
****                John  Novembre, Ken Lange                   ****
****                                                            ****
****                 Please cite our paper!                     ****
****   Information at www.genetics.ucla.edu/software/admixture  ****

Cross-validation will be performed.  Folds=5.
Random seed: 30666
Point estimation method: Block relaxation algorithm
Convergence acceleration algorithm: QuasiNewton, 3 secant conditions
Point estimation will terminate when objective function delta < 0.0001
Estimation of standard errors disabled; will compute point estimates only.
Size of G: 260x6978
Performing five EM steps to prime main algorithm
1 (EM) 	Elapsed: 0.08	Loglikelihood: -1.81865e+06	(delta): 829186
2 (EM) 	Elapsed: 0.078	Loglikelihood: -1.76379e+06	(delta): 54861.1
3 (EM) 	Elapsed: 0.078	Loglikelihood: -1.74725e+06	(delta): 16544.3
4 (EM) 	Elapsed: 0.078	Loglikelihood: -1.73446e+06	(delta): 12791.2
5 (EM) 	Elapsed: 0.078	Loglikelihood: -1.72139e+06	(delta): 13065
Initial loglikelihood: -1.72139e+06
Starting main algorithm
1 (QN/Block) 	Elapsed: 0.171	Loglikelihood: -1.18867e+06	(delta): 532726
2 (QN/Block) 	Elapsed: 0.172	Loglikelihood: -1.12264e+06	(delta): 66027
3 (QN/Block) 	Elapsed: 0.188	Loglikelihood: -1.08901e+06	(delta): 33630.5
4 (QN/Block) 	Elapsed: 0.187	Loglikelihood: -1.06827e+06	(delta): 20736.3
5 (QN/Block) 	Elapsed: 0.187	Loglikelihood: -1.0632e+06	(delta): 5073.35
6 (QN/Block) 	Elapsed: 0.187	Loglikelihood: -1.06216e+06	(delta): 1038.68
7 (QN/Block) 	Elapsed: 0.187	Loglikelihood: -1.0617e+06	(delta): 457.596
8 (QN/Block) 	Elapsed: 0.196	Loglikelihood: -1.06142e+06	(delta): 282.116
9 (QN/Block) 	Elapsed: 0.195	Loglikelihood: -1.06121e+06	(delta): 214.364
10 (QN/Block) 	Elapsed: 0.187	Loglikelihood: -1.06103e+06	(delta): 172.195
11 (QN/Block) 	Elapsed: 0.195	Loglikelihood: -1.06092e+06	(delta): 112.849
12 (QN/Block) 	Elapsed: 0.195	Loglikelihood: -1.06088e+06	(delta): 40.853
13 (QN/Block) 	Elapsed: 0.195	Loglikelihood: -1.06087e+06	(delta): 7.34942
14 (QN/Block) 	Elapsed: 0.213	Loglikelihood: -1.06087e+06	(delta): 0.307588
15 (QN/Block) 	Elapsed: 0.186	Loglikelihood: -1.06087e+06	(delta): 0.00871014
16 (QN/Block) 	Elapsed: 0.186	Loglikelihood: -1.06087e+06	(delta): 0.00015195
17 (QN/Block) 	Elapsed: 0.185	Loglikelihood: -1.06087e+06	(delta): 1.87266e-06
Summary: 
Converged in 17 iterations (3.84 sec)
Loglikelihood: -1060872.619162
Fst divergences between estimated populations: 
	Pop0	Pop1	Pop2	Pop3	Pop4	
Pop0	
Pop1	0.344	
Pop2	0.441	0.376	
Pop3	0.381	0.136	0.417	
Pop4	0.443	0.235	0.479	0.276	
Pop5	0.451	0.395	0.371	0.432	0.496	
CV error (K=6): 0.38119
Writing output files.
