****                   ADMIXTURE Version 1.3.0                  ****
****                    Copyright 2008-2015                     ****
****           David Alexander, Suyash Shringarpure,            ****
****                John  Novembre, Ken Lange                   ****
****                                                            ****
****                 Please cite our paper!                     ****
****   Information at www.genetics.ucla.edu/software/admixture  ****

Cross-validation will be performed.  Folds=5.
Random seed: 30666
Point estimation method: Block relaxation algorithm
Convergence acceleration algorithm: QuasiNewton, 3 secant conditions
Point estimation will terminate when objective function delta < 0.0001
Estimation of standard errors disabled; will compute point estimates only.
Size of G: 260x6978
Performing five EM steps to prime main algorithm
1 (EM) 	Elapsed: 0.091	Loglikelihood: -1.81605e+06	(delta): 807733
2 (EM) 	Elapsed: 0.091	Loglikelihood: -1.76126e+06	(delta): 54785.9
3 (EM) 	Elapsed: 0.091	Loglikelihood: -1.74419e+06	(delta): 17073.8
4 (EM) 	Elapsed: 0.091	Loglikelihood: -1.72913e+06	(delta): 15057.6
5 (EM) 	Elapsed: 0.09	Loglikelihood: -1.71129e+06	(delta): 17841.4
Initial loglikelihood: -1.71129e+06
Starting main algorithm
1 (QN/Block) 	Elapsed: 0.21	Loglikelihood: -1.16969e+06	(delta): 541598
2 (QN/Block) 	Elapsed: 0.211	Loglikelihood: -1.10505e+06	(delta): 64641.1
3 (QN/Block) 	Elapsed: 0.231	Loglikelihood: -1.08002e+06	(delta): 25034
4 (QN/Block) 	Elapsed: 0.24	Loglikelihood: -1.06617e+06	(delta): 13845.8
5 (QN/Block) 	Elapsed: 0.229	Loglikelihood: -1.06131e+06	(delta): 4863.19
6 (QN/Block) 	Elapsed: 0.229	Loglikelihood: -1.06027e+06	(delta): 1040.82
7 (QN/Block) 	Elapsed: 0.229	Loglikelihood: -1.05963e+06	(delta): 641.804
8 (QN/Block) 	Elapsed: 0.229	Loglikelihood: -1.05814e+06	(delta): 1491.43
9 (QN/Block) 	Elapsed: 0.229	Loglikelihood: -1.05027e+06	(delta): 7863.03
10 (QN/Block) 	Elapsed: 0.229	Loglikelihood: -1.04793e+06	(delta): 2342.21
11 (QN/Block) 	Elapsed: 0.228	Loglikelihood: -1.04712e+06	(delta): 812.905
12 (QN/Block) 	Elapsed: 0.228	Loglikelihood: -1.04676e+06	(delta): 353.551
13 (QN/Block) 	Elapsed: 0.238	Loglikelihood: -1.04657e+06	(delta): 192.987
14 (QN/Block) 	Elapsed: 0.228	Loglikelihood: -1.04646e+06	(delta): 108.807
15 (QN/Block) 	Elapsed: 0.228	Loglikelihood: -1.04641e+06	(delta): 56.2552
16 (QN/Block) 	Elapsed: 0.228	Loglikelihood: -1.04638e+06	(delta): 28.2851
17 (QN/Block) 	Elapsed: 0.238	Loglikelihood: -1.04637e+06	(delta): 4.35296
18 (QN/Block) 	Elapsed: 0.247	Loglikelihood: -1.04637e+06	(delta): 0.301022
19 (QN/Block) 	Elapsed: 0.228	Loglikelihood: -1.04637e+06	(delta): 0.0136575
20 (QN/Block) 	Elapsed: 0.228	Loglikelihood: -1.04637e+06	(delta): 0.00178135
21 (QN/Block) 	Elapsed: 0.228	Loglikelihood: -1.04637e+06	(delta): 0.000110859
22 (QN/Block) 	Elapsed: 0.228	Loglikelihood: -1.04637e+06	(delta): 8.99937e-06
Summary: 
Converged in 22 iterations (5.799 sec)
Loglikelihood: -1046372.535093
Fst divergences between estimated populations: 
	Pop0	Pop1	Pop2	Pop3	Pop4	Pop5	
Pop0	
Pop1	0.454	
Pop2	0.446	0.495	
Pop3	0.444	0.371	0.479	
Pop4	0.101	0.380	0.365	0.368	
Pop5	0.141	0.518	0.511	0.510	0.183	
Pop6	0.348	0.397	0.236	0.380	0.260	0.415	
CV error (K=7): 0.37784
Writing output files.
