****                   ADMIXTURE Version 1.3.0                  ****
****                    Copyright 2008-2015                     ****
****           David Alexander, Suyash Shringarpure,            ****
****                John  Novembre, Ken Lange                   ****
****                                                            ****
****                 Please cite our paper!                     ****
****   Information at www.genetics.ucla.edu/software/admixture  ****

Cross-validation will be performed.  Folds=5.
Random seed: 30666
Point estimation method: Block relaxation algorithm
Convergence acceleration algorithm: QuasiNewton, 3 secant conditions
Point estimation will terminate when objective function delta < 0.0001
Estimation of standard errors disabled; will compute point estimates only.
Size of G: 260x6978
Performing five EM steps to prime main algorithm
1 (EM) 	Elapsed: 0.057	Loglikelihood: -1.82536e+06	(delta): 933700
2 (EM) 	Elapsed: 0.053	Loglikelihood: -1.76936e+06	(delta): 56003.6
3 (EM) 	Elapsed: 0.053	Loglikelihood: -1.75136e+06	(delta): 18000.3
4 (EM) 	Elapsed: 0.053	Loglikelihood: -1.73841e+06	(delta): 12943
5 (EM) 	Elapsed: 0.053	Loglikelihood: -1.72608e+06	(delta): 12330.2
Initial loglikelihood: -1.72608e+06
Starting main algorithm
1 (QN/Block) 	Elapsed: 0.104	Loglikelihood: -1.30842e+06	(delta): 417669
2 (QN/Block) 	Elapsed: 0.104	Loglikelihood: -1.24012e+06	(delta): 68295.5
3 (QN/Block) 	Elapsed: 0.119	Loglikelihood: -1.21086e+06	(delta): 29258.1
4 (QN/Block) 	Elapsed: 0.118	Loglikelihood: -1.19528e+06	(delta): 15586.9
5 (QN/Block) 	Elapsed: 0.133	Loglikelihood: -1.19231e+06	(delta): 2964.35
6 (QN/Block) 	Elapsed: 0.117	Loglikelihood: -1.19191e+06	(delta): 398.276
7 (QN/Block) 	Elapsed: 0.117	Loglikelihood: -1.19187e+06	(delta): 44.454
8 (QN/Block) 	Elapsed: 0.117	Loglikelihood: -1.19186e+06	(delta): 11.8552
9 (QN/Block) 	Elapsed: 0.141	Loglikelihood: -1.19186e+06	(delta): 0.398547
10 (QN/Block) 	Elapsed: 0.117	Loglikelihood: -1.19186e+06	(delta): 0.00590371
11 (QN/Block) 	Elapsed: 0.117	Loglikelihood: -1.19186e+06	(delta): 5.60272e-05
Summary: 
Converged in 11 iterations (1.736 sec)
Loglikelihood: -1191855.863730
Fst divergences between estimated populations: 
	Pop0	Pop1	Pop2	
Pop0	
Pop1	0.342	
Pop2	0.370	0.311	
Pop3	0.442	0.233	0.413	
CV error (K=4): 0.44685
Writing output files.
