****                   ADMIXTURE Version 1.3.0                  ****
****                    Copyright 2008-2015                     ****
****           David Alexander, Suyash Shringarpure,            ****
****                John  Novembre, Ken Lange                   ****
****                                                            ****
****                 Please cite our paper!                     ****
****   Information at www.genetics.ucla.edu/software/admixture  ****

Cross-validation will be performed.  Folds=5.
Random seed: 4207
Point estimation method: Block relaxation algorithm
Convergence acceleration algorithm: QuasiNewton, 3 secant conditions
Point estimation will terminate when objective function delta < 0.0001
Estimation of standard errors disabled; will compute point estimates only.
Size of G: 260x6978
Performing five EM steps to prime main algorithm
1 (EM) 	Elapsed: 0.136	Loglikelihood: -1.80921e+06	(delta): 766453
2 (EM) 	Elapsed: 0.133	Loglikelihood: -1.75416e+06	(delta): 55050.9
3 (EM) 	Elapsed: 0.133	Loglikelihood: -1.73764e+06	(delta): 16527.8
4 (EM) 	Elapsed: 0.133	Loglikelihood: -1.72188e+06	(delta): 15758.3
5 (EM) 	Elapsed: 0.132	Loglikelihood: -1.70207e+06	(delta): 19808.2
Initial loglikelihood: -1.70207e+06
Starting main algorithm
1 (QN/Block) 	Elapsed: 0.368	Loglikelihood: -1.16784e+06	(delta): 534228
2 (QN/Block) 	Elapsed: 0.37	Loglikelihood: -1.08594e+06	(delta): 81897.6
3 (QN/Block) 	Elapsed: 0.405	Loglikelihood: -1.05437e+06	(delta): 31575.2
4 (QN/Block) 	Elapsed: 0.389	Loglikelihood: -1.03335e+06	(delta): 21016.8
5 (QN/Block) 	Elapsed: 0.388	Loglikelihood: -1.02571e+06	(delta): 7640.71
6 (QN/Block) 	Elapsed: 0.388	Loglikelihood: -1.02256e+06	(delta): 3150.31
7 (QN/Block) 	Elapsed: 0.388	Loglikelihood: -1.022e+06	(delta): 561.091
8 (QN/Block) 	Elapsed: 0.388	Loglikelihood: -1.0216e+06	(delta): 397.548
9 (QN/Block) 	Elapsed: 0.399	Loglikelihood: -1.02143e+06	(delta): 168.872
10 (QN/Block) 	Elapsed: 0.388	Loglikelihood: -1.02133e+06	(delta): 105.584
11 (QN/Block) 	Elapsed: 0.388	Loglikelihood: -1.02125e+06	(delta): 79.1116
12 (QN/Block) 	Elapsed: 0.387	Loglikelihood: -1.0212e+06	(delta): 51.7564
13 (QN/Block) 	Elapsed: 0.387	Loglikelihood: -1.02116e+06	(delta): 33.7384
14 (QN/Block) 	Elapsed: 0.386	Loglikelihood: -1.02114e+06	(delta): 22.1161
15 (QN/Block) 	Elapsed: 0.387	Loglikelihood: -1.02112e+06	(delta): 20.0656
16 (QN/Block) 	Elapsed: 0.387	Loglikelihood: -1.02111e+06	(delta): 12.4808
17 (QN/Block) 	Elapsed: 0.388	Loglikelihood: -1.0211e+06	(delta): 6.86793
18 (QN/Block) 	Elapsed: 0.387	Loglikelihood: -1.0211e+06	(delta): 4.56039
19 (QN/Block) 	Elapsed: 0.387	Loglikelihood: -1.02109e+06	(delta): 2.63444
20 (QN/Block) 	Elapsed: 0.388	Loglikelihood: -1.02109e+06	(delta): 0.515207
21 (QN/Block) 	Elapsed: 0.388	Loglikelihood: -1.02109e+06	(delta): 0.164995
22 (QN/Block) 	Elapsed: 0.386	Loglikelihood: -1.02109e+06	(delta): 0.037861
23 (QN/Block) 	Elapsed: 0.388	Loglikelihood: -1.02109e+06	(delta): 0.00246541
24 (QN/Block) 	Elapsed: 0.388	Loglikelihood: -1.02109e+06	(delta): 0.00231554
25 (QN/Block) 	Elapsed: 0.422	Loglikelihood: -1.02109e+06	(delta): 0.000620633
26 (QN/Block) 	Elapsed: 0.422	Loglikelihood: -1.02109e+06	(delta): 0.000645958
27 (QN/Block) 	Elapsed: 0.422	Loglikelihood: -1.02109e+06	(delta): 0.00070201
28 (QN/Block) 	Elapsed: 0.423	Loglikelihood: -1.02109e+06	(delta): 0.000767235
29 (QN/Block) 	Elapsed: 0.421	Loglikelihood: -1.02109e+06	(delta): 0.000839755
30 (QN/Block) 	Elapsed: 0.422	Loglikelihood: -1.02109e+06	(delta): 0.000919848
31 (QN/Block) 	Elapsed: 0.42	Loglikelihood: -1.02109e+06	(delta): 0.0010082
32 (QN/Block) 	Elapsed: 0.422	Loglikelihood: -1.02109e+06	(delta): 0.00110573
33 (QN/Block) 	Elapsed: 0.422	Loglikelihood: -1.02109e+06	(delta): 0.00121347
34 (QN/Block) 	Elapsed: 0.421	Loglikelihood: -1.02109e+06	(delta): 0.00133261
35 (QN/Block) 	Elapsed: 0.421	Loglikelihood: -1.02109e+06	(delta): 0.00146452
36 (QN/Block) 	Elapsed: 0.422	Loglikelihood: -1.02109e+06	(delta): 0.00161076
37 (QN/Block) 	Elapsed: 0.421	Loglikelihood: -1.02109e+06	(delta): 0.00177308
38 (QN/Block) 	Elapsed: 0.421	Loglikelihood: -1.02109e+06	(delta): 0.00195355
39 (QN/Block) 	Elapsed: 0.421	Loglikelihood: -1.02109e+06	(delta): 0.00215546
40 (QN/Block) 	Elapsed: 0.422	Loglikelihood: -1.02109e+06	(delta): 0.00238714
41 (QN/Block) 	Elapsed: 0.422	Loglikelihood: -1.02109e+06	(delta): 0.00264822
42 (QN/Block) 	Elapsed: 0.421	Loglikelihood: -1.02109e+06	(delta): 0.0029414
43 (QN/Block) 	Elapsed: 0.421	Loglikelihood: -1.02109e+06	(delta): 0.00327119
44 (QN/Block) 	Elapsed: 0.422	Loglikelihood: -1.02109e+06	(delta): 0.00364295
45 (QN/Block) 	Elapsed: 0.423	Loglikelihood: -1.02109e+06	(delta): 0.00406302
46 (QN/Block) 	Elapsed: 0.422	Loglikelihood: -1.02109e+06	(delta): 0.00453895
47 (QN/Block) 	Elapsed: 0.42	Loglikelihood: -1.02109e+06	(delta): 0.00507973
48 (QN/Block) 	Elapsed: 0.421	Loglikelihood: -1.02109e+06	(delta): 0.00569655
49 (QN/Block) 	Elapsed: 0.421	Loglikelihood: -1.02109e+06	(delta): 0.00640715
50 (QN/Block) 	Elapsed: 0.422	Loglikelihood: -1.02109e+06	(delta): 0.00722591
51 (QN/Block) 	Elapsed: 0.422	Loglikelihood: -1.02109e+06	(delta): 0.00817056
52 (QN/Block) 	Elapsed: 0.422	Loglikelihood: -1.02109e+06	(delta): 0.00926483
53 (QN/Block) 	Elapsed: 0.422	Loglikelihood: -1.02109e+06	(delta): 0.0105336
54 (QN/Block) 	Elapsed: 0.422	Loglikelihood: -1.02109e+06	(delta): 0.00341358
55 (QN/Block) 	Elapsed: 0.387	Loglikelihood: -1.02109e+06	(delta): 0.00669273
56 (QN/Block) 	Elapsed: 0.387	Loglikelihood: -1.02109e+06	(delta): 0.000848433
57 (QN/Block) 	Elapsed: 0.387	Loglikelihood: -1.02109e+06	(delta): 0.000145264
58 (QN/Block) 	Elapsed: 0.388	Loglikelihood: -1.02109e+06	(delta): 3.45593e-05
Summary: 
Converged in 58 iterations (24.947 sec)
Loglikelihood: -1021093.367814
Fst divergences between estimated populations: 
	Pop0	Pop1	Pop2	Pop3	Pop4	Pop5	Pop6	Pop7	Pop8	
Pop0	
Pop1	0.501	
Pop2	0.442	0.535	
Pop3	0.436	0.276	0.470	
Pop4	0.054	0.503	0.441	0.440	
Pop5	0.379	0.481	0.151	0.419	0.382	
Pop6	0.524	0.512	0.569	0.450	0.524	0.511	
Pop7	0.385	0.365	0.426	0.298	0.388	0.367	0.183	
Pop8	0.403	0.236	0.436	0.135	0.406	0.381	0.414	0.259	
Pop9	0.460	0.446	0.503	0.383	0.461	0.444	0.141	0.101	0.348	
CV error (K=10): 0.37948
Writing output files.
