****                   ADMIXTURE Version 1.3.0                  ****
****                    Copyright 2008-2015                     ****
****           David Alexander, Suyash Shringarpure,            ****
****                John  Novembre, Ken Lange                   ****
****                                                            ****
****                 Please cite our paper!                     ****
****   Information at www.genetics.ucla.edu/software/admixture  ****

Cross-validation will be performed.  Folds=5.
Random seed: 4207
Point estimation method: Block relaxation algorithm
Convergence acceleration algorithm: QuasiNewton, 3 secant conditions
Point estimation will terminate when objective function delta < 0.0001
Estimation of standard errors disabled; will compute point estimates only.
Size of G: 260x6978
Performing five EM steps to prime main algorithm
1 (EM) 	Elapsed: 0.053	Loglikelihood: -1.82109e+06	(delta): 915351
2 (EM) 	Elapsed: 0.053	Loglikelihood: -1.76778e+06	(delta): 53304.7
3 (EM) 	Elapsed: 0.053	Loglikelihood: -1.75106e+06	(delta): 16725.4
4 (EM) 	Elapsed: 0.053	Loglikelihood: -1.73931e+06	(delta): 11745.9
5 (EM) 	Elapsed: 0.053	Loglikelihood: -1.72857e+06	(delta): 10741.2
Initial loglikelihood: -1.72857e+06
Starting main algorithm
1 (QN/Block) 	Elapsed: 0.104	Loglikelihood: -1.32856e+06	(delta): 400014
2 (QN/Block) 	Elapsed: 0.106	Loglikelihood: -1.24299e+06	(delta): 85566
3 (QN/Block) 	Elapsed: 0.13	Loglikelihood: -1.18929e+06	(delta): 53697.4
4 (QN/Block) 	Elapsed: 0.136	Loglikelihood: -1.15467e+06	(delta): 34620.3
5 (QN/Block) 	Elapsed: 0.117	Loglikelihood: -1.14053e+06	(delta): 14141.1
6 (QN/Block) 	Elapsed: 0.125	Loglikelihood: -1.13404e+06	(delta): 6493.2
7 (QN/Block) 	Elapsed: 0.117	Loglikelihood: -1.13336e+06	(delta): 674.031
8 (QN/Block) 	Elapsed: 0.117	Loglikelihood: -1.13307e+06	(delta): 290.725
9 (QN/Block) 	Elapsed: 0.133	Loglikelihood: -1.13301e+06	(delta): 59.509
10 (QN/Block) 	Elapsed: 0.125	Loglikelihood: -1.13301e+06	(delta): 6.28537
11 (QN/Block) 	Elapsed: 0.117	Loglikelihood: -1.13301e+06	(delta): 0.348184
12 (QN/Block) 	Elapsed: 0.117	Loglikelihood: -1.13301e+06	(delta): 0.114484
13 (QN/Block) 	Elapsed: 0.117	Loglikelihood: -1.13301e+06	(delta): 0.00507619
14 (QN/Block) 	Elapsed: 0.117	Loglikelihood: -1.13301e+06	(delta): 9.16582e-05
Summary: 
Converged in 14 iterations (2.127 sec)
Loglikelihood: -1133007.284626
Fst divergences between estimated populations: 
	Pop0	Pop1	Pop2	
Pop0	
Pop1	0.401	
Pop2	0.383	0.371	
Pop3	0.348	0.450	0.440	
CV error (K=4): 0.41109
Writing output files.
