****                   ADMIXTURE Version 1.3.0                  ****
****                    Copyright 2008-2015                     ****
****           David Alexander, Suyash Shringarpure,            ****
****                John  Novembre, Ken Lange                   ****
****                                                            ****
****                 Please cite our paper!                     ****
****   Information at www.genetics.ucla.edu/software/admixture  ****

Cross-validation will be performed.  Folds=5.
Random seed: 4207
Point estimation method: Block relaxation algorithm
Convergence acceleration algorithm: QuasiNewton, 3 secant conditions
Point estimation will terminate when objective function delta < 0.0001
Estimation of standard errors disabled; will compute point estimates only.
Size of G: 260x6978
Performing five EM steps to prime main algorithm
1 (EM) 	Elapsed: 0.041	Loglikelihood: -1.8198e+06	(delta): 1.00214e+06
2 (EM) 	Elapsed: 0.041	Loglikelihood: -1.76635e+06	(delta): 53442.3
3 (EM) 	Elapsed: 0.041	Loglikelihood: -1.75039e+06	(delta): 15962.3
4 (EM) 	Elapsed: 0.041	Loglikelihood: -1.74008e+06	(delta): 10312.2
5 (EM) 	Elapsed: 0.041	Loglikelihood: -1.73135e+06	(delta): 8724.3
Initial loglikelihood: -1.73135e+06
Starting main algorithm
1 (QN/Block) 	Elapsed: 0.073	Loglikelihood: -1.37815e+06	(delta): 353204
2 (QN/Block) 	Elapsed: 0.073	Loglikelihood: -1.29877e+06	(delta): 79377.4
3 (QN/Block) 	Elapsed: 0.089	Loglikelihood: -1.26902e+06	(delta): 29757.6
4 (QN/Block) 	Elapsed: 0.089	Loglikelihood: -1.25178e+06	(delta): 17237.2
5 (QN/Block) 	Elapsed: 0.11	Loglikelihood: -1.24656e+06	(delta): 5221.71
6 (QN/Block) 	Elapsed: 0.088	Loglikelihood: -1.24583e+06	(delta): 729.267
7 (QN/Block) 	Elapsed: 0.088	Loglikelihood: -1.24568e+06	(delta): 145.761
8 (QN/Block) 	Elapsed: 0.096	Loglikelihood: -1.24566e+06	(delta): 22.3616
9 (QN/Block) 	Elapsed: 0.11	Loglikelihood: -1.24566e+06	(delta): 0.70466
10 (QN/Block) 	Elapsed: 0.088	Loglikelihood: -1.24566e+06	(delta): 0.0143049
11 (QN/Block) 	Elapsed: 0.087	Loglikelihood: -1.24566e+06	(delta): 0.000276014
12 (QN/Block) 	Elapsed: 0.087	Loglikelihood: -1.24566e+06	(delta): 5.02798e-06
Summary: 
Converged in 12 iterations (1.439 sec)
Loglikelihood: -1245658.817972
Fst divergences between estimated populations: 
	Pop0	Pop1	
Pop0	
Pop1	0.319	
Pop2	0.348	0.369	
CV error (K=3): 0.47180
Writing output files.
