****                   ADMIXTURE Version 1.3.0                  ****
****                    Copyright 2008-2015                     ****
****           David Alexander, Suyash Shringarpure,            ****
****                John  Novembre, Ken Lange                   ****
****                                                            ****
****                 Please cite our paper!                     ****
****   Information at www.genetics.ucla.edu/software/admixture  ****

Cross-validation will be performed.  Folds=5.
Random seed: 4207
Point estimation method: Block relaxation algorithm
Convergence acceleration algorithm: QuasiNewton, 3 secant conditions
Point estimation will terminate when objective function delta < 0.0001
Estimation of standard errors disabled; will compute point estimates only.
Size of G: 260x6978
Performing five EM steps to prime main algorithm
1 (EM) 	Elapsed: 0.091	Loglikelihood: -1.81837e+06	(delta): 813390
2 (EM) 	Elapsed: 0.091	Loglikelihood: -1.7649e+06	(delta): 53470.7
3 (EM) 	Elapsed: 0.091	Loglikelihood: -1.74973e+06	(delta): 15173.7
4 (EM) 	Elapsed: 0.091	Loglikelihood: -1.73779e+06	(delta): 11942.4
5 (EM) 	Elapsed: 0.09	Loglikelihood: -1.725e+06	(delta): 12788
Initial loglikelihood: -1.725e+06
Starting main algorithm
1 (QN/Block) 	Elapsed: 0.209	Loglikelihood: -1.20435e+06	(delta): 520650
2 (QN/Block) 	Elapsed: 0.211	Loglikelihood: -1.11006e+06	(delta): 94291.6
3 (QN/Block) 	Elapsed: 0.231	Loglikelihood: -1.07771e+06	(delta): 32346.3
4 (QN/Block) 	Elapsed: 0.239	Loglikelihood: -1.05442e+06	(delta): 23290.4
5 (QN/Block) 	Elapsed: 0.238	Loglikelihood: -1.04671e+06	(delta): 7709.25
6 (QN/Block) 	Elapsed: 0.237	Loglikelihood: -1.0433e+06	(delta): 3415.49
7 (QN/Block) 	Elapsed: 0.247	Loglikelihood: -1.04266e+06	(delta): 632.457
8 (QN/Block) 	Elapsed: 0.256	Loglikelihood: -1.04251e+06	(delta): 149.342
9 (QN/Block) 	Elapsed: 0.247	Loglikelihood: -1.04244e+06	(delta): 76.5153
10 (QN/Block) 	Elapsed: 0.247	Loglikelihood: -1.04239e+06	(delta): 46.7567
11 (QN/Block) 	Elapsed: 0.238	Loglikelihood: -1.04237e+06	(delta): 19.0881
12 (QN/Block) 	Elapsed: 0.257	Loglikelihood: -1.04237e+06	(delta): 3.60071
13 (QN/Block) 	Elapsed: 0.228	Loglikelihood: -1.04237e+06	(delta): 0.42759
14 (QN/Block) 	Elapsed: 0.257	Loglikelihood: -1.04237e+06	(delta): 0.0166524
15 (QN/Block) 	Elapsed: 0.228	Loglikelihood: -1.04237e+06	(delta): 0.000143005
16 (QN/Block) 	Elapsed: 0.228	Loglikelihood: -1.04237e+06	(delta): 2.09642e-05
Summary: 
Converged in 16 iterations (4.496 sec)
Loglikelihood: -1042366.998970
Fst divergences between estimated populations: 
	Pop0	Pop1	Pop2	Pop3	Pop4	Pop5	
Pop0	
Pop1	0.371	
Pop2	0.417	0.432	
Pop3	0.380	0.398	0.135	
Pop4	0.447	0.457	0.386	0.351	
Pop5	0.368	0.380	0.298	0.259	0.100	
Pop6	0.479	0.496	0.276	0.236	0.449	0.365	
CV error (K=7): 0.37760
Writing output files.
