****                   ADMIXTURE Version 1.3.0                  ****
****                    Copyright 2008-2015                     ****
****           David Alexander, Suyash Shringarpure,            ****
****                John  Novembre, Ken Lange                   ****
****                                                            ****
****                 Please cite our paper!                     ****
****   Information at www.genetics.ucla.edu/software/admixture  ****

Cross-validation will be performed.  Folds=5.
Random seed: 4207
Point estimation method: Block relaxation algorithm
Convergence acceleration algorithm: QuasiNewton, 3 secant conditions
Point estimation will terminate when objective function delta < 0.0001
Estimation of standard errors disabled; will compute point estimates only.
Size of G: 260x6978
Performing five EM steps to prime main algorithm
1 (EM) 	Elapsed: 0.104	Loglikelihood: -1.81575e+06	(delta): 788318
2 (EM) 	Elapsed: 0.104	Loglikelihood: -1.762e+06	(delta): 53751.4
3 (EM) 	Elapsed: 0.104	Loglikelihood: -1.7474e+06	(delta): 14600.1
4 (EM) 	Elapsed: 0.104	Loglikelihood: -1.73579e+06	(delta): 11607.7
5 (EM) 	Elapsed: 0.104	Loglikelihood: -1.72311e+06	(delta): 12688.1
Initial loglikelihood: -1.72311e+06
Starting main algorithm
1 (QN/Block) 	Elapsed: 0.259	Loglikelihood: -1.16788e+06	(delta): 555222
2 (QN/Block) 	Elapsed: 0.26	Loglikelihood: -1.08683e+06	(delta): 81051.7
3 (QN/Block) 	Elapsed: 0.28	Loglikelihood: -1.06168e+06	(delta): 25147.6
4 (QN/Block) 	Elapsed: 0.288	Loglikelihood: -1.04214e+06	(delta): 19541
5 (QN/Block) 	Elapsed: 0.287	Loglikelihood: -1.03369e+06	(delta): 8454.65
6 (QN/Block) 	Elapsed: 0.277	Loglikelihood: -1.03102e+06	(delta): 2670.65
7 (QN/Block) 	Elapsed: 0.276	Loglikelihood: -1.02958e+06	(delta): 1439.05
8 (QN/Block) 	Elapsed: 0.287	Loglikelihood: -1.02918e+06	(delta): 398.608
9 (QN/Block) 	Elapsed: 0.276	Loglikelihood: -1.02896e+06	(delta): 217.021
10 (QN/Block) 	Elapsed: 0.277	Loglikelihood: -1.02883e+06	(delta): 132.753
11 (QN/Block) 	Elapsed: 0.287	Loglikelihood: -1.02856e+06	(delta): 274.514
12 (QN/Block) 	Elapsed: 0.296	Loglikelihood: -1.0285e+06	(delta): 57.5037
13 (QN/Block) 	Elapsed: 0.276	Loglikelihood: -1.02847e+06	(delta): 31.1006
14 (QN/Block) 	Elapsed: 0.276	Loglikelihood: -1.02845e+06	(delta): 13.983
15 (QN/Block) 	Elapsed: 0.277	Loglikelihood: -1.02845e+06	(delta): 7.46387
16 (QN/Block) 	Elapsed: 0.276	Loglikelihood: -1.02844e+06	(delta): 2.41306
17 (QN/Block) 	Elapsed: 0.276	Loglikelihood: -1.02844e+06	(delta): 0.601447
18 (QN/Block) 	Elapsed: 0.276	Loglikelihood: -1.02844e+06	(delta): 0.0414484
19 (QN/Block) 	Elapsed: 0.276	Loglikelihood: -1.02844e+06	(delta): 0.0250715
20 (QN/Block) 	Elapsed: 0.276	Loglikelihood: -1.02844e+06	(delta): 0.029228
21 (QN/Block) 	Elapsed: 0.277	Loglikelihood: -1.02844e+06	(delta): 0.000297907
22 (QN/Block) 	Elapsed: 0.276	Loglikelihood: -1.02844e+06	(delta): 2.88731e-05
Summary: 
Converged in 22 iterations (6.949 sec)
Loglikelihood: -1028443.500690
Fst divergences between estimated populations: 
	Pop0	Pop1	Pop2	Pop3	Pop4	Pop5	Pop6	
Pop0	
Pop1	0.380	
Pop2	0.444	0.348	
Pop3	0.417	0.135	0.383	
Pop4	0.371	0.398	0.454	0.432	
Pop5	0.510	0.414	0.141	0.450	0.518	
Pop6	0.368	0.259	0.101	0.297	0.380	0.183	
Pop7	0.480	0.236	0.446	0.276	0.496	0.512	0.365	
CV error (K=8): 0.37353
Writing output files.
