****                   ADMIXTURE Version 1.3.0                  ****
****                    Copyright 2008-2015                     ****
****           David Alexander, Suyash Shringarpure,            ****
****                John  Novembre, Ken Lange                   ****
****                                                            ****
****                 Please cite our paper!                     ****
****   Information at www.genetics.ucla.edu/software/admixture  ****

Cross-validation will be performed.  Folds=5.
Random seed: 4207
Point estimation method: Block relaxation algorithm
Convergence acceleration algorithm: QuasiNewton, 3 secant conditions
Point estimation will terminate when objective function delta < 0.0001
Estimation of standard errors disabled; will compute point estimates only.
Size of G: 260x6978
Performing five EM steps to prime main algorithm
1 (EM) 	Elapsed: 0.079	Loglikelihood: -1.81906e+06	(delta): 835484
2 (EM) 	Elapsed: 0.078	Loglikelihood: -1.76551e+06	(delta): 53549.9
3 (EM) 	Elapsed: 0.078	Loglikelihood: -1.74951e+06	(delta): 16005.2
4 (EM) 	Elapsed: 0.078	Loglikelihood: -1.73699e+06	(delta): 12516.7
5 (EM) 	Elapsed: 0.078	Loglikelihood: -1.72395e+06	(delta): 13042.7
Initial loglikelihood: -1.72395e+06
Starting main algorithm
1 (QN/Block) 	Elapsed: 0.171	Loglikelihood: -1.25444e+06	(delta): 469515
2 (QN/Block) 	Elapsed: 0.172	Loglikelihood: -1.15096e+06	(delta): 103473
3 (QN/Block) 	Elapsed: 0.19	Loglikelihood: -1.1097e+06	(delta): 41267.2
4 (QN/Block) 	Elapsed: 0.189	Loglikelihood: -1.08717e+06	(delta): 22521.9
5 (QN/Block) 	Elapsed: 0.187	Loglikelihood: -1.0799e+06	(delta): 7268.86
6 (QN/Block) 	Elapsed: 0.214	Loglikelihood: -1.07769e+06	(delta): 2216.85
7 (QN/Block) 	Elapsed: 0.187	Loglikelihood: -1.07707e+06	(delta): 613.131
8 (QN/Block) 	Elapsed: 0.195	Loglikelihood: -1.07674e+06	(delta): 338.157
9 (QN/Block) 	Elapsed: 0.204	Loglikelihood: -1.0766e+06	(delta): 137.384
10 (QN/Block) 	Elapsed: 0.186	Loglikelihood: -1.07648e+06	(delta): 117.428
11 (QN/Block) 	Elapsed: 0.187	Loglikelihood: -1.07636e+06	(delta): 124.095
12 (QN/Block) 	Elapsed: 0.195	Loglikelihood: -1.07627e+06	(delta): 89.5327
13 (QN/Block) 	Elapsed: 0.187	Loglikelihood: -1.07622e+06	(delta): 50.3876
14 (QN/Block) 	Elapsed: 0.187	Loglikelihood: -1.07618e+06	(delta): 35.9629
15 (QN/Block) 	Elapsed: 0.195	Loglikelihood: -1.07617e+06	(delta): 12.7669
16 (QN/Block) 	Elapsed: 0.204	Loglikelihood: -1.07616e+06	(delta): 4.50947
17 (QN/Block) 	Elapsed: 0.196	Loglikelihood: -1.07616e+06	(delta): 2.12803
18 (QN/Block) 	Elapsed: 0.194	Loglikelihood: -1.07616e+06	(delta): 1.12201
19 (QN/Block) 	Elapsed: 0.186	Loglikelihood: -1.07616e+06	(delta): 1.23073
20 (QN/Block) 	Elapsed: 0.195	Loglikelihood: -1.07616e+06	(delta): 1.75089
21 (QN/Block) 	Elapsed: 0.204	Loglikelihood: -1.07616e+06	(delta): 0.318595
22 (QN/Block) 	Elapsed: 0.186	Loglikelihood: -1.07616e+06	(delta): 0.232104
23 (QN/Block) 	Elapsed: 0.187	Loglikelihood: -1.07616e+06	(delta): 0.227792
24 (QN/Block) 	Elapsed: 0.187	Loglikelihood: -1.07616e+06	(delta): 0.549245
25 (QN/Block) 	Elapsed: 0.213	Loglikelihood: -1.07616e+06	(delta): 0.501925
26 (QN/Block) 	Elapsed: 0.213	Loglikelihood: -1.07616e+06	(delta): 0.26542
27 (QN/Block) 	Elapsed: 0.213	Loglikelihood: -1.07616e+06	(delta): 0.071437
28 (QN/Block) 	Elapsed: 0.212	Loglikelihood: -1.07616e+06	(delta): 0.0990177
29 (QN/Block) 	Elapsed: 0.213	Loglikelihood: -1.07616e+06	(delta): 0.148038
30 (QN/Block) 	Elapsed: 0.213	Loglikelihood: -1.07616e+06	(delta): 0.227741
31 (QN/Block) 	Elapsed: 0.213	Loglikelihood: -1.07616e+06	(delta): 0.358085
32 (QN/Block) 	Elapsed: 0.213	Loglikelihood: -1.07615e+06	(delta): 0.191393
33 (QN/Block) 	Elapsed: 0.186	Loglikelihood: -1.07615e+06	(delta): 0.0337477
34 (QN/Block) 	Elapsed: 0.186	Loglikelihood: -1.07615e+06	(delta): 0.0133786
35 (QN/Block) 	Elapsed: 0.186	Loglikelihood: -1.07615e+06	(delta): 0.0114157
36 (QN/Block) 	Elapsed: 0.186	Loglikelihood: -1.07615e+06	(delta): 0.00727768
37 (QN/Block) 	Elapsed: 0.186	Loglikelihood: -1.07615e+06	(delta): 0.0062605
38 (QN/Block) 	Elapsed: 0.213	Loglikelihood: -1.07615e+06	(delta): 0.00204909
39 (QN/Block) 	Elapsed: 0.213	Loglikelihood: -1.07615e+06	(delta): 0.00164749
40 (QN/Block) 	Elapsed: 0.213	Loglikelihood: -1.07615e+06	(delta): 0.00170174
41 (QN/Block) 	Elapsed: 0.212	Loglikelihood: -1.07615e+06	(delta): 0.00180604
42 (QN/Block) 	Elapsed: 0.213	Loglikelihood: -1.07615e+06	(delta): 0.00191445
43 (QN/Block) 	Elapsed: 0.213	Loglikelihood: -1.07615e+06	(delta): 0.00202172
44 (QN/Block) 	Elapsed: 0.213	Loglikelihood: -1.07615e+06	(delta): 0.00220367
45 (QN/Block) 	Elapsed: 0.186	Loglikelihood: -1.07615e+06	(delta): 0.0511721
46 (QN/Block) 	Elapsed: 0.213	Loglikelihood: -1.07615e+06	(delta): 0.124698
47 (QN/Block) 	Elapsed: 0.213	Loglikelihood: -1.07615e+06	(delta): 0.0513062
48 (QN/Block) 	Elapsed: 0.213	Loglikelihood: -1.07615e+06	(delta): 0.0558259
49 (QN/Block) 	Elapsed: 0.213	Loglikelihood: -1.07615e+06	(delta): 0.0442964
50 (QN/Block) 	Elapsed: 0.213	Loglikelihood: -1.07615e+06	(delta): 0.0195612
51 (QN/Block) 	Elapsed: 0.186	Loglikelihood: -1.07615e+06	(delta): 0.0287305
52 (QN/Block) 	Elapsed: 0.195	Loglikelihood: -1.07615e+06	(delta): 0.110917
53 (QN/Block) 	Elapsed: 0.213	Loglikelihood: -1.07615e+06	(delta): 0.042337
54 (QN/Block) 	Elapsed: 0.213	Loglikelihood: -1.07615e+06	(delta): 0.0179648
55 (QN/Block) 	Elapsed: 0.213	Loglikelihood: -1.07615e+06	(delta): 0.0200013
56 (QN/Block) 	Elapsed: 0.213	Loglikelihood: -1.07615e+06	(delta): 0.0228057
57 (QN/Block) 	Elapsed: 0.213	Loglikelihood: -1.07615e+06	(delta): 0.0262034
58 (QN/Block) 	Elapsed: 0.213	Loglikelihood: -1.07615e+06	(delta): 0.0302563
59 (QN/Block) 	Elapsed: 0.213	Loglikelihood: -1.07615e+06	(delta): 0.0351386
60 (QN/Block) 	Elapsed: 0.213	Loglikelihood: -1.07615e+06	(delta): 0.0409082
61 (QN/Block) 	Elapsed: 0.213	Loglikelihood: -1.07615e+06	(delta): 0.047747
62 (QN/Block) 	Elapsed: 0.213	Loglikelihood: -1.07615e+06	(delta): 0.0559193
63 (QN/Block) 	Elapsed: 0.213	Loglikelihood: -1.07615e+06	(delta): 0.0486885
64 (QN/Block) 	Elapsed: 0.204	Loglikelihood: -1.07615e+06	(delta): 0.00376831
65 (QN/Block) 	Elapsed: 0.187	Loglikelihood: -1.07615e+06	(delta): 0.00242259
66 (QN/Block) 	Elapsed: 0.186	Loglikelihood: -1.07615e+06	(delta): 0.000281556
67 (QN/Block) 	Elapsed: 0.186	Loglikelihood: -1.07615e+06	(delta): 1.14581e-05
Summary: 
Converged in 67 iterations (14.536 sec)
Loglikelihood: -1076153.847001
Fst divergences between estimated populations: 
	Pop0	Pop1	Pop2	Pop3	Pop4	
Pop0	
Pop1	0.442	
Pop2	0.342	0.233	
Pop3	0.458	0.502	0.399	
Pop4	0.440	0.479	0.377	0.379	
Pop5	0.456	0.501	0.400	0.049	0.377	
CV error (K=6): 0.38882
Writing output files.
