****                   ADMIXTURE Version 1.3.0                  ****
****                    Copyright 2008-2015                     ****
****           David Alexander, Suyash Shringarpure,            ****
****                John  Novembre, Ken Lange                   ****
****                                                            ****
****                 Please cite our paper!                     ****
****   Information at www.genetics.ucla.edu/software/admixture  ****

Cross-validation will be performed.  Folds=5.
Random seed: 4207
Point estimation method: Block relaxation algorithm
Convergence acceleration algorithm: QuasiNewton, 3 secant conditions
Point estimation will terminate when objective function delta < 0.0001
Estimation of standard errors disabled; will compute point estimates only.
Size of G: 260x6978
Performing five EM steps to prime main algorithm
1 (EM) 	Elapsed: 0.119	Loglikelihood: -1.81192e+06	(delta): 776594
2 (EM) 	Elapsed: 0.117	Loglikelihood: -1.75938e+06	(delta): 52534.1
3 (EM) 	Elapsed: 0.117	Loglikelihood: -1.74604e+06	(delta): 13347.3
4 (EM) 	Elapsed: 0.117	Loglikelihood: -1.73517e+06	(delta): 10862.2
5 (EM) 	Elapsed: 0.117	Loglikelihood: -1.72267e+06	(delta): 12506.6
Initial loglikelihood: -1.72267e+06
Starting main algorithm
1 (QN/Block) 	Elapsed: 0.309	Loglikelihood: -1.16934e+06	(delta): 553330
2 (QN/Block) 	Elapsed: 0.312	Loglikelihood: -1.08467e+06	(delta): 84666.9
3 (QN/Block) 	Elapsed: 0.333	Loglikelihood: -1.05754e+06	(delta): 27135.1
4 (QN/Block) 	Elapsed: 0.333	Loglikelihood: -1.04437e+06	(delta): 13169.2
5 (QN/Block) 	Elapsed: 0.343	Loglikelihood: -1.04072e+06	(delta): 3645.32
6 (QN/Block) 	Elapsed: 0.331	Loglikelihood: -1.03995e+06	(delta): 775.576
7 (QN/Block) 	Elapsed: 0.329	Loglikelihood: -1.03962e+06	(delta): 327.539
8 (QN/Block) 	Elapsed: 0.33	Loglikelihood: -1.0395e+06	(delta): 117.691
9 (QN/Block) 	Elapsed: 0.33	Loglikelihood: -1.03937e+06	(delta): 130.245
10 (QN/Block) 	Elapsed: 0.352	Loglikelihood: -1.03927e+06	(delta): 98.8549
11 (QN/Block) 	Elapsed: 0.341	Loglikelihood: -1.03922e+06	(delta): 56.1736
12 (QN/Block) 	Elapsed: 0.353	Loglikelihood: -1.03917e+06	(delta): 43.4813
13 (QN/Block) 	Elapsed: 0.33	Loglikelihood: -1.03916e+06	(delta): 16.6707
14 (QN/Block) 	Elapsed: 0.364	Loglikelihood: -1.03915e+06	(delta): 6.39878
15 (QN/Block) 	Elapsed: 0.363	Loglikelihood: -1.03914e+06	(delta): 5.23299
16 (QN/Block) 	Elapsed: 0.33	Loglikelihood: -1.03914e+06	(delta): 7.42077
17 (QN/Block) 	Elapsed: 0.329	Loglikelihood: -1.03913e+06	(delta): 1.87127
18 (QN/Block) 	Elapsed: 0.329	Loglikelihood: -1.03912e+06	(delta): 14.4466
19 (QN/Block) 	Elapsed: 0.329	Loglikelihood: -1.03911e+06	(delta): 6.4213
20 (QN/Block) 	Elapsed: 0.33	Loglikelihood: -1.03911e+06	(delta): 5.56418
21 (QN/Block) 	Elapsed: 0.33	Loglikelihood: -1.03911e+06	(delta): 2.86258
22 (QN/Block) 	Elapsed: 0.329	Loglikelihood: -1.0391e+06	(delta): 1.28329
23 (QN/Block) 	Elapsed: 0.33	Loglikelihood: -1.0391e+06	(delta): 1.09737
24 (QN/Block) 	Elapsed: 0.364	Loglikelihood: -1.0391e+06	(delta): 0.629733
25 (QN/Block) 	Elapsed: 0.34	Loglikelihood: -1.0391e+06	(delta): 0.655773
26 (QN/Block) 	Elapsed: 0.363	Loglikelihood: -1.0391e+06	(delta): 0.485424
27 (QN/Block) 	Elapsed: 0.364	Loglikelihood: -1.0391e+06	(delta): 0.0345039
28 (QN/Block) 	Elapsed: 0.33	Loglikelihood: -1.0391e+06	(delta): 0.0275316
29 (QN/Block) 	Elapsed: 0.342	Loglikelihood: -1.0391e+06	(delta): 0.0220987
30 (QN/Block) 	Elapsed: 0.33	Loglikelihood: -1.0391e+06	(delta): 0.00105028
31 (QN/Block) 	Elapsed: 0.329	Loglikelihood: -1.0391e+06	(delta): 0.000887206
32 (QN/Block) 	Elapsed: 0.364	Loglikelihood: -1.0391e+06	(delta): 0.000434048
33 (QN/Block) 	Elapsed: 0.363	Loglikelihood: -1.0391e+06	(delta): 0.000487133
34 (QN/Block) 	Elapsed: 0.364	Loglikelihood: -1.0391e+06	(delta): 0.000563392
35 (QN/Block) 	Elapsed: 0.365	Loglikelihood: -1.0391e+06	(delta): 0.000652865
36 (QN/Block) 	Elapsed: 0.364	Loglikelihood: -1.0391e+06	(delta): 0.000756068
37 (QN/Block) 	Elapsed: 0.362	Loglikelihood: -1.0391e+06	(delta): 0.000873859
38 (QN/Block) 	Elapsed: 0.363	Loglikelihood: -1.0391e+06	(delta): 0.00100723
39 (QN/Block) 	Elapsed: 0.362	Loglikelihood: -1.0391e+06	(delta): 0.00115718
40 (QN/Block) 	Elapsed: 0.363	Loglikelihood: -1.0391e+06	(delta): 0.00132461
41 (QN/Block) 	Elapsed: 0.363	Loglikelihood: -1.0391e+06	(delta): 0.00151027
42 (QN/Block) 	Elapsed: 0.362	Loglikelihood: -1.0391e+06	(delta): 0.00171462
43 (QN/Block) 	Elapsed: 0.364	Loglikelihood: -1.0391e+06	(delta): 0.00193787
44 (QN/Block) 	Elapsed: 0.364	Loglikelihood: -1.0391e+06	(delta): 0.00217977
45 (QN/Block) 	Elapsed: 0.364	Loglikelihood: -1.0391e+06	(delta): 0.00243964
46 (QN/Block) 	Elapsed: 0.364	Loglikelihood: -1.0391e+06	(delta): 0.00279418
47 (QN/Block) 	Elapsed: 0.362	Loglikelihood: -1.0391e+06	(delta): 0.00449701
48 (QN/Block) 	Elapsed: 0.364	Loglikelihood: -1.0391e+06	(delta): 0.00337807
49 (QN/Block) 	Elapsed: 0.364	Loglikelihood: -1.0391e+06	(delta): 0.00364532
50 (QN/Block) 	Elapsed: 0.362	Loglikelihood: -1.0391e+06	(delta): 0.00391279
51 (QN/Block) 	Elapsed: 0.363	Loglikelihood: -1.0391e+06	(delta): 0.00417573
52 (QN/Block) 	Elapsed: 0.363	Loglikelihood: -1.0391e+06	(delta): 0.00443023
53 (QN/Block) 	Elapsed: 0.363	Loglikelihood: -1.0391e+06	(delta): 0.00467249
54 (QN/Block) 	Elapsed: 0.365	Loglikelihood: -1.0391e+06	(delta): 0.00489889
55 (QN/Block) 	Elapsed: 0.364	Loglikelihood: -1.0391e+06	(delta): 0.00510654
56 (QN/Block) 	Elapsed: 0.351	Loglikelihood: -1.0391e+06	(delta): 0.0261913
57 (QN/Block) 	Elapsed: 0.363	Loglikelihood: -1.0391e+06	(delta): 0.0219446
58 (QN/Block) 	Elapsed: 0.363	Loglikelihood: -1.0391e+06	(delta): 0.00594306
59 (QN/Block) 	Elapsed: 0.363	Loglikelihood: -1.0391e+06	(delta): 0.0057507
60 (QN/Block) 	Elapsed: 0.363	Loglikelihood: -1.0391e+06	(delta): 0.00563613
61 (QN/Block) 	Elapsed: 0.363	Loglikelihood: -1.0391e+06	(delta): 0.00553687
62 (QN/Block) 	Elapsed: 0.364	Loglikelihood: -1.0391e+06	(delta): 0.00543077
63 (QN/Block) 	Elapsed: 0.363	Loglikelihood: -1.0391e+06	(delta): 0.00531253
64 (QN/Block) 	Elapsed: 0.363	Loglikelihood: -1.0391e+06	(delta): 0.00518211
65 (QN/Block) 	Elapsed: 0.363	Loglikelihood: -1.0391e+06	(delta): 0.00510597
66 (QN/Block) 	Elapsed: 0.363	Loglikelihood: -1.0391e+06	(delta): 0.0116695
67 (QN/Block) 	Elapsed: 0.362	Loglikelihood: -1.0391e+06	(delta): 0.00459011
68 (QN/Block) 	Elapsed: 0.363	Loglikelihood: -1.0391e+06	(delta): 0.00437719
69 (QN/Block) 	Elapsed: 0.363	Loglikelihood: -1.0391e+06	(delta): 0.00419791
70 (QN/Block) 	Elapsed: 0.362	Loglikelihood: -1.0391e+06	(delta): 0.00402767
71 (QN/Block) 	Elapsed: 0.362	Loglikelihood: -1.0391e+06	(delta): 0.00386159
72 (QN/Block) 	Elapsed: 0.363	Loglikelihood: -1.0391e+06	(delta): 0.0036988
73 (QN/Block) 	Elapsed: 0.363	Loglikelihood: -1.0391e+06	(delta): 0.00353951
74 (QN/Block) 	Elapsed: 0.361	Loglikelihood: -1.0391e+06	(delta): 0.00338418
75 (QN/Block) 	Elapsed: 0.363	Loglikelihood: -1.0391e+06	(delta): 0.00122806
76 (QN/Block) 	Elapsed: 0.33	Loglikelihood: -1.0391e+06	(delta): 0.00500692
77 (QN/Block) 	Elapsed: 0.342	Loglikelihood: -1.0391e+06	(delta): 1.11023e-05
Summary: 
Converged in 77 iterations (28.653 sec)
Loglikelihood: -1039100.725107
Fst divergences between estimated populations: 
	Pop0	Pop1	Pop2	Pop3	Pop4	Pop5	Pop6	Pop7	
Pop0	
Pop1	0.444	
Pop2	0.504	0.149	
Pop3	0.446	0.480	0.537	
Pop4	0.101	0.367	0.428	0.365	
Pop5	0.461	0.380	0.448	0.502	0.385	
Pop6	0.348	0.381	0.435	0.236	0.260	0.403	
Pop7	0.141	0.511	0.569	0.511	0.183	0.526	0.415	
Pop8	0.459	0.378	0.440	0.500	0.385	0.046	0.402	0.521	
CV error (K=9): 0.38300
Writing output files.
