****                   ADMIXTURE Version 1.3.0                  ****
****                    Copyright 2008-2015                     ****
****           David Alexander, Suyash Shringarpure,            ****
****                John  Novembre, Ken Lange                   ****
****                                                            ****
****                 Please cite our paper!                     ****
****   Information at www.genetics.ucla.edu/software/admixture  ****

Cross-validation will be performed.  Folds=5.
Random seed: 4207
Point estimation method: Block relaxation algorithm
Convergence acceleration algorithm: QuasiNewton, 3 secant conditions
Point estimation will terminate when objective function delta < 0.0001
Estimation of standard errors disabled; will compute point estimates only.
Size of G: 260x6978
Performing five EM steps to prime main algorithm
1 (EM) 	Elapsed: 0.028	Loglikelihood: -1.80684e+06	(delta): 1.20392e+06
2 (EM) 	Elapsed: 0.028	Loglikelihood: -1.75683e+06	(delta): 50008.4
3 (EM) 	Elapsed: 0.028	Loglikelihood: -1.741e+06	(delta): 15835.5
4 (EM) 	Elapsed: 0.028	Loglikelihood: -1.73066e+06	(delta): 10336.6
5 (EM) 	Elapsed: 0.028	Loglikelihood: -1.72152e+06	(delta): 9141.55
Initial loglikelihood: -1.72152e+06
Starting main algorithm
1 (QN/Block) 	Elapsed: 0.048	Loglikelihood: -1.56841e+06	(delta): 153108
2 (QN/Block) 	Elapsed: 0.048	Loglikelihood: -1.54386e+06	(delta): 24556.5
3 (QN/Block) 	Elapsed: 0.083	Loglikelihood: -1.52367e+06	(delta): 20188.7
4 (QN/Block) 	Elapsed: 0.083	Loglikelihood: -1.49353e+06	(delta): 30136.6
5 (QN/Block) 	Elapsed: 0.082	Loglikelihood: -1.47889e+06	(delta): 14643.4
6 (QN/Block) 	Elapsed: 0.061	Loglikelihood: -1.47679e+06	(delta): 2098.45
7 (QN/Block) 	Elapsed: 0.068	Loglikelihood: -1.4764e+06	(delta): 383.607
8 (QN/Block) 	Elapsed: 0.061	Loglikelihood: -1.47618e+06	(delta): 224.529
9 (QN/Block) 	Elapsed: 0.061	Loglikelihood: -1.47614e+06	(delta): 36.3967
10 (QN/Block) 	Elapsed: 0.061	Loglikelihood: -1.47614e+06	(delta): 6.05528
11 (QN/Block) 	Elapsed: 0.068	Loglikelihood: -1.47614e+06	(delta): 0.764922
12 (QN/Block) 	Elapsed: 0.061	Loglikelihood: -1.47614e+06	(delta): 0.136704
13 (QN/Block) 	Elapsed: 0.061	Loglikelihood: -1.47614e+06	(delta): 0.0129354
14 (QN/Block) 	Elapsed: 0.061	Loglikelihood: -1.47614e+06	(delta): 0.000874347
15 (QN/Block) 	Elapsed: 0.061	Loglikelihood: -1.47614e+06	(delta): 1.29668e-05
Summary: 
Converged in 15 iterations (1.275 sec)
Loglikelihood: -1476136.898780
Fst divergences between estimated populations: 
	Pop0	
Pop0	
Pop1	0.306	
CV error (K=2): 0.59857
Writing output files.
