****                   ADMIXTURE Version 1.3.0                  ****
****                    Copyright 2008-2015                     ****
****           David Alexander, Suyash Shringarpure,            ****
****                John  Novembre, Ken Lange                   ****
****                                                            ****
****                 Please cite our paper!                     ****
****   Information at www.genetics.ucla.edu/software/admixture  ****

Cross-validation will be performed.  Folds=5.
Random seed: 4207
Point estimation method: Block relaxation algorithm
Convergence acceleration algorithm: QuasiNewton, 3 secant conditions
Point estimation will terminate when objective function delta < 0.0001
Estimation of standard errors disabled; will compute point estimates only.
Size of G: 260x6978
Performing five EM steps to prime main algorithm
1 (EM) 	Elapsed: 0.068	Loglikelihood: -1.82192e+06	(delta): 863917
2 (EM) 	Elapsed: 0.066	Loglikelihood: -1.76842e+06	(delta): 53498.6
3 (EM) 	Elapsed: 0.065	Loglikelihood: -1.75278e+06	(delta): 15637.3
4 (EM) 	Elapsed: 0.065	Loglikelihood: -1.7417e+06	(delta): 11084.8
5 (EM) 	Elapsed: 0.065	Loglikelihood: -1.73121e+06	(delta): 10486.9
Initial loglikelihood: -1.73121e+06
Starting main algorithm
1 (QN/Block) 	Elapsed: 0.13	Loglikelihood: -1.27357e+06	(delta): 457638
2 (QN/Block) 	Elapsed: 0.131	Loglikelihood: -1.1803e+06	(delta): 93269.6
3 (QN/Block) 	Elapsed: 0.149	Loglikelihood: -1.14643e+06	(delta): 33871.8
4 (QN/Block) 	Elapsed: 0.148	Loglikelihood: -1.12511e+06	(delta): 21316.6
5 (QN/Block) 	Elapsed: 0.156	Loglikelihood: -1.11877e+06	(delta): 6344.52
6 (QN/Block) 	Elapsed: 0.156	Loglikelihood: -1.11789e+06	(delta): 879.632
7 (QN/Block) 	Elapsed: 0.164	Loglikelihood: -1.11742e+06	(delta): 470.557
8 (QN/Block) 	Elapsed: 0.157	Loglikelihood: -1.11658e+06	(delta): 833.792
9 (QN/Block) 	Elapsed: 0.164	Loglikelihood: -1.11505e+06	(delta): 1539.1
10 (QN/Block) 	Elapsed: 0.172	Loglikelihood: -1.11381e+06	(delta): 1239.82
11 (QN/Block) 	Elapsed: 0.148	Loglikelihood: -1.11329e+06	(delta): 515.111
12 (QN/Block) 	Elapsed: 0.173	Loglikelihood: -1.11324e+06	(delta): 51.346
13 (QN/Block) 	Elapsed: 0.148	Loglikelihood: -1.11322e+06	(delta): 16.7797
14 (QN/Block) 	Elapsed: 0.156	Loglikelihood: -1.1131e+06	(delta): 122.019
15 (QN/Block) 	Elapsed: 0.165	Loglikelihood: -1.11229e+06	(delta): 807.118
16 (QN/Block) 	Elapsed: 0.172	Loglikelihood: -1.10037e+06	(delta): 11926.7
17 (QN/Block) 	Elapsed: 0.173	Loglikelihood: -1.08742e+06	(delta): 12947.3
18 (QN/Block) 	Elapsed: 0.156	Loglikelihood: -1.08288e+06	(delta): 4542.46
19 (QN/Block) 	Elapsed: 0.158	Loglikelihood: -1.08054e+06	(delta): 2338.86
20 (QN/Block) 	Elapsed: 0.172	Loglikelihood: -1.07955e+06	(delta): 984.151
21 (QN/Block) 	Elapsed: 0.173	Loglikelihood: -1.07928e+06	(delta): 276.538
22 (QN/Block) 	Elapsed: 0.148	Loglikelihood: -1.0792e+06	(delta): 80.1346
23 (QN/Block) 	Elapsed: 0.172	Loglikelihood: -1.07918e+06	(delta): 12.3388
24 (QN/Block) 	Elapsed: 0.147	Loglikelihood: -1.07918e+06	(delta): 0.186337
25 (QN/Block) 	Elapsed: 0.148	Loglikelihood: -1.07918e+06	(delta): 0.0318067
26 (QN/Block) 	Elapsed: 0.148	Loglikelihood: -1.07918e+06	(delta): 0.000468386
27 (QN/Block) 	Elapsed: 0.147	Loglikelihood: -1.07918e+06	(delta): 1.10306e-05
Summary: 
Converged in 27 iterations (4.871 sec)
Loglikelihood: -1079184.366576
Fst divergences between estimated populations: 
	Pop0	Pop1	Pop2	Pop3	
Pop0	
Pop1	0.394	
Pop2	0.342	0.450	
Pop3	0.377	0.371	0.440	
Pop4	0.233	0.495	0.442	0.479	
CV error (K=5): 0.38576
Writing output files.
