****                   ADMIXTURE Version 1.3.0                  ****
****                    Copyright 2008-2015                     ****
****           David Alexander, Suyash Shringarpure,            ****
****                John  Novembre, Ken Lange                   ****
****                                                            ****
****                 Please cite our paper!                     ****
****   Information at www.genetics.ucla.edu/software/admixture  ****

Cross-validation will be performed.  Folds=5.
Random seed: 24793
Point estimation method: Block relaxation algorithm
Convergence acceleration algorithm: QuasiNewton, 3 secant conditions
Point estimation will terminate when objective function delta < 0.0001
Estimation of standard errors disabled; will compute point estimates only.
Size of G: 260x6978
Performing five EM steps to prime main algorithm
1 (EM) 	Elapsed: 0.067	Loglikelihood: -1.82206e+06	(delta): 870626
2 (EM) 	Elapsed: 0.066	Loglikelihood: -1.7648e+06	(delta): 57254.7
3 (EM) 	Elapsed: 0.066	Loglikelihood: -1.7451e+06	(delta): 19704
4 (EM) 	Elapsed: 0.066	Loglikelihood: -1.72837e+06	(delta): 16724
5 (EM) 	Elapsed: 0.066	Loglikelihood: -1.70983e+06	(delta): 18542.3
Initial loglikelihood: -1.70983e+06
Starting main algorithm
1 (QN/Block) 	Elapsed: 0.133	Loglikelihood: -1.18264e+06	(delta): 527194
2 (QN/Block) 	Elapsed: 0.132	Loglikelihood: -1.11943e+06	(delta): 63211.5
3 (QN/Block) 	Elapsed: 0.148	Loglikelihood: -1.09479e+06	(delta): 24638.5
4 (QN/Block) 	Elapsed: 0.148	Loglikelihood: -1.08294e+06	(delta): 11851.1
5 (QN/Block) 	Elapsed: 0.173	Loglikelihood: -1.07954e+06	(delta): 3399.96
6 (QN/Block) 	Elapsed: 0.148	Loglikelihood: -1.07924e+06	(delta): 297.225
7 (QN/Block) 	Elapsed: 0.148	Loglikelihood: -1.0792e+06	(delta): 43.7497
8 (QN/Block) 	Elapsed: 0.148	Loglikelihood: -1.07919e+06	(delta): 11.4619
9 (QN/Block) 	Elapsed: 0.172	Loglikelihood: -1.07918e+06	(delta): 1.34786
10 (QN/Block) 	Elapsed: 0.147	Loglikelihood: -1.07918e+06	(delta): 0.0157529
11 (QN/Block) 	Elapsed: 0.148	Loglikelihood: -1.07918e+06	(delta): 0.00270341
12 (QN/Block) 	Elapsed: 0.148	Loglikelihood: -1.07918e+06	(delta): 7.60353e-05
Summary: 
Converged in 12 iterations (2.296 sec)
Loglikelihood: -1079184.115206
Fst divergences between estimated populations: 
	Pop0	Pop1	Pop2	Pop3	
Pop0	
Pop1	0.450	
Pop2	0.342	0.394	
Pop3	0.442	0.495	0.233	
Pop4	0.440	0.371	0.377	0.479	
CV error (K=5): 0.38547
Writing output files.
