****                   ADMIXTURE Version 1.3.0                  ****
****                    Copyright 2008-2015                     ****
****           David Alexander, Suyash Shringarpure,            ****
****                John  Novembre, Ken Lange                   ****
****                                                            ****
****                 Please cite our paper!                     ****
****   Information at www.genetics.ucla.edu/software/admixture  ****

Cross-validation will be performed.  Folds=5.
Random seed: 24793
Point estimation method: Block relaxation algorithm
Convergence acceleration algorithm: QuasiNewton, 3 secant conditions
Point estimation will terminate when objective function delta < 0.0001
Estimation of standard errors disabled; will compute point estimates only.
Size of G: 260x6978
Performing five EM steps to prime main algorithm
1 (EM) 	Elapsed: 0.104	Loglikelihood: -1.81724e+06	(delta): 795006
2 (EM) 	Elapsed: 0.104	Loglikelihood: -1.76219e+06	(delta): 55051.9
3 (EM) 	Elapsed: 0.103	Loglikelihood: -1.74743e+06	(delta): 14762.8
4 (EM) 	Elapsed: 0.103	Loglikelihood: -1.73594e+06	(delta): 11487.1
5 (EM) 	Elapsed: 0.103	Loglikelihood: -1.7239e+06	(delta): 12039.9
Initial loglikelihood: -1.7239e+06
Starting main algorithm
1 (QN/Block) 	Elapsed: 0.261	Loglikelihood: -1.18759e+06	(delta): 536316
2 (QN/Block) 	Elapsed: 0.263	Loglikelihood: -1.10365e+06	(delta): 83937.2
3 (QN/Block) 	Elapsed: 0.282	Loglikelihood: -1.07182e+06	(delta): 31827.9
4 (QN/Block) 	Elapsed: 0.279	Loglikelihood: -1.05062e+06	(delta): 21200
5 (QN/Block) 	Elapsed: 0.278	Loglikelihood: -1.04573e+06	(delta): 4892.92
6 (QN/Block) 	Elapsed: 0.288	Loglikelihood: -1.04397e+06	(delta): 1757.69
7 (QN/Block) 	Elapsed: 0.276	Loglikelihood: -1.04325e+06	(delta): 719.68
8 (QN/Block) 	Elapsed: 0.277	Loglikelihood: -1.04279e+06	(delta): 465.167
9 (QN/Block) 	Elapsed: 0.277	Loglikelihood: -1.04222e+06	(delta): 563.841
10 (QN/Block) 	Elapsed: 0.277	Loglikelihood: -1.0414e+06	(delta): 825.075
11 (QN/Block) 	Elapsed: 0.287	Loglikelihood: -1.03737e+06	(delta): 4022.1
12 (QN/Block) 	Elapsed: 0.277	Loglikelihood: -1.03145e+06	(delta): 5924.19
13 (QN/Block) 	Elapsed: 0.306	Loglikelihood: -1.02967e+06	(delta): 1777.05
14 (QN/Block) 	Elapsed: 0.276	Loglikelihood: -1.02907e+06	(delta): 602.183
15 (QN/Block) 	Elapsed: 0.286	Loglikelihood: -1.02873e+06	(delta): 341.641
16 (QN/Block) 	Elapsed: 0.296	Loglikelihood: -1.0286e+06	(delta): 130.851
17 (QN/Block) 	Elapsed: 0.276	Loglikelihood: -1.02852e+06	(delta): 74.9453
18 (QN/Block) 	Elapsed: 0.275	Loglikelihood: -1.02846e+06	(delta): 62.7485
19 (QN/Block) 	Elapsed: 0.276	Loglikelihood: -1.02845e+06	(delta): 14.4578
20 (QN/Block) 	Elapsed: 0.275	Loglikelihood: -1.02844e+06	(delta): 2.56771
21 (QN/Block) 	Elapsed: 0.276	Loglikelihood: -1.02844e+06	(delta): 0.268081
22 (QN/Block) 	Elapsed: 0.276	Loglikelihood: -1.02844e+06	(delta): 0.00476873
23 (QN/Block) 	Elapsed: 0.275	Loglikelihood: -1.02844e+06	(delta): 0.00161244
24 (QN/Block) 	Elapsed: 0.275	Loglikelihood: -1.02844e+06	(delta): 0.00104596
25 (QN/Block) 	Elapsed: 0.277	Loglikelihood: -1.02844e+06	(delta): 0.0002267
26 (QN/Block) 	Elapsed: 0.275	Loglikelihood: -1.02844e+06	(delta): 1.38704e-05
Summary: 
Converged in 26 iterations (8.119 sec)
Loglikelihood: -1028443.372828
Fst divergences between estimated populations: 
	Pop0	Pop1	Pop2	Pop3	Pop4	Pop5	Pop6	
Pop0	
Pop1	0.518	
Pop2	0.141	0.454	
Pop3	0.183	0.380	0.101	
Pop4	0.510	0.371	0.444	0.368	
Pop5	0.512	0.496	0.446	0.365	0.480	
Pop6	0.450	0.432	0.383	0.297	0.417	0.276	
Pop7	0.414	0.398	0.348	0.259	0.380	0.236	0.135	
CV error (K=8): 0.37358
Writing output files.
