****                   ADMIXTURE Version 1.3.0                  ****
****                    Copyright 2008-2015                     ****
****           David Alexander, Suyash Shringarpure,            ****
****                John  Novembre, Ken Lange                   ****
****                                                            ****
****                 Please cite our paper!                     ****
****   Information at www.genetics.ucla.edu/software/admixture  ****

Cross-validation will be performed.  Folds=5.
Random seed: 24793
Point estimation method: Block relaxation algorithm
Convergence acceleration algorithm: QuasiNewton, 3 secant conditions
Point estimation will terminate when objective function delta < 0.0001
Estimation of standard errors disabled; will compute point estimates only.
Size of G: 260x6978
Performing five EM steps to prime main algorithm
1 (EM) 	Elapsed: 0.092	Loglikelihood: -1.81934e+06	(delta): 805846
2 (EM) 	Elapsed: 0.092	Loglikelihood: -1.76527e+06	(delta): 54067.9
3 (EM) 	Elapsed: 0.091	Loglikelihood: -1.75031e+06	(delta): 14964.3
4 (EM) 	Elapsed: 0.091	Loglikelihood: -1.73876e+06	(delta): 11546.7
5 (EM) 	Elapsed: 0.091	Loglikelihood: -1.72675e+06	(delta): 12005.6
Initial loglikelihood: -1.72675e+06
Starting main algorithm
1 (QN/Block) 	Elapsed: 0.209	Loglikelihood: -1.22694e+06	(delta): 499815
2 (QN/Block) 	Elapsed: 0.212	Loglikelihood: -1.1319e+06	(delta): 95037
3 (QN/Block) 	Elapsed: 0.231	Loglikelihood: -1.08945e+06	(delta): 42452.9
4 (QN/Block) 	Elapsed: 0.239	Loglikelihood: -1.06177e+06	(delta): 27681.5
5 (QN/Block) 	Elapsed: 0.238	Loglikelihood: -1.05243e+06	(delta): 9337.28
6 (QN/Block) 	Elapsed: 0.228	Loglikelihood: -1.04927e+06	(delta): 3161.78
7 (QN/Block) 	Elapsed: 0.248	Loglikelihood: -1.04833e+06	(delta): 940.203
8 (QN/Block) 	Elapsed: 0.238	Loglikelihood: -1.04757e+06	(delta): 759.811
9 (QN/Block) 	Elapsed: 0.257	Loglikelihood: -1.047e+06	(delta): 566.443
10 (QN/Block) 	Elapsed: 0.237	Loglikelihood: -1.04678e+06	(delta): 227.131
11 (QN/Block) 	Elapsed: 0.228	Loglikelihood: -1.04661e+06	(delta): 167.185
12 (QN/Block) 	Elapsed: 0.237	Loglikelihood: -1.04647e+06	(delta): 138.012
13 (QN/Block) 	Elapsed: 0.257	Loglikelihood: -1.04642e+06	(delta): 50.0353
14 (QN/Block) 	Elapsed: 0.247	Loglikelihood: -1.04639e+06	(delta): 29.6591
15 (QN/Block) 	Elapsed: 0.228	Loglikelihood: -1.04638e+06	(delta): 12.239
16 (QN/Block) 	Elapsed: 0.228	Loglikelihood: -1.04637e+06	(delta): 5.75058
17 (QN/Block) 	Elapsed: 0.228	Loglikelihood: -1.04637e+06	(delta): 0.746917
18 (QN/Block) 	Elapsed: 0.228	Loglikelihood: -1.04637e+06	(delta): 0.0612477
19 (QN/Block) 	Elapsed: 0.228	Loglikelihood: -1.04637e+06	(delta): 0.0175333
20 (QN/Block) 	Elapsed: 0.228	Loglikelihood: -1.04637e+06	(delta): 0.0101685
21 (QN/Block) 	Elapsed: 0.228	Loglikelihood: -1.04637e+06	(delta): 0.000105626
22 (QN/Block) 	Elapsed: 0.228	Loglikelihood: -1.04637e+06	(delta): 4.29305e-06
Summary: 
Converged in 22 iterations (5.886 sec)
Loglikelihood: -1046372.434643
Fst divergences between estimated populations: 
	Pop0	Pop1	Pop2	Pop3	Pop4	Pop5	
Pop0	
Pop1	0.510	
Pop2	0.141	0.444	
Pop3	0.183	0.368	0.101	
Pop4	0.415	0.380	0.348	0.260	
Pop5	0.511	0.479	0.446	0.365	0.236	
Pop6	0.518	0.371	0.454	0.380	0.397	0.495	
CV error (K=7): 0.37791
Writing output files.
