****                   ADMIXTURE Version 1.3.0                  ****
****                    Copyright 2008-2015                     ****
****           David Alexander, Suyash Shringarpure,            ****
****                John  Novembre, Ken Lange                   ****
****                                                            ****
****                 Please cite our paper!                     ****
****   Information at www.genetics.ucla.edu/software/admixture  ****

Cross-validation will be performed.  Folds=5.
Random seed: 24793
Point estimation method: Block relaxation algorithm
Convergence acceleration algorithm: QuasiNewton, 3 secant conditions
Point estimation will terminate when objective function delta < 0.0001
Estimation of standard errors disabled; will compute point estimates only.
Size of G: 260x6978
Performing five EM steps to prime main algorithm
1 (EM) 	Elapsed: 0.08	Loglikelihood: -1.82132e+06	(delta): 835131
2 (EM) 	Elapsed: 0.078	Loglikelihood: -1.76558e+06	(delta): 55736.3
3 (EM) 	Elapsed: 0.078	Loglikelihood: -1.74896e+06	(delta): 16622.8
4 (EM) 	Elapsed: 0.078	Loglikelihood: -1.73593e+06	(delta): 13029.3
5 (EM) 	Elapsed: 0.078	Loglikelihood: -1.72214e+06	(delta): 13789.9
Initial loglikelihood: -1.72214e+06
Starting main algorithm
1 (QN/Block) 	Elapsed: 0.171	Loglikelihood: -1.19828e+06	(delta): 523859
2 (QN/Block) 	Elapsed: 0.169	Loglikelihood: -1.12215e+06	(delta): 76132.9
3 (QN/Block) 	Elapsed: 0.187	Loglikelihood: -1.08938e+06	(delta): 32770.6
4 (QN/Block) 	Elapsed: 0.187	Loglikelihood: -1.07e+06	(delta): 19380.5
5 (QN/Block) 	Elapsed: 0.196	Loglikelihood: -1.06469e+06	(delta): 5302.44
6 (QN/Block) 	Elapsed: 0.187	Loglikelihood: -1.06418e+06	(delta): 509.168
7 (QN/Block) 	Elapsed: 0.187	Loglikelihood: -1.0641e+06	(delta): 79.7671
8 (QN/Block) 	Elapsed: 0.186	Loglikelihood: -1.06407e+06	(delta): 29.3519
9 (QN/Block) 	Elapsed: 0.187	Loglikelihood: -1.06407e+06	(delta): 3.61963
10 (QN/Block) 	Elapsed: 0.187	Loglikelihood: -1.06407e+06	(delta): 2.03256
11 (QN/Block) 	Elapsed: 0.186	Loglikelihood: -1.06407e+06	(delta): 1.15265
12 (QN/Block) 	Elapsed: 0.186	Loglikelihood: -1.06407e+06	(delta): 0.516205
13 (QN/Block) 	Elapsed: 0.187	Loglikelihood: -1.06407e+06	(delta): 0.244937
14 (QN/Block) 	Elapsed: 0.186	Loglikelihood: -1.06407e+06	(delta): 0.179453
15 (QN/Block) 	Elapsed: 0.195	Loglikelihood: -1.06407e+06	(delta): 0.00546785
16 (QN/Block) 	Elapsed: 0.203	Loglikelihood: -1.06407e+06	(delta): 0.00202402
17 (QN/Block) 	Elapsed: 0.186	Loglikelihood: -1.06407e+06	(delta): 0.00070785
18 (QN/Block) 	Elapsed: 0.186	Loglikelihood: -1.06407e+06	(delta): 0.000148043
19 (QN/Block) 	Elapsed: 0.187	Loglikelihood: -1.06407e+06	(delta): 5.08896e-05
Summary: 
Converged in 19 iterations (4.191 sec)
Loglikelihood: -1064066.796360
Fst divergences between estimated populations: 
	Pop0	Pop1	Pop2	Pop3	Pop4	
Pop0	
Pop1	0.511	
Pop2	0.162	0.431	
Pop3	0.510	0.479	0.429	
Pop4	0.517	0.495	0.440	0.371	
Pop5	0.412	0.234	0.331	0.377	0.395	
CV error (K=6): 0.38120
Writing output files.
