****                   ADMIXTURE Version 1.3.0                  ****
****                    Copyright 2008-2015                     ****
****           David Alexander, Suyash Shringarpure,            ****
****                John  Novembre, Ken Lange                   ****
****                                                            ****
****                 Please cite our paper!                     ****
****   Information at www.genetics.ucla.edu/software/admixture  ****

Cross-validation will be performed.  Folds=5.
Random seed: 24793
Point estimation method: Block relaxation algorithm
Convergence acceleration algorithm: QuasiNewton, 3 secant conditions
Point estimation will terminate when objective function delta < 0.0001
Estimation of standard errors disabled; will compute point estimates only.
Size of G: 260x6978
Performing five EM steps to prime main algorithm
1 (EM) 	Elapsed: 0.118	Loglikelihood: -1.81365e+06	(delta): 781714
2 (EM) 	Elapsed: 0.118	Loglikelihood: -1.7576e+06	(delta): 56046.2
3 (EM) 	Elapsed: 0.117	Loglikelihood: -1.74119e+06	(delta): 16409.8
4 (EM) 	Elapsed: 0.117	Loglikelihood: -1.72647e+06	(delta): 14717.2
5 (EM) 	Elapsed: 0.117	Loglikelihood: -1.70902e+06	(delta): 17457.4
Initial loglikelihood: -1.70902e+06
Starting main algorithm
1 (QN/Block) 	Elapsed: 0.311	Loglikelihood: -1.17502e+06	(delta): 534001
2 (QN/Block) 	Elapsed: 0.313	Loglikelihood: -1.08837e+06	(delta): 86646
3 (QN/Block) 	Elapsed: 0.335	Loglikelihood: -1.05894e+06	(delta): 29430.1
4 (QN/Block) 	Elapsed: 0.333	Loglikelihood: -1.03871e+06	(delta): 20228.5
5 (QN/Block) 	Elapsed: 0.343	Loglikelihood: -1.03093e+06	(delta): 7784.24
6 (QN/Block) 	Elapsed: 0.342	Loglikelihood: -1.02755e+06	(delta): 3374.45
7 (QN/Block) 	Elapsed: 0.363	Loglikelihood: -1.02591e+06	(delta): 1644.92
8 (QN/Block) 	Elapsed: 0.34	Loglikelihood: -1.02508e+06	(delta): 823.462
9 (QN/Block) 	Elapsed: 0.329	Loglikelihood: -1.02479e+06	(delta): 290.616
10 (QN/Block) 	Elapsed: 0.331	Loglikelihood: -1.02469e+06	(delta): 104.23
11 (QN/Block) 	Elapsed: 0.328	Loglikelihood: -1.02464e+06	(delta): 53.1562
12 (QN/Block) 	Elapsed: 0.329	Loglikelihood: -1.02458e+06	(delta): 56.532
13 (QN/Block) 	Elapsed: 0.331	Loglikelihood: -1.02454e+06	(delta): 38.7558
14 (QN/Block) 	Elapsed: 0.341	Loglikelihood: -1.02452e+06	(delta): 19.2064
15 (QN/Block) 	Elapsed: 0.329	Loglikelihood: -1.02451e+06	(delta): 14.1032
16 (QN/Block) 	Elapsed: 0.33	Loglikelihood: -1.02449e+06	(delta): 17.1269
17 (QN/Block) 	Elapsed: 0.33	Loglikelihood: -1.02446e+06	(delta): 26.7153
18 (QN/Block) 	Elapsed: 0.33	Loglikelihood: -1.02444e+06	(delta): 27.3153
19 (QN/Block) 	Elapsed: 0.341	Loglikelihood: -1.02439e+06	(delta): 41.7138
20 (QN/Block) 	Elapsed: 0.329	Loglikelihood: -1.02436e+06	(delta): 37.6846
21 (QN/Block) 	Elapsed: 0.329	Loglikelihood: -1.02431e+06	(delta): 43.9382
22 (QN/Block) 	Elapsed: 0.34	Loglikelihood: -1.02426e+06	(delta): 52.7595
23 (QN/Block) 	Elapsed: 0.351	Loglikelihood: -1.02422e+06	(delta): 43.0467
24 (QN/Block) 	Elapsed: 0.329	Loglikelihood: -1.02419e+06	(delta): 31.1291
25 (QN/Block) 	Elapsed: 0.33	Loglikelihood: -1.02415e+06	(delta): 32.4513
26 (QN/Block) 	Elapsed: 0.329	Loglikelihood: -1.02413e+06	(delta): 22.8764
27 (QN/Block) 	Elapsed: 0.33	Loglikelihood: -1.02411e+06	(delta): 18.5683
28 (QN/Block) 	Elapsed: 0.329	Loglikelihood: -1.02409e+06	(delta): 25.8488
29 (QN/Block) 	Elapsed: 0.329	Loglikelihood: -1.02407e+06	(delta): 17.7531
30 (QN/Block) 	Elapsed: 0.33	Loglikelihood: -1.02406e+06	(delta): 7.49534
31 (QN/Block) 	Elapsed: 0.352	Loglikelihood: -1.02405e+06	(delta): 7.35814
32 (QN/Block) 	Elapsed: 0.329	Loglikelihood: -1.02405e+06	(delta): 6.38351
33 (QN/Block) 	Elapsed: 0.341	Loglikelihood: -1.02404e+06	(delta): 3.18828
34 (QN/Block) 	Elapsed: 0.329	Loglikelihood: -1.02404e+06	(delta): 0.377263
35 (QN/Block) 	Elapsed: 0.33	Loglikelihood: -1.02404e+06	(delta): 0.231056
36 (QN/Block) 	Elapsed: 0.33	Loglikelihood: -1.02404e+06	(delta): 0.0220231
37 (QN/Block) 	Elapsed: 0.329	Loglikelihood: -1.02404e+06	(delta): 0.00277757
38 (QN/Block) 	Elapsed: 0.329	Loglikelihood: -1.02404e+06	(delta): 7.31276e-05
Summary: 
Converged in 38 iterations (13.77 sec)
Loglikelihood: -1024043.817298
Fst divergences between estimated populations: 
	Pop0	Pop1	Pop2	Pop3	Pop4	Pop5	Pop6	Pop7	
Pop0	
Pop1	0.450	
Pop2	0.419	0.511	
Pop3	0.470	0.569	0.151	
Pop4	0.432	0.518	0.373	0.434	
Pop5	0.135	0.414	0.381	0.436	0.398	
Pop6	0.276	0.512	0.481	0.535	0.496	0.236	
Pop7	0.297	0.183	0.368	0.426	0.380	0.259	0.365	
Pop8	0.383	0.141	0.444	0.503	0.454	0.348	0.446	0.101	
CV error (K=9): 0.37536
Writing output files.
