****                   ADMIXTURE Version 1.3.0                  ****
****                    Copyright 2008-2015                     ****
****           David Alexander, Suyash Shringarpure,            ****
****                John  Novembre, Ken Lange                   ****
****                                                            ****
****                 Please cite our paper!                     ****
****   Information at www.genetics.ucla.edu/software/admixture  ****

Cross-validation will be performed.  Folds=5.
Random seed: 24793
Point estimation method: Block relaxation algorithm
Convergence acceleration algorithm: QuasiNewton, 3 secant conditions
Point estimation will terminate when objective function delta < 0.0001
Estimation of standard errors disabled; will compute point estimates only.
Size of G: 260x6978
Performing five EM steps to prime main algorithm
1 (EM) 	Elapsed: 0.055	Loglikelihood: -1.82676e+06	(delta): 931810
2 (EM) 	Elapsed: 0.053	Loglikelihood: -1.77095e+06	(delta): 55811.2
3 (EM) 	Elapsed: 0.053	Loglikelihood: -1.75367e+06	(delta): 17278.5
4 (EM) 	Elapsed: 0.053	Loglikelihood: -1.74238e+06	(delta): 11289.9
5 (EM) 	Elapsed: 0.053	Loglikelihood: -1.73289e+06	(delta): 9490.75
Initial loglikelihood: -1.73289e+06
Starting main algorithm
1 (QN/Block) 	Elapsed: 0.104	Loglikelihood: -1.31515e+06	(delta): 417742
2 (QN/Block) 	Elapsed: 0.103	Loglikelihood: -1.24783e+06	(delta): 67315.5
3 (QN/Block) 	Elapsed: 0.119	Loglikelihood: -1.21502e+06	(delta): 32808.5
4 (QN/Block) 	Elapsed: 0.117	Loglikelihood: -1.19708e+06	(delta): 17941.6
5 (QN/Block) 	Elapsed: 0.133	Loglikelihood: -1.19272e+06	(delta): 4355.2
6 (QN/Block) 	Elapsed: 0.117	Loglikelihood: -1.19213e+06	(delta): 593.235
7 (QN/Block) 	Elapsed: 0.117	Loglikelihood: -1.19192e+06	(delta): 211.355
8 (QN/Block) 	Elapsed: 0.141	Loglikelihood: -1.19187e+06	(delta): 49.1091
9 (QN/Block) 	Elapsed: 0.141	Loglikelihood: -1.19186e+06	(delta): 11.9598
10 (QN/Block) 	Elapsed: 0.133	Loglikelihood: -1.19186e+06	(delta): 2.97572
11 (QN/Block) 	Elapsed: 0.141	Loglikelihood: -1.19186e+06	(delta): 0.0730852
12 (QN/Block) 	Elapsed: 0.133	Loglikelihood: -1.19186e+06	(delta): 0.00995306
13 (QN/Block) 	Elapsed: 0.117	Loglikelihood: -1.19186e+06	(delta): 0.00404589
14 (QN/Block) 	Elapsed: 0.117	Loglikelihood: -1.19186e+06	(delta): 7.98376e-06
Summary: 
Converged in 14 iterations (2.183 sec)
Loglikelihood: -1191855.766647
Fst divergences between estimated populations: 
	Pop0	Pop1	Pop2	
Pop0	
Pop1	0.370	
Pop2	0.311	0.342	
Pop3	0.413	0.442	0.233	
CV error (K=4): 0.44653
Writing output files.
