****                   ADMIXTURE Version 1.3.0                  ****
****                    Copyright 2008-2015                     ****
****           David Alexander, Suyash Shringarpure,            ****
****                John  Novembre, Ken Lange                   ****
****                                                            ****
****                 Please cite our paper!                     ****
****   Information at www.genetics.ucla.edu/software/admixture  ****

Cross-validation will be performed.  Folds=5.
Random seed: 24793
Point estimation method: Block relaxation algorithm
Convergence acceleration algorithm: QuasiNewton, 3 secant conditions
Point estimation will terminate when objective function delta < 0.0001
Estimation of standard errors disabled; will compute point estimates only.
Size of G: 260x6978
Performing five EM steps to prime main algorithm
1 (EM) 	Elapsed: 0.042	Loglikelihood: -1.81006e+06	(delta): 1.2191e+06
2 (EM) 	Elapsed: 0.029	Loglikelihood: -1.75837e+06	(delta): 51695.4
3 (EM) 	Elapsed: 0.028	Loglikelihood: -1.74329e+06	(delta): 15073
4 (EM) 	Elapsed: 0.028	Loglikelihood: -1.73557e+06	(delta): 7719.35
5 (EM) 	Elapsed: 0.028	Loglikelihood: -1.7309e+06	(delta): 4671.46
Initial loglikelihood: -1.7309e+06
Starting main algorithm
1 (QN/Block) 	Elapsed: 0.048	Loglikelihood: -1.55135e+06	(delta): 179555
2 (QN/Block) 	Elapsed: 0.048	Loglikelihood: -1.50686e+06	(delta): 44483.5
3 (QN/Block) 	Elapsed: 0.062	Loglikelihood: -1.47404e+06	(delta): 32821
4 (QN/Block) 	Elapsed: 0.068	Loglikelihood: -1.46238e+06	(delta): 11663.5
5 (QN/Block) 	Elapsed: 0.082	Loglikelihood: -1.46026e+06	(delta): 2119.2
6 (QN/Block) 	Elapsed: 0.061	Loglikelihood: -1.46019e+06	(delta): 74.1939
7 (QN/Block) 	Elapsed: 0.061	Loglikelihood: -1.46018e+06	(delta): 9.40083
8 (QN/Block) 	Elapsed: 0.074	Loglikelihood: -1.46018e+06	(delta): 0.553917
9 (QN/Block) 	Elapsed: 0.068	Loglikelihood: -1.46018e+06	(delta): 0.00242773
10 (QN/Block) 	Elapsed: 0.061	Loglikelihood: -1.46018e+06	(delta): 2.68396e-05
Summary: 
Converged in 10 iterations (0.926 sec)
Loglikelihood: -1460175.397084
Fst divergences between estimated populations: 
	Pop0	
Pop0	
Pop1	0.271	
CV error (K=2): 0.58953
Writing output files.
