****                   ADMIXTURE Version 1.3.0                  ****
****                    Copyright 2008-2015                     ****
****           David Alexander, Suyash Shringarpure,            ****
****                John  Novembre, Ken Lange                   ****
****                                                            ****
****                 Please cite our paper!                     ****
****   Information at www.genetics.ucla.edu/software/admixture  ****

Cross-validation will be performed.  Folds=5.
Random seed: 14137
Point estimation method: Block relaxation algorithm
Convergence acceleration algorithm: QuasiNewton, 3 secant conditions
Point estimation will terminate when objective function delta < 0.0001
Estimation of standard errors disabled; will compute point estimates only.
Size of G: 260x13929
Performing five EM steps to prime main algorithm
1 (EM) 	Elapsed: 0.22	Loglikelihood: -1.08736e+06	(delta): 3.53042e+06
2 (EM) 	Elapsed: 0.219	Loglikelihood: -1.00112e+06	(delta): 86233.1
3 (EM) 	Elapsed: 0.219	Loglikelihood: -988766	(delta): 12356.8
4 (EM) 	Elapsed: 0.219	Loglikelihood: -981590	(delta): 7176.01
5 (EM) 	Elapsed: 0.22	Loglikelihood: -975905	(delta): 5684.44
Initial loglikelihood: -975905
Starting main algorithm
1 (QN/Block) 	Elapsed: 0.584	Loglikelihood: -733383	(delta): 242522
2 (QN/Block) 	Elapsed: 0.583	Loglikelihood: -651843	(delta): 81539.7
3 (QN/Block) 	Elapsed: 0.608	Loglikelihood: -622862	(delta): 28981.7
4 (QN/Block) 	Elapsed: 0.663	Loglikelihood: -603505	(delta): 19356.1
5 (QN/Block) 	Elapsed: 0.606	Loglikelihood: -595032	(delta): 8473.31
6 (QN/Block) 	Elapsed: 0.658	Loglikelihood: -589786	(delta): 5245.87
7 (QN/Block) 	Elapsed: 0.606	Loglikelihood: -587552	(delta): 2234.07
8 (QN/Block) 	Elapsed: 0.605	Loglikelihood: -586886	(delta): 665.846
9 (QN/Block) 	Elapsed: 0.605	Loglikelihood: -586637	(delta): 249.268
10 (QN/Block) 	Elapsed: 0.606	Loglikelihood: -586498	(delta): 138.667
11 (QN/Block) 	Elapsed: 0.605	Loglikelihood: -586437	(delta): 61.3548
12 (QN/Block) 	Elapsed: 0.603	Loglikelihood: -586418	(delta): 18.8654
13 (QN/Block) 	Elapsed: 0.607	Loglikelihood: -586406	(delta): 11.8522
14 (QN/Block) 	Elapsed: 0.605	Loglikelihood: -586396	(delta): 10.1668
15 (QN/Block) 	Elapsed: 0.605	Loglikelihood: -586390	(delta): 5.74793
16 (QN/Block) 	Elapsed: 0.658	Loglikelihood: -586390	(delta): 0.38478
17 (QN/Block) 	Elapsed: 0.654	Loglikelihood: -586390	(delta): 0.0137727
18 (QN/Block) 	Elapsed: 0.656	Loglikelihood: -586390	(delta): 0.130926
19 (QN/Block) 	Elapsed: 0.654	Loglikelihood: -586383	(delta): 7.36596
20 (QN/Block) 	Elapsed: 0.655	Loglikelihood: -586379	(delta): 3.53628
21 (QN/Block) 	Elapsed: 0.654	Loglikelihood: -586378	(delta): 1.1686
22 (QN/Block) 	Elapsed: 0.657	Loglikelihood: -586376	(delta): 1.40914
23 (QN/Block) 	Elapsed: 0.655	Loglikelihood: -586375	(delta): 1.71264
24 (QN/Block) 	Elapsed: 0.654	Loglikelihood: -586372	(delta): 2.38942
25 (QN/Block) 	Elapsed: 0.622	Loglikelihood: -586372	(delta): 0.0569243
26 (QN/Block) 	Elapsed: 0.605	Loglikelihood: -586372	(delta): 0.00142666
27 (QN/Block) 	Elapsed: 0.657	Loglikelihood: -586372	(delta): 0.000119757
28 (QN/Block) 	Elapsed: 0.604	Loglikelihood: -586372	(delta): 2.27208e-06
Summary: 
Converged in 28 iterations (19.273 sec)
Loglikelihood: -586372.307978
Fst divergences between estimated populations: 
	Pop0	Pop1	Pop2	Pop3	Pop4	Pop5	Pop6	Pop7	
Pop0	
Pop1	0.425	
Pop2	0.403	0.397	
Pop3	0.466	0.460	0.171	
Pop4	0.458	0.347	0.430	0.487	
Pop5	0.346	0.412	0.388	0.447	0.437	
Pop6	0.377	0.438	0.410	0.478	0.466	0.342	
Pop7	0.456	0.348	0.426	0.484	0.052	0.435	0.463	
Pop8	0.420	0.416	0.225	0.303	0.440	0.407	0.433	0.437	
CV error (K=9): 0.14919
Writing output files.
