****                   ADMIXTURE Version 1.3.0                  ****
****                    Copyright 2008-2015                     ****
****           David Alexander, Suyash Shringarpure,            ****
****                John  Novembre, Ken Lange                   ****
****                                                            ****
****                 Please cite our paper!                     ****
****   Information at www.genetics.ucla.edu/software/admixture  ****

Cross-validation will be performed.  Folds=5.
Random seed: 14137
Point estimation method: Block relaxation algorithm
Convergence acceleration algorithm: QuasiNewton, 3 secant conditions
Point estimation will terminate when objective function delta < 0.0001
Estimation of standard errors disabled; will compute point estimates only.
Size of G: 260x13929
Performing five EM steps to prime main algorithm
1 (EM) 	Elapsed: 0.076	Loglikelihood: -1.06577e+06	(delta): 3.95918e+06
2 (EM) 	Elapsed: 0.075	Loglikelihood: -1.00537e+06	(delta): 60403.1
3 (EM) 	Elapsed: 0.075	Loglikelihood: -995432	(delta): 9938.31
4 (EM) 	Elapsed: 0.075	Loglikelihood: -989618	(delta): 5813.33
5 (EM) 	Elapsed: 0.075	Loglikelihood: -985690	(delta): 3927.99
Initial loglikelihood: -985690
Starting main algorithm
1 (QN/Block) 	Elapsed: 0.14	Loglikelihood: -851389	(delta): 134301
2 (QN/Block) 	Elapsed: 0.14	Loglikelihood: -797582	(delta): 53806.4
3 (QN/Block) 	Elapsed: 0.162	Loglikelihood: -773611	(delta): 23970.9
4 (QN/Block) 	Elapsed: 0.162	Loglikelihood: -757517	(delta): 16094.3
5 (QN/Block) 	Elapsed: 0.163	Loglikelihood: -747201	(delta): 10315.7
6 (QN/Block) 	Elapsed: 0.162	Loglikelihood: -743732	(delta): 3468.95
7 (QN/Block) 	Elapsed: 0.184	Loglikelihood: -731335	(delta): 12397.3
8 (QN/Block) 	Elapsed: 0.184	Loglikelihood: -724266	(delta): 7068.68
9 (QN/Block) 	Elapsed: 0.183	Loglikelihood: -723006	(delta): 1259.99
10 (QN/Block) 	Elapsed: 0.163	Loglikelihood: -722799	(delta): 207.738
11 (QN/Block) 	Elapsed: 0.163	Loglikelihood: -722749	(delta): 49.7484
12 (QN/Block) 	Elapsed: 0.194	Loglikelihood: -722741	(delta): 8.33279
13 (QN/Block) 	Elapsed: 0.194	Loglikelihood: -722740	(delta): 0.491878
14 (QN/Block) 	Elapsed: 0.194	Loglikelihood: -722740	(delta): 0.000866749
15 (QN/Block) 	Elapsed: 0.163	Loglikelihood: -722740	(delta): 1.06798e-05
Summary: 
Converged in 15 iterations (3.176 sec)
Loglikelihood: -722740.186196
Fst divergences between estimated populations: 
	Pop0	Pop1	
Pop0	
Pop1	0.284	
Pop2	0.290	0.332	
CV error (K=3): 0.17028
Writing output files.
