****                   ADMIXTURE Version 1.3.0                  ****
****                    Copyright 2008-2015                     ****
****           David Alexander, Suyash Shringarpure,            ****
****                John  Novembre, Ken Lange                   ****
****                                                            ****
****                 Please cite our paper!                     ****
****   Information at www.genetics.ucla.edu/software/admixture  ****

Cross-validation will be performed.  Folds=5.
Random seed: 14137
Point estimation method: Block relaxation algorithm
Convergence acceleration algorithm: QuasiNewton, 3 secant conditions
Point estimation will terminate when objective function delta < 0.0001
Estimation of standard errors disabled; will compute point estimates only.
Size of G: 260x13929
Performing five EM steps to prime main algorithm
1 (EM) 	Elapsed: 0.053	Loglikelihood: -1.03911e+06	(delta): 4.32797e+06
2 (EM) 	Elapsed: 0.053	Loglikelihood: -999779	(delta): 39334
3 (EM) 	Elapsed: 0.053	Loglikelihood: -991868	(delta): 7911.24
4 (EM) 	Elapsed: 0.053	Loglikelihood: -987889	(delta): 3978.88
5 (EM) 	Elapsed: 0.053	Loglikelihood: -985708	(delta): 2181.77
Initial loglikelihood: -985708
Starting main algorithm
1 (QN/Block) 	Elapsed: 0.094	Loglikelihood: -901554	(delta): 84153.6
2 (QN/Block) 	Elapsed: 0.094	Loglikelihood: -877853	(delta): 23701.4
3 (QN/Block) 	Elapsed: 0.115	Loglikelihood: -858925	(delta): 18927.3
4 (QN/Block) 	Elapsed: 0.114	Loglikelihood: -849840	(delta): 9084.99
5 (QN/Block) 	Elapsed: 0.114	Loglikelihood: -847344	(delta): 2496.59
6 (QN/Block) 	Elapsed: 0.114	Loglikelihood: -846909	(delta): 434.635
7 (QN/Block) 	Elapsed: 0.114	Loglikelihood: -846750	(delta): 159.432
8 (QN/Block) 	Elapsed: 0.114	Loglikelihood: -846677	(delta): 72.3635
9 (QN/Block) 	Elapsed: 0.114	Loglikelihood: -846643	(delta): 33.9552
10 (QN/Block) 	Elapsed: 0.114	Loglikelihood: -846627	(delta): 15.8768
11 (QN/Block) 	Elapsed: 0.114	Loglikelihood: -846618	(delta): 9.56821
12 (QN/Block) 	Elapsed: 0.114	Loglikelihood: -846613	(delta): 5.14799
13 (QN/Block) 	Elapsed: 0.114	Loglikelihood: -846609	(delta): 3.81504
14 (QN/Block) 	Elapsed: 0.114	Loglikelihood: -846606	(delta): 2.60911
15 (QN/Block) 	Elapsed: 0.115	Loglikelihood: -846605	(delta): 1.42242
16 (QN/Block) 	Elapsed: 0.124	Loglikelihood: -846603	(delta): 1.73999
17 (QN/Block) 	Elapsed: 0.133	Loglikelihood: -846601	(delta): 1.9863
18 (QN/Block) 	Elapsed: 0.134	Loglikelihood: -846599	(delta): 2.52441
19 (QN/Block) 	Elapsed: 0.143	Loglikelihood: -846595	(delta): 3.97981
20 (QN/Block) 	Elapsed: 0.143	Loglikelihood: -846590	(delta): 4.33873
21 (QN/Block) 	Elapsed: 0.143	Loglikelihood: -846584	(delta): 6.53106
22 (QN/Block) 	Elapsed: 0.143	Loglikelihood: -846573	(delta): 11.0717
23 (QN/Block) 	Elapsed: 0.143	Loglikelihood: -846552	(delta): 20.6017
24 (QN/Block) 	Elapsed: 0.143	Loglikelihood: -846508	(delta): 44.0293
25 (QN/Block) 	Elapsed: 0.143	Loglikelihood: -846388	(delta): 120.552
26 (QN/Block) 	Elapsed: 0.143	Loglikelihood: -844732	(delta): 1655.39
27 (QN/Block) 	Elapsed: 0.143	Loglikelihood: -837067	(delta): 7665.13
28 (QN/Block) 	Elapsed: 0.143	Loglikelihood: -830751	(delta): 6316.29
29 (QN/Block) 	Elapsed: 0.143	Loglikelihood: -828830	(delta): 1920.92
30 (QN/Block) 	Elapsed: 0.114	Loglikelihood: -828434	(delta): 396.061
31 (QN/Block) 	Elapsed: 0.143	Loglikelihood: -828335	(delta): 98.4352
32 (QN/Block) 	Elapsed: 0.123	Loglikelihood: -828318	(delta): 16.8581
33 (QN/Block) 	Elapsed: 0.143	Loglikelihood: -828317	(delta): 1.39701
34 (QN/Block) 	Elapsed: 0.123	Loglikelihood: -828317	(delta): 0.00782198
35 (QN/Block) 	Elapsed: 0.114	Loglikelihood: -828317	(delta): 0.000141225
36 (QN/Block) 	Elapsed: 0.114	Loglikelihood: -828317	(delta): 8.45222e-06
Summary: 
Converged in 36 iterations (5.22 sec)
Loglikelihood: -828317.044449
Fst divergences between estimated populations: 
	Pop0	
Pop0	
Pop1	0.247	
CV error (K=2): 0.19815
Writing output files.
