****                   ADMIXTURE Version 1.3.0                  ****
****                    Copyright 2008-2015                     ****
****           David Alexander, Suyash Shringarpure,            ****
****                John  Novembre, Ken Lange                   ****
****                                                            ****
****                 Please cite our paper!                     ****
****   Information at www.genetics.ucla.edu/software/admixture  ****

Cross-validation will be performed.  Folds=5.
Random seed: 14137
Point estimation method: Block relaxation algorithm
Convergence acceleration algorithm: QuasiNewton, 3 secant conditions
Point estimation will terminate when objective function delta < 0.0001
Estimation of standard errors disabled; will compute point estimates only.
Size of G: 260x13929
Performing five EM steps to prime main algorithm
1 (EM) 	Elapsed: 0.166	Loglikelihood: -1.08618e+06	(delta): 3.59062e+06
2 (EM) 	Elapsed: 0.166	Loglikelihood: -1.00375e+06	(delta): 82435.6
3 (EM) 	Elapsed: 0.166	Loglikelihood: -991822	(delta): 11922.9
4 (EM) 	Elapsed: 0.166	Loglikelihood: -984971	(delta): 6851.57
5 (EM) 	Elapsed: 0.166	Loglikelihood: -979659	(delta): 5312.24
Initial loglikelihood: -979659
Starting main algorithm
1 (QN/Block) 	Elapsed: 0.393	Loglikelihood: -765743	(delta): 213915
2 (QN/Block) 	Elapsed: 0.392	Loglikelihood: -672521	(delta): 93222.6
3 (QN/Block) 	Elapsed: 0.421	Loglikelihood: -642081	(delta): 30440
4 (QN/Block) 	Elapsed: 0.451	Loglikelihood: -623409	(delta): 18671.3
5 (QN/Block) 	Elapsed: 0.419	Loglikelihood: -615269	(delta): 8140.14
6 (QN/Block) 	Elapsed: 0.464	Loglikelihood: -611868	(delta): 3400.89
7 (QN/Block) 	Elapsed: 0.435	Loglikelihood: -610329	(delta): 1539.36
8 (QN/Block) 	Elapsed: 0.419	Loglikelihood: -609404	(delta): 925.322
9 (QN/Block) 	Elapsed: 0.463	Loglikelihood: -609064	(delta): 339.876
10 (QN/Block) 	Elapsed: 0.418	Loglikelihood: -608821	(delta): 243.103
11 (QN/Block) 	Elapsed: 0.418	Loglikelihood: -608618	(delta): 203.147
12 (QN/Block) 	Elapsed: 0.418	Loglikelihood: -608510	(delta): 107.617
13 (QN/Block) 	Elapsed: 0.417	Loglikelihood: -608472	(delta): 37.8609
14 (QN/Block) 	Elapsed: 0.417	Loglikelihood: -608440	(delta): 32.1226
15 (QN/Block) 	Elapsed: 0.418	Loglikelihood: -608412	(delta): 28.3854
16 (QN/Block) 	Elapsed: 0.418	Loglikelihood: -608404	(delta): 7.64252
17 (QN/Block) 	Elapsed: 0.447	Loglikelihood: -608400	(delta): 3.50751
18 (QN/Block) 	Elapsed: 0.447	Loglikelihood: -608397	(delta): 3.14958
19 (QN/Block) 	Elapsed: 0.462	Loglikelihood: -608389	(delta): 7.97365
20 (QN/Block) 	Elapsed: 0.462	Loglikelihood: -608377	(delta): 12.6578
21 (QN/Block) 	Elapsed: 0.447	Loglikelihood: -608370	(delta): 6.44305
22 (QN/Block) 	Elapsed: 0.447	Loglikelihood: -608345	(delta): 24.8072
23 (QN/Block) 	Elapsed: 0.418	Loglikelihood: -608318	(delta): 27.7673
24 (QN/Block) 	Elapsed: 0.463	Loglikelihood: -608301	(delta): 16.3854
25 (QN/Block) 	Elapsed: 0.462	Loglikelihood: -608288	(delta): 13.7201
26 (QN/Block) 	Elapsed: 0.462	Loglikelihood: -608270	(delta): 17.5843
27 (QN/Block) 	Elapsed: 0.432	Loglikelihood: -608246	(delta): 24.0502
28 (QN/Block) 	Elapsed: 0.432	Loglikelihood: -608233	(delta): 12.4444
29 (QN/Block) 	Elapsed: 0.447	Loglikelihood: -608209	(delta): 24.3318
30 (QN/Block) 	Elapsed: 0.463	Loglikelihood: -608181	(delta): 27.8871
31 (QN/Block) 	Elapsed: 0.462	Loglikelihood: -608153	(delta): 28.3422
32 (QN/Block) 	Elapsed: 0.462	Loglikelihood: -608119	(delta): 34.3298
33 (QN/Block) 	Elapsed: 0.463	Loglikelihood: -608068	(delta): 50.9728
34 (QN/Block) 	Elapsed: 0.463	Loglikelihood: -608033	(delta): 34.5852
35 (QN/Block) 	Elapsed: 0.462	Loglikelihood: -608002	(delta): 30.8703
36 (QN/Block) 	Elapsed: 0.447	Loglikelihood: -607960	(delta): 41.9528
37 (QN/Block) 	Elapsed: 0.462	Loglikelihood: -607914	(delta): 46.3054
38 (QN/Block) 	Elapsed: 0.432	Loglikelihood: -607867	(delta): 46.6441
39 (QN/Block) 	Elapsed: 0.462	Loglikelihood: -607837	(delta): 29.8136
40 (QN/Block) 	Elapsed: 0.448	Loglikelihood: -607812	(delta): 25.5096
41 (QN/Block) 	Elapsed: 0.462	Loglikelihood: -607798	(delta): 13.7598
42 (QN/Block) 	Elapsed: 0.432	Loglikelihood: -607772	(delta): 26.0585
43 (QN/Block) 	Elapsed: 0.462	Loglikelihood: -607758	(delta): 14.1309
44 (QN/Block) 	Elapsed: 0.447	Loglikelihood: -607757	(delta): 0.979216
45 (QN/Block) 	Elapsed: 0.462	Loglikelihood: -607757	(delta): 0.191573
46 (QN/Block) 	Elapsed: 0.462	Loglikelihood: -607756	(delta): 0.312348
47 (QN/Block) 	Elapsed: 0.462	Loglikelihood: -607756	(delta): 0.605736
48 (QN/Block) 	Elapsed: 0.463	Loglikelihood: -607755	(delta): 0.644604
49 (QN/Block) 	Elapsed: 0.447	Loglikelihood: -607755	(delta): 0.00770538
50 (QN/Block) 	Elapsed: 0.418	Loglikelihood: -607755	(delta): 0.0057762
51 (QN/Block) 	Elapsed: 0.417	Loglikelihood: -607755	(delta): 0.00116508
52 (QN/Block) 	Elapsed: 0.418	Loglikelihood: -607755	(delta): 0.000189243
53 (QN/Block) 	Elapsed: 0.417	Loglikelihood: -607755	(delta): 0.000149239
54 (QN/Block) 	Elapsed: 0.417	Loglikelihood: -607755	(delta): 0.000178638
55 (QN/Block) 	Elapsed: 0.463	Loglikelihood: -607755	(delta): 2.18961e-05
Summary: 
Converged in 55 iterations (26.069 sec)
Loglikelihood: -607755.208996
Fst divergences between estimated populations: 
	Pop0	Pop1	Pop2	Pop3	Pop4	Pop5	
Pop0	
Pop1	0.407	
Pop2	0.290	0.431	
Pop3	0.432	0.354	0.448	
Pop4	0.308	0.343	0.346	0.370	
Pop5	0.413	0.441	0.440	0.466	0.255	
Pop6	0.427	0.351	0.444	0.055	0.364	0.463	
CV error (K=7): 0.15055
Writing output files.
