****                   ADMIXTURE Version 1.3.0                  ****
****                    Copyright 2008-2015                     ****
****           David Alexander, Suyash Shringarpure,            ****
****                John  Novembre, Ken Lange                   ****
****                                                            ****
****                 Please cite our paper!                     ****
****   Information at www.genetics.ucla.edu/software/admixture  ****

Cross-validation will be performed.  Folds=5.
Random seed: 1178
Point estimation method: Block relaxation algorithm
Convergence acceleration algorithm: QuasiNewton, 3 secant conditions
Point estimation will terminate when objective function delta < 0.0001
Estimation of standard errors disabled; will compute point estimates only.
Size of G: 260x13929
Performing five EM steps to prime main algorithm
1 (EM) 	Elapsed: 0.22	Loglikelihood: -1.08592e+06	(delta): 3.53747e+06
2 (EM) 	Elapsed: 0.219	Loglikelihood: -1.00044e+06	(delta): 85479.2
3 (EM) 	Elapsed: 0.219	Loglikelihood: -988309	(delta): 12128.8
4 (EM) 	Elapsed: 0.219	Loglikelihood: -981113	(delta): 7195.99
5 (EM) 	Elapsed: 0.219	Loglikelihood: -975160	(delta): 5953.18
Initial loglikelihood: -975160
Starting main algorithm
1 (QN/Block) 	Elapsed: 0.579	Loglikelihood: -716956	(delta): 258204
2 (QN/Block) 	Elapsed: 0.574	Loglikelihood: -651999	(delta): 64956.5
3 (QN/Block) 	Elapsed: 0.609	Loglikelihood: -625896	(delta): 26103.5
4 (QN/Block) 	Elapsed: 0.662	Loglikelihood: -609187	(delta): 16708.6
5 (QN/Block) 	Elapsed: 0.605	Loglikelihood: -600898	(delta): 8289.2
6 (QN/Block) 	Elapsed: 0.66	Loglikelihood: -596573	(delta): 4325.54
7 (QN/Block) 	Elapsed: 0.608	Loglikelihood: -594923	(delta): 1649.49
8 (QN/Block) 	Elapsed: 0.625	Loglikelihood: -592988	(delta): 1934.77
9 (QN/Block) 	Elapsed: 0.624	Loglikelihood: -590110	(delta): 2878.39
10 (QN/Block) 	Elapsed: 0.657	Loglikelihood: -588861	(delta): 1248.68
11 (QN/Block) 	Elapsed: 0.605	Loglikelihood: -587894	(delta): 967.559
12 (QN/Block) 	Elapsed: 0.608	Loglikelihood: -587192	(delta): 701.401
13 (QN/Block) 	Elapsed: 0.604	Loglikelihood: -586736	(delta): 455.954
14 (QN/Block) 	Elapsed: 0.608	Loglikelihood: -586517	(delta): 219.334
15 (QN/Block) 	Elapsed: 0.607	Loglikelihood: -586431	(delta): 86.282
16 (QN/Block) 	Elapsed: 0.604	Loglikelihood: -586403	(delta): 27.3464
17 (QN/Block) 	Elapsed: 0.602	Loglikelihood: -586388	(delta): 15.8762
18 (QN/Block) 	Elapsed: 0.607	Loglikelihood: -586380	(delta): 7.56727
19 (QN/Block) 	Elapsed: 0.604	Loglikelihood: -586362	(delta): 18.1173
20 (QN/Block) 	Elapsed: 0.603	Loglikelihood: -586353	(delta): 8.96473
21 (QN/Block) 	Elapsed: 0.605	Loglikelihood: -586350	(delta): 2.65271
22 (QN/Block) 	Elapsed: 0.623	Loglikelihood: -586348	(delta): 2.18223
23 (QN/Block) 	Elapsed: 0.657	Loglikelihood: -586344	(delta): 3.74154
24 (QN/Block) 	Elapsed: 0.642	Loglikelihood: -586343	(delta): 1.14548
25 (QN/Block) 	Elapsed: 0.604	Loglikelihood: -586343	(delta): 0.00569634
26 (QN/Block) 	Elapsed: 0.607	Loglikelihood: -586343	(delta): 0.00116126
27 (QN/Block) 	Elapsed: 0.607	Loglikelihood: -586343	(delta): 0.000372257
28 (QN/Block) 	Elapsed: 0.655	Loglikelihood: -586343	(delta): 0.000789434
29 (QN/Block) 	Elapsed: 0.659	Loglikelihood: -586343	(delta): 0.0171232
30 (QN/Block) 	Elapsed: 0.658	Loglikelihood: -586342	(delta): 0.859237
31 (QN/Block) 	Elapsed: 0.659	Loglikelihood: -586340	(delta): 2.75977
32 (QN/Block) 	Elapsed: 0.603	Loglikelihood: -586339	(delta): 0.862334
33 (QN/Block) 	Elapsed: 0.604	Loglikelihood: -586338	(delta): 0.29045
34 (QN/Block) 	Elapsed: 0.606	Loglikelihood: -586338	(delta): 0.265728
35 (QN/Block) 	Elapsed: 0.603	Loglikelihood: -586337	(delta): 0.808235
36 (QN/Block) 	Elapsed: 0.657	Loglikelihood: -586337	(delta): 0.217687
37 (QN/Block) 	Elapsed: 0.603	Loglikelihood: -586337	(delta): 0.0099959
38 (QN/Block) 	Elapsed: 0.606	Loglikelihood: -586337	(delta): 0.0372986
39 (QN/Block) 	Elapsed: 0.622	Loglikelihood: -586337	(delta): 0.378701
40 (QN/Block) 	Elapsed: 0.604	Loglikelihood: -586336	(delta): 1.09397
41 (QN/Block) 	Elapsed: 0.655	Loglikelihood: -586335	(delta): 0.0664019
42 (QN/Block) 	Elapsed: 0.607	Loglikelihood: -586335	(delta): 8.96528e-05
Summary: 
Converged in 42 iterations (27.983 sec)
Loglikelihood: -586335.485796
Fst divergences between estimated populations: 
	Pop0	Pop1	Pop2	Pop3	Pop4	Pop5	Pop6	Pop7	
Pop0	
Pop1	0.376	
Pop2	0.410	0.443	
Pop3	0.418	0.438	0.430	
Pop4	0.399	0.409	0.401	0.239	
Pop5	0.464	0.479	0.464	0.318	0.176	
Pop6	0.416	0.461	0.347	0.447	0.424	0.483	
Pop7	0.426	0.456	0.089	0.442	0.415	0.479	0.362	
Pop8	0.344	0.337	0.411	0.404	0.378	0.440	0.429	0.422	
CV error (K=9): 0.14861
Writing output files.
