****                   ADMIXTURE Version 1.3.0                  ****
****                    Copyright 2008-2015                     ****
****           David Alexander, Suyash Shringarpure,            ****
****                John  Novembre, Ken Lange                   ****
****                                                            ****
****                 Please cite our paper!                     ****
****   Information at www.genetics.ucla.edu/software/admixture  ****

Cross-validation will be performed.  Folds=5.
Random seed: 1178
Point estimation method: Block relaxation algorithm
Convergence acceleration algorithm: QuasiNewton, 3 secant conditions
Point estimation will terminate when objective function delta < 0.0001
Estimation of standard errors disabled; will compute point estimates only.
Size of G: 260x13929
Performing five EM steps to prime main algorithm
1 (EM) 	Elapsed: 0.054	Loglikelihood: -1.04092e+06	(delta): 4.38769e+06
2 (EM) 	Elapsed: 0.053	Loglikelihood: -1.00086e+06	(delta): 40061.3
3 (EM) 	Elapsed: 0.053	Loglikelihood: -993097	(delta): 7765.43
4 (EM) 	Elapsed: 0.053	Loglikelihood: -989215	(delta): 3881.88
5 (EM) 	Elapsed: 0.053	Loglikelihood: -987127	(delta): 2087.53
Initial loglikelihood: -987127
Starting main algorithm
1 (QN/Block) 	Elapsed: 0.094	Loglikelihood: -925538	(delta): 61589.5
2 (QN/Block) 	Elapsed: 0.094	Loglikelihood: -900097	(delta): 25440.4
3 (QN/Block) 	Elapsed: 0.124	Loglikelihood: -878598	(delta): 21498.9
4 (QN/Block) 	Elapsed: 0.114	Loglikelihood: -856854	(delta): 21744.6
5 (QN/Block) 	Elapsed: 0.133	Loglikelihood: -834432	(delta): 22421.8
6 (QN/Block) 	Elapsed: 0.133	Loglikelihood: -829231	(delta): 5200.69
7 (QN/Block) 	Elapsed: 0.143	Loglikelihood: -828676	(delta): 555.736
8 (QN/Block) 	Elapsed: 0.124	Loglikelihood: -828397	(delta): 278.121
9 (QN/Block) 	Elapsed: 0.143	Loglikelihood: -828341	(delta): 56.3083
10 (QN/Block) 	Elapsed: 0.114	Loglikelihood: -828318	(delta): 23.3367
11 (QN/Block) 	Elapsed: 0.143	Loglikelihood: -828317	(delta): 0.738932
12 (QN/Block) 	Elapsed: 0.124	Loglikelihood: -828317	(delta): 0.0420633
13 (QN/Block) 	Elapsed: 0.144	Loglikelihood: -828317	(delta): 0.00352467
14 (QN/Block) 	Elapsed: 0.114	Loglikelihood: -828317	(delta): 3.07767e-06
Summary: 
Converged in 14 iterations (2.227 sec)
Loglikelihood: -828317.044449
Fst divergences between estimated populations: 
	Pop0	
Pop0	
Pop1	0.247	
CV error (K=2): 0.19807
Writing output files.
