****                   ADMIXTURE Version 1.3.0                  ****
****                    Copyright 2008-2015                     ****
****           David Alexander, Suyash Shringarpure,            ****
****                John  Novembre, Ken Lange                   ****
****                                                            ****
****                 Please cite our paper!                     ****
****   Information at www.genetics.ucla.edu/software/admixture  ****

Cross-validation will be performed.  Folds=5.
Random seed: 1178
Point estimation method: Block relaxation algorithm
Convergence acceleration algorithm: QuasiNewton, 3 secant conditions
Point estimation will terminate when objective function delta < 0.0001
Estimation of standard errors disabled; will compute point estimates only.
Size of G: 260x13929
Performing five EM steps to prime main algorithm
1 (EM) 	Elapsed: 0.076	Loglikelihood: -1.06884e+06	(delta): 4.01174e+06
2 (EM) 	Elapsed: 0.075	Loglikelihood: -1.00713e+06	(delta): 61707.3
3 (EM) 	Elapsed: 0.075	Loglikelihood: -996585	(delta): 10543.4
4 (EM) 	Elapsed: 0.075	Loglikelihood: -990834	(delta): 5751.77
5 (EM) 	Elapsed: 0.075	Loglikelihood: -987071	(delta): 3762.68
Initial loglikelihood: -987071
Starting main algorithm
1 (QN/Block) 	Elapsed: 0.14	Loglikelihood: -894454	(delta): 92616.5
2 (QN/Block) 	Elapsed: 0.142	Loglikelihood: -840173	(delta): 54281.1
3 (QN/Block) 	Elapsed: 0.162	Loglikelihood: -813025	(delta): 27148.4
4 (QN/Block) 	Elapsed: 0.193	Loglikelihood: -789156	(delta): 23869.3
5 (QN/Block) 	Elapsed: 0.194	Loglikelihood: -750155	(delta): 39000.6
6 (QN/Block) 	Elapsed: 0.194	Loglikelihood: -729011	(delta): 21143.9
7 (QN/Block) 	Elapsed: 0.173	Loglikelihood: -725604	(delta): 3406.76
8 (QN/Block) 	Elapsed: 0.162	Loglikelihood: -723596	(delta): 2007.85
9 (QN/Block) 	Elapsed: 0.173	Loglikelihood: -722800	(delta): 795.983
10 (QN/Block) 	Elapsed: 0.194	Loglikelihood: -722747	(delta): 53.4477
11 (QN/Block) 	Elapsed: 0.163	Loglikelihood: -722740	(delta): 6.63786
12 (QN/Block) 	Elapsed: 0.194	Loglikelihood: -722740	(delta): 0.302122
13 (QN/Block) 	Elapsed: 0.197	Loglikelihood: -722740	(delta): 0.000214915
14 (QN/Block) 	Elapsed: 0.166	Loglikelihood: -722740	(delta): 4.84753e-07
Summary: 
Converged in 14 iterations (3.069 sec)
Loglikelihood: -722740.099292
Fst divergences between estimated populations: 
	Pop0	Pop1	
Pop0	
Pop1	0.332	
Pop2	0.284	0.290	
CV error (K=3): 0.17036
Writing output files.
