****                   ADMIXTURE Version 1.3.0                  ****
****                    Copyright 2008-2015                     ****
****           David Alexander, Suyash Shringarpure,            ****
****                John  Novembre, Ken Lange                   ****
****                                                            ****
****                 Please cite our paper!                     ****
****   Information at www.genetics.ucla.edu/software/admixture  ****

Cross-validation will be performed.  Folds=5.
Random seed: 1178
Point estimation method: Block relaxation algorithm
Convergence acceleration algorithm: QuasiNewton, 3 secant conditions
Point estimation will terminate when objective function delta < 0.0001
Estimation of standard errors disabled; will compute point estimates only.
Size of G: 260x13929
Performing five EM steps to prime main algorithm
1 (EM) 	Elapsed: 0.101	Loglikelihood: -1.07838e+06	(delta): 3.8253e+06
2 (EM) 	Elapsed: 0.099	Loglikelihood: -1.0062e+06	(delta): 72183.4
3 (EM) 	Elapsed: 0.099	Loglikelihood: -994911	(delta): 11290.2
4 (EM) 	Elapsed: 0.099	Loglikelihood: -988537	(delta): 6374.06
5 (EM) 	Elapsed: 0.099	Loglikelihood: -983840	(delta): 4696.93
Initial loglikelihood: -983840
Starting main algorithm
1 (QN/Block) 	Elapsed: 0.201	Loglikelihood: -797978	(delta): 185862
2 (QN/Block) 	Elapsed: 0.2	Loglikelihood: -721263	(delta): 76714.7
3 (QN/Block) 	Elapsed: 0.225	Loglikelihood: -687154	(delta): 34109.9
4 (QN/Block) 	Elapsed: 0.225	Loglikelihood: -664452	(delta): 22702
5 (QN/Block) 	Elapsed: 0.236	Loglikelihood: -656966	(delta): 7485.62
6 (QN/Block) 	Elapsed: 0.225	Loglikelihood: -654438	(delta): 2527.98
7 (QN/Block) 	Elapsed: 0.224	Loglikelihood: -654056	(delta): 381.506
8 (QN/Block) 	Elapsed: 0.224	Loglikelihood: -653984	(delta): 72.8572
9 (QN/Block) 	Elapsed: 0.262	Loglikelihood: -653964	(delta): 19.504
10 (QN/Block) 	Elapsed: 0.216	Loglikelihood: -653958	(delta): 5.75032
11 (QN/Block) 	Elapsed: 0.216	Loglikelihood: -653955	(delta): 3.19371
12 (QN/Block) 	Elapsed: 0.252	Loglikelihood: -653954	(delta): 0.842088
13 (QN/Block) 	Elapsed: 0.216	Loglikelihood: -653954	(delta): 0.0639764
14 (QN/Block) 	Elapsed: 0.216	Loglikelihood: -653954	(delta): 0.0115562
15 (QN/Block) 	Elapsed: 0.216	Loglikelihood: -653954	(delta): 0.0042535
16 (QN/Block) 	Elapsed: 0.24	Loglikelihood: -653954	(delta): 0.000828937
17 (QN/Block) 	Elapsed: 0.216	Loglikelihood: -653954	(delta): 0.000221061
18 (QN/Block) 	Elapsed: 0.216	Loglikelihood: -653954	(delta): 0.00104047
19 (QN/Block) 	Elapsed: 0.216	Loglikelihood: -653954	(delta): 0.00167378
20 (QN/Block) 	Elapsed: 0.216	Loglikelihood: -653954	(delta): 0.000845813
21 (QN/Block) 	Elapsed: 0.216	Loglikelihood: -653954	(delta): 3.20625e-05
Summary: 
Converged in 21 iterations (5.528 sec)
Loglikelihood: -653954.198209
Fst divergences between estimated populations: 
	Pop0	Pop1	Pop2	
Pop0	
Pop1	0.290	
Pop2	0.361	0.406	
Pop3	0.368	0.416	0.365	
CV error (K=4): 0.15156
Writing output files.
