****                   ADMIXTURE Version 1.3.0                  ****
****                    Copyright 2008-2015                     ****
****           David Alexander, Suyash Shringarpure,            ****
****                John  Novembre, Ken Lange                   ****
****                                                            ****
****                 Please cite our paper!                     ****
****   Information at www.genetics.ucla.edu/software/admixture  ****

Cross-validation will be performed.  Folds=5.
Random seed: 1178
Point estimation method: Block relaxation algorithm
Convergence acceleration algorithm: QuasiNewton, 3 secant conditions
Point estimation will terminate when objective function delta < 0.0001
Estimation of standard errors disabled; will compute point estimates only.
Size of G: 260x13929
Performing five EM steps to prime main algorithm
1 (EM) 	Elapsed: 0.255	Loglikelihood: -1.08592e+06	(delta): 3.50542e+06
2 (EM) 	Elapsed: 0.254	Loglikelihood: -998405	(delta): 87510.5
3 (EM) 	Elapsed: 0.257	Loglikelihood: -985746	(delta): 12658.8
4 (EM) 	Elapsed: 0.254	Loglikelihood: -978070	(delta): 7676.19
5 (EM) 	Elapsed: 0.256	Loglikelihood: -971581	(delta): 6489.3
Initial loglikelihood: -971581
Starting main algorithm
1 (QN/Block) 	Elapsed: 0.693	Loglikelihood: -704666	(delta): 266915
2 (QN/Block) 	Elapsed: 0.687	Loglikelihood: -643159	(delta): 61507.1
3 (QN/Block) 	Elapsed: 0.716	Loglikelihood: -616794	(delta): 26364.9
4 (QN/Block) 	Elapsed: 0.719	Loglikelihood: -599103	(delta): 17691.1
5 (QN/Block) 	Elapsed: 0.715	Loglikelihood: -590138	(delta): 8964.87
6 (QN/Block) 	Elapsed: 0.769	Loglikelihood: -585663	(delta): 4475.34
7 (QN/Block) 	Elapsed: 0.713	Loglikelihood: -584083	(delta): 1579.62
8 (QN/Block) 	Elapsed: 0.714	Loglikelihood: -583505	(delta): 577.908
9 (QN/Block) 	Elapsed: 0.714	Loglikelihood: -583253	(delta): 252.104
10 (QN/Block) 	Elapsed: 0.713	Loglikelihood: -583144	(delta): 108.72
11 (QN/Block) 	Elapsed: 0.712	Loglikelihood: -583066	(delta): 78.1577
12 (QN/Block) 	Elapsed: 0.715	Loglikelihood: -583009	(delta): 57.0415
13 (QN/Block) 	Elapsed: 0.716	Loglikelihood: -582948	(delta): 61.2404
14 (QN/Block) 	Elapsed: 0.715	Loglikelihood: -582893	(delta): 54.6761
15 (QN/Block) 	Elapsed: 0.711	Loglikelihood: -582847	(delta): 46.1853
16 (QN/Block) 	Elapsed: 0.716	Loglikelihood: -582823	(delta): 24.1554
17 (QN/Block) 	Elapsed: 0.735	Loglikelihood: -582816	(delta): 7.42025
18 (QN/Block) 	Elapsed: 0.711	Loglikelihood: -582813	(delta): 2.37816
19 (QN/Block) 	Elapsed: 0.713	Loglikelihood: -582811	(delta): 2.05127
20 (QN/Block) 	Elapsed: 0.769	Loglikelihood: -582808	(delta): 3.14431
21 (QN/Block) 	Elapsed: 0.773	Loglikelihood: -582805	(delta): 3.26556
22 (QN/Block) 	Elapsed: 0.767	Loglikelihood: -582802	(delta): 2.4248
23 (QN/Block) 	Elapsed: 0.764	Loglikelihood: -582800	(delta): 2.46187
24 (QN/Block) 	Elapsed: 0.766	Loglikelihood: -582798	(delta): 1.86049
25 (QN/Block) 	Elapsed: 0.776	Loglikelihood: -582795	(delta): 2.69085
26 (QN/Block) 	Elapsed: 0.771	Loglikelihood: -582790	(delta): 5.03363
27 (QN/Block) 	Elapsed: 0.768	Loglikelihood: -582783	(delta): 6.95537
28 (QN/Block) 	Elapsed: 0.771	Loglikelihood: -582775	(delta): 8.0199
29 (QN/Block) 	Elapsed: 0.765	Loglikelihood: -582759	(delta): 16.3828
30 (QN/Block) 	Elapsed: 0.767	Loglikelihood: -582743	(delta): 15.4804
31 (QN/Block) 	Elapsed: 0.769	Loglikelihood: -582730	(delta): 13.5762
32 (QN/Block) 	Elapsed: 0.711	Loglikelihood: -582725	(delta): 4.42286
33 (QN/Block) 	Elapsed: 0.711	Loglikelihood: -582724	(delta): 1.61466
34 (QN/Block) 	Elapsed: 0.746	Loglikelihood: -582719	(delta): 4.41251
35 (QN/Block) 	Elapsed: 0.728	Loglikelihood: -582716	(delta): 3.24586
36 (QN/Block) 	Elapsed: 0.712	Loglikelihood: -582715	(delta): 1.06831
37 (QN/Block) 	Elapsed: 0.767	Loglikelihood: -582714	(delta): 0.866598
38 (QN/Block) 	Elapsed: 0.771	Loglikelihood: -582713	(delta): 1.10593
39 (QN/Block) 	Elapsed: 0.771	Loglikelihood: -582713	(delta): 0.495809
40 (QN/Block) 	Elapsed: 0.771	Loglikelihood: -582712	(delta): 0.469635
41 (QN/Block) 	Elapsed: 0.768	Loglikelihood: -582712	(delta): 0.0654744
42 (QN/Block) 	Elapsed: 0.732	Loglikelihood: -582712	(delta): 0.0396602
43 (QN/Block) 	Elapsed: 0.71	Loglikelihood: -582712	(delta): 0.0149747
44 (QN/Block) 	Elapsed: 0.711	Loglikelihood: -582712	(delta): 0.0118752
45 (QN/Block) 	Elapsed: 0.714	Loglikelihood: -582712	(delta): 0.0145746
46 (QN/Block) 	Elapsed: 0.768	Loglikelihood: -582712	(delta): 0.00690787
47 (QN/Block) 	Elapsed: 0.768	Loglikelihood: -582712	(delta): 0.00760112
48 (QN/Block) 	Elapsed: 0.768	Loglikelihood: -582712	(delta): 0.00841174
49 (QN/Block) 	Elapsed: 0.767	Loglikelihood: -582712	(delta): 0.00921258
50 (QN/Block) 	Elapsed: 0.771	Loglikelihood: -582712	(delta): 0.00997915
51 (QN/Block) 	Elapsed: 0.77	Loglikelihood: -582712	(delta): 0.0106949
52 (QN/Block) 	Elapsed: 0.771	Loglikelihood: -582712	(delta): 0.0113483
53 (QN/Block) 	Elapsed: 0.77	Loglikelihood: -582712	(delta): 0.011933
54 (QN/Block) 	Elapsed: 0.769	Loglikelihood: -582712	(delta): 0.0124462
55 (QN/Block) 	Elapsed: 0.769	Loglikelihood: -582712	(delta): 0.0128831
56 (QN/Block) 	Elapsed: 0.771	Loglikelihood: -582712	(delta): 0.0132599
57 (QN/Block) 	Elapsed: 0.768	Loglikelihood: -582712	(delta): 0.00583242
58 (QN/Block) 	Elapsed: 0.77	Loglikelihood: -582712	(delta): 4.43466e-05
Summary: 
Converged in 58 iterations (45.712 sec)
Loglikelihood: -582711.851210
Fst divergences between estimated populations: 
	Pop0	Pop1	Pop2	Pop3	Pop4	Pop5	Pop6	Pop7	Pop8	
Pop0	
Pop1	0.446	
Pop2	0.349	0.466	
Pop3	0.415	0.343	0.434	
Pop4	0.466	0.483	0.487	0.445	
Pop5	0.349	0.465	0.049	0.433	0.485	
Pop6	0.447	0.376	0.467	0.358	0.479	0.466	
Pop7	0.414	0.435	0.438	0.401	0.315	0.437	0.431	
Pop8	0.400	0.411	0.428	0.382	0.180	0.426	0.419	0.229	
Pop9	0.095	0.463	0.371	0.430	0.484	0.370	0.461	0.435	0.421	
CV error (K=10): 0.15118
Writing output files.
