****                   ADMIXTURE Version 1.3.0                  ****
****                    Copyright 2008-2015                     ****
****           David Alexander, Suyash Shringarpure,            ****
****                John  Novembre, Ken Lange                   ****
****                                                            ****
****                 Please cite our paper!                     ****
****   Information at www.genetics.ucla.edu/software/admixture  ****

Cross-validation will be performed.  Folds=5.
Random seed: 1178
Point estimation method: Block relaxation algorithm
Convergence acceleration algorithm: QuasiNewton, 3 secant conditions
Point estimation will terminate when objective function delta < 0.0001
Estimation of standard errors disabled; will compute point estimates only.
Size of G: 260x13929
Performing five EM steps to prime main algorithm
1 (EM) 	Elapsed: 0.147	Loglikelihood: -1.08474e+06	(delta): 3.65851e+06
2 (EM) 	Elapsed: 0.143	Loglikelihood: -1.00596e+06	(delta): 78782.9
3 (EM) 	Elapsed: 0.142	Loglikelihood: -994646	(delta): 11309.3
4 (EM) 	Elapsed: 0.143	Loglikelihood: -988348	(delta): 6297.89
5 (EM) 	Elapsed: 0.142	Loglikelihood: -983648	(delta): 4700.44
Initial loglikelihood: -983648
Starting main algorithm
1 (QN/Block) 	Elapsed: 0.317	Loglikelihood: -745803	(delta): 237845
2 (QN/Block) 	Elapsed: 0.315	Loglikelihood: -678577	(delta): 67225.8
3 (QN/Block) 	Elapsed: 0.343	Loglikelihood: -645947	(delta): 32629.8
4 (QN/Block) 	Elapsed: 0.344	Loglikelihood: -627376	(delta): 18571.8
5 (QN/Block) 	Elapsed: 0.342	Loglikelihood: -617673	(delta): 9702.52
6 (QN/Block) 	Elapsed: 0.342	Loglikelihood: -613669	(delta): 4003.81
7 (QN/Block) 	Elapsed: 0.342	Loglikelihood: -612252	(delta): 1416.86
8 (QN/Block) 	Elapsed: 0.342	Loglikelihood: -611838	(delta): 414.641
9 (QN/Block) 	Elapsed: 0.342	Loglikelihood: -611623	(delta): 214.474
10 (QN/Block) 	Elapsed: 0.341	Loglikelihood: -611489	(delta): 134.116
11 (QN/Block) 	Elapsed: 0.342	Loglikelihood: -611409	(delta): 80.3561
12 (QN/Block) 	Elapsed: 0.342	Loglikelihood: -611340	(delta): 68.9038
13 (QN/Block) 	Elapsed: 0.341	Loglikelihood: -611293	(delta): 46.6855
14 (QN/Block) 	Elapsed: 0.342	Loglikelihood: -611256	(delta): 37.282
15 (QN/Block) 	Elapsed: 0.343	Loglikelihood: -611230	(delta): 25.5819
16 (QN/Block) 	Elapsed: 0.342	Loglikelihood: -611211	(delta): 19.3502
17 (QN/Block) 	Elapsed: 0.342	Loglikelihood: -611195	(delta): 15.9013
18 (QN/Block) 	Elapsed: 0.356	Loglikelihood: -611181	(delta): 14.4918
19 (QN/Block) 	Elapsed: 0.341	Loglikelihood: -611172	(delta): 8.67678
20 (QN/Block) 	Elapsed: 0.341	Loglikelihood: -611169	(delta): 2.40507
21 (QN/Block) 	Elapsed: 0.382	Loglikelihood: -611166	(delta): 3.02131
22 (QN/Block) 	Elapsed: 0.382	Loglikelihood: -611162	(delta): 4.07241
23 (QN/Block) 	Elapsed: 0.354	Loglikelihood: -611161	(delta): 1.02854
24 (QN/Block) 	Elapsed: 0.354	Loglikelihood: -611158	(delta): 3.75885
25 (QN/Block) 	Elapsed: 0.355	Loglikelihood: -611148	(delta): 10.0154
26 (QN/Block) 	Elapsed: 0.341	Loglikelihood: -611143	(delta): 4.98314
27 (QN/Block) 	Elapsed: 0.341	Loglikelihood: -611141	(delta): 1.31846
28 (QN/Block) 	Elapsed: 0.383	Loglikelihood: -611141	(delta): 0.196694
29 (QN/Block) 	Elapsed: 0.382	Loglikelihood: -611141	(delta): 0.00130302
30 (QN/Block) 	Elapsed: 0.355	Loglikelihood: -611141	(delta): 0.000800015
31 (QN/Block) 	Elapsed: 0.341	Loglikelihood: -611141	(delta): 0.000134979
32 (QN/Block) 	Elapsed: 0.341	Loglikelihood: -611141	(delta): 2.02993e-06
Summary: 
Converged in 32 iterations (12.392 sec)
Loglikelihood: -611141.067789
Fst divergences between estimated populations: 
	Pop0	Pop1	Pop2	Pop3	Pop4	
Pop0	
Pop1	0.424	
Pop2	0.407	0.349	
Pop3	0.308	0.364	0.345	
Pop4	0.413	0.460	0.443	0.254	
Pop5	0.291	0.442	0.433	0.347	0.441	
CV error (K=6): 0.14722
Writing output files.
