****                   ADMIXTURE Version 1.3.0                  ****
****                    Copyright 2008-2015                     ****
****           David Alexander, Suyash Shringarpure,            ****
****                John  Novembre, Ken Lange                   ****
****                                                            ****
****                 Please cite our paper!                     ****
****   Information at www.genetics.ucla.edu/software/admixture  ****

Cross-validation will be performed.  Folds=5.
Random seed: 1178
Point estimation method: Block relaxation algorithm
Convergence acceleration algorithm: QuasiNewton, 3 secant conditions
Point estimation will terminate when objective function delta < 0.0001
Estimation of standard errors disabled; will compute point estimates only.
Size of G: 260x13929
Performing five EM steps to prime main algorithm
1 (EM) 	Elapsed: 0.168	Loglikelihood: -1.0846e+06	(delta): 3.606e+06
2 (EM) 	Elapsed: 0.166	Loglikelihood: -1.00311e+06	(delta): 81495
3 (EM) 	Elapsed: 0.166	Loglikelihood: -991548	(delta): 11558.8
4 (EM) 	Elapsed: 0.166	Loglikelihood: -984801	(delta): 6747.74
5 (EM) 	Elapsed: 0.166	Loglikelihood: -979495	(delta): 5305.87
Initial loglikelihood: -979495
Starting main algorithm
1 (QN/Block) 	Elapsed: 0.394	Loglikelihood: -750624	(delta): 228871
2 (QN/Block) 	Elapsed: 0.391	Loglikelihood: -675446	(delta): 75177.3
3 (QN/Block) 	Elapsed: 0.422	Loglikelihood: -646563	(delta): 28883.6
4 (QN/Block) 	Elapsed: 0.452	Loglikelihood: -622678	(delta): 23884.7
5 (QN/Block) 	Elapsed: 0.466	Loglikelihood: -613422	(delta): 9255.76
6 (QN/Block) 	Elapsed: 0.435	Loglikelihood: -609600	(delta): 3822.34
7 (QN/Block) 	Elapsed: 0.463	Loglikelihood: -608258	(delta): 1341.73
8 (QN/Block) 	Elapsed: 0.419	Loglikelihood: -607957	(delta): 301.197
9 (QN/Block) 	Elapsed: 0.418	Loglikelihood: -607861	(delta): 95.7836
10 (QN/Block) 	Elapsed: 0.419	Loglikelihood: -607805	(delta): 56.2922
11 (QN/Block) 	Elapsed: 0.418	Loglikelihood: -607771	(delta): 33.8005
12 (QN/Block) 	Elapsed: 0.418	Loglikelihood: -607737	(delta): 34.1306
13 (QN/Block) 	Elapsed: 0.418	Loglikelihood: -607705	(delta): 32.0837
14 (QN/Block) 	Elapsed: 0.418	Loglikelihood: -607687	(delta): 18.4605
15 (QN/Block) 	Elapsed: 0.462	Loglikelihood: -607672	(delta): 14.2556
16 (QN/Block) 	Elapsed: 0.462	Loglikelihood: -607659	(delta): 12.8906
17 (QN/Block) 	Elapsed: 0.463	Loglikelihood: -607653	(delta): 6.5701
18 (QN/Block) 	Elapsed: 0.463	Loglikelihood: -607647	(delta): 6.07551
19 (QN/Block) 	Elapsed: 0.448	Loglikelihood: -607636	(delta): 10.743
20 (QN/Block) 	Elapsed: 0.463	Loglikelihood: -607632	(delta): 3.96952
21 (QN/Block) 	Elapsed: 0.463	Loglikelihood: -607622	(delta): 10.0616
22 (QN/Block) 	Elapsed: 0.418	Loglikelihood: -607609	(delta): 12.9353
23 (QN/Block) 	Elapsed: 0.433	Loglikelihood: -607606	(delta): 3.06426
24 (QN/Block) 	Elapsed: 0.418	Loglikelihood: -607606	(delta): 0.176813
25 (QN/Block) 	Elapsed: 0.418	Loglikelihood: -607606	(delta): 0.0373629
26 (QN/Block) 	Elapsed: 0.448	Loglikelihood: -607606	(delta): 0.00613319
27 (QN/Block) 	Elapsed: 0.432	Loglikelihood: -607606	(delta): 0.00305779
28 (QN/Block) 	Elapsed: 0.463	Loglikelihood: -607606	(delta): 0.000411205
29 (QN/Block) 	Elapsed: 0.418	Loglikelihood: -607606	(delta): 7.54832e-05
Summary: 
Converged in 29 iterations (14.018 sec)
Loglikelihood: -607605.723121
Fst divergences between estimated populations: 
	Pop0	Pop1	Pop2	Pop3	Pop4	Pop5	
Pop0	
Pop1	0.411	
Pop2	0.329	0.347	
Pop3	0.418	0.444	0.251	
Pop4	0.276	0.399	0.305	0.409	
Pop5	0.426	0.347	0.365	0.460	0.419	
Pop6	0.423	0.092	0.354	0.453	0.412	0.360	
CV error (K=7): 0.15022
Writing output files.
