****                   ADMIXTURE Version 1.3.0                  ****
****                    Copyright 2008-2015                     ****
****           David Alexander, Suyash Shringarpure,            ****
****                John  Novembre, Ken Lange                   ****
****                                                            ****
****                 Please cite our paper!                     ****
****   Information at www.genetics.ucla.edu/software/admixture  ****

Cross-validation will be performed.  Folds=5.
Random seed: 1178
Point estimation method: Block relaxation algorithm
Convergence acceleration algorithm: QuasiNewton, 3 secant conditions
Point estimation will terminate when objective function delta < 0.0001
Estimation of standard errors disabled; will compute point estimates only.
Size of G: 260x13929
Performing five EM steps to prime main algorithm
1 (EM) 	Elapsed: 0.121	Loglikelihood: -1.08343e+06	(delta): 3.72596e+06
2 (EM) 	Elapsed: 0.12	Loglikelihood: -1.00664e+06	(delta): 76795.7
3 (EM) 	Elapsed: 0.12	Loglikelihood: -995528	(delta): 11109.2
4 (EM) 	Elapsed: 0.12	Loglikelihood: -989417	(delta): 6110.74
5 (EM) 	Elapsed: 0.12	Loglikelihood: -985013	(delta): 4404.4
Initial loglikelihood: -985013
Starting main algorithm
1 (QN/Block) 	Elapsed: 0.247	Loglikelihood: -818078	(delta): 166935
2 (QN/Block) 	Elapsed: 0.247	Loglikelihood: -721540	(delta): 96538.7
3 (QN/Block) 	Elapsed: 0.274	Loglikelihood: -681006	(delta): 40533.9
4 (QN/Block) 	Elapsed: 0.286	Loglikelihood: -655537	(delta): 25469
5 (QN/Block) 	Elapsed: 0.272	Loglikelihood: -644204	(delta): 11332.8
6 (QN/Block) 	Elapsed: 0.272	Loglikelihood: -640480	(delta): 3723.64
7 (QN/Block) 	Elapsed: 0.272	Loglikelihood: -639251	(delta): 1229.24
8 (QN/Block) 	Elapsed: 0.284	Loglikelihood: -638387	(delta): 863.563
9 (QN/Block) 	Elapsed: 0.272	Loglikelihood: -637857	(delta): 530.215
10 (QN/Block) 	Elapsed: 0.31	Loglikelihood: -637645	(delta): 212.152
11 (QN/Block) 	Elapsed: 0.309	Loglikelihood: -637427	(delta): 218.113
12 (QN/Block) 	Elapsed: 0.309	Loglikelihood: -637180	(delta): 246.849
13 (QN/Block) 	Elapsed: 0.271	Loglikelihood: -636844	(delta): 335.794
14 (QN/Block) 	Elapsed: 0.272	Loglikelihood: -636597	(delta): 246.903
15 (QN/Block) 	Elapsed: 0.272	Loglikelihood: -636490	(delta): 107.591
16 (QN/Block) 	Elapsed: 0.272	Loglikelihood: -636463	(delta): 26.5272
17 (QN/Block) 	Elapsed: 0.31	Loglikelihood: -636456	(delta): 7.28344
18 (QN/Block) 	Elapsed: 0.272	Loglikelihood: -636452	(delta): 3.57335
19 (QN/Block) 	Elapsed: 0.272	Loglikelihood: -636452	(delta): 0.840252
20 (QN/Block) 	Elapsed: 0.271	Loglikelihood: -636452	(delta): 0.13658
21 (QN/Block) 	Elapsed: 0.284	Loglikelihood: -636451	(delta): 0.0264987
22 (QN/Block) 	Elapsed: 0.272	Loglikelihood: -636451	(delta): 0.000925059
23 (QN/Block) 	Elapsed: 0.273	Loglikelihood: -636451	(delta): 0.000125575
24 (QN/Block) 	Elapsed: 0.272	Loglikelihood: -636451	(delta): 2.25139e-05
Summary: 
Converged in 24 iterations (7.681 sec)
Loglikelihood: -636451.473120
Fst divergences between estimated populations: 
	Pop0	Pop1	Pop2	Pop3	
Pop0	
Pop1	0.420	
Pop2	0.357	0.205	
Pop3	0.404	0.351	0.303	
Pop4	0.362	0.413	0.355	0.397	
CV error (K=5): 0.15139
Writing output files.
