****                   ADMIXTURE Version 1.3.0                  ****
****                    Copyright 2008-2015                     ****
****           David Alexander, Suyash Shringarpure,            ****
****                John  Novembre, Ken Lange                   ****
****                                                            ****
****                 Please cite our paper!                     ****
****   Information at www.genetics.ucla.edu/software/admixture  ****

Cross-validation will be performed.  Folds=5.
Random seed: 19178
Point estimation method: Block relaxation algorithm
Convergence acceleration algorithm: QuasiNewton, 3 secant conditions
Point estimation will terminate when objective function delta < 0.0001
Estimation of standard errors disabled; will compute point estimates only.
Size of G: 260x6978
Performing five EM steps to prime main algorithm
1 (EM) 	Elapsed: 0.079	Loglikelihood: -1.82228e+06	(delta): 825196
2 (EM) 	Elapsed: 0.078	Loglikelihood: -1.7683e+06	(delta): 53972.5
3 (EM) 	Elapsed: 0.078	Loglikelihood: -1.7532e+06	(delta): 15103.1
4 (EM) 	Elapsed: 0.078	Loglikelihood: -1.74244e+06	(delta): 10758.9
5 (EM) 	Elapsed: 0.078	Loglikelihood: -1.73226e+06	(delta): 10181.7
Initial loglikelihood: -1.73226e+06
Starting main algorithm
1 (QN/Block) 	Elapsed: 0.171	Loglikelihood: -1.22023e+06	(delta): 512030
2 (QN/Block) 	Elapsed: 0.17	Loglikelihood: -1.16022e+06	(delta): 60006.9
3 (QN/Block) 	Elapsed: 0.187	Loglikelihood: -1.13059e+06	(delta): 29632.8
4 (QN/Block) 	Elapsed: 0.205	Loglikelihood: -1.11746e+06	(delta): 13130.6
5 (QN/Block) 	Elapsed: 0.187	Loglikelihood: -1.1104e+06	(delta): 7061.99
6 (QN/Block) 	Elapsed: 0.205	Loglikelihood: -1.0937e+06	(delta): 16698.7
7 (QN/Block) 	Elapsed: 0.214	Loglikelihood: -1.08197e+06	(delta): 11730.3
8 (QN/Block) 	Elapsed: 0.213	Loglikelihood: -1.07872e+06	(delta): 3253.9
9 (QN/Block) 	Elapsed: 0.195	Loglikelihood: -1.07689e+06	(delta): 1822.28
10 (QN/Block) 	Elapsed: 0.204	Loglikelihood: -1.07652e+06	(delta): 374.381
11 (QN/Block) 	Elapsed: 0.213	Loglikelihood: -1.07634e+06	(delta): 176.043
12 (QN/Block) 	Elapsed: 0.196	Loglikelihood: -1.07627e+06	(delta): 77.1863
13 (QN/Block) 	Elapsed: 0.195	Loglikelihood: -1.07621e+06	(delta): 52.031
14 (QN/Block) 	Elapsed: 0.213	Loglikelihood: -1.07618e+06	(delta): 39.5329
15 (QN/Block) 	Elapsed: 0.195	Loglikelihood: -1.07617e+06	(delta): 7.89733
16 (QN/Block) 	Elapsed: 0.204	Loglikelihood: -1.07616e+06	(delta): 3.79819
17 (QN/Block) 	Elapsed: 0.204	Loglikelihood: -1.07616e+06	(delta): 2.32628
18 (QN/Block) 	Elapsed: 0.186	Loglikelihood: -1.07616e+06	(delta): 1.2068
19 (QN/Block) 	Elapsed: 0.186	Loglikelihood: -1.07616e+06	(delta): 1.5305
20 (QN/Block) 	Elapsed: 0.195	Loglikelihood: -1.07616e+06	(delta): 0.961814
21 (QN/Block) 	Elapsed: 0.204	Loglikelihood: -1.07616e+06	(delta): 2.02154
22 (QN/Block) 	Elapsed: 0.186	Loglikelihood: -1.07615e+06	(delta): 0.29548
23 (QN/Block) 	Elapsed: 0.213	Loglikelihood: -1.07615e+06	(delta): 0.0435781
24 (QN/Block) 	Elapsed: 0.186	Loglikelihood: -1.07615e+06	(delta): 0.0517086
25 (QN/Block) 	Elapsed: 0.204	Loglikelihood: -1.07615e+06	(delta): 0.0111083
26 (QN/Block) 	Elapsed: 0.204	Loglikelihood: -1.07615e+06	(delta): 0.00583664
27 (QN/Block) 	Elapsed: 0.186	Loglikelihood: -1.07615e+06	(delta): 0.0060739
28 (QN/Block) 	Elapsed: 0.195	Loglikelihood: -1.07615e+06	(delta): 0.00533292
29 (QN/Block) 	Elapsed: 0.186	Loglikelihood: -1.07615e+06	(delta): 0.00582951
30 (QN/Block) 	Elapsed: 0.213	Loglikelihood: -1.07615e+06	(delta): 0.0388937
31 (QN/Block) 	Elapsed: 0.204	Loglikelihood: -1.07615e+06	(delta): 0.0404613
32 (QN/Block) 	Elapsed: 0.186	Loglikelihood: -1.07615e+06	(delta): 0.0898598
33 (QN/Block) 	Elapsed: 0.213	Loglikelihood: -1.07615e+06	(delta): 0.0262604
34 (QN/Block) 	Elapsed: 0.213	Loglikelihood: -1.07615e+06	(delta): 0.029861
35 (QN/Block) 	Elapsed: 0.212	Loglikelihood: -1.07615e+06	(delta): 0.0337517
36 (QN/Block) 	Elapsed: 0.213	Loglikelihood: -1.07615e+06	(delta): 0.0384864
37 (QN/Block) 	Elapsed: 0.212	Loglikelihood: -1.07615e+06	(delta): 0.0442766
38 (QN/Block) 	Elapsed: 0.212	Loglikelihood: -1.07615e+06	(delta): 0.0514884
39 (QN/Block) 	Elapsed: 0.212	Loglikelihood: -1.07615e+06	(delta): 0.0531712
40 (QN/Block) 	Elapsed: 0.213	Loglikelihood: -1.07615e+06	(delta): 0.00672785
41 (QN/Block) 	Elapsed: 0.186	Loglikelihood: -1.07615e+06	(delta): 0.0238847
42 (QN/Block) 	Elapsed: 0.195	Loglikelihood: -1.07615e+06	(delta): 0.0333516
43 (QN/Block) 	Elapsed: 0.195	Loglikelihood: -1.07615e+06	(delta): 0.0606111
44 (QN/Block) 	Elapsed: 0.186	Loglikelihood: -1.07615e+06	(delta): 0.186837
45 (QN/Block) 	Elapsed: 0.204	Loglikelihood: -1.07615e+06	(delta): 0.0921577
46 (QN/Block) 	Elapsed: 0.213	Loglikelihood: -1.07615e+06	(delta): 0.0486738
47 (QN/Block) 	Elapsed: 0.213	Loglikelihood: -1.07615e+06	(delta): 0.00374135
48 (QN/Block) 	Elapsed: 0.186	Loglikelihood: -1.07615e+06	(delta): 0.000638929
49 (QN/Block) 	Elapsed: 0.213	Loglikelihood: -1.07615e+06	(delta): 4.56073e-05
Summary: 
Converged in 49 iterations (10.717 sec)
Loglikelihood: -1076153.938375
Fst divergences between estimated populations: 
	Pop0	Pop1	Pop2	Pop3	Pop4	
Pop0	
Pop1	0.456	
Pop2	0.049	0.458	
Pop3	0.377	0.440	0.379	
Pop4	0.400	0.342	0.399	0.377	
Pop5	0.501	0.442	0.502	0.479	0.233	
CV error (K=6): 0.38840
Writing output files.
