****                   ADMIXTURE Version 1.3.0                  ****
****                    Copyright 2008-2015                     ****
****           David Alexander, Suyash Shringarpure,            ****
****                John  Novembre, Ken Lange                   ****
****                                                            ****
****                 Please cite our paper!                     ****
****   Information at www.genetics.ucla.edu/software/admixture  ****

Cross-validation will be performed.  Folds=5.
Random seed: 19178
Point estimation method: Block relaxation algorithm
Convergence acceleration algorithm: QuasiNewton, 3 secant conditions
Point estimation will terminate when objective function delta < 0.0001
Estimation of standard errors disabled; will compute point estimates only.
Size of G: 260x6978
Performing five EM steps to prime main algorithm
1 (EM) 	Elapsed: 0.067	Loglikelihood: -1.8229e+06	(delta): 862215
2 (EM) 	Elapsed: 0.066	Loglikelihood: -1.76749e+06	(delta): 55413.2
3 (EM) 	Elapsed: 0.066	Loglikelihood: -1.74894e+06	(delta): 18548.9
4 (EM) 	Elapsed: 0.066	Loglikelihood: -1.73409e+06	(delta): 14852.7
5 (EM) 	Elapsed: 0.066	Loglikelihood: -1.71819e+06	(delta): 15893.6
Initial loglikelihood: -1.71819e+06
Starting main algorithm
1 (QN/Block) 	Elapsed: 0.132	Loglikelihood: -1.25714e+06	(delta): 461050
2 (QN/Block) 	Elapsed: 0.133	Loglikelihood: -1.14119e+06	(delta): 115953
3 (QN/Block) 	Elapsed: 0.15	Loglikelihood: -1.10215e+06	(delta): 39038.2
4 (QN/Block) 	Elapsed: 0.15	Loglikelihood: -1.08508e+06	(delta): 17075.2
5 (QN/Block) 	Elapsed: 0.15	Loglikelihood: -1.07991e+06	(delta): 5164.32
6 (QN/Block) 	Elapsed: 0.15	Loglikelihood: -1.07927e+06	(delta): 642.81
7 (QN/Block) 	Elapsed: 0.15	Loglikelihood: -1.0792e+06	(delta): 69.4216
8 (QN/Block) 	Elapsed: 0.15	Loglikelihood: -1.07919e+06	(delta): 12.2981
9 (QN/Block) 	Elapsed: 0.166	Loglikelihood: -1.07918e+06	(delta): 2.32338
10 (QN/Block) 	Elapsed: 0.158	Loglikelihood: -1.07918e+06	(delta): 0.195006
11 (QN/Block) 	Elapsed: 0.15	Loglikelihood: -1.07918e+06	(delta): 0.010471
12 (QN/Block) 	Elapsed: 0.166	Loglikelihood: -1.07918e+06	(delta): 0.00432001
13 (QN/Block) 	Elapsed: 0.15	Loglikelihood: -1.07918e+06	(delta): 0.00146207
14 (QN/Block) 	Elapsed: 0.148	Loglikelihood: -1.07918e+06	(delta): 1.50062e-05
Summary: 
Converged in 14 iterations (2.624 sec)
Loglikelihood: -1079184.489173
Fst divergences between estimated populations: 
	Pop0	Pop1	Pop2	Pop3	
Pop0	
Pop1	0.371	
Pop2	0.450	0.440	
Pop3	0.495	0.479	0.442	
Pop4	0.394	0.377	0.342	0.233	
CV error (K=5): 0.38558
Writing output files.
