****                   ADMIXTURE Version 1.3.0                  ****
****                    Copyright 2008-2015                     ****
****           David Alexander, Suyash Shringarpure,            ****
****                John  Novembre, Ken Lange                   ****
****                                                            ****
****                 Please cite our paper!                     ****
****   Information at www.genetics.ucla.edu/software/admixture  ****

Cross-validation will be performed.  Folds=5.
Random seed: 19178
Point estimation method: Block relaxation algorithm
Convergence acceleration algorithm: QuasiNewton, 3 secant conditions
Point estimation will terminate when objective function delta < 0.0001
Estimation of standard errors disabled; will compute point estimates only.
Size of G: 260x6978
Performing five EM steps to prime main algorithm
1 (EM) 	Elapsed: 0.042	Loglikelihood: -1.82324e+06	(delta): 1.01036e+06
2 (EM) 	Elapsed: 0.04	Loglikelihood: -1.76693e+06	(delta): 56310.3
3 (EM) 	Elapsed: 0.04	Loglikelihood: -1.74857e+06	(delta): 18355
4 (EM) 	Elapsed: 0.04	Loglikelihood: -1.73683e+06	(delta): 11744.6
5 (EM) 	Elapsed: 0.04	Loglikelihood: -1.72711e+06	(delta): 9716.06
Initial loglikelihood: -1.72711e+06
Starting main algorithm
1 (QN/Block) 	Elapsed: 0.073	Loglikelihood: -1.47961e+06	(delta): 247505
2 (QN/Block) 	Elapsed: 0.073	Loglikelihood: -1.41059e+06	(delta): 69018.4
3 (QN/Block) 	Elapsed: 0.088	Loglikelihood: -1.38016e+06	(delta): 30434
4 (QN/Block) 	Elapsed: 0.11	Loglikelihood: -1.34643e+06	(delta): 33728.2
5 (QN/Block) 	Elapsed: 0.109	Loglikelihood: -1.28664e+06	(delta): 59783.2
6 (QN/Block) 	Elapsed: 0.109	Loglikelihood: -1.25594e+06	(delta): 30701.6
7 (QN/Block) 	Elapsed: 0.088	Loglikelihood: -1.24786e+06	(delta): 8082.94
8 (QN/Block) 	Elapsed: 0.088	Loglikelihood: -1.24622e+06	(delta): 1642.08
9 (QN/Block) 	Elapsed: 0.088	Loglikelihood: -1.24569e+06	(delta): 530.441
10 (QN/Block) 	Elapsed: 0.088	Loglikelihood: -1.24566e+06	(delta): 27.8853
11 (QN/Block) 	Elapsed: 0.088	Loglikelihood: -1.24566e+06	(delta): 0.493946
12 (QN/Block) 	Elapsed: 0.088	Loglikelihood: -1.24566e+06	(delta): 0.0189114
13 (QN/Block) 	Elapsed: 0.088	Loglikelihood: -1.24566e+06	(delta): 0.00161788
14 (QN/Block) 	Elapsed: 0.088	Loglikelihood: -1.24566e+06	(delta): 1.20245e-05
Summary: 
Converged in 14 iterations (1.635 sec)
Loglikelihood: -1245658.897400
Fst divergences between estimated populations: 
	Pop0	Pop1	
Pop0	
Pop1	0.319	
Pop2	0.369	0.348	
CV error (K=3): 0.47198
Writing output files.
