****                   ADMIXTURE Version 1.3.0                  ****
****                    Copyright 2008-2015                     ****
****           David Alexander, Suyash Shringarpure,            ****
****                John  Novembre, Ken Lange                   ****
****                                                            ****
****                 Please cite our paper!                     ****
****   Information at www.genetics.ucla.edu/software/admixture  ****

Cross-validation will be performed.  Folds=5.
Random seed: 19178
Point estimation method: Block relaxation algorithm
Convergence acceleration algorithm: QuasiNewton, 3 secant conditions
Point estimation will terminate when objective function delta < 0.0001
Estimation of standard errors disabled; will compute point estimates only.
Size of G: 260x6978
Performing five EM steps to prime main algorithm
1 (EM) 	Elapsed: 0.028	Loglikelihood: -1.80592e+06	(delta): 1.21501e+06
2 (EM) 	Elapsed: 0.027	Loglikelihood: -1.75495e+06	(delta): 50966.7
3 (EM) 	Elapsed: 0.027	Loglikelihood: -1.73999e+06	(delta): 14960.7
4 (EM) 	Elapsed: 0.027	Loglikelihood: -1.73189e+06	(delta): 8105.59
5 (EM) 	Elapsed: 0.028	Loglikelihood: -1.72651e+06	(delta): 5372.26
Initial loglikelihood: -1.72651e+06
Starting main algorithm
1 (QN/Block) 	Elapsed: 0.047	Loglikelihood: -1.54108e+06	(delta): 185430
2 (QN/Block) 	Elapsed: 0.047	Loglikelihood: -1.48713e+06	(delta): 53952.8
3 (QN/Block) 	Elapsed: 0.062	Loglikelihood: -1.47364e+06	(delta): 13495.2
4 (QN/Block) 	Elapsed: 0.082	Loglikelihood: -1.46499e+06	(delta): 8645.01
5 (QN/Block) 	Elapsed: 0.061	Loglikelihood: -1.46121e+06	(delta): 3785.58
6 (QN/Block) 	Elapsed: 0.082	Loglikelihood: -1.4604e+06	(delta): 807.977
7 (QN/Block) 	Elapsed: 0.061	Loglikelihood: -1.46026e+06	(delta): 133.282
8 (QN/Block) 	Elapsed: 0.061	Loglikelihood: -1.46022e+06	(delta): 45.155
9 (QN/Block) 	Elapsed: 0.061	Loglikelihood: -1.46019e+06	(delta): 33.0862
10 (QN/Block) 	Elapsed: 0.082	Loglikelihood: -1.46018e+06	(delta): 10.0076
11 (QN/Block) 	Elapsed: 0.081	Loglikelihood: -1.46018e+06	(delta): 0.914704
12 (QN/Block) 	Elapsed: 0.081	Loglikelihood: -1.46018e+06	(delta): 0.00159751
13 (QN/Block) 	Elapsed: 0.061	Loglikelihood: -1.46018e+06	(delta): 2.47443e-05
Summary: 
Converged in 13 iterations (1.159 sec)
Loglikelihood: -1460175.396075
Fst divergences between estimated populations: 
	Pop0	
Pop0	
Pop1	0.271	
CV error (K=2): 0.58981
Writing output files.
