****                   ADMIXTURE Version 1.3.0                  ****
****                    Copyright 2008-2015                     ****
****           David Alexander, Suyash Shringarpure,            ****
****                John  Novembre, Ken Lange                   ****
****                                                            ****
****                 Please cite our paper!                     ****
****   Information at www.genetics.ucla.edu/software/admixture  ****

Cross-validation will be performed.  Folds=5.
Random seed: 19178
Point estimation method: Block relaxation algorithm
Convergence acceleration algorithm: QuasiNewton, 3 secant conditions
Point estimation will terminate when objective function delta < 0.0001
Estimation of standard errors disabled; will compute point estimates only.
Size of G: 260x6978
Performing five EM steps to prime main algorithm
1 (EM) 	Elapsed: 0.119	Loglikelihood: -1.81323e+06	(delta): 770026
2 (EM) 	Elapsed: 0.118	Loglikelihood: -1.75846e+06	(delta): 54772.9
3 (EM) 	Elapsed: 0.118	Loglikelihood: -1.74301e+06	(delta): 15452.2
4 (EM) 	Elapsed: 0.118	Loglikelihood: -1.72934e+06	(delta): 13673.7
5 (EM) 	Elapsed: 0.118	Loglikelihood: -1.7127e+06	(delta): 16634.2
Initial loglikelihood: -1.7127e+06
Starting main algorithm
1 (QN/Block) 	Elapsed: 0.312	Loglikelihood: -1.16736e+06	(delta): 545340
2 (QN/Block) 	Elapsed: 0.315	Loglikelihood: -1.0878e+06	(delta): 79564.9
3 (QN/Block) 	Elapsed: 0.336	Loglikelihood: -1.06229e+06	(delta): 25505.2
4 (QN/Block) 	Elapsed: 0.354	Loglikelihood: -1.0483e+06	(delta): 13989.7
5 (QN/Block) 	Elapsed: 0.332	Loglikelihood: -1.03717e+06	(delta): 11129.8
6 (QN/Block) 	Elapsed: 0.332	Loglikelihood: -1.02998e+06	(delta): 7193.01
7 (QN/Block) 	Elapsed: 0.33	Loglikelihood: -1.02786e+06	(delta): 2123.46
8 (QN/Block) 	Elapsed: 0.342	Loglikelihood: -1.02666e+06	(delta): 1199.26
9 (QN/Block) 	Elapsed: 0.34	Loglikelihood: -1.02611e+06	(delta): 542.43
10 (QN/Block) 	Elapsed: 0.329	Loglikelihood: -1.02585e+06	(delta): 264.111
11 (QN/Block) 	Elapsed: 0.341	Loglikelihood: -1.02572e+06	(delta): 132.951
12 (QN/Block) 	Elapsed: 0.329	Loglikelihood: -1.0256e+06	(delta): 119.546
13 (QN/Block) 	Elapsed: 0.329	Loglikelihood: -1.02554e+06	(delta): 61.8416
14 (QN/Block) 	Elapsed: 0.362	Loglikelihood: -1.02548e+06	(delta): 51.5379
15 (QN/Block) 	Elapsed: 0.341	Loglikelihood: -1.02547e+06	(delta): 14.8418
16 (QN/Block) 	Elapsed: 0.352	Loglikelihood: -1.02546e+06	(delta): 7.89334
17 (QN/Block) 	Elapsed: 0.351	Loglikelihood: -1.02546e+06	(delta): 1.95278
18 (QN/Block) 	Elapsed: 0.351	Loglikelihood: -1.02546e+06	(delta): 2.46458
19 (QN/Block) 	Elapsed: 0.329	Loglikelihood: -1.02546e+06	(delta): 1.28272
20 (QN/Block) 	Elapsed: 0.329	Loglikelihood: -1.02545e+06	(delta): 2.1682
21 (QN/Block) 	Elapsed: 0.329	Loglikelihood: -1.02545e+06	(delta): 1.39336
22 (QN/Block) 	Elapsed: 0.361	Loglikelihood: -1.02545e+06	(delta): 1.00631
23 (QN/Block) 	Elapsed: 0.362	Loglikelihood: -1.02545e+06	(delta): 0.744303
24 (QN/Block) 	Elapsed: 0.329	Loglikelihood: -1.02545e+06	(delta): 0.37325
25 (QN/Block) 	Elapsed: 0.361	Loglikelihood: -1.02545e+06	(delta): 0.0661175
26 (QN/Block) 	Elapsed: 0.361	Loglikelihood: -1.02545e+06	(delta): 0.0545841
27 (QN/Block) 	Elapsed: 0.363	Loglikelihood: -1.02545e+06	(delta): 0.0560995
28 (QN/Block) 	Elapsed: 0.362	Loglikelihood: -1.02545e+06	(delta): 0.0577017
29 (QN/Block) 	Elapsed: 0.351	Loglikelihood: -1.02545e+06	(delta): 0.105572
30 (QN/Block) 	Elapsed: 0.363	Loglikelihood: -1.02545e+06	(delta): 0.318657
31 (QN/Block) 	Elapsed: 0.361	Loglikelihood: -1.02545e+06	(delta): 0.0714739
32 (QN/Block) 	Elapsed: 0.361	Loglikelihood: -1.02545e+06	(delta): 0.0811426
33 (QN/Block) 	Elapsed: 0.362	Loglikelihood: -1.02545e+06	(delta): 0.0930086
34 (QN/Block) 	Elapsed: 0.362	Loglikelihood: -1.02545e+06	(delta): 0.106745
35 (QN/Block) 	Elapsed: 0.361	Loglikelihood: -1.02545e+06	(delta): 0.123709
36 (QN/Block) 	Elapsed: 0.362	Loglikelihood: -1.02545e+06	(delta): 0.146103
37 (QN/Block) 	Elapsed: 0.361	Loglikelihood: -1.02545e+06	(delta): 0.0816888
38 (QN/Block) 	Elapsed: 0.362	Loglikelihood: -1.02545e+06	(delta): 0.0185119
39 (QN/Block) 	Elapsed: 0.363	Loglikelihood: -1.02545e+06	(delta): 0.0204125
40 (QN/Block) 	Elapsed: 0.363	Loglikelihood: -1.02545e+06	(delta): 0.0236121
41 (QN/Block) 	Elapsed: 0.362	Loglikelihood: -1.02545e+06	(delta): 0.027725
42 (QN/Block) 	Elapsed: 0.363	Loglikelihood: -1.02545e+06	(delta): 0.0326728
43 (QN/Block) 	Elapsed: 0.362	Loglikelihood: -1.02545e+06	(delta): 0.038453
44 (QN/Block) 	Elapsed: 0.361	Loglikelihood: -1.02545e+06	(delta): 0.0450983
45 (QN/Block) 	Elapsed: 0.363	Loglikelihood: -1.02545e+06	(delta): 0.0527763
46 (QN/Block) 	Elapsed: 0.361	Loglikelihood: -1.02545e+06	(delta): 0.0616069
47 (QN/Block) 	Elapsed: 0.364	Loglikelihood: -1.02545e+06	(delta): 0.0718032
48 (QN/Block) 	Elapsed: 0.362	Loglikelihood: -1.02545e+06	(delta): 0.0836823
49 (QN/Block) 	Elapsed: 0.362	Loglikelihood: -1.02545e+06	(delta): 0.0967939
50 (QN/Block) 	Elapsed: 0.362	Loglikelihood: -1.02545e+06	(delta): 0.0215217
51 (QN/Block) 	Elapsed: 0.329	Loglikelihood: -1.02545e+06	(delta): 0.0107499
52 (QN/Block) 	Elapsed: 0.351	Loglikelihood: -1.02545e+06	(delta): 0.0199391
53 (QN/Block) 	Elapsed: 0.361	Loglikelihood: -1.02545e+06	(delta): 0.0209225
54 (QN/Block) 	Elapsed: 0.362	Loglikelihood: -1.02545e+06	(delta): 0.017861
55 (QN/Block) 	Elapsed: 0.36	Loglikelihood: -1.02545e+06	(delta): 0.0198076
56 (QN/Block) 	Elapsed: 0.361	Loglikelihood: -1.02545e+06	(delta): 0.00963383
57 (QN/Block) 	Elapsed: 0.362	Loglikelihood: -1.02545e+06	(delta): 0.010416
58 (QN/Block) 	Elapsed: 0.362	Loglikelihood: -1.02545e+06	(delta): 0.0112804
59 (QN/Block) 	Elapsed: 0.362	Loglikelihood: -1.02545e+06	(delta): 0.0120957
60 (QN/Block) 	Elapsed: 0.361	Loglikelihood: -1.02545e+06	(delta): 0.0129601
61 (QN/Block) 	Elapsed: 0.362	Loglikelihood: -1.02545e+06	(delta): 0.0139159
62 (QN/Block) 	Elapsed: 0.361	Loglikelihood: -1.02545e+06	(delta): 0.0149839
63 (QN/Block) 	Elapsed: 0.362	Loglikelihood: -1.02545e+06	(delta): 0.0162009
64 (QN/Block) 	Elapsed: 0.363	Loglikelihood: -1.02545e+06	(delta): 0.0133568
65 (QN/Block) 	Elapsed: 0.361	Loglikelihood: -1.02545e+06	(delta): 0.00662249
66 (QN/Block) 	Elapsed: 0.361	Loglikelihood: -1.02545e+06	(delta): 0.00651787
67 (QN/Block) 	Elapsed: 0.362	Loglikelihood: -1.02545e+06	(delta): 0.00647653
68 (QN/Block) 	Elapsed: 0.363	Loglikelihood: -1.02545e+06	(delta): 0.00643653
69 (QN/Block) 	Elapsed: 0.362	Loglikelihood: -1.02545e+06	(delta): 0.0063785
70 (QN/Block) 	Elapsed: 0.362	Loglikelihood: -1.02545e+06	(delta): 0.00630008
71 (QN/Block) 	Elapsed: 0.362	Loglikelihood: -1.02545e+06	(delta): 0.00620026
72 (QN/Block) 	Elapsed: 0.363	Loglikelihood: -1.02545e+06	(delta): 0.00609536
73 (QN/Block) 	Elapsed: 0.362	Loglikelihood: -1.02545e+06	(delta): 0.00598048
74 (QN/Block) 	Elapsed: 0.363	Loglikelihood: -1.02545e+06	(delta): 0.00584934
75 (QN/Block) 	Elapsed: 0.361	Loglikelihood: -1.02545e+06	(delta): 0.00570337
76 (QN/Block) 	Elapsed: 0.362	Loglikelihood: -1.02545e+06	(delta): 0.00554491
77 (QN/Block) 	Elapsed: 0.362	Loglikelihood: -1.02545e+06	(delta): 0.00537642
78 (QN/Block) 	Elapsed: 0.362	Loglikelihood: -1.02545e+06	(delta): 0.00520029
79 (QN/Block) 	Elapsed: 0.363	Loglikelihood: -1.02545e+06	(delta): 0.00501878
80 (QN/Block) 	Elapsed: 0.363	Loglikelihood: -1.02545e+06	(delta): 0.00483393
81 (QN/Block) 	Elapsed: 0.362	Loglikelihood: -1.02545e+06	(delta): 0.00464755
82 (QN/Block) 	Elapsed: 0.362	Loglikelihood: -1.02545e+06	(delta): 0.00446127
83 (QN/Block) 	Elapsed: 0.362	Loglikelihood: -1.02545e+06	(delta): 0.00427644
84 (QN/Block) 	Elapsed: 0.361	Loglikelihood: -1.02545e+06	(delta): 0.00409424
85 (QN/Block) 	Elapsed: 0.362	Loglikelihood: -1.02545e+06	(delta): 0.00391564
86 (QN/Block) 	Elapsed: 0.362	Loglikelihood: -1.02545e+06	(delta): 0.00315652
87 (QN/Block) 	Elapsed: 0.362	Loglikelihood: -1.02545e+06	(delta): 0.000168885
88 (QN/Block) 	Elapsed: 0.328	Loglikelihood: -1.02545e+06	(delta): 7.73567e-05
Summary: 
Converged in 88 iterations (32.876 sec)
Loglikelihood: -1025447.245125
Fst divergences between estimated populations: 
	Pop0	Pop1	Pop2	Pop3	Pop4	Pop5	Pop6	Pop7	
Pop0	
Pop1	0.385	
Pop2	0.459	0.101	
Pop3	0.376	0.368	0.444	
Pop4	0.046	0.385	0.461	0.380	
Pop5	0.403	0.259	0.348	0.380	0.404	
Pop6	0.501	0.365	0.446	0.480	0.502	0.236	
Pop7	0.521	0.183	0.141	0.510	0.526	0.414	0.512	
Pop8	0.437	0.297	0.383	0.417	0.437	0.135	0.276	0.450	
CV error (K=9): 0.37647
Writing output files.
