****                   ADMIXTURE Version 1.3.0                  ****
****                    Copyright 2008-2015                     ****
****           David Alexander, Suyash Shringarpure,            ****
****                John  Novembre, Ken Lange                   ****
****                                                            ****
****                 Please cite our paper!                     ****
****   Information at www.genetics.ucla.edu/software/admixture  ****

Cross-validation will be performed.  Folds=5.
Random seed: 19178
Point estimation method: Block relaxation algorithm
Convergence acceleration algorithm: QuasiNewton, 3 secant conditions
Point estimation will terminate when objective function delta < 0.0001
Estimation of standard errors disabled; will compute point estimates only.
Size of G: 260x6978
Performing five EM steps to prime main algorithm
1 (EM) 	Elapsed: 0.135	Loglikelihood: -1.81123e+06	(delta): 760128
2 (EM) 	Elapsed: 0.134	Loglikelihood: -1.75596e+06	(delta): 55267.4
3 (EM) 	Elapsed: 0.133	Loglikelihood: -1.74027e+06	(delta): 15689.9
4 (EM) 	Elapsed: 0.133	Loglikelihood: -1.7258e+06	(delta): 14471.4
5 (EM) 	Elapsed: 0.133	Loglikelihood: -1.70757e+06	(delta): 18230.8
Initial loglikelihood: -1.70757e+06
Starting main algorithm
1 (QN/Block) 	Elapsed: 0.367	Loglikelihood: -1.15335e+06	(delta): 554222
2 (QN/Block) 	Elapsed: 0.369	Loglikelihood: -1.07292e+06	(delta): 80428.6
3 (QN/Block) 	Elapsed: 0.393	Loglikelihood: -1.0434e+06	(delta): 29520.8
4 (QN/Block) 	Elapsed: 0.389	Loglikelihood: -1.02727e+06	(delta): 16135
5 (QN/Block) 	Elapsed: 0.393	Loglikelihood: -1.02301e+06	(delta): 4258.15
6 (QN/Block) 	Elapsed: 0.389	Loglikelihood: -1.02196e+06	(delta): 1051.33
7 (QN/Block) 	Elapsed: 0.401	Loglikelihood: -1.02162e+06	(delta): 339.423
8 (QN/Block) 	Elapsed: 0.423	Loglikelihood: -1.02143e+06	(delta): 184.707
9 (QN/Block) 	Elapsed: 0.423	Loglikelihood: -1.02134e+06	(delta): 95.0849
10 (QN/Block) 	Elapsed: 0.398	Loglikelihood: -1.0213e+06	(delta): 38.9417
11 (QN/Block) 	Elapsed: 0.387	Loglikelihood: -1.02126e+06	(delta): 34.1244
12 (QN/Block) 	Elapsed: 0.388	Loglikelihood: -1.02124e+06	(delta): 22.1448
13 (QN/Block) 	Elapsed: 0.386	Loglikelihood: -1.02122e+06	(delta): 22.2931
14 (QN/Block) 	Elapsed: 0.399	Loglikelihood: -1.02121e+06	(delta): 14.7754
15 (QN/Block) 	Elapsed: 0.399	Loglikelihood: -1.02115e+06	(delta): 52.2328
16 (QN/Block) 	Elapsed: 0.398	Loglikelihood: -1.02113e+06	(delta): 23.1341
17 (QN/Block) 	Elapsed: 0.388	Loglikelihood: -1.02112e+06	(delta): 8.71936
18 (QN/Block) 	Elapsed: 0.387	Loglikelihood: -1.02111e+06	(delta): 6.40215
19 (QN/Block) 	Elapsed: 0.387	Loglikelihood: -1.02111e+06	(delta): 4.8404
20 (QN/Block) 	Elapsed: 0.388	Loglikelihood: -1.02111e+06	(delta): 3.90443
21 (QN/Block) 	Elapsed: 0.399	Loglikelihood: -1.0211e+06	(delta): 2.26766
22 (QN/Block) 	Elapsed: 0.411	Loglikelihood: -1.0211e+06	(delta): 1.09261
23 (QN/Block) 	Elapsed: 0.387	Loglikelihood: -1.0211e+06	(delta): 0.86988
24 (QN/Block) 	Elapsed: 0.399	Loglikelihood: -1.0211e+06	(delta): 0.777515
25 (QN/Block) 	Elapsed: 0.422	Loglikelihood: -1.0211e+06	(delta): 0.870691
26 (QN/Block) 	Elapsed: 0.41	Loglikelihood: -1.0211e+06	(delta): 0.495713
27 (QN/Block) 	Elapsed: 0.411	Loglikelihood: -1.0211e+06	(delta): 0.237801
28 (QN/Block) 	Elapsed: 0.409	Loglikelihood: -1.0211e+06	(delta): 0.268888
29 (QN/Block) 	Elapsed: 0.421	Loglikelihood: -1.0211e+06	(delta): 0.59485
30 (QN/Block) 	Elapsed: 0.421	Loglikelihood: -1.0211e+06	(delta): 0.375377
31 (QN/Block) 	Elapsed: 0.422	Loglikelihood: -1.0211e+06	(delta): 0.413967
32 (QN/Block) 	Elapsed: 0.422	Loglikelihood: -1.0211e+06	(delta): 0.494633
33 (QN/Block) 	Elapsed: 0.422	Loglikelihood: -1.0211e+06	(delta): 0.490033
34 (QN/Block) 	Elapsed: 0.422	Loglikelihood: -1.0211e+06	(delta): 0.3322
35 (QN/Block) 	Elapsed: 0.387	Loglikelihood: -1.0211e+06	(delta): 0.278187
36 (QN/Block) 	Elapsed: 0.388	Loglikelihood: -1.0211e+06	(delta): 0.360636
37 (QN/Block) 	Elapsed: 0.421	Loglikelihood: -1.0211e+06	(delta): 0.0944602
38 (QN/Block) 	Elapsed: 0.4	Loglikelihood: -1.0211e+06	(delta): 0.00861549
39 (QN/Block) 	Elapsed: 0.398	Loglikelihood: -1.0211e+06	(delta): 0.00686682
40 (QN/Block) 	Elapsed: 0.389	Loglikelihood: -1.0211e+06	(delta): 0.0107025
41 (QN/Block) 	Elapsed: 0.387	Loglikelihood: -1.0211e+06	(delta): 0.00154738
42 (QN/Block) 	Elapsed: 0.388	Loglikelihood: -1.0211e+06	(delta): 0.000193639
43 (QN/Block) 	Elapsed: 0.388	Loglikelihood: -1.0211e+06	(delta): 7.98663e-05
Summary: 
Converged in 43 iterations (18.45 sec)
Loglikelihood: -1021095.588589
Fst divergences between estimated populations: 
	Pop0	Pop1	Pop2	Pop3	Pop4	Pop5	Pop6	Pop7	Pop8	
Pop0	
Pop1	0.383	
Pop2	0.437	0.460	
Pop3	0.450	0.141	0.524	
Pop4	0.135	0.348	0.403	0.414	
Pop5	0.470	0.503	0.442	0.569	0.436	
Pop6	0.276	0.446	0.501	0.512	0.236	0.535	
Pop7	0.298	0.101	0.385	0.183	0.259	0.426	0.365	
Pop8	0.419	0.444	0.379	0.511	0.381	0.151	0.481	0.367	
Pop9	0.439	0.460	0.051	0.523	0.405	0.440	0.502	0.387	0.381	
CV error (K=10): 0.37942
Writing output files.
