****                   ADMIXTURE Version 1.3.0                  ****
****                    Copyright 2008-2015                     ****
****           David Alexander, Suyash Shringarpure,            ****
****                John  Novembre, Ken Lange                   ****
****                                                            ****
****                 Please cite our paper!                     ****
****   Information at www.genetics.ucla.edu/software/admixture  ****

Cross-validation will be performed.  Folds=5.
Random seed: 19178
Point estimation method: Block relaxation algorithm
Convergence acceleration algorithm: QuasiNewton, 3 secant conditions
Point estimation will terminate when objective function delta < 0.0001
Estimation of standard errors disabled; will compute point estimates only.
Size of G: 260x6978
Performing five EM steps to prime main algorithm
1 (EM) 	Elapsed: 0.105	Loglikelihood: -1.81414e+06	(delta): 786598
2 (EM) 	Elapsed: 0.104	Loglikelihood: -1.75857e+06	(delta): 55567.6
3 (EM) 	Elapsed: 0.103	Loglikelihood: -1.74129e+06	(delta): 17283.7
4 (EM) 	Elapsed: 0.103	Loglikelihood: -1.72514e+06	(delta): 16146.5
5 (EM) 	Elapsed: 0.103	Loglikelihood: -1.70511e+06	(delta): 20035.6
Initial loglikelihood: -1.70511e+06
Starting main algorithm
1 (QN/Block) 	Elapsed: 0.262	Loglikelihood: -1.17971e+06	(delta): 525395
2 (QN/Block) 	Elapsed: 0.264	Loglikelihood: -1.10384e+06	(delta): 75866.3
3 (QN/Block) 	Elapsed: 0.295	Loglikelihood: -1.07472e+06	(delta): 29127.6
4 (QN/Block) 	Elapsed: 0.289	Loglikelihood: -1.05534e+06	(delta): 19379.8
5 (QN/Block) 	Elapsed: 0.278	Loglikelihood: -1.04825e+06	(delta): 7089.81
6 (QN/Block) 	Elapsed: 0.278	Loglikelihood: -1.04585e+06	(delta): 2400.83
7 (QN/Block) 	Elapsed: 0.278	Loglikelihood: -1.04411e+06	(delta): 1734.75
8 (QN/Block) 	Elapsed: 0.277	Loglikelihood: -1.04334e+06	(delta): 766.781
9 (QN/Block) 	Elapsed: 0.277	Loglikelihood: -1.04281e+06	(delta): 533.627
10 (QN/Block) 	Elapsed: 0.277	Loglikelihood: -1.0426e+06	(delta): 211.502
11 (QN/Block) 	Elapsed: 0.277	Loglikelihood: -1.04245e+06	(delta): 148.366
12 (QN/Block) 	Elapsed: 0.277	Loglikelihood: -1.04235e+06	(delta): 105.206
13 (QN/Block) 	Elapsed: 0.278	Loglikelihood: -1.04229e+06	(delta): 56.3805
14 (QN/Block) 	Elapsed: 0.276	Loglikelihood: -1.04222e+06	(delta): 71.3169
15 (QN/Block) 	Elapsed: 0.297	Loglikelihood: -1.04218e+06	(delta): 34.8194
16 (QN/Block) 	Elapsed: 0.276	Loglikelihood: -1.04215e+06	(delta): 29.0212
17 (QN/Block) 	Elapsed: 0.277	Loglikelihood: -1.04212e+06	(delta): 30.1965
18 (QN/Block) 	Elapsed: 0.277	Loglikelihood: -1.0421e+06	(delta): 23.502
19 (QN/Block) 	Elapsed: 0.277	Loglikelihood: -1.04209e+06	(delta): 14.483
20 (QN/Block) 	Elapsed: 0.277	Loglikelihood: -1.04208e+06	(delta): 10.2626
21 (QN/Block) 	Elapsed: 0.277	Loglikelihood: -1.04207e+06	(delta): 3.90476
22 (QN/Block) 	Elapsed: 0.287	Loglikelihood: -1.04207e+06	(delta): 4.41825
23 (QN/Block) 	Elapsed: 0.286	Loglikelihood: -1.04207e+06	(delta): 0.391401
24 (QN/Block) 	Elapsed: 0.276	Loglikelihood: -1.04207e+06	(delta): 0.0732288
25 (QN/Block) 	Elapsed: 0.276	Loglikelihood: -1.04207e+06	(delta): 0.0210101
26 (QN/Block) 	Elapsed: 0.276	Loglikelihood: -1.04207e+06	(delta): 0.00568271
27 (QN/Block) 	Elapsed: 0.277	Loglikelihood: -1.04207e+06	(delta): 0.00202529
28 (QN/Block) 	Elapsed: 0.276	Loglikelihood: -1.04207e+06	(delta): 5.53664e-05
Summary: 
Converged in 28 iterations (8.693 sec)
Loglikelihood: -1042067.215707
Fst divergences between estimated populations: 
	Pop0	Pop1	Pop2	Pop3	Pop4	Pop5	Pop6	
Pop0	
Pop1	0.348	
Pop2	0.397	0.454	
Pop3	0.236	0.446	0.495	
Pop4	0.416	0.483	0.412	0.517	
Pop5	0.381	0.444	0.373	0.480	0.109	
Pop6	0.415	0.141	0.518	0.511	0.548	0.511	
Pop7	0.260	0.101	0.380	0.365	0.408	0.367	0.183	
CV error (K=8): 0.38101
Writing output files.
