****                   ADMIXTURE Version 1.3.0                  ****
****                    Copyright 2008-2015                     ****
****           David Alexander, Suyash Shringarpure,            ****
****                John  Novembre, Ken Lange                   ****
****                                                            ****
****                 Please cite our paper!                     ****
****   Information at www.genetics.ucla.edu/software/admixture  ****

Cross-validation will be performed.  Folds=5.
Random seed: 19178
Point estimation method: Block relaxation algorithm
Convergence acceleration algorithm: QuasiNewton, 3 secant conditions
Point estimation will terminate when objective function delta < 0.0001
Estimation of standard errors disabled; will compute point estimates only.
Size of G: 260x6978
Performing five EM steps to prime main algorithm
1 (EM) 	Elapsed: 0.052	Loglikelihood: -1.82449e+06	(delta): 912445
2 (EM) 	Elapsed: 0.052	Loglikelihood: -1.77041e+06	(delta): 54083.1
3 (EM) 	Elapsed: 0.052	Loglikelihood: -1.75359e+06	(delta): 16818.3
4 (EM) 	Elapsed: 0.052	Loglikelihood: -1.74215e+06	(delta): 11434.8
5 (EM) 	Elapsed: 0.052	Loglikelihood: -1.7319e+06	(delta): 10253.8
Initial loglikelihood: -1.7319e+06
Starting main algorithm
1 (QN/Block) 	Elapsed: 0.101	Loglikelihood: -1.26318e+06	(delta): 468717
2 (QN/Block) 	Elapsed: 0.103	Loglikelihood: -1.19628e+06	(delta): 66903.5
3 (QN/Block) 	Elapsed: 0.119	Loglikelihood: -1.15819e+06	(delta): 38093.8
4 (QN/Block) 	Elapsed: 0.118	Loglikelihood: -1.14099e+06	(delta): 17193.4
5 (QN/Block) 	Elapsed: 0.125	Loglikelihood: -1.13496e+06	(delta): 6030.98
6 (QN/Block) 	Elapsed: 0.117	Loglikelihood: -1.13348e+06	(delta): 1483.62
7 (QN/Block) 	Elapsed: 0.117	Loglikelihood: -1.13308e+06	(delta): 401.197
8 (QN/Block) 	Elapsed: 0.141	Loglikelihood: -1.13301e+06	(delta): 67.7406
9 (QN/Block) 	Elapsed: 0.117	Loglikelihood: -1.13301e+06	(delta): 1.89127
10 (QN/Block) 	Elapsed: 0.117	Loglikelihood: -1.13301e+06	(delta): 0.0792967
11 (QN/Block) 	Elapsed: 0.117	Loglikelihood: -1.13301e+06	(delta): 0.0257559
12 (QN/Block) 	Elapsed: 0.117	Loglikelihood: -1.13301e+06	(delta): 0.0108558
13 (QN/Block) 	Elapsed: 0.117	Loglikelihood: -1.13301e+06	(delta): 0.0011091
14 (QN/Block) 	Elapsed: 0.117	Loglikelihood: -1.13301e+06	(delta): 5.02286e-05
Summary: 
Converged in 14 iterations (2.085 sec)
Loglikelihood: -1133007.233053
Fst divergences between estimated populations: 
	Pop0	Pop1	Pop2	
Pop0	
Pop1	0.348	
Pop2	0.401	0.450	
Pop3	0.383	0.440	0.371	
CV error (K=4): 0.41111
Writing output files.
