****                   ADMIXTURE Version 1.3.0                  ****
****                    Copyright 2008-2015                     ****
****           David Alexander, Suyash Shringarpure,            ****
****                John  Novembre, Ken Lange                   ****
****                                                            ****
****                 Please cite our paper!                     ****
****   Information at www.genetics.ucla.edu/software/admixture  ****

Cross-validation will be performed.  Folds=5.
Random seed: 30521
Point estimation method: Block relaxation algorithm
Convergence acceleration algorithm: QuasiNewton, 3 secant conditions
Point estimation will terminate when objective function delta < 0.0001
Estimation of standard errors disabled; will compute point estimates only.
Size of G: 260x13929
Performing five EM steps to prime main algorithm
1 (EM) 	Elapsed: 0.054	Loglikelihood: -1.0454e+06	(delta): 4.41045e+06
2 (EM) 	Elapsed: 0.054	Loglikelihood: -1.00238e+06	(delta): 43026.9
3 (EM) 	Elapsed: 0.054	Loglikelihood: -994364	(delta): 8011.53
4 (EM) 	Elapsed: 0.054	Loglikelihood: -990479	(delta): 3884.87
5 (EM) 	Elapsed: 0.054	Loglikelihood: -988506	(delta): 1973.32
Initial loglikelihood: -988506
Starting main algorithm
1 (QN/Block) 	Elapsed: 0.098	Loglikelihood: -948098	(delta): 40408.1
2 (QN/Block) 	Elapsed: 0.098	Loglikelihood: -920889	(delta): 27208.7
3 (QN/Block) 	Elapsed: 0.118	Loglikelihood: -906554	(delta): 14335.2
4 (QN/Block) 	Elapsed: 0.147	Loglikelihood: -890545	(delta): 16008.4
5 (QN/Block) 	Elapsed: 0.146	Loglikelihood: -874191	(delta): 16354.8
6 (QN/Block) 	Elapsed: 0.127	Loglikelihood: -853760	(delta): 20430.8
7 (QN/Block) 	Elapsed: 0.127	Loglikelihood: -847045	(delta): 6714.62
8 (QN/Block) 	Elapsed: 0.146	Loglikelihood: -837992	(delta): 9053.06
9 (QN/Block) 	Elapsed: 0.137	Loglikelihood: -830726	(delta): 7266.49
10 (QN/Block) 	Elapsed: 0.146	Loglikelihood: -828709	(delta): 2016.55
11 (QN/Block) 	Elapsed: 0.127	Loglikelihood: -828404	(delta): 304.977
12 (QN/Block) 	Elapsed: 0.115	Loglikelihood: -828333	(delta): 71.2485
13 (QN/Block) 	Elapsed: 0.143	Loglikelihood: -828318	(delta): 15.0195
14 (QN/Block) 	Elapsed: 0.114	Loglikelihood: -828317	(delta): 0.802661
15 (QN/Block) 	Elapsed: 0.114	Loglikelihood: -828317	(delta): 0.0419621
16 (QN/Block) 	Elapsed: 0.143	Loglikelihood: -828317	(delta): 0.00163005
17 (QN/Block) 	Elapsed: 0.114	Loglikelihood: -828317	(delta): 0.000117617
18 (QN/Block) 	Elapsed: 0.114	Loglikelihood: -828317	(delta): 2.72838e-05
Summary: 
Converged in 18 iterations (2.81 sec)
Loglikelihood: -828317.044449
Fst divergences between estimated populations: 
	Pop0	
Pop0	
Pop1	0.247	
CV error (K=2): 0.19800
Writing output files.
