****                   ADMIXTURE Version 1.3.0                  ****
****                    Copyright 2008-2015                     ****
****           David Alexander, Suyash Shringarpure,            ****
****                John  Novembre, Ken Lange                   ****
****                                                            ****
****                 Please cite our paper!                     ****
****   Information at www.genetics.ucla.edu/software/admixture  ****

Cross-validation will be performed.  Folds=5.
Random seed: 30521
Point estimation method: Block relaxation algorithm
Convergence acceleration algorithm: QuasiNewton, 3 secant conditions
Point estimation will terminate when objective function delta < 0.0001
Estimation of standard errors disabled; will compute point estimates only.
Size of G: 260x13929
Performing five EM steps to prime main algorithm
1 (EM) 	Elapsed: 0.08	Loglikelihood: -1.07181e+06	(delta): 4.02e+06
2 (EM) 	Elapsed: 0.078	Loglikelihood: -1.00675e+06	(delta): 65062.7
3 (EM) 	Elapsed: 0.078	Loglikelihood: -995864	(delta): 10886.2
4 (EM) 	Elapsed: 0.078	Loglikelihood: -989761	(delta): 6102.96
5 (EM) 	Elapsed: 0.078	Loglikelihood: -985682	(delta): 4079.32
Initial loglikelihood: -985682
Starting main algorithm
1 (QN/Block) 	Elapsed: 0.143	Loglikelihood: -895731	(delta): 89951.1
2 (QN/Block) 	Elapsed: 0.143	Loglikelihood: -843527	(delta): 52204.4
3 (QN/Block) 	Elapsed: 0.176	Loglikelihood: -807279	(delta): 36247.3
4 (QN/Block) 	Elapsed: 0.165	Loglikelihood: -770228	(delta): 37050.9
5 (QN/Block) 	Elapsed: 0.163	Loglikelihood: -729112	(delta): 41116.8
6 (QN/Block) 	Elapsed: 0.162	Loglikelihood: -724965	(delta): 4146.94
7 (QN/Block) 	Elapsed: 0.163	Loglikelihood: -723825	(delta): 1140.01
8 (QN/Block) 	Elapsed: 0.163	Loglikelihood: -722982	(delta): 842.738
9 (QN/Block) 	Elapsed: 0.195	Loglikelihood: -722809	(delta): 172.771
10 (QN/Block) 	Elapsed: 0.195	Loglikelihood: -722756	(delta): 52.9047
11 (QN/Block) 	Elapsed: 0.194	Loglikelihood: -722741	(delta): 15.1034
12 (QN/Block) 	Elapsed: 0.194	Loglikelihood: -722740	(delta): 0.925623
13 (QN/Block) 	Elapsed: 0.183	Loglikelihood: -722740	(delta): 0.000280196
14 (QN/Block) 	Elapsed: 0.162	Loglikelihood: -722740	(delta): 6.35989e-06
Summary: 
Converged in 14 iterations (3.034 sec)
Loglikelihood: -722740.227684
Fst divergences between estimated populations: 
	Pop0	Pop1	
Pop0	
Pop1	0.332	
Pop2	0.284	0.290	
CV error (K=3): 0.17031
Writing output files.
