****                   ADMIXTURE Version 1.3.0                  ****
****                    Copyright 2008-2015                     ****
****           David Alexander, Suyash Shringarpure,            ****
****                John  Novembre, Ken Lange                   ****
****                                                            ****
****                 Please cite our paper!                     ****
****   Information at www.genetics.ucla.edu/software/admixture  ****

Cross-validation will be performed.  Folds=5.
Random seed: 30521
Point estimation method: Block relaxation algorithm
Convergence acceleration algorithm: QuasiNewton, 3 secant conditions
Point estimation will terminate when objective function delta < 0.0001
Estimation of standard errors disabled; will compute point estimates only.
Size of G: 260x13929
Performing five EM steps to prime main algorithm
1 (EM) 	Elapsed: 0.171	Loglikelihood: -1.08818e+06	(delta): 3.59466e+06
2 (EM) 	Elapsed: 0.169	Loglikelihood: -1.0036e+06	(delta): 84578.7
3 (EM) 	Elapsed: 0.169	Loglikelihood: -991221	(delta): 12377.8
4 (EM) 	Elapsed: 0.166	Loglikelihood: -984214	(delta): 7007.12
5 (EM) 	Elapsed: 0.166	Loglikelihood: -978682	(delta): 5532.11
Initial loglikelihood: -978682
Starting main algorithm
1 (QN/Block) 	Elapsed: 0.393	Loglikelihood: -761929	(delta): 216753
2 (QN/Block) 	Elapsed: 0.391	Loglikelihood: -678033	(delta): 83895.3
3 (QN/Block) 	Elapsed: 0.437	Loglikelihood: -644853	(delta): 33180.7
4 (QN/Block) 	Elapsed: 0.465	Loglikelihood: -623787	(delta): 21065.2
5 (QN/Block) 	Elapsed: 0.434	Loglikelihood: -610594	(delta): 13193.9
6 (QN/Block) 	Elapsed: 0.434	Loglikelihood: -603709	(delta): 6884.21
7 (QN/Block) 	Elapsed: 0.419	Loglikelihood: -601221	(delta): 2488.82
8 (QN/Block) 	Elapsed: 0.463	Loglikelihood: -600461	(delta): 759.902
9 (QN/Block) 	Elapsed: 0.448	Loglikelihood: -600271	(delta): 189.581
10 (QN/Block) 	Elapsed: 0.434	Loglikelihood: -600200	(delta): 70.8227
11 (QN/Block) 	Elapsed: 0.418	Loglikelihood: -600166	(delta): 34.5343
12 (QN/Block) 	Elapsed: 0.419	Loglikelihood: -600155	(delta): 10.8108
13 (QN/Block) 	Elapsed: 0.418	Loglikelihood: -600153	(delta): 2.361
14 (QN/Block) 	Elapsed: 0.448	Loglikelihood: -600149	(delta): 3.66146
15 (QN/Block) 	Elapsed: 0.447	Loglikelihood: -600148	(delta): 0.52817
16 (QN/Block) 	Elapsed: 0.448	Loglikelihood: -600148	(delta): 0.362083
17 (QN/Block) 	Elapsed: 0.434	Loglikelihood: -600146	(delta): 1.95077
18 (QN/Block) 	Elapsed: 0.463	Loglikelihood: -600145	(delta): 1.26301
19 (QN/Block) 	Elapsed: 0.449	Loglikelihood: -600145	(delta): 0.0369451
20 (QN/Block) 	Elapsed: 0.42	Loglikelihood: -600145	(delta): 0.00229538
21 (QN/Block) 	Elapsed: 0.419	Loglikelihood: -600145	(delta): 0.000162268
22 (QN/Block) 	Elapsed: 0.419	Loglikelihood: -600145	(delta): 4.42576e-06
Summary: 
Converged in 22 iterations (10.819 sec)
Loglikelihood: -600144.699933
Fst divergences between estimated populations: 
	Pop0	Pop1	Pop2	Pop3	Pop4	Pop5	
Pop0	
Pop1	0.381	
Pop2	0.400	0.360	
Pop3	0.408	0.371	0.107	
Pop4	0.442	0.311	0.407	0.420	
Pop5	0.352	0.403	0.427	0.430	0.464	
Pop6	0.419	0.297	0.389	0.399	0.350	0.441	
CV error (K=7): 0.14686
Writing output files.
