****                   ADMIXTURE Version 1.3.0                  ****
****                    Copyright 2008-2015                     ****
****           David Alexander, Suyash Shringarpure,            ****
****                John  Novembre, Ken Lange                   ****
****                                                            ****
****                 Please cite our paper!                     ****
****   Information at www.genetics.ucla.edu/software/admixture  ****

Cross-validation will be performed.  Folds=5.
Random seed: 30521
Point estimation method: Block relaxation algorithm
Convergence acceleration algorithm: QuasiNewton, 3 secant conditions
Point estimation will terminate when objective function delta < 0.0001
Estimation of standard errors disabled; will compute point estimates only.
Size of G: 260x13929
Performing five EM steps to prime main algorithm
1 (EM) 	Elapsed: 0.22	Loglikelihood: -1.08702e+06	(delta): 3.53558e+06
2 (EM) 	Elapsed: 0.219	Loglikelihood: -999261	(delta): 87760.2
3 (EM) 	Elapsed: 0.219	Loglikelihood: -985231	(delta): 14030.4
4 (EM) 	Elapsed: 0.219	Loglikelihood: -976372	(delta): 8858.43
5 (EM) 	Elapsed: 0.219	Loglikelihood: -968634	(delta): 7738.77
Initial loglikelihood: -968634
Starting main algorithm
1 (QN/Block) 	Elapsed: 0.585	Loglikelihood: -710387	(delta): 258246
2 (QN/Block) 	Elapsed: 0.583	Loglikelihood: -642943	(delta): 67444.3
3 (QN/Block) 	Elapsed: 0.608	Loglikelihood: -619033	(delta): 23909.8
4 (QN/Block) 	Elapsed: 0.627	Loglikelihood: -604522	(delta): 14511.2
5 (QN/Block) 	Elapsed: 0.658	Loglikelihood: -597620	(delta): 6901.94
6 (QN/Block) 	Elapsed: 0.655	Loglikelihood: -594379	(delta): 3241.48
7 (QN/Block) 	Elapsed: 0.657	Loglikelihood: -593185	(delta): 1193.31
8 (QN/Block) 	Elapsed: 0.603	Loglikelihood: -592122	(delta): 1063.77
9 (QN/Block) 	Elapsed: 0.604	Loglikelihood: -589695	(delta): 2427.01
10 (QN/Block) 	Elapsed: 0.658	Loglikelihood: -588330	(delta): 1364.62
11 (QN/Block) 	Elapsed: 0.64	Loglikelihood: -587498	(delta): 831.706
12 (QN/Block) 	Elapsed: 0.655	Loglikelihood: -586934	(delta): 564.059
13 (QN/Block) 	Elapsed: 0.607	Loglikelihood: -586590	(delta): 344.43
14 (QN/Block) 	Elapsed: 0.621	Loglikelihood: -586485	(delta): 104.872
15 (QN/Block) 	Elapsed: 0.604	Loglikelihood: -586441	(delta): 44.1749
16 (QN/Block) 	Elapsed: 0.606	Loglikelihood: -586420	(delta): 20.5634
17 (QN/Block) 	Elapsed: 0.606	Loglikelihood: -586411	(delta): 9.06049
18 (QN/Block) 	Elapsed: 0.606	Loglikelihood: -586401	(delta): 9.74566
19 (QN/Block) 	Elapsed: 0.603	Loglikelihood: -586391	(delta): 10.1933
20 (QN/Block) 	Elapsed: 0.603	Loglikelihood: -586382	(delta): 9.00115
21 (QN/Block) 	Elapsed: 0.606	Loglikelihood: -586373	(delta): 8.85795
22 (QN/Block) 	Elapsed: 0.64	Loglikelihood: -586366	(delta): 7.41473
23 (QN/Block) 	Elapsed: 0.623	Loglikelihood: -586362	(delta): 3.90908
24 (QN/Block) 	Elapsed: 0.605	Loglikelihood: -586360	(delta): 2.50136
25 (QN/Block) 	Elapsed: 0.642	Loglikelihood: -586357	(delta): 2.43307
26 (QN/Block) 	Elapsed: 0.639	Loglikelihood: -586350	(delta): 7.12353
27 (QN/Block) 	Elapsed: 0.658	Loglikelihood: -586349	(delta): 1.49792
28 (QN/Block) 	Elapsed: 0.605	Loglikelihood: -586348	(delta): 0.29187
29 (QN/Block) 	Elapsed: 0.606	Loglikelihood: -586348	(delta): 0.212754
30 (QN/Block) 	Elapsed: 0.606	Loglikelihood: -586348	(delta): 0.380306
31 (QN/Block) 	Elapsed: 0.659	Loglikelihood: -586347	(delta): 0.321687
32 (QN/Block) 	Elapsed: 0.657	Loglikelihood: -586347	(delta): 0.0143366
33 (QN/Block) 	Elapsed: 0.604	Loglikelihood: -586347	(delta): 0.00620361
34 (QN/Block) 	Elapsed: 0.622	Loglikelihood: -586347	(delta): 5.993e-05
Summary: 
Converged in 34 iterations (22.999 sec)
Loglikelihood: -586347.280201
Fst divergences between estimated populations: 
	Pop0	Pop1	Pop2	Pop3	Pop4	Pop5	Pop6	Pop7	
Pop0	
Pop1	0.438	
Pop2	0.480	0.459	
Pop3	0.460	0.341	0.483	
Pop4	0.328	0.406	0.441	0.428	
Pop5	0.410	0.393	0.173	0.424	0.380	
Pop6	0.447	0.050	0.471	0.350	0.416	0.407	
Pop7	0.372	0.416	0.460	0.440	0.342	0.394	0.424	
Pop8	0.444	0.419	0.330	0.442	0.408	0.247	0.432	0.426	
CV error (K=9): 0.14830
Writing output files.
