****                   ADMIXTURE Version 1.3.0                  ****
****                    Copyright 2008-2015                     ****
****           David Alexander, Suyash Shringarpure,            ****
****                John  Novembre, Ken Lange                   ****
****                                                            ****
****                 Please cite our paper!                     ****
****   Information at www.genetics.ucla.edu/software/admixture  ****

Cross-validation will be performed.  Folds=5.
Random seed: 20018
Point estimation method: Block relaxation algorithm
Convergence acceleration algorithm: QuasiNewton, 3 secant conditions
Point estimation will terminate when objective function delta < 0.0001
Estimation of standard errors disabled; will compute point estimates only.
Size of G: 260x13929
Performing five EM steps to prime main algorithm
1 (EM) 	Elapsed: 0.192	Loglikelihood: -1.08746e+06	(delta): 3.55089e+06
2 (EM) 	Elapsed: 0.192	Loglikelihood: -1.00176e+06	(delta): 85701.2
3 (EM) 	Elapsed: 0.192	Loglikelihood: -988515	(delta): 13243.2
4 (EM) 	Elapsed: 0.192	Loglikelihood: -980534	(delta): 7980.49
5 (EM) 	Elapsed: 0.192	Loglikelihood: -973914	(delta): 6620.28
Initial loglikelihood: -973914
Starting main algorithm
1 (QN/Block) 	Elapsed: 0.489	Loglikelihood: -721328	(delta): 252586
2 (QN/Block) 	Elapsed: 0.488	Loglikelihood: -651894	(delta): 69434.5
3 (QN/Block) 	Elapsed: 0.527	Loglikelihood: -621606	(delta): 30287.9
4 (QN/Block) 	Elapsed: 0.558	Loglikelihood: -602796	(delta): 18809.8
5 (QN/Block) 	Elapsed: 0.509	Loglikelihood: -594156	(delta): 8639.8
6 (QN/Block) 	Elapsed: 0.508	Loglikelihood: -590845	(delta): 3311.11
7 (QN/Block) 	Elapsed: 0.556	Loglikelihood: -589933	(delta): 911.68
8 (QN/Block) 	Elapsed: 0.508	Loglikelihood: -589730	(delta): 203.696
9 (QN/Block) 	Elapsed: 0.556	Loglikelihood: -589685	(delta): 44.6161
10 (QN/Block) 	Elapsed: 0.557	Loglikelihood: -589676	(delta): 8.80263
11 (QN/Block) 	Elapsed: 0.508	Loglikelihood: -589674	(delta): 2.35312
12 (QN/Block) 	Elapsed: 0.508	Loglikelihood: -589669	(delta): 4.58718
13 (QN/Block) 	Elapsed: 0.509	Loglikelihood: -589669	(delta): 0.596756
14 (QN/Block) 	Elapsed: 0.524	Loglikelihood: -589668	(delta): 0.715258
15 (QN/Block) 	Elapsed: 0.507	Loglikelihood: -589668	(delta): 0.00862906
16 (QN/Block) 	Elapsed: 0.507	Loglikelihood: -589668	(delta): 0.00039294
17 (QN/Block) 	Elapsed: 0.523	Loglikelihood: -589668	(delta): 2.39846e-05
Summary: 
Converged in 17 iterations (10.214 sec)
Loglikelihood: -589668.019291
Fst divergences between estimated populations: 
	Pop0	Pop1	Pop2	Pop3	Pop4	Pop5	Pop6	
Pop0	
Pop1	0.408	
Pop2	0.334	0.442	
Pop3	0.410	0.312	0.441	
Pop4	0.259	0.380	0.177	0.378	
Pop5	0.450	0.427	0.482	0.429	0.423	
Pop6	0.429	0.400	0.458	0.403	0.393	0.338	
Pop7	0.449	0.337	0.480	0.339	0.408	0.460	0.436	
CV error (K=8): 0.14615
Writing output files.
