****                   ADMIXTURE Version 1.3.0                  ****
****                    Copyright 2008-2015                     ****
****           David Alexander, Suyash Shringarpure,            ****
****                John  Novembre, Ken Lange                   ****
****                                                            ****
****                 Please cite our paper!                     ****
****   Information at www.genetics.ucla.edu/software/admixture  ****

Cross-validation will be performed.  Folds=5.
Random seed: 20018
Point estimation method: Block relaxation algorithm
Convergence acceleration algorithm: QuasiNewton, 3 secant conditions
Point estimation will terminate when objective function delta < 0.0001
Estimation of standard errors disabled; will compute point estimates only.
Size of G: 260x13929
Performing five EM steps to prime main algorithm
1 (EM) 	Elapsed: 0.124	Loglikelihood: -1.08433e+06	(delta): 3.71747e+06
2 (EM) 	Elapsed: 0.122	Loglikelihood: -1.00583e+06	(delta): 78494.6
3 (EM) 	Elapsed: 0.122	Loglikelihood: -993304	(delta): 12526.9
4 (EM) 	Elapsed: 0.122	Loglikelihood: -986054	(delta): 7249.95
5 (EM) 	Elapsed: 0.122	Loglikelihood: -980401	(delta): 5653.59
Initial loglikelihood: -980401
Starting main algorithm
1 (QN/Block) 	Elapsed: 0.253	Loglikelihood: -758676	(delta): 221724
2 (QN/Block) 	Elapsed: 0.254	Loglikelihood: -689070	(delta): 69606.5
3 (QN/Block) 	Elapsed: 0.28	Loglikelihood: -662882	(delta): 26188.1
4 (QN/Block) 	Elapsed: 0.276	Loglikelihood: -647570	(delta): 15311.7
5 (QN/Block) 	Elapsed: 0.31	Loglikelihood: -640095	(delta): 7474.62
6 (QN/Block) 	Elapsed: 0.272	Loglikelihood: -637304	(delta): 2791.1
7 (QN/Block) 	Elapsed: 0.272	Loglikelihood: -636544	(delta): 760.06
8 (QN/Block) 	Elapsed: 0.31	Loglikelihood: -636445	(delta): 99.3865
9 (QN/Block) 	Elapsed: 0.272	Loglikelihood: -636434	(delta): 10.6201
10 (QN/Block) 	Elapsed: 0.272	Loglikelihood: -636433	(delta): 1.50465
11 (QN/Block) 	Elapsed: 0.272	Loglikelihood: -636431	(delta): 1.37349
12 (QN/Block) 	Elapsed: 0.272	Loglikelihood: -636431	(delta): 0.162148
13 (QN/Block) 	Elapsed: 0.272	Loglikelihood: -636431	(delta): 0.0352692
14 (QN/Block) 	Elapsed: 0.272	Loglikelihood: -636431	(delta): 0.00286917
15 (QN/Block) 	Elapsed: 0.272	Loglikelihood: -636431	(delta): 0.000453715
16 (QN/Block) 	Elapsed: 0.272	Loglikelihood: -636431	(delta): 0.000239844
17 (QN/Block) 	Elapsed: 0.272	Loglikelihood: -636431	(delta): 2.69115e-05
Summary: 
Converged in 17 iterations (5.615 sec)
Loglikelihood: -636431.202384
Fst divergences between estimated populations: 
	Pop0	Pop1	Pop2	Pop3	
Pop0	
Pop1	0.357	
Pop2	0.205	0.421	
Pop3	0.354	0.363	0.413	
Pop4	0.304	0.406	0.352	0.398	
CV error (K=5): 0.15167
Writing output files.
