****                   ADMIXTURE Version 1.3.0                  ****
****                    Copyright 2008-2015                     ****
****           David Alexander, Suyash Shringarpure,            ****
****                John  Novembre, Ken Lange                   ****
****                                                            ****
****                 Please cite our paper!                     ****
****   Information at www.genetics.ucla.edu/software/admixture  ****

Cross-validation will be performed.  Folds=5.
Random seed: 20018
Point estimation method: Block relaxation algorithm
Convergence acceleration algorithm: QuasiNewton, 3 secant conditions
Point estimation will terminate when objective function delta < 0.0001
Estimation of standard errors disabled; will compute point estimates only.
Size of G: 260x13929
Performing five EM steps to prime main algorithm
1 (EM) 	Elapsed: 0.146	Loglikelihood: -1.08593e+06	(delta): 3.63896e+06
2 (EM) 	Elapsed: 0.142	Loglikelihood: -1.00385e+06	(delta): 82077.5
3 (EM) 	Elapsed: 0.142	Loglikelihood: -991440	(delta): 12407.9
4 (EM) 	Elapsed: 0.142	Loglikelihood: -984139	(delta): 7300.32
5 (EM) 	Elapsed: 0.142	Loglikelihood: -978347	(delta): 5792.5
Initial loglikelihood: -978347
Starting main algorithm
1 (QN/Block) 	Elapsed: 0.317	Loglikelihood: -797253	(delta): 181094
2 (QN/Block) 	Elapsed: 0.316	Loglikelihood: -695159	(delta): 102093
3 (QN/Block) 	Elapsed: 0.343	Loglikelihood: -656341	(delta): 38818.3
4 (QN/Block) 	Elapsed: 0.343	Loglikelihood: -630175	(delta): 26166.2
5 (QN/Block) 	Elapsed: 0.351	Loglikelihood: -617672	(delta): 12503
6 (QN/Block) 	Elapsed: 0.392	Loglikelihood: -613595	(delta): 4076.64
7 (QN/Block) 	Elapsed: 0.349	Loglikelihood: -612199	(delta): 1396.08
8 (QN/Block) 	Elapsed: 0.345	Loglikelihood: -611783	(delta): 416.459
9 (QN/Block) 	Elapsed: 0.383	Loglikelihood: -611660	(delta): 122.552
10 (QN/Block) 	Elapsed: 0.382	Loglikelihood: -611629	(delta): 31.5745
11 (QN/Block) 	Elapsed: 0.383	Loglikelihood: -611624	(delta): 4.73553
12 (QN/Block) 	Elapsed: 0.384	Loglikelihood: -611623	(delta): 0.787952
13 (QN/Block) 	Elapsed: 0.39	Loglikelihood: -611623	(delta): 0.294999
14 (QN/Block) 	Elapsed: 0.391	Loglikelihood: -611622	(delta): 0.500979
15 (QN/Block) 	Elapsed: 0.391	Loglikelihood: -611622	(delta): 0.123651
16 (QN/Block) 	Elapsed: 0.35	Loglikelihood: -611622	(delta): 0.0436388
17 (QN/Block) 	Elapsed: 0.39	Loglikelihood: -611622	(delta): 0.037374
18 (QN/Block) 	Elapsed: 0.382	Loglikelihood: -611622	(delta): 0.267672
19 (QN/Block) 	Elapsed: 0.382	Loglikelihood: -611622	(delta): 0.180848
20 (QN/Block) 	Elapsed: 0.383	Loglikelihood: -611621	(delta): 0.537157
21 (QN/Block) 	Elapsed: 0.383	Loglikelihood: -611621	(delta): 0.0028757
22 (QN/Block) 	Elapsed: 0.342	Loglikelihood: -611621	(delta): 4.15667e-05
Summary: 
Converged in 22 iterations (9.211 sec)
Loglikelihood: -611621.114960
Fst divergences between estimated populations: 
	Pop0	Pop1	Pop2	Pop3	Pop4	
Pop0	
Pop1	0.358	
Pop2	0.343	0.480	
Pop3	0.354	0.492	0.364	
Pop4	0.232	0.480	0.454	0.466	
Pop5	0.277	0.167	0.401	0.418	0.395	
CV error (K=6): 0.14477
Writing output files.
