****                   ADMIXTURE Version 1.3.0                  ****
****                    Copyright 2008-2015                     ****
****           David Alexander, Suyash Shringarpure,            ****
****                John  Novembre, Ken Lange                   ****
****                                                            ****
****                 Please cite our paper!                     ****
****   Information at www.genetics.ucla.edu/software/admixture  ****

Cross-validation will be performed.  Folds=5.
Random seed: 20018
Point estimation method: Block relaxation algorithm
Convergence acceleration algorithm: QuasiNewton, 3 secant conditions
Point estimation will terminate when objective function delta < 0.0001
Estimation of standard errors disabled; will compute point estimates only.
Size of G: 260x13929
Performing five EM steps to prime main algorithm
1 (EM) 	Elapsed: 0.219	Loglikelihood: -1.08665e+06	(delta): 3.52134e+06
2 (EM) 	Elapsed: 0.216	Loglikelihood: -1.00171e+06	(delta): 84943.2
3 (EM) 	Elapsed: 0.215	Loglikelihood: -989410	(delta): 12301
4 (EM) 	Elapsed: 0.215	Loglikelihood: -982385	(delta): 7025.53
5 (EM) 	Elapsed: 0.215	Loglikelihood: -976755	(delta): 5630.31
Initial loglikelihood: -976755
Starting main algorithm
1 (QN/Block) 	Elapsed: 0.577	Loglikelihood: -720929	(delta): 255825
2 (QN/Block) 	Elapsed: 0.576	Loglikelihood: -653676	(delta): 67253.2
3 (QN/Block) 	Elapsed: 0.609	Loglikelihood: -626382	(delta): 27294.5
4 (QN/Block) 	Elapsed: 0.679	Loglikelihood: -608758	(delta): 17623.3
5 (QN/Block) 	Elapsed: 0.637	Loglikelihood: -600863	(delta): 7895.21
6 (QN/Block) 	Elapsed: 0.658	Loglikelihood: -597357	(delta): 3506.38
7 (QN/Block) 	Elapsed: 0.604	Loglikelihood: -596125	(delta): 1232.14
8 (QN/Block) 	Elapsed: 0.657	Loglikelihood: -595683	(delta): 441.948
9 (QN/Block) 	Elapsed: 0.609	Loglikelihood: -595418	(delta): 264.993
10 (QN/Block) 	Elapsed: 0.604	Loglikelihood: -595281	(delta): 136.722
11 (QN/Block) 	Elapsed: 0.605	Loglikelihood: -595158	(delta): 122.79
12 (QN/Block) 	Elapsed: 0.605	Loglikelihood: -595075	(delta): 83.5651
13 (QN/Block) 	Elapsed: 0.608	Loglikelihood: -595021	(delta): 53.2396
14 (QN/Block) 	Elapsed: 0.606	Loglikelihood: -594993	(delta): 28.3288
15 (QN/Block) 	Elapsed: 0.608	Loglikelihood: -594968	(delta): 25.3517
16 (QN/Block) 	Elapsed: 0.605	Loglikelihood: -594952	(delta): 15.6438
17 (QN/Block) 	Elapsed: 0.601	Loglikelihood: -594936	(delta): 15.6224
18 (QN/Block) 	Elapsed: 0.639	Loglikelihood: -594924	(delta): 12.5031
19 (QN/Block) 	Elapsed: 0.604	Loglikelihood: -594911	(delta): 13.3238
20 (QN/Block) 	Elapsed: 0.604	Loglikelihood: -594897	(delta): 14.0273
21 (QN/Block) 	Elapsed: 0.616	Loglikelihood: -594877	(delta): 19.8444
22 (QN/Block) 	Elapsed: 0.676	Loglikelihood: -594864	(delta): 12.3733
23 (QN/Block) 	Elapsed: 0.655	Loglikelihood: -594861	(delta): 3.14039
24 (QN/Block) 	Elapsed: 0.621	Loglikelihood: -594860	(delta): 1.38488
25 (QN/Block) 	Elapsed: 0.654	Loglikelihood: -594856	(delta): 4.19132
26 (QN/Block) 	Elapsed: 0.621	Loglikelihood: -594854	(delta): 1.70384
27 (QN/Block) 	Elapsed: 0.655	Loglikelihood: -594853	(delta): 0.953921
28 (QN/Block) 	Elapsed: 0.666	Loglikelihood: -594851	(delta): 2.00932
29 (QN/Block) 	Elapsed: 0.677	Loglikelihood: -594849	(delta): 2.19428
30 (QN/Block) 	Elapsed: 0.657	Loglikelihood: -594848	(delta): 0.853343
31 (QN/Block) 	Elapsed: 0.677	Loglikelihood: -594847	(delta): 0.923374
32 (QN/Block) 	Elapsed: 0.659	Loglikelihood: -594845	(delta): 1.53544
33 (QN/Block) 	Elapsed: 0.667	Loglikelihood: -594844	(delta): 1.93608
34 (QN/Block) 	Elapsed: 0.675	Loglikelihood: -594843	(delta): 0.508467
35 (QN/Block) 	Elapsed: 0.658	Loglikelihood: -594843	(delta): 0.428844
36 (QN/Block) 	Elapsed: 0.68	Loglikelihood: -594842	(delta): 0.303014
37 (QN/Block) 	Elapsed: 0.65	Loglikelihood: -594842	(delta): 0.0355237
38 (QN/Block) 	Elapsed: 0.611	Loglikelihood: -594842	(delta): 0.00455317
39 (QN/Block) 	Elapsed: 0.623	Loglikelihood: -594842	(delta): 0.000866322
40 (QN/Block) 	Elapsed: 0.618	Loglikelihood: -594842	(delta): 7.90415e-05
Summary: 
Converged in 40 iterations (27.245 sec)
Loglikelihood: -594842.245236
Fst divergences between estimated populations: 
	Pop0	Pop1	Pop2	Pop3	Pop4	Pop5	Pop6	Pop7	
Pop0	
Pop1	0.421	
Pop2	0.388	0.425	
Pop3	0.288	0.438	0.405	
Pop4	0.416	0.457	0.340	0.435	
Pop5	0.400	0.439	0.325	0.422	0.348	
Pop6	0.431	0.367	0.435	0.439	0.465	0.447	
Pop7	0.427	0.365	0.432	0.437	0.462	0.444	0.046	
Pop8	0.402	0.089	0.410	0.421	0.440	0.421	0.349	0.347	
CV error (K=9): 0.15312
Writing output files.
