****                   ADMIXTURE Version 1.3.0                  ****
****                    Copyright 2008-2015                     ****
****           David Alexander, Suyash Shringarpure,            ****
****                John  Novembre, Ken Lange                   ****
****                                                            ****
****                 Please cite our paper!                     ****
****   Information at www.genetics.ucla.edu/software/admixture  ****

Cross-validation will be performed.  Folds=5.
Random seed: 20018
Point estimation method: Block relaxation algorithm
Convergence acceleration algorithm: QuasiNewton, 3 secant conditions
Point estimation will terminate when objective function delta < 0.0001
Estimation of standard errors disabled; will compute point estimates only.
Size of G: 260x13929
Performing five EM steps to prime main algorithm
1 (EM) 	Elapsed: 0.08	Loglikelihood: -1.06532e+06	(delta): 4.03475e+06
2 (EM) 	Elapsed: 0.078	Loglikelihood: -1.00481e+06	(delta): 60504.7
3 (EM) 	Elapsed: 0.078	Loglikelihood: -994245	(delta): 10566.4
4 (EM) 	Elapsed: 0.075	Loglikelihood: -988360	(delta): 5884.32
5 (EM) 	Elapsed: 0.075	Loglikelihood: -984579	(delta): 3781.38
Initial loglikelihood: -984579
Starting main algorithm
1 (QN/Block) 	Elapsed: 0.141	Loglikelihood: -843440	(delta): 141139
2 (QN/Block) 	Elapsed: 0.141	Loglikelihood: -785570	(delta): 57870.2
3 (QN/Block) 	Elapsed: 0.163	Loglikelihood: -759777	(delta): 25792.2
4 (QN/Block) 	Elapsed: 0.164	Loglikelihood: -739515	(delta): 20262.1
5 (QN/Block) 	Elapsed: 0.164	Loglikelihood: -726451	(delta): 13064
6 (QN/Block) 	Elapsed: 0.164	Loglikelihood: -723923	(delta): 2528
7 (QN/Block) 	Elapsed: 0.175	Loglikelihood: -723297	(delta): 626.88
8 (QN/Block) 	Elapsed: 0.164	Loglikelihood: -722953	(delta): 343.834
9 (QN/Block) 	Elapsed: 0.196	Loglikelihood: -722807	(delta): 145.494
10 (QN/Block) 	Elapsed: 0.164	Loglikelihood: -722747	(delta): 60.3572
11 (QN/Block) 	Elapsed: 0.196	Loglikelihood: -722740	(delta): 6.61245
12 (QN/Block) 	Elapsed: 0.196	Loglikelihood: -722740	(delta): 0.0297784
13 (QN/Block) 	Elapsed: 0.164	Loglikelihood: -722740	(delta): 6.40157e-05
Summary: 
Converged in 13 iterations (2.805 sec)
Loglikelihood: -722740.223919
Fst divergences between estimated populations: 
	Pop0	Pop1	
Pop0	
Pop1	0.290	
Pop2	0.332	0.284	
CV error (K=3): 0.16947
Writing output files.
