****                   ADMIXTURE Version 1.3.0                  ****
****                    Copyright 2008-2015                     ****
****           David Alexander, Suyash Shringarpure,            ****
****                John  Novembre, Ken Lange                   ****
****                                                            ****
****                 Please cite our paper!                     ****
****   Information at www.genetics.ucla.edu/software/admixture  ****

Cross-validation will be performed.  Folds=5.
Random seed: 20018
Point estimation method: Block relaxation algorithm
Convergence acceleration algorithm: QuasiNewton, 3 secant conditions
Point estimation will terminate when objective function delta < 0.0001
Estimation of standard errors disabled; will compute point estimates only.
Size of G: 260x13929
Performing five EM steps to prime main algorithm
1 (EM) 	Elapsed: 0.102	Loglikelihood: -1.07936e+06	(delta): 3.81443e+06
2 (EM) 	Elapsed: 0.099	Loglikelihood: -1.00625e+06	(delta): 73106.1
3 (EM) 	Elapsed: 0.099	Loglikelihood: -995181	(delta): 11071.3
4 (EM) 	Elapsed: 0.099	Loglikelihood: -988983	(delta): 6198.02
5 (EM) 	Elapsed: 0.099	Loglikelihood: -984544	(delta): 4439.08
Initial loglikelihood: -984544
Starting main algorithm
1 (QN/Block) 	Elapsed: 0.2	Loglikelihood: -817360	(delta): 167184
2 (QN/Block) 	Elapsed: 0.2	Loglikelihood: -757970	(delta): 59390
3 (QN/Block) 	Elapsed: 0.225	Loglikelihood: -727319	(delta): 30650.7
4 (QN/Block) 	Elapsed: 0.225	Loglikelihood: -708331	(delta): 18988.1
5 (QN/Block) 	Elapsed: 0.225	Loglikelihood: -696472	(delta): 11858.7
6 (QN/Block) 	Elapsed: 0.225	Loglikelihood: -694144	(delta): 2328.43
7 (QN/Block) 	Elapsed: 0.237	Loglikelihood: -693810	(delta): 334.039
8 (QN/Block) 	Elapsed: 0.256	Loglikelihood: -693731	(delta): 79.5152
9 (QN/Block) 	Elapsed: 0.251	Loglikelihood: -693689	(delta): 41.0364
10 (QN/Block) 	Elapsed: 0.252	Loglikelihood: -693676	(delta): 13.796
11 (QN/Block) 	Elapsed: 0.24	Loglikelihood: -693674	(delta): 1.21916
12 (QN/Block) 	Elapsed: 0.252	Loglikelihood: -693674	(delta): 0.131541
13 (QN/Block) 	Elapsed: 0.252	Loglikelihood: -693674	(delta): 0.163179
14 (QN/Block) 	Elapsed: 0.216	Loglikelihood: -693674	(delta): 0.047872
15 (QN/Block) 	Elapsed: 0.216	Loglikelihood: -693674	(delta): 0.000913613
16 (QN/Block) 	Elapsed: 0.216	Loglikelihood: -693674	(delta): 0.000502684
17 (QN/Block) 	Elapsed: 0.216	Loglikelihood: -693674	(delta): 0.000296155
18 (QN/Block) 	Elapsed: 0.216	Loglikelihood: -693674	(delta): 7.28597e-06
Summary: 
Converged in 18 iterations (4.939 sec)
Loglikelihood: -693674.115228
Fst divergences between estimated populations: 
	Pop0	Pop1	Pop2	
Pop0	
Pop1	0.381	
Pop2	0.334	0.400	
Pop3	0.268	0.230	0.277	
CV error (K=4): 0.16640
Writing output files.
