****                   ADMIXTURE Version 1.3.0                  ****
****                    Copyright 2008-2015                     ****
****           David Alexander, Suyash Shringarpure,            ****
****                John  Novembre, Ken Lange                   ****
****                                                            ****
****                 Please cite our paper!                     ****
****   Information at www.genetics.ucla.edu/software/admixture  ****

Cross-validation will be performed.  Folds=5.
Random seed: 19247
Point estimation method: Block relaxation algorithm
Convergence acceleration algorithm: QuasiNewton, 3 secant conditions
Point estimation will terminate when objective function delta < 0.0001
Estimation of standard errors disabled; will compute point estimates only.
Size of G: 260x6978
Performing five EM steps to prime main algorithm
1 (EM) 	Elapsed: 0.041	Loglikelihood: -1.82593e+06	(delta): 1.0288e+06
2 (EM) 	Elapsed: 0.04	Loglikelihood: -1.77046e+06	(delta): 55466.3
3 (EM) 	Elapsed: 0.04	Loglikelihood: -1.75375e+06	(delta): 16708.4
4 (EM) 	Elapsed: 0.04	Loglikelihood: -1.74405e+06	(delta): 9703.69
5 (EM) 	Elapsed: 0.04	Loglikelihood: -1.73734e+06	(delta): 6710.31
Initial loglikelihood: -1.73734e+06
Starting main algorithm
1 (QN/Block) 	Elapsed: 0.072	Loglikelihood: -1.52065e+06	(delta): 216688
2 (QN/Block) 	Elapsed: 0.073	Loglikelihood: -1.41688e+06	(delta): 103770
3 (QN/Block) 	Elapsed: 0.088	Loglikelihood: -1.36634e+06	(delta): 50539.6
4 (QN/Block) 	Elapsed: 0.111	Loglikelihood: -1.33252e+06	(delta): 33819.3
5 (QN/Block) 	Elapsed: 0.113	Loglikelihood: -1.30147e+06	(delta): 31052
6 (QN/Block) 	Elapsed: 0.104	Loglikelihood: -1.25966e+06	(delta): 41804.6
7 (QN/Block) 	Elapsed: 0.11	Loglikelihood: -1.24846e+06	(delta): 11208
8 (QN/Block) 	Elapsed: 0.096	Loglikelihood: -1.24602e+06	(delta): 2437.7
9 (QN/Block) 	Elapsed: 0.096	Loglikelihood: -1.24568e+06	(delta): 343.422
10 (QN/Block) 	Elapsed: 0.096	Loglikelihood: -1.24566e+06	(delta): 16.1391
11 (QN/Block) 	Elapsed: 0.11	Loglikelihood: -1.24566e+06	(delta): 0.456108
12 (QN/Block) 	Elapsed: 0.089	Loglikelihood: -1.24566e+06	(delta): 0.00178522
13 (QN/Block) 	Elapsed: 0.088	Loglikelihood: -1.24566e+06	(delta): 2.0978e-05
Summary: 
Converged in 13 iterations (1.609 sec)
Loglikelihood: -1245658.850880
Fst divergences between estimated populations: 
	Pop0	Pop1	
Pop0	
Pop1	0.348	
Pop2	0.369	0.319	
CV error (K=3): 0.47150
Writing output files.
