****                   ADMIXTURE Version 1.3.0                  ****
****                    Copyright 2008-2015                     ****
****           David Alexander, Suyash Shringarpure,            ****
****                John  Novembre, Ken Lange                   ****
****                                                            ****
****                 Please cite our paper!                     ****
****   Information at www.genetics.ucla.edu/software/admixture  ****

Cross-validation will be performed.  Folds=5.
Random seed: 19247
Point estimation method: Block relaxation algorithm
Convergence acceleration algorithm: QuasiNewton, 3 secant conditions
Point estimation will terminate when objective function delta < 0.0001
Estimation of standard errors disabled; will compute point estimates only.
Size of G: 260x6978
Performing five EM steps to prime main algorithm
1 (EM) 	Elapsed: 0.029	Loglikelihood: -1.81138e+06	(delta): 1.22738e+06
2 (EM) 	Elapsed: 0.027	Loglikelihood: -1.75886e+06	(delta): 52512.9
3 (EM) 	Elapsed: 0.027	Loglikelihood: -1.74394e+06	(delta): 14922.1
4 (EM) 	Elapsed: 0.027	Loglikelihood: -1.73563e+06	(delta): 8309.91
5 (EM) 	Elapsed: 0.027	Loglikelihood: -1.72978e+06	(delta): 5854.56
Initial loglikelihood: -1.72978e+06
Starting main algorithm
1 (QN/Block) 	Elapsed: 0.047	Loglikelihood: -1.56694e+06	(delta): 162843
2 (QN/Block) 	Elapsed: 0.047	Loglikelihood: -1.53706e+06	(delta): 29876.3
3 (QN/Block) 	Elapsed: 0.075	Loglikelihood: -1.51848e+06	(delta): 18580.2
4 (QN/Block) 	Elapsed: 0.068	Loglikelihood: -1.51362e+06	(delta): 4858.88
5 (QN/Block) 	Elapsed: 0.081	Loglikelihood: -1.51169e+06	(delta): 1932.18
6 (QN/Block) 	Elapsed: 0.061	Loglikelihood: -1.51121e+06	(delta): 479.017
7 (QN/Block) 	Elapsed: 0.081	Loglikelihood: -1.51106e+06	(delta): 143.599
8 (QN/Block) 	Elapsed: 0.074	Loglikelihood: -1.51104e+06	(delta): 27.3035
9 (QN/Block) 	Elapsed: 0.068	Loglikelihood: -1.51104e+06	(delta): 1.58696
10 (QN/Block) 	Elapsed: 0.068	Loglikelihood: -1.51104e+06	(delta): 0.18441
11 (QN/Block) 	Elapsed: 0.061	Loglikelihood: -1.51104e+06	(delta): 0.00491879
12 (QN/Block) 	Elapsed: 0.061	Loglikelihood: -1.51104e+06	(delta): 0.00213309
13 (QN/Block) 	Elapsed: 0.061	Loglikelihood: -1.51104e+06	(delta): 0.000840197
14 (QN/Block) 	Elapsed: 0.061	Loglikelihood: -1.51104e+06	(delta): 0.000796079
15 (QN/Block) 	Elapsed: 0.061	Loglikelihood: -1.51104e+06	(delta): 1.83212e-05
Summary: 
Converged in 15 iterations (1.281 sec)
Loglikelihood: -1511035.827745
Fst divergences between estimated populations: 
	Pop0	
Pop0	
Pop1	0.243	
CV error (K=2): 0.61895
Writing output files.
