****                   ADMIXTURE Version 1.3.0                  ****
****                    Copyright 2008-2015                     ****
****           David Alexander, Suyash Shringarpure,            ****
****                John  Novembre, Ken Lange                   ****
****                                                            ****
****                 Please cite our paper!                     ****
****   Information at www.genetics.ucla.edu/software/admixture  ****

Cross-validation will be performed.  Folds=5.
Random seed: 19247
Point estimation method: Block relaxation algorithm
Convergence acceleration algorithm: QuasiNewton, 3 secant conditions
Point estimation will terminate when objective function delta < 0.0001
Estimation of standard errors disabled; will compute point estimates only.
Size of G: 260x6978
Performing five EM steps to prime main algorithm
1 (EM) 	Elapsed: 0.068	Loglikelihood: -1.82246e+06	(delta): 861605
2 (EM) 	Elapsed: 0.066	Loglikelihood: -1.76708e+06	(delta): 55379.4
3 (EM) 	Elapsed: 0.066	Loglikelihood: -1.7502e+06	(delta): 16881.4
4 (EM) 	Elapsed: 0.066	Loglikelihood: -1.73775e+06	(delta): 12450.3
5 (EM) 	Elapsed: 0.066	Loglikelihood: -1.72549e+06	(delta): 12261
Initial loglikelihood: -1.72549e+06
Starting main algorithm
1 (QN/Block) 	Elapsed: 0.131	Loglikelihood: -1.26477e+06	(delta): 460723
2 (QN/Block) 	Elapsed: 0.131	Loglikelihood: -1.14732e+06	(delta): 117446
3 (QN/Block) 	Elapsed: 0.148	Loglikelihood: -1.10809e+06	(delta): 39227.7
4 (QN/Block) 	Elapsed: 0.148	Loglikelihood: -1.08574e+06	(delta): 22350.4
5 (QN/Block) 	Elapsed: 0.156	Loglikelihood: -1.08046e+06	(delta): 5278
6 (QN/Block) 	Elapsed: 0.148	Loglikelihood: -1.07966e+06	(delta): 804.154
7 (QN/Block) 	Elapsed: 0.148	Loglikelihood: -1.07939e+06	(delta): 273.64
8 (QN/Block) 	Elapsed: 0.148	Loglikelihood: -1.07925e+06	(delta): 135.944
9 (QN/Block) 	Elapsed: 0.164	Loglikelihood: -1.07921e+06	(delta): 39.2225
10 (QN/Block) 	Elapsed: 0.172	Loglikelihood: -1.07919e+06	(delta): 17.6012
11 (QN/Block) 	Elapsed: 0.172	Loglikelihood: -1.07918e+06	(delta): 7.69985
12 (QN/Block) 	Elapsed: 0.172	Loglikelihood: -1.07918e+06	(delta): 0.425958
13 (QN/Block) 	Elapsed: 0.148	Loglikelihood: -1.07918e+06	(delta): 0.0757358
14 (QN/Block) 	Elapsed: 0.148	Loglikelihood: -1.07918e+06	(delta): 0.000409371
15 (QN/Block) 	Elapsed: 0.147	Loglikelihood: -1.07918e+06	(delta): 1.81957e-06
Summary: 
Converged in 15 iterations (2.815 sec)
Loglikelihood: -1079184.274033
Fst divergences between estimated populations: 
	Pop0	Pop1	Pop2	Pop3	
Pop0	
Pop1	0.342	
Pop2	0.442	0.233	
Pop3	0.450	0.394	0.495	
Pop4	0.440	0.377	0.479	0.371	
CV error (K=5): 0.38590
Writing output files.
