****                   ADMIXTURE Version 1.3.0                  ****
****                    Copyright 2008-2015                     ****
****           David Alexander, Suyash Shringarpure,            ****
****                John  Novembre, Ken Lange                   ****
****                                                            ****
****                 Please cite our paper!                     ****
****   Information at www.genetics.ucla.edu/software/admixture  ****

Cross-validation will be performed.  Folds=5.
Random seed: 19247
Point estimation method: Block relaxation algorithm
Convergence acceleration algorithm: QuasiNewton, 3 secant conditions
Point estimation will terminate when objective function delta < 0.0001
Estimation of standard errors disabled; will compute point estimates only.
Size of G: 260x6978
Performing five EM steps to prime main algorithm
1 (EM) 	Elapsed: 0.105	Loglikelihood: -1.81422e+06	(delta): 789906
2 (EM) 	Elapsed: 0.103	Loglikelihood: -1.75929e+06	(delta): 54925.2
3 (EM) 	Elapsed: 0.103	Loglikelihood: -1.74301e+06	(delta): 16282.6
4 (EM) 	Elapsed: 0.103	Loglikelihood: -1.72825e+06	(delta): 14760.8
5 (EM) 	Elapsed: 0.103	Loglikelihood: -1.71008e+06	(delta): 18165.6
Initial loglikelihood: -1.71008e+06
Starting main algorithm
1 (QN/Block) 	Elapsed: 0.257	Loglikelihood: -1.17793e+06	(delta): 532157
2 (QN/Block) 	Elapsed: 0.258	Loglikelihood: -1.09441e+06	(delta): 83516.9
3 (QN/Block) 	Elapsed: 0.289	Loglikelihood: -1.06169e+06	(delta): 32717.3
4 (QN/Block) 	Elapsed: 0.278	Loglikelihood: -1.03782e+06	(delta): 23872.2
5 (QN/Block) 	Elapsed: 0.276	Loglikelihood: -1.03096e+06	(delta): 6856.37
6 (QN/Block) 	Elapsed: 0.276	Loglikelihood: -1.02949e+06	(delta): 1475.21
7 (QN/Block) 	Elapsed: 0.276	Loglikelihood: -1.02903e+06	(delta): 462.629
8 (QN/Block) 	Elapsed: 0.276	Loglikelihood: -1.02875e+06	(delta): 271.311
9 (QN/Block) 	Elapsed: 0.286	Loglikelihood: -1.0286e+06	(delta): 150.428
10 (QN/Block) 	Elapsed: 0.286	Loglikelihood: -1.0285e+06	(delta): 100.092
11 (QN/Block) 	Elapsed: 0.296	Loglikelihood: -1.02847e+06	(delta): 37.8068
12 (QN/Block) 	Elapsed: 0.277	Loglikelihood: -1.02845e+06	(delta): 14.0138
13 (QN/Block) 	Elapsed: 0.286	Loglikelihood: -1.02845e+06	(delta): 6.08796
14 (QN/Block) 	Elapsed: 0.276	Loglikelihood: -1.02844e+06	(delta): 2.34693
15 (QN/Block) 	Elapsed: 0.276	Loglikelihood: -1.02844e+06	(delta): 0.492696
16 (QN/Block) 	Elapsed: 0.276	Loglikelihood: -1.02844e+06	(delta): 0.108101
17 (QN/Block) 	Elapsed: 0.277	Loglikelihood: -1.02844e+06	(delta): 0.0177172
18 (QN/Block) 	Elapsed: 0.276	Loglikelihood: -1.02844e+06	(delta): 0.00859175
19 (QN/Block) 	Elapsed: 0.277	Loglikelihood: -1.02844e+06	(delta): 0.00491079
20 (QN/Block) 	Elapsed: 0.276	Loglikelihood: -1.02844e+06	(delta): 0.000112931
21 (QN/Block) 	Elapsed: 0.276	Loglikelihood: -1.02844e+06	(delta): 3.34601e-06
Summary: 
Converged in 21 iterations (6.65 sec)
Loglikelihood: -1028443.489958
Fst divergences between estimated populations: 
	Pop0	Pop1	Pop2	Pop3	Pop4	Pop5	Pop6	
Pop0	
Pop1	0.383	
Pop2	0.141	0.450	
Pop3	0.444	0.417	0.510	
Pop4	0.454	0.432	0.518	0.371	
Pop5	0.101	0.297	0.183	0.368	0.380	
Pop6	0.446	0.276	0.512	0.480	0.496	0.365	
Pop7	0.348	0.135	0.414	0.380	0.398	0.259	0.236	
CV error (K=8): 0.37338
Writing output files.
