****                   ADMIXTURE Version 1.3.0                  ****
****                    Copyright 2008-2015                     ****
****           David Alexander, Suyash Shringarpure,            ****
****                John  Novembre, Ken Lange                   ****
****                                                            ****
****                 Please cite our paper!                     ****
****   Information at www.genetics.ucla.edu/software/admixture  ****

Cross-validation will be performed.  Folds=5.
Random seed: 19247
Point estimation method: Block relaxation algorithm
Convergence acceleration algorithm: QuasiNewton, 3 secant conditions
Point estimation will terminate when objective function delta < 0.0001
Estimation of standard errors disabled; will compute point estimates only.
Size of G: 260x6978
Performing five EM steps to prime main algorithm
1 (EM) 	Elapsed: 0.055	Loglikelihood: -1.82465e+06	(delta): 925439
2 (EM) 	Elapsed: 0.053	Loglikelihood: -1.76795e+06	(delta): 56696.2
3 (EM) 	Elapsed: 0.053	Loglikelihood: -1.74956e+06	(delta): 18385.7
4 (EM) 	Elapsed: 0.054	Loglikelihood: -1.73602e+06	(delta): 13541.2
5 (EM) 	Elapsed: 0.052	Loglikelihood: -1.72283e+06	(delta): 13189.9
Initial loglikelihood: -1.72283e+06
Starting main algorithm
1 (QN/Block) 	Elapsed: 0.101	Loglikelihood: -1.38274e+06	(delta): 340093
2 (QN/Block) 	Elapsed: 0.103	Loglikelihood: -1.26867e+06	(delta): 114071
3 (QN/Block) 	Elapsed: 0.119	Loglikelihood: -1.22963e+06	(delta): 39044.3
4 (QN/Block) 	Elapsed: 0.133	Loglikelihood: -1.16503e+06	(delta): 64599.2
5 (QN/Block) 	Elapsed: 0.141	Loglikelihood: -1.13899e+06	(delta): 26035.5
6 (QN/Block) 	Elapsed: 0.125	Loglikelihood: -1.13469e+06	(delta): 4302.09
7 (QN/Block) 	Elapsed: 0.117	Loglikelihood: -1.13338e+06	(delta): 1311.43
8 (QN/Block) 	Elapsed: 0.117	Loglikelihood: -1.13305e+06	(delta): 324.75
9 (QN/Block) 	Elapsed: 0.133	Loglikelihood: -1.13301e+06	(delta): 43.2595
10 (QN/Block) 	Elapsed: 0.133	Loglikelihood: -1.13301e+06	(delta): 1.81046
11 (QN/Block) 	Elapsed: 0.133	Loglikelihood: -1.13301e+06	(delta): 0.0351168
12 (QN/Block) 	Elapsed: 0.117	Loglikelihood: -1.13301e+06	(delta): 0.0185526
13 (QN/Block) 	Elapsed: 0.117	Loglikelihood: -1.13301e+06	(delta): 0.00335583
14 (QN/Block) 	Elapsed: 0.118	Loglikelihood: -1.13301e+06	(delta): 8.18036e-05
Summary: 
Converged in 14 iterations (2.156 sec)
Loglikelihood: -1133007.287018
Fst divergences between estimated populations: 
	Pop0	Pop1	Pop2	
Pop0	
Pop1	0.450	
Pop2	0.348	0.401	
Pop3	0.440	0.371	0.383	
CV error (K=4): 0.41098
Writing output files.
