****                   ADMIXTURE Version 1.3.0                  ****
****                    Copyright 2008-2015                     ****
****           David Alexander, Suyash Shringarpure,            ****
****                John  Novembre, Ken Lange                   ****
****                                                            ****
****                 Please cite our paper!                     ****
****   Information at www.genetics.ucla.edu/software/admixture  ****

Cross-validation will be performed.  Folds=5.
Random seed: 19247
Point estimation method: Block relaxation algorithm
Convergence acceleration algorithm: QuasiNewton, 3 secant conditions
Point estimation will terminate when objective function delta < 0.0001
Estimation of standard errors disabled; will compute point estimates only.
Size of G: 260x6978
Performing five EM steps to prime main algorithm
1 (EM) 	Elapsed: 0.081	Loglikelihood: -1.82148e+06	(delta): 823770
2 (EM) 	Elapsed: 0.079	Loglikelihood: -1.76682e+06	(delta): 54661.3
3 (EM) 	Elapsed: 0.079	Loglikelihood: -1.7516e+06	(delta): 15219.7
4 (EM) 	Elapsed: 0.077	Loglikelihood: -1.74045e+06	(delta): 11143
5 (EM) 	Elapsed: 0.077	Loglikelihood: -1.72933e+06	(delta): 11126.8
Initial loglikelihood: -1.72933e+06
Starting main algorithm
1 (QN/Block) 	Elapsed: 0.168	Loglikelihood: -1.24691e+06	(delta): 482415
2 (QN/Block) 	Elapsed: 0.169	Loglikelihood: -1.13482e+06	(delta): 112094
3 (QN/Block) 	Elapsed: 0.188	Loglikelihood: -1.09223e+06	(delta): 42589
4 (QN/Block) 	Elapsed: 0.196	Loglikelihood: -1.07165e+06	(delta): 20579.1
5 (QN/Block) 	Elapsed: 0.205	Loglikelihood: -1.06409e+06	(delta): 7558.63
6 (QN/Block) 	Elapsed: 0.195	Loglikelihood: -1.06095e+06	(delta): 3143.63
7 (QN/Block) 	Elapsed: 0.204	Loglikelihood: -1.0605e+06	(delta): 446.642
8 (QN/Block) 	Elapsed: 0.213	Loglikelihood: -1.06039e+06	(delta): 110.569
9 (QN/Block) 	Elapsed: 0.195	Loglikelihood: -1.06034e+06	(delta): 49.1768
10 (QN/Block) 	Elapsed: 0.213	Loglikelihood: -1.0603e+06	(delta): 37.0063
11 (QN/Block) 	Elapsed: 0.195	Loglikelihood: -1.0603e+06	(delta): 5.21049
12 (QN/Block) 	Elapsed: 0.213	Loglikelihood: -1.0603e+06	(delta): 0.431906
13 (QN/Block) 	Elapsed: 0.186	Loglikelihood: -1.0603e+06	(delta): 0.00257559
14 (QN/Block) 	Elapsed: 0.187	Loglikelihood: -1.0603e+06	(delta): 0.000381492
15 (QN/Block) 	Elapsed: 0.186	Loglikelihood: -1.0603e+06	(delta): 7.65081e-05
Summary: 
Converged in 15 iterations (3.524 sec)
Loglikelihood: -1060297.999915
Fst divergences between estimated populations: 
	Pop0	Pop1	Pop2	Pop3	Pop4	
Pop0	
Pop1	0.352	
Pop2	0.397	0.457	
Pop3	0.236	0.448	0.495	
Pop4	0.261	0.100	0.380	0.365	
Pop5	0.380	0.447	0.371	0.479	0.368	
CV error (K=6): 0.38169
Writing output files.
