****                   ADMIXTURE Version 1.3.0                  ****
****                    Copyright 2008-2015                     ****
****           David Alexander, Suyash Shringarpure,            ****
****                John  Novembre, Ken Lange                   ****
****                                                            ****
****                 Please cite our paper!                     ****
****   Information at www.genetics.ucla.edu/software/admixture  ****

Cross-validation will be performed.  Folds=5.
Random seed: 19987
Point estimation method: Block relaxation algorithm
Convergence acceleration algorithm: QuasiNewton, 3 secant conditions
Point estimation will terminate when objective function delta < 0.0001
Estimation of standard errors disabled; will compute point estimates only.
Size of G: 260x6978
Performing five EM steps to prime main algorithm
1 (EM) 	Elapsed: 0.042	Loglikelihood: -1.82382e+06	(delta): 1.01394e+06
2 (EM) 	Elapsed: 0.041	Loglikelihood: -1.76744e+06	(delta): 56377.7
3 (EM) 	Elapsed: 0.041	Loglikelihood: -1.74861e+06	(delta): 18825.5
4 (EM) 	Elapsed: 0.041	Loglikelihood: -1.73558e+06	(delta): 13031.5
5 (EM) 	Elapsed: 0.041	Loglikelihood: -1.72357e+06	(delta): 12014.7
Initial loglikelihood: -1.72357e+06
Starting main algorithm
1 (QN/Block) 	Elapsed: 0.073	Loglikelihood: -1.34327e+06	(delta): 380301
2 (QN/Block) 	Elapsed: 0.073	Loglikelihood: -1.28838e+06	(delta): 54889.1
3 (QN/Block) 	Elapsed: 0.088	Loglikelihood: -1.26612e+06	(delta): 22254.4
4 (QN/Block) 	Elapsed: 0.11	Loglikelihood: -1.24914e+06	(delta): 16982.6
5 (QN/Block) 	Elapsed: 0.11	Loglikelihood: -1.24592e+06	(delta): 3219.58
6 (QN/Block) 	Elapsed: 0.088	Loglikelihood: -1.2457e+06	(delta): 224.918
7 (QN/Block) 	Elapsed: 0.088	Loglikelihood: -1.24566e+06	(delta): 34.7317
8 (QN/Block) 	Elapsed: 0.103	Loglikelihood: -1.24566e+06	(delta): 2.90276
9 (QN/Block) 	Elapsed: 0.096	Loglikelihood: -1.24566e+06	(delta): 0.0544016
10 (QN/Block) 	Elapsed: 0.088	Loglikelihood: -1.24566e+06	(delta): 0.00370279
11 (QN/Block) 	Elapsed: 0.088	Loglikelihood: -1.24566e+06	(delta): 0.000163807
12 (QN/Block) 	Elapsed: 0.088	Loglikelihood: -1.24566e+06	(delta): 2.17161e-06
Summary: 
Converged in 12 iterations (1.457 sec)
Loglikelihood: -1245658.827135
Fst divergences between estimated populations: 
	Pop0	Pop1	
Pop0	
Pop1	0.319	
Pop2	0.369	0.348	
CV error (K=3): 0.47142
Writing output files.
