****                   ADMIXTURE Version 1.3.0                  ****
****                    Copyright 2008-2015                     ****
****           David Alexander, Suyash Shringarpure,            ****
****                John  Novembre, Ken Lange                   ****
****                                                            ****
****                 Please cite our paper!                     ****
****   Information at www.genetics.ucla.edu/software/admixture  ****

Cross-validation will be performed.  Folds=5.
Random seed: 19987
Point estimation method: Block relaxation algorithm
Convergence acceleration algorithm: QuasiNewton, 3 secant conditions
Point estimation will terminate when objective function delta < 0.0001
Estimation of standard errors disabled; will compute point estimates only.
Size of G: 260x6978
Performing five EM steps to prime main algorithm
1 (EM) 	Elapsed: 0.08	Loglikelihood: -1.82008e+06	(delta): 838057
2 (EM) 	Elapsed: 0.078	Loglikelihood: -1.76513e+06	(delta): 54941.4
3 (EM) 	Elapsed: 0.078	Loglikelihood: -1.74955e+06	(delta): 15589
4 (EM) 	Elapsed: 0.078	Loglikelihood: -1.73767e+06	(delta): 11878.2
5 (EM) 	Elapsed: 0.078	Loglikelihood: -1.72556e+06	(delta): 12111.5
Initial loglikelihood: -1.72556e+06
Starting main algorithm
1 (QN/Block) 	Elapsed: 0.171	Loglikelihood: -1.24226e+06	(delta): 483296
2 (QN/Block) 	Elapsed: 0.172	Loglikelihood: -1.15048e+06	(delta): 91778.7
3 (QN/Block) 	Elapsed: 0.189	Loglikelihood: -1.10491e+06	(delta): 45572.5
4 (QN/Block) 	Elapsed: 0.188	Loglikelihood: -1.07712e+06	(delta): 27783.6
5 (QN/Block) 	Elapsed: 0.196	Loglikelihood: -1.06813e+06	(delta): 8992.17
6 (QN/Block) 	Elapsed: 0.204	Loglikelihood: -1.06505e+06	(delta): 3078.69
7 (QN/Block) 	Elapsed: 0.214	Loglikelihood: -1.06421e+06	(delta): 840.063
8 (QN/Block) 	Elapsed: 0.186	Loglikelihood: -1.06409e+06	(delta): 125.952
9 (QN/Block) 	Elapsed: 0.186	Loglikelihood: -1.06407e+06	(delta): 14.2379
10 (QN/Block) 	Elapsed: 0.186	Loglikelihood: -1.06407e+06	(delta): 4.45938
11 (QN/Block) 	Elapsed: 0.186	Loglikelihood: -1.06407e+06	(delta): 1.50867
12 (QN/Block) 	Elapsed: 0.186	Loglikelihood: -1.06407e+06	(delta): 0.372046
13 (QN/Block) 	Elapsed: 0.187	Loglikelihood: -1.06407e+06	(delta): 0.123166
14 (QN/Block) 	Elapsed: 0.195	Loglikelihood: -1.06407e+06	(delta): 0.0416314
15 (QN/Block) 	Elapsed: 0.186	Loglikelihood: -1.06407e+06	(delta): 0.0150986
16 (QN/Block) 	Elapsed: 0.187	Loglikelihood: -1.06407e+06	(delta): 0.00564955
17 (QN/Block) 	Elapsed: 0.186	Loglikelihood: -1.06407e+06	(delta): 0.000566909
18 (QN/Block) 	Elapsed: 0.186	Loglikelihood: -1.06407e+06	(delta): 4.24972e-05
Summary: 
Converged in 18 iterations (4.026 sec)
Loglikelihood: -1064066.890147
Fst divergences between estimated populations: 
	Pop0	Pop1	Pop2	Pop3	Pop4	
Pop0	
Pop1	0.431	
Pop2	0.234	0.331	
Pop3	0.511	0.162	0.412	
Pop4	0.479	0.429	0.377	0.510	
Pop5	0.495	0.440	0.395	0.517	0.371	
CV error (K=6): 0.38133
Writing output files.
