****                   ADMIXTURE Version 1.3.0                  ****
****                    Copyright 2008-2015                     ****
****           David Alexander, Suyash Shringarpure,            ****
****                John  Novembre, Ken Lange                   ****
****                                                            ****
****                 Please cite our paper!                     ****
****   Information at www.genetics.ucla.edu/software/admixture  ****

Cross-validation will be performed.  Folds=5.
Random seed: 19987
Point estimation method: Block relaxation algorithm
Convergence acceleration algorithm: QuasiNewton, 3 secant conditions
Point estimation will terminate when objective function delta < 0.0001
Estimation of standard errors disabled; will compute point estimates only.
Size of G: 260x6978
Performing five EM steps to prime main algorithm
1 (EM) 	Elapsed: 0.092	Loglikelihood: -1.81923e+06	(delta): 805603
2 (EM) 	Elapsed: 0.091	Loglikelihood: -1.76302e+06	(delta): 56209.3
3 (EM) 	Elapsed: 0.091	Loglikelihood: -1.74642e+06	(delta): 16599.5
4 (EM) 	Elapsed: 0.09	Loglikelihood: -1.73232e+06	(delta): 14099.3
5 (EM) 	Elapsed: 0.09	Loglikelihood: -1.71583e+06	(delta): 16496.2
Initial loglikelihood: -1.71583e+06
Starting main algorithm
1 (QN/Block) 	Elapsed: 0.209	Loglikelihood: -1.19215e+06	(delta): 523678
2 (QN/Block) 	Elapsed: 0.21	Loglikelihood: -1.11976e+06	(delta): 72391.5
3 (QN/Block) 	Elapsed: 0.23	Loglikelihood: -1.08814e+06	(delta): 31613.5
4 (QN/Block) 	Elapsed: 0.231	Loglikelihood: -1.06319e+06	(delta): 24959.3
5 (QN/Block) 	Elapsed: 0.23	Loglikelihood: -1.05177e+06	(delta): 11416.3
6 (QN/Block) 	Elapsed: 0.234	Loglikelihood: -1.04903e+06	(delta): 2739.94
7 (QN/Block) 	Elapsed: 0.238	Loglikelihood: -1.04767e+06	(delta): 1362.77
8 (QN/Block) 	Elapsed: 0.238	Loglikelihood: -1.04715e+06	(delta): 517.274
9 (QN/Block) 	Elapsed: 0.228	Loglikelihood: -1.0468e+06	(delta): 351.657
10 (QN/Block) 	Elapsed: 0.247	Loglikelihood: -1.04664e+06	(delta): 158.413
11 (QN/Block) 	Elapsed: 0.229	Loglikelihood: -1.04653e+06	(delta): 108.064
12 (QN/Block) 	Elapsed: 0.257	Loglikelihood: -1.04648e+06	(delta): 46.482
13 (QN/Block) 	Elapsed: 0.247	Loglikelihood: -1.04643e+06	(delta): 56.1924
14 (QN/Block) 	Elapsed: 0.257	Loglikelihood: -1.04639e+06	(delta): 38.2746
15 (QN/Block) 	Elapsed: 0.256	Loglikelihood: -1.04638e+06	(delta): 12.4997
16 (QN/Block) 	Elapsed: 0.228	Loglikelihood: -1.04637e+06	(delta): 4.57078
17 (QN/Block) 	Elapsed: 0.228	Loglikelihood: -1.04637e+06	(delta): 0.492156
18 (QN/Block) 	Elapsed: 0.228	Loglikelihood: -1.04637e+06	(delta): 0.0319217
19 (QN/Block) 	Elapsed: 0.228	Loglikelihood: -1.04637e+06	(delta): 0.00662556
20 (QN/Block) 	Elapsed: 0.228	Loglikelihood: -1.04637e+06	(delta): 0.00631163
21 (QN/Block) 	Elapsed: 0.227	Loglikelihood: -1.04637e+06	(delta): 0.000896249
22 (QN/Block) 	Elapsed: 0.228	Loglikelihood: -1.04637e+06	(delta): 1.07813e-05
Summary: 
Converged in 22 iterations (5.891 sec)
Loglikelihood: -1046372.536112
Fst divergences between estimated populations: 
	Pop0	Pop1	Pop2	Pop3	Pop4	Pop5	
Pop0	
Pop1	0.365	
Pop2	0.368	0.479	
Pop3	0.101	0.446	0.444	
Pop4	0.183	0.511	0.510	0.141	
Pop5	0.260	0.236	0.380	0.348	0.415	
Pop6	0.380	0.495	0.371	0.454	0.518	0.397	
CV error (K=7): 0.37824
Writing output files.
