****                   ADMIXTURE Version 1.3.0                  ****
****                    Copyright 2008-2015                     ****
****           David Alexander, Suyash Shringarpure,            ****
****                John  Novembre, Ken Lange                   ****
****                                                            ****
****                 Please cite our paper!                     ****
****   Information at www.genetics.ucla.edu/software/admixture  ****

Cross-validation will be performed.  Folds=5.
Random seed: 19987
Point estimation method: Block relaxation algorithm
Convergence acceleration algorithm: QuasiNewton, 3 secant conditions
Point estimation will terminate when objective function delta < 0.0001
Estimation of standard errors disabled; will compute point estimates only.
Size of G: 260x6978
Performing five EM steps to prime main algorithm
1 (EM) 	Elapsed: 0.054	Loglikelihood: -1.82657e+06	(delta): 923761
2 (EM) 	Elapsed: 0.053	Loglikelihood: -1.77032e+06	(delta): 56241.7
3 (EM) 	Elapsed: 0.053	Loglikelihood: -1.75324e+06	(delta): 17087
4 (EM) 	Elapsed: 0.053	Loglikelihood: -1.74143e+06	(delta): 11803
5 (EM) 	Elapsed: 0.053	Loglikelihood: -1.73044e+06	(delta): 10989.9
Initial loglikelihood: -1.73044e+06
Starting main algorithm
1 (QN/Block) 	Elapsed: 0.104	Loglikelihood: -1.25385e+06	(delta): 476597
2 (QN/Block) 	Elapsed: 0.106	Loglikelihood: -1.18316e+06	(delta): 70685.5
3 (QN/Block) 	Elapsed: 0.122	Loglikelihood: -1.15492e+06	(delta): 28239.2
4 (QN/Block) 	Elapsed: 0.128	Loglikelihood: -1.13696e+06	(delta): 17967.2
5 (QN/Block) 	Elapsed: 0.144	Loglikelihood: -1.13346e+06	(delta): 3491.92
6 (QN/Block) 	Elapsed: 0.12	Loglikelihood: -1.13304e+06	(delta): 421.673
7 (QN/Block) 	Elapsed: 0.128	Loglikelihood: -1.13301e+06	(delta): 31.301
8 (QN/Block) 	Elapsed: 0.12	Loglikelihood: -1.13301e+06	(delta): 2.97655
9 (QN/Block) 	Elapsed: 0.128	Loglikelihood: -1.13301e+06	(delta): 0.135997
10 (QN/Block) 	Elapsed: 0.117	Loglikelihood: -1.13301e+06	(delta): 0.0362101
11 (QN/Block) 	Elapsed: 0.117	Loglikelihood: -1.13301e+06	(delta): 0.00404144
12 (QN/Block) 	Elapsed: 0.117	Loglikelihood: -1.13301e+06	(delta): 0.000389536
13 (QN/Block) 	Elapsed: 0.117	Loglikelihood: -1.13301e+06	(delta): 3.89782e-06
Summary: 
Converged in 13 iterations (2.01 sec)
Loglikelihood: -1133007.222060
Fst divergences between estimated populations: 
	Pop0	Pop1	Pop2	
Pop0	
Pop1	0.401	
Pop2	0.371	0.383	
Pop3	0.450	0.348	0.440	
CV error (K=4): 0.41065
Writing output files.
