****                   ADMIXTURE Version 1.3.0                  ****
****                    Copyright 2008-2015                     ****
****           David Alexander, Suyash Shringarpure,            ****
****                John  Novembre, Ken Lange                   ****
****                                                            ****
****                 Please cite our paper!                     ****
****   Information at www.genetics.ucla.edu/software/admixture  ****

Cross-validation will be performed.  Folds=5.
Random seed: 19987
Point estimation method: Block relaxation algorithm
Convergence acceleration algorithm: QuasiNewton, 3 secant conditions
Point estimation will terminate when objective function delta < 0.0001
Estimation of standard errors disabled; will compute point estimates only.
Size of G: 260x6978
Performing five EM steps to prime main algorithm
1 (EM) 	Elapsed: 0.12	Loglikelihood: -1.8136e+06	(delta): 773488
2 (EM) 	Elapsed: 0.118	Loglikelihood: -1.75961e+06	(delta): 53987
3 (EM) 	Elapsed: 0.118	Loglikelihood: -1.74576e+06	(delta): 13848.8
4 (EM) 	Elapsed: 0.118	Loglikelihood: -1.73463e+06	(delta): 11127.2
5 (EM) 	Elapsed: 0.118	Loglikelihood: -1.72208e+06	(delta): 12557.1
Initial loglikelihood: -1.72208e+06
Starting main algorithm
1 (QN/Block) 	Elapsed: 0.312	Loglikelihood: -1.16818e+06	(delta): 553893
2 (QN/Block) 	Elapsed: 0.315	Loglikelihood: -1.0863e+06	(delta): 81877.7
3 (QN/Block) 	Elapsed: 0.338	Loglikelihood: -1.05686e+06	(delta): 29447.1
4 (QN/Block) 	Elapsed: 0.336	Loglikelihood: -1.03733e+06	(delta): 19525.5
5 (QN/Block) 	Elapsed: 0.354	Loglikelihood: -1.02969e+06	(delta): 7643.54
6 (QN/Block) 	Elapsed: 0.331	Loglikelihood: -1.0271e+06	(delta): 2588.67
7 (QN/Block) 	Elapsed: 0.342	Loglikelihood: -1.02641e+06	(delta): 687.926
8 (QN/Block) 	Elapsed: 0.329	Loglikelihood: -1.026e+06	(delta): 412.433
9 (QN/Block) 	Elapsed: 0.331	Loglikelihood: -1.0258e+06	(delta): 202.28
10 (QN/Block) 	Elapsed: 0.33	Loglikelihood: -1.02569e+06	(delta): 103.076
11 (QN/Block) 	Elapsed: 0.331	Loglikelihood: -1.02563e+06	(delta): 60.4067
12 (QN/Block) 	Elapsed: 0.341	Loglikelihood: -1.02559e+06	(delta): 42.1975
13 (QN/Block) 	Elapsed: 0.33	Loglikelihood: -1.02558e+06	(delta): 11.9763
14 (QN/Block) 	Elapsed: 0.362	Loglikelihood: -1.02557e+06	(delta): 7.25293
15 (QN/Block) 	Elapsed: 0.362	Loglikelihood: -1.02557e+06	(delta): 0.15552
16 (QN/Block) 	Elapsed: 0.352	Loglikelihood: -1.02557e+06	(delta): 0.105403
17 (QN/Block) 	Elapsed: 0.342	Loglikelihood: -1.02557e+06	(delta): 0.0483764
18 (QN/Block) 	Elapsed: 0.33	Loglikelihood: -1.02557e+06	(delta): 0.0256052
19 (QN/Block) 	Elapsed: 0.329	Loglikelihood: -1.02557e+06	(delta): 0.00742956
20 (QN/Block) 	Elapsed: 0.329	Loglikelihood: -1.02557e+06	(delta): 0.00853106
21 (QN/Block) 	Elapsed: 0.339	Loglikelihood: -1.02557e+06	(delta): 0.00180043
22 (QN/Block) 	Elapsed: 0.329	Loglikelihood: -1.02557e+06	(delta): 0.00959842
23 (QN/Block) 	Elapsed: 0.33	Loglikelihood: -1.02557e+06	(delta): 0.0573772
24 (QN/Block) 	Elapsed: 0.363	Loglikelihood: -1.02557e+06	(delta): 0.106251
25 (QN/Block) 	Elapsed: 0.364	Loglikelihood: -1.02557e+06	(delta): 0.0344557
26 (QN/Block) 	Elapsed: 0.364	Loglikelihood: -1.02557e+06	(delta): 0.0347503
27 (QN/Block) 	Elapsed: 0.363	Loglikelihood: -1.02557e+06	(delta): 0.0372611
28 (QN/Block) 	Elapsed: 0.362	Loglikelihood: -1.02557e+06	(delta): 0.0410387
29 (QN/Block) 	Elapsed: 0.362	Loglikelihood: -1.02557e+06	(delta): 0.0456832
30 (QN/Block) 	Elapsed: 0.363	Loglikelihood: -1.02557e+06	(delta): 0.0482405
31 (QN/Block) 	Elapsed: 0.363	Loglikelihood: -1.02557e+06	(delta): 0.012386
32 (QN/Block) 	Elapsed: 0.365	Loglikelihood: -1.02557e+06	(delta): 0.00988761
33 (QN/Block) 	Elapsed: 0.363	Loglikelihood: -1.02557e+06	(delta): 0.0164069
34 (QN/Block) 	Elapsed: 0.364	Loglikelihood: -1.02557e+06	(delta): 0.123264
35 (QN/Block) 	Elapsed: 0.362	Loglikelihood: -1.02557e+06	(delta): 0.0762044
36 (QN/Block) 	Elapsed: 0.362	Loglikelihood: -1.02557e+06	(delta): 0.0929906
37 (QN/Block) 	Elapsed: 0.329	Loglikelihood: -1.02557e+06	(delta): 0.295204
38 (QN/Block) 	Elapsed: 0.351	Loglikelihood: -1.02557e+06	(delta): 0.234627
39 (QN/Block) 	Elapsed: 0.363	Loglikelihood: -1.02557e+06	(delta): 0.0647032
40 (QN/Block) 	Elapsed: 0.341	Loglikelihood: -1.02557e+06	(delta): 0.00428465
41 (QN/Block) 	Elapsed: 0.329	Loglikelihood: -1.02557e+06	(delta): 0.00246284
42 (QN/Block) 	Elapsed: 0.33	Loglikelihood: -1.02557e+06	(delta): 0.000119965
43 (QN/Block) 	Elapsed: 0.329	Loglikelihood: -1.02557e+06	(delta): 3.68791e-05
Summary: 
Converged in 43 iterations (16 sec)
Loglikelihood: -1025570.053237
Fst divergences between estimated populations: 
	Pop0	Pop1	Pop2	Pop3	Pop4	Pop5	Pop6	Pop7	
Pop0	
Pop1	0.383	
Pop2	0.365	0.500	
Pop3	0.101	0.458	0.446	
Pop4	0.368	0.376	0.480	0.444	
Pop5	0.396	0.072	0.510	0.471	0.389	
Pop6	0.297	0.435	0.276	0.383	0.417	0.448	
Pop7	0.259	0.402	0.236	0.348	0.380	0.413	0.135	
Pop8	0.183	0.522	0.512	0.141	0.510	0.533	0.450	0.414	
CV error (K=9): 0.37702
Writing output files.
