****                   ADMIXTURE Version 1.3.0                  ****
****                    Copyright 2008-2015                     ****
****           David Alexander, Suyash Shringarpure,            ****
****                John  Novembre, Ken Lange                   ****
****                                                            ****
****                 Please cite our paper!                     ****
****   Information at www.genetics.ucla.edu/software/admixture  ****

Cross-validation will be performed.  Folds=5.
Random seed: 19987
Point estimation method: Block relaxation algorithm
Convergence acceleration algorithm: QuasiNewton, 3 secant conditions
Point estimation will terminate when objective function delta < 0.0001
Estimation of standard errors disabled; will compute point estimates only.
Size of G: 260x6978
Performing five EM steps to prime main algorithm
1 (EM) 	Elapsed: 0.135	Loglikelihood: -1.8111e+06	(delta): 766105
2 (EM) 	Elapsed: 0.135	Loglikelihood: -1.75675e+06	(delta): 54351
3 (EM) 	Elapsed: 0.136	Loglikelihood: -1.74266e+06	(delta): 14090.6
4 (EM) 	Elapsed: 0.136	Loglikelihood: -1.73089e+06	(delta): 11764.8
5 (EM) 	Elapsed: 0.134	Loglikelihood: -1.71744e+06	(delta): 13451.4
Initial loglikelihood: -1.71744e+06
Starting main algorithm
1 (QN/Block) 	Elapsed: 0.37	Loglikelihood: -1.15677e+06	(delta): 560672
2 (QN/Block) 	Elapsed: 0.372	Loglikelihood: -1.0795e+06	(delta): 77272.4
3 (QN/Block) 	Elapsed: 0.393	Loglikelihood: -1.04895e+06	(delta): 30550
4 (QN/Block) 	Elapsed: 0.391	Loglikelihood: -1.03114e+06	(delta): 17806.6
5 (QN/Block) 	Elapsed: 0.401	Loglikelihood: -1.02533e+06	(delta): 5815.95
6 (QN/Block) 	Elapsed: 0.423	Loglikelihood: -1.02178e+06	(delta): 3542.62
7 (QN/Block) 	Elapsed: 0.388	Loglikelihood: -1.02056e+06	(delta): 1221.95
8 (QN/Block) 	Elapsed: 0.387	Loglikelihood: -1.02002e+06	(delta): 538.767
9 (QN/Block) 	Elapsed: 0.387	Loglikelihood: -1.01975e+06	(delta): 269.788
10 (QN/Block) 	Elapsed: 0.387	Loglikelihood: -1.01958e+06	(delta): 169.208
11 (QN/Block) 	Elapsed: 0.41	Loglikelihood: -1.01946e+06	(delta): 120.181
12 (QN/Block) 	Elapsed: 0.399	Loglikelihood: -1.01936e+06	(delta): 107.933
13 (QN/Block) 	Elapsed: 0.4	Loglikelihood: -1.01929e+06	(delta): 62.4729
14 (QN/Block) 	Elapsed: 0.422	Loglikelihood: -1.01926e+06	(delta): 35.3035
15 (QN/Block) 	Elapsed: 0.422	Loglikelihood: -1.01923e+06	(delta): 24.2404
16 (QN/Block) 	Elapsed: 0.399	Loglikelihood: -1.01921e+06	(delta): 24.7659
17 (QN/Block) 	Elapsed: 0.421	Loglikelihood: -1.01919e+06	(delta): 23.0114
18 (QN/Block) 	Elapsed: 0.422	Loglikelihood: -1.01918e+06	(delta): 4.53715
19 (QN/Block) 	Elapsed: 0.422	Loglikelihood: -1.01918e+06	(delta): 4.99612
20 (QN/Block) 	Elapsed: 0.422	Loglikelihood: -1.01917e+06	(delta): 6.39058
21 (QN/Block) 	Elapsed: 0.422	Loglikelihood: -1.01916e+06	(delta): 6.31833
22 (QN/Block) 	Elapsed: 0.401	Loglikelihood: -1.01916e+06	(delta): 7.09346
23 (QN/Block) 	Elapsed: 0.421	Loglikelihood: -1.01915e+06	(delta): 4.18448
24 (QN/Block) 	Elapsed: 0.387	Loglikelihood: -1.01915e+06	(delta): 2.18087
25 (QN/Block) 	Elapsed: 0.421	Loglikelihood: -1.01915e+06	(delta): 1.05
26 (QN/Block) 	Elapsed: 0.41	Loglikelihood: -1.01915e+06	(delta): 0.26408
27 (QN/Block) 	Elapsed: 0.386	Loglikelihood: -1.01915e+06	(delta): 0.477234
28 (QN/Block) 	Elapsed: 0.409	Loglikelihood: -1.01915e+06	(delta): 0.161306
29 (QN/Block) 	Elapsed: 0.387	Loglikelihood: -1.01915e+06	(delta): 0.0282197
30 (QN/Block) 	Elapsed: 0.41	Loglikelihood: -1.01915e+06	(delta): 0.00957849
31 (QN/Block) 	Elapsed: 0.387	Loglikelihood: -1.01915e+06	(delta): 0.02503
32 (QN/Block) 	Elapsed: 0.386	Loglikelihood: -1.01915e+06	(delta): 0.0422701
33 (QN/Block) 	Elapsed: 0.386	Loglikelihood: -1.01915e+06	(delta): 0.0766267
34 (QN/Block) 	Elapsed: 0.385	Loglikelihood: -1.01915e+06	(delta): 0.274445
35 (QN/Block) 	Elapsed: 0.398	Loglikelihood: -1.01915e+06	(delta): 0.236427
36 (QN/Block) 	Elapsed: 0.422	Loglikelihood: -1.01915e+06	(delta): 0.0770552
37 (QN/Block) 	Elapsed: 0.398	Loglikelihood: -1.01915e+06	(delta): 0.146083
38 (QN/Block) 	Elapsed: 0.423	Loglikelihood: -1.01915e+06	(delta): 0.788657
39 (QN/Block) 	Elapsed: 0.423	Loglikelihood: -1.01915e+06	(delta): 0.294625
40 (QN/Block) 	Elapsed: 0.421	Loglikelihood: -1.01915e+06	(delta): 0.410007
41 (QN/Block) 	Elapsed: 0.421	Loglikelihood: -1.01915e+06	(delta): 0.605777
42 (QN/Block) 	Elapsed: 0.422	Loglikelihood: -1.01914e+06	(delta): 0.856642
43 (QN/Block) 	Elapsed: 0.421	Loglikelihood: -1.01914e+06	(delta): 1.10693
44 (QN/Block) 	Elapsed: 0.422	Loglikelihood: -1.01914e+06	(delta): 0.631252
45 (QN/Block) 	Elapsed: 0.421	Loglikelihood: -1.01914e+06	(delta): 0.708677
46 (QN/Block) 	Elapsed: 0.422	Loglikelihood: -1.01914e+06	(delta): 0.895501
47 (QN/Block) 	Elapsed: 0.422	Loglikelihood: -1.01914e+06	(delta): 0.919063
48 (QN/Block) 	Elapsed: 0.422	Loglikelihood: -1.01914e+06	(delta): 0.885459
49 (QN/Block) 	Elapsed: 0.425	Loglikelihood: -1.01914e+06	(delta): 0.713536
50 (QN/Block) 	Elapsed: 0.422	Loglikelihood: -1.01914e+06	(delta): 0.683355
51 (QN/Block) 	Elapsed: 0.422	Loglikelihood: -1.01914e+06	(delta): 0.685961
52 (QN/Block) 	Elapsed: 0.386	Loglikelihood: -1.01914e+06	(delta): 0.221297
53 (QN/Block) 	Elapsed: 0.42	Loglikelihood: -1.01914e+06	(delta): 0.529534
54 (QN/Block) 	Elapsed: 0.421	Loglikelihood: -1.01914e+06	(delta): 0.220688
55 (QN/Block) 	Elapsed: 0.421	Loglikelihood: -1.01914e+06	(delta): 0.252658
56 (QN/Block) 	Elapsed: 0.42	Loglikelihood: -1.01914e+06	(delta): 0.350713
57 (QN/Block) 	Elapsed: 0.421	Loglikelihood: -1.01914e+06	(delta): 0.529869
58 (QN/Block) 	Elapsed: 0.422	Loglikelihood: -1.01913e+06	(delta): 0.744232
59 (QN/Block) 	Elapsed: 0.421	Loglikelihood: -1.01913e+06	(delta): 0.987579
60 (QN/Block) 	Elapsed: 0.422	Loglikelihood: -1.01913e+06	(delta): 1.49747
61 (QN/Block) 	Elapsed: 0.422	Loglikelihood: -1.01913e+06	(delta): 2.46123
62 (QN/Block) 	Elapsed: 0.421	Loglikelihood: -1.01913e+06	(delta): 3.73711
63 (QN/Block) 	Elapsed: 0.422	Loglikelihood: -1.01912e+06	(delta): 4.72303
64 (QN/Block) 	Elapsed: 0.423	Loglikelihood: -1.01912e+06	(delta): 5.19912
65 (QN/Block) 	Elapsed: 0.389	Loglikelihood: -1.01911e+06	(delta): 5.79426
66 (QN/Block) 	Elapsed: 0.398	Loglikelihood: -1.01911e+06	(delta): 3.71428
67 (QN/Block) 	Elapsed: 0.398	Loglikelihood: -1.0191e+06	(delta): 1.74689
68 (QN/Block) 	Elapsed: 0.399	Loglikelihood: -1.0191e+06	(delta): 0.538152
69 (QN/Block) 	Elapsed: 0.421	Loglikelihood: -1.0191e+06	(delta): 0.154248
70 (QN/Block) 	Elapsed: 0.42	Loglikelihood: -1.0191e+06	(delta): 0.159364
71 (QN/Block) 	Elapsed: 0.42	Loglikelihood: -1.0191e+06	(delta): 0.220189
72 (QN/Block) 	Elapsed: 0.423	Loglikelihood: -1.0191e+06	(delta): 0.325664
73 (QN/Block) 	Elapsed: 0.424	Loglikelihood: -1.0191e+06	(delta): 0.499778
74 (QN/Block) 	Elapsed: 0.421	Loglikelihood: -1.0191e+06	(delta): 0.665936
75 (QN/Block) 	Elapsed: 0.422	Loglikelihood: -1.0191e+06	(delta): 0.108731
76 (QN/Block) 	Elapsed: 0.422	Loglikelihood: -1.0191e+06	(delta): 0.102004
77 (QN/Block) 	Elapsed: 0.421	Loglikelihood: -1.0191e+06	(delta): 0.115308
78 (QN/Block) 	Elapsed: 0.421	Loglikelihood: -1.0191e+06	(delta): 0.136213
79 (QN/Block) 	Elapsed: 0.421	Loglikelihood: -1.0191e+06	(delta): 0.163447
80 (QN/Block) 	Elapsed: 0.421	Loglikelihood: -1.0191e+06	(delta): 0.132056
81 (QN/Block) 	Elapsed: 0.422	Loglikelihood: -1.0191e+06	(delta): 0.0743172
82 (QN/Block) 	Elapsed: 0.398	Loglikelihood: -1.0191e+06	(delta): 0.265989
83 (QN/Block) 	Elapsed: 0.41	Loglikelihood: -1.0191e+06	(delta): 0.336481
84 (QN/Block) 	Elapsed: 0.422	Loglikelihood: -1.0191e+06	(delta): 0.190584
85 (QN/Block) 	Elapsed: 0.422	Loglikelihood: -1.0191e+06	(delta): 0.132203
86 (QN/Block) 	Elapsed: 0.421	Loglikelihood: -1.0191e+06	(delta): 0.141997
87 (QN/Block) 	Elapsed: 0.421	Loglikelihood: -1.0191e+06	(delta): 0.150725
88 (QN/Block) 	Elapsed: 0.422	Loglikelihood: -1.0191e+06	(delta): 0.0284451
89 (QN/Block) 	Elapsed: 0.387	Loglikelihood: -1.0191e+06	(delta): 0.0774463
90 (QN/Block) 	Elapsed: 0.42	Loglikelihood: -1.0191e+06	(delta): 0.135663
91 (QN/Block) 	Elapsed: 0.421	Loglikelihood: -1.0191e+06	(delta): 0.0624753
92 (QN/Block) 	Elapsed: 0.42	Loglikelihood: -1.0191e+06	(delta): 0.0653559
93 (QN/Block) 	Elapsed: 0.422	Loglikelihood: -1.0191e+06	(delta): 0.0738775
94 (QN/Block) 	Elapsed: 0.421	Loglikelihood: -1.0191e+06	(delta): 0.0850907
95 (QN/Block) 	Elapsed: 0.422	Loglikelihood: -1.0191e+06	(delta): 0.0982806
96 (QN/Block) 	Elapsed: 0.422	Loglikelihood: -1.0191e+06	(delta): 0.0230407
97 (QN/Block) 	Elapsed: 0.386	Loglikelihood: -1.0191e+06	(delta): 0.00944401
98 (QN/Block) 	Elapsed: 0.387	Loglikelihood: -1.0191e+06	(delta): 0.0114727
99 (QN/Block) 	Elapsed: 0.386	Loglikelihood: -1.0191e+06	(delta): 0.0237398
100 (QN/Block) 	Elapsed: 0.388	Loglikelihood: -1.0191e+06	(delta): 0.0507185
101 (QN/Block) 	Elapsed: 0.387	Loglikelihood: -1.0191e+06	(delta): 0.0639258
102 (QN/Block) 	Elapsed: 0.397	Loglikelihood: -1.0191e+06	(delta): 0.0205426
103 (QN/Block) 	Elapsed: 0.411	Loglikelihood: -1.0191e+06	(delta): 0.0434875
104 (QN/Block) 	Elapsed: 0.387	Loglikelihood: -1.0191e+06	(delta): 0.0314341
105 (QN/Block) 	Elapsed: 0.398	Loglikelihood: -1.0191e+06	(delta): 0.0233701
106 (QN/Block) 	Elapsed: 0.421	Loglikelihood: -1.0191e+06	(delta): 0.00978953
107 (QN/Block) 	Elapsed: 0.423	Loglikelihood: -1.0191e+06	(delta): 0.00519055
108 (QN/Block) 	Elapsed: 0.423	Loglikelihood: -1.0191e+06	(delta): 0.00479121
109 (QN/Block) 	Elapsed: 0.42	Loglikelihood: -1.0191e+06	(delta): 0.00451408
110 (QN/Block) 	Elapsed: 0.423	Loglikelihood: -1.0191e+06	(delta): 0.0042893
111 (QN/Block) 	Elapsed: 0.421	Loglikelihood: -1.0191e+06	(delta): 0.00408967
112 (QN/Block) 	Elapsed: 0.422	Loglikelihood: -1.0191e+06	(delta): 0.00390381
113 (QN/Block) 	Elapsed: 0.422	Loglikelihood: -1.0191e+06	(delta): 0.00333565
114 (QN/Block) 	Elapsed: 0.422	Loglikelihood: -1.0191e+06	(delta): 0.000229506
115 (QN/Block) 	Elapsed: 0.388	Loglikelihood: -1.0191e+06	(delta): 7.11242e-05
Summary: 
Converged in 115 iterations (49.385 sec)
Loglikelihood: -1019099.303616
Fst divergences between estimated populations: 
	Pop0	Pop1	Pop2	Pop3	Pop4	Pop5	Pop6	Pop7	Pop8	
Pop0	
Pop1	0.368	
Pop2	0.444	0.101	
Pop3	0.428	0.311	0.397	
Pop4	0.417	0.298	0.383	0.195	
Pop5	0.480	0.365	0.446	0.293	0.277	
Pop6	0.510	0.183	0.141	0.463	0.451	0.512	
Pop7	0.376	0.385	0.459	0.450	0.438	0.501	0.521	
Pop8	0.383	0.261	0.350	0.136	0.136	0.241	0.418	0.406	
Pop9	0.380	0.385	0.461	0.451	0.438	0.502	0.526	0.046	0.406	
CV error (K=10): 0.38265
Writing output files.
