****                   ADMIXTURE Version 1.3.0                  ****
****                    Copyright 2008-2015                     ****
****           David Alexander, Suyash Shringarpure,            ****
****                John  Novembre, Ken Lange                   ****
****                                                            ****
****                 Please cite our paper!                     ****
****   Information at www.genetics.ucla.edu/software/admixture  ****

Cross-validation will be performed.  Folds=5.
Random seed: 20272
Point estimation method: Block relaxation algorithm
Convergence acceleration algorithm: QuasiNewton, 3 secant conditions
Point estimation will terminate when objective function delta < 0.0001
Estimation of standard errors disabled; will compute point estimates only.
Size of G: 260x6978
Performing five EM steps to prime main algorithm
1 (EM) 	Elapsed: 0.028	Loglikelihood: -1.8059e+06	(delta): 1.24476e+06
2 (EM) 	Elapsed: 0.028	Loglikelihood: -1.75574e+06	(delta): 50158.7
3 (EM) 	Elapsed: 0.028	Loglikelihood: -1.74091e+06	(delta): 14834.4
4 (EM) 	Elapsed: 0.028	Loglikelihood: -1.73308e+06	(delta): 7828.01
5 (EM) 	Elapsed: 0.028	Loglikelihood: -1.72795e+06	(delta): 5125.81
Initial loglikelihood: -1.72795e+06
Starting main algorithm
1 (QN/Block) 	Elapsed: 0.048	Loglikelihood: -1.53984e+06	(delta): 188111
2 (QN/Block) 	Elapsed: 0.048	Loglikelihood: -1.50137e+06	(delta): 38475.9
3 (QN/Block) 	Elapsed: 0.062	Loglikelihood: -1.47402e+06	(delta): 27349.7
4 (QN/Block) 	Elapsed: 0.069	Loglikelihood: -1.4619e+06	(delta): 12111.3
5 (QN/Block) 	Elapsed: 0.069	Loglikelihood: -1.46029e+06	(delta): 1609.12
6 (QN/Block) 	Elapsed: 0.082	Loglikelihood: -1.46019e+06	(delta): 105.168
7 (QN/Block) 	Elapsed: 0.062	Loglikelihood: -1.46018e+06	(delta): 13.5882
8 (QN/Block) 	Elapsed: 0.083	Loglikelihood: -1.46018e+06	(delta): 0.801291
9 (QN/Block) 	Elapsed: 0.062	Loglikelihood: -1.46018e+06	(delta): 0.00372081
10 (QN/Block) 	Elapsed: 0.062	Loglikelihood: -1.46018e+06	(delta): 7.48828e-05
Summary: 
Converged in 10 iterations (0.918 sec)
Loglikelihood: -1460175.396075
Fst divergences between estimated populations: 
	Pop0	
Pop0	
Pop1	0.271	
CV error (K=2): 0.58958
Writing output files.
