****                   ADMIXTURE Version 1.3.0                  ****
****                    Copyright 2008-2015                     ****
****           David Alexander, Suyash Shringarpure,            ****
****                John  Novembre, Ken Lange                   ****
****                                                            ****
****                 Please cite our paper!                     ****
****   Information at www.genetics.ucla.edu/software/admixture  ****

Cross-validation will be performed.  Folds=5.
Random seed: 20272
Point estimation method: Block relaxation algorithm
Convergence acceleration algorithm: QuasiNewton, 3 secant conditions
Point estimation will terminate when objective function delta < 0.0001
Estimation of standard errors disabled; will compute point estimates only.
Size of G: 260x6978
Performing five EM steps to prime main algorithm
1 (EM) 	Elapsed: 0.118	Loglikelihood: -1.81315e+06	(delta): 774546
2 (EM) 	Elapsed: 0.118	Loglikelihood: -1.75775e+06	(delta): 55408.9
3 (EM) 	Elapsed: 0.118	Loglikelihood: -1.7421e+06	(delta): 15645.9
4 (EM) 	Elapsed: 0.118	Loglikelihood: -1.72812e+06	(delta): 13981
5 (EM) 	Elapsed: 0.117	Loglikelihood: -1.71089e+06	(delta): 17225
Initial loglikelihood: -1.71089e+06
Starting main algorithm
1 (QN/Block) 	Elapsed: 0.309	Loglikelihood: -1.16567e+06	(delta): 545223
2 (QN/Block) 	Elapsed: 0.313	Loglikelihood: -1.08793e+06	(delta): 77743.8
3 (QN/Block) 	Elapsed: 0.334	Loglikelihood: -1.06368e+06	(delta): 24242.2
4 (QN/Block) 	Elapsed: 0.333	Loglikelihood: -1.04484e+06	(delta): 18839.8
5 (QN/Block) 	Elapsed: 0.343	Loglikelihood: -1.03205e+06	(delta): 12797.5
6 (QN/Block) 	Elapsed: 0.341	Loglikelihood: -1.02696e+06	(delta): 5086.69
7 (QN/Block) 	Elapsed: 0.341	Loglikelihood: -1.02538e+06	(delta): 1580.49
8 (QN/Block) 	Elapsed: 0.342	Loglikelihood: -1.0249e+06	(delta): 481.734
9 (QN/Block) 	Elapsed: 0.33	Loglikelihood: -1.02462e+06	(delta): 279.415
10 (QN/Block) 	Elapsed: 0.33	Loglikelihood: -1.0244e+06	(delta): 219.809
11 (QN/Block) 	Elapsed: 0.33	Loglikelihood: -1.02423e+06	(delta): 169.254
12 (QN/Block) 	Elapsed: 0.341	Loglikelihood: -1.02415e+06	(delta): 75.593
13 (QN/Block) 	Elapsed: 0.33	Loglikelihood: -1.02413e+06	(delta): 24.4166
14 (QN/Block) 	Elapsed: 0.33	Loglikelihood: -1.02411e+06	(delta): 22.0997
15 (QN/Block) 	Elapsed: 0.329	Loglikelihood: -1.02409e+06	(delta): 13.4139
16 (QN/Block) 	Elapsed: 0.329	Loglikelihood: -1.02407e+06	(delta): 23.8273
17 (QN/Block) 	Elapsed: 0.329	Loglikelihood: -1.02406e+06	(delta): 11.5636
18 (QN/Block) 	Elapsed: 0.33	Loglikelihood: -1.02405e+06	(delta): 7.74148
19 (QN/Block) 	Elapsed: 0.329	Loglikelihood: -1.02405e+06	(delta): 4.08803
20 (QN/Block) 	Elapsed: 0.329	Loglikelihood: -1.02404e+06	(delta): 2.98592
21 (QN/Block) 	Elapsed: 0.329	Loglikelihood: -1.02404e+06	(delta): 0.108841
22 (QN/Block) 	Elapsed: 0.33	Loglikelihood: -1.02404e+06	(delta): 0.0625426
23 (QN/Block) 	Elapsed: 0.328	Loglikelihood: -1.02404e+06	(delta): 0.000644555
24 (QN/Block) 	Elapsed: 0.33	Loglikelihood: -1.02404e+06	(delta): 4.0595e-05
Summary: 
Converged in 24 iterations (8.9 sec)
Loglikelihood: -1024043.974044
Fst divergences between estimated populations: 
	Pop0	Pop1	Pop2	Pop3	Pop4	Pop5	Pop6	Pop7	
Pop0	
Pop1	0.436	
Pop2	0.236	0.535	
Pop3	0.348	0.503	0.446	
Pop4	0.135	0.470	0.276	0.383	
Pop5	0.398	0.434	0.496	0.454	0.432	
Pop6	0.259	0.426	0.365	0.101	0.297	0.380	
Pop7	0.381	0.151	0.481	0.444	0.419	0.373	0.368	
Pop8	0.414	0.569	0.512	0.141	0.450	0.518	0.183	0.511	
CV error (K=9): 0.37549
Writing output files.
