****                   ADMIXTURE Version 1.3.0                  ****
****                    Copyright 2008-2015                     ****
****           David Alexander, Suyash Shringarpure,            ****
****                John  Novembre, Ken Lange                   ****
****                                                            ****
****                 Please cite our paper!                     ****
****   Information at www.genetics.ucla.edu/software/admixture  ****

Cross-validation will be performed.  Folds=5.
Random seed: 20272
Point estimation method: Block relaxation algorithm
Convergence acceleration algorithm: QuasiNewton, 3 secant conditions
Point estimation will terminate when objective function delta < 0.0001
Estimation of standard errors disabled; will compute point estimates only.
Size of G: 260x6978
Performing five EM steps to prime main algorithm
1 (EM) 	Elapsed: 0.104	Loglikelihood: -1.814e+06	(delta): 788476
2 (EM) 	Elapsed: 0.104	Loglikelihood: -1.7569e+06	(delta): 57104.9
3 (EM) 	Elapsed: 0.103	Loglikelihood: -1.73839e+06	(delta): 18509.9
4 (EM) 	Elapsed: 0.104	Loglikelihood: -1.72087e+06	(delta): 17522.3
5 (EM) 	Elapsed: 0.103	Loglikelihood: -1.69943e+06	(delta): 21438
Initial loglikelihood: -1.69943e+06
Starting main algorithm
1 (QN/Block) 	Elapsed: 0.262	Loglikelihood: -1.18545e+06	(delta): 513982
2 (QN/Block) 	Elapsed: 0.265	Loglikelihood: -1.10907e+06	(delta): 76377.1
3 (QN/Block) 	Elapsed: 0.286	Loglikelihood: -1.08101e+06	(delta): 28057
4 (QN/Block) 	Elapsed: 0.284	Loglikelihood: -1.0618e+06	(delta): 19213.1
5 (QN/Block) 	Elapsed: 0.29	Loglikelihood: -1.04924e+06	(delta): 12555.4
6 (QN/Block) 	Elapsed: 0.278	Loglikelihood: -1.04545e+06	(delta): 3797.03
7 (QN/Block) 	Elapsed: 0.277	Loglikelihood: -1.04369e+06	(delta): 1753.57
8 (QN/Block) 	Elapsed: 0.277	Loglikelihood: -1.04252e+06	(delta): 1178.38
9 (QN/Block) 	Elapsed: 0.287	Loglikelihood: -1.03818e+06	(delta): 4334.62
10 (QN/Block) 	Elapsed: 0.297	Loglikelihood: -1.03234e+06	(delta): 5845.15
11 (QN/Block) 	Elapsed: 0.276	Loglikelihood: -1.03046e+06	(delta): 1874.06
12 (QN/Block) 	Elapsed: 0.276	Loglikelihood: -1.02939e+06	(delta): 1070.49
13 (QN/Block) 	Elapsed: 0.286	Loglikelihood: -1.02895e+06	(delta): 445.534
14 (QN/Block) 	Elapsed: 0.276	Loglikelihood: -1.02872e+06	(delta): 222.954
15 (QN/Block) 	Elapsed: 0.276	Loglikelihood: -1.02858e+06	(delta): 139.491
16 (QN/Block) 	Elapsed: 0.276	Loglikelihood: -1.02849e+06	(delta): 88.6252
17 (QN/Block) 	Elapsed: 0.295	Loglikelihood: -1.02846e+06	(delta): 36.1477
18 (QN/Block) 	Elapsed: 0.296	Loglikelihood: -1.02845e+06	(delta): 9.57392
19 (QN/Block) 	Elapsed: 0.297	Loglikelihood: -1.02845e+06	(delta): 3.48669
20 (QN/Block) 	Elapsed: 0.276	Loglikelihood: -1.02844e+06	(delta): 1.12623
21 (QN/Block) 	Elapsed: 0.285	Loglikelihood: -1.02844e+06	(delta): 0.233054
22 (QN/Block) 	Elapsed: 0.275	Loglikelihood: -1.02844e+06	(delta): 0.0475831
23 (QN/Block) 	Elapsed: 0.276	Loglikelihood: -1.02844e+06	(delta): 0.0133227
24 (QN/Block) 	Elapsed: 0.276	Loglikelihood: -1.02844e+06	(delta): 0.00674952
25 (QN/Block) 	Elapsed: 0.276	Loglikelihood: -1.02844e+06	(delta): 0.00110941
26 (QN/Block) 	Elapsed: 0.276	Loglikelihood: -1.02844e+06	(delta): 1.69863e-05
Summary: 
Converged in 26 iterations (8.172 sec)
Loglikelihood: -1028443.661988
Fst divergences between estimated populations: 
	Pop0	Pop1	Pop2	Pop3	Pop4	Pop5	Pop6	
Pop0	
Pop1	0.480	
Pop2	0.496	0.371	
Pop3	0.512	0.510	0.518	
Pop4	0.276	0.417	0.432	0.450	
Pop5	0.446	0.444	0.454	0.141	0.383	
Pop6	0.365	0.368	0.380	0.183	0.297	0.101	
Pop7	0.236	0.380	0.398	0.414	0.135	0.348	0.259	
CV error (K=8): 0.37407
Writing output files.
