****                   ADMIXTURE Version 1.3.0                  ****
****                    Copyright 2008-2015                     ****
****           David Alexander, Suyash Shringarpure,            ****
****                John  Novembre, Ken Lange                   ****
****                                                            ****
****                 Please cite our paper!                     ****
****   Information at www.genetics.ucla.edu/software/admixture  ****

Cross-validation will be performed.  Folds=5.
Random seed: 20272
Point estimation method: Block relaxation algorithm
Convergence acceleration algorithm: QuasiNewton, 3 secant conditions
Point estimation will terminate when objective function delta < 0.0001
Estimation of standard errors disabled; will compute point estimates only.
Size of G: 260x6978
Performing five EM steps to prime main algorithm
1 (EM) 	Elapsed: 0.156	Loglikelihood: -1.81719e+06	(delta): 801340
2 (EM) 	Elapsed: 0.091	Loglikelihood: -1.7633e+06	(delta): 53888.8
3 (EM) 	Elapsed: 0.091	Loglikelihood: -1.74839e+06	(delta): 14911.6
4 (EM) 	Elapsed: 0.091	Loglikelihood: -1.73657e+06	(delta): 11816.9
5 (EM) 	Elapsed: 0.091	Loglikelihood: -1.72369e+06	(delta): 12881.6
Initial loglikelihood: -1.72369e+06
Starting main algorithm
1 (QN/Block) 	Elapsed: 0.212	Loglikelihood: -1.19394e+06	(delta): 529747
2 (QN/Block) 	Elapsed: 0.214	Loglikelihood: -1.10626e+06	(delta): 87681.9
3 (QN/Block) 	Elapsed: 0.233	Loglikelihood: -1.0812e+06	(delta): 25053.5
4 (QN/Block) 	Elapsed: 0.232	Loglikelihood: -1.06464e+06	(delta): 16561.2
5 (QN/Block) 	Elapsed: 0.231	Loglikelihood: -1.05894e+06	(delta): 5705.73
6 (QN/Block) 	Elapsed: 0.231	Loglikelihood: -1.05772e+06	(delta): 1216.58
7 (QN/Block) 	Elapsed: 0.231	Loglikelihood: -1.05718e+06	(delta): 537.021
8 (QN/Block) 	Elapsed: 0.231	Loglikelihood: -1.05695e+06	(delta): 236.316
9 (QN/Block) 	Elapsed: 0.231	Loglikelihood: -1.05674e+06	(delta): 208.749
10 (QN/Block) 	Elapsed: 0.231	Loglikelihood: -1.05664e+06	(delta): 98.4362
11 (QN/Block) 	Elapsed: 0.23	Loglikelihood: -1.05661e+06	(delta): 31.9441
12 (QN/Block) 	Elapsed: 0.228	Loglikelihood: -1.05657e+06	(delta): 34.9082
13 (QN/Block) 	Elapsed: 0.238	Loglikelihood: -1.05654e+06	(delta): 31.8268
14 (QN/Block) 	Elapsed: 0.229	Loglikelihood: -1.05652e+06	(delta): 18.8936
15 (QN/Block) 	Elapsed: 0.228	Loglikelihood: -1.0565e+06	(delta): 18.3347
16 (QN/Block) 	Elapsed: 0.228	Loglikelihood: -1.05649e+06	(delta): 15.9397
17 (QN/Block) 	Elapsed: 0.229	Loglikelihood: -1.05648e+06	(delta): 8.4279
18 (QN/Block) 	Elapsed: 0.228	Loglikelihood: -1.05647e+06	(delta): 14.5087
19 (QN/Block) 	Elapsed: 0.238	Loglikelihood: -1.05646e+06	(delta): 7.23621
20 (QN/Block) 	Elapsed: 0.247	Loglikelihood: -1.05646e+06	(delta): 3.33163
21 (QN/Block) 	Elapsed: 0.228	Loglikelihood: -1.05645e+06	(delta): 0.905126
22 (QN/Block) 	Elapsed: 0.228	Loglikelihood: -1.05645e+06	(delta): 0.617036
23 (QN/Block) 	Elapsed: 0.228	Loglikelihood: -1.05645e+06	(delta): 0.167687
24 (QN/Block) 	Elapsed: 0.257	Loglikelihood: -1.05645e+06	(delta): 0.0667039
25 (QN/Block) 	Elapsed: 0.256	Loglikelihood: -1.05645e+06	(delta): 0.0749559
26 (QN/Block) 	Elapsed: 0.228	Loglikelihood: -1.05645e+06	(delta): 0.0129254
27 (QN/Block) 	Elapsed: 0.257	Loglikelihood: -1.05645e+06	(delta): 0.00757082
28 (QN/Block) 	Elapsed: 0.228	Loglikelihood: -1.05645e+06	(delta): 0.00393407
29 (QN/Block) 	Elapsed: 0.228	Loglikelihood: -1.05645e+06	(delta): 4.15782e-05
Summary: 
Converged in 29 iterations (7.638 sec)
Loglikelihood: -1056453.660788
Fst divergences between estimated populations: 
	Pop0	Pop1	Pop2	Pop3	Pop4	Pop5	
Pop0	
Pop1	0.276	
Pop2	0.496	0.432	
Pop3	0.481	0.419	0.373	
Pop4	0.534	0.470	0.434	0.151	
Pop5	0.443	0.381	0.451	0.441	0.500	
Pop6	0.235	0.136	0.395	0.377	0.432	0.344	
CV error (K=7): 0.38414
Writing output files.
