****                   ADMIXTURE Version 1.3.0                  ****
****                    Copyright 2008-2015                     ****
****           David Alexander, Suyash Shringarpure,            ****
****                John  Novembre, Ken Lange                   ****
****                                                            ****
****                 Please cite our paper!                     ****
****   Information at www.genetics.ucla.edu/software/admixture  ****

Cross-validation will be performed.  Folds=5.
Random seed: 20272
Point estimation method: Block relaxation algorithm
Convergence acceleration algorithm: QuasiNewton, 3 secant conditions
Point estimation will terminate when objective function delta < 0.0001
Estimation of standard errors disabled; will compute point estimates only.
Size of G: 260x6978
Performing five EM steps to prime main algorithm
1 (EM) 	Elapsed: 0.08	Loglikelihood: -1.82131e+06	(delta): 829815
2 (EM) 	Elapsed: 0.078	Loglikelihood: -1.76499e+06	(delta): 56314.4
3 (EM) 	Elapsed: 0.078	Loglikelihood: -1.74768e+06	(delta): 17311.3
4 (EM) 	Elapsed: 0.078	Loglikelihood: -1.73344e+06	(delta): 14238.9
5 (EM) 	Elapsed: 0.078	Loglikelihood: -1.71747e+06	(delta): 15969.1
Initial loglikelihood: -1.71747e+06
Starting main algorithm
1 (QN/Block) 	Elapsed: 0.171	Loglikelihood: -1.21736e+06	(delta): 500114
2 (QN/Block) 	Elapsed: 0.171	Loglikelihood: -1.12032e+06	(delta): 97043.9
3 (QN/Block) 	Elapsed: 0.189	Loglikelihood: -1.08615e+06	(delta): 34163.2
4 (QN/Block) 	Elapsed: 0.189	Loglikelihood: -1.07014e+06	(delta): 16017.8
5 (QN/Block) 	Elapsed: 0.189	Loglikelihood: -1.06487e+06	(delta): 5262.07
6 (QN/Block) 	Elapsed: 0.207	Loglikelihood: -1.06407e+06	(delta): 801.453
7 (QN/Block) 	Elapsed: 0.216	Loglikelihood: -1.06361e+06	(delta): 460.207
8 (QN/Block) 	Elapsed: 0.213	Loglikelihood: -1.06302e+06	(delta): 587.76
9 (QN/Block) 	Elapsed: 0.213	Loglikelihood: -1.0621e+06	(delta): 925.892
10 (QN/Block) 	Elapsed: 0.195	Loglikelihood: -1.06076e+06	(delta): 1342.81
11 (QN/Block) 	Elapsed: 0.212	Loglikelihood: -1.06036e+06	(delta): 395.117
12 (QN/Block) 	Elapsed: 0.213	Loglikelihood: -1.06031e+06	(delta): 53.6239
13 (QN/Block) 	Elapsed: 0.186	Loglikelihood: -1.0603e+06	(delta): 8.00796
14 (QN/Block) 	Elapsed: 0.213	Loglikelihood: -1.0603e+06	(delta): 0.631439
15 (QN/Block) 	Elapsed: 0.186	Loglikelihood: -1.0603e+06	(delta): 0.00515129
16 (QN/Block) 	Elapsed: 0.187	Loglikelihood: -1.0603e+06	(delta): 0.000734334
17 (QN/Block) 	Elapsed: 0.186	Loglikelihood: -1.0603e+06	(delta): 0.000207153
18 (QN/Block) 	Elapsed: 0.187	Loglikelihood: -1.0603e+06	(delta): 5.78694e-05
Summary: 
Converged in 18 iterations (4.161 sec)
Loglikelihood: -1060298.042594
Fst divergences between estimated populations: 
	Pop0	Pop1	Pop2	Pop3	Pop4	
Pop0	
Pop1	0.448	
Pop2	0.236	0.352	
Pop3	0.479	0.447	0.380	
Pop4	0.365	0.100	0.261	0.368	
Pop5	0.495	0.457	0.397	0.371	0.380	
CV error (K=6): 0.38175
Writing output files.
