****                   ADMIXTURE Version 1.3.0                  ****
****                    Copyright 2008-2015                     ****
****           David Alexander, Suyash Shringarpure,            ****
****                John  Novembre, Ken Lange                   ****
****                                                            ****
****                 Please cite our paper!                     ****
****   Information at www.genetics.ucla.edu/software/admixture  ****

Cross-validation will be performed.  Folds=5.
Random seed: 20272
Point estimation method: Block relaxation algorithm
Convergence acceleration algorithm: QuasiNewton, 3 secant conditions
Point estimation will terminate when objective function delta < 0.0001
Estimation of standard errors disabled; will compute point estimates only.
Size of G: 260x6978
Performing five EM steps to prime main algorithm
1 (EM) 	Elapsed: 0.045	Loglikelihood: -1.82237e+06	(delta): 1.01781e+06
2 (EM) 	Elapsed: 0.041	Loglikelihood: -1.76883e+06	(delta): 53538.3
3 (EM) 	Elapsed: 0.041	Loglikelihood: -1.75183e+06	(delta): 16998.3
4 (EM) 	Elapsed: 0.041	Loglikelihood: -1.74141e+06	(delta): 10422.3
5 (EM) 	Elapsed: 0.041	Loglikelihood: -1.73349e+06	(delta): 7916.32
Initial loglikelihood: -1.73349e+06
Starting main algorithm
1 (QN/Block) 	Elapsed: 0.073	Loglikelihood: -1.49567e+06	(delta): 237826
2 (QN/Block) 	Elapsed: 0.073	Loglikelihood: -1.31955e+06	(delta): 176119
3 (QN/Block) 	Elapsed: 0.088	Loglikelihood: -1.27739e+06	(delta): 42163.9
4 (QN/Block) 	Elapsed: 0.089	Loglikelihood: -1.25555e+06	(delta): 21831.9
5 (QN/Block) 	Elapsed: 0.089	Loglikelihood: -1.24737e+06	(delta): 8185.26
6 (QN/Block) 	Elapsed: 0.096	Loglikelihood: -1.2459e+06	(delta): 1469.29
7 (QN/Block) 	Elapsed: 0.089	Loglikelihood: -1.24571e+06	(delta): 192.073
8 (QN/Block) 	Elapsed: 0.09	Loglikelihood: -1.24567e+06	(delta): 39.9535
9 (QN/Block) 	Elapsed: 0.097	Loglikelihood: -1.24566e+06	(delta): 8.28535
10 (QN/Block) 	Elapsed: 0.111	Loglikelihood: -1.24566e+06	(delta): 0.439402
11 (QN/Block) 	Elapsed: 0.103	Loglikelihood: -1.24566e+06	(delta): 0.000454735
12 (QN/Block) 	Elapsed: 0.089	Loglikelihood: -1.24566e+06	(delta): 0.000110603
13 (QN/Block) 	Elapsed: 0.089	Loglikelihood: -1.24566e+06	(delta): 7.34651e-06
Summary: 
Converged in 13 iterations (1.551 sec)
Loglikelihood: -1245658.820413
Fst divergences between estimated populations: 
	Pop0	Pop1	
Pop0	
Pop1	0.369	
Pop2	0.319	0.348	
CV error (K=3): 0.47210
Writing output files.
