****                   ADMIXTURE Version 1.3.0                  ****
****                    Copyright 2008-2015                     ****
****           David Alexander, Suyash Shringarpure,            ****
****                John  Novembre, Ken Lange                   ****
****                                                            ****
****                 Please cite our paper!                     ****
****   Information at www.genetics.ucla.edu/software/admixture  ****

Cross-validation will be performed.  Folds=5.
Random seed: 9845
Point estimation method: Block relaxation algorithm
Convergence acceleration algorithm: QuasiNewton, 3 secant conditions
Point estimation will terminate when objective function delta < 0.0001
Estimation of standard errors disabled; will compute point estimates only.
Size of G: 260x6978
Performing five EM steps to prime main algorithm
1 (EM) 	Elapsed: 0.028	Loglikelihood: -1.80548e+06	(delta): 1.18669e+06
2 (EM) 	Elapsed: 0.028	Loglikelihood: -1.75673e+06	(delta): 48754
3 (EM) 	Elapsed: 0.028	Loglikelihood: -1.74308e+06	(delta): 13647.3
4 (EM) 	Elapsed: 0.028	Loglikelihood: -1.73545e+06	(delta): 7628.57
5 (EM) 	Elapsed: 0.028	Loglikelihood: -1.73028e+06	(delta): 5169.83
Initial loglikelihood: -1.73028e+06
Starting main algorithm
1 (QN/Block) 	Elapsed: 0.048	Loglikelihood: -1.56227e+06	(delta): 168018
2 (QN/Block) 	Elapsed: 0.048	Loglikelihood: -1.49335e+06	(delta): 68914.4
3 (QN/Block) 	Elapsed: 0.062	Loglikelihood: -1.4756e+06	(delta): 17753.9
4 (QN/Block) 	Elapsed: 0.062	Loglikelihood: -1.46511e+06	(delta): 10488.9
5 (QN/Block) 	Elapsed: 0.062	Loglikelihood: -1.46086e+06	(delta): 4253.2
6 (QN/Block) 	Elapsed: 0.082	Loglikelihood: -1.46028e+06	(delta): 574.523
7 (QN/Block) 	Elapsed: 0.061	Loglikelihood: -1.46021e+06	(delta): 69.3364
8 (QN/Block) 	Elapsed: 0.075	Loglikelihood: -1.46018e+06	(delta): 30.3446
9 (QN/Block) 	Elapsed: 0.081	Loglikelihood: -1.46018e+06	(delta): 5.81598
10 (QN/Block) 	Elapsed: 0.075	Loglikelihood: -1.46018e+06	(delta): 0.36469
11 (QN/Block) 	Elapsed: 0.061	Loglikelihood: -1.46018e+06	(delta): 0.00329383
12 (QN/Block) 	Elapsed: 0.061	Loglikelihood: -1.46018e+06	(delta): 3.92112e-05
Summary: 
Converged in 12 iterations (1.065 sec)
Loglikelihood: -1460175.396076
Fst divergences between estimated populations: 
	Pop0	
Pop0	
Pop1	0.271	
CV error (K=2): 0.58906
Writing output files.
