****                   ADMIXTURE Version 1.3.0                  ****
****                    Copyright 2008-2015                     ****
****           David Alexander, Suyash Shringarpure,            ****
****                John  Novembre, Ken Lange                   ****
****                                                            ****
****                 Please cite our paper!                     ****
****   Information at www.genetics.ucla.edu/software/admixture  ****

Cross-validation will be performed.  Folds=5.
Random seed: 9845
Point estimation method: Block relaxation algorithm
Convergence acceleration algorithm: QuasiNewton, 3 secant conditions
Point estimation will terminate when objective function delta < 0.0001
Estimation of standard errors disabled; will compute point estimates only.
Size of G: 260x6978
Performing five EM steps to prime main algorithm
1 (EM) 	Elapsed: 0.042	Loglikelihood: -1.82461e+06	(delta): 995710
2 (EM) 	Elapsed: 0.041	Loglikelihood: -1.76982e+06	(delta): 54792.8
3 (EM) 	Elapsed: 0.041	Loglikelihood: -1.75198e+06	(delta): 17836.9
4 (EM) 	Elapsed: 0.041	Loglikelihood: -1.74064e+06	(delta): 11336.9
5 (EM) 	Elapsed: 0.041	Loglikelihood: -1.73125e+06	(delta): 9388.33
Initial loglikelihood: -1.73125e+06
Starting main algorithm
1 (QN/Block) 	Elapsed: 0.073	Loglikelihood: -1.38995e+06	(delta): 341300
2 (QN/Block) 	Elapsed: 0.073	Loglikelihood: -1.31485e+06	(delta): 75104.4
3 (QN/Block) 	Elapsed: 0.088	Loglikelihood: -1.27508e+06	(delta): 39767.2
4 (QN/Block) 	Elapsed: 0.089	Loglikelihood: -1.2526e+06	(delta): 22482.9
5 (QN/Block) 	Elapsed: 0.104	Loglikelihood: -1.24666e+06	(delta): 5938.36
6 (QN/Block) 	Elapsed: 0.097	Loglikelihood: -1.24574e+06	(delta): 923.104
7 (QN/Block) 	Elapsed: 0.089	Loglikelihood: -1.24567e+06	(delta): 63.6774
8 (QN/Block) 	Elapsed: 0.089	Loglikelihood: -1.24566e+06	(delta): 12.2973
9 (QN/Block) 	Elapsed: 0.097	Loglikelihood: -1.24566e+06	(delta): 1.88779
10 (QN/Block) 	Elapsed: 0.089	Loglikelihood: -1.24566e+06	(delta): 0.0377289
11 (QN/Block) 	Elapsed: 0.089	Loglikelihood: -1.24566e+06	(delta): 0.00161842
12 (QN/Block) 	Elapsed: 0.089	Loglikelihood: -1.24566e+06	(delta): 4.06564e-05
Summary: 
Converged in 12 iterations (1.428 sec)
Loglikelihood: -1245658.879714
Fst divergences between estimated populations: 
	Pop0	Pop1	
Pop0	
Pop1	0.348	
Pop2	0.369	0.319	
CV error (K=3): 0.47221
Writing output files.
