****                   ADMIXTURE Version 1.3.0                  ****
****                    Copyright 2008-2015                     ****
****           David Alexander, Suyash Shringarpure,            ****
****                John  Novembre, Ken Lange                   ****
****                                                            ****
****                 Please cite our paper!                     ****
****   Information at www.genetics.ucla.edu/software/admixture  ****

Cross-validation will be performed.  Folds=5.
Random seed: 9845
Point estimation method: Block relaxation algorithm
Convergence acceleration algorithm: QuasiNewton, 3 secant conditions
Point estimation will terminate when objective function delta < 0.0001
Estimation of standard errors disabled; will compute point estimates only.
Size of G: 260x6978
Performing five EM steps to prime main algorithm
1 (EM) 	Elapsed: 0.104	Loglikelihood: -1.81432e+06	(delta): 786735
2 (EM) 	Elapsed: 0.103	Loglikelihood: -1.76011e+06	(delta): 54215.2
3 (EM) 	Elapsed: 0.103	Loglikelihood: -1.74417e+06	(delta): 15936.6
4 (EM) 	Elapsed: 0.103	Loglikelihood: -1.73076e+06	(delta): 13413.9
5 (EM) 	Elapsed: 0.103	Loglikelihood: -1.71572e+06	(delta): 15036.5
Initial loglikelihood: -1.71572e+06
Starting main algorithm
1 (QN/Block) 	Elapsed: 0.257	Loglikelihood: -1.18402e+06	(delta): 531699
2 (QN/Block) 	Elapsed: 0.259	Loglikelihood: -1.11281e+06	(delta): 71207.9
3 (QN/Block) 	Elapsed: 0.28	Loglikelihood: -1.07352e+06	(delta): 39290.2
4 (QN/Block) 	Elapsed: 0.279	Loglikelihood: -1.05105e+06	(delta): 22468.3
5 (QN/Block) 	Elapsed: 0.288	Loglikelihood: -1.04492e+06	(delta): 6137.37
6 (QN/Block) 	Elapsed: 0.288	Loglikelihood: -1.04363e+06	(delta): 1288
7 (QN/Block) 	Elapsed: 0.287	Loglikelihood: -1.04346e+06	(delta): 170.612
8 (QN/Block) 	Elapsed: 0.307	Loglikelihood: -1.04336e+06	(delta): 100.364
9 (QN/Block) 	Elapsed: 0.286	Loglikelihood: -1.04327e+06	(delta): 88.0492
10 (QN/Block) 	Elapsed: 0.296	Loglikelihood: -1.04319e+06	(delta): 78.8246
11 (QN/Block) 	Elapsed: 0.296	Loglikelihood: -1.04313e+06	(delta): 59.1714
12 (QN/Block) 	Elapsed: 0.286	Loglikelihood: -1.04307e+06	(delta): 65.2278
13 (QN/Block) 	Elapsed: 0.286	Loglikelihood: -1.04302e+06	(delta): 46.5192
14 (QN/Block) 	Elapsed: 0.277	Loglikelihood: -1.04298e+06	(delta): 34.9636
15 (QN/Block) 	Elapsed: 0.287	Loglikelihood: -1.04294e+06	(delta): 39.4221
16 (QN/Block) 	Elapsed: 0.276	Loglikelihood: -1.04292e+06	(delta): 28.0425
17 (QN/Block) 	Elapsed: 0.297	Loglikelihood: -1.0429e+06	(delta): 21.7296
18 (QN/Block) 	Elapsed: 0.286	Loglikelihood: -1.04289e+06	(delta): 7.73255
19 (QN/Block) 	Elapsed: 0.297	Loglikelihood: -1.04288e+06	(delta): 3.5118
20 (QN/Block) 	Elapsed: 0.296	Loglikelihood: -1.04288e+06	(delta): 2.89626
21 (QN/Block) 	Elapsed: 0.296	Loglikelihood: -1.04288e+06	(delta): 0.872838
22 (QN/Block) 	Elapsed: 0.307	Loglikelihood: -1.04288e+06	(delta): 0.775182
23 (QN/Block) 	Elapsed: 0.307	Loglikelihood: -1.04288e+06	(delta): 0.889889
24 (QN/Block) 	Elapsed: 0.307	Loglikelihood: -1.04288e+06	(delta): 0.485355
25 (QN/Block) 	Elapsed: 0.306	Loglikelihood: -1.04288e+06	(delta): 0.498276
26 (QN/Block) 	Elapsed: 0.306	Loglikelihood: -1.04288e+06	(delta): 0.758119
27 (QN/Block) 	Elapsed: 0.306	Loglikelihood: -1.04288e+06	(delta): 0.870117
28 (QN/Block) 	Elapsed: 0.307	Loglikelihood: -1.04288e+06	(delta): 0.0291624
29 (QN/Block) 	Elapsed: 0.276	Loglikelihood: -1.04288e+06	(delta): 0.034645
30 (QN/Block) 	Elapsed: 0.276	Loglikelihood: -1.04288e+06	(delta): 0.0437961
31 (QN/Block) 	Elapsed: 0.287	Loglikelihood: -1.04288e+06	(delta): 0.0432436
32 (QN/Block) 	Elapsed: 0.277	Loglikelihood: -1.04288e+06	(delta): 0.0476637
33 (QN/Block) 	Elapsed: 0.276	Loglikelihood: -1.04288e+06	(delta): 0.0801963
34 (QN/Block) 	Elapsed: 0.276	Loglikelihood: -1.04288e+06	(delta): 0.0743177
35 (QN/Block) 	Elapsed: 0.276	Loglikelihood: -1.04288e+06	(delta): 0.279953
36 (QN/Block) 	Elapsed: 0.307	Loglikelihood: -1.04288e+06	(delta): 0.090135
37 (QN/Block) 	Elapsed: 0.307	Loglikelihood: -1.04288e+06	(delta): 0.0078462
38 (QN/Block) 	Elapsed: 0.307	Loglikelihood: -1.04288e+06	(delta): 0.00846197
39 (QN/Block) 	Elapsed: 0.307	Loglikelihood: -1.04288e+06	(delta): 0.00974244
40 (QN/Block) 	Elapsed: 0.307	Loglikelihood: -1.04287e+06	(delta): 0.0113399
41 (QN/Block) 	Elapsed: 0.306	Loglikelihood: -1.04287e+06	(delta): 0.0132119
42 (QN/Block) 	Elapsed: 0.306	Loglikelihood: -1.04287e+06	(delta): 0.0153647
43 (QN/Block) 	Elapsed: 0.307	Loglikelihood: -1.04287e+06	(delta): 0.0178189
44 (QN/Block) 	Elapsed: 0.307	Loglikelihood: -1.04287e+06	(delta): 0.0206023
45 (QN/Block) 	Elapsed: 0.307	Loglikelihood: -1.04287e+06	(delta): 0.0237514
46 (QN/Block) 	Elapsed: 0.307	Loglikelihood: -1.04287e+06	(delta): 0.027317
47 (QN/Block) 	Elapsed: 0.307	Loglikelihood: -1.04287e+06	(delta): 0.0313626
48 (QN/Block) 	Elapsed: 0.307	Loglikelihood: -1.04287e+06	(delta): 0.0359719
49 (QN/Block) 	Elapsed: 0.307	Loglikelihood: -1.04287e+06	(delta): 0.041257
50 (QN/Block) 	Elapsed: 0.306	Loglikelihood: -1.04287e+06	(delta): 0.0473687
51 (QN/Block) 	Elapsed: 0.307	Loglikelihood: -1.04287e+06	(delta): 0.0545117
52 (QN/Block) 	Elapsed: 0.307	Loglikelihood: -1.04287e+06	(delta): 0.054119
53 (QN/Block) 	Elapsed: 0.296	Loglikelihood: -1.04287e+06	(delta): 0.00409017
54 (QN/Block) 	Elapsed: 0.276	Loglikelihood: -1.04287e+06	(delta): 0.0154717
55 (QN/Block) 	Elapsed: 0.277	Loglikelihood: -1.04287e+06	(delta): 0.000167865
56 (QN/Block) 	Elapsed: 0.277	Loglikelihood: -1.04287e+06	(delta): 2.3549e-05
Summary: 
Converged in 56 iterations (17.631 sec)
Loglikelihood: -1042874.587799
Fst divergences between estimated populations: 
	Pop0	Pop1	Pop2	Pop3	Pop4	Pop5	Pop6	
Pop0	
Pop1	0.438	
Pop2	0.417	0.377	
Pop3	0.370	0.448	0.430	
Pop4	0.450	0.521	0.510	0.160	
Pop5	0.136	0.401	0.377	0.335	0.412	
Pop6	0.276	0.501	0.479	0.434	0.512	0.235	
Pop7	0.438	0.048	0.379	0.448	0.527	0.401	0.502	
CV error (K=8): 0.37964
Writing output files.
