****                   ADMIXTURE Version 1.3.0                  ****
****                    Copyright 2008-2015                     ****
****           David Alexander, Suyash Shringarpure,            ****
****                John  Novembre, Ken Lange                   ****
****                                                            ****
****                 Please cite our paper!                     ****
****   Information at www.genetics.ucla.edu/software/admixture  ****

Cross-validation will be performed.  Folds=5.
Random seed: 9845
Point estimation method: Block relaxation algorithm
Convergence acceleration algorithm: QuasiNewton, 3 secant conditions
Point estimation will terminate when objective function delta < 0.0001
Estimation of standard errors disabled; will compute point estimates only.
Size of G: 260x6978
Performing five EM steps to prime main algorithm
1 (EM) 	Elapsed: 0.142	Loglikelihood: -1.81093e+06	(delta): 765343
2 (EM) 	Elapsed: 0.135	Loglikelihood: -1.75777e+06	(delta): 53161.2
3 (EM) 	Elapsed: 0.134	Loglikelihood: -1.74345e+06	(delta): 14316.1
4 (EM) 	Elapsed: 0.135	Loglikelihood: -1.73124e+06	(delta): 12210.4
5 (EM) 	Elapsed: 0.133	Loglikelihood: -1.71684e+06	(delta): 14402.5
Initial loglikelihood: -1.71684e+06
Starting main algorithm
1 (QN/Block) 	Elapsed: 0.366	Loglikelihood: -1.17067e+06	(delta): 546170
2 (QN/Block) 	Elapsed: 0.37	Loglikelihood: -1.08943e+06	(delta): 81245.6
3 (QN/Block) 	Elapsed: 0.405	Loglikelihood: -1.06012e+06	(delta): 29301.1
4 (QN/Block) 	Elapsed: 0.403	Loglikelihood: -1.03676e+06	(delta): 23359.4
5 (QN/Block) 	Elapsed: 0.413	Loglikelihood: -1.02769e+06	(delta): 9070.1
6 (QN/Block) 	Elapsed: 0.389	Loglikelihood: -1.02429e+06	(delta): 3399.8
7 (QN/Block) 	Elapsed: 0.389	Loglikelihood: -1.02304e+06	(delta): 1256.98
8 (QN/Block) 	Elapsed: 0.389	Loglikelihood: -1.02231e+06	(delta): 723.651
9 (QN/Block) 	Elapsed: 0.389	Loglikelihood: -1.02193e+06	(delta): 387.799
10 (QN/Block) 	Elapsed: 0.388	Loglikelihood: -1.02168e+06	(delta): 244.513
11 (QN/Block) 	Elapsed: 0.387	Loglikelihood: -1.02147e+06	(delta): 214.766
12 (QN/Block) 	Elapsed: 0.388	Loglikelihood: -1.02132e+06	(delta): 144.335
13 (QN/Block) 	Elapsed: 0.389	Loglikelihood: -1.02124e+06	(delta): 86.286
14 (QN/Block) 	Elapsed: 0.388	Loglikelihood: -1.02118e+06	(delta): 58.8131
15 (QN/Block) 	Elapsed: 0.399	Loglikelihood: -1.02114e+06	(delta): 35.2571
16 (QN/Block) 	Elapsed: 0.399	Loglikelihood: -1.0211e+06	(delta): 43.5929
17 (QN/Block) 	Elapsed: 0.422	Loglikelihood: -1.02108e+06	(delta): 17.9725
18 (QN/Block) 	Elapsed: 0.387	Loglikelihood: -1.02107e+06	(delta): 11.9152
19 (QN/Block) 	Elapsed: 0.387	Loglikelihood: -1.02106e+06	(delta): 10.1938
20 (QN/Block) 	Elapsed: 0.388	Loglikelihood: -1.02105e+06	(delta): 5.41976
21 (QN/Block) 	Elapsed: 0.387	Loglikelihood: -1.02105e+06	(delta): 2.52378
22 (QN/Block) 	Elapsed: 0.387	Loglikelihood: -1.02105e+06	(delta): 2.06503
23 (QN/Block) 	Elapsed: 0.387	Loglikelihood: -1.02105e+06	(delta): 0.19941
24 (QN/Block) 	Elapsed: 0.387	Loglikelihood: -1.02105e+06	(delta): 0.0571502
25 (QN/Block) 	Elapsed: 0.388	Loglikelihood: -1.02105e+06	(delta): 0.006951
26 (QN/Block) 	Elapsed: 0.422	Loglikelihood: -1.02105e+06	(delta): 0.00207651
27 (QN/Block) 	Elapsed: 0.422	Loglikelihood: -1.02105e+06	(delta): 0.00227582
28 (QN/Block) 	Elapsed: 0.422	Loglikelihood: -1.02105e+06	(delta): 0.00257386
29 (QN/Block) 	Elapsed: 0.421	Loglikelihood: -1.02105e+06	(delta): 0.00290992
30 (QN/Block) 	Elapsed: 0.422	Loglikelihood: -1.02105e+06	(delta): 0.00327705
31 (QN/Block) 	Elapsed: 0.422	Loglikelihood: -1.02105e+06	(delta): 0.00367114
32 (QN/Block) 	Elapsed: 0.422	Loglikelihood: -1.02105e+06	(delta): 0.00407237
33 (QN/Block) 	Elapsed: 0.423	Loglikelihood: -1.02105e+06	(delta): 0.0044514
34 (QN/Block) 	Elapsed: 0.421	Loglikelihood: -1.02105e+06	(delta): 0.00483507
35 (QN/Block) 	Elapsed: 0.422	Loglikelihood: -1.02105e+06	(delta): 0.00521757
36 (QN/Block) 	Elapsed: 0.42	Loglikelihood: -1.02105e+06	(delta): 0.00559216
37 (QN/Block) 	Elapsed: 0.422	Loglikelihood: -1.02105e+06	(delta): 0.00595223
38 (QN/Block) 	Elapsed: 0.422	Loglikelihood: -1.02105e+06	(delta): 0.00629138
39 (QN/Block) 	Elapsed: 0.422	Loglikelihood: -1.02105e+06	(delta): 0.00660355
40 (QN/Block) 	Elapsed: 0.422	Loglikelihood: -1.02105e+06	(delta): 0.0068833
41 (QN/Block) 	Elapsed: 0.422	Loglikelihood: -1.02105e+06	(delta): 0.00712717
42 (QN/Block) 	Elapsed: 0.421	Loglikelihood: -1.02105e+06	(delta): 0.00733034
43 (QN/Block) 	Elapsed: 0.398	Loglikelihood: -1.02105e+06	(delta): 0.0340477
44 (QN/Block) 	Elapsed: 0.422	Loglikelihood: -1.02105e+06	(delta): 0.0510639
45 (QN/Block) 	Elapsed: 0.421	Loglikelihood: -1.02105e+06	(delta): 0.00683184
46 (QN/Block) 	Elapsed: 0.421	Loglikelihood: -1.02105e+06	(delta): 0.00640754
47 (QN/Block) 	Elapsed: 0.421	Loglikelihood: -1.02105e+06	(delta): 0.00614995
48 (QN/Block) 	Elapsed: 0.422	Loglikelihood: -1.02105e+06	(delta): 0.00591404
49 (QN/Block) 	Elapsed: 0.423	Loglikelihood: -1.02105e+06	(delta): 0.00568112
50 (QN/Block) 	Elapsed: 0.421	Loglikelihood: -1.02105e+06	(delta): 0.00544925
51 (QN/Block) 	Elapsed: 0.421	Loglikelihood: -1.02105e+06	(delta): 0.00521924
52 (QN/Block) 	Elapsed: 0.422	Loglikelihood: -1.02105e+06	(delta): 0.00499233
53 (QN/Block) 	Elapsed: 0.422	Loglikelihood: -1.02105e+06	(delta): 0.0047698
54 (QN/Block) 	Elapsed: 0.421	Loglikelihood: -1.02105e+06	(delta): 0.00337415
55 (QN/Block) 	Elapsed: 0.42	Loglikelihood: -1.02105e+06	(delta): 0.000147415
56 (QN/Block) 	Elapsed: 0.386	Loglikelihood: -1.02105e+06	(delta): 7.91693e-05
Summary: 
Converged in 56 iterations (24.244 sec)
Loglikelihood: -1021048.303812
Fst divergences between estimated populations: 
	Pop0	Pop1	Pop2	Pop3	Pop4	Pop5	Pop6	Pop7	Pop8	
Pop0	
Pop1	0.276	
Pop2	0.437	0.501	
Pop3	0.419	0.481	0.379	
Pop4	0.135	0.236	0.403	0.381	
Pop5	0.470	0.535	0.437	0.151	0.436	
Pop6	0.437	0.502	0.046	0.381	0.404	0.445	
Pop7	0.450	0.512	0.521	0.511	0.414	0.569	0.526	
Pop8	0.383	0.446	0.459	0.444	0.348	0.503	0.461	0.141	
Pop9	0.298	0.365	0.385	0.368	0.259	0.426	0.385	0.183	0.101	
CV error (K=10): 0.37869
Writing output files.
