****                   ADMIXTURE Version 1.3.0                  ****
****                    Copyright 2008-2015                     ****
****           David Alexander, Suyash Shringarpure,            ****
****                John  Novembre, Ken Lange                   ****
****                                                            ****
****                 Please cite our paper!                     ****
****   Information at www.genetics.ucla.edu/software/admixture  ****

Cross-validation will be performed.  Folds=5.
Random seed: 9845
Point estimation method: Block relaxation algorithm
Convergence acceleration algorithm: QuasiNewton, 3 secant conditions
Point estimation will terminate when objective function delta < 0.0001
Estimation of standard errors disabled; will compute point estimates only.
Size of G: 260x6978
Performing five EM steps to prime main algorithm
1 (EM) 	Elapsed: 0.098	Loglikelihood: -1.81799e+06	(delta): 803957
2 (EM) 	Elapsed: 0.091	Loglikelihood: -1.76405e+06	(delta): 53940.7
3 (EM) 	Elapsed: 0.091	Loglikelihood: -1.74894e+06	(delta): 15108.7
4 (EM) 	Elapsed: 0.091	Loglikelihood: -1.73743e+06	(delta): 11514.3
5 (EM) 	Elapsed: 0.091	Loglikelihood: -1.72567e+06	(delta): 11754.9
Initial loglikelihood: -1.72567e+06
Starting main algorithm
1 (QN/Block) 	Elapsed: 0.211	Loglikelihood: -1.22816e+06	(delta): 497508
2 (QN/Block) 	Elapsed: 0.212	Loglikelihood: -1.11815e+06	(delta): 110012
3 (QN/Block) 	Elapsed: 0.24	Loglikelihood: -1.08348e+06	(delta): 34674.2
4 (QN/Block) 	Elapsed: 0.229	Loglikelihood: -1.06116e+06	(delta): 22311.6
5 (QN/Block) 	Elapsed: 0.228	Loglikelihood: -1.05424e+06	(delta): 6921.72
6 (QN/Block) 	Elapsed: 0.238	Loglikelihood: -1.04632e+06	(delta): 7925.66
7 (QN/Block) 	Elapsed: 0.228	Loglikelihood: -1.0438e+06	(delta): 2515.17
8 (QN/Block) 	Elapsed: 0.228	Loglikelihood: -1.04309e+06	(delta): 709.045
9 (QN/Block) 	Elapsed: 0.228	Loglikelihood: -1.04281e+06	(delta): 283.984
10 (QN/Block) 	Elapsed: 0.228	Loglikelihood: -1.04256e+06	(delta): 251.054
11 (QN/Block) 	Elapsed: 0.228	Loglikelihood: -1.04245e+06	(delta): 103.114
12 (QN/Block) 	Elapsed: 0.237	Loglikelihood: -1.04239e+06	(delta): 67.5456
13 (QN/Block) 	Elapsed: 0.237	Loglikelihood: -1.04237e+06	(delta): 17.1102
14 (QN/Block) 	Elapsed: 0.257	Loglikelihood: -1.04237e+06	(delta): 2.44517
15 (QN/Block) 	Elapsed: 0.227	Loglikelihood: -1.04237e+06	(delta): 0.239367
16 (QN/Block) 	Elapsed: 0.228	Loglikelihood: -1.04237e+06	(delta): 0.00184172
17 (QN/Block) 	Elapsed: 0.227	Loglikelihood: -1.04237e+06	(delta): 7.79664e-05
Summary: 
Converged in 17 iterations (4.63 sec)
Loglikelihood: -1042367.098980
Fst divergences between estimated populations: 
	Pop0	Pop1	Pop2	Pop3	Pop4	Pop5	
Pop0	
Pop1	0.398	
Pop2	0.351	0.457	
Pop3	0.380	0.371	0.447	
Pop4	0.135	0.432	0.386	0.417	
Pop5	0.236	0.496	0.449	0.479	0.276	
Pop6	0.259	0.380	0.100	0.368	0.298	0.365	
CV error (K=7): 0.37713
Writing output files.
