****                   ADMIXTURE Version 1.3.0                  ****
****                    Copyright 2008-2015                     ****
****           David Alexander, Suyash Shringarpure,            ****
****                John  Novembre, Ken Lange                   ****
****                                                            ****
****                 Please cite our paper!                     ****
****   Information at www.genetics.ucla.edu/software/admixture  ****

Cross-validation will be performed.  Folds=5.
Random seed: 9845
Point estimation method: Block relaxation algorithm
Convergence acceleration algorithm: QuasiNewton, 3 secant conditions
Point estimation will terminate when objective function delta < 0.0001
Estimation of standard errors disabled; will compute point estimates only.
Size of G: 260x6978
Performing five EM steps to prime main algorithm
1 (EM) 	Elapsed: 0.078	Loglikelihood: -1.8214e+06	(delta): 830353
2 (EM) 	Elapsed: 0.077	Loglikelihood: -1.76718e+06	(delta): 54228.3
3 (EM) 	Elapsed: 0.077	Loglikelihood: -1.75138e+06	(delta): 15793.1
4 (EM) 	Elapsed: 0.077	Loglikelihood: -1.73988e+06	(delta): 11502.2
5 (EM) 	Elapsed: 0.077	Loglikelihood: -1.72884e+06	(delta): 11036.7
Initial loglikelihood: -1.72884e+06
Starting main algorithm
1 (QN/Block) 	Elapsed: 0.168	Loglikelihood: -1.22045e+06	(delta): 508395
2 (QN/Block) 	Elapsed: 0.169	Loglikelihood: -1.13318e+06	(delta): 87269.6
3 (QN/Block) 	Elapsed: 0.187	Loglikelihood: -1.09322e+06	(delta): 39963.5
4 (QN/Block) 	Elapsed: 0.187	Loglikelihood: -1.06754e+06	(delta): 25676.9
5 (QN/Block) 	Elapsed: 0.187	Loglikelihood: -1.06228e+06	(delta): 5256.83
6 (QN/Block) 	Elapsed: 0.186	Loglikelihood: -1.06104e+06	(delta): 1237.81
7 (QN/Block) 	Elapsed: 0.187	Loglikelihood: -1.06059e+06	(delta): 452.533
8 (QN/Block) 	Elapsed: 0.186	Loglikelihood: -1.06035e+06	(delta): 240.104
9 (QN/Block) 	Elapsed: 0.186	Loglikelihood: -1.0603e+06	(delta): 49.0689
10 (QN/Block) 	Elapsed: 0.213	Loglikelihood: -1.0603e+06	(delta): 4.18804
11 (QN/Block) 	Elapsed: 0.186	Loglikelihood: -1.0603e+06	(delta): 0.0257922
12 (QN/Block) 	Elapsed: 0.186	Loglikelihood: -1.0603e+06	(delta): 0.00880844
13 (QN/Block) 	Elapsed: 0.186	Loglikelihood: -1.0603e+06	(delta): 0.00169135
14 (QN/Block) 	Elapsed: 0.186	Loglikelihood: -1.0603e+06	(delta): 0.000678588
15 (QN/Block) 	Elapsed: 0.186	Loglikelihood: -1.0603e+06	(delta): 3.04449e-06
Summary: 
Converged in 15 iterations (3.392 sec)
Loglikelihood: -1060297.960669
Fst divergences between estimated populations: 
	Pop0	Pop1	Pop2	Pop3	Pop4	
Pop0	
Pop1	0.371	
Pop2	0.397	0.380	
Pop3	0.495	0.479	0.236	
Pop4	0.380	0.368	0.261	0.365	
Pop5	0.457	0.447	0.352	0.448	0.100	
CV error (K=6): 0.38123
Writing output files.
