****                   ADMIXTURE Version 1.3.0                  ****
****                    Copyright 2008-2015                     ****
****           David Alexander, Suyash Shringarpure,            ****
****                John  Novembre, Ken Lange                   ****
****                                                            ****
****                 Please cite our paper!                     ****
****   Information at www.genetics.ucla.edu/software/admixture  ****

Cross-validation will be performed.  Folds=5.
Random seed: 9845
Point estimation method: Block relaxation algorithm
Convergence acceleration algorithm: QuasiNewton, 3 secant conditions
Point estimation will terminate when objective function delta < 0.0001
Estimation of standard errors disabled; will compute point estimates only.
Size of G: 260x6978
Performing five EM steps to prime main algorithm
1 (EM) 	Elapsed: 0.117	Loglikelihood: -1.81479e+06	(delta): 779380
2 (EM) 	Elapsed: 0.117	Loglikelihood: -1.7614e+06	(delta): 53398.3
3 (EM) 	Elapsed: 0.117	Loglikelihood: -1.74714e+06	(delta): 14259.9
4 (EM) 	Elapsed: 0.117	Loglikelihood: -1.73591e+06	(delta): 11221.1
5 (EM) 	Elapsed: 0.117	Loglikelihood: -1.72389e+06	(delta): 12022.4
Initial loglikelihood: -1.72389e+06
Starting main algorithm
1 (QN/Block) 	Elapsed: 0.308	Loglikelihood: -1.18285e+06	(delta): 541043
2 (QN/Block) 	Elapsed: 0.312	Loglikelihood: -1.0959e+06	(delta): 86945.4
3 (QN/Block) 	Elapsed: 0.335	Loglikelihood: -1.06402e+06	(delta): 31878.8
4 (QN/Block) 	Elapsed: 0.334	Loglikelihood: -1.04238e+06	(delta): 21648.9
5 (QN/Block) 	Elapsed: 0.333	Loglikelihood: -1.03224e+06	(delta): 10131.3
6 (QN/Block) 	Elapsed: 0.332	Loglikelihood: -1.02869e+06	(delta): 3556.43
7 (QN/Block) 	Elapsed: 0.33	Loglikelihood: -1.02747e+06	(delta): 1221.48
8 (QN/Block) 	Elapsed: 0.331	Loglikelihood: -1.02652e+06	(delta): 950.806
9 (QN/Block) 	Elapsed: 0.341	Loglikelihood: -1.02608e+06	(delta): 437.567
10 (QN/Block) 	Elapsed: 0.341	Loglikelihood: -1.02581e+06	(delta): 268.611
11 (QN/Block) 	Elapsed: 0.35	Loglikelihood: -1.02571e+06	(delta): 103.743
12 (QN/Block) 	Elapsed: 0.329	Loglikelihood: -1.02563e+06	(delta): 74.3309
13 (QN/Block) 	Elapsed: 0.329	Loglikelihood: -1.02558e+06	(delta): 50.7109
14 (QN/Block) 	Elapsed: 0.329	Loglikelihood: -1.02554e+06	(delta): 37.8993
15 (QN/Block) 	Elapsed: 0.34	Loglikelihood: -1.02552e+06	(delta): 20.628
16 (QN/Block) 	Elapsed: 0.333	Loglikelihood: -1.02551e+06	(delta): 9.96945
17 (QN/Block) 	Elapsed: 0.364	Loglikelihood: -1.02551e+06	(delta): 3.61199
18 (QN/Block) 	Elapsed: 0.351	Loglikelihood: -1.02551e+06	(delta): 3.29465
19 (QN/Block) 	Elapsed: 0.352	Loglikelihood: -1.0255e+06	(delta): 1.51031
20 (QN/Block) 	Elapsed: 0.351	Loglikelihood: -1.0255e+06	(delta): 0.840206
21 (QN/Block) 	Elapsed: 0.329	Loglikelihood: -1.0255e+06	(delta): 1.4003
22 (QN/Block) 	Elapsed: 0.362	Loglikelihood: -1.0255e+06	(delta): 1.82597
23 (QN/Block) 	Elapsed: 0.329	Loglikelihood: -1.0255e+06	(delta): 0.223689
24 (QN/Block) 	Elapsed: 0.339	Loglikelihood: -1.0255e+06	(delta): 0.235408
25 (QN/Block) 	Elapsed: 0.339	Loglikelihood: -1.0255e+06	(delta): 0.0671101
26 (QN/Block) 	Elapsed: 0.329	Loglikelihood: -1.0255e+06	(delta): 0.0726751
27 (QN/Block) 	Elapsed: 0.363	Loglikelihood: -1.0255e+06	(delta): 0.0372476
28 (QN/Block) 	Elapsed: 0.361	Loglikelihood: -1.0255e+06	(delta): 0.0391877
29 (QN/Block) 	Elapsed: 0.362	Loglikelihood: -1.0255e+06	(delta): 0.000717178
30 (QN/Block) 	Elapsed: 0.341	Loglikelihood: -1.0255e+06	(delta): 0.000336274
31 (QN/Block) 	Elapsed: 0.329	Loglikelihood: -1.0255e+06	(delta): 0.000165277
32 (QN/Block) 	Elapsed: 0.329	Loglikelihood: -1.0255e+06	(delta): 4.37151e-06
Summary: 
Converged in 32 iterations (11.878 sec)
Loglikelihood: -1025499.230698
Fst divergences between estimated populations: 
	Pop0	Pop1	Pop2	Pop3	Pop4	Pop5	Pop6	Pop7	
Pop0	
Pop1	0.276	
Pop2	0.135	0.236	
Pop3	0.437	0.502	0.404	
Pop4	0.297	0.365	0.259	0.385	
Pop5	0.436	0.500	0.402	0.042	0.385	
Pop6	0.417	0.480	0.380	0.379	0.368	0.376	
Pop7	0.450	0.512	0.414	0.526	0.183	0.520	0.510	
Pop8	0.383	0.446	0.348	0.460	0.101	0.459	0.444	0.141	
CV error (K=9): 0.37619
Writing output files.
