****                   ADMIXTURE Version 1.3.0                  ****
****                    Copyright 2008-2015                     ****
****           David Alexander, Suyash Shringarpure,            ****
****                John  Novembre, Ken Lange                   ****
****                                                            ****
****                 Please cite our paper!                     ****
****   Information at www.genetics.ucla.edu/software/admixture  ****

Cross-validation will be performed.  Folds=5.
Random seed: 9845
Point estimation method: Block relaxation algorithm
Convergence acceleration algorithm: QuasiNewton, 3 secant conditions
Point estimation will terminate when objective function delta < 0.0001
Estimation of standard errors disabled; will compute point estimates only.
Size of G: 260x6978
Performing five EM steps to prime main algorithm
1 (EM) 	Elapsed: 0.068	Loglikelihood: -1.82035e+06	(delta): 865051
2 (EM) 	Elapsed: 0.065	Loglikelihood: -1.76454e+06	(delta): 55817.9
3 (EM) 	Elapsed: 0.065	Loglikelihood: -1.7452e+06	(delta): 19331.6
4 (EM) 	Elapsed: 0.065	Loglikelihood: -1.72844e+06	(delta): 16763.4
5 (EM) 	Elapsed: 0.065	Loglikelihood: -1.70921e+06	(delta): 19230
Initial loglikelihood: -1.70921e+06
Starting main algorithm
1 (QN/Block) 	Elapsed: 0.13	Loglikelihood: -1.2526e+06	(delta): 456612
2 (QN/Block) 	Elapsed: 0.131	Loglikelihood: -1.14061e+06	(delta): 111991
3 (QN/Block) 	Elapsed: 0.148	Loglikelihood: -1.10594e+06	(delta): 34670.1
4 (QN/Block) 	Elapsed: 0.148	Loglikelihood: -1.08561e+06	(delta): 20324.2
5 (QN/Block) 	Elapsed: 0.148	Loglikelihood: -1.08015e+06	(delta): 5466.62
6 (QN/Block) 	Elapsed: 0.173	Loglikelihood: -1.07935e+06	(delta): 791.696
7 (QN/Block) 	Elapsed: 0.148	Loglikelihood: -1.07923e+06	(delta): 118.899
8 (QN/Block) 	Elapsed: 0.148	Loglikelihood: -1.0792e+06	(delta): 30.7337
9 (QN/Block) 	Elapsed: 0.173	Loglikelihood: -1.07919e+06	(delta): 16.1379
10 (QN/Block) 	Elapsed: 0.173	Loglikelihood: -1.07918e+06	(delta): 3.83776
11 (QN/Block) 	Elapsed: 0.156	Loglikelihood: -1.07918e+06	(delta): 0.103423
12 (QN/Block) 	Elapsed: 0.156	Loglikelihood: -1.07918e+06	(delta): 0.00627085
13 (QN/Block) 	Elapsed: 0.149	Loglikelihood: -1.07918e+06	(delta): 0.00441018
14 (QN/Block) 	Elapsed: 0.148	Loglikelihood: -1.07918e+06	(delta): 0.000443001
15 (QN/Block) 	Elapsed: 0.148	Loglikelihood: -1.07918e+06	(delta): 6.01443e-05
Summary: 
Converged in 15 iterations (2.806 sec)
Loglikelihood: -1079184.070280
Fst divergences between estimated populations: 
	Pop0	Pop1	Pop2	Pop3	
Pop0	
Pop1	0.495	
Pop2	0.479	0.371	
Pop3	0.442	0.450	0.440	
Pop4	0.233	0.394	0.377	0.342	
CV error (K=5): 0.38585
Writing output files.
