****                   ADMIXTURE Version 1.3.0                  ****
****                    Copyright 2008-2015                     ****
****           David Alexander, Suyash Shringarpure,            ****
****                John  Novembre, Ken Lange                   ****
****                                                            ****
****                 Please cite our paper!                     ****
****   Information at www.genetics.ucla.edu/software/admixture  ****

Cross-validation will be performed.  Folds=5.
Random seed: 10483
Point estimation method: Block relaxation algorithm
Convergence acceleration algorithm: QuasiNewton, 3 secant conditions
Point estimation will terminate when objective function delta < 0.0001
Estimation of standard errors disabled; will compute point estimates only.
Size of G: 260x13929
Performing five EM steps to prime main algorithm
1 (EM) 	Elapsed: 0.193	Loglikelihood: -1.08614e+06	(delta): 3.56921e+06
2 (EM) 	Elapsed: 0.192	Loglikelihood: -1.00117e+06	(delta): 84965.3
3 (EM) 	Elapsed: 0.192	Loglikelihood: -988337	(delta): 12836.9
4 (EM) 	Elapsed: 0.192	Loglikelihood: -980811	(delta): 7525.57
5 (EM) 	Elapsed: 0.189	Loglikelihood: -974694	(delta): 6117.37
Initial loglikelihood: -974694
Starting main algorithm
1 (QN/Block) 	Elapsed: 0.483	Loglikelihood: -725024	(delta): 249670
2 (QN/Block) 	Elapsed: 0.479	Loglikelihood: -658491	(delta): 66533.2
3 (QN/Block) 	Elapsed: 0.527	Loglikelihood: -629053	(delta): 29437.4
4 (QN/Block) 	Elapsed: 0.543	Loglikelihood: -610392	(delta): 18661.2
5 (QN/Block) 	Elapsed: 0.557	Loglikelihood: -602772	(delta): 7620.61
6 (QN/Block) 	Elapsed: 0.509	Loglikelihood: -599888	(delta): 2883.89
7 (QN/Block) 	Elapsed: 0.557	Loglikelihood: -598904	(delta): 983.142
8 (QN/Block) 	Elapsed: 0.508	Loglikelihood: -598598	(delta): 306.022
9 (QN/Block) 	Elapsed: 0.555	Loglikelihood: -598483	(delta): 115.886
10 (QN/Block) 	Elapsed: 0.51	Loglikelihood: -598419	(delta): 63.3478
11 (QN/Block) 	Elapsed: 0.508	Loglikelihood: -598370	(delta): 49.0954
12 (QN/Block) 	Elapsed: 0.509	Loglikelihood: -598317	(delta): 53.5596
13 (QN/Block) 	Elapsed: 0.508	Loglikelihood: -598259	(delta): 57.0735
14 (QN/Block) 	Elapsed: 0.557	Loglikelihood: -598216	(delta): 43.9072
15 (QN/Block) 	Elapsed: 0.507	Loglikelihood: -598176	(delta): 39.5401
16 (QN/Block) 	Elapsed: 0.508	Loglikelihood: -598153	(delta): 23.4122
17 (QN/Block) 	Elapsed: 0.508	Loglikelihood: -598131	(delta): 22.0713
18 (QN/Block) 	Elapsed: 0.51	Loglikelihood: -598112	(delta): 18.3483
19 (QN/Block) 	Elapsed: 0.508	Loglikelihood: -598099	(delta): 13.5326
20 (QN/Block) 	Elapsed: 0.508	Loglikelihood: -598089	(delta): 9.30451
21 (QN/Block) 	Elapsed: 0.508	Loglikelihood: -598085	(delta): 4.19039
22 (QN/Block) 	Elapsed: 0.557	Loglikelihood: -598084	(delta): 1.48475
23 (QN/Block) 	Elapsed: 0.557	Loglikelihood: -598081	(delta): 2.69111
24 (QN/Block) 	Elapsed: 0.556	Loglikelihood: -598081	(delta): 0.468377
25 (QN/Block) 	Elapsed: 0.556	Loglikelihood: -598080	(delta): 0.167341
26 (QN/Block) 	Elapsed: 0.508	Loglikelihood: -598080	(delta): 0.0805552
27 (QN/Block) 	Elapsed: 0.556	Loglikelihood: -598080	(delta): 0.0201416
28 (QN/Block) 	Elapsed: 0.509	Loglikelihood: -598080	(delta): 0.0107249
29 (QN/Block) 	Elapsed: 0.508	Loglikelihood: -598080	(delta): 0.00560956
30 (QN/Block) 	Elapsed: 0.509	Loglikelihood: -598080	(delta): 0.000662772
31 (QN/Block) 	Elapsed: 0.508	Loglikelihood: -598080	(delta): 0.000252111
32 (QN/Block) 	Elapsed: 0.508	Loglikelihood: -598080	(delta): 9.65118e-06
Summary: 
Converged in 32 iterations (18.317 sec)
Loglikelihood: -598080.261730
Fst divergences between estimated populations: 
	Pop0	Pop1	Pop2	Pop3	Pop4	Pop5	Pop6	
Pop0	
Pop1	0.460	
Pop2	0.424	0.413	
Pop3	0.341	0.439	0.398	
Pop4	0.428	0.339	0.381	0.404	
Pop5	0.380	0.473	0.436	0.117	0.434	
Pop6	0.448	0.349	0.404	0.427	0.331	0.458	
Pop7	0.442	0.443	0.291	0.426	0.406	0.459	0.433	
CV error (K=8): 0.14943
Writing output files.
