****                   ADMIXTURE Version 1.3.0                  ****
****                    Copyright 2008-2015                     ****
****           David Alexander, Suyash Shringarpure,            ****
****                John  Novembre, Ken Lange                   ****
****                                                            ****
****                 Please cite our paper!                     ****
****   Information at www.genetics.ucla.edu/software/admixture  ****

Cross-validation will be performed.  Folds=5.
Random seed: 10483
Point estimation method: Block relaxation algorithm
Convergence acceleration algorithm: QuasiNewton, 3 secant conditions
Point estimation will terminate when objective function delta < 0.0001
Estimation of standard errors disabled; will compute point estimates only.
Size of G: 260x13929
Performing five EM steps to prime main algorithm
1 (EM) 	Elapsed: 0.26	Loglikelihood: -1.08717e+06	(delta): 3.51685e+06
2 (EM) 	Elapsed: 0.256	Loglikelihood: -1.0001e+06	(delta): 87072.4
3 (EM) 	Elapsed: 0.254	Loglikelihood: -987201	(delta): 12895.9
4 (EM) 	Elapsed: 0.251	Loglikelihood: -979499	(delta): 7702.16
5 (EM) 	Elapsed: 0.251	Loglikelihood: -973087	(delta): 6411.98
Initial loglikelihood: -973087
Starting main algorithm
1 (QN/Block) 	Elapsed: 0.685	Loglikelihood: -698642	(delta): 274445
2 (QN/Block) 	Elapsed: 0.678	Loglikelihood: -640764	(delta): 57877.2
3 (QN/Block) 	Elapsed: 0.717	Loglikelihood: -616675	(delta): 24089.7
4 (QN/Block) 	Elapsed: 0.778	Loglikelihood: -601821	(delta): 14853.5
5 (QN/Block) 	Elapsed: 0.715	Loglikelihood: -594867	(delta): 6954.07
6 (QN/Block) 	Elapsed: 0.771	Loglikelihood: -591610	(delta): 3257.51
7 (QN/Block) 	Elapsed: 0.716	Loglikelihood: -589842	(delta): 1767.75
8 (QN/Block) 	Elapsed: 0.768	Loglikelihood: -589219	(delta): 622.652
9 (QN/Block) 	Elapsed: 0.714	Loglikelihood: -589007	(delta): 212.56
10 (QN/Block) 	Elapsed: 0.772	Loglikelihood: -588862	(delta): 144.58
11 (QN/Block) 	Elapsed: 0.712	Loglikelihood: -588751	(delta): 111.335
12 (QN/Block) 	Elapsed: 0.712	Loglikelihood: -588666	(delta): 84.6076
13 (QN/Block) 	Elapsed: 0.712	Loglikelihood: -588586	(delta): 79.6014
14 (QN/Block) 	Elapsed: 0.715	Loglikelihood: -588502	(delta): 84.6431
15 (QN/Block) 	Elapsed: 0.711	Loglikelihood: -588446	(delta): 55.6672
16 (QN/Block) 	Elapsed: 0.735	Loglikelihood: -588391	(delta): 54.8074
17 (QN/Block) 	Elapsed: 0.712	Loglikelihood: -588359	(delta): 32.0541
18 (QN/Block) 	Elapsed: 0.71	Loglikelihood: -588324	(delta): 35.656
19 (QN/Block) 	Elapsed: 0.711	Loglikelihood: -588292	(delta): 31.5255
20 (QN/Block) 	Elapsed: 0.712	Loglikelihood: -588261	(delta): 30.9778
21 (QN/Block) 	Elapsed: 0.711	Loglikelihood: -588236	(delta): 25.4402
22 (QN/Block) 	Elapsed: 0.73	Loglikelihood: -588222	(delta): 13.3816
23 (QN/Block) 	Elapsed: 0.71	Loglikelihood: -588212	(delta): 10.2788
24 (QN/Block) 	Elapsed: 0.745	Loglikelihood: -588199	(delta): 13.1094
25 (QN/Block) 	Elapsed: 0.766	Loglikelihood: -588194	(delta): 5.28614
26 (QN/Block) 	Elapsed: 0.769	Loglikelihood: -588191	(delta): 2.74667
27 (QN/Block) 	Elapsed: 0.766	Loglikelihood: -588186	(delta): 4.65972
28 (QN/Block) 	Elapsed: 0.766	Loglikelihood: -588180	(delta): 5.73587
29 (QN/Block) 	Elapsed: 0.768	Loglikelihood: -588176	(delta): 4.12092
30 (QN/Block) 	Elapsed: 0.771	Loglikelihood: -588173	(delta): 3.22171
31 (QN/Block) 	Elapsed: 0.771	Loglikelihood: -588172	(delta): 0.874385
32 (QN/Block) 	Elapsed: 0.772	Loglikelihood: -588170	(delta): 2.30281
33 (QN/Block) 	Elapsed: 0.767	Loglikelihood: -588170	(delta): 0.256178
34 (QN/Block) 	Elapsed: 0.712	Loglikelihood: -588170	(delta): 0.0351364
35 (QN/Block) 	Elapsed: 0.713	Loglikelihood: -588170	(delta): 0.0141233
36 (QN/Block) 	Elapsed: 0.714	Loglikelihood: -588170	(delta): 0.0113464
37 (QN/Block) 	Elapsed: 0.714	Loglikelihood: -588170	(delta): 0.0631854
38 (QN/Block) 	Elapsed: 0.749	Loglikelihood: -588169	(delta): 0.115926
39 (QN/Block) 	Elapsed: 0.737	Loglikelihood: -588169	(delta): 0.500978
40 (QN/Block) 	Elapsed: 0.769	Loglikelihood: -588169	(delta): 0.181172
41 (QN/Block) 	Elapsed: 0.711	Loglikelihood: -588169	(delta): 0.00750792
42 (QN/Block) 	Elapsed: 0.712	Loglikelihood: -588169	(delta): 0.000779041
43 (QN/Block) 	Elapsed: 0.709	Loglikelihood: -588169	(delta): 8.56777e-05
Summary: 
Converged in 43 iterations (33.772 sec)
Loglikelihood: -588168.768779
Fst divergences between estimated populations: 
	Pop0	Pop1	Pop2	Pop3	Pop4	Pop5	Pop6	Pop7	Pop8	
Pop0	
Pop1	0.246	
Pop2	0.466	0.368	
Pop3	0.414	0.324	0.428	
Pop4	0.419	0.315	0.434	0.281	
Pop5	0.452	0.355	0.364	0.422	0.421	
Pop6	0.413	0.312	0.432	0.271	0.078	0.418	
Pop7	0.442	0.342	0.347	0.408	0.403	0.084	0.400	
Pop8	0.465	0.367	0.049	0.427	0.431	0.363	0.429	0.346	
Pop9	0.478	0.372	0.482	0.336	0.183	0.474	0.169	0.457	0.480	
CV error (K=10): 0.15377
Writing output files.
