****                   ADMIXTURE Version 1.3.0                  ****
****                    Copyright 2008-2015                     ****
****           David Alexander, Suyash Shringarpure,            ****
****                John  Novembre, Ken Lange                   ****
****                                                            ****
****                 Please cite our paper!                     ****
****   Information at www.genetics.ucla.edu/software/admixture  ****

Cross-validation will be performed.  Folds=5.
Random seed: 10483
Point estimation method: Block relaxation algorithm
Convergence acceleration algorithm: QuasiNewton, 3 secant conditions
Point estimation will terminate when objective function delta < 0.0001
Estimation of standard errors disabled; will compute point estimates only.
Size of G: 260x13929
Performing five EM steps to prime main algorithm
1 (EM) 	Elapsed: 0.054	Loglikelihood: -1.04235e+06	(delta): 4.37373e+06
2 (EM) 	Elapsed: 0.054	Loglikelihood: -999965	(delta): 42388.1
3 (EM) 	Elapsed: 0.054	Loglikelihood: -991603	(delta): 8362
4 (EM) 	Elapsed: 0.054	Loglikelihood: -987222	(delta): 4380.93
5 (EM) 	Elapsed: 0.054	Loglikelihood: -984658	(delta): 2563.97
Initial loglikelihood: -984658
Starting main algorithm
1 (QN/Block) 	Elapsed: 0.098	Loglikelihood: -890220	(delta): 94438
2 (QN/Block) 	Elapsed: 0.098	Loglikelihood: -862416	(delta): 27803.4
3 (QN/Block) 	Elapsed: 0.118	Loglikelihood: -843880	(delta): 18536.8
4 (QN/Block) 	Elapsed: 0.137	Loglikelihood: -832690	(delta): 11189.7
5 (QN/Block) 	Elapsed: 0.117	Loglikelihood: -829176	(delta): 3513.87
6 (QN/Block) 	Elapsed: 0.123	Loglikelihood: -828531	(delta): 644.612
7 (QN/Block) 	Elapsed: 0.143	Loglikelihood: -828339	(delta): 192.841
8 (QN/Block) 	Elapsed: 0.143	Loglikelihood: -828322	(delta): 16.8595
9 (QN/Block) 	Elapsed: 0.114	Loglikelihood: -828318	(delta): 4.16438
10 (QN/Block) 	Elapsed: 0.114	Loglikelihood: -828317	(delta): 0.529674
11 (QN/Block) 	Elapsed: 0.133	Loglikelihood: -828317	(delta): 0.00769954
12 (QN/Block) 	Elapsed: 0.124	Loglikelihood: -828317	(delta): 0.000473915
13 (QN/Block) 	Elapsed: 0.114	Loglikelihood: -828317	(delta): 6.11166e-05
Summary: 
Converged in 13 iterations (2.059 sec)
Loglikelihood: -828317.044450
Fst divergences between estimated populations: 
	Pop0	
Pop0	
Pop1	0.247	
CV error (K=2): 0.19816
Writing output files.
