****                   ADMIXTURE Version 1.3.0                  ****
****                    Copyright 2008-2015                     ****
****           David Alexander, Suyash Shringarpure,            ****
****                John  Novembre, Ken Lange                   ****
****                                                            ****
****                 Please cite our paper!                     ****
****   Information at www.genetics.ucla.edu/software/admixture  ****

Cross-validation will be performed.  Folds=5.
Random seed: 10483
Point estimation method: Block relaxation algorithm
Convergence acceleration algorithm: QuasiNewton, 3 secant conditions
Point estimation will terminate when objective function delta < 0.0001
Estimation of standard errors disabled; will compute point estimates only.
Size of G: 260x13929
Performing five EM steps to prime main algorithm
1 (EM) 	Elapsed: 0.123	Loglikelihood: -1.08123e+06	(delta): 3.69873e+06
2 (EM) 	Elapsed: 0.123	Loglikelihood: -1.0052e+06	(delta): 76030.3
3 (EM) 	Elapsed: 0.123	Loglikelihood: -993218	(delta): 11983.1
4 (EM) 	Elapsed: 0.123	Loglikelihood: -986330	(delta): 6887.54
5 (EM) 	Elapsed: 0.12	Loglikelihood: -981047	(delta): 5283.01
Initial loglikelihood: -981047
Starting main algorithm
1 (QN/Block) 	Elapsed: 0.247	Loglikelihood: -779374	(delta): 201673
2 (QN/Block) 	Elapsed: 0.247	Loglikelihood: -689124	(delta): 90250.6
3 (QN/Block) 	Elapsed: 0.273	Loglikelihood: -656045	(delta): 33078.4
4 (QN/Block) 	Elapsed: 0.273	Loglikelihood: -638426	(delta): 17619.5
5 (QN/Block) 	Elapsed: 0.272	Loglikelihood: -629470	(delta): 8955.93
6 (QN/Block) 	Elapsed: 0.272	Loglikelihood: -625889	(delta): 3580.33
7 (QN/Block) 	Elapsed: 0.272	Loglikelihood: -625059	(delta): 830.456
8 (QN/Block) 	Elapsed: 0.284	Loglikelihood: -624973	(delta): 86.3574
9 (QN/Block) 	Elapsed: 0.297	Loglikelihood: -624960	(delta): 12.7826
10 (QN/Block) 	Elapsed: 0.284	Loglikelihood: -624955	(delta): 4.74927
11 (QN/Block) 	Elapsed: 0.297	Loglikelihood: -624954	(delta): 1.1507
12 (QN/Block) 	Elapsed: 0.272	Loglikelihood: -624952	(delta): 1.69509
13 (QN/Block) 	Elapsed: 0.309	Loglikelihood: -624952	(delta): 0.218433
14 (QN/Block) 	Elapsed: 0.309	Loglikelihood: -624952	(delta): 0.0382976
15 (QN/Block) 	Elapsed: 0.271	Loglikelihood: -624952	(delta): 0.0198326
16 (QN/Block) 	Elapsed: 0.271	Loglikelihood: -624952	(delta): 0.0043146
17 (QN/Block) 	Elapsed: 0.272	Loglikelihood: -624952	(delta): 0.000675582
18 (QN/Block) 	Elapsed: 0.271	Loglikelihood: -624952	(delta): 0.000498287
19 (QN/Block) 	Elapsed: 0.272	Loglikelihood: -624952	(delta): 6.78612e-05
Summary: 
Converged in 19 iterations (6.229 sec)
Loglikelihood: -624952.004337
Fst divergences between estimated populations: 
	Pop0	Pop1	Pop2	Pop3	
Pop0	
Pop1	0.453	
Pop2	0.465	0.364	
Pop3	0.230	0.341	0.352	
Pop4	0.400	0.405	0.420	0.278	
CV error (K=5): 0.14677
Writing output files.
