****                   ADMIXTURE Version 1.3.0                  ****
****                    Copyright 2008-2015                     ****
****           David Alexander, Suyash Shringarpure,            ****
****                John  Novembre, Ken Lange                   ****
****                                                            ****
****                 Please cite our paper!                     ****
****   Information at www.genetics.ucla.edu/software/admixture  ****

Cross-validation will be performed.  Folds=5.
Random seed: 10483
Point estimation method: Block relaxation algorithm
Convergence acceleration algorithm: QuasiNewton, 3 secant conditions
Point estimation will terminate when objective function delta < 0.0001
Estimation of standard errors disabled; will compute point estimates only.
Size of G: 260x13929
Performing five EM steps to prime main algorithm
1 (EM) 	Elapsed: 0.075	Loglikelihood: -1.06337e+06	(delta): 4.00593e+06
2 (EM) 	Elapsed: 0.075	Loglikelihood: -1.00551e+06	(delta): 57862.4
3 (EM) 	Elapsed: 0.075	Loglikelihood: -995294	(delta): 10214.7
4 (EM) 	Elapsed: 0.075	Loglikelihood: -989784	(delta): 5510.11
5 (EM) 	Elapsed: 0.075	Loglikelihood: -986304	(delta): 3480.13
Initial loglikelihood: -986304
Starting main algorithm
1 (QN/Block) 	Elapsed: 0.14	Loglikelihood: -862827	(delta): 123477
2 (QN/Block) 	Elapsed: 0.141	Loglikelihood: -809619	(delta): 53207.8
3 (QN/Block) 	Elapsed: 0.162	Loglikelihood: -789886	(delta): 19733.2
4 (QN/Block) 	Elapsed: 0.172	Loglikelihood: -776429	(delta): 13457.3
5 (QN/Block) 	Elapsed: 0.172	Loglikelihood: -763497	(delta): 12932
6 (QN/Block) 	Elapsed: 0.163	Loglikelihood: -759667	(delta): 3829.48
7 (QN/Block) 	Elapsed: 0.163	Loglikelihood: -759256	(delta): 411.267
8 (QN/Block) 	Elapsed: 0.163	Loglikelihood: -759174	(delta): 81.6632
9 (QN/Block) 	Elapsed: 0.163	Loglikelihood: -759156	(delta): 18.4486
10 (QN/Block) 	Elapsed: 0.163	Loglikelihood: -759152	(delta): 3.95346
11 (QN/Block) 	Elapsed: 0.194	Loglikelihood: -759152	(delta): 0.152688
12 (QN/Block) 	Elapsed: 0.162	Loglikelihood: -759152	(delta): 0.000192663
13 (QN/Block) 	Elapsed: 0.163	Loglikelihood: -759152	(delta): 5.15312e-06
Summary: 
Converged in 13 iterations (2.725 sec)
Loglikelihood: -759151.564425
Fst divergences between estimated populations: 
	Pop0	Pop1	
Pop0	
Pop1	0.323	
Pop2	0.372	0.340	
CV error (K=3): 0.17923
Writing output files.
