****                   ADMIXTURE Version 1.3.0                  ****
****                    Copyright 2008-2015                     ****
****           David Alexander, Suyash Shringarpure,            ****
****                John  Novembre, Ken Lange                   ****
****                                                            ****
****                 Please cite our paper!                     ****
****   Information at www.genetics.ucla.edu/software/admixture  ****

Cross-validation will be performed.  Folds=5.
Random seed: 10483
Point estimation method: Block relaxation algorithm
Convergence acceleration algorithm: QuasiNewton, 3 secant conditions
Point estimation will terminate when objective function delta < 0.0001
Estimation of standard errors disabled; will compute point estimates only.
Size of G: 260x13929
Performing five EM steps to prime main algorithm
1 (EM) 	Elapsed: 0.1	Loglikelihood: -1.07497e+06	(delta): 3.83728e+06
2 (EM) 	Elapsed: 0.099	Loglikelihood: -1.00422e+06	(delta): 70752.2
3 (EM) 	Elapsed: 0.099	Loglikelihood: -991910	(delta): 12310.2
4 (EM) 	Elapsed: 0.099	Loglikelihood: -984430	(delta): 7479.85
5 (EM) 	Elapsed: 0.1	Loglikelihood: -978628	(delta): 5802
Initial loglikelihood: -978628
Starting main algorithm
1 (QN/Block) 	Elapsed: 0.201	Loglikelihood: -782260	(delta): 196368
2 (QN/Block) 	Elapsed: 0.201	Loglikelihood: -712905	(delta): 69354.3
3 (QN/Block) 	Elapsed: 0.226	Loglikelihood: -682895	(delta): 30010.1
4 (QN/Block) 	Elapsed: 0.225	Loglikelihood: -665858	(delta): 17037.2
5 (QN/Block) 	Elapsed: 0.226	Loglikelihood: -656788	(delta): 9070.6
6 (QN/Block) 	Elapsed: 0.236	Loglikelihood: -654417	(delta): 2370.6
7 (QN/Block) 	Elapsed: 0.224	Loglikelihood: -654075	(delta): 341.528
8 (QN/Block) 	Elapsed: 0.26	Loglikelihood: -654013	(delta): 61.9305
9 (QN/Block) 	Elapsed: 0.26	Loglikelihood: -653976	(delta): 37.8633
10 (QN/Block) 	Elapsed: 0.221	Loglikelihood: -653957	(delta): 19.0378
11 (QN/Block) 	Elapsed: 0.216	Loglikelihood: -653954	(delta): 2.14014
12 (QN/Block) 	Elapsed: 0.228	Loglikelihood: -653954	(delta): 0.0271203
13 (QN/Block) 	Elapsed: 0.216	Loglikelihood: -653954	(delta): 0.00980934
14 (QN/Block) 	Elapsed: 0.216	Loglikelihood: -653954	(delta): 0.00480265
15 (QN/Block) 	Elapsed: 0.228	Loglikelihood: -653954	(delta): 0.00267768
16 (QN/Block) 	Elapsed: 0.228	Loglikelihood: -653954	(delta): 0.000779949
17 (QN/Block) 	Elapsed: 0.216	Loglikelihood: -653954	(delta): 0.00104343
18 (QN/Block) 	Elapsed: 0.252	Loglikelihood: -653954	(delta): 0.000163274
19 (QN/Block) 	Elapsed: 0.216	Loglikelihood: -653954	(delta): 0.000532574
20 (QN/Block) 	Elapsed: 0.228	Loglikelihood: -653954	(delta): 3.31309e-05
Summary: 
Converged in 20 iterations (5.366 sec)
Loglikelihood: -653954.381066
Fst divergences between estimated populations: 
	Pop0	Pop1	Pop2	
Pop0	
Pop1	0.365	
Pop2	0.361	0.368	
Pop3	0.406	0.416	0.290	
CV error (K=4): 0.15145
Writing output files.
