****                   ADMIXTURE Version 1.3.0                  ****
****                    Copyright 2008-2015                     ****
****           David Alexander, Suyash Shringarpure,            ****
****                John  Novembre, Ken Lange                   ****
****                                                            ****
****                 Please cite our paper!                     ****
****   Information at www.genetics.ucla.edu/software/admixture  ****

Cross-validation will be performed.  Folds=5.
Random seed: 10483
Point estimation method: Block relaxation algorithm
Convergence acceleration algorithm: QuasiNewton, 3 secant conditions
Point estimation will terminate when objective function delta < 0.0001
Estimation of standard errors disabled; will compute point estimates only.
Size of G: 260x13929
Performing five EM steps to prime main algorithm
1 (EM) 	Elapsed: 0.17	Loglikelihood: -1.08655e+06	(delta): 3.59576e+06
2 (EM) 	Elapsed: 0.17	Loglikelihood: -1.0036e+06	(delta): 82949.4
3 (EM) 	Elapsed: 0.169	Loglikelihood: -990973	(delta): 12622.3
4 (EM) 	Elapsed: 0.166	Loglikelihood: -983753	(delta): 7220.12
5 (EM) 	Elapsed: 0.166	Loglikelihood: -978094	(delta): 5659.73
Initial loglikelihood: -978094
Starting main algorithm
1 (QN/Block) 	Elapsed: 0.393	Loglikelihood: -768370	(delta): 209723
2 (QN/Block) 	Elapsed: 0.392	Loglikelihood: -662895	(delta): 105476
3 (QN/Block) 	Elapsed: 0.421	Loglikelihood: -630142	(delta): 32752.8
4 (QN/Block) 	Elapsed: 0.451	Loglikelihood: -611931	(delta): 18210.9
5 (QN/Block) 	Elapsed: 0.419	Loglikelihood: -604658	(delta): 7273.31
6 (QN/Block) 	Elapsed: 0.464	Loglikelihood: -601065	(delta): 3592.58
7 (QN/Block) 	Elapsed: 0.464	Loglikelihood: -599606	(delta): 1459.5
8 (QN/Block) 	Elapsed: 0.419	Loglikelihood: -599109	(delta): 496.975
9 (QN/Block) 	Elapsed: 0.419	Loglikelihood: -598963	(delta): 145.787
10 (QN/Block) 	Elapsed: 0.419	Loglikelihood: -598921	(delta): 42.2801
11 (QN/Block) 	Elapsed: 0.418	Loglikelihood: -598906	(delta): 15.057
12 (QN/Block) 	Elapsed: 0.464	Loglikelihood: -598900	(delta): 5.96738
13 (QN/Block) 	Elapsed: 0.418	Loglikelihood: -598898	(delta): 1.85898
14 (QN/Block) 	Elapsed: 0.434	Loglikelihood: -598896	(delta): 1.55833
15 (QN/Block) 	Elapsed: 0.418	Loglikelihood: -598896	(delta): 0.43221
16 (QN/Block) 	Elapsed: 0.462	Loglikelihood: -598895	(delta): 0.595715
17 (QN/Block) 	Elapsed: 0.462	Loglikelihood: -598893	(delta): 1.94852
18 (QN/Block) 	Elapsed: 0.462	Loglikelihood: -598893	(delta): 0.617465
19 (QN/Block) 	Elapsed: 0.462	Loglikelihood: -598893	(delta): 0.226204
20 (QN/Block) 	Elapsed: 0.433	Loglikelihood: -598892	(delta): 0.00818937
21 (QN/Block) 	Elapsed: 0.463	Loglikelihood: -598892	(delta): 0.0151976
22 (QN/Block) 	Elapsed: 0.462	Loglikelihood: -598892	(delta): 0.0926679
23 (QN/Block) 	Elapsed: 0.462	Loglikelihood: -598892	(delta): 0.150543
24 (QN/Block) 	Elapsed: 0.463	Loglikelihood: -598892	(delta): 0.396447
25 (QN/Block) 	Elapsed: 0.462	Loglikelihood: -598892	(delta): 0.0368068
26 (QN/Block) 	Elapsed: 0.418	Loglikelihood: -598892	(delta): 0.0065635
27 (QN/Block) 	Elapsed: 0.418	Loglikelihood: -598892	(delta): 0.000416631
28 (QN/Block) 	Elapsed: 0.418	Loglikelihood: -598892	(delta): 0.000768172
29 (QN/Block) 	Elapsed: 0.418	Loglikelihood: -598892	(delta): 0.000214743
30 (QN/Block) 	Elapsed: 0.462	Loglikelihood: -598892	(delta): 0.000991711
31 (QN/Block) 	Elapsed: 0.463	Loglikelihood: -598892	(delta): 0.00179048
32 (QN/Block) 	Elapsed: 0.463	Loglikelihood: -598892	(delta): 0.00427789
33 (QN/Block) 	Elapsed: 0.462	Loglikelihood: -598892	(delta): 0.00652449
34 (QN/Block) 	Elapsed: 0.463	Loglikelihood: -598892	(delta): 7.68586e-06
Summary: 
Converged in 34 iterations (16.472 sec)
Loglikelihood: -598891.779658
Fst divergences between estimated populations: 
	Pop0	Pop1	Pop2	Pop3	Pop4	Pop5	
Pop0	
Pop1	0.361	
Pop2	0.434	0.338	
Pop3	0.483	0.370	0.364	
Pop4	0.341	0.333	0.416	0.464	
Pop5	0.425	0.301	0.292	0.181	0.398	
Pop6	0.461	0.246	0.428	0.482	0.437	0.412	
CV error (K=7): 0.14553
Writing output files.
