****                   ADMIXTURE Version 1.3.0                  ****
****                    Copyright 2008-2015                     ****
****           David Alexander, Suyash Shringarpure,            ****
****                John  Novembre, Ken Lange                   ****
****                                                            ****
****                 Please cite our paper!                     ****
****   Information at www.genetics.ucla.edu/software/admixture  ****

Cross-validation will be performed.  Folds=5.
Random seed: 20887
Point estimation method: Block relaxation algorithm
Convergence acceleration algorithm: QuasiNewton, 3 secant conditions
Point estimation will terminate when objective function delta < 0.0001
Estimation of standard errors disabled; will compute point estimates only.
Size of G: 260x13929
Performing five EM steps to prime main algorithm
1 (EM) 	Elapsed: 0.123	Loglikelihood: -1.08166e+06	(delta): 3.7413e+06
2 (EM) 	Elapsed: 0.122	Loglikelihood: -1.00583e+06	(delta): 75831.6
3 (EM) 	Elapsed: 0.122	Loglikelihood: -993761	(delta): 12071.8
4 (EM) 	Elapsed: 0.122	Loglikelihood: -986930	(delta): 6831.13
5 (EM) 	Elapsed: 0.122	Loglikelihood: -981949	(delta): 4981.15
Initial loglikelihood: -981949
Starting main algorithm
1 (QN/Block) 	Elapsed: 0.253	Loglikelihood: -811191	(delta): 170758
2 (QN/Block) 	Elapsed: 0.25	Loglikelihood: -731321	(delta): 79869.8
3 (QN/Block) 	Elapsed: 0.274	Loglikelihood: -683393	(delta): 47927.9
4 (QN/Block) 	Elapsed: 0.274	Loglikelihood: -645524	(delta): 37868.7
5 (QN/Block) 	Elapsed: 0.272	Loglikelihood: -630543	(delta): 14981.6
6 (QN/Block) 	Elapsed: 0.285	Loglikelihood: -625830	(delta): 4713.32
7 (QN/Block) 	Elapsed: 0.31	Loglikelihood: -625122	(delta): 707.076
8 (QN/Block) 	Elapsed: 0.272	Loglikelihood: -624990	(delta): 132.182
9 (QN/Block) 	Elapsed: 0.272	Loglikelihood: -624959	(delta): 31.3951
10 (QN/Block) 	Elapsed: 0.272	Loglikelihood: -624952	(delta): 7.19877
11 (QN/Block) 	Elapsed: 0.31	Loglikelihood: -624951	(delta): 0.913818
12 (QN/Block) 	Elapsed: 0.312	Loglikelihood: -624951	(delta): 0.18427
13 (QN/Block) 	Elapsed: 0.309	Loglikelihood: -624950	(delta): 0.0829458
14 (QN/Block) 	Elapsed: 0.297	Loglikelihood: -624950	(delta): 0.0300761
15 (QN/Block) 	Elapsed: 0.272	Loglikelihood: -624950	(delta): 0.0060679
16 (QN/Block) 	Elapsed: 0.271	Loglikelihood: -624950	(delta): 0.0017487
17 (QN/Block) 	Elapsed: 0.272	Loglikelihood: -624950	(delta): 0.00120032
18 (QN/Block) 	Elapsed: 0.309	Loglikelihood: -624950	(delta): 0.000203289
19 (QN/Block) 	Elapsed: 0.271	Loglikelihood: -624950	(delta): 0.000128945
20 (QN/Block) 	Elapsed: 0.271	Loglikelihood: -624950	(delta): 6.66304e-05
Summary: 
Converged in 20 iterations (6.608 sec)
Loglikelihood: -624950.430189
Fst divergences between estimated populations: 
	Pop0	Pop1	Pop2	Pop3	
Pop0	
Pop1	0.278	
Pop2	0.405	0.341	
Pop3	0.400	0.230	0.453	
Pop4	0.420	0.352	0.364	0.465	
CV error (K=5): 0.14706
Writing output files.
