****                   ADMIXTURE Version 1.3.0                  ****
****                    Copyright 2008-2015                     ****
****           David Alexander, Suyash Shringarpure,            ****
****                John  Novembre, Ken Lange                   ****
****                                                            ****
****                 Please cite our paper!                     ****
****   Information at www.genetics.ucla.edu/software/admixture  ****

Cross-validation will be performed.  Folds=5.
Random seed: 20887
Point estimation method: Block relaxation algorithm
Convergence acceleration algorithm: QuasiNewton, 3 secant conditions
Point estimation will terminate when objective function delta < 0.0001
Estimation of standard errors disabled; will compute point estimates only.
Size of G: 260x13929
Performing five EM steps to prime main algorithm
1 (EM) 	Elapsed: 0.167	Loglikelihood: -1.08461e+06	(delta): 3.61967e+06
2 (EM) 	Elapsed: 0.166	Loglikelihood: -1.00278e+06	(delta): 81833.2
3 (EM) 	Elapsed: 0.166	Loglikelihood: -990184	(delta): 12591.1
4 (EM) 	Elapsed: 0.166	Loglikelihood: -982801	(delta): 7383.05
5 (EM) 	Elapsed: 0.166	Loglikelihood: -977006	(delta): 5795.14
Initial loglikelihood: -977006
Starting main algorithm
1 (QN/Block) 	Elapsed: 0.392	Loglikelihood: -761390	(delta): 215616
2 (QN/Block) 	Elapsed: 0.391	Loglikelihood: -682712	(delta): 78678.1
3 (QN/Block) 	Elapsed: 0.436	Loglikelihood: -644515	(delta): 38196.4
4 (QN/Block) 	Elapsed: 0.421	Loglikelihood: -619636	(delta): 24879.2
5 (QN/Block) 	Elapsed: 0.464	Loglikelihood: -607246	(delta): 12390.2
6 (QN/Block) 	Elapsed: 0.448	Loglikelihood: -601293	(delta): 5953.19
7 (QN/Block) 	Elapsed: 0.463	Loglikelihood: -599472	(delta): 1820.6
8 (QN/Block) 	Elapsed: 0.463	Loglikelihood: -599047	(delta): 424.587
9 (QN/Block) 	Elapsed: 0.418	Loglikelihood: -598919	(delta): 128.674
10 (QN/Block) 	Elapsed: 0.418	Loglikelihood: -598883	(delta): 36.134
11 (QN/Block) 	Elapsed: 0.418	Loglikelihood: -598876	(delta): 7.10483
12 (QN/Block) 	Elapsed: 0.419	Loglikelihood: -598871	(delta): 4.32946
13 (QN/Block) 	Elapsed: 0.418	Loglikelihood: -598867	(delta): 4.3691
14 (QN/Block) 	Elapsed: 0.448	Loglikelihood: -598866	(delta): 1.27357
15 (QN/Block) 	Elapsed: 0.462	Loglikelihood: -598865	(delta): 0.100836
16 (QN/Block) 	Elapsed: 0.463	Loglikelihood: -598865	(delta): 0.0159991
17 (QN/Block) 	Elapsed: 0.418	Loglikelihood: -598865	(delta): 0.0104398
18 (QN/Block) 	Elapsed: 0.463	Loglikelihood: -598865	(delta): 0.00543881
19 (QN/Block) 	Elapsed: 0.462	Loglikelihood: -598865	(delta): 0.04536
20 (QN/Block) 	Elapsed: 0.418	Loglikelihood: -598865	(delta): 0.0260379
21 (QN/Block) 	Elapsed: 0.418	Loglikelihood: -598865	(delta): 0.0160413
22 (QN/Block) 	Elapsed: 0.418	Loglikelihood: -598865	(delta): 0.00177685
23 (QN/Block) 	Elapsed: 0.418	Loglikelihood: -598865	(delta): 0.000419822
24 (QN/Block) 	Elapsed: 0.42	Loglikelihood: -598865	(delta): 0.000179731
25 (QN/Block) 	Elapsed: 0.418	Loglikelihood: -598865	(delta): 1.98587e-05
Summary: 
Converged in 25 iterations (12.128 sec)
Loglikelihood: -598865.376630
Fst divergences between estimated populations: 
	Pop0	Pop1	Pop2	Pop3	Pop4	Pop5	
Pop0	
Pop1	0.402	
Pop2	0.267	0.397	
Pop3	0.424	0.343	0.423	
Pop4	0.320	0.340	0.303	0.362	
Pop5	0.343	0.461	0.174	0.482	0.371	
Pop6	0.415	0.441	0.410	0.461	0.248	0.480	
CV error (K=7): 0.14584
Writing output files.
