****                   ADMIXTURE Version 1.3.0                  ****
****                    Copyright 2008-2015                     ****
****           David Alexander, Suyash Shringarpure,            ****
****                John  Novembre, Ken Lange                   ****
****                                                            ****
****                 Please cite our paper!                     ****
****   Information at www.genetics.ucla.edu/software/admixture  ****

Cross-validation will be performed.  Folds=5.
Random seed: 20887
Point estimation method: Block relaxation algorithm
Convergence acceleration algorithm: QuasiNewton, 3 secant conditions
Point estimation will terminate when objective function delta < 0.0001
Estimation of standard errors disabled; will compute point estimates only.
Size of G: 260x13929
Performing five EM steps to prime main algorithm
1 (EM) 	Elapsed: 0.1	Loglikelihood: -1.07399e+06	(delta): 3.87281e+06
2 (EM) 	Elapsed: 0.099	Loglikelihood: -1.0055e+06	(delta): 68487.6
3 (EM) 	Elapsed: 0.099	Loglikelihood: -993369	(delta): 12130.3
4 (EM) 	Elapsed: 0.099	Loglikelihood: -986468	(delta): 6900.81
5 (EM) 	Elapsed: 0.099	Loglikelihood: -981846	(delta): 4621.85
Initial loglikelihood: -981846
Starting main algorithm
1 (QN/Block) 	Elapsed: 0.197	Loglikelihood: -845482	(delta): 136364
2 (QN/Block) 	Elapsed: 0.192	Loglikelihood: -773950	(delta): 71531.8
3 (QN/Block) 	Elapsed: 0.217	Loglikelihood: -743381	(delta): 30569.7
4 (QN/Block) 	Elapsed: 0.229	Loglikelihood: -706886	(delta): 36494.4
5 (QN/Block) 	Elapsed: 0.24	Loglikelihood: -666429	(delta): 40456.8
6 (QN/Block) 	Elapsed: 0.252	Loglikelihood: -657649	(delta): 8780.35
7 (QN/Block) 	Elapsed: 0.216	Loglikelihood: -655247	(delta): 2401.54
8 (QN/Block) 	Elapsed: 0.216	Loglikelihood: -654345	(delta): 902.035
9 (QN/Block) 	Elapsed: 0.216	Loglikelihood: -654042	(delta): 303.019
10 (QN/Block) 	Elapsed: 0.228	Loglikelihood: -653964	(delta): 78.6543
11 (QN/Block) 	Elapsed: 0.252	Loglikelihood: -653954	(delta): 9.42945
12 (QN/Block) 	Elapsed: 0.252	Loglikelihood: -653954	(delta): 0.165797
13 (QN/Block) 	Elapsed: 0.228	Loglikelihood: -653954	(delta): 0.0027649
14 (QN/Block) 	Elapsed: 0.24	Loglikelihood: -653954	(delta): 0.00118701
15 (QN/Block) 	Elapsed: 0.216	Loglikelihood: -653954	(delta): 0.000230926
16 (QN/Block) 	Elapsed: 0.228	Loglikelihood: -653954	(delta): 0.000180475
17 (QN/Block) 	Elapsed: 0.228	Loglikelihood: -653954	(delta): 0.000351651
18 (QN/Block) 	Elapsed: 0.216	Loglikelihood: -653954	(delta): 0.00126603
19 (QN/Block) 	Elapsed: 0.216	Loglikelihood: -653954	(delta): 0.00109729
20 (QN/Block) 	Elapsed: 0.251	Loglikelihood: -653954	(delta): 0.000649699
21 (QN/Block) 	Elapsed: 0.216	Loglikelihood: -653954	(delta): 7.66491e-05
Summary: 
Converged in 21 iterations (5.601 sec)
Loglikelihood: -653954.152215
Fst divergences between estimated populations: 
	Pop0	Pop1	Pop2	
Pop0	
Pop1	0.361	
Pop2	0.290	0.406	
Pop3	0.368	0.365	0.416	
CV error (K=4): 0.15146
Writing output files.
