****                   ADMIXTURE Version 1.3.0                  ****
****                    Copyright 2008-2015                     ****
****           David Alexander, Suyash Shringarpure,            ****
****                John  Novembre, Ken Lange                   ****
****                                                            ****
****                 Please cite our paper!                     ****
****   Information at www.genetics.ucla.edu/software/admixture  ****

Cross-validation will be performed.  Folds=5.
Random seed: 20887
Point estimation method: Block relaxation algorithm
Convergence acceleration algorithm: QuasiNewton, 3 secant conditions
Point estimation will terminate when objective function delta < 0.0001
Estimation of standard errors disabled; will compute point estimates only.
Size of G: 260x13929
Performing five EM steps to prime main algorithm
1 (EM) 	Elapsed: 0.079	Loglikelihood: -1.0662e+06	(delta): 4.0534e+06
2 (EM) 	Elapsed: 0.078	Loglikelihood: -1.00484e+06	(delta): 61365.8
3 (EM) 	Elapsed: 0.078	Loglikelihood: -994054	(delta): 10784.5
4 (EM) 	Elapsed: 0.078	Loglikelihood: -988026	(delta): 6028.13
5 (EM) 	Elapsed: 0.078	Loglikelihood: -984076	(delta): 3949.88
Initial loglikelihood: -984076
Starting main algorithm
1 (QN/Block) 	Elapsed: 0.143	Loglikelihood: -835548	(delta): 148527
2 (QN/Block) 	Elapsed: 0.143	Loglikelihood: -779962	(delta): 55586.8
3 (QN/Block) 	Elapsed: 0.165	Loglikelihood: -752266	(delta): 27696.1
4 (QN/Block) 	Elapsed: 0.165	Loglikelihood: -735781	(delta): 16484.2
5 (QN/Block) 	Elapsed: 0.165	Loglikelihood: -726251	(delta): 9529.91
6 (QN/Block) 	Elapsed: 0.163	Loglikelihood: -722990	(delta): 3261
7 (QN/Block) 	Elapsed: 0.194	Loglikelihood: -722773	(delta): 217.606
8 (QN/Block) 	Elapsed: 0.163	Loglikelihood: -722752	(delta): 21.2581
9 (QN/Block) 	Elapsed: 0.163	Loglikelihood: -722743	(delta): 8.27795
10 (QN/Block) 	Elapsed: 0.194	Loglikelihood: -722740	(delta): 3.05449
11 (QN/Block) 	Elapsed: 0.194	Loglikelihood: -722740	(delta): 0.0410163
12 (QN/Block) 	Elapsed: 0.194	Loglikelihood: -722740	(delta): 6.33881e-07
Summary: 
Converged in 12 iterations (2.656 sec)
Loglikelihood: -722740.230427
Fst divergences between estimated populations: 
	Pop0	Pop1	
Pop0	
Pop1	0.284	
Pop2	0.290	0.332	
CV error (K=3): 0.17010
Writing output files.
