****                   ADMIXTURE Version 1.3.0                  ****
****                    Copyright 2008-2015                     ****
****           David Alexander, Suyash Shringarpure,            ****
****                John  Novembre, Ken Lange                   ****
****                                                            ****
****                 Please cite our paper!                     ****
****   Information at www.genetics.ucla.edu/software/admixture  ****

Cross-validation will be performed.  Folds=5.
Random seed: 20887
Point estimation method: Block relaxation algorithm
Convergence acceleration algorithm: QuasiNewton, 3 secant conditions
Point estimation will terminate when objective function delta < 0.0001
Estimation of standard errors disabled; will compute point estimates only.
Size of G: 260x13929
Performing five EM steps to prime main algorithm
1 (EM) 	Elapsed: 0.193	Loglikelihood: -1.08571e+06	(delta): 3.58415e+06
2 (EM) 	Elapsed: 0.192	Loglikelihood: -1.00184e+06	(delta): 83874.8
3 (EM) 	Elapsed: 0.192	Loglikelihood: -989191	(delta): 12647
4 (EM) 	Elapsed: 0.192	Loglikelihood: -981674	(delta): 7516.19
5 (EM) 	Elapsed: 0.192	Loglikelihood: -975695	(delta): 5978.98
Initial loglikelihood: -975695
Starting main algorithm
1 (QN/Block) 	Elapsed: 0.489	Loglikelihood: -727039	(delta): 248656
2 (QN/Block) 	Elapsed: 0.486	Loglikelihood: -656096	(delta): 70943.6
3 (QN/Block) 	Elapsed: 0.518	Loglikelihood: -632603	(delta): 23493
4 (QN/Block) 	Elapsed: 0.562	Loglikelihood: -615895	(delta): 16708.1
5 (QN/Block) 	Elapsed: 0.508	Loglikelihood: -607752	(delta): 8142.64
6 (QN/Block) 	Elapsed: 0.557	Loglikelihood: -602685	(delta): 5066.86
7 (QN/Block) 	Elapsed: 0.508	Loglikelihood: -599289	(delta): 3395.66
8 (QN/Block) 	Elapsed: 0.541	Loglikelihood: -597238	(delta): 2051.77
9 (QN/Block) 	Elapsed: 0.523	Loglikelihood: -596147	(delta): 1090.96
10 (QN/Block) 	Elapsed: 0.556	Loglikelihood: -595825	(delta): 321.362
11 (QN/Block) 	Elapsed: 0.556	Loglikelihood: -595720	(delta): 104.875
12 (QN/Block) 	Elapsed: 0.555	Loglikelihood: -595677	(delta): 43.2522
13 (QN/Block) 	Elapsed: 0.507	Loglikelihood: -595659	(delta): 17.7954
14 (QN/Block) 	Elapsed: 0.506	Loglikelihood: -595648	(delta): 11.14
15 (QN/Block) 	Elapsed: 0.507	Loglikelihood: -595641	(delta): 7.76525
16 (QN/Block) 	Elapsed: 0.522	Loglikelihood: -595639	(delta): 1.86391
17 (QN/Block) 	Elapsed: 0.554	Loglikelihood: -595638	(delta): 1.07632
18 (QN/Block) 	Elapsed: 0.556	Loglikelihood: -595638	(delta): 0.0216803
19 (QN/Block) 	Elapsed: 0.506	Loglikelihood: -595638	(delta): 0.000710098
20 (QN/Block) 	Elapsed: 0.523	Loglikelihood: -595638	(delta): 0.000924675
21 (QN/Block) 	Elapsed: 0.506	Loglikelihood: -595638	(delta): 0.000108869
22 (QN/Block) 	Elapsed: 0.508	Loglikelihood: -595638	(delta): 5.70517e-06
Summary: 
Converged in 22 iterations (13.012 sec)
Loglikelihood: -595637.558913
Fst divergences between estimated populations: 
	Pop0	Pop1	Pop2	Pop3	Pop4	Pop5	Pop6	
Pop0	
Pop1	0.049	
Pop2	0.436	0.434	
Pop3	0.431	0.428	0.306	
Pop4	0.465	0.464	0.430	0.414	
Pop5	0.370	0.369	0.349	0.316	0.247	
Pop6	0.487	0.484	0.369	0.182	0.479	0.378	
Pop7	0.349	0.348	0.408	0.403	0.440	0.344	0.462	
CV error (K=8): 0.14783
Writing output files.
