****                   ADMIXTURE Version 1.3.0                  ****
****                    Copyright 2008-2015                     ****
****           David Alexander, Suyash Shringarpure,            ****
****                John  Novembre, Ken Lange                   ****
****                                                            ****
****                 Please cite our paper!                     ****
****   Information at www.genetics.ucla.edu/software/admixture  ****

Cross-validation will be performed.  Folds=5.
Random seed: 20887
Point estimation method: Block relaxation algorithm
Convergence acceleration algorithm: QuasiNewton, 3 secant conditions
Point estimation will terminate when objective function delta < 0.0001
Estimation of standard errors disabled; will compute point estimates only.
Size of G: 260x13929
Performing five EM steps to prime main algorithm
1 (EM) 	Elapsed: 0.217	Loglikelihood: -1.08553e+06	(delta): 3.54855e+06
2 (EM) 	Elapsed: 0.215	Loglikelihood: -999989	(delta): 85540
3 (EM) 	Elapsed: 0.215	Loglikelihood: -986538	(delta): 13451.1
4 (EM) 	Elapsed: 0.216	Loglikelihood: -978389	(delta): 8148.86
5 (EM) 	Elapsed: 0.215	Loglikelihood: -971599	(delta): 6790.39
Initial loglikelihood: -971599
Starting main algorithm
1 (QN/Block) 	Elapsed: 0.579	Loglikelihood: -720894	(delta): 250705
2 (QN/Block) 	Elapsed: 0.576	Loglikelihood: -653209	(delta): 67684.7
3 (QN/Block) 	Elapsed: 0.609	Loglikelihood: -625797	(delta): 27412.4
4 (QN/Block) 	Elapsed: 0.628	Loglikelihood: -606006	(delta): 19790.6
5 (QN/Block) 	Elapsed: 0.656	Loglikelihood: -597958	(delta): 8048.36
6 (QN/Block) 	Elapsed: 0.607	Loglikelihood: -594975	(delta): 2982.45
7 (QN/Block) 	Elapsed: 0.603	Loglikelihood: -594038	(delta): 937.626
8 (QN/Block) 	Elapsed: 0.604	Loglikelihood: -593727	(delta): 310.365
9 (QN/Block) 	Elapsed: 0.606	Loglikelihood: -593611	(delta): 116.61
10 (QN/Block) 	Elapsed: 0.603	Loglikelihood: -593532	(delta): 78.7478
11 (QN/Block) 	Elapsed: 0.656	Loglikelihood: -593484	(delta): 48.2877
12 (QN/Block) 	Elapsed: 0.604	Loglikelihood: -593461	(delta): 22.7573
13 (QN/Block) 	Elapsed: 0.655	Loglikelihood: -593392	(delta): 68.7752
14 (QN/Block) 	Elapsed: 0.603	Loglikelihood: -593376	(delta): 16.4972
15 (QN/Block) 	Elapsed: 0.605	Loglikelihood: -593363	(delta): 12.1258
16 (QN/Block) 	Elapsed: 0.604	Loglikelihood: -593357	(delta): 6.18974
17 (QN/Block) 	Elapsed: 0.622	Loglikelihood: -593356	(delta): 1.69677
18 (QN/Block) 	Elapsed: 0.603	Loglikelihood: -593355	(delta): 0.106042
19 (QN/Block) 	Elapsed: 0.602	Loglikelihood: -593355	(delta): 0.0139319
20 (QN/Block) 	Elapsed: 0.604	Loglikelihood: -593355	(delta): 0.00222432
21 (QN/Block) 	Elapsed: 0.603	Loglikelihood: -593355	(delta): 6.64644e-05
Summary: 
Converged in 21 iterations (14.426 sec)
Loglikelihood: -593355.454955
Fst divergences between estimated populations: 
	Pop0	Pop1	Pop2	Pop3	Pop4	Pop5	Pop6	Pop7	
Pop0	
Pop1	0.411	
Pop2	0.433	0.467	
Pop3	0.393	0.351	0.443	
Pop4	0.433	0.468	0.067	0.442	
Pop5	0.445	0.483	0.399	0.455	0.399	
Pop6	0.117	0.422	0.435	0.401	0.434	0.452	
Pop7	0.363	0.314	0.408	0.297	0.407	0.421	0.372	
Pop8	0.403	0.444	0.355	0.421	0.354	0.137	0.409	0.383	
CV error (K=9): 0.15140
Writing output files.
