****                   ADMIXTURE Version 1.3.0                  ****
****                    Copyright 2008-2015                     ****
****           David Alexander, Suyash Shringarpure,            ****
****                John  Novembre, Ken Lange                   ****
****                                                            ****
****                 Please cite our paper!                     ****
****   Information at www.genetics.ucla.edu/software/admixture  ****

Cross-validation will be performed.  Folds=5.
Random seed: 20887
Point estimation method: Block relaxation algorithm
Convergence acceleration algorithm: QuasiNewton, 3 secant conditions
Point estimation will terminate when objective function delta < 0.0001
Estimation of standard errors disabled; will compute point estimates only.
Size of G: 260x13929
Performing five EM steps to prime main algorithm
1 (EM) 	Elapsed: 0.147	Loglikelihood: -1.08401e+06	(delta): 3.68317e+06
2 (EM) 	Elapsed: 0.142	Loglikelihood: -1.00534e+06	(delta): 78672.6
3 (EM) 	Elapsed: 0.143	Loglikelihood: -992734	(delta): 12603.9
4 (EM) 	Elapsed: 0.142	Loglikelihood: -985481	(delta): 7252.38
5 (EM) 	Elapsed: 0.142	Loglikelihood: -980023	(delta): 5458.76
Initial loglikelihood: -980023
Starting main algorithm
1 (QN/Block) 	Elapsed: 0.316	Loglikelihood: -772769	(delta): 207254
2 (QN/Block) 	Elapsed: 0.316	Loglikelihood: -688814	(delta): 83954.3
3 (QN/Block) 	Elapsed: 0.348	Loglikelihood: -651754	(delta): 37060
4 (QN/Block) 	Elapsed: 0.345	Loglikelihood: -627847	(delta): 23907.2
5 (QN/Block) 	Elapsed: 0.344	Loglikelihood: -618349	(delta): 9498.1
6 (QN/Block) 	Elapsed: 0.343	Loglikelihood: -615284	(delta): 3065.11
7 (QN/Block) 	Elapsed: 0.386	Loglikelihood: -614515	(delta): 768.675
8 (QN/Block) 	Elapsed: 0.343	Loglikelihood: -614376	(delta): 138.834
9 (QN/Block) 	Elapsed: 0.343	Loglikelihood: -614359	(delta): 17.3981
10 (QN/Block) 	Elapsed: 0.343	Loglikelihood: -614356	(delta): 3.18824
11 (QN/Block) 	Elapsed: 0.343	Loglikelihood: -614355	(delta): 0.617152
12 (QN/Block) 	Elapsed: 0.344	Loglikelihood: -614354	(delta): 1.1
13 (QN/Block) 	Elapsed: 0.383	Loglikelihood: -614354	(delta): 0.237736
14 (QN/Block) 	Elapsed: 0.385	Loglikelihood: -614354	(delta): 0.0541397
15 (QN/Block) 	Elapsed: 0.383	Loglikelihood: -614354	(delta): 0.0127247
16 (QN/Block) 	Elapsed: 0.382	Loglikelihood: -614354	(delta): 0.00835593
17 (QN/Block) 	Elapsed: 0.384	Loglikelihood: -614354	(delta): 0.00676733
18 (QN/Block) 	Elapsed: 0.383	Loglikelihood: -614354	(delta): 0.00186688
19 (QN/Block) 	Elapsed: 0.383	Loglikelihood: -614354	(delta): 0.00162845
20 (QN/Block) 	Elapsed: 0.384	Loglikelihood: -614354	(delta): 0.00184858
21 (QN/Block) 	Elapsed: 0.357	Loglikelihood: -614354	(delta): 0.00397916
22 (QN/Block) 	Elapsed: 0.343	Loglikelihood: -614354	(delta): 0.0141776
23 (QN/Block) 	Elapsed: 0.342	Loglikelihood: -614354	(delta): 0.0178674
24 (QN/Block) 	Elapsed: 0.342	Loglikelihood: -614354	(delta): 0.0269996
25 (QN/Block) 	Elapsed: 0.383	Loglikelihood: -614354	(delta): 0.0243469
26 (QN/Block) 	Elapsed: 0.355	Loglikelihood: -614350	(delta): 3.56708
27 (QN/Block) 	Elapsed: 0.343	Loglikelihood: -614350	(delta): 0.229826
28 (QN/Block) 	Elapsed: 0.343	Loglikelihood: -614350	(delta): 0.0109301
29 (QN/Block) 	Elapsed: 0.341	Loglikelihood: -614350	(delta): 0.00169512
30 (QN/Block) 	Elapsed: 0.384	Loglikelihood: -614350	(delta): 5.59136e-05
Summary: 
Converged in 30 iterations (11.966 sec)
Loglikelihood: -614349.925673
Fst divergences between estimated populations: 
	Pop0	Pop1	Pop2	Pop3	Pop4	
Pop0	
Pop1	0.423	
Pop2	0.363	0.406	
Pop3	0.396	0.335	0.382	
Pop4	0.440	0.382	0.430	0.290	
Pop5	0.467	0.402	0.452	0.302	0.351	
CV error (K=6): 0.14751
Writing output files.
